[2025-03-21T12:57:33.382+0000] {taskinstance.py:1157} INFO - Dependencies all met for dep_context=non-requeueable deps ti=<TaskInstance: transactions_pipeline.detect_fraud_batch_20250320_135205 scheduled__2025-03-21T12:51:37.951160+00:00 [queued]>
[2025-03-21T12:57:33.396+0000] {taskinstance.py:1157} INFO - Dependencies all met for dep_context=requeueable deps ti=<TaskInstance: transactions_pipeline.detect_fraud_batch_20250320_135205 scheduled__2025-03-21T12:51:37.951160+00:00 [queued]>
[2025-03-21T12:57:33.397+0000] {taskinstance.py:1359} INFO - Starting attempt 1 of 1
[2025-03-21T12:57:33.421+0000] {taskinstance.py:1380} INFO - Executing <Task(BashOperator): detect_fraud_batch_20250320_135205> on 2025-03-21 12:51:37.951160+00:00
[2025-03-21T12:57:33.431+0000] {standard_task_runner.py:57} INFO - Started process 1125 to run task
[2025-03-21T12:57:33.439+0000] {standard_task_runner.py:84} INFO - Running: ['***', 'tasks', 'run', 'transactions_pipeline', 'detect_fraud_batch_20250320_135205', 'scheduled__2025-03-21T12:51:37.951160+00:00', '--job-id', '555', '--raw', '--subdir', 'DAGS_FOLDER/fraud_detection_pipeline.py', '--cfg-path', '/tmp/tmpc67smkw2']
[2025-03-21T12:57:33.447+0000] {standard_task_runner.py:85} INFO - Job 555: Subtask detect_fraud_batch_20250320_135205
[2025-03-21T12:57:33.561+0000] {task_command.py:415} INFO - Running <TaskInstance: transactions_pipeline.detect_fraud_batch_20250320_135205 scheduled__2025-03-21T12:51:37.951160+00:00 [running]> on host 1b7c3466167a
[2025-03-21T12:57:33.727+0000] {taskinstance.py:1660} INFO - Exporting env vars: AIRFLOW_CTX_DAG_EMAIL='rabiizahnoune7@gmail.com' AIRFLOW_CTX_DAG_OWNER='***' AIRFLOW_CTX_DAG_ID='transactions_pipeline' AIRFLOW_CTX_TASK_ID='detect_fraud_batch_20250320_135205' AIRFLOW_CTX_EXECUTION_DATE='2025-03-21T12:51:37.951160+00:00' AIRFLOW_CTX_TRY_NUMBER='1' AIRFLOW_CTX_DAG_RUN_ID='scheduled__2025-03-21T12:51:37.951160+00:00'
[2025-03-21T12:57:33.729+0000] {subprocess.py:63} INFO - Tmp dir root location: /tmp
[2025-03-21T12:57:33.730+0000] {subprocess.py:75} INFO - Running command: ['/bin/bash', '-c', '\n            docker exec hive spark-submit --master spark://localhost:7077 /hive/scripts/detect_fraud.py "batch_20250320_135205"\n            ']
[2025-03-21T12:57:33.754+0000] {subprocess.py:86} INFO - Output:
[2025-03-21T12:57:40.762+0000] {subprocess.py:93} INFO - 25/03/21 12:57:40 INFO SparkContext: Running Spark version 3.5.0
[2025-03-21T12:57:40.771+0000] {subprocess.py:93} INFO - 25/03/21 12:57:40 INFO SparkContext: OS info Linux, 5.15.167.4-microsoft-standard-WSL2, amd64
[2025-03-21T12:57:40.773+0000] {subprocess.py:93} INFO - 25/03/21 12:57:40 INFO SparkContext: Java version 1.8.0_342
[2025-03-21T12:57:41.058+0000] {subprocess.py:93} INFO - 25/03/21 12:57:41 WARN NativeCodeLoader: Unable to load native-hadoop library for your platform... using builtin-java classes where applicable
[2025-03-21T12:57:41.541+0000] {subprocess.py:93} INFO - 25/03/21 12:57:41 INFO ResourceUtils: ==============================================================
[2025-03-21T12:57:41.543+0000] {subprocess.py:93} INFO - 25/03/21 12:57:41 INFO ResourceUtils: No custom resources configured for spark.driver.
[2025-03-21T12:57:41.543+0000] {subprocess.py:93} INFO - 25/03/21 12:57:41 INFO ResourceUtils: ==============================================================
[2025-03-21T12:57:41.544+0000] {subprocess.py:93} INFO - 25/03/21 12:57:41 INFO SparkContext: Submitted application: FraudDetection
[2025-03-21T12:57:41.654+0000] {subprocess.py:93} INFO - 25/03/21 12:57:41 INFO ResourceProfile: Default ResourceProfile created, executor resources: Map(memory -> name: memory, amount: 1024, script: , vendor: , offHeap -> name: offHeap, amount: 0, script: , vendor: ), task resources: Map(cpus -> name: cpus, amount: 1.0)
[2025-03-21T12:57:41.751+0000] {subprocess.py:93} INFO - 25/03/21 12:57:41 INFO ResourceProfile: Limiting resource is cpu
[2025-03-21T12:57:41.754+0000] {subprocess.py:93} INFO - 25/03/21 12:57:41 INFO ResourceProfileManager: Added ResourceProfile id: 0
[2025-03-21T12:57:41.948+0000] {subprocess.py:93} INFO - 25/03/21 12:57:41 INFO SecurityManager: Changing view acls to: root
[2025-03-21T12:57:41.949+0000] {subprocess.py:93} INFO - 25/03/21 12:57:41 INFO SecurityManager: Changing modify acls to: root
[2025-03-21T12:57:41.950+0000] {subprocess.py:93} INFO - 25/03/21 12:57:41 INFO SecurityManager: Changing view acls groups to:
[2025-03-21T12:57:41.957+0000] {subprocess.py:93} INFO - 25/03/21 12:57:41 INFO SecurityManager: Changing modify acls groups to:
[2025-03-21T12:57:41.961+0000] {subprocess.py:93} INFO - 25/03/21 12:57:41 INFO SecurityManager: SecurityManager: authentication disabled; ui acls disabled; users with view permissions: root; groups with view permissions: EMPTY; users with modify permissions: root; groups with modify permissions: EMPTY
[2025-03-21T12:57:43.269+0000] {subprocess.py:93} INFO - 25/03/21 12:57:43 INFO Utils: Successfully started service 'sparkDriver' on port 44309.
[2025-03-21T12:57:43.388+0000] {subprocess.py:93} INFO - 25/03/21 12:57:43 INFO SparkEnv: Registering MapOutputTracker
[2025-03-21T12:57:43.656+0000] {subprocess.py:93} INFO - 25/03/21 12:57:43 INFO SparkEnv: Registering BlockManagerMaster
[2025-03-21T12:57:43.756+0000] {subprocess.py:93} INFO - 25/03/21 12:57:43 INFO BlockManagerMasterEndpoint: Using org.apache.spark.storage.DefaultTopologyMapper for getting topology information
[2025-03-21T12:57:43.760+0000] {subprocess.py:93} INFO - 25/03/21 12:57:43 INFO BlockManagerMasterEndpoint: BlockManagerMasterEndpoint up
[2025-03-21T12:57:43.787+0000] {subprocess.py:93} INFO - 25/03/21 12:57:43 INFO SparkEnv: Registering BlockManagerMasterHeartbeat
[2025-03-21T12:57:44.146+0000] {subprocess.py:93} INFO - 25/03/21 12:57:44 INFO DiskBlockManager: Created local directory at /tmp/blockmgr-e7224e89-bf21-490f-8771-2dcfbfaad874
[2025-03-21T12:57:44.194+0000] {subprocess.py:93} INFO - 25/03/21 12:57:44 INFO MemoryStore: MemoryStore started with capacity 366.3 MiB
[2025-03-21T12:57:44.278+0000] {subprocess.py:93} INFO - 25/03/21 12:57:44 INFO SparkEnv: Registering OutputCommitCoordinator
[2025-03-21T12:57:45.084+0000] {subprocess.py:93} INFO - 25/03/21 12:57:45 INFO JettyUtils: Start Jetty 0.0.0.0:4040 for SparkUI
[2025-03-21T12:57:45.379+0000] {subprocess.py:93} INFO - 25/03/21 12:57:45 WARN Utils: Service 'SparkUI' could not bind on port 4040. Attempting port 4041.
[2025-03-21T12:57:45.449+0000] {subprocess.py:93} INFO - 25/03/21 12:57:45 INFO Utils: Successfully started service 'SparkUI' on port 4041.
[2025-03-21T12:57:46.158+0000] {subprocess.py:93} INFO - 25/03/21 12:57:46 INFO StandaloneAppClient$ClientEndpoint: Connecting to master spark://localhost:7077...
[2025-03-21T12:57:46.403+0000] {subprocess.py:93} INFO - 25/03/21 12:57:46 INFO TransportClientFactory: Successfully created connection to localhost/127.0.0.1:7077 after 142 ms (0 ms spent in bootstraps)
[2025-03-21T12:57:47.245+0000] {subprocess.py:93} INFO - 25/03/21 12:57:47 INFO StandaloneSchedulerBackend: Connected to Spark cluster with app ID app-20250321125747-0001
[2025-03-21T12:57:47.341+0000] {subprocess.py:93} INFO - 25/03/21 12:57:47 INFO Utils: Successfully started service 'org.apache.spark.network.netty.NettyBlockTransferService' on port 39315.
[2025-03-21T12:57:47.344+0000] {subprocess.py:93} INFO - 25/03/21 12:57:47 INFO NettyBlockTransferService: Server created on e3006a54eed1:39315
[2025-03-21T12:57:47.347+0000] {subprocess.py:93} INFO - 25/03/21 12:57:47 INFO BlockManager: Using org.apache.spark.storage.RandomBlockReplicationPolicy for block replication policy
[2025-03-21T12:57:47.366+0000] {subprocess.py:93} INFO - 25/03/21 12:57:47 INFO BlockManagerMaster: Registering BlockManager BlockManagerId(driver, e3006a54eed1, 39315, None)
[2025-03-21T12:57:47.373+0000] {subprocess.py:93} INFO - 25/03/21 12:57:47 INFO BlockManagerMasterEndpoint: Registering block manager e3006a54eed1:39315 with 366.3 MiB RAM, BlockManagerId(driver, e3006a54eed1, 39315, None)
[2025-03-21T12:57:47.378+0000] {subprocess.py:93} INFO - 25/03/21 12:57:47 INFO BlockManagerMaster: Registered BlockManager BlockManagerId(driver, e3006a54eed1, 39315, None)
[2025-03-21T12:57:47.380+0000] {subprocess.py:93} INFO - 25/03/21 12:57:47 INFO BlockManager: Initialized BlockManager: BlockManagerId(driver, e3006a54eed1, 39315, None)
[2025-03-21T12:57:49.740+0000] {subprocess.py:93} INFO - 25/03/21 12:57:49 INFO StandaloneSchedulerBackend: SchedulerBackend is ready for scheduling beginning after reached minRegisteredResourcesRatio: 0.0
[2025-03-21T12:57:51.440+0000] {subprocess.py:93} INFO - Spark version: 3.5.0
[2025-03-21T12:57:50.895+0000] {subprocess.py:93} INFO - 25/03/21 12:57:50 INFO SharedState: Setting hive.metastore.warehouse.dir ('null') to the value of spark.sql.warehouse.dir.
[2025-03-21T12:57:54.376+0000] {subprocess.py:93} INFO - 25/03/21 12:57:54 INFO SharedState: Warehouse path is 'hdfs://localhost:9000/data/warehouse'.
[2025-03-21T12:58:03.319+0000] {subprocess.py:93} INFO - 25/03/21 12:58:03 INFO InMemoryFileIndex: It took 322 ms to list leaf files for 1 paths.
[2025-03-21T12:58:07.268+0000] {subprocess.py:93} INFO - 25/03/21 12:58:07 INFO SparkContext: Starting job: parquet at NativeMethodAccessorImpl.java:0
[2025-03-21T12:58:07.384+0000] {subprocess.py:93} INFO - 25/03/21 12:58:07 INFO DAGScheduler: Got job 0 (parquet at NativeMethodAccessorImpl.java:0) with 1 output partitions
[2025-03-21T12:58:07.386+0000] {subprocess.py:93} INFO - 25/03/21 12:58:07 INFO DAGScheduler: Final stage: ResultStage 0 (parquet at NativeMethodAccessorImpl.java:0)
[2025-03-21T12:58:07.389+0000] {subprocess.py:93} INFO - 25/03/21 12:58:07 INFO DAGScheduler: Parents of final stage: List()
[2025-03-21T12:58:07.393+0000] {subprocess.py:93} INFO - 25/03/21 12:58:07 INFO DAGScheduler: Missing parents: List()
[2025-03-21T12:58:07.408+0000] {subprocess.py:93} INFO - 25/03/21 12:58:07 INFO DAGScheduler: Submitting ResultStage 0 (MapPartitionsRDD[1] at parquet at NativeMethodAccessorImpl.java:0), which has no missing parents
[2025-03-21T12:58:07.883+0000] {subprocess.py:93} INFO - 25/03/21 12:58:07 INFO MemoryStore: Block broadcast_0 stored as values in memory (estimated size 103.3 KiB, free 366.2 MiB)
[2025-03-21T12:58:08.682+0000] {subprocess.py:93} INFO - 25/03/21 12:58:08 INFO MemoryStore: Block broadcast_0_piece0 stored as bytes in memory (estimated size 37.2 KiB, free 366.2 MiB)
[2025-03-21T12:58:08.694+0000] {subprocess.py:93} INFO - 25/03/21 12:58:08 INFO BlockManagerInfo: Added broadcast_0_piece0 in memory on e3006a54eed1:39315 (size: 37.2 KiB, free: 366.3 MiB)
[2025-03-21T12:58:08.785+0000] {subprocess.py:93} INFO - 25/03/21 12:58:08 INFO SparkContext: Created broadcast 0 from broadcast at DAGScheduler.scala:1580
[2025-03-21T12:58:09.086+0000] {subprocess.py:93} INFO - 25/03/21 12:58:09 INFO DAGScheduler: Submitting 1 missing tasks from ResultStage 0 (MapPartitionsRDD[1] at parquet at NativeMethodAccessorImpl.java:0) (first 15 tasks are for partitions Vector(0))
[2025-03-21T12:58:09.089+0000] {subprocess.py:93} INFO - 25/03/21 12:58:09 INFO TaskSchedulerImpl: Adding task set 0.0 with 1 tasks resource profile 0
[2025-03-21T12:58:24.206+0000] {subprocess.py:93} INFO - 25/03/21 12:58:24 WARN TaskSchedulerImpl: Initial job has not accepted any resources; check your cluster UI to ensure that workers are registered and have sufficient resources
[2025-03-21T12:58:27.306+0000] {subprocess.py:93} INFO - 25/03/21 12:58:27 INFO StandaloneAppClient$ClientEndpoint: Executor added: app-20250321125747-0001/0 on worker-20250321124806-172.18.0.2-46237 (172.18.0.2:46237) with 2 core(s)
[2025-03-21T12:58:27.308+0000] {subprocess.py:93} INFO - 25/03/21 12:58:27 INFO StandaloneSchedulerBackend: Granted executor ID app-20250321125747-0001/0 on hostPort 172.18.0.2:46237 with 2 core(s), 1024.0 MiB RAM
[2025-03-21T12:58:27.626+0000] {subprocess.py:93} INFO - 25/03/21 12:58:27 INFO StandaloneAppClient$ClientEndpoint: Executor updated: app-20250321125747-0001/0 is now RUNNING
[2025-03-21T12:58:32.921+0000] {subprocess.py:93} INFO - 25/03/21 12:58:32 INFO StandaloneSchedulerBackend$StandaloneDriverEndpoint: Registered executor NettyRpcEndpointRef(spark-client://Executor) (172.18.0.2:54614) with ID 0,  ResourceProfileId 0
[2025-03-21T12:58:33.062+0000] {subprocess.py:93} INFO - 25/03/21 12:58:33 INFO BlockManagerMasterEndpoint: Registering block manager 172.18.0.2:38607 with 366.3 MiB RAM, BlockManagerId(0, 172.18.0.2, 38607, None)
[2025-03-21T12:58:33.234+0000] {subprocess.py:93} INFO - 25/03/21 12:58:33 INFO TaskSetManager: Starting task 0.0 in stage 0.0 (TID 0) (172.18.0.2, executor 0, partition 0, PROCESS_LOCAL, 7831 bytes)
[2025-03-21T12:58:33.993+0000] {subprocess.py:93} INFO - 25/03/21 12:58:33 INFO BlockManagerInfo: Added broadcast_0_piece0 in memory on 172.18.0.2:38607 (size: 37.2 KiB, free: 366.3 MiB)
[2025-03-21T12:58:36.537+0000] {subprocess.py:93} INFO - 25/03/21 12:58:36 INFO TaskSetManager: Finished task 0.0 in stage 0.0 (TID 0) in 3343 ms on 172.18.0.2 (executor 0) (1/1)
[2025-03-21T12:58:36.541+0000] {subprocess.py:93} INFO - 25/03/21 12:58:36 INFO TaskSchedulerImpl: Removed TaskSet 0.0, whose tasks have all completed, from pool
[2025-03-21T12:58:36.548+0000] {subprocess.py:93} INFO - 25/03/21 12:58:36 INFO DAGScheduler: ResultStage 0 (parquet at NativeMethodAccessorImpl.java:0) finished in 28.979 s
[2025-03-21T12:58:36.554+0000] {subprocess.py:93} INFO - 25/03/21 12:58:36 INFO DAGScheduler: Job 0 is finished. Cancelling potential speculative or zombie tasks for this job
[2025-03-21T12:58:36.555+0000] {subprocess.py:93} INFO - 25/03/21 12:58:36 INFO TaskSchedulerImpl: Killing all running tasks in stage 0: Stage finished
[2025-03-21T12:58:36.559+0000] {subprocess.py:93} INFO - 25/03/21 12:58:36 INFO DAGScheduler: Job 0 finished: parquet at NativeMethodAccessorImpl.java:0, took 30.565527 s
[2025-03-21T12:58:37.011+0000] {subprocess.py:93} INFO - 25/03/21 12:58:37 INFO BlockManagerInfo: Removed broadcast_0_piece0 on e3006a54eed1:39315 in memory (size: 37.2 KiB, free: 366.3 MiB)
[2025-03-21T12:58:37.100+0000] {subprocess.py:93} INFO - 25/03/21 12:58:37 INFO BlockManagerInfo: Removed broadcast_0_piece0 on 172.18.0.2:38607 in memory (size: 37.2 KiB, free: 366.3 MiB)
[2025-03-21T12:58:39.602+0000] {subprocess.py:93} INFO - 25/03/21 12:58:39 INFO FileSourceStrategy: Pushed Filters: IsNotNull(amount),GreaterThan(amount,1000.0)
[2025-03-21T12:58:39.609+0000] {subprocess.py:93} INFO - 25/03/21 12:58:39 INFO FileSourceStrategy: Post-Scan Filters: isnotnull(amount#2),(amount#2 > 1000.0)
[2025-03-21T12:58:39.848+0000] {subprocess.py:93} INFO - 25/03/21 12:58:39 INFO ParquetUtils: Using default output committer for Parquet: org.apache.parquet.hadoop.ParquetOutputCommitter
[2025-03-21T12:58:39.871+0000] {subprocess.py:93} INFO - 25/03/21 12:58:39 INFO FileOutputCommitter: File Output Committer Algorithm version is 1
[2025-03-21T12:58:39.873+0000] {subprocess.py:93} INFO - 25/03/21 12:58:39 INFO FileOutputCommitter: FileOutputCommitter skip cleanup _temporary folders under output directory:false, ignore cleanup failures: false
[2025-03-21T12:58:39.873+0000] {subprocess.py:93} INFO - 25/03/21 12:58:39 INFO SQLHadoopMapReduceCommitProtocol: Using user defined output committer class org.apache.parquet.hadoop.ParquetOutputCommitter
[2025-03-21T12:58:39.874+0000] {subprocess.py:93} INFO - 25/03/21 12:58:39 INFO FileOutputCommitter: File Output Committer Algorithm version is 1
[2025-03-21T12:58:39.875+0000] {subprocess.py:93} INFO - 25/03/21 12:58:39 INFO FileOutputCommitter: FileOutputCommitter skip cleanup _temporary folders under output directory:false, ignore cleanup failures: false
[2025-03-21T12:58:39.875+0000] {subprocess.py:93} INFO - 25/03/21 12:58:39 INFO SQLHadoopMapReduceCommitProtocol: Using output committer class org.apache.parquet.hadoop.ParquetOutputCommitter
[2025-03-21T12:58:40.388+0000] {subprocess.py:93} INFO - 25/03/21 12:58:40 INFO CodeGenerator: Code generated in 385.469958 ms
[2025-03-21T12:58:40.414+0000] {subprocess.py:93} INFO - 25/03/21 12:58:40 INFO MemoryStore: Block broadcast_1 stored as values in memory (estimated size 357.5 KiB, free 366.0 MiB)
[2025-03-21T12:58:40.427+0000] {subprocess.py:93} INFO - 25/03/21 12:58:40 INFO MemoryStore: Block broadcast_1_piece0 stored as bytes in memory (estimated size 35.2 KiB, free 365.9 MiB)
[2025-03-21T12:58:40.428+0000] {subprocess.py:93} INFO - 25/03/21 12:58:40 INFO BlockManagerInfo: Added broadcast_1_piece0 in memory on e3006a54eed1:39315 (size: 35.2 KiB, free: 366.3 MiB)
[2025-03-21T12:58:40.430+0000] {subprocess.py:93} INFO - 25/03/21 12:58:40 INFO SparkContext: Created broadcast 1 from parquet at NativeMethodAccessorImpl.java:0
[2025-03-21T12:58:40.449+0000] {subprocess.py:93} INFO - 25/03/21 12:58:40 INFO FileSourceScanExec: Planning scan with bin packing, max size: 4194304 bytes, open cost is considered as scanning 4194304 bytes.
[2025-03-21T12:58:40.522+0000] {subprocess.py:93} INFO - 25/03/21 12:58:40 INFO SparkContext: Starting job: parquet at NativeMethodAccessorImpl.java:0
[2025-03-21T12:58:40.525+0000] {subprocess.py:93} INFO - 25/03/21 12:58:40 INFO DAGScheduler: Got job 1 (parquet at NativeMethodAccessorImpl.java:0) with 1 output partitions
[2025-03-21T12:58:40.526+0000] {subprocess.py:93} INFO - 25/03/21 12:58:40 INFO DAGScheduler: Final stage: ResultStage 1 (parquet at NativeMethodAccessorImpl.java:0)
[2025-03-21T12:58:40.527+0000] {subprocess.py:93} INFO - 25/03/21 12:58:40 INFO DAGScheduler: Parents of final stage: List()
[2025-03-21T12:58:40.527+0000] {subprocess.py:93} INFO - 25/03/21 12:58:40 INFO DAGScheduler: Missing parents: List()
[2025-03-21T12:58:40.529+0000] {subprocess.py:93} INFO - 25/03/21 12:58:40 INFO DAGScheduler: Submitting ResultStage 1 (MapPartitionsRDD[5] at parquet at NativeMethodAccessorImpl.java:0), which has no missing parents
[2025-03-21T12:58:40.618+0000] {subprocess.py:93} INFO - 25/03/21 12:58:40 INFO MemoryStore: Block broadcast_2 stored as values in memory (estimated size 219.2 KiB, free 365.7 MiB)
[2025-03-21T12:58:40.624+0000] {subprocess.py:93} INFO - 25/03/21 12:58:40 INFO MemoryStore: Block broadcast_2_piece0 stored as bytes in memory (estimated size 77.5 KiB, free 365.6 MiB)
[2025-03-21T12:58:40.627+0000] {subprocess.py:93} INFO - 25/03/21 12:58:40 INFO BlockManagerInfo: Added broadcast_2_piece0 in memory on e3006a54eed1:39315 (size: 77.5 KiB, free: 366.2 MiB)
[2025-03-21T12:58:40.629+0000] {subprocess.py:93} INFO - 25/03/21 12:58:40 INFO SparkContext: Created broadcast 2 from broadcast at DAGScheduler.scala:1580
[2025-03-21T12:58:40.630+0000] {subprocess.py:93} INFO - 25/03/21 12:58:40 INFO DAGScheduler: Submitting 1 missing tasks from ResultStage 1 (MapPartitionsRDD[5] at parquet at NativeMethodAccessorImpl.java:0) (first 15 tasks are for partitions Vector(0))
[2025-03-21T12:58:40.631+0000] {subprocess.py:93} INFO - 25/03/21 12:58:40 INFO TaskSchedulerImpl: Adding task set 1.0 with 1 tasks resource profile 0
[2025-03-21T12:58:40.640+0000] {subprocess.py:93} INFO - 25/03/21 12:58:40 INFO TaskSetManager: Starting task 0.0 in stage 1.0 (TID 1) (172.18.0.2, executor 0, partition 0, ANY, 8299 bytes)
[2025-03-21T12:58:40.703+0000] {subprocess.py:93} INFO - 25/03/21 12:58:40 INFO BlockManagerInfo: Added broadcast_2_piece0 in memory on 172.18.0.2:38607 (size: 77.5 KiB, free: 366.2 MiB)
[2025-03-21T12:58:42.281+0000] {subprocess.py:93} INFO - 25/03/21 12:58:42 INFO BlockManagerInfo: Added broadcast_1_piece0 in memory on 172.18.0.2:38607 (size: 35.2 KiB, free: 366.2 MiB)
[2025-03-21T12:58:43.081+0000] {subprocess.py:93} INFO - 25/03/21 12:58:43 INFO TaskSetManager: Finished task 0.0 in stage 1.0 (TID 1) in 2444 ms on 172.18.0.2 (executor 0) (1/1)
[2025-03-21T12:58:43.083+0000] {subprocess.py:93} INFO - 25/03/21 12:58:43 INFO TaskSchedulerImpl: Removed TaskSet 1.0, whose tasks have all completed, from pool
[2025-03-21T12:58:43.084+0000] {subprocess.py:93} INFO - 25/03/21 12:58:43 INFO DAGScheduler: ResultStage 1 (parquet at NativeMethodAccessorImpl.java:0) finished in 2.545 s
[2025-03-21T12:58:43.085+0000] {subprocess.py:93} INFO - 25/03/21 12:58:43 INFO DAGScheduler: Job 1 is finished. Cancelling potential speculative or zombie tasks for this job
[2025-03-21T12:58:43.086+0000] {subprocess.py:93} INFO - 25/03/21 12:58:43 INFO TaskSchedulerImpl: Killing all running tasks in stage 1: Stage finished
[2025-03-21T12:58:43.087+0000] {subprocess.py:93} INFO - 25/03/21 12:58:43 INFO DAGScheduler: Job 1 finished: parquet at NativeMethodAccessorImpl.java:0, took 2.562311 s
[2025-03-21T12:58:43.090+0000] {subprocess.py:93} INFO - 25/03/21 12:58:43 INFO FileFormatWriter: Start to commit write Job 21e9d4c1-493b-4dce-bd95-af0f812de5c8.
[2025-03-21T12:58:43.191+0000] {subprocess.py:93} INFO - 25/03/21 12:58:43 INFO FileFormatWriter: Write Job 21e9d4c1-493b-4dce-bd95-af0f812de5c8 committed. Elapsed time: 101 ms.
[2025-03-21T12:58:43.196+0000] {subprocess.py:93} INFO - 25/03/21 12:58:43 INFO FileFormatWriter: Finished processing stats for write job 21e9d4c1-493b-4dce-bd95-af0f812de5c8.
[2025-03-21T12:58:43.201+0000] {subprocess.py:93} INFO - 25/03/21 12:58:43 INFO SparkContext: SparkContext is stopping with exitCode 0.
[2025-03-21T12:58:43.210+0000] {subprocess.py:93} INFO - 25/03/21 12:58:43 INFO SparkUI: Stopped Spark web UI at http://e3006a54eed1:4041
[2025-03-21T12:58:43.220+0000] {subprocess.py:93} INFO - 25/03/21 12:58:43 INFO StandaloneSchedulerBackend: Shutting down all executors
[2025-03-21T12:58:43.221+0000] {subprocess.py:93} INFO - 25/03/21 12:58:43 INFO StandaloneSchedulerBackend$StandaloneDriverEndpoint: Asking each executor to shut down
[2025-03-21T12:58:43.305+0000] {subprocess.py:93} INFO - 25/03/21 12:58:43 INFO MapOutputTrackerMasterEndpoint: MapOutputTrackerMasterEndpoint stopped!
[2025-03-21T12:58:43.394+0000] {subprocess.py:93} INFO - 25/03/21 12:58:43 INFO MemoryStore: MemoryStore cleared
[2025-03-21T12:58:43.395+0000] {subprocess.py:93} INFO - 25/03/21 12:58:43 INFO BlockManager: BlockManager stopped
[2025-03-21T12:58:43.400+0000] {subprocess.py:93} INFO - 25/03/21 12:58:43 INFO BlockManagerMaster: BlockManagerMaster stopped
[2025-03-21T12:58:43.411+0000] {subprocess.py:93} INFO - 25/03/21 12:58:43 INFO OutputCommitCoordinator$OutputCommitCoordinatorEndpoint: OutputCommitCoordinator stopped!
[2025-03-21T12:58:43.435+0000] {subprocess.py:93} INFO - 25/03/21 12:58:43 INFO SparkContext: Successfully stopped SparkContext
[2025-03-21T12:58:43.764+0000] {subprocess.py:93} INFO - 25/03/21 12:58:43 INFO ShutdownHookManager: Shutdown hook called
[2025-03-21T12:58:43.765+0000] {subprocess.py:93} INFO - 25/03/21 12:58:43 INFO ShutdownHookManager: Deleting directory /tmp/spark-e2d644e0-c295-488a-8039-32ee6a143498/pyspark-c8768608-7544-4fe8-8dc1-9e2a48c69692
[2025-03-21T12:58:43.769+0000] {subprocess.py:93} INFO - 25/03/21 12:58:43 INFO ShutdownHookManager: Deleting directory /tmp/spark-99c8b302-f468-47a7-bbd2-3724ae27fbc6
[2025-03-21T12:58:43.773+0000] {subprocess.py:93} INFO - 25/03/21 12:58:43 INFO ShutdownHookManager: Deleting directory /tmp/spark-e2d644e0-c295-488a-8039-32ee6a143498
[2025-03-21T12:58:43.847+0000] {subprocess.py:97} INFO - Command exited with return code 0
[2025-03-21T12:58:43.883+0000] {taskinstance.py:1398} INFO - Marking task as SUCCESS. dag_id=transactions_pipeline, task_id=detect_fraud_batch_20250320_135205, execution_date=20250321T125137, start_date=20250321T125733, end_date=20250321T125843
[2025-03-21T12:58:43.913+0000] {local_task_job_runner.py:228} INFO - Task exited with return code 0
[2025-03-21T12:58:43.948+0000] {taskinstance.py:2776} INFO - 1 downstream tasks scheduled from follow-on schedule check
