[2025-03-21T12:57:00.406+0000] {taskinstance.py:1157} INFO - Dependencies all met for dep_context=non-requeueable deps ti=<TaskInstance: transactions_pipeline.create_hive_table_batch_20250320_144447 scheduled__2025-03-21T12:51:37.951160+00:00 [queued]>
[2025-03-21T12:57:00.437+0000] {taskinstance.py:1157} INFO - Dependencies all met for dep_context=requeueable deps ti=<TaskInstance: transactions_pipeline.create_hive_table_batch_20250320_144447 scheduled__2025-03-21T12:51:37.951160+00:00 [queued]>
[2025-03-21T12:57:00.441+0000] {taskinstance.py:1359} INFO - Starting attempt 1 of 1
[2025-03-21T12:57:00.483+0000] {taskinstance.py:1380} INFO - Executing <Task(BashOperator): create_hive_table_batch_20250320_144447> on 2025-03-21 12:51:37.951160+00:00
[2025-03-21T12:57:00.501+0000] {standard_task_runner.py:57} INFO - Started process 984 to run task
[2025-03-21T12:57:00.510+0000] {standard_task_runner.py:84} INFO - Running: ['***', 'tasks', 'run', 'transactions_pipeline', 'create_hive_table_batch_20250320_144447', 'scheduled__2025-03-21T12:51:37.951160+00:00', '--job-id', '552', '--raw', '--subdir', 'DAGS_FOLDER/fraud_detection_pipeline.py', '--cfg-path', '/tmp/tmpzk9jcs11']
[2025-03-21T12:57:00.519+0000] {standard_task_runner.py:85} INFO - Job 552: Subtask create_hive_table_batch_20250320_144447
[2025-03-21T12:57:00.648+0000] {task_command.py:415} INFO - Running <TaskInstance: transactions_pipeline.create_hive_table_batch_20250320_144447 scheduled__2025-03-21T12:51:37.951160+00:00 [running]> on host 1b7c3466167a
[2025-03-21T12:57:00.820+0000] {taskinstance.py:1660} INFO - Exporting env vars: AIRFLOW_CTX_DAG_EMAIL='rabiizahnoune7@gmail.com' AIRFLOW_CTX_DAG_OWNER='***' AIRFLOW_CTX_DAG_ID='transactions_pipeline' AIRFLOW_CTX_TASK_ID='create_hive_table_batch_20250320_144447' AIRFLOW_CTX_EXECUTION_DATE='2025-03-21T12:51:37.951160+00:00' AIRFLOW_CTX_TRY_NUMBER='1' AIRFLOW_CTX_DAG_RUN_ID='scheduled__2025-03-21T12:51:37.951160+00:00'
[2025-03-21T12:57:00.823+0000] {subprocess.py:63} INFO - Tmp dir root location: /tmp
[2025-03-21T12:57:00.824+0000] {subprocess.py:75} INFO - Running command: ['/bin/bash', '-c', '\n            docker exec hive beeline -u "jdbc:hive2://localhost:10000" --hiveconf hive.exec.dynamic.partition.mode=nonstrict -e "\n            CREATE EXTERNAL TABLE IF NOT EXISTS transactions (\n                transaction_id STRING,\n                date_time STRING,\n                amount DOUBLE,\n                currency STRING,\n                merchant_details STRING,\n                customer_id STRING,\n                transaction_type STRING,\n                location STRING\n            )\n            PARTITIONED BY (batch_id STRING)\n            STORED AS PARQUET;\n            ALTER TABLE transactions ADD IF NOT EXISTS PARTITION (batch_id=\'batch_20250320_144447\') LOCATION \'/data/transactions/transactions_batch_20250320_144447\';"\n            ']
[2025-03-21T12:57:00.854+0000] {subprocess.py:86} INFO - Output:
[2025-03-21T12:57:13.819+0000] {subprocess.py:93} INFO - SLF4J: Class path contains multiple SLF4J bindings.
[2025-03-21T12:57:13.820+0000] {subprocess.py:93} INFO - SLF4J: Found binding in [jar:file:/opt/hive/lib/log4j-slf4j-impl-2.17.1.jar!/org/slf4j/impl/StaticLoggerBinder.class]
[2025-03-21T12:57:13.822+0000] {subprocess.py:93} INFO - SLF4J: Found binding in [jar:file:/opt/hadoop/share/hadoop/common/lib/slf4j-log4j12-1.7.25.jar!/org/slf4j/impl/StaticLoggerBinder.class]
[2025-03-21T12:57:13.825+0000] {subprocess.py:93} INFO - SLF4J: See http://www.slf4j.org/codes.html#multiple_bindings for an explanation.
[2025-03-21T12:57:16.310+0000] {subprocess.py:93} INFO - SLF4J: Actual binding is of type [org.apache.logging.slf4j.Log4jLoggerFactory]
[2025-03-21T12:57:21.038+0000] {subprocess.py:93} INFO - Connecting to jdbc:hive2://localhost:10000
[2025-03-21T12:57:21.611+0000] {subprocess.py:93} INFO - Connected to: Apache Hive (version 3.1.3)
[2025-03-21T12:57:21.612+0000] {subprocess.py:93} INFO - Driver: Hive JDBC (version 3.1.3)
[2025-03-21T12:57:21.613+0000] {subprocess.py:93} INFO - Transaction isolation: TRANSACTION_REPEATABLE_READ
[2025-03-21T12:57:21.848+0000] {subprocess.py:93} INFO - INFO  : Compiling command(queryId=root_20250321125721_a3288c48-46ba-4fe4-af34-aa18ab734e91): CREATE EXTERNAL TABLE IF NOT EXISTS transactions (
[2025-03-21T12:57:21.849+0000] {subprocess.py:93} INFO -                 transaction_id STRING,
[2025-03-21T12:57:21.850+0000] {subprocess.py:93} INFO -                 date_time STRING,
[2025-03-21T12:57:21.851+0000] {subprocess.py:93} INFO -                 amount DOUBLE,
[2025-03-21T12:57:21.851+0000] {subprocess.py:93} INFO -                 currency STRING,
[2025-03-21T12:57:21.852+0000] {subprocess.py:93} INFO -                 merchant_details STRING,
[2025-03-21T12:57:21.853+0000] {subprocess.py:93} INFO -                 customer_id STRING,
[2025-03-21T12:57:21.853+0000] {subprocess.py:93} INFO -                 transaction_type STRING,
[2025-03-21T12:57:21.854+0000] {subprocess.py:93} INFO -                 location STRING
[2025-03-21T12:57:21.855+0000] {subprocess.py:93} INFO -             )
[2025-03-21T12:57:21.855+0000] {subprocess.py:93} INFO -             PARTITIONED BY (batch_id STRING)
[2025-03-21T12:57:21.856+0000] {subprocess.py:93} INFO -             STORED AS PARQUET
[2025-03-21T12:57:21.856+0000] {subprocess.py:93} INFO - INFO  : Concurrency mode is disabled, not creating a lock manager
[2025-03-21T12:57:21.857+0000] {subprocess.py:93} INFO - INFO  : Semantic Analysis Completed (retrial = false)
[2025-03-21T12:57:21.857+0000] {subprocess.py:93} INFO - INFO  : Returning Hive schema: Schema(fieldSchemas:null, properties:null)
[2025-03-21T12:57:21.858+0000] {subprocess.py:93} INFO - INFO  : Completed compiling command(queryId=root_20250321125721_a3288c48-46ba-4fe4-af34-aa18ab734e91); Time taken: 0.07 seconds
[2025-03-21T12:57:21.858+0000] {subprocess.py:93} INFO - INFO  : Concurrency mode is disabled, not creating a lock manager
[2025-03-21T12:57:21.859+0000] {subprocess.py:93} INFO - INFO  : Executing command(queryId=root_20250321125721_a3288c48-46ba-4fe4-af34-aa18ab734e91): CREATE EXTERNAL TABLE IF NOT EXISTS transactions (
[2025-03-21T12:57:21.859+0000] {subprocess.py:93} INFO -                 transaction_id STRING,
[2025-03-21T12:57:21.860+0000] {subprocess.py:93} INFO -                 date_time STRING,
[2025-03-21T12:57:21.860+0000] {subprocess.py:93} INFO -                 amount DOUBLE,
[2025-03-21T12:57:21.861+0000] {subprocess.py:93} INFO -                 currency STRING,
[2025-03-21T12:57:21.862+0000] {subprocess.py:93} INFO -                 merchant_details STRING,
[2025-03-21T12:57:21.862+0000] {subprocess.py:93} INFO -                 customer_id STRING,
[2025-03-21T12:57:21.862+0000] {subprocess.py:93} INFO -                 transaction_type STRING,
[2025-03-21T12:57:21.863+0000] {subprocess.py:93} INFO -                 location STRING
[2025-03-21T12:57:21.864+0000] {subprocess.py:93} INFO -             )
[2025-03-21T12:57:21.864+0000] {subprocess.py:93} INFO -             PARTITIONED BY (batch_id STRING)
[2025-03-21T12:57:21.865+0000] {subprocess.py:93} INFO -             STORED AS PARQUET
[2025-03-21T12:57:21.865+0000] {subprocess.py:93} INFO - INFO  : Completed executing command(queryId=root_20250321125721_a3288c48-46ba-4fe4-af34-aa18ab734e91); Time taken: 0.001 seconds
[2025-03-21T12:57:21.866+0000] {subprocess.py:93} INFO - INFO  : OK
[2025-03-21T12:57:21.866+0000] {subprocess.py:93} INFO - INFO  : Concurrency mode is disabled, not creating a lock manager
[2025-03-21T12:57:21.867+0000] {subprocess.py:93} INFO - No rows affected (0.222 seconds)
[2025-03-21T12:57:22.116+0000] {subprocess.py:93} INFO - INFO  : Compiling command(queryId=root_20250321125721_ae0df643-c202-47db-bedd-ed3f84b4f93a): ALTER TABLE transactions ADD IF NOT EXISTS PARTITION (batch_id='batch_20250320_144447') LOCATION '/data/transactions/transactions_batch_20250320_144447'
[2025-03-21T12:57:22.117+0000] {subprocess.py:93} INFO - INFO  : Concurrency mode is disabled, not creating a lock manager
[2025-03-21T12:57:22.118+0000] {subprocess.py:93} INFO - INFO  : Semantic Analysis Completed (retrial = false)
[2025-03-21T12:57:22.119+0000] {subprocess.py:93} INFO - INFO  : Returning Hive schema: Schema(fieldSchemas:null, properties:null)
[2025-03-21T12:57:22.120+0000] {subprocess.py:93} INFO - INFO  : Completed compiling command(queryId=root_20250321125721_ae0df643-c202-47db-bedd-ed3f84b4f93a); Time taken: 0.016 seconds
[2025-03-21T12:57:22.121+0000] {subprocess.py:93} INFO - INFO  : Concurrency mode is disabled, not creating a lock manager
[2025-03-21T12:57:22.121+0000] {subprocess.py:93} INFO - INFO  : Executing command(queryId=root_20250321125721_ae0df643-c202-47db-bedd-ed3f84b4f93a): ALTER TABLE transactions ADD IF NOT EXISTS PARTITION (batch_id='batch_20250320_144447') LOCATION '/data/transactions/transactions_batch_20250320_144447'
[2025-03-21T12:57:22.122+0000] {subprocess.py:93} INFO - INFO  : Starting task [Stage-0:DDL] in serial mode
[2025-03-21T12:57:22.123+0000] {subprocess.py:93} INFO - INFO  : Completed executing command(queryId=root_20250321125721_ae0df643-c202-47db-bedd-ed3f84b4f93a); Time taken: 0.165 seconds
[2025-03-21T12:57:22.124+0000] {subprocess.py:93} INFO - INFO  : OK
[2025-03-21T12:57:22.129+0000] {subprocess.py:93} INFO - INFO  : Concurrency mode is disabled, not creating a lock manager
[2025-03-21T12:57:22.130+0000] {subprocess.py:93} INFO - No rows affected (0.207 seconds)
[2025-03-21T12:57:22.131+0000] {subprocess.py:93} INFO - Beeline version 3.1.3 by Apache Hive
[2025-03-21T12:57:22.139+0000] {subprocess.py:93} INFO - Closing: 0: jdbc:hive2://localhost:10000
[2025-03-21T12:57:22.268+0000] {subprocess.py:97} INFO - Command exited with return code 0
[2025-03-21T12:57:22.306+0000] {taskinstance.py:1398} INFO - Marking task as SUCCESS. dag_id=transactions_pipeline, task_id=create_hive_table_batch_20250320_144447, execution_date=20250321T125137, start_date=20250321T125700, end_date=20250321T125722
[2025-03-21T12:57:22.357+0000] {local_task_job_runner.py:228} INFO - Task exited with return code 0
[2025-03-21T12:57:22.401+0000] {taskinstance.py:2776} INFO - 1 downstream tasks scheduled from follow-on schedule check
