[2025-03-19T15:57:46.964+0000] {taskinstance.py:1157} INFO - Dependencies all met for dep_context=non-requeueable deps ti=<TaskInstance: fraud_detection_pipeline.get_batch_id scheduled__2025-03-19T15:52:39.016891+00:00 [queued]>
[2025-03-19T15:57:46.977+0000] {taskinstance.py:1157} INFO - Dependencies all met for dep_context=requeueable deps ti=<TaskInstance: fraud_detection_pipeline.get_batch_id scheduled__2025-03-19T15:52:39.016891+00:00 [queued]>
[2025-03-19T15:57:46.979+0000] {taskinstance.py:1359} INFO - Starting attempt 1 of 2
[2025-03-19T15:57:47.177+0000] {taskinstance.py:1380} INFO - Executing <Task(BashOperator): get_batch_id> on 2025-03-19 15:52:39.016891+00:00
[2025-03-19T15:57:47.193+0000] {standard_task_runner.py:57} INFO - Started process 297 to run task
[2025-03-19T15:57:47.202+0000] {standard_task_runner.py:84} INFO - Running: ['***', 'tasks', 'run', 'fraud_detection_pipeline', 'get_batch_id', 'scheduled__2025-03-19T15:52:39.016891+00:00', '--job-id', '32', '--raw', '--subdir', 'DAGS_FOLDER/fraud_detection_pipeline.py', '--cfg-path', '/tmp/tmp4i4iv2v6']
[2025-03-19T15:57:47.218+0000] {standard_task_runner.py:85} INFO - Job 32: Subtask get_batch_id
[2025-03-19T15:57:47.328+0000] {task_command.py:415} INFO - Running <TaskInstance: fraud_detection_pipeline.get_batch_id scheduled__2025-03-19T15:52:39.016891+00:00 [running]> on host f76c4cf6a8a2
[2025-03-19T15:57:47.459+0000] {taskinstance.py:1660} INFO - Exporting env vars: AIRFLOW_CTX_DAG_OWNER='***' AIRFLOW_CTX_DAG_ID='fraud_detection_pipeline' AIRFLOW_CTX_TASK_ID='get_batch_id' AIRFLOW_CTX_EXECUTION_DATE='2025-03-19T15:52:39.016891+00:00' AIRFLOW_CTX_TRY_NUMBER='1' AIRFLOW_CTX_DAG_RUN_ID='scheduled__2025-03-19T15:52:39.016891+00:00'
[2025-03-19T15:57:47.462+0000] {subprocess.py:63} INFO - Tmp dir root location: /tmp
[2025-03-19T15:57:47.463+0000] {subprocess.py:75} INFO - Running command: ['/bin/bash', '-c', "ls -t /data/transactions/transactions_batch_*.parquet | head -n 1 | grep -o '[0-9]*$'"]
[2025-03-19T15:57:47.482+0000] {subprocess.py:86} INFO - Output:
[2025-03-19T15:57:47.489+0000] {subprocess.py:93} INFO - ls: cannot access '/data/transactions/transactions_batch_*.parquet': Permission denied
[2025-03-19T15:57:47.490+0000] {subprocess.py:97} INFO - Command exited with return code 1
[2025-03-19T15:57:47.504+0000] {taskinstance.py:1935} ERROR - Task failed with exception
Traceback (most recent call last):
  File "/home/airflow/.local/lib/python3.8/site-packages/airflow/operators/bash.py", line 210, in execute
    raise AirflowException(
airflow.exceptions.AirflowException: Bash command failed. The command returned a non-zero exit code 1.
[2025-03-19T15:57:47.511+0000] {taskinstance.py:1398} INFO - Marking task as UP_FOR_RETRY. dag_id=fraud_detection_pipeline, task_id=get_batch_id, execution_date=20250319T155239, start_date=20250319T155746, end_date=20250319T155747
[2025-03-19T15:57:47.527+0000] {standard_task_runner.py:104} ERROR - Failed to execute job 32 for task get_batch_id (Bash command failed. The command returned a non-zero exit code 1.; 297)
[2025-03-19T15:57:47.549+0000] {local_task_job_runner.py:228} INFO - Task exited with return code 1
[2025-03-19T15:57:47.583+0000] {taskinstance.py:2776} INFO - 0 downstream tasks scheduled from follow-on schedule check
