[2025-03-21T13:56:25.226+0000] {taskinstance.py:1157} INFO - Dependencies all met for dep_context=non-requeueable deps ti=<TaskInstance: transactions_pipeline.detect_fraud_batch_20250321_131625 scheduled__2025-03-21T13:50:48.728384+00:00 [queued]>
[2025-03-21T13:56:25.245+0000] {taskinstance.py:1157} INFO - Dependencies all met for dep_context=requeueable deps ti=<TaskInstance: transactions_pipeline.detect_fraud_batch_20250321_131625 scheduled__2025-03-21T13:50:48.728384+00:00 [queued]>
[2025-03-21T13:56:25.247+0000] {taskinstance.py:1359} INFO - Starting attempt 1 of 1
[2025-03-21T13:56:25.279+0000] {taskinstance.py:1380} INFO - Executing <Task(BashOperator): detect_fraud_batch_20250321_131625> on 2025-03-21 13:50:48.728384+00:00
[2025-03-21T13:56:25.291+0000] {standard_task_runner.py:57} INFO - Started process 1930 to run task
[2025-03-21T13:56:25.295+0000] {standard_task_runner.py:84} INFO - Running: ['***', 'tasks', 'run', 'transactions_pipeline', 'detect_fraud_batch_20250321_131625', 'scheduled__2025-03-21T13:50:48.728384+00:00', '--job-id', '752', '--raw', '--subdir', 'DAGS_FOLDER/fraud_detection_pipeline.py', '--cfg-path', '/tmp/tmp5b812qf5']
[2025-03-21T13:56:25.299+0000] {standard_task_runner.py:85} INFO - Job 752: Subtask detect_fraud_batch_20250321_131625
[2025-03-21T13:56:25.362+0000] {task_command.py:415} INFO - Running <TaskInstance: transactions_pipeline.detect_fraud_batch_20250321_131625 scheduled__2025-03-21T13:50:48.728384+00:00 [running]> on host e95638583d4d
[2025-03-21T13:56:25.487+0000] {taskinstance.py:1660} INFO - Exporting env vars: AIRFLOW_CTX_DAG_EMAIL='rabiizahnoune7@gmail.com' AIRFLOW_CTX_DAG_OWNER='***' AIRFLOW_CTX_DAG_ID='transactions_pipeline' AIRFLOW_CTX_TASK_ID='detect_fraud_batch_20250321_131625' AIRFLOW_CTX_EXECUTION_DATE='2025-03-21T13:50:48.728384+00:00' AIRFLOW_CTX_TRY_NUMBER='1' AIRFLOW_CTX_DAG_RUN_ID='scheduled__2025-03-21T13:50:48.728384+00:00'
[2025-03-21T13:56:25.490+0000] {subprocess.py:63} INFO - Tmp dir root location: /tmp
[2025-03-21T13:56:25.491+0000] {subprocess.py:75} INFO - Running command: ['/bin/bash', '-c', '\n            docker exec hive spark-submit --master spark://localhost:7077 /hive/scripts/detect_fraud.py "batch_20250321_131625"\n            ']
[2025-03-21T13:56:25.506+0000] {subprocess.py:86} INFO - Output:
[2025-03-21T13:56:35.469+0000] {subprocess.py:93} INFO - 25/03/21 13:56:35 INFO SparkContext: Running Spark version 3.5.0
[2025-03-21T13:56:35.531+0000] {subprocess.py:93} INFO - 25/03/21 13:56:35 INFO SparkContext: OS info Linux, 5.15.167.4-microsoft-standard-WSL2, amd64
[2025-03-21T13:56:35.532+0000] {subprocess.py:93} INFO - 25/03/21 13:56:35 INFO SparkContext: Java version 1.8.0_342
[2025-03-21T13:56:35.734+0000] {subprocess.py:93} INFO - 25/03/21 13:56:35 WARN NativeCodeLoader: Unable to load native-hadoop library for your platform... using builtin-java classes where applicable
[2025-03-21T13:56:36.024+0000] {subprocess.py:93} INFO - 25/03/21 13:56:36 INFO ResourceUtils: ==============================================================
[2025-03-21T13:56:36.025+0000] {subprocess.py:93} INFO - 25/03/21 13:56:36 INFO ResourceUtils: No custom resources configured for spark.driver.
[2025-03-21T13:56:36.026+0000] {subprocess.py:93} INFO - 25/03/21 13:56:36 INFO ResourceUtils: ==============================================================
[2025-03-21T13:56:36.027+0000] {subprocess.py:93} INFO - 25/03/21 13:56:36 INFO SparkContext: Submitted application: FraudDetection
[2025-03-21T13:56:36.144+0000] {subprocess.py:93} INFO - 25/03/21 13:56:36 INFO ResourceProfile: Default ResourceProfile created, executor resources: Map(memory -> name: memory, amount: 1024, script: , vendor: , offHeap -> name: offHeap, amount: 0, script: , vendor: ), task resources: Map(cpus -> name: cpus, amount: 1.0)
[2025-03-21T13:56:36.251+0000] {subprocess.py:93} INFO - 25/03/21 13:56:36 INFO ResourceProfile: Limiting resource is cpu
[2025-03-21T13:56:36.253+0000] {subprocess.py:93} INFO - 25/03/21 13:56:36 INFO ResourceProfileManager: Added ResourceProfile id: 0
[2025-03-21T13:56:36.390+0000] {subprocess.py:93} INFO - 25/03/21 13:56:36 INFO SecurityManager: Changing view acls to: root
[2025-03-21T13:56:36.422+0000] {subprocess.py:93} INFO - 25/03/21 13:56:36 INFO SecurityManager: Changing modify acls to: root
[2025-03-21T13:56:36.424+0000] {subprocess.py:93} INFO - 25/03/21 13:56:36 INFO SecurityManager: Changing view acls groups to:
[2025-03-21T13:56:36.425+0000] {subprocess.py:93} INFO - 25/03/21 13:56:36 INFO SecurityManager: Changing modify acls groups to:
[2025-03-21T13:56:36.426+0000] {subprocess.py:93} INFO - 25/03/21 13:56:36 INFO SecurityManager: SecurityManager: authentication disabled; ui acls disabled; users with view permissions: root; groups with view permissions: EMPTY; users with modify permissions: root; groups with modify permissions: EMPTY
[2025-03-21T13:56:37.627+0000] {subprocess.py:93} INFO - 25/03/21 13:56:37 INFO Utils: Successfully started service 'sparkDriver' on port 38091.
[2025-03-21T13:56:37.732+0000] {subprocess.py:93} INFO - 25/03/21 13:56:37 INFO SparkEnv: Registering MapOutputTracker
[2025-03-21T13:56:37.857+0000] {subprocess.py:93} INFO - 25/03/21 13:56:37 INFO SparkEnv: Registering BlockManagerMaster
[2025-03-21T13:56:37.887+0000] {subprocess.py:93} INFO - 25/03/21 13:56:37 INFO BlockManagerMasterEndpoint: Using org.apache.spark.storage.DefaultTopologyMapper for getting topology information
[2025-03-21T13:56:37.888+0000] {subprocess.py:93} INFO - 25/03/21 13:56:37 INFO BlockManagerMasterEndpoint: BlockManagerMasterEndpoint up
[2025-03-21T13:56:37.925+0000] {subprocess.py:93} INFO - 25/03/21 13:56:37 INFO SparkEnv: Registering BlockManagerMasterHeartbeat
[2025-03-21T13:56:38.058+0000] {subprocess.py:93} INFO - 25/03/21 13:56:38 INFO DiskBlockManager: Created local directory at /tmp/blockmgr-71d54c1d-8bbc-4274-9a42-f7593c0ec7b6
[2025-03-21T13:56:38.086+0000] {subprocess.py:93} INFO - 25/03/21 13:56:38 INFO MemoryStore: MemoryStore started with capacity 366.3 MiB
[2025-03-21T13:56:38.143+0000] {subprocess.py:93} INFO - 25/03/21 13:56:38 INFO SparkEnv: Registering OutputCommitCoordinator
[2025-03-21T13:56:38.470+0000] {subprocess.py:93} INFO - 25/03/21 13:56:38 INFO JettyUtils: Start Jetty 0.0.0.0:4040 for SparkUI
[2025-03-21T13:56:38.670+0000] {subprocess.py:93} INFO - 25/03/21 13:56:38 INFO Utils: Successfully started service 'SparkUI' on port 4040.
[2025-03-21T13:56:39.532+0000] {subprocess.py:93} INFO - 25/03/21 13:56:39 INFO StandaloneAppClient$ClientEndpoint: Connecting to master spark://localhost:7077...
[2025-03-21T13:56:39.865+0000] {subprocess.py:93} INFO - 25/03/21 13:56:39 INFO TransportClientFactory: Successfully created connection to localhost/127.0.0.1:7077 after 234 ms (0 ms spent in bootstraps)
[2025-03-21T13:56:40.337+0000] {subprocess.py:93} INFO - 25/03/21 13:56:40 INFO StandaloneSchedulerBackend: Connected to Spark cluster with app ID app-20250321135640-0009
[2025-03-21T13:56:40.365+0000] {subprocess.py:93} INFO - 25/03/21 13:56:40 INFO Utils: Successfully started service 'org.apache.spark.network.netty.NettyBlockTransferService' on port 36165.
[2025-03-21T13:56:40.366+0000] {subprocess.py:93} INFO - 25/03/21 13:56:40 INFO NettyBlockTransferService: Server created on e0b25feeb0e2:36165
[2025-03-21T13:56:40.369+0000] {subprocess.py:93} INFO - 25/03/21 13:56:40 INFO BlockManager: Using org.apache.spark.storage.RandomBlockReplicationPolicy for block replication policy
[2025-03-21T13:56:40.439+0000] {subprocess.py:93} INFO - 25/03/21 13:56:40 INFO BlockManagerMaster: Registering BlockManager BlockManagerId(driver, e0b25feeb0e2, 36165, None)
[2025-03-21T13:56:40.450+0000] {subprocess.py:93} INFO - 25/03/21 13:56:40 INFO BlockManagerMasterEndpoint: Registering block manager e0b25feeb0e2:36165 with 366.3 MiB RAM, BlockManagerId(driver, e0b25feeb0e2, 36165, None)
[2025-03-21T13:56:40.458+0000] {subprocess.py:93} INFO - 25/03/21 13:56:40 INFO BlockManagerMaster: Registered BlockManager BlockManagerId(driver, e0b25feeb0e2, 36165, None)
[2025-03-21T13:56:40.462+0000] {subprocess.py:93} INFO - 25/03/21 13:56:40 INFO BlockManager: Initialized BlockManager: BlockManagerId(driver, e0b25feeb0e2, 36165, None)
[2025-03-21T13:56:41.562+0000] {subprocess.py:93} INFO - 25/03/21 13:56:41 INFO StandaloneSchedulerBackend: SchedulerBackend is ready for scheduling beginning after reached minRegisteredResourcesRatio: 0.0
[2025-03-21T13:56:42.355+0000] {subprocess.py:93} INFO - Spark version: 3.5.0
[2025-03-21T13:56:42.583+0000] {subprocess.py:93} INFO - 25/03/21 13:56:42 INFO SharedState: Setting hive.metastore.warehouse.dir ('null') to the value of spark.sql.warehouse.dir.
[2025-03-21T13:56:44.443+0000] {subprocess.py:93} INFO - 25/03/21 13:56:44 INFO SharedState: Warehouse path is 'hdfs://localhost:9000/data/warehouse'.
[2025-03-21T13:56:48.181+0000] {subprocess.py:93} INFO - 25/03/21 13:56:48 INFO InMemoryFileIndex: It took 137 ms to list leaf files for 1 paths.
[2025-03-21T13:56:48.370+0000] {subprocess.py:93} INFO - 25/03/21 13:56:48 INFO SparkContext: Starting job: parquet at NativeMethodAccessorImpl.java:0
[2025-03-21T13:56:48.401+0000] {subprocess.py:93} INFO - 25/03/21 13:56:48 INFO DAGScheduler: Got job 0 (parquet at NativeMethodAccessorImpl.java:0) with 1 output partitions
[2025-03-21T13:56:48.402+0000] {subprocess.py:93} INFO - 25/03/21 13:56:48 INFO DAGScheduler: Final stage: ResultStage 0 (parquet at NativeMethodAccessorImpl.java:0)
[2025-03-21T13:56:48.403+0000] {subprocess.py:93} INFO - 25/03/21 13:56:48 INFO DAGScheduler: Parents of final stage: List()
[2025-03-21T13:56:48.405+0000] {subprocess.py:93} INFO - 25/03/21 13:56:48 INFO DAGScheduler: Missing parents: List()
[2025-03-21T13:56:48.414+0000] {subprocess.py:93} INFO - 25/03/21 13:56:48 INFO DAGScheduler: Submitting ResultStage 0 (MapPartitionsRDD[1] at parquet at NativeMethodAccessorImpl.java:0), which has no missing parents
[2025-03-21T13:56:48.609+0000] {subprocess.py:93} INFO - 25/03/21 13:56:48 INFO MemoryStore: Block broadcast_0 stored as values in memory (estimated size 103.3 KiB, free 366.2 MiB)
[2025-03-21T13:56:48.690+0000] {subprocess.py:93} INFO - 25/03/21 13:56:48 INFO MemoryStore: Block broadcast_0_piece0 stored as bytes in memory (estimated size 37.2 KiB, free 366.2 MiB)
[2025-03-21T13:56:48.695+0000] {subprocess.py:93} INFO - 25/03/21 13:56:48 INFO BlockManagerInfo: Added broadcast_0_piece0 in memory on e0b25feeb0e2:36165 (size: 37.2 KiB, free: 366.3 MiB)
[2025-03-21T13:56:48.703+0000] {subprocess.py:93} INFO - 25/03/21 13:56:48 INFO SparkContext: Created broadcast 0 from broadcast at DAGScheduler.scala:1580
[2025-03-21T13:56:48.770+0000] {subprocess.py:93} INFO - 25/03/21 13:56:48 INFO DAGScheduler: Submitting 1 missing tasks from ResultStage 0 (MapPartitionsRDD[1] at parquet at NativeMethodAccessorImpl.java:0) (first 15 tasks are for partitions Vector(0))
[2025-03-21T13:56:48.772+0000] {subprocess.py:93} INFO - 25/03/21 13:56:48 INFO TaskSchedulerImpl: Adding task set 0.0 with 1 tasks resource profile 0
[2025-03-21T13:56:54.477+0000] {subprocess.py:93} INFO - 25/03/21 13:56:54 INFO StandaloneAppClient$ClientEndpoint: Executor added: app-20250321135640-0009/0 on worker-20250321134653-172.18.0.2-40107 (172.18.0.2:40107) with 2 core(s)
[2025-03-21T13:56:54.479+0000] {subprocess.py:93} INFO - 25/03/21 13:56:54 INFO StandaloneSchedulerBackend: Granted executor ID app-20250321135640-0009/0 on hostPort 172.18.0.2:40107 with 2 core(s), 1024.0 MiB RAM
[2025-03-21T13:56:54.695+0000] {subprocess.py:93} INFO - 25/03/21 13:56:54 INFO StandaloneAppClient$ClientEndpoint: Executor updated: app-20250321135640-0009/0 is now RUNNING
[2025-03-21T13:56:58.594+0000] {subprocess.py:93} INFO - 25/03/21 13:56:58 INFO StandaloneSchedulerBackend$StandaloneDriverEndpoint: Registered executor NettyRpcEndpointRef(spark-client://Executor) (172.18.0.2:36186) with ID 0,  ResourceProfileId 0
[2025-03-21T13:56:58.714+0000] {subprocess.py:93} INFO - 25/03/21 13:56:58 INFO BlockManagerMasterEndpoint: Registering block manager 172.18.0.2:38297 with 366.3 MiB RAM, BlockManagerId(0, 172.18.0.2, 38297, None)
[2025-03-21T13:56:58.833+0000] {subprocess.py:93} INFO - 25/03/21 13:56:58 INFO TaskSetManager: Starting task 0.0 in stage 0.0 (TID 0) (172.18.0.2, executor 0, partition 0, PROCESS_LOCAL, 7831 bytes)
[2025-03-21T13:56:59.283+0000] {subprocess.py:93} INFO - 25/03/21 13:56:59 INFO BlockManagerInfo: Added broadcast_0_piece0 in memory on 172.18.0.2:38297 (size: 37.2 KiB, free: 366.3 MiB)
[2025-03-21T13:57:01.820+0000] {subprocess.py:93} INFO - 25/03/21 13:57:01 INFO TaskSetManager: Finished task 0.0 in stage 0.0 (TID 0) in 3014 ms on 172.18.0.2 (executor 0) (1/1)
[2025-03-21T13:57:01.823+0000] {subprocess.py:93} INFO - 25/03/21 13:57:01 INFO TaskSchedulerImpl: Removed TaskSet 0.0, whose tasks have all completed, from pool
[2025-03-21T13:57:01.833+0000] {subprocess.py:93} INFO - 25/03/21 13:57:01 INFO DAGScheduler: ResultStage 0 (parquet at NativeMethodAccessorImpl.java:0) finished in 13.348 s
[2025-03-21T13:57:01.838+0000] {subprocess.py:93} INFO - 25/03/21 13:57:01 INFO DAGScheduler: Job 0 is finished. Cancelling potential speculative or zombie tasks for this job
[2025-03-21T13:57:01.839+0000] {subprocess.py:93} INFO - 25/03/21 13:57:01 INFO TaskSchedulerImpl: Killing all running tasks in stage 0: Stage finished
[2025-03-21T13:57:01.842+0000] {subprocess.py:93} INFO - 25/03/21 13:57:01 INFO DAGScheduler: Job 0 finished: parquet at NativeMethodAccessorImpl.java:0, took 13.471219 s
[2025-03-21T13:57:02.072+0000] {subprocess.py:93} INFO - 25/03/21 13:57:02 INFO BlockManagerInfo: Removed broadcast_0_piece0 on e0b25feeb0e2:36165 in memory (size: 37.2 KiB, free: 366.3 MiB)
[2025-03-21T13:57:02.090+0000] {subprocess.py:93} INFO - 25/03/21 13:57:02 INFO BlockManagerInfo: Removed broadcast_0_piece0 on 172.18.0.2:38297 in memory (size: 37.2 KiB, free: 366.3 MiB)
[2025-03-21T13:57:04.939+0000] {subprocess.py:93} INFO - 25/03/21 13:57:04 INFO FileSourceStrategy: Pushed Filters: IsNotNull(amount),GreaterThan(amount,1000.0)
[2025-03-21T13:57:04.950+0000] {subprocess.py:93} INFO - 25/03/21 13:57:04 INFO FileSourceStrategy: Post-Scan Filters: isnotnull(amount#2),(amount#2 > 1000.0)
[2025-03-21T13:57:05.337+0000] {subprocess.py:93} INFO - 25/03/21 13:57:05 INFO ParquetUtils: Using default output committer for Parquet: org.apache.parquet.hadoop.ParquetOutputCommitter
[2025-03-21T13:57:05.383+0000] {subprocess.py:93} INFO - 25/03/21 13:57:05 INFO FileOutputCommitter: File Output Committer Algorithm version is 1
[2025-03-21T13:57:05.384+0000] {subprocess.py:93} INFO - 25/03/21 13:57:05 INFO FileOutputCommitter: FileOutputCommitter skip cleanup _temporary folders under output directory:false, ignore cleanup failures: false
[2025-03-21T13:57:05.389+0000] {subprocess.py:93} INFO - 25/03/21 13:57:05 INFO SQLHadoopMapReduceCommitProtocol: Using user defined output committer class org.apache.parquet.hadoop.ParquetOutputCommitter
[2025-03-21T13:57:05.390+0000] {subprocess.py:93} INFO - 25/03/21 13:57:05 INFO FileOutputCommitter: File Output Committer Algorithm version is 1
[2025-03-21T13:57:05.392+0000] {subprocess.py:93} INFO - 25/03/21 13:57:05 INFO FileOutputCommitter: FileOutputCommitter skip cleanup _temporary folders under output directory:false, ignore cleanup failures: false
[2025-03-21T13:57:05.394+0000] {subprocess.py:93} INFO - 25/03/21 13:57:05 INFO SQLHadoopMapReduceCommitProtocol: Using output committer class org.apache.parquet.hadoop.ParquetOutputCommitter
[2025-03-21T13:57:06.129+0000] {subprocess.py:93} INFO - 25/03/21 13:57:06 INFO CodeGenerator: Code generated in 536.542385 ms
[2025-03-21T13:57:06.168+0000] {subprocess.py:93} INFO - 25/03/21 13:57:06 INFO MemoryStore: Block broadcast_1 stored as values in memory (estimated size 357.5 KiB, free 366.0 MiB)
[2025-03-21T13:57:06.187+0000] {subprocess.py:93} INFO - 25/03/21 13:57:06 INFO MemoryStore: Block broadcast_1_piece0 stored as bytes in memory (estimated size 35.2 KiB, free 365.9 MiB)
[2025-03-21T13:57:06.188+0000] {subprocess.py:93} INFO - 25/03/21 13:57:06 INFO BlockManagerInfo: Added broadcast_1_piece0 in memory on e0b25feeb0e2:36165 (size: 35.2 KiB, free: 366.3 MiB)
[2025-03-21T13:57:06.190+0000] {subprocess.py:93} INFO - 25/03/21 13:57:06 INFO SparkContext: Created broadcast 1 from parquet at NativeMethodAccessorImpl.java:0
[2025-03-21T13:57:06.209+0000] {subprocess.py:93} INFO - 25/03/21 13:57:06 INFO FileSourceScanExec: Planning scan with bin packing, max size: 4194304 bytes, open cost is considered as scanning 4194304 bytes.
[2025-03-21T13:57:06.284+0000] {subprocess.py:93} INFO - 25/03/21 13:57:06 INFO SparkContext: Starting job: parquet at NativeMethodAccessorImpl.java:0
[2025-03-21T13:57:06.287+0000] {subprocess.py:93} INFO - 25/03/21 13:57:06 INFO DAGScheduler: Got job 1 (parquet at NativeMethodAccessorImpl.java:0) with 1 output partitions
[2025-03-21T13:57:06.288+0000] {subprocess.py:93} INFO - 25/03/21 13:57:06 INFO DAGScheduler: Final stage: ResultStage 1 (parquet at NativeMethodAccessorImpl.java:0)
[2025-03-21T13:57:06.289+0000] {subprocess.py:93} INFO - 25/03/21 13:57:06 INFO DAGScheduler: Parents of final stage: List()
[2025-03-21T13:57:06.290+0000] {subprocess.py:93} INFO - 25/03/21 13:57:06 INFO DAGScheduler: Missing parents: List()
[2025-03-21T13:57:06.291+0000] {subprocess.py:93} INFO - 25/03/21 13:57:06 INFO DAGScheduler: Submitting ResultStage 1 (MapPartitionsRDD[5] at parquet at NativeMethodAccessorImpl.java:0), which has no missing parents
[2025-03-21T13:57:06.366+0000] {subprocess.py:93} INFO - 25/03/21 13:57:06 INFO MemoryStore: Block broadcast_2 stored as values in memory (estimated size 219.2 KiB, free 365.7 MiB)
[2025-03-21T13:57:06.370+0000] {subprocess.py:93} INFO - 25/03/21 13:57:06 INFO MemoryStore: Block broadcast_2_piece0 stored as bytes in memory (estimated size 77.5 KiB, free 365.6 MiB)
[2025-03-21T13:57:06.371+0000] {subprocess.py:93} INFO - 25/03/21 13:57:06 INFO BlockManagerInfo: Added broadcast_2_piece0 in memory on e0b25feeb0e2:36165 (size: 77.5 KiB, free: 366.2 MiB)
[2025-03-21T13:57:06.373+0000] {subprocess.py:93} INFO - 25/03/21 13:57:06 INFO SparkContext: Created broadcast 2 from broadcast at DAGScheduler.scala:1580
[2025-03-21T13:57:06.375+0000] {subprocess.py:93} INFO - 25/03/21 13:57:06 INFO DAGScheduler: Submitting 1 missing tasks from ResultStage 1 (MapPartitionsRDD[5] at parquet at NativeMethodAccessorImpl.java:0) (first 15 tasks are for partitions Vector(0))
[2025-03-21T13:57:06.376+0000] {subprocess.py:93} INFO - 25/03/21 13:57:06 INFO TaskSchedulerImpl: Adding task set 1.0 with 1 tasks resource profile 0
[2025-03-21T13:57:06.388+0000] {subprocess.py:93} INFO - 25/03/21 13:57:06 INFO TaskSetManager: Starting task 0.0 in stage 1.0 (TID 1) (172.18.0.2, executor 0, partition 0, ANY, 8299 bytes)
[2025-03-21T13:57:06.473+0000] {subprocess.py:93} INFO - 25/03/21 13:57:06 INFO BlockManagerInfo: Added broadcast_2_piece0 in memory on 172.18.0.2:38297 (size: 77.5 KiB, free: 366.2 MiB)
[2025-03-21T13:57:08.347+0000] {subprocess.py:93} INFO - 25/03/21 13:57:08 INFO BlockManagerInfo: Added broadcast_1_piece0 in memory on 172.18.0.2:38297 (size: 35.2 KiB, free: 366.2 MiB)
[2025-03-21T13:57:09.175+0000] {subprocess.py:93} INFO - 25/03/21 13:57:09 INFO TaskSetManager: Finished task 0.0 in stage 1.0 (TID 1) in 2777 ms on 172.18.0.2 (executor 0) (1/1)
[2025-03-21T13:57:09.192+0000] {subprocess.py:93} INFO - 25/03/21 13:57:09 INFO TaskSchedulerImpl: Removed TaskSet 1.0, whose tasks have all completed, from pool
[2025-03-21T13:57:09.195+0000] {subprocess.py:93} INFO - 25/03/21 13:57:09 INFO DAGScheduler: ResultStage 1 (parquet at NativeMethodAccessorImpl.java:0) finished in 2.866 s
[2025-03-21T13:57:09.197+0000] {subprocess.py:93} INFO - 25/03/21 13:57:09 INFO DAGScheduler: Job 1 is finished. Cancelling potential speculative or zombie tasks for this job
[2025-03-21T13:57:09.198+0000] {subprocess.py:93} INFO - 25/03/21 13:57:09 INFO TaskSchedulerImpl: Killing all running tasks in stage 1: Stage finished
[2025-03-21T13:57:09.199+0000] {subprocess.py:93} INFO - 25/03/21 13:57:09 INFO DAGScheduler: Job 1 finished: parquet at NativeMethodAccessorImpl.java:0, took 2.883734 s
[2025-03-21T13:57:09.200+0000] {subprocess.py:93} INFO - 25/03/21 13:57:09 INFO FileFormatWriter: Start to commit write Job 1a77ef66-59ba-4d1e-9ea8-68803b021b43.
[2025-03-21T13:57:09.378+0000] {subprocess.py:93} INFO - 25/03/21 13:57:09 INFO FileFormatWriter: Write Job 1a77ef66-59ba-4d1e-9ea8-68803b021b43 committed. Elapsed time: 182 ms.
[2025-03-21T13:57:09.392+0000] {subprocess.py:93} INFO - 25/03/21 13:57:09 INFO FileFormatWriter: Finished processing stats for write job 1a77ef66-59ba-4d1e-9ea8-68803b021b43.
[2025-03-21T13:57:09.422+0000] {subprocess.py:93} INFO - 25/03/21 13:57:09 INFO SparkContext: SparkContext is stopping with exitCode 0.
[2025-03-21T13:57:09.455+0000] {subprocess.py:93} INFO - 25/03/21 13:57:09 INFO SparkUI: Stopped Spark web UI at http://e0b25feeb0e2:4040
[2025-03-21T13:57:09.483+0000] {subprocess.py:93} INFO - 25/03/21 13:57:09 INFO StandaloneSchedulerBackend: Shutting down all executors
[2025-03-21T13:57:09.498+0000] {subprocess.py:93} INFO - 25/03/21 13:57:09 INFO StandaloneSchedulerBackend$StandaloneDriverEndpoint: Asking each executor to shut down
[2025-03-21T13:57:09.625+0000] {subprocess.py:93} INFO - 25/03/21 13:57:09 INFO MapOutputTrackerMasterEndpoint: MapOutputTrackerMasterEndpoint stopped!
[2025-03-21T13:57:09.716+0000] {subprocess.py:93} INFO - 25/03/21 13:57:09 INFO MemoryStore: MemoryStore cleared
[2025-03-21T13:57:09.720+0000] {subprocess.py:93} INFO - 25/03/21 13:57:09 INFO BlockManager: BlockManager stopped
[2025-03-21T13:57:09.734+0000] {subprocess.py:93} INFO - 25/03/21 13:57:09 INFO BlockManagerMaster: BlockManagerMaster stopped
[2025-03-21T13:57:09.749+0000] {subprocess.py:93} INFO - 25/03/21 13:57:09 INFO OutputCommitCoordinator$OutputCommitCoordinatorEndpoint: OutputCommitCoordinator stopped!
[2025-03-21T13:57:09.792+0000] {subprocess.py:93} INFO - 25/03/21 13:57:09 INFO SparkContext: Successfully stopped SparkContext
[2025-03-21T13:57:10.083+0000] {subprocess.py:93} INFO - 25/03/21 13:57:10 INFO ShutdownHookManager: Shutdown hook called
[2025-03-21T13:57:10.084+0000] {subprocess.py:93} INFO - 25/03/21 13:57:10 INFO ShutdownHookManager: Deleting directory /tmp/spark-70413049-43f2-4081-b334-a7b695c4ffe0
[2025-03-21T13:57:10.092+0000] {subprocess.py:93} INFO - 25/03/21 13:57:10 INFO ShutdownHookManager: Deleting directory /tmp/spark-95b6c657-5b14-4161-9348-ef9400378c8b
[2025-03-21T13:57:10.097+0000] {subprocess.py:93} INFO - 25/03/21 13:57:10 INFO ShutdownHookManager: Deleting directory /tmp/spark-95b6c657-5b14-4161-9348-ef9400378c8b/pyspark-07717ac3-e29f-4621-af4f-a392fb6d5f42
[2025-03-21T13:57:10.257+0000] {subprocess.py:97} INFO - Command exited with return code 0
[2025-03-21T13:57:10.346+0000] {taskinstance.py:1398} INFO - Marking task as SUCCESS. dag_id=transactions_pipeline, task_id=detect_fraud_batch_20250321_131625, execution_date=20250321T135048, start_date=20250321T135625, end_date=20250321T135710
[2025-03-21T13:57:10.447+0000] {local_task_job_runner.py:228} INFO - Task exited with return code 0
[2025-03-21T13:57:10.488+0000] {taskinstance.py:2776} INFO - 0 downstream tasks scheduled from follow-on schedule check
