[2025-03-21T13:33:54.306+0000] {taskinstance.py:1157} INFO - Dependencies all met for dep_context=non-requeueable deps ti=<TaskInstance: transactions_pipeline.create_fraud_table_batch_20250321_131625 manual__2025-03-21T13:31:53.143260+00:00 [queued]>
[2025-03-21T13:33:54.360+0000] {taskinstance.py:1157} INFO - Dependencies all met for dep_context=requeueable deps ti=<TaskInstance: transactions_pipeline.create_fraud_table_batch_20250321_131625 manual__2025-03-21T13:31:53.143260+00:00 [queued]>
[2025-03-21T13:33:54.362+0000] {taskinstance.py:1359} INFO - Starting attempt 1 of 1
[2025-03-21T13:33:54.416+0000] {taskinstance.py:1380} INFO - Executing <Task(BashOperator): create_fraud_table_batch_20250321_131625> on 2025-03-21 13:31:53.143260+00:00
[2025-03-21T13:33:54.439+0000] {standard_task_runner.py:57} INFO - Started process 2657 to run task
[2025-03-21T13:33:54.453+0000] {standard_task_runner.py:84} INFO - Running: ['***', 'tasks', 'run', 'transactions_pipeline', 'create_fraud_table_batch_20250321_131625', 'manual__2025-03-21T13:31:53.143260+00:00', '--job-id', '647', '--raw', '--subdir', 'DAGS_FOLDER/fraud_detection_pipeline.py', '--cfg-path', '/tmp/tmp3pfh4466']
[2025-03-21T13:33:54.462+0000] {standard_task_runner.py:85} INFO - Job 647: Subtask create_fraud_table_batch_20250321_131625
[2025-03-21T13:33:54.666+0000] {task_command.py:415} INFO - Running <TaskInstance: transactions_pipeline.create_fraud_table_batch_20250321_131625 manual__2025-03-21T13:31:53.143260+00:00 [running]> on host 1b7c3466167a
[2025-03-21T13:33:55.042+0000] {taskinstance.py:1660} INFO - Exporting env vars: AIRFLOW_CTX_DAG_EMAIL='rabiizahnoune7@gmail.com' AIRFLOW_CTX_DAG_OWNER='***' AIRFLOW_CTX_DAG_ID='transactions_pipeline' AIRFLOW_CTX_TASK_ID='create_fraud_table_batch_20250321_131625' AIRFLOW_CTX_EXECUTION_DATE='2025-03-21T13:31:53.143260+00:00' AIRFLOW_CTX_TRY_NUMBER='1' AIRFLOW_CTX_DAG_RUN_ID='manual__2025-03-21T13:31:53.143260+00:00'
[2025-03-21T13:33:55.046+0000] {subprocess.py:63} INFO - Tmp dir root location: /tmp
[2025-03-21T13:33:55.047+0000] {subprocess.py:75} INFO - Running command: ['/bin/bash', '-c', '\n            docker exec hive beeline -u "jdbc:hive2://localhost:10000" -e "\n            CREATE EXTERNAL TABLE IF NOT EXISTS fraud_detections (\n                transaction_id STRING,\n                date_time STRING,\n                amount DOUBLE,\n                customer_id STRING,\n                location STRING,\n                fraud_reason STRING\n            )\n            STORED AS PARQUET\n            LOCATION \'/data/fraud_detections\';"\n            ']
[2025-03-21T13:33:55.083+0000] {subprocess.py:86} INFO - Output:
[2025-03-21T13:34:05.400+0000] {subprocess.py:93} INFO - SLF4J: Class path contains multiple SLF4J bindings.
[2025-03-21T13:34:05.401+0000] {subprocess.py:93} INFO - SLF4J: Found binding in [jar:file:/opt/hive/lib/log4j-slf4j-impl-2.17.1.jar!/org/slf4j/impl/StaticLoggerBinder.class]
[2025-03-21T13:34:05.402+0000] {subprocess.py:93} INFO - SLF4J: Found binding in [jar:file:/opt/hadoop/share/hadoop/common/lib/slf4j-log4j12-1.7.25.jar!/org/slf4j/impl/StaticLoggerBinder.class]
[2025-03-21T13:34:05.408+0000] {subprocess.py:93} INFO - SLF4J: See http://www.slf4j.org/codes.html#multiple_bindings for an explanation.
[2025-03-21T13:34:08.109+0000] {subprocess.py:93} INFO - SLF4J: Actual binding is of type [org.apache.logging.slf4j.Log4jLoggerFactory]
[2025-03-21T13:34:21.982+0000] {subprocess.py:93} INFO - Connecting to jdbc:hive2://localhost:10000
[2025-03-21T13:34:24.576+0000] {subprocess.py:93} INFO - Connected to: Apache Hive (version 3.1.3)
[2025-03-21T13:34:24.578+0000] {subprocess.py:93} INFO - Driver: Hive JDBC (version 3.1.3)
[2025-03-21T13:34:24.579+0000] {subprocess.py:93} INFO - Transaction isolation: TRANSACTION_REPEATABLE_READ
[2025-03-21T13:34:26.161+0000] {subprocess.py:93} INFO - INFO  : Compiling command(queryId=root_20250321133424_40d1fe8c-494d-4dc7-89e1-914e6b45f726): CREATE EXTERNAL TABLE IF NOT EXISTS fraud_detections (
[2025-03-21T13:34:26.162+0000] {subprocess.py:93} INFO -                 transaction_id STRING,
[2025-03-21T13:34:26.165+0000] {subprocess.py:93} INFO -                 date_time STRING,
[2025-03-21T13:34:26.166+0000] {subprocess.py:93} INFO -                 amount DOUBLE,
[2025-03-21T13:34:26.167+0000] {subprocess.py:93} INFO -                 customer_id STRING,
[2025-03-21T13:34:26.168+0000] {subprocess.py:93} INFO -                 location STRING,
[2025-03-21T13:34:26.168+0000] {subprocess.py:93} INFO -                 fraud_reason STRING
[2025-03-21T13:34:26.169+0000] {subprocess.py:93} INFO -             )
[2025-03-21T13:34:26.170+0000] {subprocess.py:93} INFO -             STORED AS PARQUET
[2025-03-21T13:34:26.170+0000] {subprocess.py:93} INFO -             LOCATION '/data/fraud_detections'
[2025-03-21T13:34:26.171+0000] {subprocess.py:93} INFO - INFO  : Concurrency mode is disabled, not creating a lock manager
[2025-03-21T13:34:26.172+0000] {subprocess.py:93} INFO - INFO  : Semantic Analysis Completed (retrial = false)
[2025-03-21T13:34:26.172+0000] {subprocess.py:93} INFO - INFO  : Returning Hive schema: Schema(fieldSchemas:null, properties:null)
[2025-03-21T13:34:26.173+0000] {subprocess.py:93} INFO - INFO  : Completed compiling command(queryId=root_20250321133424_40d1fe8c-494d-4dc7-89e1-914e6b45f726); Time taken: 0.108 seconds
[2025-03-21T13:34:26.174+0000] {subprocess.py:93} INFO - INFO  : Concurrency mode is disabled, not creating a lock manager
[2025-03-21T13:34:26.175+0000] {subprocess.py:93} INFO - INFO  : Executing command(queryId=root_20250321133424_40d1fe8c-494d-4dc7-89e1-914e6b45f726): CREATE EXTERNAL TABLE IF NOT EXISTS fraud_detections (
[2025-03-21T13:34:26.175+0000] {subprocess.py:93} INFO -                 transaction_id STRING,
[2025-03-21T13:34:26.176+0000] {subprocess.py:93} INFO -                 date_time STRING,
[2025-03-21T13:34:26.176+0000] {subprocess.py:93} INFO -                 amount DOUBLE,
[2025-03-21T13:34:26.177+0000] {subprocess.py:93} INFO -                 customer_id STRING,
[2025-03-21T13:34:26.178+0000] {subprocess.py:93} INFO -                 location STRING,
[2025-03-21T13:34:26.179+0000] {subprocess.py:93} INFO -                 fraud_reason STRING
[2025-03-21T13:34:26.180+0000] {subprocess.py:93} INFO -             )
[2025-03-21T13:34:26.180+0000] {subprocess.py:93} INFO -             STORED AS PARQUET
[2025-03-21T13:34:26.181+0000] {subprocess.py:93} INFO -             LOCATION '/data/fraud_detections'
[2025-03-21T13:34:26.182+0000] {subprocess.py:93} INFO - INFO  : Completed executing command(queryId=root_20250321133424_40d1fe8c-494d-4dc7-89e1-914e6b45f726); Time taken: 0.002 seconds
[2025-03-21T13:34:26.182+0000] {subprocess.py:93} INFO - INFO  : OK
[2025-03-21T13:34:26.183+0000] {subprocess.py:93} INFO - INFO  : Concurrency mode is disabled, not creating a lock manager
[2025-03-21T13:34:26.184+0000] {subprocess.py:93} INFO - No rows affected (1.391 seconds)
[2025-03-21T13:34:26.255+0000] {subprocess.py:93} INFO - Beeline version 3.1.3 by Apache Hive
[2025-03-21T13:34:26.464+0000] {subprocess.py:93} INFO - Closing: 0: jdbc:hive2://localhost:10000
[2025-03-21T13:34:26.800+0000] {subprocess.py:97} INFO - Command exited with return code 0
[2025-03-21T13:34:26.835+0000] {taskinstance.py:1398} INFO - Marking task as SUCCESS. dag_id=transactions_pipeline, task_id=create_fraud_table_batch_20250321_131625, execution_date=20250321T133153, start_date=20250321T133354, end_date=20250321T133426
[2025-03-21T13:34:26.917+0000] {local_task_job_runner.py:228} INFO - Task exited with return code 0
[2025-03-21T13:34:26.945+0000] {taskinstance.py:2776} INFO - 1 downstream tasks scheduled from follow-on schedule check
