[2025-03-21T13:52:41.347+0000] {taskinstance.py:1157} INFO - Dependencies all met for dep_context=non-requeueable deps ti=<TaskInstance: transactions_pipeline.create_processed_dir scheduled__2025-03-21T13:47:39.231672+00:00 [queued]>
[2025-03-21T13:52:41.366+0000] {taskinstance.py:1157} INFO - Dependencies all met for dep_context=requeueable deps ti=<TaskInstance: transactions_pipeline.create_processed_dir scheduled__2025-03-21T13:47:39.231672+00:00 [queued]>
[2025-03-21T13:52:41.368+0000] {taskinstance.py:1359} INFO - Starting attempt 1 of 1
[2025-03-21T13:52:41.401+0000] {taskinstance.py:1380} INFO - Executing <Task(BashOperator): create_processed_dir> on 2025-03-21 13:47:39.231672+00:00
[2025-03-21T13:52:41.411+0000] {standard_task_runner.py:57} INFO - Started process 1123 to run task
[2025-03-21T13:52:41.416+0000] {standard_task_runner.py:84} INFO - Running: ['***', 'tasks', 'run', 'transactions_pipeline', 'create_processed_dir', 'scheduled__2025-03-21T13:47:39.231672+00:00', '--job-id', '726', '--raw', '--subdir', 'DAGS_FOLDER/fraud_detection_pipeline.py', '--cfg-path', '/tmp/tmpgt0w1zq_']
[2025-03-21T13:52:41.422+0000] {standard_task_runner.py:85} INFO - Job 726: Subtask create_processed_dir
[2025-03-21T13:52:41.517+0000] {task_command.py:415} INFO - Running <TaskInstance: transactions_pipeline.create_processed_dir scheduled__2025-03-21T13:47:39.231672+00:00 [running]> on host e95638583d4d
[2025-03-21T13:52:41.694+0000] {taskinstance.py:1660} INFO - Exporting env vars: AIRFLOW_CTX_DAG_EMAIL='rabiizahnoune7@gmail.com' AIRFLOW_CTX_DAG_OWNER='***' AIRFLOW_CTX_DAG_ID='transactions_pipeline' AIRFLOW_CTX_TASK_ID='create_processed_dir' AIRFLOW_CTX_EXECUTION_DATE='2025-03-21T13:47:39.231672+00:00' AIRFLOW_CTX_TRY_NUMBER='1' AIRFLOW_CTX_DAG_RUN_ID='scheduled__2025-03-21T13:47:39.231672+00:00'
[2025-03-21T13:52:41.698+0000] {subprocess.py:63} INFO - Tmp dir root location: /tmp
[2025-03-21T13:52:41.699+0000] {subprocess.py:75} INFO - Running command: ['/bin/bash', '-c', "docker exec kafka bash -c 'mkdir -p /data/transactions/processed'"]
[2025-03-21T13:52:41.722+0000] {subprocess.py:86} INFO - Output:
[2025-03-21T13:52:41.869+0000] {subprocess.py:97} INFO - Command exited with return code 0
[2025-03-21T13:52:41.928+0000] {taskinstance.py:1398} INFO - Marking task as SUCCESS. dag_id=transactions_pipeline, task_id=create_processed_dir, execution_date=20250321T134739, start_date=20250321T135241, end_date=20250321T135241
[2025-03-21T13:52:41.996+0000] {local_task_job_runner.py:228} INFO - Task exited with return code 0
[2025-03-21T13:52:42.047+0000] {dagrun.py:743} ERROR - Failed to get task for ti <TaskInstance: transactions_pipeline.copy_to_hdfs_batch_20250321_131741 scheduled__2025-03-21T13:47:39.231672+00:00 [None]>. Marking it as removed.
[2025-03-21T13:52:42.054+0000] {dagrun.py:743} ERROR - Failed to get task for ti <TaskInstance: transactions_pipeline.create_hive_table_batch_20250321_131741 scheduled__2025-03-21T13:47:39.231672+00:00 [None]>. Marking it as removed.
[2025-03-21T13:52:42.058+0000] {dagrun.py:743} ERROR - Failed to get task for ti <TaskInstance: transactions_pipeline.create_fraud_table_batch_20250321_131741 scheduled__2025-03-21T13:47:39.231672+00:00 [None]>. Marking it as removed.
[2025-03-21T13:52:42.063+0000] {dagrun.py:743} ERROR - Failed to get task for ti <TaskInstance: transactions_pipeline.detect_fraud_batch_20250321_131741 scheduled__2025-03-21T13:47:39.231672+00:00 [None]>. Marking it as removed.
[2025-03-21T13:52:42.067+0000] {dagrun.py:743} ERROR - Failed to get task for ti <TaskInstance: transactions_pipeline.move_processed_file_batch_20250321_131741 scheduled__2025-03-21T13:47:39.231672+00:00 [None]>. Marking it as removed.
[2025-03-21T13:52:42.106+0000] {taskinstance.py:2776} INFO - 1 downstream tasks scheduled from follow-on schedule check
