[2025-03-21T13:33:54.550+0000] {taskinstance.py:1157} INFO - Dependencies all met for dep_context=non-requeueable deps ti=<TaskInstance: transactions_pipeline.create_fraud_table_batch_20250321_131741 manual__2025-03-21T13:31:53.143260+00:00 [queued]>
[2025-03-21T13:33:54.597+0000] {taskinstance.py:1157} INFO - Dependencies all met for dep_context=requeueable deps ti=<TaskInstance: transactions_pipeline.create_fraud_table_batch_20250321_131741 manual__2025-03-21T13:31:53.143260+00:00 [queued]>
[2025-03-21T13:33:54.609+0000] {taskinstance.py:1359} INFO - Starting attempt 1 of 1
[2025-03-21T13:33:54.658+0000] {taskinstance.py:1380} INFO - Executing <Task(BashOperator): create_fraud_table_batch_20250321_131741> on 2025-03-21 13:31:53.143260+00:00
[2025-03-21T13:33:54.673+0000] {standard_task_runner.py:57} INFO - Started process 2660 to run task
[2025-03-21T13:33:54.680+0000] {standard_task_runner.py:84} INFO - Running: ['***', 'tasks', 'run', 'transactions_pipeline', 'create_fraud_table_batch_20250321_131741', 'manual__2025-03-21T13:31:53.143260+00:00', '--job-id', '651', '--raw', '--subdir', 'DAGS_FOLDER/fraud_detection_pipeline.py', '--cfg-path', '/tmp/tmp80luh68p']
[2025-03-21T13:33:54.695+0000] {standard_task_runner.py:85} INFO - Job 651: Subtask create_fraud_table_batch_20250321_131741
[2025-03-21T13:33:54.974+0000] {task_command.py:415} INFO - Running <TaskInstance: transactions_pipeline.create_fraud_table_batch_20250321_131741 manual__2025-03-21T13:31:53.143260+00:00 [running]> on host 1b7c3466167a
[2025-03-21T13:33:55.262+0000] {taskinstance.py:1660} INFO - Exporting env vars: AIRFLOW_CTX_DAG_EMAIL='rabiizahnoune7@gmail.com' AIRFLOW_CTX_DAG_OWNER='***' AIRFLOW_CTX_DAG_ID='transactions_pipeline' AIRFLOW_CTX_TASK_ID='create_fraud_table_batch_20250321_131741' AIRFLOW_CTX_EXECUTION_DATE='2025-03-21T13:31:53.143260+00:00' AIRFLOW_CTX_TRY_NUMBER='1' AIRFLOW_CTX_DAG_RUN_ID='manual__2025-03-21T13:31:53.143260+00:00'
[2025-03-21T13:33:55.274+0000] {subprocess.py:63} INFO - Tmp dir root location: /tmp
[2025-03-21T13:33:55.281+0000] {subprocess.py:75} INFO - Running command: ['/bin/bash', '-c', '\n            docker exec hive beeline -u "jdbc:hive2://localhost:10000" -e "\n            CREATE EXTERNAL TABLE IF NOT EXISTS fraud_detections (\n                transaction_id STRING,\n                date_time STRING,\n                amount DOUBLE,\n                customer_id STRING,\n                location STRING,\n                fraud_reason STRING\n            )\n            STORED AS PARQUET\n            LOCATION \'/data/fraud_detections\';"\n            ']
[2025-03-21T13:33:55.329+0000] {subprocess.py:86} INFO - Output:
[2025-03-21T13:34:06.712+0000] {subprocess.py:93} INFO - SLF4J: Class path contains multiple SLF4J bindings.
[2025-03-21T13:34:06.713+0000] {subprocess.py:93} INFO - SLF4J: Found binding in [jar:file:/opt/hive/lib/log4j-slf4j-impl-2.17.1.jar!/org/slf4j/impl/StaticLoggerBinder.class]
[2025-03-21T13:34:06.714+0000] {subprocess.py:93} INFO - SLF4J: Found binding in [jar:file:/opt/hadoop/share/hadoop/common/lib/slf4j-log4j12-1.7.25.jar!/org/slf4j/impl/StaticLoggerBinder.class]
[2025-03-21T13:34:06.714+0000] {subprocess.py:93} INFO - SLF4J: See http://www.slf4j.org/codes.html#multiple_bindings for an explanation.
[2025-03-21T13:34:09.300+0000] {subprocess.py:93} INFO - SLF4J: Actual binding is of type [org.apache.logging.slf4j.Log4jLoggerFactory]
[2025-03-21T13:34:22.580+0000] {subprocess.py:93} INFO - Connecting to jdbc:hive2://localhost:10000
[2025-03-21T13:34:26.567+0000] {subprocess.py:93} INFO - Connected to: Apache Hive (version 3.1.3)
[2025-03-21T13:34:26.568+0000] {subprocess.py:93} INFO - Driver: Hive JDBC (version 3.1.3)
[2025-03-21T13:34:26.569+0000] {subprocess.py:93} INFO - Transaction isolation: TRANSACTION_REPEATABLE_READ
[2025-03-21T13:34:27.572+0000] {subprocess.py:93} INFO - INFO  : Compiling command(queryId=root_20250321133426_63601d25-25ab-46af-970a-7244209368c0): CREATE EXTERNAL TABLE IF NOT EXISTS fraud_detections (
[2025-03-21T13:34:27.573+0000] {subprocess.py:93} INFO -                 transaction_id STRING,
[2025-03-21T13:34:27.574+0000] {subprocess.py:93} INFO -                 date_time STRING,
[2025-03-21T13:34:27.575+0000] {subprocess.py:93} INFO -                 amount DOUBLE,
[2025-03-21T13:34:27.576+0000] {subprocess.py:93} INFO -                 customer_id STRING,
[2025-03-21T13:34:27.578+0000] {subprocess.py:93} INFO -                 location STRING,
[2025-03-21T13:34:27.580+0000] {subprocess.py:93} INFO -                 fraud_reason STRING
[2025-03-21T13:34:27.581+0000] {subprocess.py:93} INFO -             )
[2025-03-21T13:34:27.582+0000] {subprocess.py:93} INFO -             STORED AS PARQUET
[2025-03-21T13:34:27.583+0000] {subprocess.py:93} INFO -             LOCATION '/data/fraud_detections'
[2025-03-21T13:34:27.583+0000] {subprocess.py:93} INFO - INFO  : Concurrency mode is disabled, not creating a lock manager
[2025-03-21T13:34:27.587+0000] {subprocess.py:93} INFO - INFO  : Semantic Analysis Completed (retrial = false)
[2025-03-21T13:34:27.588+0000] {subprocess.py:93} INFO - INFO  : Returning Hive schema: Schema(fieldSchemas:null, properties:null)
[2025-03-21T13:34:27.589+0000] {subprocess.py:93} INFO - INFO  : Completed compiling command(queryId=root_20250321133426_63601d25-25ab-46af-970a-7244209368c0); Time taken: 0.018 seconds
[2025-03-21T13:34:27.590+0000] {subprocess.py:93} INFO - INFO  : Concurrency mode is disabled, not creating a lock manager
[2025-03-21T13:34:27.591+0000] {subprocess.py:93} INFO - INFO  : Executing command(queryId=root_20250321133426_63601d25-25ab-46af-970a-7244209368c0): CREATE EXTERNAL TABLE IF NOT EXISTS fraud_detections (
[2025-03-21T13:34:27.591+0000] {subprocess.py:93} INFO -                 transaction_id STRING,
[2025-03-21T13:34:27.592+0000] {subprocess.py:93} INFO -                 date_time STRING,
[2025-03-21T13:34:27.593+0000] {subprocess.py:93} INFO -                 amount DOUBLE,
[2025-03-21T13:34:27.595+0000] {subprocess.py:93} INFO -                 customer_id STRING,
[2025-03-21T13:34:27.598+0000] {subprocess.py:93} INFO -                 location STRING,
[2025-03-21T13:34:27.603+0000] {subprocess.py:93} INFO -                 fraud_reason STRING
[2025-03-21T13:34:27.605+0000] {subprocess.py:93} INFO -             )
[2025-03-21T13:34:27.606+0000] {subprocess.py:93} INFO -             STORED AS PARQUET
[2025-03-21T13:34:27.607+0000] {subprocess.py:93} INFO -             LOCATION '/data/fraud_detections'
[2025-03-21T13:34:27.608+0000] {subprocess.py:93} INFO - INFO  : Completed executing command(queryId=root_20250321133426_63601d25-25ab-46af-970a-7244209368c0); Time taken: 0.001 seconds
[2025-03-21T13:34:27.608+0000] {subprocess.py:93} INFO - INFO  : OK
[2025-03-21T13:34:27.609+0000] {subprocess.py:93} INFO - INFO  : Concurrency mode is disabled, not creating a lock manager
[2025-03-21T13:34:27.609+0000] {subprocess.py:93} INFO - No rows affected (0.921 seconds)
[2025-03-21T13:34:27.762+0000] {subprocess.py:93} INFO - Beeline version 3.1.3 by Apache Hive
[2025-03-21T13:34:27.964+0000] {subprocess.py:93} INFO - Closing: 0: jdbc:hive2://localhost:10000
[2025-03-21T13:34:28.201+0000] {subprocess.py:97} INFO - Command exited with return code 0
[2025-03-21T13:34:28.237+0000] {taskinstance.py:1398} INFO - Marking task as SUCCESS. dag_id=transactions_pipeline, task_id=create_fraud_table_batch_20250321_131741, execution_date=20250321T133153, start_date=20250321T133354, end_date=20250321T133428
[2025-03-21T13:34:28.305+0000] {local_task_job_runner.py:228} INFO - Task exited with return code 0
[2025-03-21T13:34:28.369+0000] {taskinstance.py:2776} INFO - 1 downstream tasks scheduled from follow-on schedule check
