[2025-03-20T22:00:54.708+0000] {taskinstance.py:1157} INFO - Dependencies all met for dep_context=non-requeueable deps ti=<TaskInstance: transactions_pipeline.create_hive_table scheduled__2025-03-20T21:10:32.992418+00:00 [queued]>
[2025-03-20T22:00:54.719+0000] {taskinstance.py:1157} INFO - Dependencies all met for dep_context=requeueable deps ti=<TaskInstance: transactions_pipeline.create_hive_table scheduled__2025-03-20T21:10:32.992418+00:00 [queued]>
[2025-03-20T22:00:54.720+0000] {taskinstance.py:1359} INFO - Starting attempt 1 of 2
[2025-03-20T22:00:54.737+0000] {taskinstance.py:1380} INFO - Executing <Task(BashOperator): create_hive_table> on 2025-03-20 21:10:32.992418+00:00
[2025-03-20T22:00:54.744+0000] {standard_task_runner.py:57} INFO - Started process 476 to run task
[2025-03-20T22:00:54.748+0000] {standard_task_runner.py:84} INFO - Running: ['***', 'tasks', 'run', 'transactions_pipeline', 'create_hive_table', 'scheduled__2025-03-20T21:10:32.992418+00:00', '--job-id', '419', '--raw', '--subdir', 'DAGS_FOLDER/fraud_detection_pipeline.py', '--cfg-path', '/tmp/tmp2vxdmcmt']
[2025-03-20T22:00:54.751+0000] {standard_task_runner.py:85} INFO - Job 419: Subtask create_hive_table
[2025-03-20T22:00:54.820+0000] {task_command.py:415} INFO - Running <TaskInstance: transactions_pipeline.create_hive_table scheduled__2025-03-20T21:10:32.992418+00:00 [running]> on host 9e96247a5f22
[2025-03-20T22:00:54.966+0000] {taskinstance.py:1660} INFO - Exporting env vars: AIRFLOW_CTX_DAG_EMAIL='rabiizahnoune7@gmail.com' AIRFLOW_CTX_DAG_OWNER='***' AIRFLOW_CTX_DAG_ID='transactions_pipeline' AIRFLOW_CTX_TASK_ID='create_hive_table' AIRFLOW_CTX_EXECUTION_DATE='2025-03-20T21:10:32.992418+00:00' AIRFLOW_CTX_TRY_NUMBER='1' AIRFLOW_CTX_DAG_RUN_ID='scheduled__2025-03-20T21:10:32.992418+00:00'
[2025-03-20T22:00:54.970+0000] {subprocess.py:63} INFO - Tmp dir root location: /tmp
[2025-03-20T22:00:54.972+0000] {subprocess.py:75} INFO - Running command: ['/bin/bash', '-c', '\n        docker exec hive beeline -u "jdbc:hive2://localhost:10000" --hiveconf hive.exec.dynamic.partition.mode=nonstrict -e "\n        CREATE EXTERNAL TABLE IF NOT EXISTS transactions (\n            transaction_id STRING,\n            date_time STRING,\n            amount DOUBLE,\n            currency STRING,\n            merchant_details STRING,\n            customer_id STRING,\n            transaction_type STRING,\n            location STRING\n        )\n        PARTITIONED BY (batch_id STRING)\n        STORED AS PARQUET;\n        ALTER TABLE transactions ADD IF NOT EXISTS PARTITION (batch_id=\'batch_20250320_144447\') LOCATION \'/data/transactions/transactions_batch_20250320_144447\';"\n        ']
[2025-03-20T22:00:54.990+0000] {subprocess.py:86} INFO - Output:
[2025-03-20T22:00:56.731+0000] {subprocess.py:93} INFO - SLF4J: Class path contains multiple SLF4J bindings.
[2025-03-20T22:00:56.732+0000] {subprocess.py:93} INFO - SLF4J: Found binding in [jar:file:/opt/hive/lib/log4j-slf4j-impl-2.17.1.jar!/org/slf4j/impl/StaticLoggerBinder.class]
[2025-03-20T22:00:56.733+0000] {subprocess.py:93} INFO - SLF4J: Found binding in [jar:file:/opt/hadoop/share/hadoop/common/lib/slf4j-log4j12-1.7.25.jar!/org/slf4j/impl/StaticLoggerBinder.class]
[2025-03-20T22:00:56.733+0000] {subprocess.py:93} INFO - SLF4J: See http://www.slf4j.org/codes.html#multiple_bindings for an explanation.
[2025-03-20T22:00:56.749+0000] {subprocess.py:93} INFO - SLF4J: Actual binding is of type [org.apache.logging.slf4j.Log4jLoggerFactory]
[2025-03-20T22:00:58.337+0000] {subprocess.py:93} INFO - Connecting to jdbc:hive2://localhost:10000
[2025-03-20T22:01:00.117+0000] {subprocess.py:93} INFO - Connected to: Apache Hive (version 3.1.3)
[2025-03-20T22:01:00.118+0000] {subprocess.py:93} INFO - Driver: Hive JDBC (version 3.1.3)
[2025-03-20T22:01:00.119+0000] {subprocess.py:93} INFO - Transaction isolation: TRANSACTION_REPEATABLE_READ
[2025-03-20T22:01:03.681+0000] {subprocess.py:93} INFO - INFO  : Compiling command(queryId=root_20250320220100_60afe3ec-d732-457c-90f0-dd98ac5c0e34): CREATE EXTERNAL TABLE IF NOT EXISTS transactions (
[2025-03-20T22:01:03.682+0000] {subprocess.py:93} INFO -             transaction_id STRING,
[2025-03-20T22:01:03.683+0000] {subprocess.py:93} INFO -             date_time STRING,
[2025-03-20T22:01:03.684+0000] {subprocess.py:93} INFO -             amount DOUBLE,
[2025-03-20T22:01:03.685+0000] {subprocess.py:93} INFO -             currency STRING,
[2025-03-20T22:01:03.686+0000] {subprocess.py:93} INFO -             merchant_details STRING,
[2025-03-20T22:01:03.686+0000] {subprocess.py:93} INFO -             customer_id STRING,
[2025-03-20T22:01:03.687+0000] {subprocess.py:93} INFO -             transaction_type STRING,
[2025-03-20T22:01:03.687+0000] {subprocess.py:93} INFO -             location STRING
[2025-03-20T22:01:03.688+0000] {subprocess.py:93} INFO -         )
[2025-03-20T22:01:03.689+0000] {subprocess.py:93} INFO -         PARTITIONED BY (batch_id STRING)
[2025-03-20T22:01:03.689+0000] {subprocess.py:93} INFO -         STORED AS PARQUET
[2025-03-20T22:01:03.690+0000] {subprocess.py:93} INFO - INFO  : Concurrency mode is disabled, not creating a lock manager
[2025-03-20T22:01:03.691+0000] {subprocess.py:93} INFO - INFO  : Semantic Analysis Completed (retrial = false)
[2025-03-20T22:01:03.691+0000] {subprocess.py:93} INFO - INFO  : Returning Hive schema: Schema(fieldSchemas:null, properties:null)
[2025-03-20T22:01:03.692+0000] {subprocess.py:93} INFO - INFO  : Completed compiling command(queryId=root_20250320220100_60afe3ec-d732-457c-90f0-dd98ac5c0e34); Time taken: 2.4 seconds
[2025-03-20T22:01:03.693+0000] {subprocess.py:93} INFO - INFO  : Concurrency mode is disabled, not creating a lock manager
[2025-03-20T22:01:03.693+0000] {subprocess.py:93} INFO - INFO  : Executing command(queryId=root_20250320220100_60afe3ec-d732-457c-90f0-dd98ac5c0e34): CREATE EXTERNAL TABLE IF NOT EXISTS transactions (
[2025-03-20T22:01:03.694+0000] {subprocess.py:93} INFO -             transaction_id STRING,
[2025-03-20T22:01:03.695+0000] {subprocess.py:93} INFO -             date_time STRING,
[2025-03-20T22:01:03.695+0000] {subprocess.py:93} INFO -             amount DOUBLE,
[2025-03-20T22:01:03.696+0000] {subprocess.py:93} INFO -             currency STRING,
[2025-03-20T22:01:03.697+0000] {subprocess.py:93} INFO -             merchant_details STRING,
[2025-03-20T22:01:03.697+0000] {subprocess.py:93} INFO -             customer_id STRING,
[2025-03-20T22:01:03.698+0000] {subprocess.py:93} INFO -             transaction_type STRING,
[2025-03-20T22:01:03.699+0000] {subprocess.py:93} INFO -             location STRING
[2025-03-20T22:01:03.699+0000] {subprocess.py:93} INFO -         )
[2025-03-20T22:01:03.700+0000] {subprocess.py:93} INFO -         PARTITIONED BY (batch_id STRING)
[2025-03-20T22:01:03.700+0000] {subprocess.py:93} INFO -         STORED AS PARQUET
[2025-03-20T22:01:03.701+0000] {subprocess.py:93} INFO - INFO  : Starting task [Stage-0:DDL] in serial mode
[2025-03-20T22:01:03.701+0000] {subprocess.py:93} INFO - INFO  : Completed executing command(queryId=root_20250320220100_60afe3ec-d732-457c-90f0-dd98ac5c0e34); Time taken: 0.565 seconds
[2025-03-20T22:01:03.702+0000] {subprocess.py:93} INFO - INFO  : OK
[2025-03-20T22:01:03.703+0000] {subprocess.py:93} INFO - INFO  : Concurrency mode is disabled, not creating a lock manager
[2025-03-20T22:01:03.703+0000] {subprocess.py:93} INFO - No rows affected (3.458 seconds)
[2025-03-20T22:01:04.256+0000] {subprocess.py:93} INFO - INFO  : Compiling command(queryId=root_20250320220103_e35c6cb4-f424-4213-81f8-d9d7effbe482): ALTER TABLE transactions ADD IF NOT EXISTS PARTITION (batch_id='batch_20250320_144447') LOCATION '/data/transactions/transactions_batch_20250320_144447'
[2025-03-20T22:01:04.258+0000] {subprocess.py:93} INFO - INFO  : Concurrency mode is disabled, not creating a lock manager
[2025-03-20T22:01:04.258+0000] {subprocess.py:93} INFO - INFO  : Semantic Analysis Completed (retrial = false)
[2025-03-20T22:01:04.259+0000] {subprocess.py:93} INFO - INFO  : Returning Hive schema: Schema(fieldSchemas:null, properties:null)
[2025-03-20T22:01:04.260+0000] {subprocess.py:93} INFO - INFO  : Completed compiling command(queryId=root_20250320220103_e35c6cb4-f424-4213-81f8-d9d7effbe482); Time taken: 0.339 seconds
[2025-03-20T22:01:04.261+0000] {subprocess.py:93} INFO - INFO  : Concurrency mode is disabled, not creating a lock manager
[2025-03-20T22:01:04.261+0000] {subprocess.py:93} INFO - INFO  : Executing command(queryId=root_20250320220103_e35c6cb4-f424-4213-81f8-d9d7effbe482): ALTER TABLE transactions ADD IF NOT EXISTS PARTITION (batch_id='batch_20250320_144447') LOCATION '/data/transactions/transactions_batch_20250320_144447'
[2025-03-20T22:01:04.262+0000] {subprocess.py:93} INFO - INFO  : Starting task [Stage-0:DDL] in serial mode
[2025-03-20T22:01:04.263+0000] {subprocess.py:93} INFO - INFO  : Completed executing command(queryId=root_20250320220103_e35c6cb4-f424-4213-81f8-d9d7effbe482); Time taken: 0.187 seconds
[2025-03-20T22:01:04.263+0000] {subprocess.py:93} INFO - INFO  : OK
[2025-03-20T22:01:04.265+0000] {subprocess.py:93} INFO - INFO  : Concurrency mode is disabled, not creating a lock manager
[2025-03-20T22:01:04.266+0000] {subprocess.py:93} INFO - No rows affected (0.544 seconds)
[2025-03-20T22:01:04.266+0000] {subprocess.py:93} INFO - Beeline version 3.1.3 by Apache Hive
[2025-03-20T22:01:04.271+0000] {subprocess.py:93} INFO - Closing: 0: jdbc:hive2://localhost:10000
[2025-03-20T22:01:04.399+0000] {subprocess.py:97} INFO - Command exited with return code 0
[2025-03-20T22:01:04.434+0000] {taskinstance.py:1398} INFO - Marking task as SUCCESS. dag_id=transactions_pipeline, task_id=create_hive_table, execution_date=20250320T211032, start_date=20250320T220054, end_date=20250320T220104
[2025-03-20T22:01:04.492+0000] {local_task_job_runner.py:228} INFO - Task exited with return code 0
[2025-03-20T22:01:04.543+0000] {taskinstance.py:2776} INFO - 1 downstream tasks scheduled from follow-on schedule check
