[2025-03-20T12:37:23.980+0000] {taskinstance.py:1157} INFO - Dependencies all met for dep_context=non-requeueable deps ti=<TaskInstance: transactions_pipeline.detect_fraud manual__2025-03-20T12:36:59.588669+00:00 [queued]>
[2025-03-20T12:37:23.997+0000] {taskinstance.py:1157} INFO - Dependencies all met for dep_context=requeueable deps ti=<TaskInstance: transactions_pipeline.detect_fraud manual__2025-03-20T12:36:59.588669+00:00 [queued]>
[2025-03-20T12:37:23.998+0000] {taskinstance.py:1359} INFO - Starting attempt 1 of 1
[2025-03-20T12:37:24.016+0000] {taskinstance.py:1380} INFO - Executing <Task(BashOperator): detect_fraud> on 2025-03-20 12:36:59.588669+00:00
[2025-03-20T12:37:24.027+0000] {standard_task_runner.py:57} INFO - Started process 744 to run task
[2025-03-20T12:37:24.031+0000] {standard_task_runner.py:84} INFO - Running: ['***', 'tasks', 'run', 'transactions_pipeline', 'detect_fraud', 'manual__2025-03-20T12:36:59.588669+00:00', '--job-id', '299', '--raw', '--subdir', 'DAGS_FOLDER/fraud_detection_pipeline.py', '--cfg-path', '/tmp/tmpr73sa4vl']
[2025-03-20T12:37:24.034+0000] {standard_task_runner.py:85} INFO - Job 299: Subtask detect_fraud
[2025-03-20T12:37:24.106+0000] {task_command.py:415} INFO - Running <TaskInstance: transactions_pipeline.detect_fraud manual__2025-03-20T12:36:59.588669+00:00 [running]> on host 3938a1dd8bd9
[2025-03-20T12:37:24.206+0000] {taskinstance.py:1660} INFO - Exporting env vars: AIRFLOW_CTX_DAG_OWNER='***' AIRFLOW_CTX_DAG_ID='transactions_pipeline' AIRFLOW_CTX_TASK_ID='detect_fraud' AIRFLOW_CTX_EXECUTION_DATE='2025-03-20T12:36:59.588669+00:00' AIRFLOW_CTX_TRY_NUMBER='1' AIRFLOW_CTX_DAG_RUN_ID='manual__2025-03-20T12:36:59.588669+00:00'
[2025-03-20T12:37:24.207+0000] {subprocess.py:63} INFO - Tmp dir root location: /tmp
[2025-03-20T12:37:24.209+0000] {subprocess.py:75} INFO - Running command: ['/bin/bash', '-c', '\n    docker exec hive spark-submit --master spark://hive:7077 --conf spark.sql.catalogImplementation=hive /hive/scripts/detect_fraud.py "0"\n    ']
[2025-03-20T12:37:24.223+0000] {subprocess.py:86} INFO - Output:
[2025-03-20T12:37:27.783+0000] {subprocess.py:93} INFO - 25/03/20 12:37:27 INFO SparkContext: Running Spark version 3.5.0
[2025-03-20T12:37:27.788+0000] {subprocess.py:93} INFO - 25/03/20 12:37:27 INFO SparkContext: OS info Linux, 5.15.167.4-microsoft-standard-WSL2, amd64
[2025-03-20T12:37:27.789+0000] {subprocess.py:93} INFO - 25/03/20 12:37:27 INFO SparkContext: Java version 1.8.0_342
[2025-03-20T12:37:27.862+0000] {subprocess.py:93} INFO - 25/03/20 12:37:27 WARN NativeCodeLoader: Unable to load native-hadoop library for your platform... using builtin-java classes where applicable
[2025-03-20T12:37:27.945+0000] {subprocess.py:93} INFO - 25/03/20 12:37:27 INFO ResourceUtils: ==============================================================
[2025-03-20T12:37:27.946+0000] {subprocess.py:93} INFO - 25/03/20 12:37:27 INFO ResourceUtils: No custom resources configured for spark.driver.
[2025-03-20T12:37:27.947+0000] {subprocess.py:93} INFO - 25/03/20 12:37:27 INFO ResourceUtils: ==============================================================
[2025-03-20T12:37:27.949+0000] {subprocess.py:93} INFO - 25/03/20 12:37:27 INFO SparkContext: Submitted application: FraudDetection
[2025-03-20T12:37:27.986+0000] {subprocess.py:93} INFO - 25/03/20 12:37:27 INFO ResourceProfile: Default ResourceProfile created, executor resources: Map(memory -> name: memory, amount: 1024, script: , vendor: , offHeap -> name: offHeap, amount: 0, script: , vendor: ), task resources: Map(cpus -> name: cpus, amount: 1.0)
[2025-03-20T12:37:28.015+0000] {subprocess.py:93} INFO - 25/03/20 12:37:28 INFO ResourceProfile: Limiting resource is cpu
[2025-03-20T12:37:28.016+0000] {subprocess.py:93} INFO - 25/03/20 12:37:28 INFO ResourceProfileManager: Added ResourceProfile id: 0
[2025-03-20T12:37:28.089+0000] {subprocess.py:93} INFO - 25/03/20 12:37:28 INFO SecurityManager: Changing view acls to: root
[2025-03-20T12:37:28.090+0000] {subprocess.py:93} INFO - 25/03/20 12:37:28 INFO SecurityManager: Changing modify acls to: root
[2025-03-20T12:37:28.091+0000] {subprocess.py:93} INFO - 25/03/20 12:37:28 INFO SecurityManager: Changing view acls groups to:
[2025-03-20T12:37:28.093+0000] {subprocess.py:93} INFO - 25/03/20 12:37:28 INFO SecurityManager: Changing modify acls groups to:
[2025-03-20T12:37:28.093+0000] {subprocess.py:93} INFO - 25/03/20 12:37:28 INFO SecurityManager: SecurityManager: authentication disabled; ui acls disabled; users with view permissions: root; groups with view permissions: EMPTY; users with modify permissions: root; groups with modify permissions: EMPTY
[2025-03-20T12:37:28.341+0000] {subprocess.py:93} INFO - 25/03/20 12:37:28 INFO Utils: Successfully started service 'sparkDriver' on port 39915.
[2025-03-20T12:37:28.379+0000] {subprocess.py:93} INFO - 25/03/20 12:37:28 INFO SparkEnv: Registering MapOutputTracker
[2025-03-20T12:37:28.413+0000] {subprocess.py:93} INFO - 25/03/20 12:37:28 INFO SparkEnv: Registering BlockManagerMaster
[2025-03-20T12:37:28.432+0000] {subprocess.py:93} INFO - 25/03/20 12:37:28 INFO BlockManagerMasterEndpoint: Using org.apache.spark.storage.DefaultTopologyMapper for getting topology information
[2025-03-20T12:37:28.433+0000] {subprocess.py:93} INFO - 25/03/20 12:37:28 INFO BlockManagerMasterEndpoint: BlockManagerMasterEndpoint up
[2025-03-20T12:37:28.437+0000] {subprocess.py:93} INFO - 25/03/20 12:37:28 INFO SparkEnv: Registering BlockManagerMasterHeartbeat
[2025-03-20T12:37:28.505+0000] {subprocess.py:93} INFO - 25/03/20 12:37:28 INFO DiskBlockManager: Created local directory at /tmp/blockmgr-92555362-9a17-428b-ade0-855bc676edc4
[2025-03-20T12:37:28.523+0000] {subprocess.py:93} INFO - 25/03/20 12:37:28 INFO MemoryStore: MemoryStore started with capacity 366.3 MiB
[2025-03-20T12:37:28.547+0000] {subprocess.py:93} INFO - 25/03/20 12:37:28 INFO SparkEnv: Registering OutputCommitCoordinator
[2025-03-20T12:37:28.739+0000] {subprocess.py:93} INFO - 25/03/20 12:37:28 INFO JettyUtils: Start Jetty 0.0.0.0:4040 for SparkUI
[2025-03-20T12:37:28.805+0000] {subprocess.py:93} INFO - 25/03/20 12:37:28 INFO Utils: Successfully started service 'SparkUI' on port 4040.
[2025-03-20T12:37:28.974+0000] {subprocess.py:93} INFO - 25/03/20 12:37:28 INFO StandaloneAppClient$ClientEndpoint: Connecting to master spark://localhost:7077...
[2025-03-20T12:37:29.045+0000] {subprocess.py:93} INFO - 25/03/20 12:37:29 INFO TransportClientFactory: Successfully created connection to localhost/127.0.0.1:7077 after 46 ms (0 ms spent in bootstraps)
[2025-03-20T12:37:29.181+0000] {subprocess.py:93} INFO - 25/03/20 12:37:29 INFO StandaloneSchedulerBackend: Connected to Spark cluster with app ID app-20250320123729-0006
[2025-03-20T12:37:29.187+0000] {subprocess.py:93} INFO - 25/03/20 12:37:29 INFO StandaloneAppClient$ClientEndpoint: Executor added: app-20250320123729-0006/0 on worker-20250320120146-172.18.0.6-34145 (172.18.0.6:34145) with 2 core(s)
[2025-03-20T12:37:29.190+0000] {subprocess.py:93} INFO - 25/03/20 12:37:29 INFO StandaloneSchedulerBackend: Granted executor ID app-20250320123729-0006/0 on hostPort 172.18.0.6:34145 with 2 core(s), 1024.0 MiB RAM
[2025-03-20T12:37:29.222+0000] {subprocess.py:93} INFO - 25/03/20 12:37:29 INFO Utils: Successfully started service 'org.apache.spark.network.netty.NettyBlockTransferService' on port 33531.
[2025-03-20T12:37:29.223+0000] {subprocess.py:93} INFO - 25/03/20 12:37:29 INFO NettyBlockTransferService: Server created on bcc1e3430c31:33531
[2025-03-20T12:37:29.226+0000] {subprocess.py:93} INFO - 25/03/20 12:37:29 INFO BlockManager: Using org.apache.spark.storage.RandomBlockReplicationPolicy for block replication policy
[2025-03-20T12:37:29.240+0000] {subprocess.py:93} INFO - 25/03/20 12:37:29 INFO BlockManagerMaster: Registering BlockManager BlockManagerId(driver, bcc1e3430c31, 33531, None)
[2025-03-20T12:37:29.246+0000] {subprocess.py:93} INFO - 25/03/20 12:37:29 INFO BlockManagerMasterEndpoint: Registering block manager bcc1e3430c31:33531 with 366.3 MiB RAM, BlockManagerId(driver, bcc1e3430c31, 33531, None)
[2025-03-20T12:37:29.251+0000] {subprocess.py:93} INFO - 25/03/20 12:37:29 INFO BlockManagerMaster: Registered BlockManager BlockManagerId(driver, bcc1e3430c31, 33531, None)
[2025-03-20T12:37:29.254+0000] {subprocess.py:93} INFO - 25/03/20 12:37:29 INFO BlockManager: Initialized BlockManager: BlockManagerId(driver, bcc1e3430c31, 33531, None)
[2025-03-20T12:37:29.352+0000] {subprocess.py:93} INFO - 25/03/20 12:37:29 INFO StandaloneAppClient$ClientEndpoint: Executor updated: app-20250320123729-0006/0 is now RUNNING
[2025-03-20T12:37:30.451+0000] {subprocess.py:93} INFO - 25/03/20 12:37:30 INFO StandaloneSchedulerBackend: SchedulerBackend is ready for scheduling beginning after reached minRegisteredResourcesRatio: 0.0
[2025-03-20T12:37:31.257+0000] {subprocess.py:93} INFO - Spark version: 3.5.0
[2025-03-20T12:37:31.635+0000] {subprocess.py:93} INFO - 25/03/20 12:37:31 INFO SharedState: Setting hive.metastore.warehouse.dir ('null') to the value of spark.sql.warehouse.dir.
[2025-03-20T12:37:34.154+0000] {subprocess.py:93} INFO - 25/03/20 12:37:34 INFO SharedState: Warehouse path is 'hdfs://localhost:9000/data/warehouse'.
[2025-03-20T12:37:38.560+0000] {subprocess.py:93} INFO - 25/03/20 12:37:38 INFO StandaloneSchedulerBackend$StandaloneDriverEndpoint: Registered executor NettyRpcEndpointRef(spark-client://Executor) (172.18.0.6:54252) with ID 0,  ResourceProfileId 0
[2025-03-20T12:37:39.280+0000] {subprocess.py:93} INFO - 25/03/20 12:37:39 INFO BlockManagerMasterEndpoint: Registering block manager 172.18.0.6:33445 with 366.3 MiB RAM, BlockManagerId(0, 172.18.0.6, 33445, None)
[2025-03-20T12:37:40.447+0000] {subprocess.py:93} INFO - Error: [PATH_NOT_FOUND] Path does not exist: hdfs://localhost:9000/data/transactions/transactions_0/*.parquet.
[2025-03-20T12:37:40.449+0000] {subprocess.py:93} INFO - 25/03/20 12:37:40 INFO SparkContext: SparkContext is stopping with exitCode 0.
[2025-03-20T12:37:40.462+0000] {subprocess.py:93} INFO - 25/03/20 12:37:40 INFO SparkUI: Stopped Spark web UI at http://bcc1e3430c31:4040
[2025-03-20T12:37:40.469+0000] {subprocess.py:93} INFO - 25/03/20 12:37:40 INFO StandaloneSchedulerBackend: Shutting down all executors
[2025-03-20T12:37:40.470+0000] {subprocess.py:93} INFO - 25/03/20 12:37:40 INFO StandaloneSchedulerBackend$StandaloneDriverEndpoint: Asking each executor to shut down
[2025-03-20T12:37:40.504+0000] {subprocess.py:93} INFO - 25/03/20 12:37:40 INFO MapOutputTrackerMasterEndpoint: MapOutputTrackerMasterEndpoint stopped!
[2025-03-20T12:37:40.578+0000] {subprocess.py:93} INFO - 25/03/20 12:37:40 INFO MemoryStore: MemoryStore cleared
[2025-03-20T12:37:40.579+0000] {subprocess.py:93} INFO - 25/03/20 12:37:40 INFO BlockManager: BlockManager stopped
[2025-03-20T12:37:40.588+0000] {subprocess.py:93} INFO - 25/03/20 12:37:40 INFO BlockManagerMaster: BlockManagerMaster stopped
[2025-03-20T12:37:40.593+0000] {subprocess.py:93} INFO - 25/03/20 12:37:40 INFO OutputCommitCoordinator$OutputCommitCoordinatorEndpoint: OutputCommitCoordinator stopped!
[2025-03-20T12:37:40.660+0000] {subprocess.py:93} INFO - 25/03/20 12:37:40 INFO SparkContext: Successfully stopped SparkContext
[2025-03-20T12:37:40.692+0000] {subprocess.py:93} INFO - Traceback (most recent call last):
[2025-03-20T12:37:40.693+0000] {subprocess.py:93} INFO -   File "/hive/scripts/detect_fraud.py", line 15, in <module>
[2025-03-20T12:37:40.695+0000] {subprocess.py:93} INFO -     df_transactions = spark.read.parquet(f"/data/transactions/transactions_{batch_id}/*.parquet")
[2025-03-20T12:37:40.696+0000] {subprocess.py:93} INFO -   File "/opt/spark-3.5.0-bin-hadoop3/python/lib/pyspark.zip/pyspark/sql/readwriter.py", line 544, in parquet
[2025-03-20T12:37:40.696+0000] {subprocess.py:93} INFO -   File "/opt/spark-3.5.0-bin-hadoop3/python/lib/py4j-0.10.9.7-src.zip/py4j/java_gateway.py", line 1322, in __call__
[2025-03-20T12:37:40.697+0000] {subprocess.py:93} INFO -   File "/opt/spark-3.5.0-bin-hadoop3/python/lib/pyspark.zip/pyspark/errors/exceptions/captured.py", line 185, in deco
[2025-03-20T12:37:40.706+0000] {subprocess.py:93} INFO - pyspark.errors.exceptions.captured.AnalysisException: [PATH_NOT_FOUND] Path does not exist: hdfs://localhost:9000/data/transactions/transactions_0/*.parquet.
[2025-03-20T12:37:40.752+0000] {subprocess.py:93} INFO - 25/03/20 12:37:40 INFO ShutdownHookManager: Shutdown hook called
[2025-03-20T12:37:40.753+0000] {subprocess.py:93} INFO - 25/03/20 12:37:40 INFO ShutdownHookManager: Deleting directory /tmp/spark-30283350-9dd6-450f-9e64-8f2e0b466f4c
[2025-03-20T12:37:40.757+0000] {subprocess.py:93} INFO - 25/03/20 12:37:40 INFO ShutdownHookManager: Deleting directory /tmp/spark-30283350-9dd6-450f-9e64-8f2e0b466f4c/pyspark-6b0e3b07-93ec-44b2-b9c5-0c93f3d3451e
[2025-03-20T12:37:40.761+0000] {subprocess.py:93} INFO - 25/03/20 12:37:40 INFO ShutdownHookManager: Deleting directory /tmp/spark-9e35401b-ce9c-457e-9dd3-82ad9d0249c4
[2025-03-20T12:37:40.814+0000] {subprocess.py:97} INFO - Command exited with return code 1
[2025-03-20T12:37:40.828+0000] {taskinstance.py:1935} ERROR - Task failed with exception
Traceback (most recent call last):
  File "/home/airflow/.local/lib/python3.8/site-packages/airflow/operators/bash.py", line 210, in execute
    raise AirflowException(
airflow.exceptions.AirflowException: Bash command failed. The command returned a non-zero exit code 1.
[2025-03-20T12:37:40.835+0000] {taskinstance.py:1398} INFO - Marking task as FAILED. dag_id=transactions_pipeline, task_id=detect_fraud, execution_date=20250320T123659, start_date=20250320T123723, end_date=20250320T123740
[2025-03-20T12:37:40.860+0000] {standard_task_runner.py:104} ERROR - Failed to execute job 299 for task detect_fraud (Bash command failed. The command returned a non-zero exit code 1.; 744)
[2025-03-20T12:37:40.903+0000] {local_task_job_runner.py:228} INFO - Task exited with return code 1
[2025-03-20T12:37:40.920+0000] {taskinstance.py:2776} INFO - 0 downstream tasks scheduled from follow-on schedule check
