[2025-03-21T13:53:59.275+0000] {taskinstance.py:1157} INFO - Dependencies all met for dep_context=non-requeueable deps ti=<TaskInstance: transactions_pipeline.create_fraud_table_batch_20250321_131702 scheduled__2025-03-21T13:47:39.231672+00:00 [queued]>
[2025-03-21T13:53:59.310+0000] {taskinstance.py:1157} INFO - Dependencies all met for dep_context=requeueable deps ti=<TaskInstance: transactions_pipeline.create_fraud_table_batch_20250321_131702 scheduled__2025-03-21T13:47:39.231672+00:00 [queued]>
[2025-03-21T13:53:59.311+0000] {taskinstance.py:1359} INFO - Starting attempt 1 of 1
[2025-03-21T13:53:59.349+0000] {taskinstance.py:1380} INFO - Executing <Task(BashOperator): create_fraud_table_batch_20250321_131702> on 2025-03-21 13:47:39.231672+00:00
[2025-03-21T13:53:59.359+0000] {standard_task_runner.py:57} INFO - Started process 1508 to run task
[2025-03-21T13:53:59.366+0000] {standard_task_runner.py:84} INFO - Running: ['***', 'tasks', 'run', 'transactions_pipeline', 'create_fraud_table_batch_20250321_131702', 'scheduled__2025-03-21T13:47:39.231672+00:00', '--job-id', '739', '--raw', '--subdir', 'DAGS_FOLDER/fraud_detection_pipeline.py', '--cfg-path', '/tmp/tmpso87rh39']
[2025-03-21T13:53:59.373+0000] {standard_task_runner.py:85} INFO - Job 739: Subtask create_fraud_table_batch_20250321_131702
[2025-03-21T13:53:59.522+0000] {task_command.py:415} INFO - Running <TaskInstance: transactions_pipeline.create_fraud_table_batch_20250321_131702 scheduled__2025-03-21T13:47:39.231672+00:00 [running]> on host e95638583d4d
[2025-03-21T13:53:59.762+0000] {taskinstance.py:1660} INFO - Exporting env vars: AIRFLOW_CTX_DAG_EMAIL='rabiizahnoune7@gmail.com' AIRFLOW_CTX_DAG_OWNER='***' AIRFLOW_CTX_DAG_ID='transactions_pipeline' AIRFLOW_CTX_TASK_ID='create_fraud_table_batch_20250321_131702' AIRFLOW_CTX_EXECUTION_DATE='2025-03-21T13:47:39.231672+00:00' AIRFLOW_CTX_TRY_NUMBER='1' AIRFLOW_CTX_DAG_RUN_ID='scheduled__2025-03-21T13:47:39.231672+00:00'
[2025-03-21T13:53:59.767+0000] {subprocess.py:63} INFO - Tmp dir root location: /tmp
[2025-03-21T13:53:59.769+0000] {subprocess.py:75} INFO - Running command: ['/bin/bash', '-c', '\n            docker exec hive beeline -u "jdbc:hive2://localhost:10000" -e "\n            CREATE EXTERNAL TABLE IF NOT EXISTS fraud_detections (\n                transaction_id STRING,\n                date_time STRING,\n                amount DOUBLE,\n                customer_id STRING,\n                location STRING,\n                fraud_reason STRING\n            )\n            STORED AS PARQUET\n            LOCATION \'/data/fraud_detections\';"\n            ']
[2025-03-21T13:53:59.795+0000] {subprocess.py:86} INFO - Output:
[2025-03-21T13:54:07.523+0000] {subprocess.py:93} INFO - SLF4J: Class path contains multiple SLF4J bindings.
[2025-03-21T13:54:07.526+0000] {subprocess.py:93} INFO - SLF4J: Found binding in [jar:file:/opt/hive/lib/log4j-slf4j-impl-2.17.1.jar!/org/slf4j/impl/StaticLoggerBinder.class]
[2025-03-21T13:54:07.528+0000] {subprocess.py:93} INFO - SLF4J: Found binding in [jar:file:/opt/hadoop/share/hadoop/common/lib/slf4j-log4j12-1.7.25.jar!/org/slf4j/impl/StaticLoggerBinder.class]
[2025-03-21T13:54:07.529+0000] {subprocess.py:93} INFO - SLF4J: See http://www.slf4j.org/codes.html#multiple_bindings for an explanation.
[2025-03-21T13:54:09.031+0000] {subprocess.py:93} INFO - SLF4J: Actual binding is of type [org.apache.logging.slf4j.Log4jLoggerFactory]
[2025-03-21T13:54:18.934+0000] {subprocess.py:93} INFO - Connecting to jdbc:hive2://localhost:10000
[2025-03-21T13:54:21.811+0000] {subprocess.py:93} INFO - Connected to: Apache Hive (version 3.1.3)
[2025-03-21T13:54:21.812+0000] {subprocess.py:93} INFO - Driver: Hive JDBC (version 3.1.3)
[2025-03-21T13:54:21.813+0000] {subprocess.py:93} INFO - Transaction isolation: TRANSACTION_REPEATABLE_READ
[2025-03-21T13:54:22.626+0000] {subprocess.py:93} INFO - INFO  : Compiling command(queryId=root_20250321135421_8f1daf4a-6e27-4082-9d05-b8c53032a113): CREATE EXTERNAL TABLE IF NOT EXISTS fraud_detections (
[2025-03-21T13:54:22.628+0000] {subprocess.py:93} INFO -                 transaction_id STRING,
[2025-03-21T13:54:22.629+0000] {subprocess.py:93} INFO -                 date_time STRING,
[2025-03-21T13:54:22.631+0000] {subprocess.py:93} INFO -                 amount DOUBLE,
[2025-03-21T13:54:22.631+0000] {subprocess.py:93} INFO -                 customer_id STRING,
[2025-03-21T13:54:22.632+0000] {subprocess.py:93} INFO -                 location STRING,
[2025-03-21T13:54:22.633+0000] {subprocess.py:93} INFO -                 fraud_reason STRING
[2025-03-21T13:54:22.634+0000] {subprocess.py:93} INFO -             )
[2025-03-21T13:54:22.635+0000] {subprocess.py:93} INFO -             STORED AS PARQUET
[2025-03-21T13:54:22.635+0000] {subprocess.py:93} INFO -             LOCATION '/data/fraud_detections'
[2025-03-21T13:54:22.636+0000] {subprocess.py:93} INFO - INFO  : Concurrency mode is disabled, not creating a lock manager
[2025-03-21T13:54:22.637+0000] {subprocess.py:93} INFO - INFO  : Semantic Analysis Completed (retrial = false)
[2025-03-21T13:54:22.638+0000] {subprocess.py:93} INFO - INFO  : Returning Hive schema: Schema(fieldSchemas:null, properties:null)
[2025-03-21T13:54:22.638+0000] {subprocess.py:93} INFO - INFO  : Completed compiling command(queryId=root_20250321135421_8f1daf4a-6e27-4082-9d05-b8c53032a113); Time taken: 0.19 seconds
[2025-03-21T13:54:22.639+0000] {subprocess.py:93} INFO - INFO  : Concurrency mode is disabled, not creating a lock manager
[2025-03-21T13:54:22.640+0000] {subprocess.py:93} INFO - INFO  : Executing command(queryId=root_20250321135421_8f1daf4a-6e27-4082-9d05-b8c53032a113): CREATE EXTERNAL TABLE IF NOT EXISTS fraud_detections (
[2025-03-21T13:54:22.641+0000] {subprocess.py:93} INFO -                 transaction_id STRING,
[2025-03-21T13:54:22.641+0000] {subprocess.py:93} INFO -                 date_time STRING,
[2025-03-21T13:54:22.642+0000] {subprocess.py:93} INFO -                 amount DOUBLE,
[2025-03-21T13:54:22.642+0000] {subprocess.py:93} INFO -                 customer_id STRING,
[2025-03-21T13:54:22.643+0000] {subprocess.py:93} INFO -                 location STRING,
[2025-03-21T13:54:22.643+0000] {subprocess.py:93} INFO -                 fraud_reason STRING
[2025-03-21T13:54:22.644+0000] {subprocess.py:93} INFO -             )
[2025-03-21T13:54:22.645+0000] {subprocess.py:93} INFO -             STORED AS PARQUET
[2025-03-21T13:54:22.645+0000] {subprocess.py:93} INFO -             LOCATION '/data/fraud_detections'
[2025-03-21T13:54:22.646+0000] {subprocess.py:93} INFO - INFO  : Completed executing command(queryId=root_20250321135421_8f1daf4a-6e27-4082-9d05-b8c53032a113); Time taken: 0.001 seconds
[2025-03-21T13:54:22.646+0000] {subprocess.py:93} INFO - INFO  : OK
[2025-03-21T13:54:22.647+0000] {subprocess.py:93} INFO - INFO  : Concurrency mode is disabled, not creating a lock manager
[2025-03-21T13:54:22.647+0000] {subprocess.py:93} INFO - No rows affected (0.791 seconds)
[2025-03-21T13:54:22.722+0000] {subprocess.py:93} INFO - Beeline version 3.1.3 by Apache Hive
[2025-03-21T13:54:22.836+0000] {subprocess.py:93} INFO - Closing: 0: jdbc:hive2://localhost:10000
[2025-03-21T13:54:23.237+0000] {subprocess.py:97} INFO - Command exited with return code 0
[2025-03-21T13:54:23.273+0000] {taskinstance.py:1398} INFO - Marking task as SUCCESS. dag_id=transactions_pipeline, task_id=create_fraud_table_batch_20250321_131702, execution_date=20250321T134739, start_date=20250321T135359, end_date=20250321T135423
[2025-03-21T13:54:23.322+0000] {local_task_job_runner.py:228} INFO - Task exited with return code 0
[2025-03-21T13:54:23.365+0000] {taskinstance.py:2776} INFO - 1 downstream tasks scheduled from follow-on schedule check
