[2025-03-19T22:52:44.375+0000] {taskinstance.py:1157} INFO - Dependencies all met for dep_context=non-requeueable deps ti=<TaskInstance: transactions_pipeline.create_hive_table manual__2025-03-19T22:52:31.955469+00:00 [queued]>
[2025-03-19T22:52:44.396+0000] {taskinstance.py:1157} INFO - Dependencies all met for dep_context=requeueable deps ti=<TaskInstance: transactions_pipeline.create_hive_table manual__2025-03-19T22:52:31.955469+00:00 [queued]>
[2025-03-19T22:52:44.397+0000] {taskinstance.py:1359} INFO - Starting attempt 1 of 1
[2025-03-19T22:52:44.426+0000] {taskinstance.py:1380} INFO - Executing <Task(BashOperator): create_hive_table> on 2025-03-19 22:52:31.955469+00:00
[2025-03-19T22:52:44.433+0000] {standard_task_runner.py:57} INFO - Started process 235 to run task
[2025-03-19T22:52:44.438+0000] {standard_task_runner.py:84} INFO - Running: ['***', 'tasks', 'run', 'transactions_pipeline', 'create_hive_table', 'manual__2025-03-19T22:52:31.955469+00:00', '--job-id', '210', '--raw', '--subdir', 'DAGS_FOLDER/fraud_detection_pipeline.py', '--cfg-path', '/tmp/tmpjuimtfp7']
[2025-03-19T22:52:44.441+0000] {standard_task_runner.py:85} INFO - Job 210: Subtask create_hive_table
[2025-03-19T22:52:44.502+0000] {task_command.py:415} INFO - Running <TaskInstance: transactions_pipeline.create_hive_table manual__2025-03-19T22:52:31.955469+00:00 [running]> on host 87980e846a97
[2025-03-19T22:52:44.601+0000] {logging_mixin.py:151} WARNING - /home/***/.local/lib/python3.8/site-packages/***/utils/context.py:206 AirflowContextDeprecationWarning: Accessing 'execution_date' from the template is deprecated and will be removed in a future version. Please use 'data_interval_start' or 'logical_date' instead.
[2025-03-19T22:52:44.694+0000] {taskinstance.py:1660} INFO - Exporting env vars: AIRFLOW_CTX_DAG_OWNER='***' AIRFLOW_CTX_DAG_ID='transactions_pipeline' AIRFLOW_CTX_TASK_ID='create_hive_table' AIRFLOW_CTX_EXECUTION_DATE='2025-03-19T22:52:31.955469+00:00' AIRFLOW_CTX_TRY_NUMBER='1' AIRFLOW_CTX_DAG_RUN_ID='manual__2025-03-19T22:52:31.955469+00:00'
[2025-03-19T22:52:44.697+0000] {subprocess.py:63} INFO - Tmp dir root location: /tmp
[2025-03-19T22:52:44.698+0000] {subprocess.py:75} INFO - Running command: ['/bin/bash', '-c', '\n    docker exec hive beeline -u "jdbc:hive2://localhost:10000" --hiveconf hive.exec.dynamic.partition.mode=nonstrict -e "\n    CREATE EXTERNAL TABLE IF NOT EXISTS transactions (\n        transaction_id STRING,\n        date_time STRING,\n        amount DOUBLE,\n        currency STRING,\n        merchant_details STRING,\n        customer_id STRING,\n        transaction_type STRING,\n        location STRING\n    )\n    PARTITIONED BY (batch_id STRING)\n    STORED AS PARQUET\n    LOCATION \'/data/transactions/transactions_batch_0\';\n    ALTER TABLE transactions ADD IF NOT EXISTS PARTITION (batch_id=\'batch_20250319_225231\') LOCATION \'/data/transactions/transactions_batch_0\';"\n    ']
[2025-03-19T22:52:44.714+0000] {subprocess.py:86} INFO - Output:
[2025-03-19T22:52:46.422+0000] {subprocess.py:93} INFO - SLF4J: Class path contains multiple SLF4J bindings.
[2025-03-19T22:52:46.423+0000] {subprocess.py:93} INFO - SLF4J: Found binding in [jar:file:/opt/hive/lib/log4j-slf4j-impl-2.17.1.jar!/org/slf4j/impl/StaticLoggerBinder.class]
[2025-03-19T22:52:46.424+0000] {subprocess.py:93} INFO - SLF4J: Found binding in [jar:file:/opt/hadoop/share/hadoop/common/lib/slf4j-log4j12-1.7.25.jar!/org/slf4j/impl/StaticLoggerBinder.class]
[2025-03-19T22:52:46.425+0000] {subprocess.py:93} INFO - SLF4J: See http://www.slf4j.org/codes.html#multiple_bindings for an explanation.
[2025-03-19T22:52:46.694+0000] {subprocess.py:93} INFO - SLF4J: Actual binding is of type [org.apache.logging.slf4j.Log4jLoggerFactory]
[2025-03-19T22:52:48.009+0000] {subprocess.py:93} INFO - Connecting to jdbc:hive2://localhost:10000
[2025-03-19T22:52:48.259+0000] {subprocess.py:93} INFO - Connected to: Apache Hive (version 3.1.3)
[2025-03-19T22:52:48.260+0000] {subprocess.py:93} INFO - Driver: Hive JDBC (version 3.1.3)
[2025-03-19T22:52:48.261+0000] {subprocess.py:93} INFO - Transaction isolation: TRANSACTION_REPEATABLE_READ
[2025-03-19T22:52:50.250+0000] {subprocess.py:93} INFO - INFO  : Compiling command(queryId=root_20250319225248_e3886085-b9bb-4d73-9c55-0e7a4a762075): CREATE EXTERNAL TABLE IF NOT EXISTS transactions (
[2025-03-19T22:52:50.251+0000] {subprocess.py:93} INFO -         transaction_id STRING,
[2025-03-19T22:52:50.252+0000] {subprocess.py:93} INFO -         date_time STRING,
[2025-03-19T22:52:50.253+0000] {subprocess.py:93} INFO -         amount DOUBLE,
[2025-03-19T22:52:50.254+0000] {subprocess.py:93} INFO -         currency STRING,
[2025-03-19T22:52:50.255+0000] {subprocess.py:93} INFO -         merchant_details STRING,
[2025-03-19T22:52:50.256+0000] {subprocess.py:93} INFO -         customer_id STRING,
[2025-03-19T22:52:50.257+0000] {subprocess.py:93} INFO -         transaction_type STRING,
[2025-03-19T22:52:50.259+0000] {subprocess.py:93} INFO -         location STRING
[2025-03-19T22:52:50.261+0000] {subprocess.py:93} INFO -     )
[2025-03-19T22:52:50.262+0000] {subprocess.py:93} INFO -     PARTITIONED BY (batch_id STRING)
[2025-03-19T22:52:50.263+0000] {subprocess.py:93} INFO -     STORED AS PARQUET
[2025-03-19T22:52:50.264+0000] {subprocess.py:93} INFO -     LOCATION '/data/transactions/transactions_batch_0'
[2025-03-19T22:52:50.265+0000] {subprocess.py:93} INFO - INFO  : Concurrency mode is disabled, not creating a lock manager
[2025-03-19T22:52:50.266+0000] {subprocess.py:93} INFO - INFO  : Semantic Analysis Completed (retrial = false)
[2025-03-19T22:52:50.267+0000] {subprocess.py:93} INFO - INFO  : Returning Hive schema: Schema(fieldSchemas:null, properties:null)
[2025-03-19T22:52:50.268+0000] {subprocess.py:93} INFO - INFO  : Completed compiling command(queryId=root_20250319225248_e3886085-b9bb-4d73-9c55-0e7a4a762075); Time taken: 1.39 seconds
[2025-03-19T22:52:50.269+0000] {subprocess.py:93} INFO - INFO  : Concurrency mode is disabled, not creating a lock manager
[2025-03-19T22:52:50.270+0000] {subprocess.py:93} INFO - INFO  : Executing command(queryId=root_20250319225248_e3886085-b9bb-4d73-9c55-0e7a4a762075): CREATE EXTERNAL TABLE IF NOT EXISTS transactions (
[2025-03-19T22:52:50.270+0000] {subprocess.py:93} INFO -         transaction_id STRING,
[2025-03-19T22:52:50.271+0000] {subprocess.py:93} INFO -         date_time STRING,
[2025-03-19T22:52:50.272+0000] {subprocess.py:93} INFO -         amount DOUBLE,
[2025-03-19T22:52:50.273+0000] {subprocess.py:93} INFO -         currency STRING,
[2025-03-19T22:52:50.274+0000] {subprocess.py:93} INFO -         merchant_details STRING,
[2025-03-19T22:52:50.275+0000] {subprocess.py:93} INFO -         customer_id STRING,
[2025-03-19T22:52:50.276+0000] {subprocess.py:93} INFO -         transaction_type STRING,
[2025-03-19T22:52:50.276+0000] {subprocess.py:93} INFO -         location STRING
[2025-03-19T22:52:50.277+0000] {subprocess.py:93} INFO -     )
[2025-03-19T22:52:50.278+0000] {subprocess.py:93} INFO -     PARTITIONED BY (batch_id STRING)
[2025-03-19T22:52:50.279+0000] {subprocess.py:93} INFO -     STORED AS PARQUET
[2025-03-19T22:52:50.280+0000] {subprocess.py:93} INFO -     LOCATION '/data/transactions/transactions_batch_0'
[2025-03-19T22:52:50.280+0000] {subprocess.py:93} INFO - INFO  : Starting task [Stage-0:DDL] in serial mode
[2025-03-19T22:52:50.281+0000] {subprocess.py:93} INFO - INFO  : Completed executing command(queryId=root_20250319225248_e3886085-b9bb-4d73-9c55-0e7a4a762075); Time taken: 0.339 seconds
[2025-03-19T22:52:50.282+0000] {subprocess.py:93} INFO - INFO  : OK
[2025-03-19T22:52:50.283+0000] {subprocess.py:93} INFO - INFO  : Concurrency mode is disabled, not creating a lock manager
[2025-03-19T22:52:50.283+0000] {subprocess.py:93} INFO - No rows affected (1.977 seconds)
[2025-03-19T22:52:50.720+0000] {subprocess.py:93} INFO - INFO  : Compiling command(queryId=root_20250319225250_b4aa6c43-9620-48e6-a7df-5ce5595d667b): ALTER TABLE transactions ADD IF NOT EXISTS PARTITION (batch_id='batch_20250319_225231') LOCATION '/data/transactions/transactions_batch_0'
[2025-03-19T22:52:50.721+0000] {subprocess.py:93} INFO - INFO  : Concurrency mode is disabled, not creating a lock manager
[2025-03-19T22:52:50.722+0000] {subprocess.py:93} INFO - INFO  : Semantic Analysis Completed (retrial = false)
[2025-03-19T22:52:50.723+0000] {subprocess.py:93} INFO - INFO  : Returning Hive schema: Schema(fieldSchemas:null, properties:null)
[2025-03-19T22:52:50.724+0000] {subprocess.py:93} INFO - INFO  : Completed compiling command(queryId=root_20250319225250_b4aa6c43-9620-48e6-a7df-5ce5595d667b); Time taken: 0.216 seconds
[2025-03-19T22:52:50.725+0000] {subprocess.py:93} INFO - INFO  : Concurrency mode is disabled, not creating a lock manager
[2025-03-19T22:52:50.725+0000] {subprocess.py:93} INFO - INFO  : Executing command(queryId=root_20250319225250_b4aa6c43-9620-48e6-a7df-5ce5595d667b): ALTER TABLE transactions ADD IF NOT EXISTS PARTITION (batch_id='batch_20250319_225231') LOCATION '/data/transactions/transactions_batch_0'
[2025-03-19T22:52:50.726+0000] {subprocess.py:93} INFO - INFO  : Starting task [Stage-0:DDL] in serial mode
[2025-03-19T22:52:50.727+0000] {subprocess.py:93} INFO - INFO  : Completed executing command(queryId=root_20250319225250_b4aa6c43-9620-48e6-a7df-5ce5595d667b); Time taken: 0.193 seconds
[2025-03-19T22:52:50.729+0000] {subprocess.py:93} INFO - INFO  : OK
[2025-03-19T22:52:50.731+0000] {subprocess.py:93} INFO - INFO  : Concurrency mode is disabled, not creating a lock manager
[2025-03-19T22:52:50.731+0000] {subprocess.py:93} INFO - No rows affected (0.433 seconds)
[2025-03-19T22:52:50.732+0000] {subprocess.py:93} INFO - Beeline version 3.1.3 by Apache Hive
[2025-03-19T22:52:50.738+0000] {subprocess.py:93} INFO - Closing: 0: jdbc:hive2://localhost:10000
[2025-03-19T22:52:50.829+0000] {subprocess.py:97} INFO - Command exited with return code 0
[2025-03-19T22:52:50.864+0000] {taskinstance.py:1398} INFO - Marking task as SUCCESS. dag_id=transactions_pipeline, task_id=create_hive_table, execution_date=20250319T225231, start_date=20250319T225244, end_date=20250319T225250
[2025-03-19T22:52:50.938+0000] {local_task_job_runner.py:228} INFO - Task exited with return code 0
[2025-03-19T22:52:50.969+0000] {taskinstance.py:2776} INFO - 1 downstream tasks scheduled from follow-on schedule check
