[2025-03-20T12:04:27.768+0000] {taskinstance.py:1157} INFO - Dependencies all met for dep_context=non-requeueable deps ti=<TaskInstance: transactions_pipeline.create_hive_table manual__2025-03-20T12:04:14.612697+00:00 [queued]>
[2025-03-20T12:04:27.779+0000] {taskinstance.py:1157} INFO - Dependencies all met for dep_context=requeueable deps ti=<TaskInstance: transactions_pipeline.create_hive_table manual__2025-03-20T12:04:14.612697+00:00 [queued]>
[2025-03-20T12:04:27.779+0000] {taskinstance.py:1359} INFO - Starting attempt 1 of 1
[2025-03-20T12:04:27.798+0000] {taskinstance.py:1380} INFO - Executing <Task(BashOperator): create_hive_table> on 2025-03-20 12:04:14.612697+00:00
[2025-03-20T12:04:27.807+0000] {standard_task_runner.py:57} INFO - Started process 238 to run task
[2025-03-20T12:04:27.812+0000] {standard_task_runner.py:84} INFO - Running: ['***', 'tasks', 'run', 'transactions_pipeline', 'create_hive_table', 'manual__2025-03-20T12:04:14.612697+00:00', '--job-id', '287', '--raw', '--subdir', 'DAGS_FOLDER/fraud_detection_pipeline.py', '--cfg-path', '/tmp/tmpilqxitoi']
[2025-03-20T12:04:27.816+0000] {standard_task_runner.py:85} INFO - Job 287: Subtask create_hive_table
[2025-03-20T12:04:27.881+0000] {task_command.py:415} INFO - Running <TaskInstance: transactions_pipeline.create_hive_table manual__2025-03-20T12:04:14.612697+00:00 [running]> on host 3938a1dd8bd9
[2025-03-20T12:04:27.945+0000] {logging_mixin.py:151} WARNING - /home/***/.local/lib/python3.8/site-packages/***/utils/context.py:206 AirflowContextDeprecationWarning: Accessing 'execution_date' from the template is deprecated and will be removed in a future version. Please use 'data_interval_start' or 'logical_date' instead.
[2025-03-20T12:04:28.010+0000] {taskinstance.py:1660} INFO - Exporting env vars: AIRFLOW_CTX_DAG_OWNER='***' AIRFLOW_CTX_DAG_ID='transactions_pipeline' AIRFLOW_CTX_TASK_ID='create_hive_table' AIRFLOW_CTX_EXECUTION_DATE='2025-03-20T12:04:14.612697+00:00' AIRFLOW_CTX_TRY_NUMBER='1' AIRFLOW_CTX_DAG_RUN_ID='manual__2025-03-20T12:04:14.612697+00:00'
[2025-03-20T12:04:28.013+0000] {subprocess.py:63} INFO - Tmp dir root location: /tmp
[2025-03-20T12:04:28.014+0000] {subprocess.py:75} INFO - Running command: ['/bin/bash', '-c', '\n    docker exec hive beeline -u "jdbc:hive2://localhost:10000" --hiveconf hive.exec.dynamic.partition.mode=nonstrict -e "\n    CREATE EXTERNAL TABLE IF NOT EXISTS transactions (\n        transaction_id STRING,\n        date_time STRING,\n        amount DOUBLE,\n        currency STRING,\n        merchant_details STRING,\n        customer_id STRING,\n        transaction_type STRING,\n        location STRING\n    )\n    PARTITIONED BY (batch_id STRING)\n    STORED AS PARQUET\n    LOCATION \'/data/transactions/transactions_batch_0\';\n    ALTER TABLE transactions ADD IF NOT EXISTS PARTITION (batch_id=\'batch_20250320_120414\') LOCATION \'/data/transactions/transactions_batch_0\';"\n    ']
[2025-03-20T12:04:28.029+0000] {subprocess.py:86} INFO - Output:
[2025-03-20T12:04:30.049+0000] {subprocess.py:93} INFO - SLF4J: Class path contains multiple SLF4J bindings.
[2025-03-20T12:04:30.049+0000] {subprocess.py:93} INFO - SLF4J: Found binding in [jar:file:/opt/hive/lib/log4j-slf4j-impl-2.17.1.jar!/org/slf4j/impl/StaticLoggerBinder.class]
[2025-03-20T12:04:30.050+0000] {subprocess.py:93} INFO - SLF4J: Found binding in [jar:file:/opt/hadoop/share/hadoop/common/lib/slf4j-log4j12-1.7.25.jar!/org/slf4j/impl/StaticLoggerBinder.class]
[2025-03-20T12:04:30.051+0000] {subprocess.py:93} INFO - SLF4J: See http://www.slf4j.org/codes.html#multiple_bindings for an explanation.
[2025-03-20T12:04:30.226+0000] {subprocess.py:93} INFO - SLF4J: Actual binding is of type [org.apache.logging.slf4j.Log4jLoggerFactory]
[2025-03-20T12:04:31.803+0000] {subprocess.py:93} INFO - Connecting to jdbc:hive2://localhost:10000
[2025-03-20T12:04:32.242+0000] {subprocess.py:93} INFO - Connected to: Apache Hive (version 3.1.3)
[2025-03-20T12:04:32.243+0000] {subprocess.py:93} INFO - Driver: Hive JDBC (version 3.1.3)
[2025-03-20T12:04:32.244+0000] {subprocess.py:93} INFO - Transaction isolation: TRANSACTION_REPEATABLE_READ
[2025-03-20T12:04:34.218+0000] {subprocess.py:93} INFO - INFO  : Compiling command(queryId=root_20250320120432_eb5fff07-e371-4fb6-88da-a4c2dd87914d): CREATE EXTERNAL TABLE IF NOT EXISTS transactions (
[2025-03-20T12:04:34.219+0000] {subprocess.py:93} INFO -         transaction_id STRING,
[2025-03-20T12:04:34.220+0000] {subprocess.py:93} INFO -         date_time STRING,
[2025-03-20T12:04:34.220+0000] {subprocess.py:93} INFO -         amount DOUBLE,
[2025-03-20T12:04:34.221+0000] {subprocess.py:93} INFO -         currency STRING,
[2025-03-20T12:04:34.221+0000] {subprocess.py:93} INFO -         merchant_details STRING,
[2025-03-20T12:04:34.222+0000] {subprocess.py:93} INFO -         customer_id STRING,
[2025-03-20T12:04:34.223+0000] {subprocess.py:93} INFO -         transaction_type STRING,
[2025-03-20T12:04:34.225+0000] {subprocess.py:93} INFO -         location STRING
[2025-03-20T12:04:34.226+0000] {subprocess.py:93} INFO -     )
[2025-03-20T12:04:34.227+0000] {subprocess.py:93} INFO -     PARTITIONED BY (batch_id STRING)
[2025-03-20T12:04:34.227+0000] {subprocess.py:93} INFO -     STORED AS PARQUET
[2025-03-20T12:04:34.228+0000] {subprocess.py:93} INFO -     LOCATION '/data/transactions/transactions_batch_0'
[2025-03-20T12:04:34.228+0000] {subprocess.py:93} INFO - INFO  : Concurrency mode is disabled, not creating a lock manager
[2025-03-20T12:04:34.228+0000] {subprocess.py:93} INFO - INFO  : Semantic Analysis Completed (retrial = false)
[2025-03-20T12:04:34.229+0000] {subprocess.py:93} INFO - INFO  : Returning Hive schema: Schema(fieldSchemas:null, properties:null)
[2025-03-20T12:04:34.229+0000] {subprocess.py:93} INFO - INFO  : Completed compiling command(queryId=root_20250320120432_eb5fff07-e371-4fb6-88da-a4c2dd87914d); Time taken: 1.308 seconds
[2025-03-20T12:04:34.230+0000] {subprocess.py:93} INFO - INFO  : Concurrency mode is disabled, not creating a lock manager
[2025-03-20T12:04:34.230+0000] {subprocess.py:93} INFO - INFO  : Executing command(queryId=root_20250320120432_eb5fff07-e371-4fb6-88da-a4c2dd87914d): CREATE EXTERNAL TABLE IF NOT EXISTS transactions (
[2025-03-20T12:04:34.231+0000] {subprocess.py:93} INFO -         transaction_id STRING,
[2025-03-20T12:04:34.232+0000] {subprocess.py:93} INFO -         date_time STRING,
[2025-03-20T12:04:34.232+0000] {subprocess.py:93} INFO -         amount DOUBLE,
[2025-03-20T12:04:34.233+0000] {subprocess.py:93} INFO -         currency STRING,
[2025-03-20T12:04:34.234+0000] {subprocess.py:93} INFO -         merchant_details STRING,
[2025-03-20T12:04:34.234+0000] {subprocess.py:93} INFO -         customer_id STRING,
[2025-03-20T12:04:34.235+0000] {subprocess.py:93} INFO -         transaction_type STRING,
[2025-03-20T12:04:34.235+0000] {subprocess.py:93} INFO -         location STRING
[2025-03-20T12:04:34.235+0000] {subprocess.py:93} INFO -     )
[2025-03-20T12:04:34.236+0000] {subprocess.py:93} INFO -     PARTITIONED BY (batch_id STRING)
[2025-03-20T12:04:34.236+0000] {subprocess.py:93} INFO -     STORED AS PARQUET
[2025-03-20T12:04:34.237+0000] {subprocess.py:93} INFO -     LOCATION '/data/transactions/transactions_batch_0'
[2025-03-20T12:04:34.237+0000] {subprocess.py:93} INFO - INFO  : Starting task [Stage-0:DDL] in serial mode
[2025-03-20T12:04:34.238+0000] {subprocess.py:93} INFO - INFO  : Completed executing command(queryId=root_20250320120432_eb5fff07-e371-4fb6-88da-a4c2dd87914d); Time taken: 0.321 seconds
[2025-03-20T12:04:34.239+0000] {subprocess.py:93} INFO - INFO  : OK
[2025-03-20T12:04:34.240+0000] {subprocess.py:93} INFO - INFO  : Concurrency mode is disabled, not creating a lock manager
[2025-03-20T12:04:34.240+0000] {subprocess.py:93} INFO - No rows affected (1.93 seconds)
[2025-03-20T12:04:34.782+0000] {subprocess.py:93} INFO - INFO  : Compiling command(queryId=root_20250320120434_6b975243-f035-450f-b6c3-19bd81916f5f): ALTER TABLE transactions ADD IF NOT EXISTS PARTITION (batch_id='batch_20250320_120414') LOCATION '/data/transactions/transactions_batch_0'
[2025-03-20T12:04:34.783+0000] {subprocess.py:93} INFO - INFO  : Concurrency mode is disabled, not creating a lock manager
[2025-03-20T12:04:34.784+0000] {subprocess.py:93} INFO - INFO  : Semantic Analysis Completed (retrial = false)
[2025-03-20T12:04:34.785+0000] {subprocess.py:93} INFO - INFO  : Returning Hive schema: Schema(fieldSchemas:null, properties:null)
[2025-03-20T12:04:34.786+0000] {subprocess.py:93} INFO - INFO  : Completed compiling command(queryId=root_20250320120434_6b975243-f035-450f-b6c3-19bd81916f5f); Time taken: 0.244 seconds
[2025-03-20T12:04:34.786+0000] {subprocess.py:93} INFO - INFO  : Concurrency mode is disabled, not creating a lock manager
[2025-03-20T12:04:34.787+0000] {subprocess.py:93} INFO - INFO  : Executing command(queryId=root_20250320120434_6b975243-f035-450f-b6c3-19bd81916f5f): ALTER TABLE transactions ADD IF NOT EXISTS PARTITION (batch_id='batch_20250320_120414') LOCATION '/data/transactions/transactions_batch_0'
[2025-03-20T12:04:34.787+0000] {subprocess.py:93} INFO - INFO  : Starting task [Stage-0:DDL] in serial mode
[2025-03-20T12:04:34.788+0000] {subprocess.py:93} INFO - INFO  : Completed executing command(queryId=root_20250320120434_6b975243-f035-450f-b6c3-19bd81916f5f); Time taken: 0.251 seconds
[2025-03-20T12:04:34.789+0000] {subprocess.py:93} INFO - INFO  : OK
[2025-03-20T12:04:34.790+0000] {subprocess.py:93} INFO - INFO  : Concurrency mode is disabled, not creating a lock manager
[2025-03-20T12:04:34.792+0000] {subprocess.py:93} INFO - No rows affected (0.522 seconds)
[2025-03-20T12:04:34.793+0000] {subprocess.py:93} INFO - Beeline version 3.1.3 by Apache Hive
[2025-03-20T12:04:34.799+0000] {subprocess.py:93} INFO - Closing: 0: jdbc:hive2://localhost:10000
[2025-03-20T12:04:34.898+0000] {subprocess.py:97} INFO - Command exited with return code 0
[2025-03-20T12:04:34.993+0000] {taskinstance.py:1398} INFO - Marking task as SUCCESS. dag_id=transactions_pipeline, task_id=create_hive_table, execution_date=20250320T120414, start_date=20250320T120427, end_date=20250320T120434
[2025-03-20T12:04:35.053+0000] {local_task_job_runner.py:228} INFO - Task exited with return code 0
[2025-03-20T12:04:35.101+0000] {taskinstance.py:2776} INFO - 1 downstream tasks scheduled from follow-on schedule check
