[2025-03-18T21:22:58.504+0000] {manager.py:487} INFO - Processing files using up to 2 processes at a time 
[2025-03-18T21:22:58.505+0000] {manager.py:488} INFO - Process each file at most once every 30 seconds
[2025-03-18T21:22:58.506+0000] {manager.py:489} INFO - Checking for new files in /opt/airflow/dags every 300 seconds
[2025-03-18T21:22:58.506+0000] {manager.py:759} INFO - Searching for files in /opt/airflow/dags
[2025-03-18T21:22:58.510+0000] {manager.py:762} INFO - There are 0 files in /opt/airflow/dags
[2025-03-18T21:24:49.035+0000] {manager.py:469} INFO - Exiting gracefully upon receiving signal 15
[2025-03-18T21:26:43.427+0000] {manager.py:487} INFO - Processing files using up to 2 processes at a time 
[2025-03-18T21:26:43.429+0000] {manager.py:488} INFO - Process each file at most once every 30 seconds
[2025-03-18T21:26:43.430+0000] {manager.py:489} INFO - Checking for new files in /opt/airflow/dags every 300 seconds
[2025-03-18T21:26:43.431+0000] {manager.py:759} INFO - Searching for files in /opt/airflow/dags
[2025-03-18T21:26:43.444+0000] {manager.py:762} INFO - There are 0 files in /opt/airflow/dags
[2025-03-18T21:31:43.941+0000] {manager.py:759} INFO - Searching for files in /opt/airflow/dags
[2025-03-18T21:31:43.951+0000] {manager.py:762} INFO - There are 0 files in /opt/airflow/dags
[2025-03-18T21:36:44.234+0000] {manager.py:759} INFO - Searching for files in /opt/airflow/dags
[2025-03-18T21:36:44.244+0000] {manager.py:762} INFO - There are 0 files in /opt/airflow/dags
[2025-03-18T21:41:32.896+0000] {manager.py:469} INFO - Exiting gracefully upon receiving signal 15
[2025-03-18T21:42:17.935+0000] {manager.py:487} INFO - Processing files using up to 2 processes at a time 
[2025-03-18T21:42:17.936+0000] {manager.py:488} INFO - Process each file at most once every 30 seconds
[2025-03-18T21:42:17.937+0000] {manager.py:489} INFO - Checking for new files in /opt/airflow/dags every 300 seconds
[2025-03-18T21:42:17.938+0000] {manager.py:759} INFO - Searching for files in /opt/airflow/dags
[2025-03-18T21:42:17.943+0000] {manager.py:762} INFO - There are 0 files in /opt/airflow/dags
[2025-03-18T21:45:34.013+0000] {manager.py:469} INFO - Exiting gracefully upon receiving signal 15
[2025-03-18T21:46:26.153+0000] {manager.py:487} INFO - Processing files using up to 2 processes at a time 
[2025-03-18T21:46:26.154+0000] {manager.py:488} INFO - Process each file at most once every 30 seconds
[2025-03-18T21:46:26.155+0000] {manager.py:489} INFO - Checking for new files in /opt/airflow/dags every 300 seconds
[2025-03-18T21:46:26.156+0000] {manager.py:759} INFO - Searching for files in /opt/airflow/dags
[2025-03-18T21:46:26.163+0000] {manager.py:762} INFO - There are 0 files in /opt/airflow/dags
[2025-03-18T21:51:26.548+0000] {manager.py:759} INFO - Searching for files in /opt/airflow/dags
[2025-03-18T21:51:26.553+0000] {manager.py:762} INFO - There are 0 files in /opt/airflow/dags
[2025-03-18T21:52:07.847+0000] {manager.py:469} INFO - Exiting gracefully upon receiving signal 15
[2025-03-18T22:02:25.801+0000] {manager.py:487} INFO - Processing files using up to 2 processes at a time 
[2025-03-18T22:02:25.802+0000] {manager.py:488} INFO - Process each file at most once every 30 seconds
[2025-03-18T22:02:25.803+0000] {manager.py:489} INFO - Checking for new files in /opt/airflow/dags every 300 seconds
[2025-03-18T22:02:25.804+0000] {manager.py:759} INFO - Searching for files in /opt/airflow/dags
[2025-03-18T22:02:25.809+0000] {manager.py:762} INFO - There are 0 files in /opt/airflow/dags
[2025-03-18T22:13:18.467+0000] {manager.py:487} INFO - Processing files using up to 2 processes at a time 
[2025-03-18T22:13:18.469+0000] {manager.py:488} INFO - Process each file at most once every 30 seconds
[2025-03-18T22:13:18.469+0000] {manager.py:489} INFO - Checking for new files in /opt/airflow/dags every 300 seconds
[2025-03-18T22:13:18.471+0000] {manager.py:759} INFO - Searching for files in /opt/airflow/dags
[2025-03-18T22:13:18.477+0000] {manager.py:762} INFO - There are 0 files in /opt/airflow/dags
[2025-03-18T22:16:46.689+0000] {manager.py:469} INFO - Exiting gracefully upon receiving signal 15
[2025-03-18T22:26:47.979+0000] {manager.py:487} INFO - Processing files using up to 2 processes at a time 
[2025-03-18T22:26:47.982+0000] {manager.py:488} INFO - Process each file at most once every 30 seconds
[2025-03-18T22:26:47.990+0000] {manager.py:489} INFO - Checking for new files in /opt/airflow/dags every 300 seconds
[2025-03-18T22:26:47.991+0000] {manager.py:759} INFO - Searching for files in /opt/airflow/dags
[2025-03-18T22:26:47.999+0000] {manager.py:762} INFO - There are 0 files in /opt/airflow/dags
[2025-03-18T23:27:34.131+0000] {manager.py:759} INFO - Searching for files in /opt/airflow/dags
[2025-03-18T23:27:34.141+0000] {manager.py:762} INFO - There are 0 files in /opt/airflow/dags
[2025-03-18T23:27:55.046+0000] {manager.py:469} INFO - Exiting gracefully upon receiving signal 15
[2025-03-19T10:01:31.839+0000] {manager.py:487} INFO - Processing files using up to 2 processes at a time 
[2025-03-19T10:01:31.840+0000] {manager.py:488} INFO - Process each file at most once every 30 seconds
[2025-03-19T10:01:31.840+0000] {manager.py:489} INFO - Checking for new files in /opt/airflow/dags every 300 seconds
[2025-03-19T10:01:31.841+0000] {manager.py:759} INFO - Searching for files in /opt/airflow/dags
[2025-03-19T10:01:31.844+0000] {manager.py:762} INFO - There are 0 files in /opt/airflow/dags
[2025-03-19T10:06:32.669+0000] {manager.py:759} INFO - Searching for files in /opt/airflow/dags
[2025-03-19T10:06:32.677+0000] {manager.py:762} INFO - There are 0 files in /opt/airflow/dags
[2025-03-19T10:11:32.728+0000] {manager.py:759} INFO - Searching for files in /opt/airflow/dags
[2025-03-19T10:11:32.738+0000] {manager.py:762} INFO - There are 0 files in /opt/airflow/dags
[2025-03-19T10:12:21.325+0000] {manager.py:469} INFO - Exiting gracefully upon receiving signal 15
[2025-03-19T10:13:19.061+0000] {manager.py:487} INFO - Processing files using up to 2 processes at a time 
[2025-03-19T10:13:19.062+0000] {manager.py:488} INFO - Process each file at most once every 30 seconds
[2025-03-19T10:13:19.062+0000] {manager.py:489} INFO - Checking for new files in /opt/airflow/dags every 300 seconds
[2025-03-19T10:13:19.064+0000] {manager.py:759} INFO - Searching for files in /opt/airflow/dags
[2025-03-19T10:13:19.069+0000] {manager.py:762} INFO - There are 0 files in /opt/airflow/dags
[2025-03-19T10:18:19.347+0000] {manager.py:759} INFO - Searching for files in /opt/airflow/dags
[2025-03-19T10:18:19.351+0000] {manager.py:762} INFO - There are 0 files in /opt/airflow/dags
[2025-03-19T10:23:19.699+0000] {manager.py:759} INFO - Searching for files in /opt/airflow/dags
[2025-03-19T10:23:19.705+0000] {manager.py:762} INFO - There are 0 files in /opt/airflow/dags
[2025-03-19T10:28:19.948+0000] {manager.py:759} INFO - Searching for files in /opt/airflow/dags
[2025-03-19T10:28:19.953+0000] {manager.py:762} INFO - There are 0 files in /opt/airflow/dags
[2025-03-19T10:33:20.081+0000] {manager.py:759} INFO - Searching for files in /opt/airflow/dags
[2025-03-19T10:33:20.090+0000] {manager.py:762} INFO - There are 0 files in /opt/airflow/dags
[2025-03-19T10:38:20.244+0000] {manager.py:759} INFO - Searching for files in /opt/airflow/dags
[2025-03-19T10:38:20.251+0000] {manager.py:762} INFO - There are 0 files in /opt/airflow/dags
[2025-03-19T10:42:11.108+0000] {manager.py:469} INFO - Exiting gracefully upon receiving signal 15
[2025-03-19T10:43:04.775+0000] {manager.py:487} INFO - Processing files using up to 2 processes at a time 
[2025-03-19T10:43:04.777+0000] {manager.py:488} INFO - Process each file at most once every 30 seconds
[2025-03-19T10:43:04.778+0000] {manager.py:489} INFO - Checking for new files in /opt/airflow/dags every 300 seconds
[2025-03-19T10:43:04.779+0000] {manager.py:759} INFO - Searching for files in /opt/airflow/dags
[2025-03-19T10:43:04.784+0000] {manager.py:762} INFO - There are 0 files in /opt/airflow/dags
[2025-03-19T10:48:05.252+0000] {manager.py:759} INFO - Searching for files in /opt/airflow/dags
[2025-03-19T10:48:05.257+0000] {manager.py:762} INFO - There are 0 files in /opt/airflow/dags
[2025-03-19T10:53:05.325+0000] {manager.py:759} INFO - Searching for files in /opt/airflow/dags
[2025-03-19T10:53:05.329+0000] {manager.py:762} INFO - There are 0 files in /opt/airflow/dags
[2025-03-19T10:58:05.633+0000] {manager.py:759} INFO - Searching for files in /opt/airflow/dags
[2025-03-19T10:58:05.640+0000] {manager.py:762} INFO - There are 0 files in /opt/airflow/dags
[2025-03-19T11:00:38.004+0000] {manager.py:469} INFO - Exiting gracefully upon receiving signal 15
[2025-03-19T11:01:17.276+0000] {manager.py:487} INFO - Processing files using up to 2 processes at a time 
[2025-03-19T11:01:17.279+0000] {manager.py:488} INFO - Process each file at most once every 30 seconds
[2025-03-19T11:01:17.280+0000] {manager.py:489} INFO - Checking for new files in /opt/airflow/dags every 300 seconds
[2025-03-19T11:01:17.282+0000] {manager.py:759} INFO - Searching for files in /opt/airflow/dags
[2025-03-19T11:01:17.292+0000] {manager.py:762} INFO - There are 0 files in /opt/airflow/dags
[2025-03-19T11:03:34.921+0000] {manager.py:469} INFO - Exiting gracefully upon receiving signal 15
[2025-03-19T11:04:13.056+0000] {manager.py:487} INFO - Processing files using up to 2 processes at a time 
[2025-03-19T11:04:13.058+0000] {manager.py:488} INFO - Process each file at most once every 30 seconds
[2025-03-19T11:04:13.059+0000] {manager.py:489} INFO - Checking for new files in /opt/airflow/dags every 300 seconds
[2025-03-19T11:04:13.060+0000] {manager.py:759} INFO - Searching for files in /opt/airflow/dags
[2025-03-19T11:04:13.065+0000] {manager.py:762} INFO - There are 0 files in /opt/airflow/dags
[2025-03-19T11:09:13.451+0000] {manager.py:759} INFO - Searching for files in /opt/airflow/dags
[2025-03-19T11:09:13.457+0000] {manager.py:762} INFO - There are 0 files in /opt/airflow/dags
[2025-03-19T11:14:13.707+0000] {manager.py:759} INFO - Searching for files in /opt/airflow/dags
[2025-03-19T11:14:13.715+0000] {manager.py:762} INFO - There are 0 files in /opt/airflow/dags
[2025-03-19T11:19:13.880+0000] {manager.py:759} INFO - Searching for files in /opt/airflow/dags
[2025-03-19T11:19:13.884+0000] {manager.py:762} INFO - There are 0 files in /opt/airflow/dags
[2025-03-19T11:24:13.900+0000] {manager.py:759} INFO - Searching for files in /opt/airflow/dags
[2025-03-19T11:24:13.903+0000] {manager.py:762} INFO - There are 0 files in /opt/airflow/dags
[2025-03-19T11:29:13.974+0000] {manager.py:759} INFO - Searching for files in /opt/airflow/dags
[2025-03-19T11:29:13.981+0000] {manager.py:762} INFO - There are 0 files in /opt/airflow/dags
[2025-03-19T11:34:14.407+0000] {manager.py:759} INFO - Searching for files in /opt/airflow/dags
[2025-03-19T11:34:11.032+0000] {manager.py:762} INFO - There are 0 files in /opt/airflow/dags
[2025-03-19T11:36:54.194+0000] {manager.py:469} INFO - Exiting gracefully upon receiving signal 15
[2025-03-19T11:37:30.689+0000] {manager.py:487} INFO - Processing files using up to 2 processes at a time 
[2025-03-19T11:37:30.703+0000] {manager.py:488} INFO - Process each file at most once every 30 seconds
[2025-03-19T11:37:30.705+0000] {manager.py:489} INFO - Checking for new files in /opt/airflow/dags every 300 seconds
[2025-03-19T11:37:30.721+0000] {manager.py:759} INFO - Searching for files in /opt/airflow/dags
[2025-03-19T11:37:30.793+0000] {manager.py:762} INFO - There are 0 files in /opt/airflow/dags
[2025-03-19T11:42:31.229+0000] {manager.py:759} INFO - Searching for files in /opt/airflow/dags
[2025-03-19T11:42:31.236+0000] {manager.py:762} INFO - There are 0 files in /opt/airflow/dags
[2025-03-19T11:47:31.559+0000] {manager.py:759} INFO - Searching for files in /opt/airflow/dags
[2025-03-19T11:47:31.565+0000] {manager.py:762} INFO - There are 0 files in /opt/airflow/dags
[2025-03-19T11:52:31.825+0000] {manager.py:759} INFO - Searching for files in /opt/airflow/dags
[2025-03-19T11:52:31.830+0000] {manager.py:762} INFO - There are 0 files in /opt/airflow/dags
[2025-03-19T11:54:38.049+0000] {manager.py:469} INFO - Exiting gracefully upon receiving signal 15
[2025-03-19T11:55:20.780+0000] {manager.py:487} INFO - Processing files using up to 2 processes at a time 
[2025-03-19T11:55:20.784+0000] {manager.py:488} INFO - Process each file at most once every 30 seconds
[2025-03-19T11:55:20.786+0000] {manager.py:489} INFO - Checking for new files in /opt/airflow/dags every 300 seconds
[2025-03-19T11:55:20.787+0000] {manager.py:759} INFO - Searching for files in /opt/airflow/dags
[2025-03-19T11:55:20.792+0000] {manager.py:762} INFO - There are 0 files in /opt/airflow/dags
[2025-03-19T12:00:21.490+0000] {manager.py:759} INFO - Searching for files in /opt/airflow/dags
[2025-03-19T12:00:21.499+0000] {manager.py:762} INFO - There are 0 files in /opt/airflow/dags
[2025-03-19T12:01:42.416+0000] {manager.py:469} INFO - Exiting gracefully upon receiving signal 15
[2025-03-19T12:02:17.493+0000] {manager.py:487} INFO - Processing files using up to 2 processes at a time 
[2025-03-19T12:02:17.494+0000] {manager.py:488} INFO - Process each file at most once every 30 seconds
[2025-03-19T12:02:17.495+0000] {manager.py:489} INFO - Checking for new files in /opt/airflow/dags every 300 seconds
[2025-03-19T12:02:17.495+0000] {manager.py:759} INFO - Searching for files in /opt/airflow/dags
[2025-03-19T12:02:17.499+0000] {manager.py:762} INFO - There are 0 files in /opt/airflow/dags
[2025-03-19T12:07:17.606+0000] {manager.py:759} INFO - Searching for files in /opt/airflow/dags
[2025-03-19T12:07:17.609+0000] {manager.py:762} INFO - There are 0 files in /opt/airflow/dags
[2025-03-19T12:10:44.125+0000] {manager.py:469} INFO - Exiting gracefully upon receiving signal 15
[2025-03-19T12:11:22.314+0000] {manager.py:487} INFO - Processing files using up to 2 processes at a time 
[2025-03-19T12:11:22.315+0000] {manager.py:488} INFO - Process each file at most once every 30 seconds
[2025-03-19T12:11:22.316+0000] {manager.py:489} INFO - Checking for new files in /opt/airflow/dags every 300 seconds
[2025-03-19T12:11:22.316+0000] {manager.py:759} INFO - Searching for files in /opt/airflow/dags
[2025-03-19T12:11:22.323+0000] {manager.py:762} INFO - There are 0 files in /opt/airflow/dags
[2025-03-19T12:16:23.245+0000] {manager.py:759} INFO - Searching for files in /opt/airflow/dags
[2025-03-19T12:16:23.250+0000] {manager.py:762} INFO - There are 0 files in /opt/airflow/dags
[2025-03-19T12:21:24.147+0000] {manager.py:759} INFO - Searching for files in /opt/airflow/dags
[2025-03-19T12:21:24.151+0000] {manager.py:762} INFO - There are 0 files in /opt/airflow/dags
[2025-03-19T12:24:29.447+0000] {manager.py:469} INFO - Exiting gracefully upon receiving signal 15
[2025-03-19T12:25:11.402+0000] {manager.py:487} INFO - Processing files using up to 2 processes at a time 
[2025-03-19T12:25:11.404+0000] {manager.py:488} INFO - Process each file at most once every 30 seconds
[2025-03-19T12:25:11.404+0000] {manager.py:489} INFO - Checking for new files in /opt/airflow/dags every 300 seconds
[2025-03-19T12:25:11.405+0000] {manager.py:759} INFO - Searching for files in /opt/airflow/dags
[2025-03-19T12:25:11.409+0000] {manager.py:762} INFO - There are 0 files in /opt/airflow/dags
[2025-03-19T12:30:12.189+0000] {manager.py:759} INFO - Searching for files in /opt/airflow/dags
[2025-03-19T12:30:12.196+0000] {manager.py:762} INFO - There are 0 files in /opt/airflow/dags
[2025-03-19T12:35:12.368+0000] {manager.py:759} INFO - Searching for files in /opt/airflow/dags
[2025-03-19T12:35:12.376+0000] {manager.py:762} INFO - There are 0 files in /opt/airflow/dags
[2025-03-19T12:36:45.312+0000] {manager.py:469} INFO - Exiting gracefully upon receiving signal 15
[2025-03-19T12:37:31.993+0000] {manager.py:487} INFO - Processing files using up to 2 processes at a time 
[2025-03-19T12:37:31.994+0000] {manager.py:488} INFO - Process each file at most once every 30 seconds
[2025-03-19T12:37:31.995+0000] {manager.py:489} INFO - Checking for new files in /opt/airflow/dags every 300 seconds
[2025-03-19T12:37:31.996+0000] {manager.py:759} INFO - Searching for files in /opt/airflow/dags
[2025-03-19T12:37:32.000+0000] {manager.py:762} INFO - There are 0 files in /opt/airflow/dags
[2025-03-19T12:42:07.883+0000] {manager.py:469} INFO - Exiting gracefully upon receiving signal 15
[2025-03-19T12:42:49.354+0000] {manager.py:487} INFO - Processing files using up to 2 processes at a time 
[2025-03-19T12:42:49.357+0000] {manager.py:488} INFO - Process each file at most once every 30 seconds
[2025-03-19T12:42:49.374+0000] {manager.py:489} INFO - Checking for new files in /opt/airflow/dags every 300 seconds
[2025-03-19T12:42:49.392+0000] {manager.py:759} INFO - Searching for files in /opt/airflow/dags
[2025-03-19T12:42:49.532+0000] {manager.py:762} INFO - There are 0 files in /opt/airflow/dags
[2025-03-19T12:47:49.653+0000] {manager.py:759} INFO - Searching for files in /opt/airflow/dags
[2025-03-19T12:47:49.657+0000] {manager.py:762} INFO - There are 0 files in /opt/airflow/dags
[2025-03-19T12:52:50.513+0000] {manager.py:759} INFO - Searching for files in /opt/airflow/dags
[2025-03-19T12:52:50.520+0000] {manager.py:762} INFO - There are 0 files in /opt/airflow/dags
[2025-03-19T12:57:51.442+0000] {manager.py:759} INFO - Searching for files in /opt/airflow/dags
[2025-03-19T12:57:51.447+0000] {manager.py:762} INFO - There are 0 files in /opt/airflow/dags
[2025-03-19T13:02:52.432+0000] {manager.py:759} INFO - Searching for files in /opt/airflow/dags
[2025-03-19T13:02:52.435+0000] {manager.py:762} INFO - There are 0 files in /opt/airflow/dags
[2025-03-19T13:06:32.005+0000] {manager.py:469} INFO - Exiting gracefully upon receiving signal 15
[2025-03-19T13:07:12.239+0000] {manager.py:487} INFO - Processing files using up to 2 processes at a time 
[2025-03-19T13:07:12.240+0000] {manager.py:488} INFO - Process each file at most once every 30 seconds
[2025-03-19T13:07:12.242+0000] {manager.py:489} INFO - Checking for new files in /opt/airflow/dags every 300 seconds
[2025-03-19T13:07:12.242+0000] {manager.py:759} INFO - Searching for files in /opt/airflow/dags
[2025-03-19T13:07:12.249+0000] {manager.py:762} INFO - There are 0 files in /opt/airflow/dags
[2025-03-19T13:11:01.534+0000] {manager.py:469} INFO - Exiting gracefully upon receiving signal 15
[2025-03-19T13:11:45.622+0000] {manager.py:487} INFO - Processing files using up to 2 processes at a time 
[2025-03-19T13:11:45.623+0000] {manager.py:488} INFO - Process each file at most once every 30 seconds
[2025-03-19T13:11:45.626+0000] {manager.py:489} INFO - Checking for new files in /opt/airflow/dags every 300 seconds
[2025-03-19T13:11:45.627+0000] {manager.py:759} INFO - Searching for files in /opt/airflow/dags
[2025-03-19T13:11:45.633+0000] {manager.py:762} INFO - There are 0 files in /opt/airflow/dags
[2025-03-19T13:16:45.730+0000] {manager.py:759} INFO - Searching for files in /opt/airflow/dags
[2025-03-19T13:16:45.734+0000] {manager.py:762} INFO - There are 0 files in /opt/airflow/dags
[2025-03-19T13:21:45.961+0000] {manager.py:759} INFO - Searching for files in /opt/airflow/dags
[2025-03-19T13:21:45.967+0000] {manager.py:762} INFO - There are 0 files in /opt/airflow/dags
[2025-03-19T13:26:46.813+0000] {manager.py:759} INFO - Searching for files in /opt/airflow/dags
[2025-03-19T13:26:46.818+0000] {manager.py:762} INFO - There are 0 files in /opt/airflow/dags
[2025-03-19T13:31:47.697+0000] {manager.py:759} INFO - Searching for files in /opt/airflow/dags
[2025-03-19T13:31:47.703+0000] {manager.py:762} INFO - There are 0 files in /opt/airflow/dags
[2025-03-19T13:36:48.675+0000] {manager.py:759} INFO - Searching for files in /opt/airflow/dags
[2025-03-19T13:36:48.679+0000] {manager.py:762} INFO - There are 0 files in /opt/airflow/dags
[2025-03-19T13:41:49.672+0000] {manager.py:759} INFO - Searching for files in /opt/airflow/dags
[2025-03-19T13:41:49.677+0000] {manager.py:762} INFO - There are 0 files in /opt/airflow/dags
[2025-03-19T13:46:50.498+0000] {manager.py:759} INFO - Searching for files in /opt/airflow/dags
[2025-03-19T13:46:50.504+0000] {manager.py:762} INFO - There are 0 files in /opt/airflow/dags
[2025-03-19T13:51:50.540+0000] {manager.py:759} INFO - Searching for files in /opt/airflow/dags
[2025-03-19T13:51:50.548+0000] {manager.py:762} INFO - There are 0 files in /opt/airflow/dags
[2025-03-19T13:56:50.854+0000] {manager.py:759} INFO - Searching for files in /opt/airflow/dags
[2025-03-19T13:56:50.862+0000] {manager.py:762} INFO - There are 0 files in /opt/airflow/dags
[2025-03-19T14:01:51.271+0000] {manager.py:759} INFO - Searching for files in /opt/airflow/dags
[2025-03-19T14:01:51.279+0000] {manager.py:762} INFO - There are 0 files in /opt/airflow/dags
[2025-03-19T14:06:51.482+0000] {manager.py:759} INFO - Searching for files in /opt/airflow/dags
[2025-03-19T14:06:51.486+0000] {manager.py:762} INFO - There are 0 files in /opt/airflow/dags
[2025-03-19T14:11:51.547+0000] {manager.py:759} INFO - Searching for files in /opt/airflow/dags
[2025-03-19T14:11:51.555+0000] {manager.py:762} INFO - There are 0 files in /opt/airflow/dags
[2025-03-19T14:12:36.221+0000] {manager.py:469} INFO - Exiting gracefully upon receiving signal 15
[2025-03-19T14:13:23.654+0000] {manager.py:487} INFO - Processing files using up to 2 processes at a time 
[2025-03-19T14:13:23.656+0000] {manager.py:488} INFO - Process each file at most once every 30 seconds
[2025-03-19T14:13:23.657+0000] {manager.py:489} INFO - Checking for new files in /opt/airflow/dags every 300 seconds
[2025-03-19T14:13:23.658+0000] {manager.py:759} INFO - Searching for files in /opt/airflow/dags
[2025-03-19T14:13:23.664+0000] {manager.py:762} INFO - There are 0 files in /opt/airflow/dags
[2025-03-19T14:18:23.725+0000] {manager.py:759} INFO - Searching for files in /opt/airflow/dags
[2025-03-19T14:18:23.734+0000] {manager.py:762} INFO - There are 0 files in /opt/airflow/dags
[2025-03-19T14:21:25.408+0000] {manager.py:469} INFO - Exiting gracefully upon receiving signal 15
[2025-03-19T14:22:06.751+0000] {manager.py:487} INFO - Processing files using up to 2 processes at a time 
[2025-03-19T14:22:06.752+0000] {manager.py:488} INFO - Process each file at most once every 30 seconds
[2025-03-19T14:22:06.752+0000] {manager.py:489} INFO - Checking for new files in /opt/airflow/dags every 300 seconds
[2025-03-19T14:22:06.753+0000] {manager.py:759} INFO - Searching for files in /opt/airflow/dags
[2025-03-19T14:22:06.757+0000] {manager.py:762} INFO - There are 0 files in /opt/airflow/dags
[2025-03-19T14:27:07.188+0000] {manager.py:759} INFO - Searching for files in /opt/airflow/dags
[2025-03-19T14:27:07.195+0000] {manager.py:762} INFO - There are 0 files in /opt/airflow/dags
[2025-03-19T14:28:31.012+0000] {manager.py:469} INFO - Exiting gracefully upon receiving signal 15
[2025-03-19T14:29:19.335+0000] {manager.py:487} INFO - Processing files using up to 2 processes at a time 
[2025-03-19T14:29:19.337+0000] {manager.py:488} INFO - Process each file at most once every 30 seconds
[2025-03-19T14:29:19.338+0000] {manager.py:489} INFO - Checking for new files in /opt/airflow/dags every 300 seconds
[2025-03-19T14:29:19.338+0000] {manager.py:759} INFO - Searching for files in /opt/airflow/dags
[2025-03-19T14:29:19.347+0000] {manager.py:762} INFO - There are 0 files in /opt/airflow/dags
[2025-03-19T14:34:19.422+0000] {manager.py:759} INFO - Searching for files in /opt/airflow/dags
[2025-03-19T14:34:19.427+0000] {manager.py:762} INFO - There are 0 files in /opt/airflow/dags
[2025-03-19T14:37:58.247+0000] {manager.py:469} INFO - Exiting gracefully upon receiving signal 15
[2025-03-19T14:40:33.826+0000] {manager.py:487} INFO - Processing files using up to 2 processes at a time 
[2025-03-19T14:40:33.827+0000] {manager.py:488} INFO - Process each file at most once every 30 seconds
[2025-03-19T14:40:33.828+0000] {manager.py:489} INFO - Checking for new files in /opt/airflow/dags every 300 seconds
[2025-03-19T14:40:33.829+0000] {manager.py:759} INFO - Searching for files in /opt/airflow/dags
[2025-03-19T14:40:33.834+0000] {manager.py:762} INFO - There are 0 files in /opt/airflow/dags
[2025-03-19T14:42:19.206+0000] {manager.py:469} INFO - Exiting gracefully upon receiving signal 15
[2025-03-19T14:42:57.583+0000] {manager.py:487} INFO - Processing files using up to 2 processes at a time 
[2025-03-19T14:42:57.584+0000] {manager.py:488} INFO - Process each file at most once every 30 seconds
[2025-03-19T14:42:57.584+0000] {manager.py:489} INFO - Checking for new files in /opt/airflow/dags every 300 seconds
[2025-03-19T14:42:57.585+0000] {manager.py:759} INFO - Searching for files in /opt/airflow/dags
[2025-03-19T14:42:57.590+0000] {manager.py:762} INFO - There are 0 files in /opt/airflow/dags
[2025-03-19T14:45:05.768+0000] {manager.py:469} INFO - Exiting gracefully upon receiving signal 15
[2025-03-19T14:45:45.585+0000] {manager.py:487} INFO - Processing files using up to 2 processes at a time 
[2025-03-19T14:45:45.587+0000] {manager.py:488} INFO - Process each file at most once every 30 seconds
[2025-03-19T14:45:45.588+0000] {manager.py:489} INFO - Checking for new files in /opt/airflow/dags every 300 seconds
[2025-03-19T14:45:45.588+0000] {manager.py:759} INFO - Searching for files in /opt/airflow/dags
[2025-03-19T14:45:45.593+0000] {manager.py:762} INFO - There are 0 files in /opt/airflow/dags
[2025-03-19T14:50:46.140+0000] {manager.py:759} INFO - Searching for files in /opt/airflow/dags
[2025-03-19T14:50:46.147+0000] {manager.py:762} INFO - There are 0 files in /opt/airflow/dags
[2025-03-19T14:55:46.223+0000] {manager.py:759} INFO - Searching for files in /opt/airflow/dags
[2025-03-19T14:55:46.229+0000] {manager.py:762} INFO - There are 0 files in /opt/airflow/dags
[2025-03-19T15:00:47.110+0000] {manager.py:759} INFO - Searching for files in /opt/airflow/dags
[2025-03-19T15:00:47.112+0000] {manager.py:762} INFO - There are 0 files in /opt/airflow/dags
[2025-03-19T15:02:37.768+0000] {manager.py:469} INFO - Exiting gracefully upon receiving signal 15
[2025-03-19T15:03:16.910+0000] {manager.py:487} INFO - Processing files using up to 2 processes at a time 
[2025-03-19T15:03:16.911+0000] {manager.py:488} INFO - Process each file at most once every 30 seconds
[2025-03-19T15:03:16.912+0000] {manager.py:489} INFO - Checking for new files in /opt/airflow/dags every 300 seconds
[2025-03-19T15:03:16.913+0000] {manager.py:759} INFO - Searching for files in /opt/airflow/dags
[2025-03-19T15:03:16.919+0000] {manager.py:762} INFO - There are 0 files in /opt/airflow/dags
[2025-03-19T15:08:16.993+0000] {manager.py:759} INFO - Searching for files in /opt/airflow/dags
[2025-03-19T15:08:17.001+0000] {manager.py:762} INFO - There are 0 files in /opt/airflow/dags
[2025-03-19T15:13:17.127+0000] {manager.py:759} INFO - Searching for files in /opt/airflow/dags
[2025-03-19T15:13:17.133+0000] {manager.py:762} INFO - There are 0 files in /opt/airflow/dags
[2025-03-19T15:18:17.229+0000] {manager.py:759} INFO - Searching for files in /opt/airflow/dags
[2025-03-19T15:18:17.239+0000] {manager.py:762} INFO - There are 0 files in /opt/airflow/dags
[2025-03-19T15:23:17.463+0000] {manager.py:759} INFO - Searching for files in /opt/airflow/dags
[2025-03-19T15:23:17.476+0000] {manager.py:762} INFO - There are 0 files in /opt/airflow/dags
[2025-03-19T15:28:17.597+0000] {manager.py:759} INFO - Searching for files in /opt/airflow/dags
[2025-03-19T15:28:17.610+0000] {manager.py:762} INFO - There are 0 files in /opt/airflow/dags
