[2025-03-21T13:53:59.093+0000] {taskinstance.py:1157} INFO - Dependencies all met for dep_context=non-requeueable deps ti=<TaskInstance: transactions_pipeline.create_fraud_table_batch_20250321_131625 scheduled__2025-03-21T13:47:39.231672+00:00 [queued]>
[2025-03-21T13:53:59.126+0000] {taskinstance.py:1157} INFO - Dependencies all met for dep_context=requeueable deps ti=<TaskInstance: transactions_pipeline.create_fraud_table_batch_20250321_131625 scheduled__2025-03-21T13:47:39.231672+00:00 [queued]>
[2025-03-21T13:53:59.128+0000] {taskinstance.py:1359} INFO - Starting attempt 1 of 1
[2025-03-21T13:53:59.179+0000] {taskinstance.py:1380} INFO - Executing <Task(BashOperator): create_fraud_table_batch_20250321_131625> on 2025-03-21 13:47:39.231672+00:00
[2025-03-21T13:53:59.196+0000] {standard_task_runner.py:57} INFO - Started process 1506 to run task
[2025-03-21T13:53:59.206+0000] {standard_task_runner.py:84} INFO - Running: ['***', 'tasks', 'run', 'transactions_pipeline', 'create_fraud_table_batch_20250321_131625', 'scheduled__2025-03-21T13:47:39.231672+00:00', '--job-id', '737', '--raw', '--subdir', 'DAGS_FOLDER/fraud_detection_pipeline.py', '--cfg-path', '/tmp/tmpd_qokml6']
[2025-03-21T13:53:59.216+0000] {standard_task_runner.py:85} INFO - Job 737: Subtask create_fraud_table_batch_20250321_131625
[2025-03-21T13:53:59.367+0000] {task_command.py:415} INFO - Running <TaskInstance: transactions_pipeline.create_fraud_table_batch_20250321_131625 scheduled__2025-03-21T13:47:39.231672+00:00 [running]> on host e95638583d4d
[2025-03-21T13:53:59.593+0000] {taskinstance.py:1660} INFO - Exporting env vars: AIRFLOW_CTX_DAG_EMAIL='rabiizahnoune7@gmail.com' AIRFLOW_CTX_DAG_OWNER='***' AIRFLOW_CTX_DAG_ID='transactions_pipeline' AIRFLOW_CTX_TASK_ID='create_fraud_table_batch_20250321_131625' AIRFLOW_CTX_EXECUTION_DATE='2025-03-21T13:47:39.231672+00:00' AIRFLOW_CTX_TRY_NUMBER='1' AIRFLOW_CTX_DAG_RUN_ID='scheduled__2025-03-21T13:47:39.231672+00:00'
[2025-03-21T13:53:59.597+0000] {subprocess.py:63} INFO - Tmp dir root location: /tmp
[2025-03-21T13:53:59.601+0000] {subprocess.py:75} INFO - Running command: ['/bin/bash', '-c', '\n            docker exec hive beeline -u "jdbc:hive2://localhost:10000" -e "\n            CREATE EXTERNAL TABLE IF NOT EXISTS fraud_detections (\n                transaction_id STRING,\n                date_time STRING,\n                amount DOUBLE,\n                customer_id STRING,\n                location STRING,\n                fraud_reason STRING\n            )\n            STORED AS PARQUET\n            LOCATION \'/data/fraud_detections\';"\n            ']
[2025-03-21T13:53:59.633+0000] {subprocess.py:86} INFO - Output:
[2025-03-21T13:54:07.230+0000] {subprocess.py:93} INFO - SLF4J: Class path contains multiple SLF4J bindings.
[2025-03-21T13:54:07.231+0000] {subprocess.py:93} INFO - SLF4J: Found binding in [jar:file:/opt/hive/lib/log4j-slf4j-impl-2.17.1.jar!/org/slf4j/impl/StaticLoggerBinder.class]
[2025-03-21T13:54:07.232+0000] {subprocess.py:93} INFO - SLF4J: Found binding in [jar:file:/opt/hadoop/share/hadoop/common/lib/slf4j-log4j12-1.7.25.jar!/org/slf4j/impl/StaticLoggerBinder.class]
[2025-03-21T13:54:07.233+0000] {subprocess.py:93} INFO - SLF4J: See http://www.slf4j.org/codes.html#multiple_bindings for an explanation.
[2025-03-21T13:54:08.921+0000] {subprocess.py:93} INFO - SLF4J: Actual binding is of type [org.apache.logging.slf4j.Log4jLoggerFactory]
[2025-03-21T13:54:19.514+0000] {subprocess.py:93} INFO - Connecting to jdbc:hive2://localhost:10000
[2025-03-21T13:54:22.109+0000] {subprocess.py:93} INFO - Connected to: Apache Hive (version 3.1.3)
[2025-03-21T13:54:22.111+0000] {subprocess.py:93} INFO - Driver: Hive JDBC (version 3.1.3)
[2025-03-21T13:54:22.111+0000] {subprocess.py:93} INFO - Transaction isolation: TRANSACTION_REPEATABLE_READ
[2025-03-21T13:54:23.211+0000] {subprocess.py:93} INFO - INFO  : Compiling command(queryId=root_20250321135422_445f3755-30dd-449b-a79d-c861512faba0): CREATE EXTERNAL TABLE IF NOT EXISTS fraud_detections (
[2025-03-21T13:54:23.213+0000] {subprocess.py:93} INFO -                 transaction_id STRING,
[2025-03-21T13:54:23.214+0000] {subprocess.py:93} INFO -                 date_time STRING,
[2025-03-21T13:54:23.215+0000] {subprocess.py:93} INFO -                 amount DOUBLE,
[2025-03-21T13:54:23.216+0000] {subprocess.py:93} INFO -                 customer_id STRING,
[2025-03-21T13:54:23.217+0000] {subprocess.py:93} INFO -                 location STRING,
[2025-03-21T13:54:23.218+0000] {subprocess.py:93} INFO -                 fraud_reason STRING
[2025-03-21T13:54:23.218+0000] {subprocess.py:93} INFO -             )
[2025-03-21T13:54:23.219+0000] {subprocess.py:93} INFO -             STORED AS PARQUET
[2025-03-21T13:54:23.220+0000] {subprocess.py:93} INFO -             LOCATION '/data/fraud_detections'
[2025-03-21T13:54:23.222+0000] {subprocess.py:93} INFO - INFO  : Concurrency mode is disabled, not creating a lock manager
[2025-03-21T13:54:23.223+0000] {subprocess.py:93} INFO - INFO  : Semantic Analysis Completed (retrial = false)
[2025-03-21T13:54:23.233+0000] {subprocess.py:93} INFO - INFO  : Returning Hive schema: Schema(fieldSchemas:null, properties:null)
[2025-03-21T13:54:23.235+0000] {subprocess.py:93} INFO - INFO  : Completed compiling command(queryId=root_20250321135422_445f3755-30dd-449b-a79d-c861512faba0); Time taken: 0.115 seconds
[2025-03-21T13:54:23.237+0000] {subprocess.py:93} INFO - INFO  : Concurrency mode is disabled, not creating a lock manager
[2025-03-21T13:54:23.238+0000] {subprocess.py:93} INFO - INFO  : Executing command(queryId=root_20250321135422_445f3755-30dd-449b-a79d-c861512faba0): CREATE EXTERNAL TABLE IF NOT EXISTS fraud_detections (
[2025-03-21T13:54:23.238+0000] {subprocess.py:93} INFO -                 transaction_id STRING,
[2025-03-21T13:54:23.239+0000] {subprocess.py:93} INFO -                 date_time STRING,
[2025-03-21T13:54:23.240+0000] {subprocess.py:93} INFO -                 amount DOUBLE,
[2025-03-21T13:54:23.241+0000] {subprocess.py:93} INFO -                 customer_id STRING,
[2025-03-21T13:54:23.241+0000] {subprocess.py:93} INFO -                 location STRING,
[2025-03-21T13:54:23.242+0000] {subprocess.py:93} INFO -                 fraud_reason STRING
[2025-03-21T13:54:23.243+0000] {subprocess.py:93} INFO -             )
[2025-03-21T13:54:23.243+0000] {subprocess.py:93} INFO -             STORED AS PARQUET
[2025-03-21T13:54:23.243+0000] {subprocess.py:93} INFO -             LOCATION '/data/fraud_detections'
[2025-03-21T13:54:23.244+0000] {subprocess.py:93} INFO - INFO  : Completed executing command(queryId=root_20250321135422_445f3755-30dd-449b-a79d-c861512faba0); Time taken: 0.001 seconds
[2025-03-21T13:54:23.244+0000] {subprocess.py:93} INFO - INFO  : OK
[2025-03-21T13:54:23.244+0000] {subprocess.py:93} INFO - INFO  : Concurrency mode is disabled, not creating a lock manager
[2025-03-21T13:54:23.245+0000] {subprocess.py:93} INFO - No rows affected (0.909 seconds)
[2025-03-21T13:54:23.322+0000] {subprocess.py:93} INFO - Beeline version 3.1.3 by Apache Hive
[2025-03-21T13:54:23.411+0000] {subprocess.py:93} INFO - Closing: 0: jdbc:hive2://localhost:10000
[2025-03-21T13:54:23.576+0000] {subprocess.py:97} INFO - Command exited with return code 0
[2025-03-21T13:54:23.623+0000] {taskinstance.py:1398} INFO - Marking task as SUCCESS. dag_id=transactions_pipeline, task_id=create_fraud_table_batch_20250321_131625, execution_date=20250321T134739, start_date=20250321T135359, end_date=20250321T135423
[2025-03-21T13:54:23.695+0000] {local_task_job_runner.py:228} INFO - Task exited with return code 0
[2025-03-21T13:54:23.758+0000] {taskinstance.py:2776} INFO - 1 downstream tasks scheduled from follow-on schedule check
