[2025-03-21T09:39:21.472+0000] {taskinstance.py:1157} INFO - Dependencies all met for dep_context=non-requeueable deps ti=<TaskInstance: transactions_pipeline.create_hive_table scheduled__2025-03-21T08:48:52.946696+00:00 [queued]>
[2025-03-21T09:39:21.491+0000] {taskinstance.py:1157} INFO - Dependencies all met for dep_context=requeueable deps ti=<TaskInstance: transactions_pipeline.create_hive_table scheduled__2025-03-21T08:48:52.946696+00:00 [queued]>
[2025-03-21T09:39:21.492+0000] {taskinstance.py:1359} INFO - Starting attempt 1 of 2
[2025-03-21T09:39:21.519+0000] {taskinstance.py:1380} INFO - Executing <Task(BashOperator): create_hive_table> on 2025-03-21 08:48:52.946696+00:00
[2025-03-21T09:39:21.528+0000] {standard_task_runner.py:57} INFO - Started process 3534 to run task
[2025-03-21T09:39:21.533+0000] {standard_task_runner.py:84} INFO - Running: ['***', 'tasks', 'run', 'transactions_pipeline', 'create_hive_table', 'scheduled__2025-03-21T08:48:52.946696+00:00', '--job-id', '474', '--raw', '--subdir', 'DAGS_FOLDER/fraud_detection_pipeline.py', '--cfg-path', '/tmp/tmpuheqrfiw']
[2025-03-21T09:39:21.538+0000] {standard_task_runner.py:85} INFO - Job 474: Subtask create_hive_table
[2025-03-21T09:39:21.613+0000] {task_command.py:415} INFO - Running <TaskInstance: transactions_pipeline.create_hive_table scheduled__2025-03-21T08:48:52.946696+00:00 [running]> on host 6688e233cb20
[2025-03-21T09:39:21.808+0000] {taskinstance.py:1660} INFO - Exporting env vars: AIRFLOW_CTX_DAG_EMAIL='rabiizahnoune7@gmail.com' AIRFLOW_CTX_DAG_OWNER='***' AIRFLOW_CTX_DAG_ID='transactions_pipeline' AIRFLOW_CTX_TASK_ID='create_hive_table' AIRFLOW_CTX_EXECUTION_DATE='2025-03-21T08:48:52.946696+00:00' AIRFLOW_CTX_TRY_NUMBER='1' AIRFLOW_CTX_DAG_RUN_ID='scheduled__2025-03-21T08:48:52.946696+00:00'
[2025-03-21T09:39:21.811+0000] {subprocess.py:63} INFO - Tmp dir root location: /tmp
[2025-03-21T09:39:21.814+0000] {subprocess.py:75} INFO - Running command: ['/bin/bash', '-c', '\n        docker exec hive beeline -u "jdbc:hive2://localhost:10000" --hiveconf hive.exec.dynamic.partition.mode=nonstrict -e "\n        CREATE EXTERNAL TABLE IF NOT EXISTS transactions (\n            transaction_id STRING,\n            date_time STRING,\n            amount DOUBLE,\n            currency STRING,\n            merchant_details STRING,\n            customer_id STRING,\n            transaction_type STRING,\n            location STRING\n        )\n        PARTITIONED BY (batch_id STRING)\n        STORED AS PARQUET;\n        ALTER TABLE transactions ADD IF NOT EXISTS PARTITION (batch_id=\'batch_20250320_144447\') LOCATION \'/data/transactions/transactions_batch_20250320_144447\';"\n        ']
[2025-03-21T09:39:21.833+0000] {subprocess.py:86} INFO - Output:
[2025-03-21T09:39:24.359+0000] {subprocess.py:93} INFO - SLF4J: Class path contains multiple SLF4J bindings.
[2025-03-21T09:39:24.360+0000] {subprocess.py:93} INFO - SLF4J: Found binding in [jar:file:/opt/hive/lib/log4j-slf4j-impl-2.17.1.jar!/org/slf4j/impl/StaticLoggerBinder.class]
[2025-03-21T09:39:24.361+0000] {subprocess.py:93} INFO - SLF4J: Found binding in [jar:file:/opt/hadoop/share/hadoop/common/lib/slf4j-log4j12-1.7.25.jar!/org/slf4j/impl/StaticLoggerBinder.class]
[2025-03-21T09:39:24.362+0000] {subprocess.py:93} INFO - SLF4J: See http://www.slf4j.org/codes.html#multiple_bindings for an explanation.
[2025-03-21T09:39:24.997+0000] {subprocess.py:93} INFO - SLF4J: Actual binding is of type [org.apache.logging.slf4j.Log4jLoggerFactory]
[2025-03-21T09:39:30.591+0000] {subprocess.py:93} INFO - Connecting to jdbc:hive2://localhost:10000
[2025-03-21T09:39:31.453+0000] {subprocess.py:93} INFO - Connected to: Apache Hive (version 3.1.3)
[2025-03-21T09:39:31.454+0000] {subprocess.py:93} INFO - Driver: Hive JDBC (version 3.1.3)
[2025-03-21T09:39:31.455+0000] {subprocess.py:93} INFO - Transaction isolation: TRANSACTION_REPEATABLE_READ
[2025-03-21T09:39:32.269+0000] {subprocess.py:93} INFO - INFO  : Compiling command(queryId=root_20250321093931_f650cc9a-ea95-403a-b5a9-fa518f3691dc): CREATE EXTERNAL TABLE IF NOT EXISTS transactions (
[2025-03-21T09:39:32.271+0000] {subprocess.py:93} INFO -             transaction_id STRING,
[2025-03-21T09:39:32.273+0000] {subprocess.py:93} INFO -             date_time STRING,
[2025-03-21T09:39:32.274+0000] {subprocess.py:93} INFO -             amount DOUBLE,
[2025-03-21T09:39:32.275+0000] {subprocess.py:93} INFO -             currency STRING,
[2025-03-21T09:39:32.276+0000] {subprocess.py:93} INFO -             merchant_details STRING,
[2025-03-21T09:39:32.276+0000] {subprocess.py:93} INFO -             customer_id STRING,
[2025-03-21T09:39:32.277+0000] {subprocess.py:93} INFO -             transaction_type STRING,
[2025-03-21T09:39:32.278+0000] {subprocess.py:93} INFO -             location STRING
[2025-03-21T09:39:32.279+0000] {subprocess.py:93} INFO -         )
[2025-03-21T09:39:32.279+0000] {subprocess.py:93} INFO -         PARTITIONED BY (batch_id STRING)
[2025-03-21T09:39:32.280+0000] {subprocess.py:93} INFO -         STORED AS PARQUET
[2025-03-21T09:39:32.280+0000] {subprocess.py:93} INFO - INFO  : Concurrency mode is disabled, not creating a lock manager
[2025-03-21T09:39:32.281+0000] {subprocess.py:93} INFO - INFO  : Semantic Analysis Completed (retrial = false)
[2025-03-21T09:39:32.281+0000] {subprocess.py:93} INFO - INFO  : Returning Hive schema: Schema(fieldSchemas:null, properties:null)
[2025-03-21T09:39:32.282+0000] {subprocess.py:93} INFO - INFO  : Completed compiling command(queryId=root_20250321093931_f650cc9a-ea95-403a-b5a9-fa518f3691dc); Time taken: 0.072 seconds
[2025-03-21T09:39:32.282+0000] {subprocess.py:93} INFO - INFO  : Concurrency mode is disabled, not creating a lock manager
[2025-03-21T09:39:32.283+0000] {subprocess.py:93} INFO - INFO  : Executing command(queryId=root_20250321093931_f650cc9a-ea95-403a-b5a9-fa518f3691dc): CREATE EXTERNAL TABLE IF NOT EXISTS transactions (
[2025-03-21T09:39:32.283+0000] {subprocess.py:93} INFO -             transaction_id STRING,
[2025-03-21T09:39:32.284+0000] {subprocess.py:93} INFO -             date_time STRING,
[2025-03-21T09:39:32.285+0000] {subprocess.py:93} INFO -             amount DOUBLE,
[2025-03-21T09:39:32.286+0000] {subprocess.py:93} INFO -             currency STRING,
[2025-03-21T09:39:32.288+0000] {subprocess.py:93} INFO -             merchant_details STRING,
[2025-03-21T09:39:32.291+0000] {subprocess.py:93} INFO -             customer_id STRING,
[2025-03-21T09:39:32.291+0000] {subprocess.py:93} INFO -             transaction_type STRING,
[2025-03-21T09:39:32.292+0000] {subprocess.py:93} INFO -             location STRING
[2025-03-21T09:39:32.293+0000] {subprocess.py:93} INFO -         )
[2025-03-21T09:39:32.293+0000] {subprocess.py:93} INFO -         PARTITIONED BY (batch_id STRING)
[2025-03-21T09:39:32.295+0000] {subprocess.py:93} INFO -         STORED AS PARQUET
[2025-03-21T09:39:32.295+0000] {subprocess.py:93} INFO - INFO  : Completed executing command(queryId=root_20250321093931_f650cc9a-ea95-403a-b5a9-fa518f3691dc); Time taken: 0.002 seconds
[2025-03-21T09:39:32.296+0000] {subprocess.py:93} INFO - INFO  : OK
[2025-03-21T09:39:32.298+0000] {subprocess.py:93} INFO - INFO  : Concurrency mode is disabled, not creating a lock manager
[2025-03-21T09:39:32.298+0000] {subprocess.py:93} INFO - No rows affected (0.784 seconds)
[2025-03-21T09:39:32.784+0000] {subprocess.py:93} INFO - INFO  : Compiling command(queryId=root_20250321093932_43dbcb97-5023-4888-8892-2f417947bf5d): ALTER TABLE transactions ADD IF NOT EXISTS PARTITION (batch_id='batch_20250320_144447') LOCATION '/data/transactions/transactions_batch_20250320_144447'
[2025-03-21T09:39:32.786+0000] {subprocess.py:93} INFO - INFO  : Concurrency mode is disabled, not creating a lock manager
[2025-03-21T09:39:32.787+0000] {subprocess.py:93} INFO - INFO  : Semantic Analysis Completed (retrial = false)
[2025-03-21T09:39:32.788+0000] {subprocess.py:93} INFO - INFO  : Returning Hive schema: Schema(fieldSchemas:null, properties:null)
[2025-03-21T09:39:32.790+0000] {subprocess.py:93} INFO - INFO  : Completed compiling command(queryId=root_20250321093932_43dbcb97-5023-4888-8892-2f417947bf5d); Time taken: 0.016 seconds
[2025-03-21T09:39:32.790+0000] {subprocess.py:93} INFO - INFO  : Concurrency mode is disabled, not creating a lock manager
[2025-03-21T09:39:32.791+0000] {subprocess.py:93} INFO - INFO  : Executing command(queryId=root_20250321093932_43dbcb97-5023-4888-8892-2f417947bf5d): ALTER TABLE transactions ADD IF NOT EXISTS PARTITION (batch_id='batch_20250320_144447') LOCATION '/data/transactions/transactions_batch_20250320_144447'
[2025-03-21T09:39:32.792+0000] {subprocess.py:93} INFO - INFO  : Starting task [Stage-0:DDL] in serial mode
[2025-03-21T09:39:32.793+0000] {subprocess.py:93} INFO - INFO  : Completed executing command(queryId=root_20250321093932_43dbcb97-5023-4888-8892-2f417947bf5d); Time taken: 0.383 seconds
[2025-03-21T09:39:32.794+0000] {subprocess.py:93} INFO - INFO  : OK
[2025-03-21T09:39:32.794+0000] {subprocess.py:93} INFO - INFO  : Concurrency mode is disabled, not creating a lock manager
[2025-03-21T09:39:32.795+0000] {subprocess.py:93} INFO - No rows affected (0.419 seconds)
[2025-03-21T09:39:32.799+0000] {subprocess.py:93} INFO - Beeline version 3.1.3 by Apache Hive
[2025-03-21T09:39:32.864+0000] {subprocess.py:93} INFO - Closing: 0: jdbc:hive2://localhost:10000
[2025-03-21T09:39:32.990+0000] {subprocess.py:97} INFO - Command exited with return code 0
[2025-03-21T09:39:33.035+0000] {taskinstance.py:1398} INFO - Marking task as SUCCESS. dag_id=transactions_pipeline, task_id=create_hive_table, execution_date=20250321T084852, start_date=20250321T093921, end_date=20250321T093933
[2025-03-21T09:39:33.095+0000] {local_task_job_runner.py:228} INFO - Task exited with return code 0
[2025-03-21T09:39:33.130+0000] {taskinstance.py:2776} INFO - 1 downstream tasks scheduled from follow-on schedule check
