[2025-03-21T13:06:57.161+0000] {taskinstance.py:1157} INFO - Dependencies all met for dep_context=non-requeueable deps ti=<TaskInstance: transactions_pipeline.detect_fraud_batch_20250321_130437 scheduled__2025-03-21T13:01:37.951160+00:00 [queued]>
[2025-03-21T13:06:57.173+0000] {taskinstance.py:1157} INFO - Dependencies all met for dep_context=requeueable deps ti=<TaskInstance: transactions_pipeline.detect_fraud_batch_20250321_130437 scheduled__2025-03-21T13:01:37.951160+00:00 [queued]>
[2025-03-21T13:06:57.174+0000] {taskinstance.py:1359} INFO - Starting attempt 1 of 1
[2025-03-21T13:06:57.191+0000] {taskinstance.py:1380} INFO - Executing <Task(BashOperator): detect_fraud_batch_20250321_130437> on 2025-03-21 13:01:37.951160+00:00
[2025-03-21T13:06:57.197+0000] {standard_task_runner.py:57} INFO - Started process 1688 to run task
[2025-03-21T13:06:57.201+0000] {standard_task_runner.py:84} INFO - Running: ['***', 'tasks', 'run', 'transactions_pipeline', 'detect_fraud_batch_20250321_130437', 'scheduled__2025-03-21T13:01:37.951160+00:00', '--job-id', '566', '--raw', '--subdir', 'DAGS_FOLDER/fraud_detection_pipeline.py', '--cfg-path', '/tmp/tmpfy8rxpjy']
[2025-03-21T13:06:57.205+0000] {standard_task_runner.py:85} INFO - Job 566: Subtask detect_fraud_batch_20250321_130437
[2025-03-21T13:06:57.262+0000] {task_command.py:415} INFO - Running <TaskInstance: transactions_pipeline.detect_fraud_batch_20250321_130437 scheduled__2025-03-21T13:01:37.951160+00:00 [running]> on host 1b7c3466167a
[2025-03-21T13:06:57.372+0000] {taskinstance.py:1660} INFO - Exporting env vars: AIRFLOW_CTX_DAG_EMAIL='rabiizahnoune7@gmail.com' AIRFLOW_CTX_DAG_OWNER='***' AIRFLOW_CTX_DAG_ID='transactions_pipeline' AIRFLOW_CTX_TASK_ID='detect_fraud_batch_20250321_130437' AIRFLOW_CTX_EXECUTION_DATE='2025-03-21T13:01:37.951160+00:00' AIRFLOW_CTX_TRY_NUMBER='1' AIRFLOW_CTX_DAG_RUN_ID='scheduled__2025-03-21T13:01:37.951160+00:00'
[2025-03-21T13:06:57.374+0000] {subprocess.py:63} INFO - Tmp dir root location: /tmp
[2025-03-21T13:06:57.375+0000] {subprocess.py:75} INFO - Running command: ['/bin/bash', '-c', '\n            docker exec hive spark-submit --master spark://localhost:7077 /hive/scripts/detect_fraud.py "batch_20250321_130437"\n            ']
[2025-03-21T13:06:57.400+0000] {subprocess.py:86} INFO - Output:
[2025-03-21T13:06:59.204+0000] {subprocess.py:93} INFO - 25/03/21 13:06:59 INFO SparkContext: Running Spark version 3.5.0
[2025-03-21T13:06:59.207+0000] {subprocess.py:93} INFO - 25/03/21 13:06:59 INFO SparkContext: OS info Linux, 5.15.167.4-microsoft-standard-WSL2, amd64
[2025-03-21T13:06:59.208+0000] {subprocess.py:93} INFO - 25/03/21 13:06:59 INFO SparkContext: Java version 1.8.0_342
[2025-03-21T13:06:59.282+0000] {subprocess.py:93} INFO - 25/03/21 13:06:59 WARN NativeCodeLoader: Unable to load native-hadoop library for your platform... using builtin-java classes where applicable
[2025-03-21T13:06:59.409+0000] {subprocess.py:93} INFO - 25/03/21 13:06:59 INFO ResourceUtils: ==============================================================
[2025-03-21T13:06:59.411+0000] {subprocess.py:93} INFO - 25/03/21 13:06:59 INFO ResourceUtils: No custom resources configured for spark.driver.
[2025-03-21T13:06:59.412+0000] {subprocess.py:93} INFO - 25/03/21 13:06:59 INFO ResourceUtils: ==============================================================
[2025-03-21T13:06:59.413+0000] {subprocess.py:93} INFO - 25/03/21 13:06:59 INFO SparkContext: Submitted application: FraudDetection
[2025-03-21T13:06:59.472+0000] {subprocess.py:93} INFO - 25/03/21 13:06:59 INFO ResourceProfile: Default ResourceProfile created, executor resources: Map(memory -> name: memory, amount: 1024, script: , vendor: , offHeap -> name: offHeap, amount: 0, script: , vendor: ), task resources: Map(cpus -> name: cpus, amount: 1.0)
[2025-03-21T13:06:59.505+0000] {subprocess.py:93} INFO - 25/03/21 13:06:59 INFO ResourceProfile: Limiting resource is cpu
[2025-03-21T13:06:59.506+0000] {subprocess.py:93} INFO - 25/03/21 13:06:59 INFO ResourceProfileManager: Added ResourceProfile id: 0
[2025-03-21T13:06:59.579+0000] {subprocess.py:93} INFO - 25/03/21 13:06:59 INFO SecurityManager: Changing view acls to: root
[2025-03-21T13:06:59.580+0000] {subprocess.py:93} INFO - 25/03/21 13:06:59 INFO SecurityManager: Changing modify acls to: root
[2025-03-21T13:06:59.581+0000] {subprocess.py:93} INFO - 25/03/21 13:06:59 INFO SecurityManager: Changing view acls groups to:
[2025-03-21T13:06:59.582+0000] {subprocess.py:93} INFO - 25/03/21 13:06:59 INFO SecurityManager: Changing modify acls groups to:
[2025-03-21T13:06:59.582+0000] {subprocess.py:93} INFO - 25/03/21 13:06:59 INFO SecurityManager: SecurityManager: authentication disabled; ui acls disabled; users with view permissions: root; groups with view permissions: EMPTY; users with modify permissions: root; groups with modify permissions: EMPTY
[2025-03-21T13:07:00.135+0000] {subprocess.py:93} INFO - 25/03/21 13:07:00 INFO Utils: Successfully started service 'sparkDriver' on port 45669.
[2025-03-21T13:07:00.187+0000] {subprocess.py:93} INFO - 25/03/21 13:07:00 INFO SparkEnv: Registering MapOutputTracker
[2025-03-21T13:07:00.254+0000] {subprocess.py:93} INFO - 25/03/21 13:07:00 INFO SparkEnv: Registering BlockManagerMaster
[2025-03-21T13:07:00.296+0000] {subprocess.py:93} INFO - 25/03/21 13:07:00 INFO BlockManagerMasterEndpoint: Using org.apache.spark.storage.DefaultTopologyMapper for getting topology information
[2025-03-21T13:07:00.297+0000] {subprocess.py:93} INFO - 25/03/21 13:07:00 INFO BlockManagerMasterEndpoint: BlockManagerMasterEndpoint up
[2025-03-21T13:07:00.303+0000] {subprocess.py:93} INFO - 25/03/21 13:07:00 INFO SparkEnv: Registering BlockManagerMasterHeartbeat
[2025-03-21T13:07:00.382+0000] {subprocess.py:93} INFO - 25/03/21 13:07:00 INFO DiskBlockManager: Created local directory at /tmp/blockmgr-7c6922c1-ae41-4c91-9f15-3ca432d8bd9a
[2025-03-21T13:07:00.410+0000] {subprocess.py:93} INFO - 25/03/21 13:07:00 INFO MemoryStore: MemoryStore started with capacity 366.3 MiB
[2025-03-21T13:07:00.432+0000] {subprocess.py:93} INFO - 25/03/21 13:07:00 INFO SparkEnv: Registering OutputCommitCoordinator
[2025-03-21T13:07:00.713+0000] {subprocess.py:93} INFO - 25/03/21 13:07:00 INFO JettyUtils: Start Jetty 0.0.0.0:4040 for SparkUI
[2025-03-21T13:07:00.821+0000] {subprocess.py:93} INFO - 25/03/21 13:07:00 INFO Utils: Successfully started service 'SparkUI' on port 4040.
[2025-03-21T13:07:01.051+0000] {subprocess.py:93} INFO - 25/03/21 13:07:01 INFO StandaloneAppClient$ClientEndpoint: Connecting to master spark://localhost:7077...
[2025-03-21T13:07:01.148+0000] {subprocess.py:93} INFO - 25/03/21 13:07:01 INFO TransportClientFactory: Successfully created connection to localhost/127.0.0.1:7077 after 47 ms (0 ms spent in bootstraps)
[2025-03-21T13:07:01.313+0000] {subprocess.py:93} INFO - 25/03/21 13:07:01 INFO StandaloneSchedulerBackend: Connected to Spark cluster with app ID app-20250321130701-0002
[2025-03-21T13:07:01.317+0000] {subprocess.py:93} INFO - 25/03/21 13:07:01 INFO StandaloneAppClient$ClientEndpoint: Executor added: app-20250321130701-0002/0 on worker-20250321124806-172.18.0.2-46237 (172.18.0.2:46237) with 2 core(s)
[2025-03-21T13:07:01.319+0000] {subprocess.py:93} INFO - 25/03/21 13:07:01 INFO StandaloneSchedulerBackend: Granted executor ID app-20250321130701-0002/0 on hostPort 172.18.0.2:46237 with 2 core(s), 1024.0 MiB RAM
[2025-03-21T13:07:01.347+0000] {subprocess.py:93} INFO - 25/03/21 13:07:01 INFO Utils: Successfully started service 'org.apache.spark.network.netty.NettyBlockTransferService' on port 35609.
[2025-03-21T13:07:01.348+0000] {subprocess.py:93} INFO - 25/03/21 13:07:01 INFO NettyBlockTransferService: Server created on e3006a54eed1:35609
[2025-03-21T13:07:01.350+0000] {subprocess.py:93} INFO - 25/03/21 13:07:01 INFO BlockManager: Using org.apache.spark.storage.RandomBlockReplicationPolicy for block replication policy
[2025-03-21T13:07:01.360+0000] {subprocess.py:93} INFO - 25/03/21 13:07:01 INFO BlockManagerMaster: Registering BlockManager BlockManagerId(driver, e3006a54eed1, 35609, None)
[2025-03-21T13:07:01.366+0000] {subprocess.py:93} INFO - 25/03/21 13:07:01 INFO BlockManagerMasterEndpoint: Registering block manager e3006a54eed1:35609 with 366.3 MiB RAM, BlockManagerId(driver, e3006a54eed1, 35609, None)
[2025-03-21T13:07:01.369+0000] {subprocess.py:93} INFO - 25/03/21 13:07:01 INFO BlockManagerMaster: Registered BlockManager BlockManagerId(driver, e3006a54eed1, 35609, None)
[2025-03-21T13:07:01.371+0000] {subprocess.py:93} INFO - 25/03/21 13:07:01 INFO BlockManager: Initialized BlockManager: BlockManagerId(driver, e3006a54eed1, 35609, None)
[2025-03-21T13:07:01.444+0000] {subprocess.py:93} INFO - 25/03/21 13:07:01 INFO StandaloneAppClient$ClientEndpoint: Executor updated: app-20250321130701-0002/0 is now RUNNING
[2025-03-21T13:07:02.258+0000] {subprocess.py:93} INFO - 25/03/21 13:07:02 INFO StandaloneSchedulerBackend: SchedulerBackend is ready for scheduling beginning after reached minRegisteredResourcesRatio: 0.0
[2025-03-21T13:07:02.763+0000] {subprocess.py:93} INFO - Spark version: 3.5.0
[2025-03-21T13:07:02.977+0000] {subprocess.py:93} INFO - 25/03/21 13:07:02 INFO SharedState: Setting hive.metastore.warehouse.dir ('null') to the value of spark.sql.warehouse.dir.
[2025-03-21T13:07:04.571+0000] {subprocess.py:93} INFO - 25/03/21 13:07:04 INFO SharedState: Warehouse path is 'hdfs://localhost:9000/data/warehouse'.
[2025-03-21T13:07:08.141+0000] {subprocess.py:93} INFO - 25/03/21 13:07:08 INFO InMemoryFileIndex: It took 254 ms to list leaf files for 1 paths.
[2025-03-21T13:07:08.472+0000] {subprocess.py:93} INFO - 25/03/21 13:07:08 INFO StandaloneSchedulerBackend$StandaloneDriverEndpoint: Registered executor NettyRpcEndpointRef(spark-client://Executor) (172.18.0.2:60412) with ID 0,  ResourceProfileId 0
[2025-03-21T13:07:08.770+0000] {subprocess.py:93} INFO - 25/03/21 13:07:08 INFO BlockManagerMasterEndpoint: Registering block manager 172.18.0.2:46413 with 366.3 MiB RAM, BlockManagerId(0, 172.18.0.2, 46413, None)
[2025-03-21T13:07:09.505+0000] {subprocess.py:93} INFO - 25/03/21 13:07:09 INFO SparkContext: Starting job: parquet at NativeMethodAccessorImpl.java:0
[2025-03-21T13:07:09.527+0000] {subprocess.py:93} INFO - 25/03/21 13:07:09 INFO DAGScheduler: Got job 0 (parquet at NativeMethodAccessorImpl.java:0) with 1 output partitions
[2025-03-21T13:07:09.528+0000] {subprocess.py:93} INFO - 25/03/21 13:07:09 INFO DAGScheduler: Final stage: ResultStage 0 (parquet at NativeMethodAccessorImpl.java:0)
[2025-03-21T13:07:09.528+0000] {subprocess.py:93} INFO - 25/03/21 13:07:09 INFO DAGScheduler: Parents of final stage: List()
[2025-03-21T13:07:09.531+0000] {subprocess.py:93} INFO - 25/03/21 13:07:09 INFO DAGScheduler: Missing parents: List()
[2025-03-21T13:07:09.547+0000] {subprocess.py:93} INFO - 25/03/21 13:07:09 INFO DAGScheduler: Submitting ResultStage 0 (MapPartitionsRDD[1] at parquet at NativeMethodAccessorImpl.java:0), which has no missing parents
[2025-03-21T13:07:09.649+0000] {subprocess.py:93} INFO - 25/03/21 13:07:09 INFO MemoryStore: Block broadcast_0 stored as values in memory (estimated size 103.3 KiB, free 366.2 MiB)
[2025-03-21T13:07:09.746+0000] {subprocess.py:93} INFO - 25/03/21 13:07:09 INFO MemoryStore: Block broadcast_0_piece0 stored as bytes in memory (estimated size 37.2 KiB, free 366.2 MiB)
[2025-03-21T13:07:09.754+0000] {subprocess.py:93} INFO - 25/03/21 13:07:09 INFO BlockManagerInfo: Added broadcast_0_piece0 in memory on e3006a54eed1:35609 (size: 37.2 KiB, free: 366.3 MiB)
[2025-03-21T13:07:09.761+0000] {subprocess.py:93} INFO - 25/03/21 13:07:09 INFO SparkContext: Created broadcast 0 from broadcast at DAGScheduler.scala:1580
[2025-03-21T13:07:09.796+0000] {subprocess.py:93} INFO - 25/03/21 13:07:09 INFO DAGScheduler: Submitting 1 missing tasks from ResultStage 0 (MapPartitionsRDD[1] at parquet at NativeMethodAccessorImpl.java:0) (first 15 tasks are for partitions Vector(0))
[2025-03-21T13:07:09.799+0000] {subprocess.py:93} INFO - 25/03/21 13:07:09 INFO TaskSchedulerImpl: Adding task set 0.0 with 1 tasks resource profile 0
[2025-03-21T13:07:09.864+0000] {subprocess.py:93} INFO - 25/03/21 13:07:09 INFO TaskSetManager: Starting task 0.0 in stage 0.0 (TID 0) (172.18.0.2, executor 0, partition 0, PROCESS_LOCAL, 7831 bytes)
[2025-03-21T13:07:10.675+0000] {subprocess.py:93} INFO - 25/03/21 13:07:10 INFO BlockManagerInfo: Added broadcast_0_piece0 in memory on 172.18.0.2:46413 (size: 37.2 KiB, free: 366.3 MiB)
[2025-03-21T13:07:12.908+0000] {subprocess.py:93} INFO - 25/03/21 13:07:12 INFO TaskSetManager: Finished task 0.0 in stage 0.0 (TID 0) in 3067 ms on 172.18.0.2 (executor 0) (1/1)
[2025-03-21T13:07:12.916+0000] {subprocess.py:93} INFO - 25/03/21 13:07:12 INFO TaskSchedulerImpl: Removed TaskSet 0.0, whose tasks have all completed, from pool
[2025-03-21T13:07:12.923+0000] {subprocess.py:93} INFO - 25/03/21 13:07:12 INFO DAGScheduler: ResultStage 0 (parquet at NativeMethodAccessorImpl.java:0) finished in 3.358 s
[2025-03-21T13:07:12.926+0000] {subprocess.py:93} INFO - 25/03/21 13:07:12 INFO DAGScheduler: Job 0 is finished. Cancelling potential speculative or zombie tasks for this job
[2025-03-21T13:07:12.927+0000] {subprocess.py:93} INFO - 25/03/21 13:07:12 INFO TaskSchedulerImpl: Killing all running tasks in stage 0: Stage finished
[2025-03-21T13:07:12.929+0000] {subprocess.py:93} INFO - 25/03/21 13:07:12 INFO DAGScheduler: Job 0 finished: parquet at NativeMethodAccessorImpl.java:0, took 3.424176 s
[2025-03-21T13:07:13.072+0000] {subprocess.py:93} INFO - 25/03/21 13:07:13 INFO BlockManagerInfo: Removed broadcast_0_piece0 on e3006a54eed1:35609 in memory (size: 37.2 KiB, free: 366.3 MiB)
[2025-03-21T13:07:13.154+0000] {subprocess.py:93} INFO - 25/03/21 13:07:13 INFO BlockManagerInfo: Removed broadcast_0_piece0 on 172.18.0.2:46413 in memory (size: 37.2 KiB, free: 366.3 MiB)
[2025-03-21T13:07:15.098+0000] {subprocess.py:93} INFO - 25/03/21 13:07:15 INFO FileSourceStrategy: Pushed Filters: IsNotNull(amount),GreaterThan(amount,1000.0)
[2025-03-21T13:07:15.105+0000] {subprocess.py:93} INFO - 25/03/21 13:07:15 INFO FileSourceStrategy: Post-Scan Filters: isnotnull(amount#2),(amount#2 > 1000.0)
[2025-03-21T13:07:15.309+0000] {subprocess.py:93} INFO - 25/03/21 13:07:15 INFO ParquetUtils: Using default output committer for Parquet: org.apache.parquet.hadoop.ParquetOutputCommitter
[2025-03-21T13:07:15.338+0000] {subprocess.py:93} INFO - 25/03/21 13:07:15 INFO FileOutputCommitter: File Output Committer Algorithm version is 1
[2025-03-21T13:07:15.339+0000] {subprocess.py:93} INFO - 25/03/21 13:07:15 INFO FileOutputCommitter: FileOutputCommitter skip cleanup _temporary folders under output directory:false, ignore cleanup failures: false
[2025-03-21T13:07:15.340+0000] {subprocess.py:93} INFO - 25/03/21 13:07:15 INFO SQLHadoopMapReduceCommitProtocol: Using user defined output committer class org.apache.parquet.hadoop.ParquetOutputCommitter
[2025-03-21T13:07:15.341+0000] {subprocess.py:93} INFO - 25/03/21 13:07:15 INFO FileOutputCommitter: File Output Committer Algorithm version is 1
[2025-03-21T13:07:15.342+0000] {subprocess.py:93} INFO - 25/03/21 13:07:15 INFO FileOutputCommitter: FileOutputCommitter skip cleanup _temporary folders under output directory:false, ignore cleanup failures: false
[2025-03-21T13:07:15.344+0000] {subprocess.py:93} INFO - 25/03/21 13:07:15 INFO SQLHadoopMapReduceCommitProtocol: Using output committer class org.apache.parquet.hadoop.ParquetOutputCommitter
[2025-03-21T13:07:15.704+0000] {subprocess.py:93} INFO - 25/03/21 13:07:15 INFO CodeGenerator: Code generated in 257.250821 ms
[2025-03-21T13:07:15.734+0000] {subprocess.py:93} INFO - 25/03/21 13:07:15 INFO MemoryStore: Block broadcast_1 stored as values in memory (estimated size 357.5 KiB, free 366.0 MiB)
[2025-03-21T13:07:15.752+0000] {subprocess.py:93} INFO - 25/03/21 13:07:15 INFO MemoryStore: Block broadcast_1_piece0 stored as bytes in memory (estimated size 35.2 KiB, free 365.9 MiB)
[2025-03-21T13:07:15.753+0000] {subprocess.py:93} INFO - 25/03/21 13:07:15 INFO BlockManagerInfo: Added broadcast_1_piece0 in memory on e3006a54eed1:35609 (size: 35.2 KiB, free: 366.3 MiB)
[2025-03-21T13:07:15.756+0000] {subprocess.py:93} INFO - 25/03/21 13:07:15 INFO SparkContext: Created broadcast 1 from parquet at NativeMethodAccessorImpl.java:0
[2025-03-21T13:07:15.780+0000] {subprocess.py:93} INFO - 25/03/21 13:07:15 INFO FileSourceScanExec: Planning scan with bin packing, max size: 4194304 bytes, open cost is considered as scanning 4194304 bytes.
[2025-03-21T13:07:15.837+0000] {subprocess.py:93} INFO - 25/03/21 13:07:15 INFO SparkContext: Starting job: parquet at NativeMethodAccessorImpl.java:0
[2025-03-21T13:07:15.839+0000] {subprocess.py:93} INFO - 25/03/21 13:07:15 INFO DAGScheduler: Got job 1 (parquet at NativeMethodAccessorImpl.java:0) with 1 output partitions
[2025-03-21T13:07:15.840+0000] {subprocess.py:93} INFO - 25/03/21 13:07:15 INFO DAGScheduler: Final stage: ResultStage 1 (parquet at NativeMethodAccessorImpl.java:0)
[2025-03-21T13:07:15.841+0000] {subprocess.py:93} INFO - 25/03/21 13:07:15 INFO DAGScheduler: Parents of final stage: List()
[2025-03-21T13:07:15.841+0000] {subprocess.py:93} INFO - 25/03/21 13:07:15 INFO DAGScheduler: Missing parents: List()
[2025-03-21T13:07:15.843+0000] {subprocess.py:93} INFO - 25/03/21 13:07:15 INFO DAGScheduler: Submitting ResultStage 1 (MapPartitionsRDD[5] at parquet at NativeMethodAccessorImpl.java:0), which has no missing parents
[2025-03-21T13:07:15.913+0000] {subprocess.py:93} INFO - 25/03/21 13:07:15 INFO MemoryStore: Block broadcast_2 stored as values in memory (estimated size 219.2 KiB, free 365.7 MiB)
[2025-03-21T13:07:15.916+0000] {subprocess.py:93} INFO - 25/03/21 13:07:15 INFO MemoryStore: Block broadcast_2_piece0 stored as bytes in memory (estimated size 77.4 KiB, free 365.6 MiB)
[2025-03-21T13:07:15.917+0000] {subprocess.py:93} INFO - 25/03/21 13:07:15 INFO BlockManagerInfo: Added broadcast_2_piece0 in memory on e3006a54eed1:35609 (size: 77.4 KiB, free: 366.2 MiB)
[2025-03-21T13:07:15.918+0000] {subprocess.py:93} INFO - 25/03/21 13:07:15 INFO SparkContext: Created broadcast 2 from broadcast at DAGScheduler.scala:1580
[2025-03-21T13:07:15.919+0000] {subprocess.py:93} INFO - 25/03/21 13:07:15 INFO DAGScheduler: Submitting 1 missing tasks from ResultStage 1 (MapPartitionsRDD[5] at parquet at NativeMethodAccessorImpl.java:0) (first 15 tasks are for partitions Vector(0))
[2025-03-21T13:07:15.920+0000] {subprocess.py:93} INFO - 25/03/21 13:07:15 INFO TaskSchedulerImpl: Adding task set 1.0 with 1 tasks resource profile 0
[2025-03-21T13:07:15.929+0000] {subprocess.py:93} INFO - 25/03/21 13:07:15 INFO TaskSetManager: Starting task 0.0 in stage 1.0 (TID 1) (172.18.0.2, executor 0, partition 0, ANY, 8299 bytes)
[2025-03-21T13:07:15.978+0000] {subprocess.py:93} INFO - 25/03/21 13:07:15 INFO BlockManagerInfo: Added broadcast_2_piece0 in memory on 172.18.0.2:46413 (size: 77.4 KiB, free: 366.2 MiB)
[2025-03-21T13:07:17.210+0000] {subprocess.py:93} INFO - 25/03/21 13:07:17 INFO BlockManagerInfo: Added broadcast_1_piece0 in memory on 172.18.0.2:46413 (size: 35.2 KiB, free: 366.2 MiB)
[2025-03-21T13:07:17.704+0000] {subprocess.py:93} INFO - 25/03/21 13:07:17 INFO TaskSetManager: Finished task 0.0 in stage 1.0 (TID 1) in 1779 ms on 172.18.0.2 (executor 0) (1/1)
[2025-03-21T13:07:17.706+0000] {subprocess.py:93} INFO - 25/03/21 13:07:17 INFO TaskSchedulerImpl: Removed TaskSet 1.0, whose tasks have all completed, from pool
[2025-03-21T13:07:17.707+0000] {subprocess.py:93} INFO - 25/03/21 13:07:17 INFO DAGScheduler: ResultStage 1 (parquet at NativeMethodAccessorImpl.java:0) finished in 1.856 s
[2025-03-21T13:07:17.707+0000] {subprocess.py:93} INFO - 25/03/21 13:07:17 INFO DAGScheduler: Job 1 is finished. Cancelling potential speculative or zombie tasks for this job
[2025-03-21T13:07:17.708+0000] {subprocess.py:93} INFO - 25/03/21 13:07:17 INFO TaskSchedulerImpl: Killing all running tasks in stage 1: Stage finished
[2025-03-21T13:07:17.708+0000] {subprocess.py:93} INFO - 25/03/21 13:07:17 INFO DAGScheduler: Job 1 finished: parquet at NativeMethodAccessorImpl.java:0, took 1.870843 s
[2025-03-21T13:07:17.711+0000] {subprocess.py:93} INFO - 25/03/21 13:07:17 INFO FileFormatWriter: Start to commit write Job f266e78b-73dd-4c89-9f96-a8bf13a17859.
[2025-03-21T13:07:17.800+0000] {subprocess.py:93} INFO - 25/03/21 13:07:17 INFO FileFormatWriter: Write Job f266e78b-73dd-4c89-9f96-a8bf13a17859 committed. Elapsed time: 86 ms.
[2025-03-21T13:07:17.805+0000] {subprocess.py:93} INFO - 25/03/21 13:07:17 INFO FileFormatWriter: Finished processing stats for write job f266e78b-73dd-4c89-9f96-a8bf13a17859.
[2025-03-21T13:07:17.812+0000] {subprocess.py:93} INFO - 25/03/21 13:07:17 INFO SparkContext: SparkContext is stopping with exitCode 0.
[2025-03-21T13:07:17.827+0000] {subprocess.py:93} INFO - 25/03/21 13:07:17 INFO SparkUI: Stopped Spark web UI at http://e3006a54eed1:4040
[2025-03-21T13:07:17.846+0000] {subprocess.py:93} INFO - 25/03/21 13:07:17 INFO StandaloneSchedulerBackend: Shutting down all executors
[2025-03-21T13:07:17.847+0000] {subprocess.py:93} INFO - 25/03/21 13:07:17 INFO StandaloneSchedulerBackend$StandaloneDriverEndpoint: Asking each executor to shut down
[2025-03-21T13:07:17.877+0000] {subprocess.py:93} INFO - 25/03/21 13:07:17 INFO MapOutputTrackerMasterEndpoint: MapOutputTrackerMasterEndpoint stopped!
[2025-03-21T13:07:17.894+0000] {subprocess.py:93} INFO - 25/03/21 13:07:17 INFO MemoryStore: MemoryStore cleared
[2025-03-21T13:07:17.895+0000] {subprocess.py:93} INFO - 25/03/21 13:07:17 INFO BlockManager: BlockManager stopped
[2025-03-21T13:07:17.975+0000] {subprocess.py:93} INFO - 25/03/21 13:07:17 INFO BlockManagerMaster: BlockManagerMaster stopped
[2025-03-21T13:07:17.985+0000] {subprocess.py:93} INFO - 25/03/21 13:07:17 INFO OutputCommitCoordinator$OutputCommitCoordinatorEndpoint: OutputCommitCoordinator stopped!
[2025-03-21T13:07:17.992+0000] {subprocess.py:93} INFO - 25/03/21 13:07:17 INFO SparkContext: Successfully stopped SparkContext
[2025-03-21T13:07:18.404+0000] {subprocess.py:93} INFO - 25/03/21 13:07:18 INFO ShutdownHookManager: Shutdown hook called
[2025-03-21T13:07:18.406+0000] {subprocess.py:93} INFO - 25/03/21 13:07:18 INFO ShutdownHookManager: Deleting directory /tmp/spark-898f717b-79a1-42bd-8d0f-66e4235438f3/pyspark-3e90efb8-c0d8-475e-a9fb-56f1c4cf7c77
[2025-03-21T13:07:18.409+0000] {subprocess.py:93} INFO - 25/03/21 13:07:18 INFO ShutdownHookManager: Deleting directory /tmp/spark-f267c38f-6690-49ed-8857-5620e2dbac60
[2025-03-21T13:07:18.413+0000] {subprocess.py:93} INFO - 25/03/21 13:07:18 INFO ShutdownHookManager: Deleting directory /tmp/spark-898f717b-79a1-42bd-8d0f-66e4235438f3
[2025-03-21T13:07:18.498+0000] {subprocess.py:97} INFO - Command exited with return code 0
[2025-03-21T13:07:18.568+0000] {taskinstance.py:1398} INFO - Marking task as SUCCESS. dag_id=transactions_pipeline, task_id=detect_fraud_batch_20250321_130437, execution_date=20250321T130137, start_date=20250321T130657, end_date=20250321T130718
[2025-03-21T13:07:18.602+0000] {local_task_job_runner.py:228} INFO - Task exited with return code 0
[2025-03-21T13:07:18.625+0000] {taskinstance.py:2776} INFO - 1 downstream tasks scheduled from follow-on schedule check
