[2025-03-21T13:53:28.015+0000] {taskinstance.py:1157} INFO - Dependencies all met for dep_context=non-requeueable deps ti=<TaskInstance: transactions_pipeline.create_hive_table_batch_20250321_131625 scheduled__2025-03-21T13:47:39.231672+00:00 [queued]>
[2025-03-21T13:53:28.050+0000] {taskinstance.py:1157} INFO - Dependencies all met for dep_context=requeueable deps ti=<TaskInstance: transactions_pipeline.create_hive_table_batch_20250321_131625 scheduled__2025-03-21T13:47:39.231672+00:00 [queued]>
[2025-03-21T13:53:28.052+0000] {taskinstance.py:1359} INFO - Starting attempt 1 of 1
[2025-03-21T13:53:28.126+0000] {taskinstance.py:1380} INFO - Executing <Task(BashOperator): create_hive_table_batch_20250321_131625> on 2025-03-21 13:47:39.231672+00:00
[2025-03-21T13:53:28.138+0000] {standard_task_runner.py:57} INFO - Started process 1399 to run task
[2025-03-21T13:53:28.155+0000] {standard_task_runner.py:84} INFO - Running: ['***', 'tasks', 'run', 'transactions_pipeline', 'create_hive_table_batch_20250321_131625', 'scheduled__2025-03-21T13:47:39.231672+00:00', '--job-id', '735', '--raw', '--subdir', 'DAGS_FOLDER/fraud_detection_pipeline.py', '--cfg-path', '/tmp/tmpgo1rba3p']
[2025-03-21T13:53:28.169+0000] {standard_task_runner.py:85} INFO - Job 735: Subtask create_hive_table_batch_20250321_131625
[2025-03-21T13:53:28.333+0000] {task_command.py:415} INFO - Running <TaskInstance: transactions_pipeline.create_hive_table_batch_20250321_131625 scheduled__2025-03-21T13:47:39.231672+00:00 [running]> on host e95638583d4d
[2025-03-21T13:53:28.580+0000] {taskinstance.py:1660} INFO - Exporting env vars: AIRFLOW_CTX_DAG_EMAIL='rabiizahnoune7@gmail.com' AIRFLOW_CTX_DAG_OWNER='***' AIRFLOW_CTX_DAG_ID='transactions_pipeline' AIRFLOW_CTX_TASK_ID='create_hive_table_batch_20250321_131625' AIRFLOW_CTX_EXECUTION_DATE='2025-03-21T13:47:39.231672+00:00' AIRFLOW_CTX_TRY_NUMBER='1' AIRFLOW_CTX_DAG_RUN_ID='scheduled__2025-03-21T13:47:39.231672+00:00'
[2025-03-21T13:53:28.586+0000] {subprocess.py:63} INFO - Tmp dir root location: /tmp
[2025-03-21T13:53:28.590+0000] {subprocess.py:75} INFO - Running command: ['/bin/bash', '-c', '\n            docker exec hive beeline -u "jdbc:hive2://localhost:10000" --hiveconf hive.exec.dynamic.partition.mode=nonstrict -e "\n            CREATE EXTERNAL TABLE IF NOT EXISTS transactions (\n                transaction_id STRING,\n                date_time STRING,\n                amount DOUBLE,\n                currency STRING,\n                merchant_details STRING,\n                customer_id STRING,\n                transaction_type STRING,\n                location STRING\n            )\n            PARTITIONED BY (batch_id STRING)\n            STORED AS PARQUET;\n            ALTER TABLE transactions ADD IF NOT EXISTS PARTITION (batch_id=\'batch_20250321_131625\') LOCATION \'/data/transactions/transactions_batch_20250321_131625\';"\n            ']
[2025-03-21T13:53:28.630+0000] {subprocess.py:86} INFO - Output:
[2025-03-21T13:53:36.318+0000] {subprocess.py:93} INFO - SLF4J: Class path contains multiple SLF4J bindings.
[2025-03-21T13:53:36.319+0000] {subprocess.py:93} INFO - SLF4J: Found binding in [jar:file:/opt/hive/lib/log4j-slf4j-impl-2.17.1.jar!/org/slf4j/impl/StaticLoggerBinder.class]
[2025-03-21T13:53:36.320+0000] {subprocess.py:93} INFO - SLF4J: Found binding in [jar:file:/opt/hadoop/share/hadoop/common/lib/slf4j-log4j12-1.7.25.jar!/org/slf4j/impl/StaticLoggerBinder.class]
[2025-03-21T13:53:36.321+0000] {subprocess.py:93} INFO - SLF4J: See http://www.slf4j.org/codes.html#multiple_bindings for an explanation.
[2025-03-21T13:53:38.413+0000] {subprocess.py:93} INFO - SLF4J: Actual binding is of type [org.apache.logging.slf4j.Log4jLoggerFactory]
[2025-03-21T13:53:51.026+0000] {subprocess.py:93} INFO - Connecting to jdbc:hive2://localhost:10000
[2025-03-21T13:53:55.095+0000] {subprocess.py:93} INFO - Connected to: Apache Hive (version 3.1.3)
[2025-03-21T13:53:55.098+0000] {subprocess.py:93} INFO - Driver: Hive JDBC (version 3.1.3)
[2025-03-21T13:53:55.099+0000] {subprocess.py:93} INFO - Transaction isolation: TRANSACTION_REPEATABLE_READ
[2025-03-21T13:53:56.621+0000] {subprocess.py:93} INFO - INFO  : Compiling command(queryId=root_20250321135355_b8d05ad4-ab9c-400b-973a-60910fd24f63): CREATE EXTERNAL TABLE IF NOT EXISTS transactions (
[2025-03-21T13:53:56.622+0000] {subprocess.py:93} INFO -                 transaction_id STRING,
[2025-03-21T13:53:56.623+0000] {subprocess.py:93} INFO -                 date_time STRING,
[2025-03-21T13:53:56.624+0000] {subprocess.py:93} INFO -                 amount DOUBLE,
[2025-03-21T13:53:56.625+0000] {subprocess.py:93} INFO -                 currency STRING,
[2025-03-21T13:53:56.625+0000] {subprocess.py:93} INFO -                 merchant_details STRING,
[2025-03-21T13:53:56.626+0000] {subprocess.py:93} INFO -                 customer_id STRING,
[2025-03-21T13:53:56.626+0000] {subprocess.py:93} INFO -                 transaction_type STRING,
[2025-03-21T13:53:56.627+0000] {subprocess.py:93} INFO -                 location STRING
[2025-03-21T13:53:56.627+0000] {subprocess.py:93} INFO -             )
[2025-03-21T13:53:56.627+0000] {subprocess.py:93} INFO -             PARTITIONED BY (batch_id STRING)
[2025-03-21T13:53:56.628+0000] {subprocess.py:93} INFO -             STORED AS PARQUET
[2025-03-21T13:53:56.628+0000] {subprocess.py:93} INFO - INFO  : Concurrency mode is disabled, not creating a lock manager
[2025-03-21T13:53:56.629+0000] {subprocess.py:93} INFO - INFO  : Semantic Analysis Completed (retrial = false)
[2025-03-21T13:53:56.629+0000] {subprocess.py:93} INFO - INFO  : Returning Hive schema: Schema(fieldSchemas:null, properties:null)
[2025-03-21T13:53:56.629+0000] {subprocess.py:93} INFO - INFO  : Completed compiling command(queryId=root_20250321135355_b8d05ad4-ab9c-400b-973a-60910fd24f63); Time taken: 0.171 seconds
[2025-03-21T13:53:56.630+0000] {subprocess.py:93} INFO - INFO  : Concurrency mode is disabled, not creating a lock manager
[2025-03-21T13:53:56.630+0000] {subprocess.py:93} INFO - INFO  : Executing command(queryId=root_20250321135355_b8d05ad4-ab9c-400b-973a-60910fd24f63): CREATE EXTERNAL TABLE IF NOT EXISTS transactions (
[2025-03-21T13:53:56.631+0000] {subprocess.py:93} INFO -                 transaction_id STRING,
[2025-03-21T13:53:56.631+0000] {subprocess.py:93} INFO -                 date_time STRING,
[2025-03-21T13:53:56.631+0000] {subprocess.py:93} INFO -                 amount DOUBLE,
[2025-03-21T13:53:56.631+0000] {subprocess.py:93} INFO -                 currency STRING,
[2025-03-21T13:53:56.632+0000] {subprocess.py:93} INFO -                 merchant_details STRING,
[2025-03-21T13:53:56.632+0000] {subprocess.py:93} INFO -                 customer_id STRING,
[2025-03-21T13:53:56.632+0000] {subprocess.py:93} INFO -                 transaction_type STRING,
[2025-03-21T13:53:56.633+0000] {subprocess.py:93} INFO -                 location STRING
[2025-03-21T13:53:56.633+0000] {subprocess.py:93} INFO -             )
[2025-03-21T13:53:56.633+0000] {subprocess.py:93} INFO -             PARTITIONED BY (batch_id STRING)
[2025-03-21T13:53:56.634+0000] {subprocess.py:93} INFO -             STORED AS PARQUET
[2025-03-21T13:53:56.634+0000] {subprocess.py:93} INFO - INFO  : Completed executing command(queryId=root_20250321135355_b8d05ad4-ab9c-400b-973a-60910fd24f63); Time taken: 0.001 seconds
[2025-03-21T13:53:56.634+0000] {subprocess.py:93} INFO - INFO  : OK
[2025-03-21T13:53:56.634+0000] {subprocess.py:93} INFO - INFO  : Concurrency mode is disabled, not creating a lock manager
[2025-03-21T13:53:56.635+0000] {subprocess.py:93} INFO - No rows affected (1.429 seconds)
[2025-03-21T13:53:57.297+0000] {subprocess.py:93} INFO - INFO  : Compiling command(queryId=root_20250321135356_8cf6ce5f-fd40-4fce-a8ee-7d6ba18aabea): ALTER TABLE transactions ADD IF NOT EXISTS PARTITION (batch_id='batch_20250321_131625') LOCATION '/data/transactions/transactions_batch_20250321_131625'
[2025-03-21T13:53:57.299+0000] {subprocess.py:93} INFO - INFO  : Concurrency mode is disabled, not creating a lock manager
[2025-03-21T13:53:57.300+0000] {subprocess.py:93} INFO - INFO  : Semantic Analysis Completed (retrial = false)
[2025-03-21T13:53:57.301+0000] {subprocess.py:93} INFO - INFO  : Returning Hive schema: Schema(fieldSchemas:null, properties:null)
[2025-03-21T13:53:57.301+0000] {subprocess.py:93} INFO - INFO  : Completed compiling command(queryId=root_20250321135356_8cf6ce5f-fd40-4fce-a8ee-7d6ba18aabea); Time taken: 0.104 seconds
[2025-03-21T13:53:57.302+0000] {subprocess.py:93} INFO - INFO  : Concurrency mode is disabled, not creating a lock manager
[2025-03-21T13:53:57.303+0000] {subprocess.py:93} INFO - INFO  : Executing command(queryId=root_20250321135356_8cf6ce5f-fd40-4fce-a8ee-7d6ba18aabea): ALTER TABLE transactions ADD IF NOT EXISTS PARTITION (batch_id='batch_20250321_131625') LOCATION '/data/transactions/transactions_batch_20250321_131625'
[2025-03-21T13:53:57.304+0000] {subprocess.py:93} INFO - INFO  : Starting task [Stage-0:DDL] in serial mode
[2025-03-21T13:53:57.304+0000] {subprocess.py:93} INFO - INFO  : Completed executing command(queryId=root_20250321135356_8cf6ce5f-fd40-4fce-a8ee-7d6ba18aabea); Time taken: 0.286 seconds
[2025-03-21T13:53:57.305+0000] {subprocess.py:93} INFO - INFO  : OK
[2025-03-21T13:53:57.305+0000] {subprocess.py:93} INFO - INFO  : Concurrency mode is disabled, not creating a lock manager
[2025-03-21T13:53:57.305+0000] {subprocess.py:93} INFO - No rows affected (0.572 seconds)
[2025-03-21T13:53:57.320+0000] {subprocess.py:93} INFO - Beeline version 3.1.3 by Apache Hive
[2025-03-21T13:53:57.417+0000] {subprocess.py:93} INFO - Closing: 0: jdbc:hive2://localhost:10000
[2025-03-21T13:53:56.443+0000] {subprocess.py:97} INFO - Command exited with return code 0
[2025-03-21T13:53:56.474+0000] {taskinstance.py:1398} INFO - Marking task as SUCCESS. dag_id=transactions_pipeline, task_id=create_hive_table_batch_20250321_131625, execution_date=20250321T134739, start_date=20250321T135328, end_date=20250321T135356
[2025-03-21T13:53:56.534+0000] {local_task_job_runner.py:228} INFO - Task exited with return code 0
[2025-03-21T13:53:56.580+0000] {taskinstance.py:2776} INFO - 1 downstream tasks scheduled from follow-on schedule check
