[2025-03-21T13:41:05.745+0000] {taskinstance.py:1157} INFO - Dependencies all met for dep_context=non-requeueable deps ti=<TaskInstance: transactions_pipeline.create_hive_table_batch_20250321_131230 scheduled__2025-03-21T13:32:39.231672+00:00 [queued]>
[2025-03-21T13:41:05.866+0000] {taskinstance.py:1157} INFO - Dependencies all met for dep_context=requeueable deps ti=<TaskInstance: transactions_pipeline.create_hive_table_batch_20250321_131230 scheduled__2025-03-21T13:32:39.231672+00:00 [queued]>
[2025-03-21T13:41:05.874+0000] {taskinstance.py:1359} INFO - Starting attempt 1 of 1
[2025-03-21T13:41:05.968+0000] {taskinstance.py:1380} INFO - Executing <Task(BashOperator): create_hive_table_batch_20250321_131230> on 2025-03-21 13:32:39.231672+00:00
[2025-03-21T13:41:05.981+0000] {standard_task_runner.py:57} INFO - Started process 3456 to run task
[2025-03-21T13:41:06.003+0000] {standard_task_runner.py:84} INFO - Running: ['***', 'tasks', 'run', 'transactions_pipeline', 'create_hive_table_batch_20250321_131230', 'scheduled__2025-03-21T13:32:39.231672+00:00', '--job-id', '669', '--raw', '--subdir', 'DAGS_FOLDER/fraud_detection_pipeline.py', '--cfg-path', '/tmp/tmpu64tlztg']
[2025-03-21T13:41:06.055+0000] {standard_task_runner.py:85} INFO - Job 669: Subtask create_hive_table_batch_20250321_131230
[2025-03-21T13:41:07.064+0000] {task_command.py:415} INFO - Running <TaskInstance: transactions_pipeline.create_hive_table_batch_20250321_131230 scheduled__2025-03-21T13:32:39.231672+00:00 [running]> on host 1b7c3466167a
[2025-03-21T13:41:07.747+0000] {taskinstance.py:1660} INFO - Exporting env vars: AIRFLOW_CTX_DAG_EMAIL='rabiizahnoune7@gmail.com' AIRFLOW_CTX_DAG_OWNER='***' AIRFLOW_CTX_DAG_ID='transactions_pipeline' AIRFLOW_CTX_TASK_ID='create_hive_table_batch_20250321_131230' AIRFLOW_CTX_EXECUTION_DATE='2025-03-21T13:32:39.231672+00:00' AIRFLOW_CTX_TRY_NUMBER='1' AIRFLOW_CTX_DAG_RUN_ID='scheduled__2025-03-21T13:32:39.231672+00:00'
[2025-03-21T13:41:07.751+0000] {subprocess.py:63} INFO - Tmp dir root location: /tmp
[2025-03-21T13:41:07.754+0000] {subprocess.py:75} INFO - Running command: ['/bin/bash', '-c', '\n            docker exec hive beeline -u "jdbc:hive2://localhost:10000" --hiveconf hive.exec.dynamic.partition.mode=nonstrict -e "\n            CREATE EXTERNAL TABLE IF NOT EXISTS transactions (\n                transaction_id STRING,\n                date_time STRING,\n                amount DOUBLE,\n                currency STRING,\n                merchant_details STRING,\n                customer_id STRING,\n                transaction_type STRING,\n                location STRING\n            )\n            PARTITIONED BY (batch_id STRING)\n            STORED AS PARQUET;\n            ALTER TABLE transactions ADD IF NOT EXISTS PARTITION (batch_id=\'batch_20250321_131230\') LOCATION \'/data/transactions/transactions_batch_20250321_131230\';"\n            ']
[2025-03-21T13:41:07.849+0000] {subprocess.py:86} INFO - Output:
[2025-03-21T13:41:25.374+0000] {subprocess.py:93} INFO - SLF4J: Class path contains multiple SLF4J bindings.
[2025-03-21T13:41:25.376+0000] {subprocess.py:93} INFO - SLF4J: Found binding in [jar:file:/opt/hive/lib/log4j-slf4j-impl-2.17.1.jar!/org/slf4j/impl/StaticLoggerBinder.class]
[2025-03-21T13:41:25.378+0000] {subprocess.py:93} INFO - SLF4J: Found binding in [jar:file:/opt/hadoop/share/hadoop/common/lib/slf4j-log4j12-1.7.25.jar!/org/slf4j/impl/StaticLoggerBinder.class]
[2025-03-21T13:41:25.379+0000] {subprocess.py:93} INFO - SLF4J: See http://www.slf4j.org/codes.html#multiple_bindings for an explanation.
[2025-03-21T13:41:29.184+0000] {subprocess.py:93} INFO - SLF4J: Actual binding is of type [org.apache.logging.slf4j.Log4jLoggerFactory]
[2025-03-21T13:41:49.869+0000] {subprocess.py:93} INFO - Connecting to jdbc:hive2://localhost:10000
[2025-03-21T13:41:57.549+0000] {subprocess.py:93} INFO - Connected to: Apache Hive (version 3.1.3)
[2025-03-21T13:41:57.550+0000] {subprocess.py:93} INFO - Driver: Hive JDBC (version 3.1.3)
[2025-03-21T13:41:57.551+0000] {subprocess.py:93} INFO - Transaction isolation: TRANSACTION_REPEATABLE_READ
[2025-03-21T13:41:59.857+0000] {subprocess.py:93} INFO - INFO  : Compiling command(queryId=root_20250321134158_0dfb6f11-325c-43b2-b603-b49cd312a73b): CREATE EXTERNAL TABLE IF NOT EXISTS transactions (
[2025-03-21T13:41:59.866+0000] {subprocess.py:93} INFO -                 transaction_id STRING,
[2025-03-21T13:41:59.871+0000] {subprocess.py:93} INFO -                 date_time STRING,
[2025-03-21T13:41:59.873+0000] {subprocess.py:93} INFO -                 amount DOUBLE,
[2025-03-21T13:41:59.875+0000] {subprocess.py:93} INFO -                 currency STRING,
[2025-03-21T13:41:59.876+0000] {subprocess.py:93} INFO -                 merchant_details STRING,
[2025-03-21T13:41:59.877+0000] {subprocess.py:93} INFO -                 customer_id STRING,
[2025-03-21T13:41:59.877+0000] {subprocess.py:93} INFO -                 transaction_type STRING,
[2025-03-21T13:41:59.878+0000] {subprocess.py:93} INFO -                 location STRING
[2025-03-21T13:41:59.879+0000] {subprocess.py:93} INFO -             )
[2025-03-21T13:41:59.879+0000] {subprocess.py:93} INFO -             PARTITIONED BY (batch_id STRING)
[2025-03-21T13:41:59.880+0000] {subprocess.py:93} INFO -             STORED AS PARQUET
[2025-03-21T13:41:59.880+0000] {subprocess.py:93} INFO - INFO  : Concurrency mode is disabled, not creating a lock manager
[2025-03-21T13:41:59.881+0000] {subprocess.py:93} INFO - INFO  : Semantic Analysis Completed (retrial = false)
[2025-03-21T13:41:59.881+0000] {subprocess.py:93} INFO - INFO  : Returning Hive schema: Schema(fieldSchemas:null, properties:null)
[2025-03-21T13:41:59.882+0000] {subprocess.py:93} INFO - INFO  : Completed compiling command(queryId=root_20250321134158_0dfb6f11-325c-43b2-b603-b49cd312a73b); Time taken: 0.147 seconds
[2025-03-21T13:41:59.891+0000] {subprocess.py:93} INFO - INFO  : Concurrency mode is disabled, not creating a lock manager
[2025-03-21T13:41:59.892+0000] {subprocess.py:93} INFO - INFO  : Executing command(queryId=root_20250321134158_0dfb6f11-325c-43b2-b603-b49cd312a73b): CREATE EXTERNAL TABLE IF NOT EXISTS transactions (
[2025-03-21T13:41:59.894+0000] {subprocess.py:93} INFO -                 transaction_id STRING,
[2025-03-21T13:41:59.895+0000] {subprocess.py:93} INFO -                 date_time STRING,
[2025-03-21T13:41:59.897+0000] {subprocess.py:93} INFO -                 amount DOUBLE,
[2025-03-21T13:41:59.898+0000] {subprocess.py:93} INFO -                 currency STRING,
[2025-03-21T13:41:59.899+0000] {subprocess.py:93} INFO -                 merchant_details STRING,
[2025-03-21T13:41:59.900+0000] {subprocess.py:93} INFO -                 customer_id STRING,
[2025-03-21T13:41:59.901+0000] {subprocess.py:93} INFO -                 transaction_type STRING,
[2025-03-21T13:41:59.902+0000] {subprocess.py:93} INFO -                 location STRING
[2025-03-21T13:41:59.904+0000] {subprocess.py:93} INFO -             )
[2025-03-21T13:41:59.905+0000] {subprocess.py:93} INFO -             PARTITIONED BY (batch_id STRING)
[2025-03-21T13:41:59.910+0000] {subprocess.py:93} INFO -             STORED AS PARQUET
[2025-03-21T13:41:59.912+0000] {subprocess.py:93} INFO - INFO  : Completed executing command(queryId=root_20250321134158_0dfb6f11-325c-43b2-b603-b49cd312a73b); Time taken: 0.008 seconds
[2025-03-21T13:41:59.913+0000] {subprocess.py:93} INFO - INFO  : OK
[2025-03-21T13:41:59.915+0000] {subprocess.py:93} INFO - INFO  : Concurrency mode is disabled, not creating a lock manager
[2025-03-21T13:42:00.052+0000] {subprocess.py:93} INFO - No rows affected (2.267 seconds)
[2025-03-21T13:42:01.485+0000] {subprocess.py:93} INFO - INFO  : Compiling command(queryId=root_20250321134200_6e12dc7b-2aed-4ef7-8795-610a65fecff1): ALTER TABLE transactions ADD IF NOT EXISTS PARTITION (batch_id='batch_20250321_131230') LOCATION '/data/transactions/transactions_batch_20250321_131230'
[2025-03-21T13:42:01.486+0000] {subprocess.py:93} INFO - INFO  : Concurrency mode is disabled, not creating a lock manager
[2025-03-21T13:42:01.486+0000] {subprocess.py:93} INFO - INFO  : Semantic Analysis Completed (retrial = false)
[2025-03-21T13:42:01.487+0000] {subprocess.py:93} INFO - INFO  : Returning Hive schema: Schema(fieldSchemas:null, properties:null)
[2025-03-21T13:42:01.488+0000] {subprocess.py:93} INFO - INFO  : Completed compiling command(queryId=root_20250321134200_6e12dc7b-2aed-4ef7-8795-610a65fecff1); Time taken: 0.063 seconds
[2025-03-21T13:42:01.488+0000] {subprocess.py:93} INFO - INFO  : Concurrency mode is disabled, not creating a lock manager
[2025-03-21T13:42:01.489+0000] {subprocess.py:93} INFO - INFO  : Executing command(queryId=root_20250321134200_6e12dc7b-2aed-4ef7-8795-610a65fecff1): ALTER TABLE transactions ADD IF NOT EXISTS PARTITION (batch_id='batch_20250321_131230') LOCATION '/data/transactions/transactions_batch_20250321_131230'
[2025-03-21T13:42:01.489+0000] {subprocess.py:93} INFO - INFO  : Starting task [Stage-0:DDL] in serial mode
[2025-03-21T13:42:01.648+0000] {subprocess.py:93} INFO - INFO  : Completed executing command(queryId=root_20250321134200_6e12dc7b-2aed-4ef7-8795-610a65fecff1); Time taken: 0.824 seconds
[2025-03-21T13:42:01.650+0000] {subprocess.py:93} INFO - INFO  : OK
[2025-03-21T13:42:01.651+0000] {subprocess.py:93} INFO - INFO  : Concurrency mode is disabled, not creating a lock manager
[2025-03-21T13:42:01.655+0000] {subprocess.py:93} INFO - No rows affected (1.271 seconds)
[2025-03-21T13:42:01.675+0000] {subprocess.py:93} INFO - Beeline version 3.1.3 by Apache Hive
[2025-03-21T13:42:01.845+0000] {subprocess.py:93} INFO - Closing: 0: jdbc:hive2://localhost:10000
[2025-03-21T13:42:02.858+0000] {subprocess.py:97} INFO - Command exited with return code 0
[2025-03-21T13:42:02.986+0000] {taskinstance.py:1398} INFO - Marking task as SUCCESS. dag_id=transactions_pipeline, task_id=create_hive_table_batch_20250321_131230, execution_date=20250321T133239, start_date=20250321T134105, end_date=20250321T134202
[2025-03-21T13:42:03.219+0000] {local_task_job_runner.py:228} INFO - Task exited with return code 0
[2025-03-21T13:42:03.481+0000] {taskinstance.py:2776} INFO - 1 downstream tasks scheduled from follow-on schedule check
