[2025-03-19T17:38:46.965+0000] {taskinstance.py:1157} INFO - Dependencies all met for dep_context=non-requeueable deps ti=<TaskInstance: transactions_pipeline.create_hive_table manual__2025-03-19T17:38:35.899311+00:00 [queued]>
[2025-03-19T17:38:46.984+0000] {taskinstance.py:1157} INFO - Dependencies all met for dep_context=requeueable deps ti=<TaskInstance: transactions_pipeline.create_hive_table manual__2025-03-19T17:38:35.899311+00:00 [queued]>
[2025-03-19T17:38:46.985+0000] {taskinstance.py:1359} INFO - Starting attempt 1 of 1
[2025-03-19T17:38:47.013+0000] {taskinstance.py:1380} INFO - Executing <Task(BashOperator): create_hive_table> on 2025-03-19 17:38:35.899311+00:00
[2025-03-19T17:38:47.021+0000] {standard_task_runner.py:57} INFO - Started process 1339 to run task
[2025-03-19T17:38:47.028+0000] {standard_task_runner.py:84} INFO - Running: ['***', 'tasks', 'run', 'transactions_pipeline', 'create_hive_table', 'manual__2025-03-19T17:38:35.899311+00:00', '--job-id', '106', '--raw', '--subdir', 'DAGS_FOLDER/fraud_detection_pipeline.py', '--cfg-path', '/tmp/tmp5t0o8doj']
[2025-03-19T17:38:47.032+0000] {standard_task_runner.py:85} INFO - Job 106: Subtask create_hive_table
[2025-03-19T17:38:47.129+0000] {task_command.py:415} INFO - Running <TaskInstance: transactions_pipeline.create_hive_table manual__2025-03-19T17:38:35.899311+00:00 [running]> on host 347688f31140
[2025-03-19T17:38:47.284+0000] {logging_mixin.py:151} WARNING - /home/***/.local/lib/python3.8/site-packages/***/utils/context.py:206 AirflowContextDeprecationWarning: Accessing 'execution_date' from the template is deprecated and will be removed in a future version. Please use 'data_interval_start' or 'logical_date' instead.
[2025-03-19T17:38:47.374+0000] {taskinstance.py:1660} INFO - Exporting env vars: AIRFLOW_CTX_DAG_OWNER='***' AIRFLOW_CTX_DAG_ID='transactions_pipeline' AIRFLOW_CTX_TASK_ID='create_hive_table' AIRFLOW_CTX_EXECUTION_DATE='2025-03-19T17:38:35.899311+00:00' AIRFLOW_CTX_TRY_NUMBER='1' AIRFLOW_CTX_DAG_RUN_ID='manual__2025-03-19T17:38:35.899311+00:00'
[2025-03-19T17:38:47.377+0000] {subprocess.py:63} INFO - Tmp dir root location: /tmp
[2025-03-19T17:38:47.378+0000] {subprocess.py:75} INFO - Running command: ['/bin/bash', '-c', '\n    docker exec hive beeline -u "jdbc:hive2://localhost:10000" --hiveconf hive.exec.dynamic.partition.mode=nonstrict -e "\n    CREATE EXTERNAL TABLE IF NOT EXISTS transactions (\n        transaction_id STRING,\n        date_time STRING,\n        amount DOUBLE,\n        currency STRING,\n        merchant_details STRING,\n        customer_id STRING,\n        transaction_type STRING,\n        location STRING\n    )\n    PARTITIONED BY (batch_id STRING)\n    STORED AS PARQUET\n    LOCATION \'/data/transactions/transactions_batch_0\';\n    ALTER TABLE transactions ADD IF NOT EXISTS PARTITION (batch_id=\'batch_20250319_173835\') LOCATION \'/data/transactions/transactions_batch_0\';"\n    ']
[2025-03-19T17:38:47.398+0000] {subprocess.py:86} INFO - Output:
[2025-03-19T17:38:48.911+0000] {subprocess.py:93} INFO - SLF4J: Class path contains multiple SLF4J bindings.
[2025-03-19T17:38:48.912+0000] {subprocess.py:93} INFO - SLF4J: Found binding in [jar:file:/opt/hive/lib/log4j-slf4j-impl-2.17.1.jar!/org/slf4j/impl/StaticLoggerBinder.class]
[2025-03-19T17:38:48.913+0000] {subprocess.py:93} INFO - SLF4J: Found binding in [jar:file:/opt/hadoop/share/hadoop/common/lib/slf4j-log4j12-1.7.25.jar!/org/slf4j/impl/StaticLoggerBinder.class]
[2025-03-19T17:38:48.913+0000] {subprocess.py:93} INFO - SLF4J: See http://www.slf4j.org/codes.html#multiple_bindings for an explanation.
[2025-03-19T17:38:49.111+0000] {subprocess.py:93} INFO - SLF4J: Actual binding is of type [org.apache.logging.slf4j.Log4jLoggerFactory]
[2025-03-19T17:38:50.972+0000] {subprocess.py:93} INFO - Connecting to jdbc:hive2://localhost:10000
[2025-03-19T17:38:51.235+0000] {subprocess.py:93} INFO - Connected to: Apache Hive (version 3.1.3)
[2025-03-19T17:38:51.236+0000] {subprocess.py:93} INFO - Driver: Hive JDBC (version 3.1.3)
[2025-03-19T17:38:51.237+0000] {subprocess.py:93} INFO - Transaction isolation: TRANSACTION_REPEATABLE_READ
[2025-03-19T17:38:51.327+0000] {subprocess.py:93} INFO - INFO  : Compiling command(queryId=root_20250319173851_b4d5865b-9abd-4c57-9916-14d1830fb085): CREATE EXTERNAL TABLE IF NOT EXISTS transactions (
[2025-03-19T17:38:51.328+0000] {subprocess.py:93} INFO -         transaction_id STRING,
[2025-03-19T17:38:51.329+0000] {subprocess.py:93} INFO -         date_time STRING,
[2025-03-19T17:38:51.330+0000] {subprocess.py:93} INFO -         amount DOUBLE,
[2025-03-19T17:38:51.330+0000] {subprocess.py:93} INFO -         currency STRING,
[2025-03-19T17:38:51.331+0000] {subprocess.py:93} INFO -         merchant_details STRING,
[2025-03-19T17:38:51.331+0000] {subprocess.py:93} INFO -         customer_id STRING,
[2025-03-19T17:38:51.332+0000] {subprocess.py:93} INFO -         transaction_type STRING,
[2025-03-19T17:38:51.332+0000] {subprocess.py:93} INFO -         location STRING
[2025-03-19T17:38:51.333+0000] {subprocess.py:93} INFO -     )
[2025-03-19T17:38:51.334+0000] {subprocess.py:93} INFO -     PARTITIONED BY (batch_id STRING)
[2025-03-19T17:38:51.335+0000] {subprocess.py:93} INFO -     STORED AS PARQUET
[2025-03-19T17:38:51.335+0000] {subprocess.py:93} INFO -     LOCATION '/data/transactions/transactions_batch_0'
[2025-03-19T17:38:51.336+0000] {subprocess.py:93} INFO - INFO  : Concurrency mode is disabled, not creating a lock manager
[2025-03-19T17:38:51.337+0000] {subprocess.py:93} INFO - INFO  : Semantic Analysis Completed (retrial = false)
[2025-03-19T17:38:51.337+0000] {subprocess.py:93} INFO - INFO  : Returning Hive schema: Schema(fieldSchemas:null, properties:null)
[2025-03-19T17:38:51.338+0000] {subprocess.py:93} INFO - INFO  : Completed compiling command(queryId=root_20250319173851_b4d5865b-9abd-4c57-9916-14d1830fb085); Time taken: 0.01 seconds
[2025-03-19T17:38:51.338+0000] {subprocess.py:93} INFO - INFO  : Concurrency mode is disabled, not creating a lock manager
[2025-03-19T17:38:51.339+0000] {subprocess.py:93} INFO - INFO  : Executing command(queryId=root_20250319173851_b4d5865b-9abd-4c57-9916-14d1830fb085): CREATE EXTERNAL TABLE IF NOT EXISTS transactions (
[2025-03-19T17:38:51.339+0000] {subprocess.py:93} INFO -         transaction_id STRING,
[2025-03-19T17:38:51.340+0000] {subprocess.py:93} INFO -         date_time STRING,
[2025-03-19T17:38:51.340+0000] {subprocess.py:93} INFO -         amount DOUBLE,
[2025-03-19T17:38:51.341+0000] {subprocess.py:93} INFO -         currency STRING,
[2025-03-19T17:38:51.341+0000] {subprocess.py:93} INFO -         merchant_details STRING,
[2025-03-19T17:38:51.341+0000] {subprocess.py:93} INFO -         customer_id STRING,
[2025-03-19T17:38:51.342+0000] {subprocess.py:93} INFO -         transaction_type STRING,
[2025-03-19T17:38:51.342+0000] {subprocess.py:93} INFO -         location STRING
[2025-03-19T17:38:51.342+0000] {subprocess.py:93} INFO -     )
[2025-03-19T17:38:51.343+0000] {subprocess.py:93} INFO -     PARTITIONED BY (batch_id STRING)
[2025-03-19T17:38:51.343+0000] {subprocess.py:93} INFO -     STORED AS PARQUET
[2025-03-19T17:38:51.344+0000] {subprocess.py:93} INFO -     LOCATION '/data/transactions/transactions_batch_0'
[2025-03-19T17:38:51.344+0000] {subprocess.py:93} INFO - INFO  : Completed executing command(queryId=root_20250319173851_b4d5865b-9abd-4c57-9916-14d1830fb085); Time taken: 0.003 seconds
[2025-03-19T17:38:51.345+0000] {subprocess.py:93} INFO - INFO  : OK
[2025-03-19T17:38:51.345+0000] {subprocess.py:93} INFO - INFO  : Concurrency mode is disabled, not creating a lock manager
[2025-03-19T17:38:51.346+0000] {subprocess.py:93} INFO - No rows affected (0.073 seconds)
[2025-03-19T17:38:51.429+0000] {subprocess.py:93} INFO - INFO  : Compiling command(queryId=root_20250319173851_d11e1e5f-53a9-42ae-9a94-f3814b218637): ALTER TABLE transactions ADD IF NOT EXISTS PARTITION (batch_id='batch_20250319_173835') LOCATION '/data/transactions/transactions_batch_0'
[2025-03-19T17:38:51.430+0000] {subprocess.py:93} INFO - INFO  : Concurrency mode is disabled, not creating a lock manager
[2025-03-19T17:38:51.432+0000] {subprocess.py:93} INFO - INFO  : Semantic Analysis Completed (retrial = false)
[2025-03-19T17:38:51.433+0000] {subprocess.py:93} INFO - INFO  : Returning Hive schema: Schema(fieldSchemas:null, properties:null)
[2025-03-19T17:38:51.434+0000] {subprocess.py:93} INFO - INFO  : Completed compiling command(queryId=root_20250319173851_d11e1e5f-53a9-42ae-9a94-f3814b218637); Time taken: 0.012 seconds
[2025-03-19T17:38:51.435+0000] {subprocess.py:93} INFO - INFO  : Concurrency mode is disabled, not creating a lock manager
[2025-03-19T17:38:51.436+0000] {subprocess.py:93} INFO - INFO  : Executing command(queryId=root_20250319173851_d11e1e5f-53a9-42ae-9a94-f3814b218637): ALTER TABLE transactions ADD IF NOT EXISTS PARTITION (batch_id='batch_20250319_173835') LOCATION '/data/transactions/transactions_batch_0'
[2025-03-19T17:38:51.437+0000] {subprocess.py:93} INFO - INFO  : Starting task [Stage-0:DDL] in serial mode
[2025-03-19T17:38:51.438+0000] {subprocess.py:93} INFO - INFO  : Completed executing command(queryId=root_20250319173851_d11e1e5f-53a9-42ae-9a94-f3814b218637); Time taken: 0.058 seconds
[2025-03-19T17:38:51.439+0000] {subprocess.py:93} INFO - INFO  : OK
[2025-03-19T17:38:51.440+0000] {subprocess.py:93} INFO - INFO  : Concurrency mode is disabled, not creating a lock manager
[2025-03-19T17:38:51.441+0000] {subprocess.py:93} INFO - No rows affected (0.086 seconds)
[2025-03-19T17:38:51.443+0000] {subprocess.py:93} INFO - Beeline version 3.1.3 by Apache Hive
[2025-03-19T17:38:51.453+0000] {subprocess.py:93} INFO - Closing: 0: jdbc:hive2://localhost:10000
[2025-03-19T17:38:51.516+0000] {subprocess.py:97} INFO - Command exited with return code 0
[2025-03-19T17:38:51.557+0000] {taskinstance.py:1398} INFO - Marking task as SUCCESS. dag_id=transactions_pipeline, task_id=create_hive_table, execution_date=20250319T173835, start_date=20250319T173846, end_date=20250319T173851
[2025-03-19T17:38:51.606+0000] {local_task_job_runner.py:228} INFO - Task exited with return code 0
[2025-03-19T17:38:51.651+0000] {taskinstance.py:2776} INFO - 1 downstream tasks scheduled from follow-on schedule check
