[2025-03-20T09:43:27.672+0000] {taskinstance.py:1157} INFO - Dependencies all met for dep_context=non-requeueable deps ti=<TaskInstance: transactions_pipeline.copy_to_hdfs scheduled__2025-03-20T08:53:15.476240+00:00 [queued]>
[2025-03-20T09:43:27.717+0000] {taskinstance.py:1157} INFO - Dependencies all met for dep_context=requeueable deps ti=<TaskInstance: transactions_pipeline.copy_to_hdfs scheduled__2025-03-20T08:53:15.476240+00:00 [queued]>
[2025-03-20T09:43:27.719+0000] {taskinstance.py:1359} INFO - Starting attempt 1 of 1
[2025-03-20T09:43:27.776+0000] {taskinstance.py:1380} INFO - Executing <Task(BashOperator): copy_to_hdfs> on 2025-03-20 08:53:15.476240+00:00
[2025-03-20T09:43:27.815+0000] {standard_task_runner.py:57} INFO - Started process 4238 to run task
[2025-03-20T09:43:27.826+0000] {standard_task_runner.py:84} INFO - Running: ['***', 'tasks', 'run', 'transactions_pipeline', 'copy_to_hdfs', 'scheduled__2025-03-20T08:53:15.476240+00:00', '--job-id', '241', '--raw', '--subdir', 'DAGS_FOLDER/fraud_detection_pipeline.py', '--cfg-path', '/tmp/tmp3yb1kv32']
[2025-03-20T09:43:27.840+0000] {standard_task_runner.py:85} INFO - Job 241: Subtask copy_to_hdfs
[2025-03-20T09:43:28.044+0000] {task_command.py:415} INFO - Running <TaskInstance: transactions_pipeline.copy_to_hdfs scheduled__2025-03-20T08:53:15.476240+00:00 [running]> on host 87980e846a97
[2025-03-20T09:43:28.579+0000] {taskinstance.py:1660} INFO - Exporting env vars: AIRFLOW_CTX_DAG_OWNER='***' AIRFLOW_CTX_DAG_ID='transactions_pipeline' AIRFLOW_CTX_TASK_ID='copy_to_hdfs' AIRFLOW_CTX_EXECUTION_DATE='2025-03-20T08:53:15.476240+00:00' AIRFLOW_CTX_TRY_NUMBER='1' AIRFLOW_CTX_DAG_RUN_ID='scheduled__2025-03-20T08:53:15.476240+00:00'
[2025-03-20T09:43:28.586+0000] {subprocess.py:63} INFO - Tmp dir root location: /tmp
[2025-03-20T09:43:28.591+0000] {subprocess.py:75} INFO - Running command: ['/bin/bash', '-c', 'docker exec hive hdfs dfs -mkdir -p /data/transactions/transactions_batch_0 && docker exec hive hdfs dfs -put -f /data/transactions/transactions_batch_0.parquet /data/transactions/transactions_batch_0/']
[2025-03-20T09:43:28.629+0000] {subprocess.py:86} INFO - Output:
[2025-03-20T09:43:37.345+0000] {subprocess.py:93} INFO - put: File does not exist: /data/transactions/transactions_batch_0/transactions_batch_0.parquet._COPYING_ (inode 16459) Holder DFSClient_NONMAPREDUCE_1112648411_1 does not have any open files.
[2025-03-20T09:43:37.786+0000] {subprocess.py:97} INFO - Command exited with return code 1
[2025-03-20T09:43:37.803+0000] {taskinstance.py:1935} ERROR - Task failed with exception
Traceback (most recent call last):
  File "/home/airflow/.local/lib/python3.8/site-packages/airflow/operators/bash.py", line 210, in execute
    raise AirflowException(
airflow.exceptions.AirflowException: Bash command failed. The command returned a non-zero exit code 1.
[2025-03-20T09:43:37.809+0000] {taskinstance.py:1398} INFO - Marking task as FAILED. dag_id=transactions_pipeline, task_id=copy_to_hdfs, execution_date=20250320T085315, start_date=20250320T094327, end_date=20250320T094337
[2025-03-20T09:43:37.826+0000] {standard_task_runner.py:104} ERROR - Failed to execute job 241 for task copy_to_hdfs (Bash command failed. The command returned a non-zero exit code 1.; 4238)
[2025-03-20T09:43:37.839+0000] {local_task_job_runner.py:228} INFO - Task exited with return code 1
[2025-03-20T09:43:37.862+0000] {taskinstance.py:2776} INFO - 0 downstream tasks scheduled from follow-on schedule check
