[2025-03-21T13:53:27.897+0000] {taskinstance.py:1157} INFO - Dependencies all met for dep_context=non-requeueable deps ti=<TaskInstance: transactions_pipeline.create_hive_table_batch_20250321_131230 scheduled__2025-03-21T13:47:39.231672+00:00 [queued]>
[2025-03-21T13:53:27.926+0000] {taskinstance.py:1157} INFO - Dependencies all met for dep_context=requeueable deps ti=<TaskInstance: transactions_pipeline.create_hive_table_batch_20250321_131230 scheduled__2025-03-21T13:47:39.231672+00:00 [queued]>
[2025-03-21T13:53:27.927+0000] {taskinstance.py:1359} INFO - Starting attempt 1 of 1
[2025-03-21T13:53:27.976+0000] {taskinstance.py:1380} INFO - Executing <Task(BashOperator): create_hive_table_batch_20250321_131230> on 2025-03-21 13:47:39.231672+00:00
[2025-03-21T13:53:27.986+0000] {standard_task_runner.py:57} INFO - Started process 1397 to run task
[2025-03-21T13:53:27.993+0000] {standard_task_runner.py:84} INFO - Running: ['***', 'tasks', 'run', 'transactions_pipeline', 'create_hive_table_batch_20250321_131230', 'scheduled__2025-03-21T13:47:39.231672+00:00', '--job-id', '733', '--raw', '--subdir', 'DAGS_FOLDER/fraud_detection_pipeline.py', '--cfg-path', '/tmp/tmpv4q2c_bb']
[2025-03-21T13:53:27.999+0000] {standard_task_runner.py:85} INFO - Job 733: Subtask create_hive_table_batch_20250321_131230
[2025-03-21T13:53:28.180+0000] {task_command.py:415} INFO - Running <TaskInstance: transactions_pipeline.create_hive_table_batch_20250321_131230 scheduled__2025-03-21T13:47:39.231672+00:00 [running]> on host e95638583d4d
[2025-03-21T13:53:28.433+0000] {taskinstance.py:1660} INFO - Exporting env vars: AIRFLOW_CTX_DAG_EMAIL='rabiizahnoune7@gmail.com' AIRFLOW_CTX_DAG_OWNER='***' AIRFLOW_CTX_DAG_ID='transactions_pipeline' AIRFLOW_CTX_TASK_ID='create_hive_table_batch_20250321_131230' AIRFLOW_CTX_EXECUTION_DATE='2025-03-21T13:47:39.231672+00:00' AIRFLOW_CTX_TRY_NUMBER='1' AIRFLOW_CTX_DAG_RUN_ID='scheduled__2025-03-21T13:47:39.231672+00:00'
[2025-03-21T13:53:28.441+0000] {subprocess.py:63} INFO - Tmp dir root location: /tmp
[2025-03-21T13:53:28.444+0000] {subprocess.py:75} INFO - Running command: ['/bin/bash', '-c', '\n            docker exec hive beeline -u "jdbc:hive2://localhost:10000" --hiveconf hive.exec.dynamic.partition.mode=nonstrict -e "\n            CREATE EXTERNAL TABLE IF NOT EXISTS transactions (\n                transaction_id STRING,\n                date_time STRING,\n                amount DOUBLE,\n                currency STRING,\n                merchant_details STRING,\n                customer_id STRING,\n                transaction_type STRING,\n                location STRING\n            )\n            PARTITIONED BY (batch_id STRING)\n            STORED AS PARQUET;\n            ALTER TABLE transactions ADD IF NOT EXISTS PARTITION (batch_id=\'batch_20250321_131230\') LOCATION \'/data/transactions/transactions_batch_20250321_131230\';"\n            ']
[2025-03-21T13:53:28.472+0000] {subprocess.py:86} INFO - Output:
[2025-03-21T13:53:36.908+0000] {subprocess.py:93} INFO - SLF4J: Class path contains multiple SLF4J bindings.
[2025-03-21T13:53:36.910+0000] {subprocess.py:93} INFO - SLF4J: Found binding in [jar:file:/opt/hive/lib/log4j-slf4j-impl-2.17.1.jar!/org/slf4j/impl/StaticLoggerBinder.class]
[2025-03-21T13:53:36.911+0000] {subprocess.py:93} INFO - SLF4J: Found binding in [jar:file:/opt/hadoop/share/hadoop/common/lib/slf4j-log4j12-1.7.25.jar!/org/slf4j/impl/StaticLoggerBinder.class]
[2025-03-21T13:53:36.912+0000] {subprocess.py:93} INFO - SLF4J: See http://www.slf4j.org/codes.html#multiple_bindings for an explanation.
[2025-03-21T13:53:39.099+0000] {subprocess.py:93} INFO - SLF4J: Actual binding is of type [org.apache.logging.slf4j.Log4jLoggerFactory]
[2025-03-21T13:53:51.003+0000] {subprocess.py:93} INFO - Connecting to jdbc:hive2://localhost:10000
[2025-03-21T13:53:55.023+0000] {subprocess.py:93} INFO - Connected to: Apache Hive (version 3.1.3)
[2025-03-21T13:53:55.025+0000] {subprocess.py:93} INFO - Driver: Hive JDBC (version 3.1.3)
[2025-03-21T13:53:55.026+0000] {subprocess.py:93} INFO - Transaction isolation: TRANSACTION_REPEATABLE_READ
[2025-03-21T13:53:56.116+0000] {subprocess.py:93} INFO - INFO  : Compiling command(queryId=root_20250321135355_33e89fc9-d53e-46c4-ad70-487fccbdfd68): CREATE EXTERNAL TABLE IF NOT EXISTS transactions (
[2025-03-21T13:53:56.119+0000] {subprocess.py:93} INFO -                 transaction_id STRING,
[2025-03-21T13:53:56.120+0000] {subprocess.py:93} INFO -                 date_time STRING,
[2025-03-21T13:53:56.120+0000] {subprocess.py:93} INFO -                 amount DOUBLE,
[2025-03-21T13:53:56.121+0000] {subprocess.py:93} INFO -                 currency STRING,
[2025-03-21T13:53:56.122+0000] {subprocess.py:93} INFO -                 merchant_details STRING,
[2025-03-21T13:53:56.123+0000] {subprocess.py:93} INFO -                 customer_id STRING,
[2025-03-21T13:53:56.124+0000] {subprocess.py:93} INFO -                 transaction_type STRING,
[2025-03-21T13:53:56.124+0000] {subprocess.py:93} INFO -                 location STRING
[2025-03-21T13:53:56.126+0000] {subprocess.py:93} INFO -             )
[2025-03-21T13:53:56.127+0000] {subprocess.py:93} INFO -             PARTITIONED BY (batch_id STRING)
[2025-03-21T13:53:56.128+0000] {subprocess.py:93} INFO -             STORED AS PARQUET
[2025-03-21T13:53:56.129+0000] {subprocess.py:93} INFO - INFO  : Concurrency mode is disabled, not creating a lock manager
[2025-03-21T13:53:56.129+0000] {subprocess.py:93} INFO - INFO  : Semantic Analysis Completed (retrial = false)
[2025-03-21T13:53:56.130+0000] {subprocess.py:93} INFO - INFO  : Returning Hive schema: Schema(fieldSchemas:null, properties:null)
[2025-03-21T13:53:56.131+0000] {subprocess.py:93} INFO - INFO  : Completed compiling command(queryId=root_20250321135355_33e89fc9-d53e-46c4-ad70-487fccbdfd68); Time taken: 0.203 seconds
[2025-03-21T13:53:56.132+0000] {subprocess.py:93} INFO - INFO  : Concurrency mode is disabled, not creating a lock manager
[2025-03-21T13:53:56.132+0000] {subprocess.py:93} INFO - INFO  : Executing command(queryId=root_20250321135355_33e89fc9-d53e-46c4-ad70-487fccbdfd68): CREATE EXTERNAL TABLE IF NOT EXISTS transactions (
[2025-03-21T13:53:56.133+0000] {subprocess.py:93} INFO -                 transaction_id STRING,
[2025-03-21T13:53:56.134+0000] {subprocess.py:93} INFO -                 date_time STRING,
[2025-03-21T13:53:56.134+0000] {subprocess.py:93} INFO -                 amount DOUBLE,
[2025-03-21T13:53:56.135+0000] {subprocess.py:93} INFO -                 currency STRING,
[2025-03-21T13:53:56.136+0000] {subprocess.py:93} INFO -                 merchant_details STRING,
[2025-03-21T13:53:56.137+0000] {subprocess.py:93} INFO -                 customer_id STRING,
[2025-03-21T13:53:56.138+0000] {subprocess.py:93} INFO -                 transaction_type STRING,
[2025-03-21T13:53:56.138+0000] {subprocess.py:93} INFO -                 location STRING
[2025-03-21T13:53:56.138+0000] {subprocess.py:93} INFO -             )
[2025-03-21T13:53:56.139+0000] {subprocess.py:93} INFO -             PARTITIONED BY (batch_id STRING)
[2025-03-21T13:53:56.139+0000] {subprocess.py:93} INFO -             STORED AS PARQUET
[2025-03-21T13:53:56.140+0000] {subprocess.py:93} INFO - INFO  : Completed executing command(queryId=root_20250321135355_33e89fc9-d53e-46c4-ad70-487fccbdfd68); Time taken: 0.001 seconds
[2025-03-21T13:53:56.140+0000] {subprocess.py:93} INFO - INFO  : OK
[2025-03-21T13:53:56.141+0000] {subprocess.py:93} INFO - INFO  : Concurrency mode is disabled, not creating a lock manager
[2025-03-21T13:53:56.141+0000] {subprocess.py:93} INFO - No rows affected (0.921 seconds)
[2025-03-21T13:53:57.231+0000] {subprocess.py:93} INFO - INFO  : Compiling command(queryId=root_20250321135356_2683a09e-9d10-4c5c-9f7b-1721c6a964a4): ALTER TABLE transactions ADD IF NOT EXISTS PARTITION (batch_id='batch_20250321_131230') LOCATION '/data/transactions/transactions_batch_20250321_131230'
[2025-03-21T13:53:57.233+0000] {subprocess.py:93} INFO - INFO  : Concurrency mode is disabled, not creating a lock manager
[2025-03-21T13:53:57.234+0000] {subprocess.py:93} INFO - INFO  : Semantic Analysis Completed (retrial = false)
[2025-03-21T13:53:57.235+0000] {subprocess.py:93} INFO - INFO  : Returning Hive schema: Schema(fieldSchemas:null, properties:null)
[2025-03-21T13:53:57.235+0000] {subprocess.py:93} INFO - INFO  : Completed compiling command(queryId=root_20250321135356_2683a09e-9d10-4c5c-9f7b-1721c6a964a4); Time taken: 0.092 seconds
[2025-03-21T13:53:57.236+0000] {subprocess.py:93} INFO - INFO  : Concurrency mode is disabled, not creating a lock manager
[2025-03-21T13:53:57.236+0000] {subprocess.py:93} INFO - INFO  : Executing command(queryId=root_20250321135356_2683a09e-9d10-4c5c-9f7b-1721c6a964a4): ALTER TABLE transactions ADD IF NOT EXISTS PARTITION (batch_id='batch_20250321_131230') LOCATION '/data/transactions/transactions_batch_20250321_131230'
[2025-03-21T13:53:57.237+0000] {subprocess.py:93} INFO - INFO  : Starting task [Stage-0:DDL] in serial mode
[2025-03-21T13:53:57.237+0000] {subprocess.py:93} INFO - INFO  : Completed executing command(queryId=root_20250321135356_2683a09e-9d10-4c5c-9f7b-1721c6a964a4); Time taken: 0.681 seconds
[2025-03-21T13:53:57.238+0000] {subprocess.py:93} INFO - INFO  : OK
[2025-03-21T13:53:57.238+0000] {subprocess.py:93} INFO - INFO  : Concurrency mode is disabled, not creating a lock manager
[2025-03-21T13:53:57.297+0000] {subprocess.py:93} INFO - No rows affected (1.087 seconds)
[2025-03-21T13:53:57.313+0000] {subprocess.py:93} INFO - Beeline version 3.1.3 by Apache Hive
[2025-03-21T13:53:57.417+0000] {subprocess.py:93} INFO - Closing: 0: jdbc:hive2://localhost:10000
[2025-03-21T13:53:56.555+0000] {subprocess.py:97} INFO - Command exited with return code 0
[2025-03-21T13:53:56.598+0000] {taskinstance.py:1398} INFO - Marking task as SUCCESS. dag_id=transactions_pipeline, task_id=create_hive_table_batch_20250321_131230, execution_date=20250321T134739, start_date=20250321T135327, end_date=20250321T135356
[2025-03-21T13:53:56.704+0000] {local_task_job_runner.py:228} INFO - Task exited with return code 0
[2025-03-21T13:53:56.883+0000] {taskinstance.py:2776} INFO - 1 downstream tasks scheduled from follow-on schedule check
