[2025-03-21T13:54:25.480+0000] {taskinstance.py:1157} INFO - Dependencies all met for dep_context=non-requeueable deps ti=<TaskInstance: transactions_pipeline.detect_fraud_batch_20250321_131625 scheduled__2025-03-21T13:47:39.231672+00:00 [queued]>
[2025-03-21T13:54:25.503+0000] {taskinstance.py:1157} INFO - Dependencies all met for dep_context=requeueable deps ti=<TaskInstance: transactions_pipeline.detect_fraud_batch_20250321_131625 scheduled__2025-03-21T13:47:39.231672+00:00 [queued]>
[2025-03-21T13:54:25.505+0000] {taskinstance.py:1359} INFO - Starting attempt 1 of 1
[2025-03-21T13:54:25.533+0000] {taskinstance.py:1380} INFO - Executing <Task(BashOperator): detect_fraud_batch_20250321_131625> on 2025-03-21 13:47:39.231672+00:00
[2025-03-21T13:54:25.542+0000] {standard_task_runner.py:57} INFO - Started process 1637 to run task
[2025-03-21T13:54:25.549+0000] {standard_task_runner.py:84} INFO - Running: ['***', 'tasks', 'run', 'transactions_pipeline', 'detect_fraud_batch_20250321_131625', 'scheduled__2025-03-21T13:47:39.231672+00:00', '--job-id', '742', '--raw', '--subdir', 'DAGS_FOLDER/fraud_detection_pipeline.py', '--cfg-path', '/tmp/tmpjnlybmz_']
[2025-03-21T13:54:25.553+0000] {standard_task_runner.py:85} INFO - Job 742: Subtask detect_fraud_batch_20250321_131625
[2025-03-21T13:54:25.645+0000] {task_command.py:415} INFO - Running <TaskInstance: transactions_pipeline.detect_fraud_batch_20250321_131625 scheduled__2025-03-21T13:47:39.231672+00:00 [running]> on host e95638583d4d
[2025-03-21T13:54:25.822+0000] {taskinstance.py:1660} INFO - Exporting env vars: AIRFLOW_CTX_DAG_EMAIL='rabiizahnoune7@gmail.com' AIRFLOW_CTX_DAG_OWNER='***' AIRFLOW_CTX_DAG_ID='transactions_pipeline' AIRFLOW_CTX_TASK_ID='detect_fraud_batch_20250321_131625' AIRFLOW_CTX_EXECUTION_DATE='2025-03-21T13:47:39.231672+00:00' AIRFLOW_CTX_TRY_NUMBER='1' AIRFLOW_CTX_DAG_RUN_ID='scheduled__2025-03-21T13:47:39.231672+00:00'
[2025-03-21T13:54:25.826+0000] {subprocess.py:63} INFO - Tmp dir root location: /tmp
[2025-03-21T13:54:25.828+0000] {subprocess.py:75} INFO - Running command: ['/bin/bash', '-c', '\n            docker exec hive spark-submit --master spark://localhost:7077 /hive/scripts/detect_fraud.py "batch_20250321_131625"\n            ']
[2025-03-21T13:54:25.853+0000] {subprocess.py:86} INFO - Output:
[2025-03-21T13:54:48.488+0000] {subprocess.py:93} INFO - 25/03/21 13:54:48 INFO SparkContext: Running Spark version 3.5.0
[2025-03-21T13:54:48.494+0000] {subprocess.py:93} INFO - 25/03/21 13:54:48 INFO SparkContext: OS info Linux, 5.15.167.4-microsoft-standard-WSL2, amd64
[2025-03-21T13:54:48.565+0000] {subprocess.py:93} INFO - 25/03/21 13:54:48 INFO SparkContext: Java version 1.8.0_342
[2025-03-21T13:54:49.167+0000] {subprocess.py:93} INFO - 25/03/21 13:54:49 WARN NativeCodeLoader: Unable to load native-hadoop library for your platform... using builtin-java classes where applicable
[2025-03-21T13:54:50.365+0000] {subprocess.py:93} INFO - 25/03/21 13:54:50 INFO ResourceUtils: ==============================================================
[2025-03-21T13:54:50.373+0000] {subprocess.py:93} INFO - 25/03/21 13:54:50 INFO ResourceUtils: No custom resources configured for spark.driver.
[2025-03-21T13:54:50.377+0000] {subprocess.py:93} INFO - 25/03/21 13:54:50 INFO ResourceUtils: ==============================================================
[2025-03-21T13:54:50.379+0000] {subprocess.py:93} INFO - 25/03/21 13:54:50 INFO SparkContext: Submitted application: FraudDetection
[2025-03-21T13:54:50.660+0000] {subprocess.py:93} INFO - 25/03/21 13:54:50 INFO ResourceProfile: Default ResourceProfile created, executor resources: Map(memory -> name: memory, amount: 1024, script: , vendor: , offHeap -> name: offHeap, amount: 0, script: , vendor: ), task resources: Map(cpus -> name: cpus, amount: 1.0)
[2025-03-21T13:54:50.782+0000] {subprocess.py:93} INFO - 25/03/21 13:54:50 INFO ResourceProfile: Limiting resource is cpu
[2025-03-21T13:54:50.787+0000] {subprocess.py:93} INFO - 25/03/21 13:54:50 INFO ResourceProfileManager: Added ResourceProfile id: 0
[2025-03-21T13:54:51.668+0000] {subprocess.py:93} INFO - 25/03/21 13:54:51 INFO SecurityManager: Changing view acls to: root
[2025-03-21T13:54:51.670+0000] {subprocess.py:93} INFO - 25/03/21 13:54:51 INFO SecurityManager: Changing modify acls to: root
[2025-03-21T13:54:51.675+0000] {subprocess.py:93} INFO - 25/03/21 13:54:51 INFO SecurityManager: Changing view acls groups to:
[2025-03-21T13:54:51.679+0000] {subprocess.py:93} INFO - 25/03/21 13:54:51 INFO SecurityManager: Changing modify acls groups to:
[2025-03-21T13:54:51.684+0000] {subprocess.py:93} INFO - 25/03/21 13:54:51 INFO SecurityManager: SecurityManager: authentication disabled; ui acls disabled; users with view permissions: root; groups with view permissions: EMPTY; users with modify permissions: root; groups with modify permissions: EMPTY
[2025-03-21T13:54:54.760+0000] {subprocess.py:93} INFO - 25/03/21 13:54:54 INFO Utils: Successfully started service 'sparkDriver' on port 45747.
[2025-03-21T13:54:53.735+0000] {subprocess.py:93} INFO - 25/03/21 13:54:53 INFO SparkEnv: Registering MapOutputTracker
[2025-03-21T13:54:54.206+0000] {subprocess.py:93} INFO - 25/03/21 13:54:54 INFO SparkEnv: Registering BlockManagerMaster
[2025-03-21T13:54:54.417+0000] {subprocess.py:93} INFO - 25/03/21 13:54:54 INFO BlockManagerMasterEndpoint: Using org.apache.spark.storage.DefaultTopologyMapper for getting topology information
[2025-03-21T13:54:54.418+0000] {subprocess.py:93} INFO - 25/03/21 13:54:54 INFO BlockManagerMasterEndpoint: BlockManagerMasterEndpoint up
[2025-03-21T13:54:54.433+0000] {subprocess.py:93} INFO - 25/03/21 13:54:54 INFO SparkEnv: Registering BlockManagerMasterHeartbeat
[2025-03-21T13:54:54.936+0000] {subprocess.py:93} INFO - 25/03/21 13:54:54 INFO DiskBlockManager: Created local directory at /tmp/blockmgr-c1ecdc7e-9894-41f6-b105-d43634183f2a
[2025-03-21T13:54:55.041+0000] {subprocess.py:93} INFO - 25/03/21 13:54:55 INFO MemoryStore: MemoryStore started with capacity 366.3 MiB
[2025-03-21T13:54:55.211+0000] {subprocess.py:93} INFO - 25/03/21 13:54:55 INFO SparkEnv: Registering OutputCommitCoordinator
[2025-03-21T13:54:56.438+0000] {subprocess.py:93} INFO - 25/03/21 13:54:56 INFO JettyUtils: Start Jetty 0.0.0.0:4040 for SparkUI
[2025-03-21T13:54:57.315+0000] {subprocess.py:93} INFO - 25/03/21 13:54:57 WARN Utils: Service 'SparkUI' could not bind on port 4040. Attempting port 4041.
[2025-03-21T13:54:57.415+0000] {subprocess.py:93} INFO - 25/03/21 13:54:57 INFO Utils: Successfully started service 'SparkUI' on port 4041.
[2025-03-21T13:54:59.932+0000] {subprocess.py:93} INFO - 25/03/21 13:54:59 INFO StandaloneAppClient$ClientEndpoint: Connecting to master spark://localhost:7077...
[2025-03-21T13:55:00.817+0000] {subprocess.py:93} INFO - 25/03/21 13:55:00 INFO TransportClientFactory: Successfully created connection to localhost/127.0.0.1:7077 after 597 ms (0 ms spent in bootstraps)
[2025-03-21T13:55:02.414+0000] {subprocess.py:93} INFO - 25/03/21 13:55:02 INFO StandaloneSchedulerBackend: Connected to Spark cluster with app ID app-20250321135502-0007
[2025-03-21T13:55:02.434+0000] {subprocess.py:93} INFO - 25/03/21 13:55:02 INFO Utils: Successfully started service 'org.apache.spark.network.netty.NettyBlockTransferService' on port 46045.
[2025-03-21T13:55:02.435+0000] {subprocess.py:93} INFO - 25/03/21 13:55:02 INFO NettyBlockTransferService: Server created on e0b25feeb0e2:46045
[2025-03-21T13:55:02.439+0000] {subprocess.py:93} INFO - 25/03/21 13:55:02 INFO BlockManager: Using org.apache.spark.storage.RandomBlockReplicationPolicy for block replication policy
[2025-03-21T13:55:02.522+0000] {subprocess.py:93} INFO - 25/03/21 13:55:02 INFO BlockManagerMaster: Registering BlockManager BlockManagerId(driver, e0b25feeb0e2, 46045, None)
[2025-03-21T13:55:02.534+0000] {subprocess.py:93} INFO - 25/03/21 13:55:02 INFO BlockManagerMasterEndpoint: Registering block manager e0b25feeb0e2:46045 with 366.3 MiB RAM, BlockManagerId(driver, e0b25feeb0e2, 46045, None)
[2025-03-21T13:55:02.612+0000] {subprocess.py:93} INFO - 25/03/21 13:55:02 INFO BlockManagerMaster: Registered BlockManager BlockManagerId(driver, e0b25feeb0e2, 46045, None)
[2025-03-21T13:55:02.613+0000] {subprocess.py:93} INFO - 25/03/21 13:55:02 INFO BlockManager: Initialized BlockManager: BlockManagerId(driver, e0b25feeb0e2, 46045, None)
[2025-03-21T13:55:04.813+0000] {subprocess.py:93} INFO - 25/03/21 13:55:04 INFO StandaloneSchedulerBackend: SchedulerBackend is ready for scheduling beginning after reached minRegisteredResourcesRatio: 0.0
[2025-03-21T13:55:07.317+0000] {subprocess.py:93} INFO - Spark version: 3.5.0
[2025-03-21T13:55:07.933+0000] {subprocess.py:93} INFO - 25/03/21 13:55:07 INFO SharedState: Setting hive.metastore.warehouse.dir ('null') to the value of spark.sql.warehouse.dir.
[2025-03-21T13:55:12.618+0000] {subprocess.py:93} INFO - 25/03/21 13:55:12 INFO SharedState: Warehouse path is 'hdfs://localhost:9000/data/warehouse'.
[2025-03-21T13:55:22.614+0000] {subprocess.py:93} INFO - 25/03/21 13:55:22 INFO InMemoryFileIndex: It took 596 ms to list leaf files for 1 paths.
[2025-03-21T13:55:27.875+0000] {subprocess.py:93} INFO - 25/03/21 13:55:27 INFO SparkContext: Starting job: parquet at NativeMethodAccessorImpl.java:0
[2025-03-21T13:55:28.278+0000] {subprocess.py:93} INFO - 25/03/21 13:55:28 INFO DAGScheduler: Got job 0 (parquet at NativeMethodAccessorImpl.java:0) with 1 output partitions
[2025-03-21T13:55:28.302+0000] {subprocess.py:93} INFO - 25/03/21 13:55:28 INFO DAGScheduler: Final stage: ResultStage 0 (parquet at NativeMethodAccessorImpl.java:0)
[2025-03-21T13:55:28.304+0000] {subprocess.py:93} INFO - 25/03/21 13:55:28 INFO DAGScheduler: Parents of final stage: List()
[2025-03-21T13:55:28.305+0000] {subprocess.py:93} INFO - 25/03/21 13:55:28 INFO DAGScheduler: Missing parents: List()
[2025-03-21T13:55:28.387+0000] {subprocess.py:93} INFO - 25/03/21 13:55:28 INFO DAGScheduler: Submitting ResultStage 0 (MapPartitionsRDD[1] at parquet at NativeMethodAccessorImpl.java:0), which has no missing parents
[2025-03-21T13:55:29.380+0000] {subprocess.py:93} INFO - 25/03/21 13:55:29 INFO MemoryStore: Block broadcast_0 stored as values in memory (estimated size 103.3 KiB, free 366.2 MiB)
[2025-03-21T13:55:30.225+0000] {subprocess.py:93} INFO - 25/03/21 13:55:30 INFO MemoryStore: Block broadcast_0_piece0 stored as bytes in memory (estimated size 37.2 KiB, free 366.2 MiB)
[2025-03-21T13:55:30.227+0000] {subprocess.py:93} INFO - 25/03/21 13:55:30 INFO BlockManagerInfo: Added broadcast_0_piece0 in memory on e0b25feeb0e2:46045 (size: 37.2 KiB, free: 366.3 MiB)
[2025-03-21T13:55:30.289+0000] {subprocess.py:93} INFO - 25/03/21 13:55:30 INFO SparkContext: Created broadcast 0 from broadcast at DAGScheduler.scala:1580
[2025-03-21T13:55:30.867+0000] {subprocess.py:93} INFO - 25/03/21 13:55:30 INFO DAGScheduler: Submitting 1 missing tasks from ResultStage 0 (MapPartitionsRDD[1] at parquet at NativeMethodAccessorImpl.java:0) (first 15 tasks are for partitions Vector(0))
[2025-03-21T13:55:30.869+0000] {subprocess.py:93} INFO - 25/03/21 13:55:30 INFO TaskSchedulerImpl: Adding task set 0.0 with 1 tasks resource profile 0
[2025-03-21T13:55:45.965+0000] {subprocess.py:93} INFO - 25/03/21 13:55:45 WARN TaskSchedulerImpl: Initial job has not accepted any resources; check your cluster UI to ensure that workers are registered and have sufficient resources
[2025-03-21T13:56:00.965+0000] {subprocess.py:93} INFO - 25/03/21 13:56:00 WARN TaskSchedulerImpl: Initial job has not accepted any resources; check your cluster UI to ensure that workers are registered and have sufficient resources
[2025-03-21T13:56:06.592+0000] {subprocess.py:93} INFO - 25/03/21 13:56:06 INFO StandaloneAppClient$ClientEndpoint: Executor added: app-20250321135502-0007/0 on worker-20250321134653-172.18.0.2-40107 (172.18.0.2:40107) with 2 core(s)
[2025-03-21T13:56:06.593+0000] {subprocess.py:93} INFO - 25/03/21 13:56:06 INFO StandaloneSchedulerBackend: Granted executor ID app-20250321135502-0007/0 on hostPort 172.18.0.2:40107 with 2 core(s), 1024.0 MiB RAM
[2025-03-21T13:56:06.899+0000] {subprocess.py:93} INFO - 25/03/21 13:56:06 INFO StandaloneAppClient$ClientEndpoint: Executor updated: app-20250321135502-0007/0 is now RUNNING
[2025-03-21T13:56:13.795+0000] {subprocess.py:93} INFO - 25/03/21 13:56:13 INFO StandaloneSchedulerBackend$StandaloneDriverEndpoint: Registered executor NettyRpcEndpointRef(spark-client://Executor) (172.18.0.2:45258) with ID 0,  ResourceProfileId 0
[2025-03-21T13:56:14.034+0000] {subprocess.py:93} INFO - 25/03/21 13:56:14 INFO BlockManagerMasterEndpoint: Registering block manager 172.18.0.2:46371 with 366.3 MiB RAM, BlockManagerId(0, 172.18.0.2, 46371, None)
[2025-03-21T13:56:14.303+0000] {subprocess.py:93} INFO - 25/03/21 13:56:14 INFO TaskSetManager: Starting task 0.0 in stage 0.0 (TID 0) (172.18.0.2, executor 0, partition 0, PROCESS_LOCAL, 7831 bytes)
[2025-03-21T13:56:15.331+0000] {subprocess.py:93} INFO - 25/03/21 13:56:15 INFO BlockManagerInfo: Added broadcast_0_piece0 in memory on 172.18.0.2:46371 (size: 37.2 KiB, free: 366.3 MiB)
[2025-03-21T13:56:19.623+0000] {subprocess.py:93} INFO - 25/03/21 13:56:19 INFO TaskSetManager: Finished task 0.0 in stage 0.0 (TID 0) in 5390 ms on 172.18.0.2 (executor 0) (1/1)
[2025-03-21T13:56:19.626+0000] {subprocess.py:93} INFO - 25/03/21 13:56:19 INFO TaskSchedulerImpl: Removed TaskSet 0.0, whose tasks have all completed, from pool
[2025-03-21T13:56:19.705+0000] {subprocess.py:93} INFO - 25/03/21 13:56:19 INFO DAGScheduler: ResultStage 0 (parquet at NativeMethodAccessorImpl.java:0) finished in 51.132 s
[2025-03-21T13:56:19.719+0000] {subprocess.py:93} INFO - 25/03/21 13:56:19 INFO DAGScheduler: Job 0 is finished. Cancelling potential speculative or zombie tasks for this job
[2025-03-21T13:56:19.721+0000] {subprocess.py:93} INFO - 25/03/21 13:56:19 INFO TaskSchedulerImpl: Killing all running tasks in stage 0: Stage finished
[2025-03-21T13:56:19.725+0000] {subprocess.py:93} INFO - 25/03/21 13:56:19 INFO DAGScheduler: Job 0 finished: parquet at NativeMethodAccessorImpl.java:0, took 53.214310 s
[2025-03-21T13:56:20.247+0000] {subprocess.py:93} INFO - 25/03/21 13:56:20 INFO BlockManagerInfo: Removed broadcast_0_piece0 on e0b25feeb0e2:46045 in memory (size: 37.2 KiB, free: 366.3 MiB)
[2025-03-21T13:56:20.328+0000] {subprocess.py:93} INFO - 25/03/21 13:56:20 INFO BlockManagerInfo: Removed broadcast_0_piece0 on 172.18.0.2:46371 in memory (size: 37.2 KiB, free: 366.3 MiB)
[2025-03-21T13:56:23.531+0000] {subprocess.py:93} INFO - 25/03/21 13:56:23 INFO FileSourceStrategy: Pushed Filters: IsNotNull(amount),GreaterThan(amount,1000.0)
[2025-03-21T13:56:23.538+0000] {subprocess.py:93} INFO - 25/03/21 13:56:23 INFO FileSourceStrategy: Post-Scan Filters: isnotnull(amount#2),(amount#2 > 1000.0)
[2025-03-21T13:56:23.741+0000] {subprocess.py:93} INFO - 25/03/21 13:56:23 INFO ParquetUtils: Using default output committer for Parquet: org.apache.parquet.hadoop.ParquetOutputCommitter
[2025-03-21T13:56:23.768+0000] {subprocess.py:93} INFO - 25/03/21 13:56:23 INFO FileOutputCommitter: File Output Committer Algorithm version is 1
[2025-03-21T13:56:23.769+0000] {subprocess.py:93} INFO - 25/03/21 13:56:23 INFO FileOutputCommitter: FileOutputCommitter skip cleanup _temporary folders under output directory:false, ignore cleanup failures: false
[2025-03-21T13:56:23.770+0000] {subprocess.py:93} INFO - 25/03/21 13:56:23 INFO SQLHadoopMapReduceCommitProtocol: Using user defined output committer class org.apache.parquet.hadoop.ParquetOutputCommitter
[2025-03-21T13:56:23.771+0000] {subprocess.py:93} INFO - 25/03/21 13:56:23 INFO FileOutputCommitter: File Output Committer Algorithm version is 1
[2025-03-21T13:56:23.771+0000] {subprocess.py:93} INFO - 25/03/21 13:56:23 INFO FileOutputCommitter: FileOutputCommitter skip cleanup _temporary folders under output directory:false, ignore cleanup failures: false
[2025-03-21T13:56:23.773+0000] {subprocess.py:93} INFO - 25/03/21 13:56:23 INFO SQLHadoopMapReduceCommitProtocol: Using output committer class org.apache.parquet.hadoop.ParquetOutputCommitter
[2025-03-21T13:56:24.465+0000] {subprocess.py:93} INFO - 25/03/21 13:56:24 INFO CodeGenerator: Code generated in 525.82854 ms
[2025-03-21T13:56:24.521+0000] {subprocess.py:93} INFO - 25/03/21 13:56:24 INFO MemoryStore: Block broadcast_1 stored as values in memory (estimated size 357.5 KiB, free 366.0 MiB)
[2025-03-21T13:56:24.541+0000] {subprocess.py:93} INFO - 25/03/21 13:56:24 INFO MemoryStore: Block broadcast_1_piece0 stored as bytes in memory (estimated size 35.2 KiB, free 365.9 MiB)
[2025-03-21T13:56:24.543+0000] {subprocess.py:93} INFO - 25/03/21 13:56:24 INFO BlockManagerInfo: Added broadcast_1_piece0 in memory on e0b25feeb0e2:46045 (size: 35.2 KiB, free: 366.3 MiB)
[2025-03-21T13:56:24.545+0000] {subprocess.py:93} INFO - 25/03/21 13:56:24 INFO SparkContext: Created broadcast 1 from parquet at NativeMethodAccessorImpl.java:0
[2025-03-21T13:56:24.574+0000] {subprocess.py:93} INFO - 25/03/21 13:56:24 INFO FileSourceScanExec: Planning scan with bin packing, max size: 4194304 bytes, open cost is considered as scanning 4194304 bytes.
[2025-03-21T13:56:24.660+0000] {subprocess.py:93} INFO - 25/03/21 13:56:24 INFO SparkContext: Starting job: parquet at NativeMethodAccessorImpl.java:0
[2025-03-21T13:56:24.664+0000] {subprocess.py:93} INFO - 25/03/21 13:56:24 INFO DAGScheduler: Got job 1 (parquet at NativeMethodAccessorImpl.java:0) with 1 output partitions
[2025-03-21T13:56:24.665+0000] {subprocess.py:93} INFO - 25/03/21 13:56:24 INFO DAGScheduler: Final stage: ResultStage 1 (parquet at NativeMethodAccessorImpl.java:0)
[2025-03-21T13:56:24.666+0000] {subprocess.py:93} INFO - 25/03/21 13:56:24 INFO DAGScheduler: Parents of final stage: List()
[2025-03-21T13:56:24.667+0000] {subprocess.py:93} INFO - 25/03/21 13:56:24 INFO DAGScheduler: Missing parents: List()
[2025-03-21T13:56:24.668+0000] {subprocess.py:93} INFO - 25/03/21 13:56:24 INFO DAGScheduler: Submitting ResultStage 1 (MapPartitionsRDD[5] at parquet at NativeMethodAccessorImpl.java:0), which has no missing parents
[2025-03-21T13:56:24.787+0000] {subprocess.py:93} INFO - 25/03/21 13:56:24 INFO MemoryStore: Block broadcast_2 stored as values in memory (estimated size 219.2 KiB, free 365.7 MiB)
[2025-03-21T13:56:24.951+0000] {subprocess.py:93} INFO - 25/03/21 13:56:24 INFO MemoryStore: Block broadcast_2_piece0 stored as bytes in memory (estimated size 77.4 KiB, free 365.6 MiB)
[2025-03-21T13:56:24.988+0000] {subprocess.py:93} INFO - 25/03/21 13:56:24 INFO BlockManagerInfo: Added broadcast_2_piece0 in memory on e0b25feeb0e2:46045 (size: 77.4 KiB, free: 366.2 MiB)
[2025-03-21T13:56:25.011+0000] {subprocess.py:93} INFO - 25/03/21 13:56:24 INFO SparkContext: Created broadcast 2 from broadcast at DAGScheduler.scala:1580
[2025-03-21T13:56:25.012+0000] {subprocess.py:93} INFO - 25/03/21 13:56:24 INFO DAGScheduler: Submitting 1 missing tasks from ResultStage 1 (MapPartitionsRDD[5] at parquet at NativeMethodAccessorImpl.java:0) (first 15 tasks are for partitions Vector(0))
[2025-03-21T13:56:25.013+0000] {subprocess.py:93} INFO - 25/03/21 13:56:24 INFO TaskSchedulerImpl: Adding task set 1.0 with 1 tasks resource profile 0
[2025-03-21T13:56:25.015+0000] {subprocess.py:93} INFO - 25/03/21 13:56:24 INFO TaskSetManager: Starting task 0.0 in stage 1.0 (TID 1) (172.18.0.2, executor 0, partition 0, ANY, 8299 bytes)
[2025-03-21T13:56:25.123+0000] {subprocess.py:93} INFO - 25/03/21 13:56:25 INFO BlockManagerInfo: Added broadcast_2_piece0 in memory on 172.18.0.2:46371 (size: 77.4 KiB, free: 366.2 MiB)
[2025-03-21T13:56:29.624+0000] {subprocess.py:93} INFO - 25/03/21 13:56:29 INFO BlockManagerInfo: Added broadcast_1_piece0 in memory on 172.18.0.2:46371 (size: 35.2 KiB, free: 366.2 MiB)
[2025-03-21T13:56:30.836+0000] {subprocess.py:93} INFO - 25/03/21 13:56:30 INFO TaskSetManager: Finished task 0.0 in stage 1.0 (TID 1) in 5972 ms on 172.18.0.2 (executor 0) (1/1)
[2025-03-21T13:56:30.837+0000] {subprocess.py:93} INFO - 25/03/21 13:56:30 INFO TaskSchedulerImpl: Removed TaskSet 1.0, whose tasks have all completed, from pool
[2025-03-21T13:56:30.842+0000] {subprocess.py:93} INFO - 25/03/21 13:56:30 INFO DAGScheduler: ResultStage 1 (parquet at NativeMethodAccessorImpl.java:0) finished in 6.159 s
[2025-03-21T13:56:30.844+0000] {subprocess.py:93} INFO - 25/03/21 13:56:30 INFO DAGScheduler: Job 1 is finished. Cancelling potential speculative or zombie tasks for this job
[2025-03-21T13:56:30.845+0000] {subprocess.py:93} INFO - 25/03/21 13:56:30 INFO TaskSchedulerImpl: Killing all running tasks in stage 1: Stage finished
[2025-03-21T13:56:30.845+0000] {subprocess.py:93} INFO - 25/03/21 13:56:30 INFO DAGScheduler: Job 1 finished: parquet at NativeMethodAccessorImpl.java:0, took 6.182176 s
[2025-03-21T13:56:30.848+0000] {subprocess.py:93} INFO - 25/03/21 13:56:30 INFO FileFormatWriter: Start to commit write Job 7a166816-bc2a-4a6a-9d7e-4c5e2d17b96e.
[2025-03-21T13:56:31.043+0000] {subprocess.py:93} INFO - 25/03/21 13:56:31 INFO FileFormatWriter: Write Job 7a166816-bc2a-4a6a-9d7e-4c5e2d17b96e committed. Elapsed time: 192 ms.
[2025-03-21T13:56:31.049+0000] {subprocess.py:93} INFO - 25/03/21 13:56:31 INFO FileFormatWriter: Finished processing stats for write job 7a166816-bc2a-4a6a-9d7e-4c5e2d17b96e.
[2025-03-21T13:56:31.058+0000] {subprocess.py:93} INFO - 25/03/21 13:56:31 INFO SparkContext: SparkContext is stopping with exitCode 0.
[2025-03-21T13:56:31.074+0000] {subprocess.py:93} INFO - 25/03/21 13:56:31 INFO SparkUI: Stopped Spark web UI at http://e0b25feeb0e2:4041
[2025-03-21T13:56:31.125+0000] {subprocess.py:93} INFO - 25/03/21 13:56:31 INFO StandaloneSchedulerBackend: Shutting down all executors
[2025-03-21T13:56:31.128+0000] {subprocess.py:93} INFO - 25/03/21 13:56:31 INFO StandaloneSchedulerBackend$StandaloneDriverEndpoint: Asking each executor to shut down
[2025-03-21T13:56:31.230+0000] {subprocess.py:93} INFO - 25/03/21 13:56:31 INFO MapOutputTrackerMasterEndpoint: MapOutputTrackerMasterEndpoint stopped!
[2025-03-21T13:56:31.256+0000] {subprocess.py:93} INFO - 25/03/21 13:56:31 INFO MemoryStore: MemoryStore cleared
[2025-03-21T13:56:31.258+0000] {subprocess.py:93} INFO - 25/03/21 13:56:31 INFO BlockManager: BlockManager stopped
[2025-03-21T13:56:31.333+0000] {subprocess.py:93} INFO - 25/03/21 13:56:31 INFO BlockManagerMaster: BlockManagerMaster stopped
[2025-03-21T13:56:31.337+0000] {subprocess.py:93} INFO - 25/03/21 13:56:31 INFO OutputCommitCoordinator$OutputCommitCoordinatorEndpoint: OutputCommitCoordinator stopped!
[2025-03-21T13:56:31.351+0000] {subprocess.py:93} INFO - 25/03/21 13:56:31 INFO SparkContext: Successfully stopped SparkContext
[2025-03-21T13:56:31.766+0000] {subprocess.py:93} INFO - 25/03/21 13:56:31 INFO ShutdownHookManager: Shutdown hook called
[2025-03-21T13:56:31.767+0000] {subprocess.py:93} INFO - 25/03/21 13:56:31 INFO ShutdownHookManager: Deleting directory /tmp/spark-af2a2f76-ce2b-48d0-b754-63970274b7a3
[2025-03-21T13:56:31.823+0000] {subprocess.py:93} INFO - 25/03/21 13:56:31 INFO ShutdownHookManager: Deleting directory /tmp/spark-af2a2f76-ce2b-48d0-b754-63970274b7a3/pyspark-92cf1316-c198-45c3-8fc7-e7afdd26e3d1
[2025-03-21T13:56:31.829+0000] {subprocess.py:93} INFO - 25/03/21 13:56:31 INFO ShutdownHookManager: Deleting directory /tmp/spark-9a320c13-8add-4b00-9ac2-46d59caa0584
[2025-03-21T13:56:32.170+0000] {subprocess.py:97} INFO - Command exited with return code 0
[2025-03-21T13:56:32.239+0000] {taskinstance.py:1398} INFO - Marking task as SUCCESS. dag_id=transactions_pipeline, task_id=detect_fraud_batch_20250321_131625, execution_date=20250321T134739, start_date=20250321T135425, end_date=20250321T135632
[2025-03-21T13:56:32.313+0000] {local_task_job_runner.py:228} INFO - Task exited with return code 0
[2025-03-21T13:56:32.356+0000] {taskinstance.py:2776} INFO - 1 downstream tasks scheduled from follow-on schedule check
