[2025-03-21T14:05:53.138+0000] {taskinstance.py:1157} INFO - Dependencies all met for dep_context=non-requeueable deps ti=<TaskInstance: transactions_pipeline.create_fraud_table_batch_20250321_140510 manual__2025-03-21T14:05:25.008554+00:00 [queued]>
[2025-03-21T14:05:53.159+0000] {taskinstance.py:1157} INFO - Dependencies all met for dep_context=requeueable deps ti=<TaskInstance: transactions_pipeline.create_fraud_table_batch_20250321_140510 manual__2025-03-21T14:05:25.008554+00:00 [queued]>
[2025-03-21T14:05:53.160+0000] {taskinstance.py:1359} INFO - Starting attempt 1 of 1
[2025-03-21T14:05:53.192+0000] {taskinstance.py:1380} INFO - Executing <Task(BashOperator): create_fraud_table_batch_20250321_140510> on 2025-03-21 14:05:25.008554+00:00
[2025-03-21T14:05:53.200+0000] {standard_task_runner.py:57} INFO - Started process 2574 to run task
[2025-03-21T14:05:53.204+0000] {standard_task_runner.py:84} INFO - Running: ['***', 'tasks', 'run', 'transactions_pipeline', 'create_fraud_table_batch_20250321_140510', 'manual__2025-03-21T14:05:25.008554+00:00', '--job-id', '762', '--raw', '--subdir', 'DAGS_FOLDER/fraud_detection_pipeline.py', '--cfg-path', '/tmp/tmpx0wap55e']
[2025-03-21T14:05:53.209+0000] {standard_task_runner.py:85} INFO - Job 762: Subtask create_fraud_table_batch_20250321_140510
[2025-03-21T14:05:53.287+0000] {task_command.py:415} INFO - Running <TaskInstance: transactions_pipeline.create_fraud_table_batch_20250321_140510 manual__2025-03-21T14:05:25.008554+00:00 [running]> on host e95638583d4d
[2025-03-21T14:05:53.436+0000] {taskinstance.py:1660} INFO - Exporting env vars: AIRFLOW_CTX_DAG_EMAIL='rabiizahnoune7@gmail.com' AIRFLOW_CTX_DAG_OWNER='***' AIRFLOW_CTX_DAG_ID='transactions_pipeline' AIRFLOW_CTX_TASK_ID='create_fraud_table_batch_20250321_140510' AIRFLOW_CTX_EXECUTION_DATE='2025-03-21T14:05:25.008554+00:00' AIRFLOW_CTX_TRY_NUMBER='1' AIRFLOW_CTX_DAG_RUN_ID='manual__2025-03-21T14:05:25.008554+00:00'
[2025-03-21T14:05:53.438+0000] {subprocess.py:63} INFO - Tmp dir root location: /tmp
[2025-03-21T14:05:53.439+0000] {subprocess.py:75} INFO - Running command: ['/bin/bash', '-c', '\n            docker exec hive beeline -u "jdbc:hive2://localhost:10000" -e "\n            CREATE EXTERNAL TABLE IF NOT EXISTS fraud_detections (\n                transaction_id STRING,\n                date_time STRING,\n                amount DOUBLE,\n                customer_id STRING,\n                location STRING,\n                fraud_reason STRING\n            )\n            STORED AS PARQUET\n            LOCATION \'/data/fraud_detections\';"\n            ']
[2025-03-21T14:05:53.452+0000] {subprocess.py:86} INFO - Output:
[2025-03-21T14:05:54.225+0000] {subprocess.py:93} INFO - SLF4J: Class path contains multiple SLF4J bindings.
[2025-03-21T14:05:54.226+0000] {subprocess.py:93} INFO - SLF4J: Found binding in [jar:file:/opt/hive/lib/log4j-slf4j-impl-2.17.1.jar!/org/slf4j/impl/StaticLoggerBinder.class]
[2025-03-21T14:05:54.227+0000] {subprocess.py:93} INFO - SLF4J: Found binding in [jar:file:/opt/hadoop/share/hadoop/common/lib/slf4j-log4j12-1.7.25.jar!/org/slf4j/impl/StaticLoggerBinder.class]
[2025-03-21T14:05:54.227+0000] {subprocess.py:93} INFO - SLF4J: See http://www.slf4j.org/codes.html#multiple_bindings for an explanation.
[2025-03-21T14:05:54.721+0000] {subprocess.py:93} INFO - SLF4J: Actual binding is of type [org.apache.logging.slf4j.Log4jLoggerFactory]
[2025-03-21T14:05:57.697+0000] {subprocess.py:93} INFO - Connecting to jdbc:hive2://localhost:10000
[2025-03-21T14:05:58.328+0000] {subprocess.py:93} INFO - Connected to: Apache Hive (version 3.1.3)
[2025-03-21T14:05:58.329+0000] {subprocess.py:93} INFO - Driver: Hive JDBC (version 3.1.3)
[2025-03-21T14:05:58.330+0000] {subprocess.py:93} INFO - Transaction isolation: TRANSACTION_REPEATABLE_READ
[2025-03-21T14:05:58.533+0000] {subprocess.py:93} INFO - INFO  : Compiling command(queryId=root_20250321140558_67f3f3b0-e658-4cf5-b223-e3100d10eb4a): CREATE EXTERNAL TABLE IF NOT EXISTS fraud_detections (
[2025-03-21T14:05:58.534+0000] {subprocess.py:93} INFO -                 transaction_id STRING,
[2025-03-21T14:05:58.535+0000] {subprocess.py:93} INFO -                 date_time STRING,
[2025-03-21T14:05:58.536+0000] {subprocess.py:93} INFO -                 amount DOUBLE,
[2025-03-21T14:05:58.537+0000] {subprocess.py:93} INFO -                 customer_id STRING,
[2025-03-21T14:05:58.537+0000] {subprocess.py:93} INFO -                 location STRING,
[2025-03-21T14:05:58.538+0000] {subprocess.py:93} INFO -                 fraud_reason STRING
[2025-03-21T14:05:58.538+0000] {subprocess.py:93} INFO -             )
[2025-03-21T14:05:58.539+0000] {subprocess.py:93} INFO -             STORED AS PARQUET
[2025-03-21T14:05:58.540+0000] {subprocess.py:93} INFO -             LOCATION '/data/fraud_detections'
[2025-03-21T14:05:58.540+0000] {subprocess.py:93} INFO - INFO  : Concurrency mode is disabled, not creating a lock manager
[2025-03-21T14:05:58.541+0000] {subprocess.py:93} INFO - INFO  : Semantic Analysis Completed (retrial = false)
[2025-03-21T14:05:58.541+0000] {subprocess.py:93} INFO - INFO  : Returning Hive schema: Schema(fieldSchemas:null, properties:null)
[2025-03-21T14:05:58.542+0000] {subprocess.py:93} INFO - INFO  : Completed compiling command(queryId=root_20250321140558_67f3f3b0-e658-4cf5-b223-e3100d10eb4a); Time taken: 0.057 seconds
[2025-03-21T14:05:58.542+0000] {subprocess.py:93} INFO - INFO  : Concurrency mode is disabled, not creating a lock manager
[2025-03-21T14:05:58.542+0000] {subprocess.py:93} INFO - INFO  : Executing command(queryId=root_20250321140558_67f3f3b0-e658-4cf5-b223-e3100d10eb4a): CREATE EXTERNAL TABLE IF NOT EXISTS fraud_detections (
[2025-03-21T14:05:58.543+0000] {subprocess.py:93} INFO -                 transaction_id STRING,
[2025-03-21T14:05:58.543+0000] {subprocess.py:93} INFO -                 date_time STRING,
[2025-03-21T14:05:58.544+0000] {subprocess.py:93} INFO -                 amount DOUBLE,
[2025-03-21T14:05:58.545+0000] {subprocess.py:93} INFO -                 customer_id STRING,
[2025-03-21T14:05:58.546+0000] {subprocess.py:93} INFO -                 location STRING,
[2025-03-21T14:05:58.547+0000] {subprocess.py:93} INFO -                 fraud_reason STRING
[2025-03-21T14:05:58.547+0000] {subprocess.py:93} INFO -             )
[2025-03-21T14:05:58.548+0000] {subprocess.py:93} INFO -             STORED AS PARQUET
[2025-03-21T14:05:58.548+0000] {subprocess.py:93} INFO -             LOCATION '/data/fraud_detections'
[2025-03-21T14:05:58.549+0000] {subprocess.py:93} INFO - INFO  : Completed executing command(queryId=root_20250321140558_67f3f3b0-e658-4cf5-b223-e3100d10eb4a); Time taken: 0.0 seconds
[2025-03-21T14:05:58.549+0000] {subprocess.py:93} INFO - INFO  : OK
[2025-03-21T14:05:58.550+0000] {subprocess.py:93} INFO - INFO  : Concurrency mode is disabled, not creating a lock manager
[2025-03-21T14:05:58.550+0000] {subprocess.py:93} INFO - No rows affected (0.129 seconds)
[2025-03-21T14:05:58.555+0000] {subprocess.py:93} INFO - Beeline version 3.1.3 by Apache Hive
[2025-03-21T14:05:58.559+0000] {subprocess.py:93} INFO - Closing: 0: jdbc:hive2://localhost:10000
[2025-03-21T14:05:58.598+0000] {subprocess.py:97} INFO - Command exited with return code 0
[2025-03-21T14:05:58.627+0000] {taskinstance.py:1398} INFO - Marking task as SUCCESS. dag_id=transactions_pipeline, task_id=create_fraud_table_batch_20250321_140510, execution_date=20250321T140525, start_date=20250321T140553, end_date=20250321T140558
[2025-03-21T14:05:58.685+0000] {local_task_job_runner.py:228} INFO - Task exited with return code 0
[2025-03-21T14:05:58.740+0000] {taskinstance.py:2776} INFO - 1 downstream tasks scheduled from follow-on schedule check
