[2025-03-19T17:31:59.645+0000] {taskinstance.py:1157} INFO - Dependencies all met for dep_context=non-requeueable deps ti=<TaskInstance: transactions_pipeline.create_hive_table manual__2025-03-19T17:31:49.614752+00:00 [queued]>
[2025-03-19T17:31:59.658+0000] {taskinstance.py:1157} INFO - Dependencies all met for dep_context=requeueable deps ti=<TaskInstance: transactions_pipeline.create_hive_table manual__2025-03-19T17:31:49.614752+00:00 [queued]>
[2025-03-19T17:31:59.660+0000] {taskinstance.py:1359} INFO - Starting attempt 1 of 1
[2025-03-19T17:31:59.691+0000] {taskinstance.py:1380} INFO - Executing <Task(BashOperator): create_hive_table> on 2025-03-19 17:31:49.614752+00:00
[2025-03-19T17:31:59.712+0000] {standard_task_runner.py:57} INFO - Started process 1141 to run task
[2025-03-19T17:31:59.718+0000] {standard_task_runner.py:84} INFO - Running: ['***', 'tasks', 'run', 'transactions_pipeline', 'create_hive_table', 'manual__2025-03-19T17:31:49.614752+00:00', '--job-id', '102', '--raw', '--subdir', 'DAGS_FOLDER/fraud_detection_pipeline.py', '--cfg-path', '/tmp/tmp0lb6qoyw']
[2025-03-19T17:31:59.724+0000] {standard_task_runner.py:85} INFO - Job 102: Subtask create_hive_table
[2025-03-19T17:31:59.905+0000] {task_command.py:415} INFO - Running <TaskInstance: transactions_pipeline.create_hive_table manual__2025-03-19T17:31:49.614752+00:00 [running]> on host 347688f31140
[2025-03-19T17:31:59.999+0000] {logging_mixin.py:151} WARNING - /home/***/.local/lib/python3.8/site-packages/***/utils/context.py:206 AirflowContextDeprecationWarning: Accessing 'execution_date' from the template is deprecated and will be removed in a future version. Please use 'data_interval_start' or 'logical_date' instead.
[2025-03-19T17:32:00.067+0000] {taskinstance.py:1660} INFO - Exporting env vars: AIRFLOW_CTX_DAG_OWNER='***' AIRFLOW_CTX_DAG_ID='transactions_pipeline' AIRFLOW_CTX_TASK_ID='create_hive_table' AIRFLOW_CTX_EXECUTION_DATE='2025-03-19T17:31:49.614752+00:00' AIRFLOW_CTX_TRY_NUMBER='1' AIRFLOW_CTX_DAG_RUN_ID='manual__2025-03-19T17:31:49.614752+00:00'
[2025-03-19T17:32:00.071+0000] {subprocess.py:63} INFO - Tmp dir root location: /tmp
[2025-03-19T17:32:00.072+0000] {subprocess.py:75} INFO - Running command: ['/bin/bash', '-c', '\n    docker exec hive beeline -u "jdbc:hive2://localhost:10000" --hiveconf hive.exec.dynamic.partition.mode=nonstrict -e "\n    CREATE EXTERNAL TABLE IF NOT EXISTS transactions (\n        transaction_id STRING,\n        date_time STRING,\n        amount DOUBLE,\n        currency STRING,\n        merchant_details STRING,\n        customer_id STRING,\n        transaction_type STRING,\n        location STRING\n    )\n    PARTITIONED BY (batch_id STRING)\n    STORED AS PARQUET\n    LOCATION \'/data/transactions/transactions_batch_0\';\n    ALTER TABLE transactions ADD IF NOT EXISTS PARTITION (batch_id=\'batch_20250319_173149\') LOCATION \'/data/transactions/transactions_batch_0\';"\n    ']
[2025-03-19T17:32:00.088+0000] {subprocess.py:86} INFO - Output:
[2025-03-19T17:32:01.573+0000] {subprocess.py:93} INFO - SLF4J: Class path contains multiple SLF4J bindings.
[2025-03-19T17:32:01.574+0000] {subprocess.py:93} INFO - SLF4J: Found binding in [jar:file:/opt/hive/lib/log4j-slf4j-impl-2.17.1.jar!/org/slf4j/impl/StaticLoggerBinder.class]
[2025-03-19T17:32:01.575+0000] {subprocess.py:93} INFO - SLF4J: Found binding in [jar:file:/opt/hadoop/share/hadoop/common/lib/slf4j-log4j12-1.7.25.jar!/org/slf4j/impl/StaticLoggerBinder.class]
[2025-03-19T17:32:01.576+0000] {subprocess.py:93} INFO - SLF4J: See http://www.slf4j.org/codes.html#multiple_bindings for an explanation.
[2025-03-19T17:32:01.721+0000] {subprocess.py:93} INFO - SLF4J: Actual binding is of type [org.apache.logging.slf4j.Log4jLoggerFactory]
[2025-03-19T17:32:03.009+0000] {subprocess.py:93} INFO - Connecting to jdbc:hive2://localhost:10000
[2025-03-19T17:32:03.218+0000] {subprocess.py:93} INFO - Connected to: Apache Hive (version 3.1.3)
[2025-03-19T17:32:03.219+0000] {subprocess.py:93} INFO - Driver: Hive JDBC (version 3.1.3)
[2025-03-19T17:32:03.220+0000] {subprocess.py:93} INFO - Transaction isolation: TRANSACTION_REPEATABLE_READ
[2025-03-19T17:32:03.300+0000] {subprocess.py:93} INFO - INFO  : Compiling command(queryId=root_20250319173203_238e5137-e61e-49f1-861e-80be5354d64f): CREATE EXTERNAL TABLE IF NOT EXISTS transactions (
[2025-03-19T17:32:03.301+0000] {subprocess.py:93} INFO -         transaction_id STRING,
[2025-03-19T17:32:03.303+0000] {subprocess.py:93} INFO -         date_time STRING,
[2025-03-19T17:32:03.303+0000] {subprocess.py:93} INFO -         amount DOUBLE,
[2025-03-19T17:32:03.304+0000] {subprocess.py:93} INFO -         currency STRING,
[2025-03-19T17:32:03.305+0000] {subprocess.py:93} INFO -         merchant_details STRING,
[2025-03-19T17:32:03.305+0000] {subprocess.py:93} INFO -         customer_id STRING,
[2025-03-19T17:32:03.305+0000] {subprocess.py:93} INFO -         transaction_type STRING,
[2025-03-19T17:32:03.306+0000] {subprocess.py:93} INFO -         location STRING
[2025-03-19T17:32:03.307+0000] {subprocess.py:93} INFO -     )
[2025-03-19T17:32:03.307+0000] {subprocess.py:93} INFO -     PARTITIONED BY (batch_id STRING)
[2025-03-19T17:32:03.308+0000] {subprocess.py:93} INFO -     STORED AS PARQUET
[2025-03-19T17:32:03.308+0000] {subprocess.py:93} INFO -     LOCATION '/data/transactions/transactions_batch_0'
[2025-03-19T17:32:03.309+0000] {subprocess.py:93} INFO - INFO  : Concurrency mode is disabled, not creating a lock manager
[2025-03-19T17:32:03.309+0000] {subprocess.py:93} INFO - INFO  : Semantic Analysis Completed (retrial = false)
[2025-03-19T17:32:03.310+0000] {subprocess.py:93} INFO - INFO  : Returning Hive schema: Schema(fieldSchemas:null, properties:null)
[2025-03-19T17:32:03.310+0000] {subprocess.py:93} INFO - INFO  : Completed compiling command(queryId=root_20250319173203_238e5137-e61e-49f1-861e-80be5354d64f); Time taken: 0.012 seconds
[2025-03-19T17:32:03.311+0000] {subprocess.py:93} INFO - INFO  : Concurrency mode is disabled, not creating a lock manager
[2025-03-19T17:32:03.311+0000] {subprocess.py:93} INFO - INFO  : Executing command(queryId=root_20250319173203_238e5137-e61e-49f1-861e-80be5354d64f): CREATE EXTERNAL TABLE IF NOT EXISTS transactions (
[2025-03-19T17:32:03.312+0000] {subprocess.py:93} INFO -         transaction_id STRING,
[2025-03-19T17:32:03.313+0000] {subprocess.py:93} INFO -         date_time STRING,
[2025-03-19T17:32:03.313+0000] {subprocess.py:93} INFO -         amount DOUBLE,
[2025-03-19T17:32:03.314+0000] {subprocess.py:93} INFO -         currency STRING,
[2025-03-19T17:32:03.314+0000] {subprocess.py:93} INFO -         merchant_details STRING,
[2025-03-19T17:32:03.315+0000] {subprocess.py:93} INFO -         customer_id STRING,
[2025-03-19T17:32:03.315+0000] {subprocess.py:93} INFO -         transaction_type STRING,
[2025-03-19T17:32:03.316+0000] {subprocess.py:93} INFO -         location STRING
[2025-03-19T17:32:03.316+0000] {subprocess.py:93} INFO -     )
[2025-03-19T17:32:03.317+0000] {subprocess.py:93} INFO -     PARTITIONED BY (batch_id STRING)
[2025-03-19T17:32:03.317+0000] {subprocess.py:93} INFO -     STORED AS PARQUET
[2025-03-19T17:32:03.317+0000] {subprocess.py:93} INFO -     LOCATION '/data/transactions/transactions_batch_0'
[2025-03-19T17:32:03.318+0000] {subprocess.py:93} INFO - INFO  : Completed executing command(queryId=root_20250319173203_238e5137-e61e-49f1-861e-80be5354d64f); Time taken: 0.002 seconds
[2025-03-19T17:32:03.318+0000] {subprocess.py:93} INFO - INFO  : OK
[2025-03-19T17:32:03.319+0000] {subprocess.py:93} INFO - INFO  : Concurrency mode is disabled, not creating a lock manager
[2025-03-19T17:32:03.319+0000] {subprocess.py:93} INFO - No rows affected (0.068 seconds)
[2025-03-19T17:32:03.403+0000] {subprocess.py:93} INFO - INFO  : Compiling command(queryId=root_20250319173203_aa174776-8d6a-4a5a-88e2-7792a1493206): ALTER TABLE transactions ADD IF NOT EXISTS PARTITION (batch_id='batch_20250319_173149') LOCATION '/data/transactions/transactions_batch_0'
[2025-03-19T17:32:03.404+0000] {subprocess.py:93} INFO - INFO  : Concurrency mode is disabled, not creating a lock manager
[2025-03-19T17:32:03.405+0000] {subprocess.py:93} INFO - INFO  : Semantic Analysis Completed (retrial = false)
[2025-03-19T17:32:03.405+0000] {subprocess.py:93} INFO - INFO  : Returning Hive schema: Schema(fieldSchemas:null, properties:null)
[2025-03-19T17:32:03.406+0000] {subprocess.py:93} INFO - INFO  : Completed compiling command(queryId=root_20250319173203_aa174776-8d6a-4a5a-88e2-7792a1493206); Time taken: 0.011 seconds
[2025-03-19T17:32:03.407+0000] {subprocess.py:93} INFO - INFO  : Concurrency mode is disabled, not creating a lock manager
[2025-03-19T17:32:03.407+0000] {subprocess.py:93} INFO - INFO  : Executing command(queryId=root_20250319173203_aa174776-8d6a-4a5a-88e2-7792a1493206): ALTER TABLE transactions ADD IF NOT EXISTS PARTITION (batch_id='batch_20250319_173149') LOCATION '/data/transactions/transactions_batch_0'
[2025-03-19T17:32:03.408+0000] {subprocess.py:93} INFO - INFO  : Starting task [Stage-0:DDL] in serial mode
[2025-03-19T17:32:03.408+0000] {subprocess.py:93} INFO - INFO  : Completed executing command(queryId=root_20250319173203_aa174776-8d6a-4a5a-88e2-7792a1493206); Time taken: 0.064 seconds
[2025-03-19T17:32:03.408+0000] {subprocess.py:93} INFO - INFO  : OK
[2025-03-19T17:32:03.409+0000] {subprocess.py:93} INFO - INFO  : Concurrency mode is disabled, not creating a lock manager
[2025-03-19T17:32:03.410+0000] {subprocess.py:93} INFO - No rows affected (0.086 seconds)
[2025-03-19T17:32:03.410+0000] {subprocess.py:93} INFO - Beeline version 3.1.3 by Apache Hive
[2025-03-19T17:32:03.414+0000] {subprocess.py:93} INFO - Closing: 0: jdbc:hive2://localhost:10000
[2025-03-19T17:32:03.451+0000] {subprocess.py:97} INFO - Command exited with return code 0
[2025-03-19T17:32:03.477+0000] {taskinstance.py:1398} INFO - Marking task as SUCCESS. dag_id=transactions_pipeline, task_id=create_hive_table, execution_date=20250319T173149, start_date=20250319T173159, end_date=20250319T173203
[2025-03-19T17:32:03.527+0000] {local_task_job_runner.py:228} INFO - Task exited with return code 0
[2025-03-19T17:32:03.552+0000] {taskinstance.py:2776} INFO - 1 downstream tasks scheduled from follow-on schedule check
