[2025-03-19T20:31:36.219+0000] {taskinstance.py:1157} INFO - Dependencies all met for dep_context=non-requeueable deps ti=<TaskInstance: transactions_pipeline.create_hive_table manual__2025-03-19T20:31:22.765572+00:00 [queued]>
[2025-03-19T20:31:36.233+0000] {taskinstance.py:1157} INFO - Dependencies all met for dep_context=requeueable deps ti=<TaskInstance: transactions_pipeline.create_hive_table manual__2025-03-19T20:31:22.765572+00:00 [queued]>
[2025-03-19T20:31:36.234+0000] {taskinstance.py:1359} INFO - Starting attempt 1 of 1
[2025-03-19T20:31:36.253+0000] {taskinstance.py:1380} INFO - Executing <Task(BashOperator): create_hive_table> on 2025-03-19 20:31:22.765572+00:00
[2025-03-19T20:31:36.259+0000] {standard_task_runner.py:57} INFO - Started process 240 to run task
[2025-03-19T20:31:36.266+0000] {standard_task_runner.py:84} INFO - Running: ['***', 'tasks', 'run', 'transactions_pipeline', 'create_hive_table', 'manual__2025-03-19T20:31:22.765572+00:00', '--job-id', '169', '--raw', '--subdir', 'DAGS_FOLDER/fraud_detection_pipeline.py', '--cfg-path', '/tmp/tmpfz2mou9p']
[2025-03-19T20:31:36.270+0000] {standard_task_runner.py:85} INFO - Job 169: Subtask create_hive_table
[2025-03-19T20:31:36.382+0000] {task_command.py:415} INFO - Running <TaskInstance: transactions_pipeline.create_hive_table manual__2025-03-19T20:31:22.765572+00:00 [running]> on host 94b82ef3515c
[2025-03-19T20:31:36.502+0000] {logging_mixin.py:151} WARNING - /home/***/.local/lib/python3.8/site-packages/***/utils/context.py:206 AirflowContextDeprecationWarning: Accessing 'execution_date' from the template is deprecated and will be removed in a future version. Please use 'data_interval_start' or 'logical_date' instead.
[2025-03-19T20:31:36.594+0000] {taskinstance.py:1660} INFO - Exporting env vars: AIRFLOW_CTX_DAG_OWNER='***' AIRFLOW_CTX_DAG_ID='transactions_pipeline' AIRFLOW_CTX_TASK_ID='create_hive_table' AIRFLOW_CTX_EXECUTION_DATE='2025-03-19T20:31:22.765572+00:00' AIRFLOW_CTX_TRY_NUMBER='1' AIRFLOW_CTX_DAG_RUN_ID='manual__2025-03-19T20:31:22.765572+00:00'
[2025-03-19T20:31:36.596+0000] {subprocess.py:63} INFO - Tmp dir root location: /tmp
[2025-03-19T20:31:36.598+0000] {subprocess.py:75} INFO - Running command: ['/bin/bash', '-c', '\n    docker exec hive beeline -u "jdbc:hive2://localhost:10000" --hiveconf hive.exec.dynamic.partition.mode=nonstrict -e "\n    CREATE EXTERNAL TABLE IF NOT EXISTS transactions (\n        transaction_id STRING,\n        date_time STRING,\n        amount DOUBLE,\n        currency STRING,\n        merchant_details STRING,\n        customer_id STRING,\n        transaction_type STRING,\n        location STRING\n    )\n    PARTITIONED BY (batch_id STRING)\n    STORED AS PARQUET\n    LOCATION \'/data/transactions/transactions_batch_0\';\n    ALTER TABLE transactions ADD IF NOT EXISTS PARTITION (batch_id=\'batch_20250319_203122\') LOCATION \'/data/transactions/transactions_batch_0\';"\n    ']
[2025-03-19T20:31:36.614+0000] {subprocess.py:86} INFO - Output:
[2025-03-19T20:31:38.437+0000] {subprocess.py:93} INFO - SLF4J: Class path contains multiple SLF4J bindings.
[2025-03-19T20:31:38.439+0000] {subprocess.py:93} INFO - SLF4J: Found binding in [jar:file:/opt/hive/lib/log4j-slf4j-impl-2.17.1.jar!/org/slf4j/impl/StaticLoggerBinder.class]
[2025-03-19T20:31:38.440+0000] {subprocess.py:93} INFO - SLF4J: Found binding in [jar:file:/opt/hadoop/share/hadoop/common/lib/slf4j-log4j12-1.7.25.jar!/org/slf4j/impl/StaticLoggerBinder.class]
[2025-03-19T20:31:38.441+0000] {subprocess.py:93} INFO - SLF4J: See http://www.slf4j.org/codes.html#multiple_bindings for an explanation.
[2025-03-19T20:31:38.839+0000] {subprocess.py:93} INFO - SLF4J: Actual binding is of type [org.apache.logging.slf4j.Log4jLoggerFactory]
[2025-03-19T20:31:40.571+0000] {subprocess.py:93} INFO - Connecting to jdbc:hive2://localhost:10000
[2025-03-19T20:31:40.838+0000] {subprocess.py:93} INFO - Connected to: Apache Hive (version 3.1.3)
[2025-03-19T20:31:40.839+0000] {subprocess.py:93} INFO - Driver: Hive JDBC (version 3.1.3)
[2025-03-19T20:31:40.840+0000] {subprocess.py:93} INFO - Transaction isolation: TRANSACTION_REPEATABLE_READ
[2025-03-19T20:31:41.644+0000] {subprocess.py:93} INFO - INFO  : Compiling command(queryId=root_20250319203140_a2843bde-ec67-4a12-9ad9-38e04530320b): CREATE EXTERNAL TABLE IF NOT EXISTS transactions (
[2025-03-19T20:31:41.646+0000] {subprocess.py:93} INFO -         transaction_id STRING,
[2025-03-19T20:31:41.646+0000] {subprocess.py:93} INFO -         date_time STRING,
[2025-03-19T20:31:41.647+0000] {subprocess.py:93} INFO -         amount DOUBLE,
[2025-03-19T20:31:41.648+0000] {subprocess.py:93} INFO -         currency STRING,
[2025-03-19T20:31:41.648+0000] {subprocess.py:93} INFO -         merchant_details STRING,
[2025-03-19T20:31:41.649+0000] {subprocess.py:93} INFO -         customer_id STRING,
[2025-03-19T20:31:41.649+0000] {subprocess.py:93} INFO -         transaction_type STRING,
[2025-03-19T20:31:41.650+0000] {subprocess.py:93} INFO -         location STRING
[2025-03-19T20:31:41.650+0000] {subprocess.py:93} INFO -     )
[2025-03-19T20:31:41.651+0000] {subprocess.py:93} INFO -     PARTITIONED BY (batch_id STRING)
[2025-03-19T20:31:41.651+0000] {subprocess.py:93} INFO -     STORED AS PARQUET
[2025-03-19T20:31:41.652+0000] {subprocess.py:93} INFO -     LOCATION '/data/transactions/transactions_batch_0'
[2025-03-19T20:31:41.652+0000] {subprocess.py:93} INFO - INFO  : Concurrency mode is disabled, not creating a lock manager
[2025-03-19T20:31:41.653+0000] {subprocess.py:93} INFO - INFO  : Semantic Analysis Completed (retrial = false)
[2025-03-19T20:31:41.653+0000] {subprocess.py:93} INFO - INFO  : Returning Hive schema: Schema(fieldSchemas:null, properties:null)
[2025-03-19T20:31:41.653+0000] {subprocess.py:93} INFO - INFO  : Completed compiling command(queryId=root_20250319203140_a2843bde-ec67-4a12-9ad9-38e04530320b); Time taken: 0.356 seconds
[2025-03-19T20:31:41.654+0000] {subprocess.py:93} INFO - INFO  : Concurrency mode is disabled, not creating a lock manager
[2025-03-19T20:31:41.654+0000] {subprocess.py:93} INFO - INFO  : Executing command(queryId=root_20250319203140_a2843bde-ec67-4a12-9ad9-38e04530320b): CREATE EXTERNAL TABLE IF NOT EXISTS transactions (
[2025-03-19T20:31:41.656+0000] {subprocess.py:93} INFO -         transaction_id STRING,
[2025-03-19T20:31:41.657+0000] {subprocess.py:93} INFO -         date_time STRING,
[2025-03-19T20:31:41.657+0000] {subprocess.py:93} INFO -         amount DOUBLE,
[2025-03-19T20:31:41.658+0000] {subprocess.py:93} INFO -         currency STRING,
[2025-03-19T20:31:41.658+0000] {subprocess.py:93} INFO -         merchant_details STRING,
[2025-03-19T20:31:41.659+0000] {subprocess.py:93} INFO -         customer_id STRING,
[2025-03-19T20:31:41.659+0000] {subprocess.py:93} INFO -         transaction_type STRING,
[2025-03-19T20:31:41.660+0000] {subprocess.py:93} INFO -         location STRING
[2025-03-19T20:31:41.660+0000] {subprocess.py:93} INFO -     )
[2025-03-19T20:31:41.661+0000] {subprocess.py:93} INFO -     PARTITIONED BY (batch_id STRING)
[2025-03-19T20:31:41.661+0000] {subprocess.py:93} INFO -     STORED AS PARQUET
[2025-03-19T20:31:41.662+0000] {subprocess.py:93} INFO -     LOCATION '/data/transactions/transactions_batch_0'
[2025-03-19T20:31:41.662+0000] {subprocess.py:93} INFO - INFO  : Starting task [Stage-0:DDL] in serial mode
[2025-03-19T20:31:41.663+0000] {subprocess.py:93} INFO - INFO  : Completed executing command(queryId=root_20250319203140_a2843bde-ec67-4a12-9ad9-38e04530320b); Time taken: 0.35 seconds
[2025-03-19T20:31:41.663+0000] {subprocess.py:93} INFO - INFO  : OK
[2025-03-19T20:31:41.664+0000] {subprocess.py:93} INFO - INFO  : Concurrency mode is disabled, not creating a lock manager
[2025-03-19T20:31:41.664+0000] {subprocess.py:93} INFO - No rows affected (0.781 seconds)
[2025-03-19T20:31:42.172+0000] {subprocess.py:93} INFO - INFO  : Compiling command(queryId=root_20250319203141_485e304c-aff5-44aa-b4ac-ec280a76dbea): ALTER TABLE transactions ADD IF NOT EXISTS PARTITION (batch_id='batch_20250319_203122') LOCATION '/data/transactions/transactions_batch_0'
[2025-03-19T20:31:42.173+0000] {subprocess.py:93} INFO - INFO  : Concurrency mode is disabled, not creating a lock manager
[2025-03-19T20:31:42.174+0000] {subprocess.py:93} INFO - INFO  : Semantic Analysis Completed (retrial = false)
[2025-03-19T20:31:42.174+0000] {subprocess.py:93} INFO - INFO  : Returning Hive schema: Schema(fieldSchemas:null, properties:null)
[2025-03-19T20:31:42.175+0000] {subprocess.py:93} INFO - INFO  : Completed compiling command(queryId=root_20250319203141_485e304c-aff5-44aa-b4ac-ec280a76dbea); Time taken: 0.312 seconds
[2025-03-19T20:31:42.176+0000] {subprocess.py:93} INFO - INFO  : Concurrency mode is disabled, not creating a lock manager
[2025-03-19T20:31:42.176+0000] {subprocess.py:93} INFO - INFO  : Executing command(queryId=root_20250319203141_485e304c-aff5-44aa-b4ac-ec280a76dbea): ALTER TABLE transactions ADD IF NOT EXISTS PARTITION (batch_id='batch_20250319_203122') LOCATION '/data/transactions/transactions_batch_0'
[2025-03-19T20:31:42.177+0000] {subprocess.py:93} INFO - INFO  : Starting task [Stage-0:DDL] in serial mode
[2025-03-19T20:31:42.177+0000] {subprocess.py:93} INFO - INFO  : Completed executing command(queryId=root_20250319203141_485e304c-aff5-44aa-b4ac-ec280a76dbea); Time taken: 0.174 seconds
[2025-03-19T20:31:42.178+0000] {subprocess.py:93} INFO - INFO  : OK
[2025-03-19T20:31:42.179+0000] {subprocess.py:93} INFO - INFO  : Concurrency mode is disabled, not creating a lock manager
[2025-03-19T20:31:42.180+0000] {subprocess.py:93} INFO - No rows affected (0.51 seconds)
[2025-03-19T20:31:42.182+0000] {subprocess.py:93} INFO - Beeline version 3.1.3 by Apache Hive
[2025-03-19T20:31:42.188+0000] {subprocess.py:93} INFO - Closing: 0: jdbc:hive2://localhost:10000
[2025-03-19T20:31:42.273+0000] {subprocess.py:97} INFO - Command exited with return code 0
[2025-03-19T20:31:42.311+0000] {taskinstance.py:1398} INFO - Marking task as SUCCESS. dag_id=transactions_pipeline, task_id=create_hive_table, execution_date=20250319T203122, start_date=20250319T203136, end_date=20250319T203142
[2025-03-19T20:31:42.356+0000] {local_task_job_runner.py:228} INFO - Task exited with return code 0
[2025-03-19T20:31:42.392+0000] {taskinstance.py:2776} INFO - 1 downstream tasks scheduled from follow-on schedule check
