[2025-03-21T13:32:51.623+0000] {taskinstance.py:1157} INFO - Dependencies all met for dep_context=non-requeueable deps ti=<TaskInstance: transactions_pipeline.create_hive_table_batch_20250321_131230 manual__2025-03-21T13:31:53.143260+00:00 [queued]>
[2025-03-21T13:32:51.703+0000] {taskinstance.py:1157} INFO - Dependencies all met for dep_context=requeueable deps ti=<TaskInstance: transactions_pipeline.create_hive_table_batch_20250321_131230 manual__2025-03-21T13:31:53.143260+00:00 [queued]>
[2025-03-21T13:32:51.706+0000] {taskinstance.py:1359} INFO - Starting attempt 1 of 1
[2025-03-21T13:32:51.816+0000] {taskinstance.py:1380} INFO - Executing <Task(BashOperator): create_hive_table_batch_20250321_131230> on 2025-03-21 13:31:53.143260+00:00
[2025-03-21T13:32:51.834+0000] {standard_task_runner.py:57} INFO - Started process 2444 to run task
[2025-03-21T13:32:51.857+0000] {standard_task_runner.py:84} INFO - Running: ['***', 'tasks', 'run', 'transactions_pipeline', 'create_hive_table_batch_20250321_131230', 'manual__2025-03-21T13:31:53.143260+00:00', '--job-id', '640', '--raw', '--subdir', 'DAGS_FOLDER/fraud_detection_pipeline.py', '--cfg-path', '/tmp/tmp95uomicm']
[2025-03-21T13:32:51.871+0000] {standard_task_runner.py:85} INFO - Job 640: Subtask create_hive_table_batch_20250321_131230
[2025-03-21T13:32:52.123+0000] {task_command.py:415} INFO - Running <TaskInstance: transactions_pipeline.create_hive_table_batch_20250321_131230 manual__2025-03-21T13:31:53.143260+00:00 [running]> on host 1b7c3466167a
[2025-03-21T13:32:52.666+0000] {taskinstance.py:1660} INFO - Exporting env vars: AIRFLOW_CTX_DAG_EMAIL='rabiizahnoune7@gmail.com' AIRFLOW_CTX_DAG_OWNER='***' AIRFLOW_CTX_DAG_ID='transactions_pipeline' AIRFLOW_CTX_TASK_ID='create_hive_table_batch_20250321_131230' AIRFLOW_CTX_EXECUTION_DATE='2025-03-21T13:31:53.143260+00:00' AIRFLOW_CTX_TRY_NUMBER='1' AIRFLOW_CTX_DAG_RUN_ID='manual__2025-03-21T13:31:53.143260+00:00'
[2025-03-21T13:32:52.677+0000] {subprocess.py:63} INFO - Tmp dir root location: /tmp
[2025-03-21T13:32:52.694+0000] {subprocess.py:75} INFO - Running command: ['/bin/bash', '-c', '\n            docker exec hive beeline -u "jdbc:hive2://localhost:10000" --hiveconf hive.exec.dynamic.partition.mode=nonstrict -e "\n            CREATE EXTERNAL TABLE IF NOT EXISTS transactions (\n                transaction_id STRING,\n                date_time STRING,\n                amount DOUBLE,\n                currency STRING,\n                merchant_details STRING,\n                customer_id STRING,\n                transaction_type STRING,\n                location STRING\n            )\n            PARTITIONED BY (batch_id STRING)\n            STORED AS PARQUET;\n            ALTER TABLE transactions ADD IF NOT EXISTS PARTITION (batch_id=\'batch_20250321_131230\') LOCATION \'/data/transactions/transactions_batch_20250321_131230\';"\n            ']
[2025-03-21T13:32:52.737+0000] {subprocess.py:86} INFO - Output:
[2025-03-21T13:33:25.051+0000] {subprocess.py:93} INFO - SLF4J: Class path contains multiple SLF4J bindings.
[2025-03-21T13:33:25.053+0000] {subprocess.py:93} INFO - SLF4J: Found binding in [jar:file:/opt/hive/lib/log4j-slf4j-impl-2.17.1.jar!/org/slf4j/impl/StaticLoggerBinder.class]
[2025-03-21T13:33:25.054+0000] {subprocess.py:93} INFO - SLF4J: Found binding in [jar:file:/opt/hadoop/share/hadoop/common/lib/slf4j-log4j12-1.7.25.jar!/org/slf4j/impl/StaticLoggerBinder.class]
[2025-03-21T13:33:25.055+0000] {subprocess.py:93} INFO - SLF4J: See http://www.slf4j.org/codes.html#multiple_bindings for an explanation.
[2025-03-21T13:33:28.350+0000] {subprocess.py:93} INFO - SLF4J: Actual binding is of type [org.apache.logging.slf4j.Log4jLoggerFactory]
[2025-03-21T13:33:43.564+0000] {subprocess.py:93} INFO - Connecting to jdbc:hive2://localhost:10000
[2025-03-21T13:33:46.227+0000] {subprocess.py:93} INFO - Connected to: Apache Hive (version 3.1.3)
[2025-03-21T13:33:46.229+0000] {subprocess.py:93} INFO - Driver: Hive JDBC (version 3.1.3)
[2025-03-21T13:33:46.229+0000] {subprocess.py:93} INFO - Transaction isolation: TRANSACTION_REPEATABLE_READ
[2025-03-21T13:33:47.915+0000] {subprocess.py:93} INFO - INFO  : Compiling command(queryId=root_20250321133346_f8ceac14-a7be-4e97-bdcf-0ed681c47d45): CREATE EXTERNAL TABLE IF NOT EXISTS transactions (
[2025-03-21T13:33:47.952+0000] {subprocess.py:93} INFO -                 transaction_id STRING,
[2025-03-21T13:33:47.968+0000] {subprocess.py:93} INFO -                 date_time STRING,
[2025-03-21T13:33:47.974+0000] {subprocess.py:93} INFO -                 amount DOUBLE,
[2025-03-21T13:33:47.975+0000] {subprocess.py:93} INFO -                 currency STRING,
[2025-03-21T13:33:47.976+0000] {subprocess.py:93} INFO -                 merchant_details STRING,
[2025-03-21T13:33:47.977+0000] {subprocess.py:93} INFO -                 customer_id STRING,
[2025-03-21T13:33:47.978+0000] {subprocess.py:93} INFO -                 transaction_type STRING,
[2025-03-21T13:33:47.978+0000] {subprocess.py:93} INFO -                 location STRING
[2025-03-21T13:33:48.001+0000] {subprocess.py:93} INFO -             )
[2025-03-21T13:33:48.009+0000] {subprocess.py:93} INFO -             PARTITIONED BY (batch_id STRING)
[2025-03-21T13:33:48.014+0000] {subprocess.py:93} INFO -             STORED AS PARQUET
[2025-03-21T13:33:48.020+0000] {subprocess.py:93} INFO - INFO  : Concurrency mode is disabled, not creating a lock manager
[2025-03-21T13:33:48.021+0000] {subprocess.py:93} INFO - INFO  : Semantic Analysis Completed (retrial = false)
[2025-03-21T13:33:48.022+0000] {subprocess.py:93} INFO - INFO  : Returning Hive schema: Schema(fieldSchemas:null, properties:null)
[2025-03-21T13:33:48.022+0000] {subprocess.py:93} INFO - INFO  : Completed compiling command(queryId=root_20250321133346_f8ceac14-a7be-4e97-bdcf-0ed681c47d45); Time taken: 0.43 seconds
[2025-03-21T13:33:48.023+0000] {subprocess.py:93} INFO - INFO  : Concurrency mode is disabled, not creating a lock manager
[2025-03-21T13:33:48.024+0000] {subprocess.py:93} INFO - INFO  : Executing command(queryId=root_20250321133346_f8ceac14-a7be-4e97-bdcf-0ed681c47d45): CREATE EXTERNAL TABLE IF NOT EXISTS transactions (
[2025-03-21T13:33:48.025+0000] {subprocess.py:93} INFO -                 transaction_id STRING,
[2025-03-21T13:33:48.026+0000] {subprocess.py:93} INFO -                 date_time STRING,
[2025-03-21T13:33:48.026+0000] {subprocess.py:93} INFO -                 amount DOUBLE,
[2025-03-21T13:33:48.027+0000] {subprocess.py:93} INFO -                 currency STRING,
[2025-03-21T13:33:48.028+0000] {subprocess.py:93} INFO -                 merchant_details STRING,
[2025-03-21T13:33:48.029+0000] {subprocess.py:93} INFO -                 customer_id STRING,
[2025-03-21T13:33:48.029+0000] {subprocess.py:93} INFO -                 transaction_type STRING,
[2025-03-21T13:33:48.030+0000] {subprocess.py:93} INFO -                 location STRING
[2025-03-21T13:33:48.031+0000] {subprocess.py:93} INFO -             )
[2025-03-21T13:33:48.031+0000] {subprocess.py:93} INFO -             PARTITIONED BY (batch_id STRING)
[2025-03-21T13:33:48.032+0000] {subprocess.py:93} INFO -             STORED AS PARQUET
[2025-03-21T13:33:48.033+0000] {subprocess.py:93} INFO - INFO  : Completed executing command(queryId=root_20250321133346_f8ceac14-a7be-4e97-bdcf-0ed681c47d45); Time taken: 0.024 seconds
[2025-03-21T13:33:48.033+0000] {subprocess.py:93} INFO - INFO  : OK
[2025-03-21T13:33:48.034+0000] {subprocess.py:93} INFO - INFO  : Concurrency mode is disabled, not creating a lock manager
[2025-03-21T13:33:48.036+0000] {subprocess.py:93} INFO - No rows affected (1.127 seconds)
[2025-03-21T13:33:49.647+0000] {subprocess.py:93} INFO - INFO  : Compiling command(queryId=root_20250321133348_ce9a1733-9206-4b86-ab44-84b6e5d12e45): ALTER TABLE transactions ADD IF NOT EXISTS PARTITION (batch_id='batch_20250321_131230') LOCATION '/data/transactions/transactions_batch_20250321_131230'
[2025-03-21T13:33:49.651+0000] {subprocess.py:93} INFO - INFO  : Concurrency mode is disabled, not creating a lock manager
[2025-03-21T13:33:49.658+0000] {subprocess.py:93} INFO - INFO  : Semantic Analysis Completed (retrial = false)
[2025-03-21T13:33:49.659+0000] {subprocess.py:93} INFO - INFO  : Returning Hive schema: Schema(fieldSchemas:null, properties:null)
[2025-03-21T13:33:49.664+0000] {subprocess.py:93} INFO - INFO  : Completed compiling command(queryId=root_20250321133348_ce9a1733-9206-4b86-ab44-84b6e5d12e45); Time taken: 0.205 seconds
[2025-03-21T13:33:49.667+0000] {subprocess.py:93} INFO - INFO  : Concurrency mode is disabled, not creating a lock manager
[2025-03-21T13:33:49.669+0000] {subprocess.py:93} INFO - INFO  : Executing command(queryId=root_20250321133348_ce9a1733-9206-4b86-ab44-84b6e5d12e45): ALTER TABLE transactions ADD IF NOT EXISTS PARTITION (batch_id='batch_20250321_131230') LOCATION '/data/transactions/transactions_batch_20250321_131230'
[2025-03-21T13:33:49.669+0000] {subprocess.py:93} INFO - INFO  : Starting task [Stage-0:DDL] in serial mode
[2025-03-21T13:33:49.842+0000] {subprocess.py:93} INFO - INFO  : Completed executing command(queryId=root_20250321133348_ce9a1733-9206-4b86-ab44-84b6e5d12e45); Time taken: 0.595 seconds
[2025-03-21T13:33:49.844+0000] {subprocess.py:93} INFO - INFO  : OK
[2025-03-21T13:33:49.845+0000] {subprocess.py:93} INFO - INFO  : Concurrency mode is disabled, not creating a lock manager
[2025-03-21T13:33:49.947+0000] {subprocess.py:93} INFO - No rows affected (1.508 seconds)
[2025-03-21T13:33:49.964+0000] {subprocess.py:93} INFO - Beeline version 3.1.3 by Apache Hive
[2025-03-21T13:33:50.122+0000] {subprocess.py:93} INFO - Closing: 0: jdbc:hive2://localhost:10000
[2025-03-21T13:33:50.610+0000] {subprocess.py:97} INFO - Command exited with return code 0
[2025-03-21T13:33:50.661+0000] {taskinstance.py:1398} INFO - Marking task as SUCCESS. dag_id=transactions_pipeline, task_id=create_hive_table_batch_20250321_131230, execution_date=20250321T133153, start_date=20250321T133251, end_date=20250321T133350
[2025-03-21T13:33:50.733+0000] {local_task_job_runner.py:228} INFO - Task exited with return code 0
[2025-03-21T13:33:50.778+0000] {taskinstance.py:2776} INFO - 1 downstream tasks scheduled from follow-on schedule check
