[2025-03-19T20:17:59.343+0000] {taskinstance.py:1157} INFO - Dependencies all met for dep_context=non-requeueable deps ti=<TaskInstance: transactions_pipeline.create_hive_table manual__2025-03-19T20:17:47.616983+00:00 [queued]>
[2025-03-19T20:17:59.357+0000] {taskinstance.py:1157} INFO - Dependencies all met for dep_context=requeueable deps ti=<TaskInstance: transactions_pipeline.create_hive_table manual__2025-03-19T20:17:47.616983+00:00 [queued]>
[2025-03-19T20:17:59.358+0000] {taskinstance.py:1359} INFO - Starting attempt 1 of 1
[2025-03-19T20:17:59.378+0000] {taskinstance.py:1380} INFO - Executing <Task(BashOperator): create_hive_table> on 2025-03-19 20:17:47.616983+00:00
[2025-03-19T20:17:59.386+0000] {standard_task_runner.py:57} INFO - Started process 660 to run task
[2025-03-19T20:17:59.392+0000] {standard_task_runner.py:84} INFO - Running: ['***', 'tasks', 'run', 'transactions_pipeline', 'create_hive_table', 'manual__2025-03-19T20:17:47.616983+00:00', '--job-id', '163', '--raw', '--subdir', 'DAGS_FOLDER/fraud_detection_pipeline.py', '--cfg-path', '/tmp/tmpd46ldh2a']
[2025-03-19T20:17:59.399+0000] {standard_task_runner.py:85} INFO - Job 163: Subtask create_hive_table
[2025-03-19T20:17:59.479+0000] {task_command.py:415} INFO - Running <TaskInstance: transactions_pipeline.create_hive_table manual__2025-03-19T20:17:47.616983+00:00 [running]> on host 0e4ef2b1f1f9
[2025-03-19T20:17:59.560+0000] {logging_mixin.py:151} WARNING - /home/***/.local/lib/python3.8/site-packages/***/utils/context.py:206 AirflowContextDeprecationWarning: Accessing 'execution_date' from the template is deprecated and will be removed in a future version. Please use 'data_interval_start' or 'logical_date' instead.
[2025-03-19T20:17:59.638+0000] {taskinstance.py:1660} INFO - Exporting env vars: AIRFLOW_CTX_DAG_OWNER='***' AIRFLOW_CTX_DAG_ID='transactions_pipeline' AIRFLOW_CTX_TASK_ID='create_hive_table' AIRFLOW_CTX_EXECUTION_DATE='2025-03-19T20:17:47.616983+00:00' AIRFLOW_CTX_TRY_NUMBER='1' AIRFLOW_CTX_DAG_RUN_ID='manual__2025-03-19T20:17:47.616983+00:00'
[2025-03-19T20:17:59.642+0000] {subprocess.py:63} INFO - Tmp dir root location: /tmp
[2025-03-19T20:17:59.644+0000] {subprocess.py:75} INFO - Running command: ['/bin/bash', '-c', '\n    docker exec hive beeline -u "jdbc:hive2://localhost:10000" --hiveconf hive.exec.dynamic.partition.mode=nonstrict -e "\n    CREATE EXTERNAL TABLE IF NOT EXISTS transactions (\n        transaction_id STRING,\n        date_time STRING,\n        amount DOUBLE,\n        currency STRING,\n        merchant_details STRING,\n        customer_id STRING,\n        transaction_type STRING,\n        location STRING\n    )\n    PARTITIONED BY (batch_id STRING)\n    STORED AS PARQUET\n    LOCATION \'/data/transactions/transactions_batch_0\';\n    ALTER TABLE transactions ADD IF NOT EXISTS PARTITION (batch_id=\'batch_20250319_201747\') LOCATION \'/data/transactions/transactions_batch_0\';"\n    ']
[2025-03-19T20:17:59.668+0000] {subprocess.py:86} INFO - Output:
[2025-03-19T20:18:01.038+0000] {subprocess.py:93} INFO - SLF4J: Class path contains multiple SLF4J bindings.
[2025-03-19T20:18:01.039+0000] {subprocess.py:93} INFO - SLF4J: Found binding in [jar:file:/opt/hive/lib/log4j-slf4j-impl-2.17.1.jar!/org/slf4j/impl/StaticLoggerBinder.class]
[2025-03-19T20:18:01.041+0000] {subprocess.py:93} INFO - SLF4J: Found binding in [jar:file:/opt/hadoop/share/hadoop/common/lib/slf4j-log4j12-1.7.25.jar!/org/slf4j/impl/StaticLoggerBinder.class]
[2025-03-19T20:18:01.042+0000] {subprocess.py:93} INFO - SLF4J: See http://www.slf4j.org/codes.html#multiple_bindings for an explanation.
[2025-03-19T20:18:01.249+0000] {subprocess.py:93} INFO - SLF4J: Actual binding is of type [org.apache.logging.slf4j.Log4jLoggerFactory]
[2025-03-19T20:18:02.836+0000] {subprocess.py:93} INFO - Connecting to jdbc:hive2://localhost:10000
[2025-03-19T20:18:03.117+0000] {subprocess.py:93} INFO - Connected to: Apache Hive (version 3.1.3)
[2025-03-19T20:18:03.118+0000] {subprocess.py:93} INFO - Driver: Hive JDBC (version 3.1.3)
[2025-03-19T20:18:03.118+0000] {subprocess.py:93} INFO - Transaction isolation: TRANSACTION_REPEATABLE_READ
[2025-03-19T20:18:03.413+0000] {subprocess.py:93} INFO - INFO  : Compiling command(queryId=root_20250319201803_2d3bccda-df20-4957-80c3-425c93ea6890): CREATE EXTERNAL TABLE IF NOT EXISTS transactions (
[2025-03-19T20:18:03.414+0000] {subprocess.py:93} INFO -         transaction_id STRING,
[2025-03-19T20:18:03.416+0000] {subprocess.py:93} INFO -         date_time STRING,
[2025-03-19T20:18:03.420+0000] {subprocess.py:93} INFO -         amount DOUBLE,
[2025-03-19T20:18:03.423+0000] {subprocess.py:93} INFO -         currency STRING,
[2025-03-19T20:18:03.424+0000] {subprocess.py:93} INFO -         merchant_details STRING,
[2025-03-19T20:18:03.425+0000] {subprocess.py:93} INFO -         customer_id STRING,
[2025-03-19T20:18:03.426+0000] {subprocess.py:93} INFO -         transaction_type STRING,
[2025-03-19T20:18:03.427+0000] {subprocess.py:93} INFO -         location STRING
[2025-03-19T20:18:03.427+0000] {subprocess.py:93} INFO -     )
[2025-03-19T20:18:03.428+0000] {subprocess.py:93} INFO -     PARTITIONED BY (batch_id STRING)
[2025-03-19T20:18:03.429+0000] {subprocess.py:93} INFO -     STORED AS PARQUET
[2025-03-19T20:18:03.429+0000] {subprocess.py:93} INFO -     LOCATION '/data/transactions/transactions_batch_0'
[2025-03-19T20:18:03.430+0000] {subprocess.py:93} INFO - INFO  : Concurrency mode is disabled, not creating a lock manager
[2025-03-19T20:18:03.437+0000] {subprocess.py:93} INFO - INFO  : Semantic Analysis Completed (retrial = false)
[2025-03-19T20:18:03.438+0000] {subprocess.py:93} INFO - INFO  : Returning Hive schema: Schema(fieldSchemas:null, properties:null)
[2025-03-19T20:18:03.438+0000] {subprocess.py:93} INFO - INFO  : Completed compiling command(queryId=root_20250319201803_2d3bccda-df20-4957-80c3-425c93ea6890); Time taken: 0.086 seconds
[2025-03-19T20:18:03.439+0000] {subprocess.py:93} INFO - INFO  : Concurrency mode is disabled, not creating a lock manager
[2025-03-19T20:18:03.439+0000] {subprocess.py:93} INFO - INFO  : Executing command(queryId=root_20250319201803_2d3bccda-df20-4957-80c3-425c93ea6890): CREATE EXTERNAL TABLE IF NOT EXISTS transactions (
[2025-03-19T20:18:03.440+0000] {subprocess.py:93} INFO -         transaction_id STRING,
[2025-03-19T20:18:03.440+0000] {subprocess.py:93} INFO -         date_time STRING,
[2025-03-19T20:18:03.440+0000] {subprocess.py:93} INFO -         amount DOUBLE,
[2025-03-19T20:18:03.441+0000] {subprocess.py:93} INFO -         currency STRING,
[2025-03-19T20:18:03.442+0000] {subprocess.py:93} INFO -         merchant_details STRING,
[2025-03-19T20:18:03.442+0000] {subprocess.py:93} INFO -         customer_id STRING,
[2025-03-19T20:18:03.443+0000] {subprocess.py:93} INFO -         transaction_type STRING,
[2025-03-19T20:18:03.443+0000] {subprocess.py:93} INFO -         location STRING
[2025-03-19T20:18:03.444+0000] {subprocess.py:93} INFO -     )
[2025-03-19T20:18:03.445+0000] {subprocess.py:93} INFO -     PARTITIONED BY (batch_id STRING)
[2025-03-19T20:18:03.446+0000] {subprocess.py:93} INFO -     STORED AS PARQUET
[2025-03-19T20:18:03.446+0000] {subprocess.py:93} INFO -     LOCATION '/data/transactions/transactions_batch_0'
[2025-03-19T20:18:03.447+0000] {subprocess.py:93} INFO - INFO  : Completed executing command(queryId=root_20250319201803_2d3bccda-df20-4957-80c3-425c93ea6890); Time taken: 0.0 seconds
[2025-03-19T20:18:03.448+0000] {subprocess.py:93} INFO - INFO  : OK
[2025-03-19T20:18:03.448+0000] {subprocess.py:93} INFO - INFO  : Concurrency mode is disabled, not creating a lock manager
[2025-03-19T20:18:03.449+0000] {subprocess.py:93} INFO - No rows affected (0.192 seconds)
[2025-03-19T20:18:03.612+0000] {subprocess.py:93} INFO - INFO  : Compiling command(queryId=root_20250319201803_0697c92f-38b5-419b-9e3c-9f5e919c205d): ALTER TABLE transactions ADD IF NOT EXISTS PARTITION (batch_id='batch_20250319_201747') LOCATION '/data/transactions/transactions_batch_0'
[2025-03-19T20:18:03.613+0000] {subprocess.py:93} INFO - INFO  : Concurrency mode is disabled, not creating a lock manager
[2025-03-19T20:18:03.615+0000] {subprocess.py:93} INFO - INFO  : Semantic Analysis Completed (retrial = false)
[2025-03-19T20:18:03.617+0000] {subprocess.py:93} INFO - INFO  : Returning Hive schema: Schema(fieldSchemas:null, properties:null)
[2025-03-19T20:18:03.617+0000] {subprocess.py:93} INFO - INFO  : Completed compiling command(queryId=root_20250319201803_0697c92f-38b5-419b-9e3c-9f5e919c205d); Time taken: 0.021 seconds
[2025-03-19T20:18:03.618+0000] {subprocess.py:93} INFO - INFO  : Concurrency mode is disabled, not creating a lock manager
[2025-03-19T20:18:03.619+0000] {subprocess.py:93} INFO - INFO  : Executing command(queryId=root_20250319201803_0697c92f-38b5-419b-9e3c-9f5e919c205d): ALTER TABLE transactions ADD IF NOT EXISTS PARTITION (batch_id='batch_20250319_201747') LOCATION '/data/transactions/transactions_batch_0'
[2025-03-19T20:18:03.620+0000] {subprocess.py:93} INFO - INFO  : Starting task [Stage-0:DDL] in serial mode
[2025-03-19T20:18:03.621+0000] {subprocess.py:93} INFO - INFO  : Completed executing command(queryId=root_20250319201803_0697c92f-38b5-419b-9e3c-9f5e919c205d); Time taken: 0.123 seconds
[2025-03-19T20:18:03.621+0000] {subprocess.py:93} INFO - INFO  : OK
[2025-03-19T20:18:03.622+0000] {subprocess.py:93} INFO - INFO  : Concurrency mode is disabled, not creating a lock manager
[2025-03-19T20:18:03.623+0000] {subprocess.py:93} INFO - No rows affected (0.162 seconds)
[2025-03-19T20:18:03.625+0000] {subprocess.py:93} INFO - Beeline version 3.1.3 by Apache Hive
[2025-03-19T20:18:03.633+0000] {subprocess.py:93} INFO - Closing: 0: jdbc:hive2://localhost:10000
[2025-03-19T20:18:03.695+0000] {subprocess.py:97} INFO - Command exited with return code 0
[2025-03-19T20:18:03.742+0000] {taskinstance.py:1398} INFO - Marking task as SUCCESS. dag_id=transactions_pipeline, task_id=create_hive_table, execution_date=20250319T201747, start_date=20250319T201759, end_date=20250319T201803
[2025-03-19T20:18:03.820+0000] {local_task_job_runner.py:228} INFO - Task exited with return code 0
[2025-03-19T20:18:03.864+0000] {taskinstance.py:2776} INFO - 1 downstream tasks scheduled from follow-on schedule check
