[2025-03-19T17:32:04.757+0000] {taskinstance.py:1157} INFO - Dependencies all met for dep_context=non-requeueable deps ti=<TaskInstance: transactions_pipeline.detect_fraud manual__2025-03-19T17:31:49.614752+00:00 [queued]>
[2025-03-19T17:32:04.767+0000] {taskinstance.py:1157} INFO - Dependencies all met for dep_context=requeueable deps ti=<TaskInstance: transactions_pipeline.detect_fraud manual__2025-03-19T17:31:49.614752+00:00 [queued]>
[2025-03-19T17:32:04.767+0000] {taskinstance.py:1359} INFO - Starting attempt 1 of 1
[2025-03-19T17:32:04.783+0000] {taskinstance.py:1380} INFO - Executing <Task(BashOperator): detect_fraud> on 2025-03-19 17:31:49.614752+00:00
[2025-03-19T17:32:04.790+0000] {standard_task_runner.py:57} INFO - Started process 1160 to run task
[2025-03-19T17:32:04.794+0000] {standard_task_runner.py:84} INFO - Running: ['***', 'tasks', 'run', 'transactions_pipeline', 'detect_fraud', 'manual__2025-03-19T17:31:49.614752+00:00', '--job-id', '103', '--raw', '--subdir', 'DAGS_FOLDER/fraud_detection_pipeline.py', '--cfg-path', '/tmp/tmpjim9izmq']
[2025-03-19T17:32:04.797+0000] {standard_task_runner.py:85} INFO - Job 103: Subtask detect_fraud
[2025-03-19T17:32:04.881+0000] {task_command.py:415} INFO - Running <TaskInstance: transactions_pipeline.detect_fraud manual__2025-03-19T17:31:49.614752+00:00 [running]> on host 347688f31140
[2025-03-19T17:32:04.966+0000] {logging_mixin.py:151} WARNING - /home/***/.local/lib/python3.8/site-packages/***/utils/context.py:206 AirflowContextDeprecationWarning: Accessing 'execution_date' from the template is deprecated and will be removed in a future version. Please use 'data_interval_start' or 'logical_date' instead.
[2025-03-19T17:32:05.012+0000] {taskinstance.py:1660} INFO - Exporting env vars: AIRFLOW_CTX_DAG_OWNER='***' AIRFLOW_CTX_DAG_ID='transactions_pipeline' AIRFLOW_CTX_TASK_ID='detect_fraud' AIRFLOW_CTX_EXECUTION_DATE='2025-03-19T17:31:49.614752+00:00' AIRFLOW_CTX_TRY_NUMBER='1' AIRFLOW_CTX_DAG_RUN_ID='manual__2025-03-19T17:31:49.614752+00:00'
[2025-03-19T17:32:05.014+0000] {subprocess.py:63} INFO - Tmp dir root location: /tmp
[2025-03-19T17:32:05.016+0000] {subprocess.py:75} INFO - Running command: ['/bin/bash', '-c', '\n    docker exec hive beeline -u "jdbc:hive2://localhost:10000" -e "\n    CREATE TABLE IF NOT EXISTS fraud_detections (\n        transaction_id STRING,\n        date_time STRING,\n        amount DOUBLE,\n        customer_id STRING,\n        location STRING,\n        fraud_reason STRING\n    )\n    STORED AS PARQUET;\n    INSERT INTO TABLE fraud_detections\n    SELECT\n        t.transaction_id,\n        t.date_time,\n        t.amount,\n        t.customer_id,\n        t.location,\n        CASE\n            WHEN t.amount > 1000 THEN \'High Amount\'\n            WHEN COUNT(*) OVER (PARTITION BY t.customer_id ORDER BY t.date_time RANGE BETWEEN INTERVAL \'1\' HOUR PRECEDING AND CURRENT ROW) > 10 THEN \'High Frequency\'\n            WHEN t.location NOT IN (\'City1\', \'City2\', \'City3\') THEN \'Unusual Location\'\n            WHEN t.merchant_details IN (SELECT merchant_id FROM blacklist) THEN \'Blacklisted Merchant\'\n            WHEN fr.fraud_count > 3 THEN \'High Fraud History\'\n        END AS fraud_reason\n    FROM transactions t\n    LEFT JOIN fraud_reports fr ON t.customer_id = fr.customer_id\n    WHERE t.batch_id = \'batch_20250319_173149\'\n    HAVING fraud_reason IS NOT NULL;"\n    ']
[2025-03-19T17:32:05.030+0000] {subprocess.py:86} INFO - Output:
[2025-03-19T17:32:03.799+0000] {subprocess.py:93} INFO - SLF4J: Class path contains multiple SLF4J bindings.
[2025-03-19T17:32:03.800+0000] {subprocess.py:93} INFO - SLF4J: Found binding in [jar:file:/opt/hive/lib/log4j-slf4j-impl-2.17.1.jar!/org/slf4j/impl/StaticLoggerBinder.class]
[2025-03-19T17:32:03.801+0000] {subprocess.py:93} INFO - SLF4J: Found binding in [jar:file:/opt/hadoop/share/hadoop/common/lib/slf4j-log4j12-1.7.25.jar!/org/slf4j/impl/StaticLoggerBinder.class]
[2025-03-19T17:32:03.802+0000] {subprocess.py:93} INFO - SLF4J: See http://www.slf4j.org/codes.html#multiple_bindings for an explanation.
[2025-03-19T17:32:04.001+0000] {subprocess.py:93} INFO - SLF4J: Actual binding is of type [org.apache.logging.slf4j.Log4jLoggerFactory]
[2025-03-19T17:32:05.273+0000] {subprocess.py:93} INFO - Connecting to jdbc:hive2://localhost:10000
[2025-03-19T17:32:05.493+0000] {subprocess.py:93} INFO - Connected to: Apache Hive (version 3.1.3)
[2025-03-19T17:32:05.494+0000] {subprocess.py:93} INFO - Driver: Hive JDBC (version 3.1.3)
[2025-03-19T17:32:05.494+0000] {subprocess.py:93} INFO - Transaction isolation: TRANSACTION_REPEATABLE_READ
[2025-03-19T17:32:05.593+0000] {subprocess.py:93} INFO - INFO  : Compiling command(queryId=root_20250319173205_41097c74-35b9-4151-8b71-23c07e81f733): CREATE TABLE IF NOT EXISTS fraud_detections (
[2025-03-19T17:32:05.594+0000] {subprocess.py:93} INFO -         transaction_id STRING,
[2025-03-19T17:32:05.595+0000] {subprocess.py:93} INFO -         date_time STRING,
[2025-03-19T17:32:05.595+0000] {subprocess.py:93} INFO -         amount DOUBLE,
[2025-03-19T17:32:05.596+0000] {subprocess.py:93} INFO -         customer_id STRING,
[2025-03-19T17:32:05.596+0000] {subprocess.py:93} INFO -         location STRING,
[2025-03-19T17:32:05.597+0000] {subprocess.py:93} INFO -         fraud_reason STRING
[2025-03-19T17:32:05.598+0000] {subprocess.py:93} INFO -     )
[2025-03-19T17:32:05.598+0000] {subprocess.py:93} INFO -     STORED AS PARQUET
[2025-03-19T17:32:05.599+0000] {subprocess.py:93} INFO - INFO  : Concurrency mode is disabled, not creating a lock manager
[2025-03-19T17:32:05.600+0000] {subprocess.py:93} INFO - INFO  : Semantic Analysis Completed (retrial = false)
[2025-03-19T17:32:05.600+0000] {subprocess.py:93} INFO - INFO  : Returning Hive schema: Schema(fieldSchemas:null, properties:null)
[2025-03-19T17:32:05.601+0000] {subprocess.py:93} INFO - INFO  : Completed compiling command(queryId=root_20250319173205_41097c74-35b9-4151-8b71-23c07e81f733); Time taken: 0.004 seconds
[2025-03-19T17:32:05.601+0000] {subprocess.py:93} INFO - INFO  : Concurrency mode is disabled, not creating a lock manager
[2025-03-19T17:32:05.602+0000] {subprocess.py:93} INFO - INFO  : Executing command(queryId=root_20250319173205_41097c74-35b9-4151-8b71-23c07e81f733): CREATE TABLE IF NOT EXISTS fraud_detections (
[2025-03-19T17:32:05.602+0000] {subprocess.py:93} INFO -         transaction_id STRING,
[2025-03-19T17:32:05.603+0000] {subprocess.py:93} INFO -         date_time STRING,
[2025-03-19T17:32:05.603+0000] {subprocess.py:93} INFO -         amount DOUBLE,
[2025-03-19T17:32:05.604+0000] {subprocess.py:93} INFO -         customer_id STRING,
[2025-03-19T17:32:05.604+0000] {subprocess.py:93} INFO -         location STRING,
[2025-03-19T17:32:05.604+0000] {subprocess.py:93} INFO -         fraud_reason STRING
[2025-03-19T17:32:05.605+0000] {subprocess.py:93} INFO -     )
[2025-03-19T17:32:05.605+0000] {subprocess.py:93} INFO -     STORED AS PARQUET
[2025-03-19T17:32:05.605+0000] {subprocess.py:93} INFO - INFO  : Starting task [Stage-0:DDL] in serial mode
[2025-03-19T17:32:05.606+0000] {subprocess.py:93} INFO - INFO  : Completed executing command(queryId=root_20250319173205_41097c74-35b9-4151-8b71-23c07e81f733); Time taken: 0.04 seconds
[2025-03-19T17:32:05.606+0000] {subprocess.py:93} INFO - INFO  : OK
[2025-03-19T17:32:05.607+0000] {subprocess.py:93} INFO - INFO  : Concurrency mode is disabled, not creating a lock manager
[2025-03-19T17:32:05.607+0000] {subprocess.py:93} INFO - No rows affected (0.088 seconds)
[2025-03-19T17:32:05.620+0000] {subprocess.py:93} INFO - Error: Error while compiling statement: FAILED: ParseException line 10:94 cannot recognize input near 'INTERVAL' ''1'' 'HOUR' in windowframeboundary (state=42000,code=40000)
[2025-03-19T17:32:05.626+0000] {subprocess.py:93} INFO - Closing: 0: jdbc:hive2://localhost:10000
[2025-03-19T17:32:05.668+0000] {subprocess.py:97} INFO - Command exited with return code 1
[2025-03-19T17:32:05.680+0000] {taskinstance.py:1935} ERROR - Task failed with exception
Traceback (most recent call last):
  File "/home/airflow/.local/lib/python3.8/site-packages/airflow/operators/bash.py", line 210, in execute
    raise AirflowException(
airflow.exceptions.AirflowException: Bash command failed. The command returned a non-zero exit code 1.
[2025-03-19T17:32:05.685+0000] {taskinstance.py:1398} INFO - Marking task as FAILED. dag_id=transactions_pipeline, task_id=detect_fraud, execution_date=20250319T173149, start_date=20250319T173204, end_date=20250319T173205
[2025-03-19T17:32:05.700+0000] {standard_task_runner.py:104} ERROR - Failed to execute job 103 for task detect_fraud (Bash command failed. The command returned a non-zero exit code 1.; 1160)
[2025-03-19T17:32:05.718+0000] {local_task_job_runner.py:228} INFO - Task exited with return code 1
[2025-03-19T17:32:05.736+0000] {taskinstance.py:2776} INFO - 0 downstream tasks scheduled from follow-on schedule check
