[2025-03-19T17:13:40.972+0000] {taskinstance.py:1157} INFO - Dependencies all met for dep_context=non-requeueable deps ti=<TaskInstance: transactions_pipeline.create_hive_table manual__2025-03-19T17:13:30.843950+00:00 [queued]>
[2025-03-19T17:13:41.005+0000] {taskinstance.py:1157} INFO - Dependencies all met for dep_context=requeueable deps ti=<TaskInstance: transactions_pipeline.create_hive_table manual__2025-03-19T17:13:30.843950+00:00 [queued]>
[2025-03-19T17:13:41.007+0000] {taskinstance.py:1359} INFO - Starting attempt 1 of 1
[2025-03-19T17:13:41.046+0000] {taskinstance.py:1380} INFO - Executing <Task(BashOperator): create_hive_table> on 2025-03-19 17:13:30.843950+00:00
[2025-03-19T17:13:41.058+0000] {standard_task_runner.py:57} INFO - Started process 208 to run task
[2025-03-19T17:13:41.065+0000] {standard_task_runner.py:84} INFO - Running: ['***', 'tasks', 'run', 'transactions_pipeline', 'create_hive_table', 'manual__2025-03-19T17:13:30.843950+00:00', '--job-id', '71', '--raw', '--subdir', 'DAGS_FOLDER/fraud_detection_pipeline.py', '--cfg-path', '/tmp/tmpfrronsab']
[2025-03-19T17:13:41.076+0000] {standard_task_runner.py:85} INFO - Job 71: Subtask create_hive_table
[2025-03-19T17:13:41.166+0000] {task_command.py:415} INFO - Running <TaskInstance: transactions_pipeline.create_hive_table manual__2025-03-19T17:13:30.843950+00:00 [running]> on host 347688f31140
[2025-03-19T17:13:41.244+0000] {logging_mixin.py:151} WARNING - /home/***/.local/lib/python3.8/site-packages/***/utils/context.py:206 AirflowContextDeprecationWarning: Accessing 'execution_date' from the template is deprecated and will be removed in a future version. Please use 'data_interval_start' or 'logical_date' instead.
[2025-03-19T17:13:41.306+0000] {taskinstance.py:1660} INFO - Exporting env vars: AIRFLOW_CTX_DAG_OWNER='***' AIRFLOW_CTX_DAG_ID='transactions_pipeline' AIRFLOW_CTX_TASK_ID='create_hive_table' AIRFLOW_CTX_EXECUTION_DATE='2025-03-19T17:13:30.843950+00:00' AIRFLOW_CTX_TRY_NUMBER='1' AIRFLOW_CTX_DAG_RUN_ID='manual__2025-03-19T17:13:30.843950+00:00'
[2025-03-19T17:13:41.309+0000] {subprocess.py:63} INFO - Tmp dir root location: /tmp
[2025-03-19T17:13:41.310+0000] {subprocess.py:75} INFO - Running command: ['/bin/bash', '-c', '\n    docker exec -u root hive beeline -u "jdbc:hive2://localhost:10000" --hiveconf hive.exec.dynamic.partition.mode=nonstrict -e "\n    CREATE EXTERNAL TABLE IF NOT EXISTS transactions (\n        transaction_id STRING,\n        date_time STRING,\n        amount DOUBLE,\n        currency STRING,\n        merchant_details STRING,\n        customer_id STRING,\n        transaction_type STRING,\n        location STRING\n    )\n    PARTITIONED BY (batch_id STRING)\n    STORED AS PARQUET\n    LOCATION \'/data/transactions/\';\n    ALTER TABLE transactions ADD IF NOT EXISTS PARTITION (batch_id=\'batch_20250319_171330\') LOCATION \'/data/transactions/transactions_batch_0\';"\n    ']
[2025-03-19T17:13:41.323+0000] {subprocess.py:86} INFO - Output:
[2025-03-19T17:13:42.708+0000] {subprocess.py:93} INFO - SLF4J: Class path contains multiple SLF4J bindings.
[2025-03-19T17:13:42.710+0000] {subprocess.py:93} INFO - SLF4J: Found binding in [jar:file:/opt/hive/lib/log4j-slf4j-impl-2.17.1.jar!/org/slf4j/impl/StaticLoggerBinder.class]
[2025-03-19T17:13:42.710+0000] {subprocess.py:93} INFO - SLF4J: Found binding in [jar:file:/opt/hadoop/share/hadoop/common/lib/slf4j-log4j12-1.7.25.jar!/org/slf4j/impl/StaticLoggerBinder.class]
[2025-03-19T17:13:42.711+0000] {subprocess.py:93} INFO - SLF4J: See http://www.slf4j.org/codes.html#multiple_bindings for an explanation.
[2025-03-19T17:13:42.927+0000] {subprocess.py:93} INFO - SLF4J: Actual binding is of type [org.apache.logging.slf4j.Log4jLoggerFactory]
[2025-03-19T17:13:44.600+0000] {subprocess.py:93} INFO - Connecting to jdbc:hive2://localhost:10000
[2025-03-19T17:13:45.063+0000] {subprocess.py:93} INFO - Connected to: Apache Hive (version 3.1.3)
[2025-03-19T17:13:45.064+0000] {subprocess.py:93} INFO - Driver: Hive JDBC (version 3.1.3)
[2025-03-19T17:13:45.065+0000] {subprocess.py:93} INFO - Transaction isolation: TRANSACTION_REPEATABLE_READ
[2025-03-19T17:13:47.646+0000] {subprocess.py:93} INFO - INFO  : Compiling command(queryId=root_20250319171345_f3dd60c3-a9ed-4b8d-84ee-c9c033fec43d): CREATE EXTERNAL TABLE IF NOT EXISTS transactions (
[2025-03-19T17:13:47.647+0000] {subprocess.py:93} INFO -         transaction_id STRING,
[2025-03-19T17:13:47.648+0000] {subprocess.py:93} INFO -         date_time STRING,
[2025-03-19T17:13:47.649+0000] {subprocess.py:93} INFO -         amount DOUBLE,
[2025-03-19T17:13:47.651+0000] {subprocess.py:93} INFO -         currency STRING,
[2025-03-19T17:13:47.654+0000] {subprocess.py:93} INFO -         merchant_details STRING,
[2025-03-19T17:13:47.655+0000] {subprocess.py:93} INFO -         customer_id STRING,
[2025-03-19T17:13:47.656+0000] {subprocess.py:93} INFO -         transaction_type STRING,
[2025-03-19T17:13:47.657+0000] {subprocess.py:93} INFO -         location STRING
[2025-03-19T17:13:47.657+0000] {subprocess.py:93} INFO -     )
[2025-03-19T17:13:47.658+0000] {subprocess.py:93} INFO -     PARTITIONED BY (batch_id STRING)
[2025-03-19T17:13:47.658+0000] {subprocess.py:93} INFO -     STORED AS PARQUET
[2025-03-19T17:13:47.659+0000] {subprocess.py:93} INFO -     LOCATION '/data/transactions/'
[2025-03-19T17:13:47.659+0000] {subprocess.py:93} INFO - INFO  : Concurrency mode is disabled, not creating a lock manager
[2025-03-19T17:13:47.660+0000] {subprocess.py:93} INFO - INFO  : Semantic Analysis Completed (retrial = false)
[2025-03-19T17:13:47.660+0000] {subprocess.py:93} INFO - INFO  : Returning Hive schema: Schema(fieldSchemas:null, properties:null)
[2025-03-19T17:13:47.661+0000] {subprocess.py:93} INFO - INFO  : Completed compiling command(queryId=root_20250319171345_f3dd60c3-a9ed-4b8d-84ee-c9c033fec43d); Time taken: 1.804 seconds
[2025-03-19T17:13:47.662+0000] {subprocess.py:93} INFO - INFO  : Concurrency mode is disabled, not creating a lock manager
[2025-03-19T17:13:47.662+0000] {subprocess.py:93} INFO - INFO  : Executing command(queryId=root_20250319171345_f3dd60c3-a9ed-4b8d-84ee-c9c033fec43d): CREATE EXTERNAL TABLE IF NOT EXISTS transactions (
[2025-03-19T17:13:47.663+0000] {subprocess.py:93} INFO -         transaction_id STRING,
[2025-03-19T17:13:47.663+0000] {subprocess.py:93} INFO -         date_time STRING,
[2025-03-19T17:13:47.664+0000] {subprocess.py:93} INFO -         amount DOUBLE,
[2025-03-19T17:13:47.664+0000] {subprocess.py:93} INFO -         currency STRING,
[2025-03-19T17:13:47.664+0000] {subprocess.py:93} INFO -         merchant_details STRING,
[2025-03-19T17:13:47.665+0000] {subprocess.py:93} INFO -         customer_id STRING,
[2025-03-19T17:13:47.665+0000] {subprocess.py:93} INFO -         transaction_type STRING,
[2025-03-19T17:13:47.666+0000] {subprocess.py:93} INFO -         location STRING
[2025-03-19T17:13:47.666+0000] {subprocess.py:93} INFO -     )
[2025-03-19T17:13:47.666+0000] {subprocess.py:93} INFO -     PARTITIONED BY (batch_id STRING)
[2025-03-19T17:13:47.667+0000] {subprocess.py:93} INFO -     STORED AS PARQUET
[2025-03-19T17:13:47.667+0000] {subprocess.py:93} INFO -     LOCATION '/data/transactions/'
[2025-03-19T17:13:47.668+0000] {subprocess.py:93} INFO - INFO  : Starting task [Stage-0:DDL] in serial mode
[2025-03-19T17:13:47.669+0000] {subprocess.py:93} INFO - INFO  : Completed executing command(queryId=root_20250319171345_f3dd60c3-a9ed-4b8d-84ee-c9c033fec43d); Time taken: 0.339 seconds
[2025-03-19T17:13:47.670+0000] {subprocess.py:93} INFO - INFO  : OK
[2025-03-19T17:13:47.671+0000] {subprocess.py:93} INFO - INFO  : Concurrency mode is disabled, not creating a lock manager
[2025-03-19T17:13:47.671+0000] {subprocess.py:93} INFO - No rows affected (2.537 seconds)
[2025-03-19T17:13:48.258+0000] {subprocess.py:93} INFO - INFO  : Compiling command(queryId=root_20250319171347_a88955d5-c527-4a00-979f-c38ff8abec47): ALTER TABLE transactions ADD IF NOT EXISTS PARTITION (batch_id='batch_20250319_171330') LOCATION '/data/transactions/transactions_batch_0'
[2025-03-19T17:13:48.259+0000] {subprocess.py:93} INFO - INFO  : Concurrency mode is disabled, not creating a lock manager
[2025-03-19T17:13:48.260+0000] {subprocess.py:93} INFO - INFO  : Semantic Analysis Completed (retrial = false)
[2025-03-19T17:13:48.261+0000] {subprocess.py:93} INFO - INFO  : Returning Hive schema: Schema(fieldSchemas:null, properties:null)
[2025-03-19T17:13:48.262+0000] {subprocess.py:93} INFO - INFO  : Completed compiling command(queryId=root_20250319171347_a88955d5-c527-4a00-979f-c38ff8abec47); Time taken: 0.293 seconds
[2025-03-19T17:13:48.262+0000] {subprocess.py:93} INFO - INFO  : Concurrency mode is disabled, not creating a lock manager
[2025-03-19T17:13:48.263+0000] {subprocess.py:93} INFO - INFO  : Executing command(queryId=root_20250319171347_a88955d5-c527-4a00-979f-c38ff8abec47): ALTER TABLE transactions ADD IF NOT EXISTS PARTITION (batch_id='batch_20250319_171330') LOCATION '/data/transactions/transactions_batch_0'
[2025-03-19T17:13:48.265+0000] {subprocess.py:93} INFO - INFO  : Starting task [Stage-0:DDL] in serial mode
[2025-03-19T17:13:48.265+0000] {subprocess.py:93} INFO - INFO  : Completed executing command(queryId=root_20250319171347_a88955d5-c527-4a00-979f-c38ff8abec47); Time taken: 0.258 seconds
[2025-03-19T17:13:48.266+0000] {subprocess.py:93} INFO - INFO  : OK
[2025-03-19T17:13:48.267+0000] {subprocess.py:93} INFO - INFO  : Concurrency mode is disabled, not creating a lock manager
[2025-03-19T17:13:48.268+0000] {subprocess.py:93} INFO - No rows affected (0.579 seconds)
[2025-03-19T17:13:48.270+0000] {subprocess.py:93} INFO - Beeline version 3.1.3 by Apache Hive
[2025-03-19T17:13:48.277+0000] {subprocess.py:93} INFO - Closing: 0: jdbc:hive2://localhost:10000
[2025-03-19T17:13:48.409+0000] {subprocess.py:97} INFO - Command exited with return code 0
[2025-03-19T17:13:48.447+0000] {taskinstance.py:1398} INFO - Marking task as SUCCESS. dag_id=transactions_pipeline, task_id=create_hive_table, execution_date=20250319T171330, start_date=20250319T171340, end_date=20250319T171348
[2025-03-19T17:13:48.497+0000] {local_task_job_runner.py:228} INFO - Task exited with return code 0
[2025-03-19T17:13:48.523+0000] {taskinstance.py:2776} INFO - 1 downstream tasks scheduled from follow-on schedule check
