[2025-03-20T12:37:19.358+0000] {taskinstance.py:1157} INFO - Dependencies all met for dep_context=non-requeueable deps ti=<TaskInstance: transactions_pipeline.create_fraud_table manual__2025-03-20T12:36:59.588669+00:00 [queued]>
[2025-03-20T12:37:19.366+0000] {taskinstance.py:1157} INFO - Dependencies all met for dep_context=requeueable deps ti=<TaskInstance: transactions_pipeline.create_fraud_table manual__2025-03-20T12:36:59.588669+00:00 [queued]>
[2025-03-20T12:37:19.367+0000] {taskinstance.py:1359} INFO - Starting attempt 1 of 1
[2025-03-20T12:37:19.384+0000] {taskinstance.py:1380} INFO - Executing <Task(BashOperator): create_fraud_table> on 2025-03-20 12:36:59.588669+00:00
[2025-03-20T12:37:19.394+0000] {standard_task_runner.py:57} INFO - Started process 731 to run task
[2025-03-20T12:37:19.399+0000] {standard_task_runner.py:84} INFO - Running: ['***', 'tasks', 'run', 'transactions_pipeline', 'create_fraud_table', 'manual__2025-03-20T12:36:59.588669+00:00', '--job-id', '298', '--raw', '--subdir', 'DAGS_FOLDER/fraud_detection_pipeline.py', '--cfg-path', '/tmp/tmp_pejc2gq']
[2025-03-20T12:37:19.405+0000] {standard_task_runner.py:85} INFO - Job 298: Subtask create_fraud_table
[2025-03-20T12:37:19.482+0000] {task_command.py:415} INFO - Running <TaskInstance: transactions_pipeline.create_fraud_table manual__2025-03-20T12:36:59.588669+00:00 [running]> on host 3938a1dd8bd9
[2025-03-20T12:37:19.613+0000] {taskinstance.py:1660} INFO - Exporting env vars: AIRFLOW_CTX_DAG_OWNER='***' AIRFLOW_CTX_DAG_ID='transactions_pipeline' AIRFLOW_CTX_TASK_ID='create_fraud_table' AIRFLOW_CTX_EXECUTION_DATE='2025-03-20T12:36:59.588669+00:00' AIRFLOW_CTX_TRY_NUMBER='1' AIRFLOW_CTX_DAG_RUN_ID='manual__2025-03-20T12:36:59.588669+00:00'
[2025-03-20T12:37:19.615+0000] {subprocess.py:63} INFO - Tmp dir root location: /tmp
[2025-03-20T12:37:19.616+0000] {subprocess.py:75} INFO - Running command: ['/bin/bash', '-c', '\n    docker exec hive beeline -u "jdbc:hive2://localhost:10000" -e "\n    CREATE EXTERNAL TABLE IF NOT EXISTS fraud_detections (\n        transaction_id STRING,\n        date_time STRING,\n        amount DOUBLE,\n        customer_id STRING,\n        location STRING,\n        fraud_reason STRING\n    )\n    STORED AS PARQUET\n    LOCATION \'/data/fraud_detections\';"\n    ']
[2025-03-20T12:37:19.630+0000] {subprocess.py:86} INFO - Output:
[2025-03-20T12:37:20.845+0000] {subprocess.py:93} INFO - SLF4J: Class path contains multiple SLF4J bindings.
[2025-03-20T12:37:20.846+0000] {subprocess.py:93} INFO - SLF4J: Found binding in [jar:file:/opt/hive/lib/log4j-slf4j-impl-2.17.1.jar!/org/slf4j/impl/StaticLoggerBinder.class]
[2025-03-20T12:37:20.846+0000] {subprocess.py:93} INFO - SLF4J: Found binding in [jar:file:/opt/hadoop/share/hadoop/common/lib/slf4j-log4j12-1.7.25.jar!/org/slf4j/impl/StaticLoggerBinder.class]
[2025-03-20T12:37:20.847+0000] {subprocess.py:93} INFO - SLF4J: See http://www.slf4j.org/codes.html#multiple_bindings for an explanation.
[2025-03-20T12:37:21.095+0000] {subprocess.py:93} INFO - SLF4J: Actual binding is of type [org.apache.logging.slf4j.Log4jLoggerFactory]
[2025-03-20T12:37:22.225+0000] {subprocess.py:93} INFO - Connecting to jdbc:hive2://localhost:10000
[2025-03-20T12:37:22.457+0000] {subprocess.py:93} INFO - Connected to: Apache Hive (version 3.1.3)
[2025-03-20T12:37:22.458+0000] {subprocess.py:93} INFO - Driver: Hive JDBC (version 3.1.3)
[2025-03-20T12:37:22.459+0000] {subprocess.py:93} INFO - Transaction isolation: TRANSACTION_REPEATABLE_READ
[2025-03-20T12:37:22.551+0000] {subprocess.py:93} INFO - INFO  : Compiling command(queryId=root_20250320123722_dddc34c5-1124-45b7-a181-5dd751f142e2): CREATE EXTERNAL TABLE IF NOT EXISTS fraud_detections (
[2025-03-20T12:37:22.551+0000] {subprocess.py:93} INFO -         transaction_id STRING,
[2025-03-20T12:37:22.552+0000] {subprocess.py:93} INFO -         date_time STRING,
[2025-03-20T12:37:22.553+0000] {subprocess.py:93} INFO -         amount DOUBLE,
[2025-03-20T12:37:22.553+0000] {subprocess.py:93} INFO -         customer_id STRING,
[2025-03-20T12:37:22.554+0000] {subprocess.py:93} INFO -         location STRING,
[2025-03-20T12:37:22.555+0000] {subprocess.py:93} INFO -         fraud_reason STRING
[2025-03-20T12:37:22.556+0000] {subprocess.py:93} INFO -     )
[2025-03-20T12:37:22.556+0000] {subprocess.py:93} INFO -     STORED AS PARQUET
[2025-03-20T12:37:22.557+0000] {subprocess.py:93} INFO -     LOCATION '/data/fraud_detections'
[2025-03-20T12:37:22.557+0000] {subprocess.py:93} INFO - INFO  : Concurrency mode is disabled, not creating a lock manager
[2025-03-20T12:37:22.557+0000] {subprocess.py:93} INFO - INFO  : Semantic Analysis Completed (retrial = false)
[2025-03-20T12:37:22.558+0000] {subprocess.py:93} INFO - INFO  : Returning Hive schema: Schema(fieldSchemas:null, properties:null)
[2025-03-20T12:37:22.558+0000] {subprocess.py:93} INFO - INFO  : Completed compiling command(queryId=root_20250320123722_dddc34c5-1124-45b7-a181-5dd751f142e2); Time taken: 0.026 seconds
[2025-03-20T12:37:22.558+0000] {subprocess.py:93} INFO - INFO  : Concurrency mode is disabled, not creating a lock manager
[2025-03-20T12:37:22.559+0000] {subprocess.py:93} INFO - INFO  : Executing command(queryId=root_20250320123722_dddc34c5-1124-45b7-a181-5dd751f142e2): CREATE EXTERNAL TABLE IF NOT EXISTS fraud_detections (
[2025-03-20T12:37:22.559+0000] {subprocess.py:93} INFO -         transaction_id STRING,
[2025-03-20T12:37:22.560+0000] {subprocess.py:93} INFO -         date_time STRING,
[2025-03-20T12:37:22.561+0000] {subprocess.py:93} INFO -         amount DOUBLE,
[2025-03-20T12:37:22.561+0000] {subprocess.py:93} INFO -         customer_id STRING,
[2025-03-20T12:37:22.561+0000] {subprocess.py:93} INFO -         location STRING,
[2025-03-20T12:37:22.562+0000] {subprocess.py:93} INFO -         fraud_reason STRING
[2025-03-20T12:37:22.562+0000] {subprocess.py:93} INFO -     )
[2025-03-20T12:37:22.563+0000] {subprocess.py:93} INFO -     STORED AS PARQUET
[2025-03-20T12:37:22.563+0000] {subprocess.py:93} INFO -     LOCATION '/data/fraud_detections'
[2025-03-20T12:37:22.563+0000] {subprocess.py:93} INFO - INFO  : Completed executing command(queryId=root_20250320123722_dddc34c5-1124-45b7-a181-5dd751f142e2); Time taken: 0.001 seconds
[2025-03-20T12:37:22.564+0000] {subprocess.py:93} INFO - INFO  : OK
[2025-03-20T12:37:22.564+0000] {subprocess.py:93} INFO - INFO  : Concurrency mode is disabled, not creating a lock manager
[2025-03-20T12:37:22.565+0000] {subprocess.py:93} INFO - No rows affected (0.078 seconds)
[2025-03-20T12:37:22.565+0000] {subprocess.py:93} INFO - Beeline version 3.1.3 by Apache Hive
[2025-03-20T12:37:22.570+0000] {subprocess.py:93} INFO - Closing: 0: jdbc:hive2://localhost:10000
[2025-03-20T12:37:22.604+0000] {subprocess.py:97} INFO - Command exited with return code 0
[2025-03-20T12:37:22.631+0000] {taskinstance.py:1398} INFO - Marking task as SUCCESS. dag_id=transactions_pipeline, task_id=create_fraud_table, execution_date=20250320T123659, start_date=20250320T123719, end_date=20250320T123722
[2025-03-20T12:37:22.666+0000] {local_task_job_runner.py:228} INFO - Task exited with return code 0
[2025-03-20T12:37:22.691+0000] {taskinstance.py:2776} INFO - 1 downstream tasks scheduled from follow-on schedule check
