[2025-03-21T15:41:33.114+0000] {taskinstance.py:1157} INFO - Dependencies all met for dep_context=non-requeueable deps ti=<TaskInstance: transactions_pipeline.create_hive_table_batch_20250321_154101 manual__2025-03-21T15:41:19.088324+00:00 [queued]>
[2025-03-21T15:41:33.149+0000] {taskinstance.py:1157} INFO - Dependencies all met for dep_context=requeueable deps ti=<TaskInstance: transactions_pipeline.create_hive_table_batch_20250321_154101 manual__2025-03-21T15:41:19.088324+00:00 [queued]>
[2025-03-21T15:41:33.152+0000] {taskinstance.py:1359} INFO - Starting attempt 1 of 1
[2025-03-21T15:41:33.196+0000] {taskinstance.py:1380} INFO - Executing <Task(BashOperator): create_hive_table_batch_20250321_154101> on 2025-03-21 15:41:19.088324+00:00
[2025-03-21T15:41:33.215+0000] {standard_task_runner.py:57} INFO - Started process 7788 to run task
[2025-03-21T15:41:33.220+0000] {standard_task_runner.py:84} INFO - Running: ['***', 'tasks', 'run', 'transactions_pipeline', 'create_hive_table_batch_20250321_154101', 'manual__2025-03-21T15:41:19.088324+00:00', '--job-id', '837', '--raw', '--subdir', 'DAGS_FOLDER/fraud_detection_pipeline.py', '--cfg-path', '/tmp/tmp0y34eo3j']
[2025-03-21T15:41:33.225+0000] {standard_task_runner.py:85} INFO - Job 837: Subtask create_hive_table_batch_20250321_154101
[2025-03-21T15:41:33.313+0000] {task_command.py:415} INFO - Running <TaskInstance: transactions_pipeline.create_hive_table_batch_20250321_154101 manual__2025-03-21T15:41:19.088324+00:00 [running]> on host e95638583d4d
[2025-03-21T15:41:33.424+0000] {taskinstance.py:1660} INFO - Exporting env vars: AIRFLOW_CTX_DAG_OWNER='***' AIRFLOW_CTX_DAG_ID='transactions_pipeline' AIRFLOW_CTX_TASK_ID='create_hive_table_batch_20250321_154101' AIRFLOW_CTX_EXECUTION_DATE='2025-03-21T15:41:19.088324+00:00' AIRFLOW_CTX_TRY_NUMBER='1' AIRFLOW_CTX_DAG_RUN_ID='manual__2025-03-21T15:41:19.088324+00:00'
[2025-03-21T15:41:33.427+0000] {subprocess.py:63} INFO - Tmp dir root location: /tmp
[2025-03-21T15:41:33.430+0000] {subprocess.py:75} INFO - Running command: ['/bin/bash', '-c', '\n            docker exec hive beeline -u "jdbc:hive2://localhost:10000" --hiveconf hive.exec.dynamic.partition.mode=nonstrict -e "\n            CREATE EXTERNAL TABLE IF NOT EXISTS transactions (\n                transaction_id STRING,\n                date_time STRING,\n                amount DOUBLE,\n                currency STRING,\n                merchant_details STRING,\n                customer_id STRING,\n                transaction_type STRING,\n                location STRING\n            )\n            PARTITIONED BY (batch_id STRING)\n            STORED AS PARQUET;\n            ALTER TABLE transactions ADD IF NOT EXISTS PARTITION (batch_id=\'batch_20250321_154101\') LOCATION \'/data/transactions/transactions_batch_20250321_154101\';"\n            ']
[2025-03-21T15:41:33.443+0000] {subprocess.py:86} INFO - Output:
[2025-03-21T15:41:33.265+0000] {subprocess.py:93} INFO - SLF4J: Class path contains multiple SLF4J bindings.
[2025-03-21T15:41:33.266+0000] {subprocess.py:93} INFO - SLF4J: Found binding in [jar:file:/opt/hive/lib/log4j-slf4j-impl-2.17.1.jar!/org/slf4j/impl/StaticLoggerBinder.class]
[2025-03-21T15:41:33.267+0000] {subprocess.py:93} INFO - SLF4J: Found binding in [jar:file:/opt/hadoop/share/hadoop/common/lib/slf4j-log4j12-1.7.25.jar!/org/slf4j/impl/StaticLoggerBinder.class]
[2025-03-21T15:41:33.268+0000] {subprocess.py:93} INFO - SLF4J: See http://www.slf4j.org/codes.html#multiple_bindings for an explanation.
[2025-03-21T15:41:33.423+0000] {subprocess.py:93} INFO - SLF4J: Actual binding is of type [org.apache.logging.slf4j.Log4jLoggerFactory]
[2025-03-21T15:41:34.766+0000] {subprocess.py:93} INFO - Connecting to jdbc:hive2://localhost:10000
[2025-03-21T15:41:35.048+0000] {subprocess.py:93} INFO - Connected to: Apache Hive (version 3.1.3)
[2025-03-21T15:41:35.049+0000] {subprocess.py:93} INFO - Driver: Hive JDBC (version 3.1.3)
[2025-03-21T15:41:35.050+0000] {subprocess.py:93} INFO - Transaction isolation: TRANSACTION_REPEATABLE_READ
[2025-03-21T15:41:35.300+0000] {subprocess.py:93} INFO - INFO  : Compiling command(queryId=root_20250321154135_0c1239b6-6a66-43bc-ae4d-a17396b54918): CREATE EXTERNAL TABLE IF NOT EXISTS transactions (
[2025-03-21T15:41:35.301+0000] {subprocess.py:93} INFO -                 transaction_id STRING,
[2025-03-21T15:41:35.302+0000] {subprocess.py:93} INFO -                 date_time STRING,
[2025-03-21T15:41:35.303+0000] {subprocess.py:93} INFO -                 amount DOUBLE,
[2025-03-21T15:41:35.305+0000] {subprocess.py:93} INFO -                 currency STRING,
[2025-03-21T15:41:35.306+0000] {subprocess.py:93} INFO -                 merchant_details STRING,
[2025-03-21T15:41:35.307+0000] {subprocess.py:93} INFO -                 customer_id STRING,
[2025-03-21T15:41:35.308+0000] {subprocess.py:93} INFO -                 transaction_type STRING,
[2025-03-21T15:41:35.309+0000] {subprocess.py:93} INFO -                 location STRING
[2025-03-21T15:41:35.309+0000] {subprocess.py:93} INFO -             )
[2025-03-21T15:41:35.310+0000] {subprocess.py:93} INFO -             PARTITIONED BY (batch_id STRING)
[2025-03-21T15:41:35.311+0000] {subprocess.py:93} INFO -             STORED AS PARQUET
[2025-03-21T15:41:35.311+0000] {subprocess.py:93} INFO - INFO  : Concurrency mode is disabled, not creating a lock manager
[2025-03-21T15:41:35.312+0000] {subprocess.py:93} INFO - INFO  : Semantic Analysis Completed (retrial = false)
[2025-03-21T15:41:35.313+0000] {subprocess.py:93} INFO - INFO  : Returning Hive schema: Schema(fieldSchemas:null, properties:null)
[2025-03-21T15:41:35.313+0000] {subprocess.py:93} INFO - INFO  : Completed compiling command(queryId=root_20250321154135_0c1239b6-6a66-43bc-ae4d-a17396b54918); Time taken: 0.008 seconds
[2025-03-21T15:41:35.314+0000] {subprocess.py:93} INFO - INFO  : Concurrency mode is disabled, not creating a lock manager
[2025-03-21T15:41:35.315+0000] {subprocess.py:93} INFO - INFO  : Executing command(queryId=root_20250321154135_0c1239b6-6a66-43bc-ae4d-a17396b54918): CREATE EXTERNAL TABLE IF NOT EXISTS transactions (
[2025-03-21T15:41:35.316+0000] {subprocess.py:93} INFO -                 transaction_id STRING,
[2025-03-21T15:41:35.317+0000] {subprocess.py:93} INFO -                 date_time STRING,
[2025-03-21T15:41:35.317+0000] {subprocess.py:93} INFO -                 amount DOUBLE,
[2025-03-21T15:41:35.317+0000] {subprocess.py:93} INFO -                 currency STRING,
[2025-03-21T15:41:35.318+0000] {subprocess.py:93} INFO -                 merchant_details STRING,
[2025-03-21T15:41:35.318+0000] {subprocess.py:93} INFO -                 customer_id STRING,
[2025-03-21T15:41:35.319+0000] {subprocess.py:93} INFO -                 transaction_type STRING,
[2025-03-21T15:41:35.319+0000] {subprocess.py:93} INFO -                 location STRING
[2025-03-21T15:41:35.320+0000] {subprocess.py:93} INFO -             )
[2025-03-21T15:41:35.320+0000] {subprocess.py:93} INFO -             PARTITIONED BY (batch_id STRING)
[2025-03-21T15:41:35.320+0000] {subprocess.py:93} INFO -             STORED AS PARQUET
[2025-03-21T15:41:35.322+0000] {subprocess.py:93} INFO - INFO  : Starting task [Stage-0:DDL] in serial mode
[2025-03-21T15:41:35.323+0000] {subprocess.py:93} INFO - INFO  : Completed executing command(queryId=root_20250321154135_0c1239b6-6a66-43bc-ae4d-a17396b54918); Time taken: 0.161 seconds
[2025-03-21T15:41:35.324+0000] {subprocess.py:93} INFO - INFO  : OK
[2025-03-21T15:41:35.325+0000] {subprocess.py:93} INFO - INFO  : Concurrency mode is disabled, not creating a lock manager
[2025-03-21T15:41:35.326+0000] {subprocess.py:93} INFO - No rows affected (0.236 seconds)
[2025-03-21T15:41:35.456+0000] {subprocess.py:93} INFO - INFO  : Compiling command(queryId=root_20250321154135_0af77ed1-9b2b-403d-aef2-a7e2e7d375dc): ALTER TABLE transactions ADD IF NOT EXISTS PARTITION (batch_id='batch_20250321_154101') LOCATION '/data/transactions/transactions_batch_20250321_154101'
[2025-03-21T15:41:35.457+0000] {subprocess.py:93} INFO - INFO  : Concurrency mode is disabled, not creating a lock manager
[2025-03-21T15:41:35.459+0000] {subprocess.py:93} INFO - INFO  : Semantic Analysis Completed (retrial = false)
[2025-03-21T15:41:35.460+0000] {subprocess.py:93} INFO - INFO  : Returning Hive schema: Schema(fieldSchemas:null, properties:null)
[2025-03-21T15:41:35.460+0000] {subprocess.py:93} INFO - INFO  : Completed compiling command(queryId=root_20250321154135_0af77ed1-9b2b-403d-aef2-a7e2e7d375dc); Time taken: 0.024 seconds
[2025-03-21T15:41:35.463+0000] {subprocess.py:93} INFO - INFO  : Concurrency mode is disabled, not creating a lock manager
[2025-03-21T15:41:35.464+0000] {subprocess.py:93} INFO - INFO  : Executing command(queryId=root_20250321154135_0af77ed1-9b2b-403d-aef2-a7e2e7d375dc): ALTER TABLE transactions ADD IF NOT EXISTS PARTITION (batch_id='batch_20250321_154101') LOCATION '/data/transactions/transactions_batch_20250321_154101'
[2025-03-21T15:41:35.465+0000] {subprocess.py:93} INFO - INFO  : Starting task [Stage-0:DDL] in serial mode
[2025-03-21T15:41:35.465+0000] {subprocess.py:93} INFO - INFO  : Completed executing command(queryId=root_20250321154135_0af77ed1-9b2b-403d-aef2-a7e2e7d375dc); Time taken: 0.071 seconds
[2025-03-21T15:41:35.466+0000] {subprocess.py:93} INFO - INFO  : OK
[2025-03-21T15:41:35.466+0000] {subprocess.py:93} INFO - INFO  : Concurrency mode is disabled, not creating a lock manager
[2025-03-21T15:41:35.467+0000] {subprocess.py:93} INFO - No rows affected (0.136 seconds)
[2025-03-21T15:41:35.474+0000] {subprocess.py:93} INFO - Beeline version 3.1.3 by Apache Hive
[2025-03-21T15:41:35.483+0000] {subprocess.py:93} INFO - Closing: 0: jdbc:hive2://localhost:10000
[2025-03-21T15:41:35.525+0000] {subprocess.py:97} INFO - Command exited with return code 0
[2025-03-21T15:41:35.558+0000] {taskinstance.py:1398} INFO - Marking task as SUCCESS. dag_id=transactions_pipeline, task_id=create_hive_table_batch_20250321_154101, execution_date=20250321T154119, start_date=20250321T154133, end_date=20250321T154135
[2025-03-21T15:41:35.593+0000] {local_task_job_runner.py:228} INFO - Task exited with return code 0
[2025-03-21T15:41:35.628+0000] {taskinstance.py:2776} INFO - 1 downstream tasks scheduled from follow-on schedule check
