[2025-03-20T10:33:32.671+0000] {taskinstance.py:1157} INFO - Dependencies all met for dep_context=non-requeueable deps ti=<TaskInstance: transactions_pipeline.detect_fraud scheduled__2025-03-20T09:43:15.476240+00:00 [queued]>
[2025-03-20T10:33:32.690+0000] {taskinstance.py:1157} INFO - Dependencies all met for dep_context=requeueable deps ti=<TaskInstance: transactions_pipeline.detect_fraud scheduled__2025-03-20T09:43:15.476240+00:00 [queued]>
[2025-03-20T10:33:32.691+0000] {taskinstance.py:1359} INFO - Starting attempt 1 of 1
[2025-03-20T10:33:32.716+0000] {taskinstance.py:1380} INFO - Executing <Task(BashOperator): detect_fraud> on 2025-03-20 09:43:15.476240+00:00
[2025-03-20T10:33:32.726+0000] {standard_task_runner.py:57} INFO - Started process 417 to run task
[2025-03-20T10:33:32.730+0000] {standard_task_runner.py:84} INFO - Running: ['***', 'tasks', 'run', 'transactions_pipeline', 'detect_fraud', 'scheduled__2025-03-20T09:43:15.476240+00:00', '--job-id', '251', '--raw', '--subdir', 'DAGS_FOLDER/fraud_detection_pipeline.py', '--cfg-path', '/tmp/tmpxebrszvy']
[2025-03-20T10:33:32.740+0000] {standard_task_runner.py:85} INFO - Job 251: Subtask detect_fraud
[2025-03-20T10:33:32.882+0000] {task_command.py:415} INFO - Running <TaskInstance: transactions_pipeline.detect_fraud scheduled__2025-03-20T09:43:15.476240+00:00 [running]> on host bb4292cadea3
[2025-03-20T10:33:33.203+0000] {taskinstance.py:1660} INFO - Exporting env vars: AIRFLOW_CTX_DAG_OWNER='***' AIRFLOW_CTX_DAG_ID='transactions_pipeline' AIRFLOW_CTX_TASK_ID='detect_fraud' AIRFLOW_CTX_EXECUTION_DATE='2025-03-20T09:43:15.476240+00:00' AIRFLOW_CTX_TRY_NUMBER='1' AIRFLOW_CTX_DAG_RUN_ID='scheduled__2025-03-20T09:43:15.476240+00:00'
[2025-03-20T10:33:33.207+0000] {subprocess.py:63} INFO - Tmp dir root location: /tmp
[2025-03-20T10:33:33.210+0000] {subprocess.py:75} INFO - Running command: ['/bin/bash', '-c', '\n    docker exec hive beeline -u "jdbc:hive2://localhost:10000" --hiveconf hive.exec.dynamic.partition.mode=nonstrict -e"\n    CREATE TABLE IF NOT EXISTS fraud_detections (\n        transaction_id STRING,\n        date_time STRING,\n        amount DOUBLE,\n        customer_id STRING,\n        location STRING,\n        fraud_reason STRING\n    )\n    STORED AS PARQUET\n    LOCATION \'/data/fraud_detections\';\n    INSERT INTO TABLE fraud_detections\n    SELECT\n        t.transaction_id,\n        t.date_time,\n        t.amount,\n        t.customer_id,\n        t.location,\n        \'High Amount\' AS fraud_reason\n    FROM transactions t\n    WHERE t.batch_id = \'batch_0\'\n    AND t.amount > 1000;"\n    ']
[2025-03-20T10:33:33.230+0000] {subprocess.py:86} INFO - Output:
[2025-03-20T10:33:34.496+0000] {subprocess.py:93} INFO - SLF4J: Class path contains multiple SLF4J bindings.
[2025-03-20T10:33:34.497+0000] {subprocess.py:93} INFO - SLF4J: Found binding in [jar:file:/opt/hive/lib/log4j-slf4j-impl-2.17.1.jar!/org/slf4j/impl/StaticLoggerBinder.class]
[2025-03-20T10:33:34.497+0000] {subprocess.py:93} INFO - SLF4J: Found binding in [jar:file:/opt/hadoop/share/hadoop/common/lib/slf4j-log4j12-1.7.25.jar!/org/slf4j/impl/StaticLoggerBinder.class]
[2025-03-20T10:33:34.498+0000] {subprocess.py:93} INFO - SLF4J: See http://www.slf4j.org/codes.html#multiple_bindings for an explanation.
[2025-03-20T10:33:34.648+0000] {subprocess.py:93} INFO - SLF4J: Actual binding is of type [org.apache.logging.slf4j.Log4jLoggerFactory]
[2025-03-20T10:33:35.891+0000] {subprocess.py:93} INFO - Connecting to jdbc:hive2://localhost:10000
[2025-03-20T10:33:36.246+0000] {subprocess.py:93} INFO - Connected to: Apache Hive (version 3.1.3)
[2025-03-20T10:33:36.247+0000] {subprocess.py:93} INFO - Driver: Hive JDBC (version 3.1.3)
[2025-03-20T10:33:36.248+0000] {subprocess.py:93} INFO - Transaction isolation: TRANSACTION_REPEATABLE_READ
[2025-03-20T10:33:36.381+0000] {subprocess.py:93} INFO - INFO  : Compiling command(queryId=root_20250320103336_ba14bcde-152a-41f9-8c41-5897075ccce0): CREATE TABLE IF NOT EXISTS fraud_detections (
[2025-03-20T10:33:36.382+0000] {subprocess.py:93} INFO -         transaction_id STRING,
[2025-03-20T10:33:36.383+0000] {subprocess.py:93} INFO -         date_time STRING,
[2025-03-20T10:33:36.384+0000] {subprocess.py:93} INFO -         amount DOUBLE,
[2025-03-20T10:33:36.386+0000] {subprocess.py:93} INFO -         customer_id STRING,
[2025-03-20T10:33:36.387+0000] {subprocess.py:93} INFO -         location STRING,
[2025-03-20T10:33:36.387+0000] {subprocess.py:93} INFO -         fraud_reason STRING
[2025-03-20T10:33:36.388+0000] {subprocess.py:93} INFO -     )
[2025-03-20T10:33:36.388+0000] {subprocess.py:93} INFO -     STORED AS PARQUET
[2025-03-20T10:33:36.389+0000] {subprocess.py:93} INFO -     LOCATION '/data/fraud_detections'
[2025-03-20T10:33:36.390+0000] {subprocess.py:93} INFO - INFO  : Concurrency mode is disabled, not creating a lock manager
[2025-03-20T10:33:36.390+0000] {subprocess.py:93} INFO - INFO  : Semantic Analysis Completed (retrial = false)
[2025-03-20T10:33:36.391+0000] {subprocess.py:93} INFO - INFO  : Returning Hive schema: Schema(fieldSchemas:null, properties:null)
[2025-03-20T10:33:36.392+0000] {subprocess.py:93} INFO - INFO  : Completed compiling command(queryId=root_20250320103336_ba14bcde-152a-41f9-8c41-5897075ccce0); Time taken: 0.027 seconds
[2025-03-20T10:33:36.392+0000] {subprocess.py:93} INFO - INFO  : Concurrency mode is disabled, not creating a lock manager
[2025-03-20T10:33:36.393+0000] {subprocess.py:93} INFO - INFO  : Executing command(queryId=root_20250320103336_ba14bcde-152a-41f9-8c41-5897075ccce0): CREATE TABLE IF NOT EXISTS fraud_detections (
[2025-03-20T10:33:36.394+0000] {subprocess.py:93} INFO -         transaction_id STRING,
[2025-03-20T10:33:36.394+0000] {subprocess.py:93} INFO -         date_time STRING,
[2025-03-20T10:33:36.395+0000] {subprocess.py:93} INFO -         amount DOUBLE,
[2025-03-20T10:33:36.395+0000] {subprocess.py:93} INFO -         customer_id STRING,
[2025-03-20T10:33:36.396+0000] {subprocess.py:93} INFO -         location STRING,
[2025-03-20T10:33:36.396+0000] {subprocess.py:93} INFO -         fraud_reason STRING
[2025-03-20T10:33:36.397+0000] {subprocess.py:93} INFO -     )
[2025-03-20T10:33:36.397+0000] {subprocess.py:93} INFO -     STORED AS PARQUET
[2025-03-20T10:33:36.398+0000] {subprocess.py:93} INFO -     LOCATION '/data/fraud_detections'
[2025-03-20T10:33:36.398+0000] {subprocess.py:93} INFO - INFO  : Completed executing command(queryId=root_20250320103336_ba14bcde-152a-41f9-8c41-5897075ccce0); Time taken: 0.001 seconds
[2025-03-20T10:33:36.399+0000] {subprocess.py:93} INFO - INFO  : OK
[2025-03-20T10:33:36.399+0000] {subprocess.py:93} INFO - INFO  : Concurrency mode is disabled, not creating a lock manager
[2025-03-20T10:33:36.400+0000] {subprocess.py:93} INFO - No rows affected (0.121 seconds)
[2025-03-20T10:33:37.795+0000] {subprocess.py:93} INFO - INFO  : Compiling command(queryId=root_20250320103336_65c3c2c8-dfcd-43a8-bfef-1f74a5805679): INSERT INTO TABLE fraud_detections
[2025-03-20T10:33:37.796+0000] {subprocess.py:93} INFO -     SELECT
[2025-03-20T10:33:37.797+0000] {subprocess.py:93} INFO -         t.transaction_id,
[2025-03-20T10:33:37.798+0000] {subprocess.py:93} INFO -         t.date_time,
[2025-03-20T10:33:37.798+0000] {subprocess.py:93} INFO -         t.amount,
[2025-03-20T10:33:37.799+0000] {subprocess.py:93} INFO -         t.customer_id,
[2025-03-20T10:33:37.799+0000] {subprocess.py:93} INFO -         t.location,
[2025-03-20T10:33:37.800+0000] {subprocess.py:93} INFO -         'High Amount' AS fraud_reason
[2025-03-20T10:33:37.800+0000] {subprocess.py:93} INFO -     FROM transactions t
[2025-03-20T10:33:37.801+0000] {subprocess.py:93} INFO -     WHERE t.batch_id = 'batch_0'
[2025-03-20T10:33:37.801+0000] {subprocess.py:93} INFO -     AND t.amount > 1000
[2025-03-20T10:33:37.802+0000] {subprocess.py:93} INFO - INFO  : Concurrency mode is disabled, not creating a lock manager
[2025-03-20T10:33:37.803+0000] {subprocess.py:93} INFO - INFO  : Semantic Analysis Completed (retrial = false)
[2025-03-20T10:33:37.803+0000] {subprocess.py:93} INFO - INFO  : Returning Hive schema: Schema(fieldSchemas:[FieldSchema(name:t.transaction_id, type:string, comment:null), FieldSchema(name:t.date_time, type:string, comment:null), FieldSchema(name:t.amount, type:double, comment:null), FieldSchema(name:t.customer_id, type:string, comment:null), FieldSchema(name:t.location, type:string, comment:null), FieldSchema(name:fraud_reason, type:string, comment:null)], properties:null)
[2025-03-20T10:33:37.805+0000] {subprocess.py:93} INFO - INFO  : Completed compiling command(queryId=root_20250320103336_65c3c2c8-dfcd-43a8-bfef-1f74a5805679); Time taken: 0.372 seconds
[2025-03-20T10:33:37.805+0000] {subprocess.py:93} INFO - INFO  : Concurrency mode is disabled, not creating a lock manager
[2025-03-20T10:33:37.806+0000] {subprocess.py:93} INFO - INFO  : Executing command(queryId=root_20250320103336_65c3c2c8-dfcd-43a8-bfef-1f74a5805679): INSERT INTO TABLE fraud_detections
[2025-03-20T10:33:37.806+0000] {subprocess.py:93} INFO -     SELECT
[2025-03-20T10:33:37.807+0000] {subprocess.py:93} INFO -         t.transaction_id,
[2025-03-20T10:33:37.808+0000] {subprocess.py:93} INFO -         t.date_time,
[2025-03-20T10:33:37.808+0000] {subprocess.py:93} INFO -         t.amount,
[2025-03-20T10:33:37.809+0000] {subprocess.py:93} INFO -         t.customer_id,
[2025-03-20T10:33:37.810+0000] {subprocess.py:93} INFO -         t.location,
[2025-03-20T10:33:37.810+0000] {subprocess.py:93} INFO -         'High Amount' AS fraud_reason
[2025-03-20T10:33:37.811+0000] {subprocess.py:93} INFO -     FROM transactions t
[2025-03-20T10:33:37.811+0000] {subprocess.py:93} INFO -     WHERE t.batch_id = 'batch_0'
[2025-03-20T10:33:37.812+0000] {subprocess.py:93} INFO -     AND t.amount > 1000
[2025-03-20T10:33:37.812+0000] {subprocess.py:93} INFO - INFO  : Query ID = root_20250320103336_65c3c2c8-dfcd-43a8-bfef-1f74a5805679
[2025-03-20T10:33:37.813+0000] {subprocess.py:93} INFO - INFO  : Total jobs = 1
[2025-03-20T10:33:37.814+0000] {subprocess.py:93} INFO - INFO  : Launching Job 1 out of 1
[2025-03-20T10:33:37.814+0000] {subprocess.py:93} INFO - INFO  : Starting task [Stage-1:MAPRED] in serial mode
[2025-03-20T10:33:50.764+0000] {subprocess.py:93} INFO - ERROR : Failed to monitor Job[-1] with exception 'java.lang.IllegalStateException(Connection to remote Spark driver was lost)' Last known state = SENT
[2025-03-20T10:33:50.767+0000] {subprocess.py:93} INFO - java.lang.IllegalStateException: Connection to remote Spark driver was lost
[2025-03-20T10:33:50.768+0000] {subprocess.py:93} INFO - 	at com.google.common.base.Preconditions.checkState(Preconditions.java:174)
[2025-03-20T10:33:50.769+0000] {subprocess.py:93} INFO - 	at org.apache.hadoop.hive.ql.exec.spark.status.RemoteSparkJobMonitor.startMonitor(RemoteSparkJobMonitor.java:70)
[2025-03-20T10:33:50.770+0000] {subprocess.py:93} INFO - 	at org.apache.hadoop.hive.ql.exec.spark.status.impl.RemoteSparkJobRef.monitorJob(RemoteSparkJobRef.java:60)
[2025-03-20T10:33:50.771+0000] {subprocess.py:93} INFO - 	at org.apache.hadoop.hive.ql.exec.spark.SparkTask.execute(SparkTask.java:146)
[2025-03-20T10:33:50.771+0000] {subprocess.py:93} INFO - 	at org.apache.hadoop.hive.ql.exec.Task.executeTask(Task.java:205)
[2025-03-20T10:33:50.772+0000] {subprocess.py:93} INFO - 	at org.apache.hadoop.hive.ql.exec.TaskRunner.runSequential(TaskRunner.java:97)
[2025-03-20T10:33:50.773+0000] {subprocess.py:93} INFO - 	at org.apache.hadoop.hive.ql.Driver.launchTask(Driver.java:2664)
[2025-03-20T10:33:50.774+0000] {subprocess.py:93} INFO - 	at org.apache.hadoop.hive.ql.Driver.execute(Driver.java:2335)
[2025-03-20T10:33:50.774+0000] {subprocess.py:93} INFO - 	at org.apache.hadoop.hive.ql.Driver.runInternal(Driver.java:2011)
[2025-03-20T10:33:50.775+0000] {subprocess.py:93} INFO - 	at org.apache.hadoop.hive.ql.Driver.run(Driver.java:1709)
[2025-03-20T10:33:50.776+0000] {subprocess.py:93} INFO - 	at org.apache.hadoop.hive.ql.Driver.run(Driver.java:1703)
[2025-03-20T10:33:50.776+0000] {subprocess.py:93} INFO - 	at org.apache.hadoop.hive.ql.reexec.ReExecDriver.run(ReExecDriver.java:157)
[2025-03-20T10:33:50.777+0000] {subprocess.py:93} INFO - 	at org.apache.hive.service.cli.operation.SQLOperation.runQuery(SQLOperation.java:224)
[2025-03-20T10:33:50.778+0000] {subprocess.py:93} INFO - 	at org.apache.hive.service.cli.operation.SQLOperation.access$700(SQLOperation.java:87)
[2025-03-20T10:33:50.778+0000] {subprocess.py:93} INFO - 	at org.apache.hive.service.cli.operation.SQLOperation$BackgroundWork$1.run(SQLOperation.java:316)
[2025-03-20T10:33:50.779+0000] {subprocess.py:93} INFO - 	at java.security.AccessController.doPrivileged(Native Method)
[2025-03-20T10:33:50.780+0000] {subprocess.py:93} INFO - 	at javax.security.auth.Subject.doAs(Subject.java:422)
[2025-03-20T10:33:50.780+0000] {subprocess.py:93} INFO - 	at org.apache.hadoop.security.UserGroupInformation.doAs(UserGroupInformation.java:1682)
[2025-03-20T10:33:50.781+0000] {subprocess.py:93} INFO - 	at org.apache.hive.service.cli.operation.SQLOperation$BackgroundWork.run(SQLOperation.java:329)
[2025-03-20T10:33:50.782+0000] {subprocess.py:93} INFO - 	at java.util.concurrent.Executors$RunnableAdapter.call(Executors.java:511)
[2025-03-20T10:33:50.782+0000] {subprocess.py:93} INFO - 	at java.util.concurrent.FutureTask.run(FutureTask.java:266)
[2025-03-20T10:33:50.783+0000] {subprocess.py:93} INFO - 	at java.util.concurrent.ThreadPoolExecutor.runWorker(ThreadPoolExecutor.java:1149)
[2025-03-20T10:33:50.784+0000] {subprocess.py:93} INFO - 	at java.util.concurrent.ThreadPoolExecutor$Worker.run(ThreadPoolExecutor.java:624)
[2025-03-20T10:33:50.785+0000] {subprocess.py:93} INFO - 	at java.lang.Thread.run(Thread.java:750)
[2025-03-20T10:33:50.785+0000] {subprocess.py:93} INFO - 
[2025-03-20T10:33:50.786+0000] {subprocess.py:93} INFO - ERROR : FAILED: Execution Error, return code 1 from org.apache.hadoop.hive.ql.exec.spark.SparkTask. RPC channel is closed.
[2025-03-20T10:33:50.787+0000] {subprocess.py:93} INFO - INFO  : Completed executing command(queryId=root_20250320103336_65c3c2c8-dfcd-43a8-bfef-1f74a5805679); Time taken: 13.956 seconds
[2025-03-20T10:33:50.787+0000] {subprocess.py:93} INFO - INFO  : Concurrency mode is disabled, not creating a lock manager
[2025-03-20T10:33:50.788+0000] {subprocess.py:93} INFO - Error: Error while processing statement: FAILED: Execution Error, return code 1 from org.apache.hadoop.hive.ql.exec.spark.SparkTask. RPC channel is closed. (state=08S01,code=1)
[2025-03-20T10:33:50.801+0000] {subprocess.py:93} INFO - Closing: 0: jdbc:hive2://localhost:10000
[2025-03-20T10:33:50.866+0000] {subprocess.py:97} INFO - Command exited with return code 1
[2025-03-20T10:33:50.891+0000] {taskinstance.py:1935} ERROR - Task failed with exception
Traceback (most recent call last):
  File "/home/airflow/.local/lib/python3.8/site-packages/airflow/operators/bash.py", line 210, in execute
    raise AirflowException(
airflow.exceptions.AirflowException: Bash command failed. The command returned a non-zero exit code 1.
[2025-03-20T10:33:50.897+0000] {taskinstance.py:1398} INFO - Marking task as FAILED. dag_id=transactions_pipeline, task_id=detect_fraud, execution_date=20250320T094315, start_date=20250320T103332, end_date=20250320T103350
[2025-03-20T10:33:50.922+0000] {standard_task_runner.py:104} ERROR - Failed to execute job 251 for task detect_fraud (Bash command failed. The command returned a non-zero exit code 1.; 417)
[2025-03-20T10:33:50.952+0000] {local_task_job_runner.py:228} INFO - Task exited with return code 1
[2025-03-20T10:33:50.973+0000] {taskinstance.py:2776} INFO - 0 downstream tasks scheduled from follow-on schedule check
