[2025-03-21T13:55:51.423+0000] {taskinstance.py:1157} INFO - Dependencies all met for dep_context=non-requeueable deps ti=<TaskInstance: transactions_pipeline.create_processed_dir scheduled__2025-03-21T13:50:48.728384+00:00 [queued]>
[2025-03-21T13:55:51.438+0000] {taskinstance.py:1157} INFO - Dependencies all met for dep_context=requeueable deps ti=<TaskInstance: transactions_pipeline.create_processed_dir scheduled__2025-03-21T13:50:48.728384+00:00 [queued]>
[2025-03-21T13:55:51.439+0000] {taskinstance.py:1359} INFO - Starting attempt 1 of 1
[2025-03-21T13:55:51.473+0000] {taskinstance.py:1380} INFO - Executing <Task(BashOperator): create_processed_dir> on 2025-03-21 13:50:48.728384+00:00
[2025-03-21T13:55:51.492+0000] {standard_task_runner.py:57} INFO - Started process 1778 to run task
[2025-03-21T13:55:51.500+0000] {standard_task_runner.py:84} INFO - Running: ['***', 'tasks', 'run', 'transactions_pipeline', 'create_processed_dir', 'scheduled__2025-03-21T13:50:48.728384+00:00', '--job-id', '747', '--raw', '--subdir', 'DAGS_FOLDER/fraud_detection_pipeline.py', '--cfg-path', '/tmp/tmplrg_j_eh']
[2025-03-21T13:55:51.507+0000] {standard_task_runner.py:85} INFO - Job 747: Subtask create_processed_dir
[2025-03-21T13:55:51.719+0000] {task_command.py:415} INFO - Running <TaskInstance: transactions_pipeline.create_processed_dir scheduled__2025-03-21T13:50:48.728384+00:00 [running]> on host e95638583d4d
[2025-03-21T13:55:52.066+0000] {taskinstance.py:1660} INFO - Exporting env vars: AIRFLOW_CTX_DAG_EMAIL='rabiizahnoune7@gmail.com' AIRFLOW_CTX_DAG_OWNER='***' AIRFLOW_CTX_DAG_ID='transactions_pipeline' AIRFLOW_CTX_TASK_ID='create_processed_dir' AIRFLOW_CTX_EXECUTION_DATE='2025-03-21T13:50:48.728384+00:00' AIRFLOW_CTX_TRY_NUMBER='1' AIRFLOW_CTX_DAG_RUN_ID='scheduled__2025-03-21T13:50:48.728384+00:00'
[2025-03-21T13:55:52.070+0000] {subprocess.py:63} INFO - Tmp dir root location: /tmp
[2025-03-21T13:55:52.080+0000] {subprocess.py:75} INFO - Running command: ['/bin/bash', '-c', "docker exec kafka bash -c 'mkdir -p /data/transactions/processed'"]
[2025-03-21T13:55:52.113+0000] {subprocess.py:86} INFO - Output:
[2025-03-21T13:55:52.287+0000] {subprocess.py:97} INFO - Command exited with return code 0
[2025-03-21T13:55:50.979+0000] {taskinstance.py:1398} INFO - Marking task as SUCCESS. dag_id=transactions_pipeline, task_id=create_processed_dir, execution_date=20250321T135048, start_date=20250321T135551, end_date=20250321T135550
[2025-03-21T13:55:51.057+0000] {local_task_job_runner.py:228} INFO - Task exited with return code 0
[2025-03-21T13:55:51.112+0000] {dagrun.py:743} ERROR - Failed to get task for ti <TaskInstance: transactions_pipeline.copy_to_hdfs_batch_20250321_131230 scheduled__2025-03-21T13:50:48.728384+00:00 [None]>. Marking it as removed.
[2025-03-21T13:55:51.121+0000] {dagrun.py:743} ERROR - Failed to get task for ti <TaskInstance: transactions_pipeline.create_hive_table_batch_20250321_131230 scheduled__2025-03-21T13:50:48.728384+00:00 [None]>. Marking it as removed.
[2025-03-21T13:55:51.129+0000] {dagrun.py:743} ERROR - Failed to get task for ti <TaskInstance: transactions_pipeline.create_fraud_table_batch_20250321_131230 scheduled__2025-03-21T13:50:48.728384+00:00 [None]>. Marking it as removed.
[2025-03-21T13:55:51.136+0000] {dagrun.py:743} ERROR - Failed to get task for ti <TaskInstance: transactions_pipeline.detect_fraud_batch_20250321_131230 scheduled__2025-03-21T13:50:48.728384+00:00 [None]>. Marking it as removed.
[2025-03-21T13:55:51.142+0000] {dagrun.py:743} ERROR - Failed to get task for ti <TaskInstance: transactions_pipeline.move_processed_file_batch_20250321_131230 scheduled__2025-03-21T13:50:48.728384+00:00 [None]>. Marking it as removed.
[2025-03-21T13:55:51.148+0000] {dagrun.py:743} ERROR - Failed to get task for ti <TaskInstance: transactions_pipeline.copy_to_hdfs_batch_20250321_131546 scheduled__2025-03-21T13:50:48.728384+00:00 [None]>. Marking it as removed.
[2025-03-21T13:55:51.151+0000] {dagrun.py:743} ERROR - Failed to get task for ti <TaskInstance: transactions_pipeline.create_hive_table_batch_20250321_131546 scheduled__2025-03-21T13:50:48.728384+00:00 [None]>. Marking it as removed.
[2025-03-21T13:55:51.156+0000] {dagrun.py:743} ERROR - Failed to get task for ti <TaskInstance: transactions_pipeline.create_fraud_table_batch_20250321_131546 scheduled__2025-03-21T13:50:48.728384+00:00 [None]>. Marking it as removed.
[2025-03-21T13:55:51.160+0000] {dagrun.py:743} ERROR - Failed to get task for ti <TaskInstance: transactions_pipeline.detect_fraud_batch_20250321_131546 scheduled__2025-03-21T13:50:48.728384+00:00 [None]>. Marking it as removed.
[2025-03-21T13:55:51.163+0000] {dagrun.py:743} ERROR - Failed to get task for ti <TaskInstance: transactions_pipeline.move_processed_file_batch_20250321_131546 scheduled__2025-03-21T13:50:48.728384+00:00 [None]>. Marking it as removed.
[2025-03-21T13:55:51.180+0000] {taskinstance.py:2776} INFO - 1 downstream tasks scheduled from follow-on schedule check
