[2025-03-19T16:26:25.890+0000] {taskinstance.py:1157} INFO - Dependencies all met for dep_context=non-requeueable deps ti=<TaskInstance: transactions_pipeline.get_batch_id scheduled__2025-03-19T15:55:59.743823+00:00 [queued]>
[2025-03-19T16:26:25.915+0000] {taskinstance.py:1157} INFO - Dependencies all met for dep_context=requeueable deps ti=<TaskInstance: transactions_pipeline.get_batch_id scheduled__2025-03-19T15:55:59.743823+00:00 [queued]>
[2025-03-19T16:26:25.926+0000] {taskinstance.py:1359} INFO - Starting attempt 1 of 1
[2025-03-19T16:26:25.965+0000] {taskinstance.py:1380} INFO - Executing <Task(BashOperator): get_batch_id> on 2025-03-19 15:55:59.743823+00:00
[2025-03-19T16:26:25.979+0000] {standard_task_runner.py:57} INFO - Started process 906 to run task
[2025-03-19T16:26:25.986+0000] {standard_task_runner.py:84} INFO - Running: ['***', 'tasks', 'run', 'transactions_pipeline', 'get_batch_id', 'scheduled__2025-03-19T15:55:59.743823+00:00', '--job-id', '51', '--raw', '--subdir', 'DAGS_FOLDER/fraud_detection_pipeline.py', '--cfg-path', '/tmp/tmpunb7z8lh']
[2025-03-19T16:26:25.999+0000] {standard_task_runner.py:85} INFO - Job 51: Subtask get_batch_id
[2025-03-19T16:26:26.136+0000] {task_command.py:415} INFO - Running <TaskInstance: transactions_pipeline.get_batch_id scheduled__2025-03-19T15:55:59.743823+00:00 [running]> on host f76c4cf6a8a2
[2025-03-19T16:26:26.311+0000] {taskinstance.py:1660} INFO - Exporting env vars: AIRFLOW_CTX_DAG_OWNER='***' AIRFLOW_CTX_DAG_ID='transactions_pipeline' AIRFLOW_CTX_TASK_ID='get_batch_id' AIRFLOW_CTX_EXECUTION_DATE='2025-03-19T15:55:59.743823+00:00' AIRFLOW_CTX_TRY_NUMBER='1' AIRFLOW_CTX_DAG_RUN_ID='scheduled__2025-03-19T15:55:59.743823+00:00'
[2025-03-19T16:26:26.314+0000] {subprocess.py:63} INFO - Tmp dir root location: /tmp
[2025-03-19T16:26:26.317+0000] {subprocess.py:75} INFO - Running command: ['/bin/bash', '-c', "ls -t /data/transactions/transactions_batch_*.parquet | head -n 1 | grep -o '[0-9]*$'"]
[2025-03-19T16:26:26.332+0000] {subprocess.py:86} INFO - Output:
[2025-03-19T16:26:26.351+0000] {subprocess.py:93} INFO - ls: cannot access '/data/transactions/transactions_batch_*.parquet': Permission denied
[2025-03-19T16:26:26.352+0000] {subprocess.py:97} INFO - Command exited with return code 1
[2025-03-19T16:26:26.367+0000] {taskinstance.py:1935} ERROR - Task failed with exception
Traceback (most recent call last):
  File "/home/airflow/.local/lib/python3.8/site-packages/airflow/operators/bash.py", line 210, in execute
    raise AirflowException(
airflow.exceptions.AirflowException: Bash command failed. The command returned a non-zero exit code 1.
[2025-03-19T16:26:26.373+0000] {taskinstance.py:1398} INFO - Marking task as FAILED. dag_id=transactions_pipeline, task_id=get_batch_id, execution_date=20250319T155559, start_date=20250319T162625, end_date=20250319T162626
[2025-03-19T16:26:26.388+0000] {standard_task_runner.py:104} ERROR - Failed to execute job 51 for task get_batch_id (Bash command failed. The command returned a non-zero exit code 1.; 906)
[2025-03-19T16:26:26.405+0000] {local_task_job_runner.py:228} INFO - Task exited with return code 1
[2025-03-19T16:26:26.440+0000] {taskinstance.py:2776} INFO - 0 downstream tasks scheduled from follow-on schedule check
