[2025-03-21T13:23:09.743+0000] {taskinstance.py:1157} INFO - Dependencies all met for dep_context=non-requeueable deps ti=<TaskInstance: transactions_pipeline.create_hive_table_batch_20250321_131230 manual__2025-03-21T13:22:01.068828+00:00 [queued]>
[2025-03-21T13:23:09.782+0000] {taskinstance.py:1157} INFO - Dependencies all met for dep_context=requeueable deps ti=<TaskInstance: transactions_pipeline.create_hive_table_batch_20250321_131230 manual__2025-03-21T13:22:01.068828+00:00 [queued]>
[2025-03-21T13:23:09.784+0000] {taskinstance.py:1359} INFO - Starting attempt 1 of 1
[2025-03-21T13:23:09.885+0000] {taskinstance.py:1380} INFO - Executing <Task(BashOperator): create_hive_table_batch_20250321_131230> on 2025-03-21 13:22:01.068828+00:00
[2025-03-21T13:23:09.907+0000] {standard_task_runner.py:57} INFO - Started process 753 to run task
[2025-03-21T13:23:09.924+0000] {standard_task_runner.py:84} INFO - Running: ['***', 'tasks', 'run', 'transactions_pipeline', 'create_hive_table_batch_20250321_131230', 'manual__2025-03-21T13:22:01.068828+00:00', '--job-id', '588', '--raw', '--subdir', 'DAGS_FOLDER/fraud_detection_pipeline.py', '--cfg-path', '/tmp/tmp7dhzoi83']
[2025-03-21T13:23:09.940+0000] {standard_task_runner.py:85} INFO - Job 588: Subtask create_hive_table_batch_20250321_131230
[2025-03-21T13:23:10.136+0000] {task_command.py:415} INFO - Running <TaskInstance: transactions_pipeline.create_hive_table_batch_20250321_131230 manual__2025-03-21T13:22:01.068828+00:00 [running]> on host 1b7c3466167a
[2025-03-21T13:23:10.488+0000] {taskinstance.py:1660} INFO - Exporting env vars: AIRFLOW_CTX_DAG_EMAIL='rabiizahnoune7@gmail.com' AIRFLOW_CTX_DAG_OWNER='***' AIRFLOW_CTX_DAG_ID='transactions_pipeline' AIRFLOW_CTX_TASK_ID='create_hive_table_batch_20250321_131230' AIRFLOW_CTX_EXECUTION_DATE='2025-03-21T13:22:01.068828+00:00' AIRFLOW_CTX_TRY_NUMBER='1' AIRFLOW_CTX_DAG_RUN_ID='manual__2025-03-21T13:22:01.068828+00:00'
[2025-03-21T13:23:10.495+0000] {subprocess.py:63} INFO - Tmp dir root location: /tmp
[2025-03-21T13:23:10.498+0000] {subprocess.py:75} INFO - Running command: ['/bin/bash', '-c', '\n            docker exec hive beeline -u "jdbc:hive2://localhost:10000" --hiveconf hive.exec.dynamic.partition.mode=nonstrict -e "\n            CREATE EXTERNAL TABLE IF NOT EXISTS transactions (\n                transaction_id STRING,\n                date_time STRING,\n                amount DOUBLE,\n                currency STRING,\n                merchant_details STRING,\n                customer_id STRING,\n                transaction_type STRING,\n                location STRING\n            )\n            PARTITIONED BY (batch_id STRING)\n            STORED AS PARQUET;\n            ALTER TABLE transactions ADD IF NOT EXISTS PARTITION (batch_id=\'batch_20250321_131230\') LOCATION \'/data/transactions/transactions_batch_20250321_131230\';"\n            ']
[2025-03-21T13:23:10.544+0000] {subprocess.py:86} INFO - Output:
[2025-03-21T13:23:20.154+0000] {subprocess.py:93} INFO - SLF4J: Class path contains multiple SLF4J bindings.
[2025-03-21T13:23:20.157+0000] {subprocess.py:93} INFO - SLF4J: Found binding in [jar:file:/opt/hive/lib/log4j-slf4j-impl-2.17.1.jar!/org/slf4j/impl/StaticLoggerBinder.class]
[2025-03-21T13:23:20.158+0000] {subprocess.py:93} INFO - SLF4J: Found binding in [jar:file:/opt/hadoop/share/hadoop/common/lib/slf4j-log4j12-1.7.25.jar!/org/slf4j/impl/StaticLoggerBinder.class]
[2025-03-21T13:23:20.158+0000] {subprocess.py:93} INFO - SLF4J: See http://www.slf4j.org/codes.html#multiple_bindings for an explanation.
[2025-03-21T13:23:22.549+0000] {subprocess.py:93} INFO - SLF4J: Actual binding is of type [org.apache.logging.slf4j.Log4jLoggerFactory]
[2025-03-21T13:23:40.256+0000] {subprocess.py:93} INFO - Connecting to jdbc:hive2://localhost:10000
[2025-03-21T13:23:42.637+0000] {subprocess.py:93} INFO - Connected to: Apache Hive (version 3.1.3)
[2025-03-21T13:23:42.638+0000] {subprocess.py:93} INFO - Driver: Hive JDBC (version 3.1.3)
[2025-03-21T13:23:42.638+0000] {subprocess.py:93} INFO - Transaction isolation: TRANSACTION_REPEATABLE_READ
[2025-03-21T13:23:44.126+0000] {subprocess.py:93} INFO - INFO  : Compiling command(queryId=root_20250321132343_c84d0963-5c11-4bd3-b6be-b608d972d0d9): CREATE EXTERNAL TABLE IF NOT EXISTS transactions (
[2025-03-21T13:23:44.128+0000] {subprocess.py:93} INFO -                 transaction_id STRING,
[2025-03-21T13:23:44.128+0000] {subprocess.py:93} INFO -                 date_time STRING,
[2025-03-21T13:23:44.129+0000] {subprocess.py:93} INFO -                 amount DOUBLE,
[2025-03-21T13:23:44.129+0000] {subprocess.py:93} INFO -                 currency STRING,
[2025-03-21T13:23:44.130+0000] {subprocess.py:93} INFO -                 merchant_details STRING,
[2025-03-21T13:23:44.130+0000] {subprocess.py:93} INFO -                 customer_id STRING,
[2025-03-21T13:23:44.131+0000] {subprocess.py:93} INFO -                 transaction_type STRING,
[2025-03-21T13:23:44.131+0000] {subprocess.py:93} INFO -                 location STRING
[2025-03-21T13:23:44.132+0000] {subprocess.py:93} INFO -             )
[2025-03-21T13:23:44.132+0000] {subprocess.py:93} INFO -             PARTITIONED BY (batch_id STRING)
[2025-03-21T13:23:44.133+0000] {subprocess.py:93} INFO -             STORED AS PARQUET
[2025-03-21T13:23:44.133+0000] {subprocess.py:93} INFO - INFO  : Concurrency mode is disabled, not creating a lock manager
[2025-03-21T13:23:44.134+0000] {subprocess.py:93} INFO - INFO  : Semantic Analysis Completed (retrial = false)
[2025-03-21T13:23:44.134+0000] {subprocess.py:93} INFO - INFO  : Returning Hive schema: Schema(fieldSchemas:null, properties:null)
[2025-03-21T13:23:44.135+0000] {subprocess.py:93} INFO - INFO  : Completed compiling command(queryId=root_20250321132343_c84d0963-5c11-4bd3-b6be-b608d972d0d9); Time taken: 0.101 seconds
[2025-03-21T13:23:44.135+0000] {subprocess.py:93} INFO - INFO  : Concurrency mode is disabled, not creating a lock manager
[2025-03-21T13:23:44.136+0000] {subprocess.py:93} INFO - INFO  : Executing command(queryId=root_20250321132343_c84d0963-5c11-4bd3-b6be-b608d972d0d9): CREATE EXTERNAL TABLE IF NOT EXISTS transactions (
[2025-03-21T13:23:44.137+0000] {subprocess.py:93} INFO -                 transaction_id STRING,
[2025-03-21T13:23:44.138+0000] {subprocess.py:93} INFO -                 date_time STRING,
[2025-03-21T13:23:44.139+0000] {subprocess.py:93} INFO -                 amount DOUBLE,
[2025-03-21T13:23:44.140+0000] {subprocess.py:93} INFO -                 currency STRING,
[2025-03-21T13:23:44.141+0000] {subprocess.py:93} INFO -                 merchant_details STRING,
[2025-03-21T13:23:44.141+0000] {subprocess.py:93} INFO -                 customer_id STRING,
[2025-03-21T13:23:44.142+0000] {subprocess.py:93} INFO -                 transaction_type STRING,
[2025-03-21T13:23:44.143+0000] {subprocess.py:93} INFO -                 location STRING
[2025-03-21T13:23:44.143+0000] {subprocess.py:93} INFO -             )
[2025-03-21T13:23:44.144+0000] {subprocess.py:93} INFO -             PARTITIONED BY (batch_id STRING)
[2025-03-21T13:23:44.144+0000] {subprocess.py:93} INFO -             STORED AS PARQUET
[2025-03-21T13:23:44.145+0000] {subprocess.py:93} INFO - INFO  : Completed executing command(queryId=root_20250321132343_c84d0963-5c11-4bd3-b6be-b608d972d0d9); Time taken: 0.088 seconds
[2025-03-21T13:23:44.145+0000] {subprocess.py:93} INFO - INFO  : OK
[2025-03-21T13:23:44.146+0000] {subprocess.py:93} INFO - INFO  : Concurrency mode is disabled, not creating a lock manager
[2025-03-21T13:23:44.212+0000] {subprocess.py:93} INFO - No rows affected (1.281 seconds)
[2025-03-21T13:23:45.325+0000] {subprocess.py:93} INFO - INFO  : Compiling command(queryId=root_20250321132344_5e4b3cfa-606c-4f75-b7b5-2bc66f59d3dc): ALTER TABLE transactions ADD IF NOT EXISTS PARTITION (batch_id='batch_20250321_131230') LOCATION '/data/transactions/transactions_batch_20250321_131230'
[2025-03-21T13:23:45.326+0000] {subprocess.py:93} INFO - INFO  : Concurrency mode is disabled, not creating a lock manager
[2025-03-21T13:23:45.327+0000] {subprocess.py:93} INFO - INFO  : Semantic Analysis Completed (retrial = false)
[2025-03-21T13:23:45.328+0000] {subprocess.py:93} INFO - INFO  : Returning Hive schema: Schema(fieldSchemas:null, properties:null)
[2025-03-21T13:23:45.328+0000] {subprocess.py:93} INFO - INFO  : Completed compiling command(queryId=root_20250321132344_5e4b3cfa-606c-4f75-b7b5-2bc66f59d3dc); Time taken: 0.104 seconds
[2025-03-21T13:23:45.329+0000] {subprocess.py:93} INFO - INFO  : Concurrency mode is disabled, not creating a lock manager
[2025-03-21T13:23:45.330+0000] {subprocess.py:93} INFO - INFO  : Executing command(queryId=root_20250321132344_5e4b3cfa-606c-4f75-b7b5-2bc66f59d3dc): ALTER TABLE transactions ADD IF NOT EXISTS PARTITION (batch_id='batch_20250321_131230') LOCATION '/data/transactions/transactions_batch_20250321_131230'
[2025-03-21T13:23:45.330+0000] {subprocess.py:93} INFO - INFO  : Starting task [Stage-0:DDL] in serial mode
[2025-03-21T13:23:45.331+0000] {subprocess.py:93} INFO - INFO  : Completed executing command(queryId=root_20250321132344_5e4b3cfa-606c-4f75-b7b5-2bc66f59d3dc); Time taken: 0.504 seconds
[2025-03-21T13:23:45.331+0000] {subprocess.py:93} INFO - INFO  : OK
[2025-03-21T13:23:45.333+0000] {subprocess.py:93} INFO - INFO  : Concurrency mode is disabled, not creating a lock manager
[2025-03-21T13:23:45.336+0000] {subprocess.py:93} INFO - No rows affected (1.008 seconds)
[2025-03-21T13:23:45.406+0000] {subprocess.py:93} INFO - Beeline version 3.1.3 by Apache Hive
[2025-03-21T13:23:45.433+0000] {subprocess.py:93} INFO - Closing: 0: jdbc:hive2://localhost:10000
[2025-03-21T13:23:45.720+0000] {subprocess.py:97} INFO - Command exited with return code 0
[2025-03-21T13:23:45.804+0000] {taskinstance.py:1398} INFO - Marking task as SUCCESS. dag_id=transactions_pipeline, task_id=create_hive_table_batch_20250321_131230, execution_date=20250321T132201, start_date=20250321T132309, end_date=20250321T132345
[2025-03-21T13:23:45.861+0000] {local_task_job_runner.py:228} INFO - Task exited with return code 0
[2025-03-21T13:23:45.899+0000] {taskinstance.py:2776} INFO - 1 downstream tasks scheduled from follow-on schedule check
