[2025-03-21T13:23:09.698+0000] {taskinstance.py:1157} INFO - Dependencies all met for dep_context=non-requeueable deps ti=<TaskInstance: transactions_pipeline.create_hive_table_batch_20250321_131625 manual__2025-03-21T13:22:01.068828+00:00 [queued]>
[2025-03-21T13:23:09.726+0000] {taskinstance.py:1157} INFO - Dependencies all met for dep_context=requeueable deps ti=<TaskInstance: transactions_pipeline.create_hive_table_batch_20250321_131625 manual__2025-03-21T13:22:01.068828+00:00 [queued]>
[2025-03-21T13:23:09.730+0000] {taskinstance.py:1359} INFO - Starting attempt 1 of 1
[2025-03-21T13:23:09.800+0000] {taskinstance.py:1380} INFO - Executing <Task(BashOperator): create_hive_table_batch_20250321_131625> on 2025-03-21 13:22:01.068828+00:00
[2025-03-21T13:23:09.822+0000] {standard_task_runner.py:57} INFO - Started process 749 to run task
[2025-03-21T13:23:09.831+0000] {standard_task_runner.py:84} INFO - Running: ['***', 'tasks', 'run', 'transactions_pipeline', 'create_hive_table_batch_20250321_131625', 'manual__2025-03-21T13:22:01.068828+00:00', '--job-id', '587', '--raw', '--subdir', 'DAGS_FOLDER/fraud_detection_pipeline.py', '--cfg-path', '/tmp/tmphyxo5sjm']
[2025-03-21T13:23:09.842+0000] {standard_task_runner.py:85} INFO - Job 587: Subtask create_hive_table_batch_20250321_131625
[2025-03-21T13:23:10.056+0000] {task_command.py:415} INFO - Running <TaskInstance: transactions_pipeline.create_hive_table_batch_20250321_131625 manual__2025-03-21T13:22:01.068828+00:00 [running]> on host 1b7c3466167a
[2025-03-21T13:23:10.401+0000] {taskinstance.py:1660} INFO - Exporting env vars: AIRFLOW_CTX_DAG_EMAIL='rabiizahnoune7@gmail.com' AIRFLOW_CTX_DAG_OWNER='***' AIRFLOW_CTX_DAG_ID='transactions_pipeline' AIRFLOW_CTX_TASK_ID='create_hive_table_batch_20250321_131625' AIRFLOW_CTX_EXECUTION_DATE='2025-03-21T13:22:01.068828+00:00' AIRFLOW_CTX_TRY_NUMBER='1' AIRFLOW_CTX_DAG_RUN_ID='manual__2025-03-21T13:22:01.068828+00:00'
[2025-03-21T13:23:10.408+0000] {subprocess.py:63} INFO - Tmp dir root location: /tmp
[2025-03-21T13:23:10.410+0000] {subprocess.py:75} INFO - Running command: ['/bin/bash', '-c', '\n            docker exec hive beeline -u "jdbc:hive2://localhost:10000" --hiveconf hive.exec.dynamic.partition.mode=nonstrict -e "\n            CREATE EXTERNAL TABLE IF NOT EXISTS transactions (\n                transaction_id STRING,\n                date_time STRING,\n                amount DOUBLE,\n                currency STRING,\n                merchant_details STRING,\n                customer_id STRING,\n                transaction_type STRING,\n                location STRING\n            )\n            PARTITIONED BY (batch_id STRING)\n            STORED AS PARQUET;\n            ALTER TABLE transactions ADD IF NOT EXISTS PARTITION (batch_id=\'batch_20250321_131625\') LOCATION \'/data/transactions/transactions_batch_20250321_131625\';"\n            ']
[2025-03-21T13:23:10.474+0000] {subprocess.py:86} INFO - Output:
[2025-03-21T13:23:20.547+0000] {subprocess.py:93} INFO - SLF4J: Class path contains multiple SLF4J bindings.
[2025-03-21T13:23:20.549+0000] {subprocess.py:93} INFO - SLF4J: Found binding in [jar:file:/opt/hive/lib/log4j-slf4j-impl-2.17.1.jar!/org/slf4j/impl/StaticLoggerBinder.class]
[2025-03-21T13:23:20.551+0000] {subprocess.py:93} INFO - SLF4J: Found binding in [jar:file:/opt/hadoop/share/hadoop/common/lib/slf4j-log4j12-1.7.25.jar!/org/slf4j/impl/StaticLoggerBinder.class]
[2025-03-21T13:23:20.552+0000] {subprocess.py:93} INFO - SLF4J: See http://www.slf4j.org/codes.html#multiple_bindings for an explanation.
[2025-03-21T13:23:24.149+0000] {subprocess.py:93} INFO - SLF4J: Actual binding is of type [org.apache.logging.slf4j.Log4jLoggerFactory]
[2025-03-21T13:23:40.763+0000] {subprocess.py:93} INFO - Connecting to jdbc:hive2://localhost:10000
[2025-03-21T13:23:42.626+0000] {subprocess.py:93} INFO - Connected to: Apache Hive (version 3.1.3)
[2025-03-21T13:23:42.635+0000] {subprocess.py:93} INFO - Driver: Hive JDBC (version 3.1.3)
[2025-03-21T13:23:42.636+0000] {subprocess.py:93} INFO - Transaction isolation: TRANSACTION_REPEATABLE_READ
[2025-03-21T13:23:43.910+0000] {subprocess.py:93} INFO - INFO  : Compiling command(queryId=root_20250321132343_13874cc6-6f9f-4e81-a03b-39e7f1ed26ca): CREATE EXTERNAL TABLE IF NOT EXISTS transactions (
[2025-03-21T13:23:43.912+0000] {subprocess.py:93} INFO -                 transaction_id STRING,
[2025-03-21T13:23:43.914+0000] {subprocess.py:93} INFO -                 date_time STRING,
[2025-03-21T13:23:43.916+0000] {subprocess.py:93} INFO -                 amount DOUBLE,
[2025-03-21T13:23:43.917+0000] {subprocess.py:93} INFO -                 currency STRING,
[2025-03-21T13:23:43.918+0000] {subprocess.py:93} INFO -                 merchant_details STRING,
[2025-03-21T13:23:43.921+0000] {subprocess.py:93} INFO -                 customer_id STRING,
[2025-03-21T13:23:43.923+0000] {subprocess.py:93} INFO -                 transaction_type STRING,
[2025-03-21T13:23:43.925+0000] {subprocess.py:93} INFO -                 location STRING
[2025-03-21T13:23:43.927+0000] {subprocess.py:93} INFO -             )
[2025-03-21T13:23:43.931+0000] {subprocess.py:93} INFO -             PARTITIONED BY (batch_id STRING)
[2025-03-21T13:23:43.933+0000] {subprocess.py:93} INFO -             STORED AS PARQUET
[2025-03-21T13:23:43.934+0000] {subprocess.py:93} INFO - INFO  : Concurrency mode is disabled, not creating a lock manager
[2025-03-21T13:23:43.934+0000] {subprocess.py:93} INFO - INFO  : Semantic Analysis Completed (retrial = false)
[2025-03-21T13:23:43.935+0000] {subprocess.py:93} INFO - INFO  : Returning Hive schema: Schema(fieldSchemas:null, properties:null)
[2025-03-21T13:23:43.936+0000] {subprocess.py:93} INFO - INFO  : Completed compiling command(queryId=root_20250321132343_13874cc6-6f9f-4e81-a03b-39e7f1ed26ca); Time taken: 0.108 seconds
[2025-03-21T13:23:43.937+0000] {subprocess.py:93} INFO - INFO  : Concurrency mode is disabled, not creating a lock manager
[2025-03-21T13:23:43.938+0000] {subprocess.py:93} INFO - INFO  : Executing command(queryId=root_20250321132343_13874cc6-6f9f-4e81-a03b-39e7f1ed26ca): CREATE EXTERNAL TABLE IF NOT EXISTS transactions (
[2025-03-21T13:23:43.939+0000] {subprocess.py:93} INFO -                 transaction_id STRING,
[2025-03-21T13:23:43.939+0000] {subprocess.py:93} INFO -                 date_time STRING,
[2025-03-21T13:23:43.940+0000] {subprocess.py:93} INFO -                 amount DOUBLE,
[2025-03-21T13:23:43.941+0000] {subprocess.py:93} INFO -                 currency STRING,
[2025-03-21T13:23:43.942+0000] {subprocess.py:93} INFO -                 merchant_details STRING,
[2025-03-21T13:23:43.943+0000] {subprocess.py:93} INFO -                 customer_id STRING,
[2025-03-21T13:23:43.943+0000] {subprocess.py:93} INFO -                 transaction_type STRING,
[2025-03-21T13:23:43.944+0000] {subprocess.py:93} INFO -                 location STRING
[2025-03-21T13:23:43.945+0000] {subprocess.py:93} INFO -             )
[2025-03-21T13:23:43.946+0000] {subprocess.py:93} INFO -             PARTITIONED BY (batch_id STRING)
[2025-03-21T13:23:43.946+0000] {subprocess.py:93} INFO -             STORED AS PARQUET
[2025-03-21T13:23:43.947+0000] {subprocess.py:93} INFO - INFO  : Completed executing command(queryId=root_20250321132343_13874cc6-6f9f-4e81-a03b-39e7f1ed26ca); Time taken: 0.002 seconds
[2025-03-21T13:23:43.949+0000] {subprocess.py:93} INFO - INFO  : OK
[2025-03-21T13:23:43.950+0000] {subprocess.py:93} INFO - INFO  : Concurrency mode is disabled, not creating a lock manager
[2025-03-21T13:23:44.010+0000] {subprocess.py:93} INFO - No rows affected (1.18 seconds)
[2025-03-21T13:23:45.121+0000] {subprocess.py:93} INFO - INFO  : Compiling command(queryId=root_20250321132344_234d50c1-7606-4837-ac2e-53fb4987f1dc): ALTER TABLE transactions ADD IF NOT EXISTS PARTITION (batch_id='batch_20250321_131625') LOCATION '/data/transactions/transactions_batch_20250321_131625'
[2025-03-21T13:23:45.123+0000] {subprocess.py:93} INFO - INFO  : Concurrency mode is disabled, not creating a lock manager
[2025-03-21T13:23:45.124+0000] {subprocess.py:93} INFO - INFO  : Semantic Analysis Completed (retrial = false)
[2025-03-21T13:23:45.124+0000] {subprocess.py:93} INFO - INFO  : Returning Hive schema: Schema(fieldSchemas:null, properties:null)
[2025-03-21T13:23:45.125+0000] {subprocess.py:93} INFO - INFO  : Completed compiling command(queryId=root_20250321132344_234d50c1-7606-4837-ac2e-53fb4987f1dc); Time taken: 0.118 seconds
[2025-03-21T13:23:45.126+0000] {subprocess.py:93} INFO - INFO  : Concurrency mode is disabled, not creating a lock manager
[2025-03-21T13:23:45.127+0000] {subprocess.py:93} INFO - INFO  : Executing command(queryId=root_20250321132344_234d50c1-7606-4837-ac2e-53fb4987f1dc): ALTER TABLE transactions ADD IF NOT EXISTS PARTITION (batch_id='batch_20250321_131625') LOCATION '/data/transactions/transactions_batch_20250321_131625'
[2025-03-21T13:23:45.128+0000] {subprocess.py:93} INFO - INFO  : Starting task [Stage-0:DDL] in serial mode
[2025-03-21T13:23:45.128+0000] {subprocess.py:93} INFO - INFO  : Completed executing command(queryId=root_20250321132344_234d50c1-7606-4837-ac2e-53fb4987f1dc); Time taken: 0.233 seconds
[2025-03-21T13:23:45.129+0000] {subprocess.py:93} INFO - INFO  : OK
[2025-03-21T13:23:45.133+0000] {subprocess.py:93} INFO - INFO  : Concurrency mode is disabled, not creating a lock manager
[2025-03-21T13:23:45.134+0000] {subprocess.py:93} INFO - No rows affected (1.014 seconds)
[2025-03-21T13:23:45.143+0000] {subprocess.py:93} INFO - Beeline version 3.1.3 by Apache Hive
[2025-03-21T13:23:45.229+0000] {subprocess.py:93} INFO - Closing: 0: jdbc:hive2://localhost:10000
[2025-03-21T13:23:45.534+0000] {subprocess.py:97} INFO - Command exited with return code 0
[2025-03-21T13:23:45.576+0000] {taskinstance.py:1398} INFO - Marking task as SUCCESS. dag_id=transactions_pipeline, task_id=create_hive_table_batch_20250321_131625, execution_date=20250321T132201, start_date=20250321T132309, end_date=20250321T132345
[2025-03-21T13:23:45.643+0000] {local_task_job_runner.py:228} INFO - Task exited with return code 0
[2025-03-21T13:23:45.711+0000] {taskinstance.py:2776} INFO - 1 downstream tasks scheduled from follow-on schedule check
