[2025-03-21T14:20:58.848+0000] {taskinstance.py:1157} INFO - Dependencies all met for dep_context=non-requeueable deps ti=<TaskInstance: transactions_pipeline.create_fraud_table_batch_20250321_141918 manual__2025-03-21T14:20:41.080891+00:00 [queued]>
[2025-03-21T14:20:58.867+0000] {taskinstance.py:1157} INFO - Dependencies all met for dep_context=requeueable deps ti=<TaskInstance: transactions_pipeline.create_fraud_table_batch_20250321_141918 manual__2025-03-21T14:20:41.080891+00:00 [queued]>
[2025-03-21T14:20:58.869+0000] {taskinstance.py:1359} INFO - Starting attempt 1 of 1
[2025-03-21T14:20:58.908+0000] {taskinstance.py:1380} INFO - Executing <Task(BashOperator): create_fraud_table_batch_20250321_141918> on 2025-03-21 14:20:41.080891+00:00
[2025-03-21T14:20:58.919+0000] {standard_task_runner.py:57} INFO - Started process 3450 to run task
[2025-03-21T14:20:58.925+0000] {standard_task_runner.py:84} INFO - Running: ['***', 'tasks', 'run', 'transactions_pipeline', 'create_fraud_table_batch_20250321_141918', 'manual__2025-03-21T14:20:41.080891+00:00', '--job-id', '777', '--raw', '--subdir', 'DAGS_FOLDER/fraud_detection_pipeline.py', '--cfg-path', '/tmp/tmpod329dq3']
[2025-03-21T14:20:58.930+0000] {standard_task_runner.py:85} INFO - Job 777: Subtask create_fraud_table_batch_20250321_141918
[2025-03-21T14:20:59.006+0000] {task_command.py:415} INFO - Running <TaskInstance: transactions_pipeline.create_fraud_table_batch_20250321_141918 manual__2025-03-21T14:20:41.080891+00:00 [running]> on host e95638583d4d
[2025-03-21T14:20:59.137+0000] {taskinstance.py:1660} INFO - Exporting env vars: AIRFLOW_CTX_DAG_EMAIL='rabiizahnoune7@gmail.com' AIRFLOW_CTX_DAG_OWNER='***' AIRFLOW_CTX_DAG_ID='transactions_pipeline' AIRFLOW_CTX_TASK_ID='create_fraud_table_batch_20250321_141918' AIRFLOW_CTX_EXECUTION_DATE='2025-03-21T14:20:41.080891+00:00' AIRFLOW_CTX_TRY_NUMBER='1' AIRFLOW_CTX_DAG_RUN_ID='manual__2025-03-21T14:20:41.080891+00:00'
[2025-03-21T14:20:59.139+0000] {subprocess.py:63} INFO - Tmp dir root location: /tmp
[2025-03-21T14:20:59.140+0000] {subprocess.py:75} INFO - Running command: ['/bin/bash', '-c', '\n            docker exec hive beeline -u "jdbc:hive2://localhost:10000" --hiveconf hive.exec.dynamic.partition.mode=nonstrict -e "\n            CREATE EXTERNAL TABLE IF NOT EXISTS fraud_detections (\n                transaction_id STRING,\n                date_time STRING,\n                amount DOUBLE,\n                customer_id STRING,\n                location STRING,\n                fraud_reason STRING\n            )\n            PARTITIONED BY (batch_id STRING)\n            STORED AS PARQUET\n            LOCATION \'/data/fraud_detections\';"\n            ']
[2025-03-21T14:20:59.154+0000] {subprocess.py:86} INFO - Output:
[2025-03-21T14:21:00.344+0000] {subprocess.py:93} INFO - SLF4J: Class path contains multiple SLF4J bindings.
[2025-03-21T14:21:00.348+0000] {subprocess.py:93} INFO - SLF4J: Found binding in [jar:file:/opt/hive/lib/log4j-slf4j-impl-2.17.1.jar!/org/slf4j/impl/StaticLoggerBinder.class]
[2025-03-21T14:21:00.349+0000] {subprocess.py:93} INFO - SLF4J: Found binding in [jar:file:/opt/hadoop/share/hadoop/common/lib/slf4j-log4j12-1.7.25.jar!/org/slf4j/impl/StaticLoggerBinder.class]
[2025-03-21T14:21:00.350+0000] {subprocess.py:93} INFO - SLF4J: See http://www.slf4j.org/codes.html#multiple_bindings for an explanation.
[2025-03-21T14:21:00.602+0000] {subprocess.py:93} INFO - SLF4J: Actual binding is of type [org.apache.logging.slf4j.Log4jLoggerFactory]
[2025-03-21T14:21:01.698+0000] {subprocess.py:93} INFO - Connecting to jdbc:hive2://localhost:10000
[2025-03-21T14:21:01.909+0000] {subprocess.py:93} INFO - Connected to: Apache Hive (version 3.1.3)
[2025-03-21T14:21:01.910+0000] {subprocess.py:93} INFO - Driver: Hive JDBC (version 3.1.3)
[2025-03-21T14:21:01.910+0000] {subprocess.py:93} INFO - Transaction isolation: TRANSACTION_REPEATABLE_READ
[2025-03-21T14:21:02.011+0000] {subprocess.py:93} INFO - INFO  : Compiling command(queryId=root_20250321142101_55ab4b2b-a329-453f-932e-d7a29404fe6d): CREATE EXTERNAL TABLE IF NOT EXISTS fraud_detections (
[2025-03-21T14:21:02.012+0000] {subprocess.py:93} INFO -                 transaction_id STRING,
[2025-03-21T14:21:02.013+0000] {subprocess.py:93} INFO -                 date_time STRING,
[2025-03-21T14:21:02.013+0000] {subprocess.py:93} INFO -                 amount DOUBLE,
[2025-03-21T14:21:02.014+0000] {subprocess.py:93} INFO -                 customer_id STRING,
[2025-03-21T14:21:02.015+0000] {subprocess.py:93} INFO -                 location STRING,
[2025-03-21T14:21:02.016+0000] {subprocess.py:93} INFO -                 fraud_reason STRING
[2025-03-21T14:21:02.016+0000] {subprocess.py:93} INFO -             )
[2025-03-21T14:21:02.017+0000] {subprocess.py:93} INFO -             PARTITIONED BY (batch_id STRING)
[2025-03-21T14:21:02.018+0000] {subprocess.py:93} INFO -             STORED AS PARQUET
[2025-03-21T14:21:02.018+0000] {subprocess.py:93} INFO -             LOCATION '/data/fraud_detections'
[2025-03-21T14:21:02.019+0000] {subprocess.py:93} INFO - INFO  : Concurrency mode is disabled, not creating a lock manager
[2025-03-21T14:21:02.019+0000] {subprocess.py:93} INFO - INFO  : Semantic Analysis Completed (retrial = false)
[2025-03-21T14:21:02.020+0000] {subprocess.py:93} INFO - INFO  : Returning Hive schema: Schema(fieldSchemas:null, properties:null)
[2025-03-21T14:21:02.021+0000] {subprocess.py:93} INFO - INFO  : Completed compiling command(queryId=root_20250321142101_55ab4b2b-a329-453f-932e-d7a29404fe6d); Time taken: 0.021 seconds
[2025-03-21T14:21:02.022+0000] {subprocess.py:93} INFO - INFO  : Concurrency mode is disabled, not creating a lock manager
[2025-03-21T14:21:02.023+0000] {subprocess.py:93} INFO - INFO  : Executing command(queryId=root_20250321142101_55ab4b2b-a329-453f-932e-d7a29404fe6d): CREATE EXTERNAL TABLE IF NOT EXISTS fraud_detections (
[2025-03-21T14:21:02.024+0000] {subprocess.py:93} INFO -                 transaction_id STRING,
[2025-03-21T14:21:02.026+0000] {subprocess.py:93} INFO -                 date_time STRING,
[2025-03-21T14:21:02.027+0000] {subprocess.py:93} INFO -                 amount DOUBLE,
[2025-03-21T14:21:02.028+0000] {subprocess.py:93} INFO -                 customer_id STRING,
[2025-03-21T14:21:02.028+0000] {subprocess.py:93} INFO -                 location STRING,
[2025-03-21T14:21:02.029+0000] {subprocess.py:93} INFO -                 fraud_reason STRING
[2025-03-21T14:21:02.031+0000] {subprocess.py:93} INFO -             )
[2025-03-21T14:21:02.033+0000] {subprocess.py:93} INFO -             PARTITIONED BY (batch_id STRING)
[2025-03-21T14:21:02.034+0000] {subprocess.py:93} INFO -             STORED AS PARQUET
[2025-03-21T14:21:02.035+0000] {subprocess.py:93} INFO -             LOCATION '/data/fraud_detections'
[2025-03-21T14:21:02.036+0000] {subprocess.py:93} INFO - INFO  : Completed executing command(queryId=root_20250321142101_55ab4b2b-a329-453f-932e-d7a29404fe6d); Time taken: 0.0 seconds
[2025-03-21T14:21:02.036+0000] {subprocess.py:93} INFO - INFO  : OK
[2025-03-21T14:21:02.037+0000] {subprocess.py:93} INFO - INFO  : Concurrency mode is disabled, not creating a lock manager
[2025-03-21T14:21:02.038+0000] {subprocess.py:93} INFO - No rows affected (0.086 seconds)
[2025-03-21T14:21:02.038+0000] {subprocess.py:93} INFO - Beeline version 3.1.3 by Apache Hive
[2025-03-21T14:21:02.042+0000] {subprocess.py:93} INFO - Closing: 0: jdbc:hive2://localhost:10000
[2025-03-21T14:21:02.096+0000] {subprocess.py:97} INFO - Command exited with return code 0
[2025-03-21T14:21:02.149+0000] {taskinstance.py:1398} INFO - Marking task as SUCCESS. dag_id=transactions_pipeline, task_id=create_fraud_table_batch_20250321_141918, execution_date=20250321T142041, start_date=20250321T142058, end_date=20250321T142102
[2025-03-21T14:21:02.221+0000] {local_task_job_runner.py:228} INFO - Task exited with return code 0
[2025-03-21T14:21:02.256+0000] {taskinstance.py:2776} INFO - 1 downstream tasks scheduled from follow-on schedule check
