[2025-03-21T09:45:08.263+0000] {taskinstance.py:1157} INFO - Dependencies all met for dep_context=non-requeueable deps ti=<TaskInstance: transactions_pipeline.create_hive_table scheduled__2025-03-21T08:54:58.540079+00:00 [queued]>
[2025-03-21T09:45:08.278+0000] {taskinstance.py:1157} INFO - Dependencies all met for dep_context=requeueable deps ti=<TaskInstance: transactions_pipeline.create_hive_table scheduled__2025-03-21T08:54:58.540079+00:00 [queued]>
[2025-03-21T09:45:08.279+0000] {taskinstance.py:1359} INFO - Starting attempt 1 of 2
[2025-03-21T09:45:08.298+0000] {taskinstance.py:1380} INFO - Executing <Task(BashOperator): create_hive_table> on 2025-03-21 08:54:58.540079+00:00
[2025-03-21T09:45:08.308+0000] {standard_task_runner.py:57} INFO - Started process 3757 to run task
[2025-03-21T09:45:08.312+0000] {standard_task_runner.py:84} INFO - Running: ['***', 'tasks', 'run', 'transactions_pipeline', 'create_hive_table', 'scheduled__2025-03-21T08:54:58.540079+00:00', '--job-id', '486', '--raw', '--subdir', 'DAGS_FOLDER/fraud_detection_pipeline.py', '--cfg-path', '/tmp/tmpk4x7e_hl']
[2025-03-21T09:45:08.316+0000] {standard_task_runner.py:85} INFO - Job 486: Subtask create_hive_table
[2025-03-21T09:45:08.383+0000] {task_command.py:415} INFO - Running <TaskInstance: transactions_pipeline.create_hive_table scheduled__2025-03-21T08:54:58.540079+00:00 [running]> on host 6688e233cb20
[2025-03-21T09:45:08.525+0000] {taskinstance.py:1660} INFO - Exporting env vars: AIRFLOW_CTX_DAG_EMAIL='rabiizahnoune7@gmail.com' AIRFLOW_CTX_DAG_OWNER='***' AIRFLOW_CTX_DAG_ID='transactions_pipeline' AIRFLOW_CTX_TASK_ID='create_hive_table' AIRFLOW_CTX_EXECUTION_DATE='2025-03-21T08:54:58.540079+00:00' AIRFLOW_CTX_TRY_NUMBER='1' AIRFLOW_CTX_DAG_RUN_ID='scheduled__2025-03-21T08:54:58.540079+00:00'
[2025-03-21T09:45:08.526+0000] {subprocess.py:63} INFO - Tmp dir root location: /tmp
[2025-03-21T09:45:08.527+0000] {subprocess.py:75} INFO - Running command: ['/bin/bash', '-c', '\n        docker exec hive beeline -u "jdbc:hive2://localhost:10000" --hiveconf hive.exec.dynamic.partition.mode=nonstrict -e "\n        CREATE EXTERNAL TABLE IF NOT EXISTS transactions (\n            transaction_id STRING,\n            date_time STRING,\n            amount DOUBLE,\n            currency STRING,\n            merchant_details STRING,\n            customer_id STRING,\n            transaction_type STRING,\n            location STRING\n        )\n        PARTITIONED BY (batch_id STRING)\n        STORED AS PARQUET;\n        ALTER TABLE transactions ADD IF NOT EXISTS PARTITION (batch_id=\'batch_20250320_144447\') LOCATION \'/data/transactions/transactions_batch_20250320_144447\';"\n        ']
[2025-03-21T09:45:08.541+0000] {subprocess.py:86} INFO - Output:
[2025-03-21T09:45:09.618+0000] {subprocess.py:93} INFO - SLF4J: Class path contains multiple SLF4J bindings.
[2025-03-21T09:45:09.619+0000] {subprocess.py:93} INFO - SLF4J: Found binding in [jar:file:/opt/hive/lib/log4j-slf4j-impl-2.17.1.jar!/org/slf4j/impl/StaticLoggerBinder.class]
[2025-03-21T09:45:09.620+0000] {subprocess.py:93} INFO - SLF4J: Found binding in [jar:file:/opt/hadoop/share/hadoop/common/lib/slf4j-log4j12-1.7.25.jar!/org/slf4j/impl/StaticLoggerBinder.class]
[2025-03-21T09:45:09.621+0000] {subprocess.py:93} INFO - SLF4J: See http://www.slf4j.org/codes.html#multiple_bindings for an explanation.
[2025-03-21T09:45:09.758+0000] {subprocess.py:93} INFO - SLF4J: Actual binding is of type [org.apache.logging.slf4j.Log4jLoggerFactory]
[2025-03-21T09:45:11.503+0000] {subprocess.py:93} INFO - Connecting to jdbc:hive2://localhost:10000
[2025-03-21T09:45:11.730+0000] {subprocess.py:93} INFO - Connected to: Apache Hive (version 3.1.3)
[2025-03-21T09:45:11.730+0000] {subprocess.py:93} INFO - Driver: Hive JDBC (version 3.1.3)
[2025-03-21T09:45:11.731+0000] {subprocess.py:93} INFO - Transaction isolation: TRANSACTION_REPEATABLE_READ
[2025-03-21T09:45:11.827+0000] {subprocess.py:93} INFO - INFO  : Compiling command(queryId=root_20250321094511_dbd4aed0-2cc9-4ca4-b1df-0ddd7b2c04da): CREATE EXTERNAL TABLE IF NOT EXISTS transactions (
[2025-03-21T09:45:11.828+0000] {subprocess.py:93} INFO -             transaction_id STRING,
[2025-03-21T09:45:11.828+0000] {subprocess.py:93} INFO -             date_time STRING,
[2025-03-21T09:45:11.829+0000] {subprocess.py:93} INFO -             amount DOUBLE,
[2025-03-21T09:45:11.829+0000] {subprocess.py:93} INFO -             currency STRING,
[2025-03-21T09:45:11.830+0000] {subprocess.py:93} INFO -             merchant_details STRING,
[2025-03-21T09:45:11.830+0000] {subprocess.py:93} INFO -             customer_id STRING,
[2025-03-21T09:45:11.831+0000] {subprocess.py:93} INFO -             transaction_type STRING,
[2025-03-21T09:45:11.831+0000] {subprocess.py:93} INFO -             location STRING
[2025-03-21T09:45:11.832+0000] {subprocess.py:93} INFO -         )
[2025-03-21T09:45:11.832+0000] {subprocess.py:93} INFO -         PARTITIONED BY (batch_id STRING)
[2025-03-21T09:45:11.833+0000] {subprocess.py:93} INFO -         STORED AS PARQUET
[2025-03-21T09:45:11.833+0000] {subprocess.py:93} INFO - INFO  : Concurrency mode is disabled, not creating a lock manager
[2025-03-21T09:45:11.834+0000] {subprocess.py:93} INFO - INFO  : Semantic Analysis Completed (retrial = false)
[2025-03-21T09:45:11.834+0000] {subprocess.py:93} INFO - INFO  : Returning Hive schema: Schema(fieldSchemas:null, properties:null)
[2025-03-21T09:45:11.835+0000] {subprocess.py:93} INFO - INFO  : Completed compiling command(queryId=root_20250321094511_dbd4aed0-2cc9-4ca4-b1df-0ddd7b2c04da); Time taken: 0.019 seconds
[2025-03-21T09:45:11.835+0000] {subprocess.py:93} INFO - INFO  : Concurrency mode is disabled, not creating a lock manager
[2025-03-21T09:45:11.836+0000] {subprocess.py:93} INFO - INFO  : Executing command(queryId=root_20250321094511_dbd4aed0-2cc9-4ca4-b1df-0ddd7b2c04da): CREATE EXTERNAL TABLE IF NOT EXISTS transactions (
[2025-03-21T09:45:11.836+0000] {subprocess.py:93} INFO -             transaction_id STRING,
[2025-03-21T09:45:11.837+0000] {subprocess.py:93} INFO -             date_time STRING,
[2025-03-21T09:45:11.837+0000] {subprocess.py:93} INFO -             amount DOUBLE,
[2025-03-21T09:45:11.838+0000] {subprocess.py:93} INFO -             currency STRING,
[2025-03-21T09:45:11.838+0000] {subprocess.py:93} INFO -             merchant_details STRING,
[2025-03-21T09:45:11.839+0000] {subprocess.py:93} INFO -             customer_id STRING,
[2025-03-21T09:45:11.839+0000] {subprocess.py:93} INFO -             transaction_type STRING,
[2025-03-21T09:45:11.840+0000] {subprocess.py:93} INFO -             location STRING
[2025-03-21T09:45:11.840+0000] {subprocess.py:93} INFO -         )
[2025-03-21T09:45:11.841+0000] {subprocess.py:93} INFO -         PARTITIONED BY (batch_id STRING)
[2025-03-21T09:45:11.841+0000] {subprocess.py:93} INFO -         STORED AS PARQUET
[2025-03-21T09:45:11.842+0000] {subprocess.py:93} INFO - INFO  : Completed executing command(queryId=root_20250321094511_dbd4aed0-2cc9-4ca4-b1df-0ddd7b2c04da); Time taken: 0.001 seconds
[2025-03-21T09:45:11.842+0000] {subprocess.py:93} INFO - INFO  : OK
[2025-03-21T09:45:11.843+0000] {subprocess.py:93} INFO - INFO  : Concurrency mode is disabled, not creating a lock manager
[2025-03-21T09:45:11.844+0000] {subprocess.py:93} INFO - No rows affected (0.08 seconds)
[2025-03-21T09:45:11.896+0000] {subprocess.py:93} INFO - INFO  : Compiling command(queryId=root_20250321094511_6f2ebbdc-1c14-4529-9652-507f5f23edce): ALTER TABLE transactions ADD IF NOT EXISTS PARTITION (batch_id='batch_20250320_144447') LOCATION '/data/transactions/transactions_batch_20250320_144447'
[2025-03-21T09:45:11.897+0000] {subprocess.py:93} INFO - INFO  : Concurrency mode is disabled, not creating a lock manager
[2025-03-21T09:45:11.898+0000] {subprocess.py:93} INFO - INFO  : Semantic Analysis Completed (retrial = false)
[2025-03-21T09:45:11.899+0000] {subprocess.py:93} INFO - INFO  : Returning Hive schema: Schema(fieldSchemas:null, properties:null)
[2025-03-21T09:45:11.899+0000] {subprocess.py:93} INFO - INFO  : Completed compiling command(queryId=root_20250321094511_6f2ebbdc-1c14-4529-9652-507f5f23edce); Time taken: 0.011 seconds
[2025-03-21T09:45:11.900+0000] {subprocess.py:93} INFO - INFO  : Concurrency mode is disabled, not creating a lock manager
[2025-03-21T09:45:11.900+0000] {subprocess.py:93} INFO - INFO  : Executing command(queryId=root_20250321094511_6f2ebbdc-1c14-4529-9652-507f5f23edce): ALTER TABLE transactions ADD IF NOT EXISTS PARTITION (batch_id='batch_20250320_144447') LOCATION '/data/transactions/transactions_batch_20250320_144447'
[2025-03-21T09:45:11.901+0000] {subprocess.py:93} INFO - INFO  : Starting task [Stage-0:DDL] in serial mode
[2025-03-21T09:45:11.901+0000] {subprocess.py:93} INFO - INFO  : Completed executing command(queryId=root_20250321094511_6f2ebbdc-1c14-4529-9652-507f5f23edce); Time taken: 0.031 seconds
[2025-03-21T09:45:11.902+0000] {subprocess.py:93} INFO - INFO  : OK
[2025-03-21T09:45:11.902+0000] {subprocess.py:93} INFO - INFO  : Concurrency mode is disabled, not creating a lock manager
[2025-03-21T09:45:11.903+0000] {subprocess.py:93} INFO - No rows affected (0.055 seconds)
[2025-03-21T09:45:11.903+0000] {subprocess.py:93} INFO - Beeline version 3.1.3 by Apache Hive
[2025-03-21T09:45:11.924+0000] {subprocess.py:93} INFO - Closing: 0: jdbc:hive2://localhost:10000
[2025-03-21T09:45:11.962+0000] {subprocess.py:97} INFO - Command exited with return code 0
[2025-03-21T09:45:11.993+0000] {taskinstance.py:1398} INFO - Marking task as SUCCESS. dag_id=transactions_pipeline, task_id=create_hive_table, execution_date=20250321T085458, start_date=20250321T094508, end_date=20250321T094511
[2025-03-21T09:45:12.024+0000] {local_task_job_runner.py:228} INFO - Task exited with return code 0
[2025-03-21T09:45:12.053+0000] {taskinstance.py:2776} INFO - 1 downstream tasks scheduled from follow-on schedule check
