[2025-03-19T17:27:00.554+0000] {taskinstance.py:1157} INFO - Dependencies all met for dep_context=non-requeueable deps ti=<TaskInstance: transactions_pipeline.create_hive_table scheduled__2025-03-19T17:21:51.840792+00:00 [queued]>
[2025-03-19T17:27:00.568+0000] {taskinstance.py:1157} INFO - Dependencies all met for dep_context=requeueable deps ti=<TaskInstance: transactions_pipeline.create_hive_table scheduled__2025-03-19T17:21:51.840792+00:00 [queued]>
[2025-03-19T17:27:00.569+0000] {taskinstance.py:1359} INFO - Starting attempt 1 of 2
[2025-03-19T17:27:00.592+0000] {taskinstance.py:1380} INFO - Executing <Task(BashOperator): create_hive_table> on 2025-03-19 17:21:51.840792+00:00
[2025-03-19T17:27:00.600+0000] {standard_task_runner.py:57} INFO - Started process 674 to run task
[2025-03-19T17:27:00.606+0000] {standard_task_runner.py:84} INFO - Running: ['***', 'tasks', 'run', 'transactions_pipeline', 'create_hive_table', 'scheduled__2025-03-19T17:21:51.840792+00:00', '--job-id', '91', '--raw', '--subdir', 'DAGS_FOLDER/fraud_detection_pipeline.py', '--cfg-path', '/tmp/tmpo8wczl6l']
[2025-03-19T17:27:00.610+0000] {standard_task_runner.py:85} INFO - Job 91: Subtask create_hive_table
[2025-03-19T17:27:00.691+0000] {task_command.py:415} INFO - Running <TaskInstance: transactions_pipeline.create_hive_table scheduled__2025-03-19T17:21:51.840792+00:00 [running]> on host 347688f31140
[2025-03-19T17:27:00.768+0000] {logging_mixin.py:151} WARNING - /home/***/.local/lib/python3.8/site-packages/***/utils/context.py:206 AirflowContextDeprecationWarning: Accessing 'execution_date' from the template is deprecated and will be removed in a future version. Please use 'data_interval_start' or 'logical_date' instead.
[2025-03-19T17:27:00.869+0000] {taskinstance.py:1660} INFO - Exporting env vars: AIRFLOW_CTX_DAG_OWNER='***' AIRFLOW_CTX_DAG_ID='transactions_pipeline' AIRFLOW_CTX_TASK_ID='create_hive_table' AIRFLOW_CTX_EXECUTION_DATE='2025-03-19T17:21:51.840792+00:00' AIRFLOW_CTX_TRY_NUMBER='1' AIRFLOW_CTX_DAG_RUN_ID='scheduled__2025-03-19T17:21:51.840792+00:00'
[2025-03-19T17:27:00.872+0000] {subprocess.py:63} INFO - Tmp dir root location: /tmp
[2025-03-19T17:27:00.874+0000] {subprocess.py:75} INFO - Running command: ['/bin/bash', '-c', '\n    docker exec hive beeline -u "jdbc:hive2://localhost:10000" --hiveconf hive.exec.dynamic.partition.mode=nonstrict -e "\n    CREATE EXTERNAL TABLE IF NOT EXISTS transactions (\n        transaction_id STRING,\n        date_time STRING,\n        amount DOUBLE,\n        currency STRING,\n        merchant_details STRING,\n        customer_id STRING,\n        transaction_type STRING,\n        location STRING\n    )\n    PARTITIONED BY (batch_id STRING)\n    STORED AS PARQUET\n    LOCATION \'/data/transactions/\';\n    ALTER TABLE transactions ADD IF NOT EXISTS PARTITION (batch_id=\'batch_20250319_172151\') LOCATION \'/data/transactions/transactions_batch_0\';"\n    ']
[2025-03-19T17:27:00.896+0000] {subprocess.py:86} INFO - Output:
[2025-03-19T17:27:02.377+0000] {subprocess.py:93} INFO - SLF4J: Class path contains multiple SLF4J bindings.
[2025-03-19T17:27:02.378+0000] {subprocess.py:93} INFO - SLF4J: Found binding in [jar:file:/opt/hive/lib/log4j-slf4j-impl-2.17.1.jar!/org/slf4j/impl/StaticLoggerBinder.class]
[2025-03-19T17:27:02.379+0000] {subprocess.py:93} INFO - SLF4J: Found binding in [jar:file:/opt/hadoop/share/hadoop/common/lib/slf4j-log4j12-1.7.25.jar!/org/slf4j/impl/StaticLoggerBinder.class]
[2025-03-19T17:27:02.380+0000] {subprocess.py:93} INFO - SLF4J: See http://www.slf4j.org/codes.html#multiple_bindings for an explanation.
[2025-03-19T17:27:02.642+0000] {subprocess.py:93} INFO - SLF4J: Actual binding is of type [org.apache.logging.slf4j.Log4jLoggerFactory]
[2025-03-19T17:27:04.665+0000] {subprocess.py:93} INFO - Connecting to jdbc:hive2://localhost:10000
[2025-03-19T17:27:04.978+0000] {subprocess.py:93} INFO - Connected to: Apache Hive (version 3.1.3)
[2025-03-19T17:27:04.979+0000] {subprocess.py:93} INFO - Driver: Hive JDBC (version 3.1.3)
[2025-03-19T17:27:04.980+0000] {subprocess.py:93} INFO - Transaction isolation: TRANSACTION_REPEATABLE_READ
[2025-03-19T17:27:05.072+0000] {subprocess.py:93} INFO - INFO  : Compiling command(queryId=root_20250319172705_ea81016c-4ac5-4565-8dfb-db3770567168): CREATE EXTERNAL TABLE IF NOT EXISTS transactions (
[2025-03-19T17:27:05.073+0000] {subprocess.py:93} INFO -         transaction_id STRING,
[2025-03-19T17:27:05.074+0000] {subprocess.py:93} INFO -         date_time STRING,
[2025-03-19T17:27:05.074+0000] {subprocess.py:93} INFO -         amount DOUBLE,
[2025-03-19T17:27:05.075+0000] {subprocess.py:93} INFO -         currency STRING,
[2025-03-19T17:27:05.075+0000] {subprocess.py:93} INFO -         merchant_details STRING,
[2025-03-19T17:27:05.075+0000] {subprocess.py:93} INFO -         customer_id STRING,
[2025-03-19T17:27:05.077+0000] {subprocess.py:93} INFO -         transaction_type STRING,
[2025-03-19T17:27:05.077+0000] {subprocess.py:93} INFO -         location STRING
[2025-03-19T17:27:05.078+0000] {subprocess.py:93} INFO -     )
[2025-03-19T17:27:05.078+0000] {subprocess.py:93} INFO -     PARTITIONED BY (batch_id STRING)
[2025-03-19T17:27:05.079+0000] {subprocess.py:93} INFO -     STORED AS PARQUET
[2025-03-19T17:27:05.079+0000] {subprocess.py:93} INFO -     LOCATION '/data/transactions/'
[2025-03-19T17:27:05.080+0000] {subprocess.py:93} INFO - INFO  : Concurrency mode is disabled, not creating a lock manager
[2025-03-19T17:27:05.080+0000] {subprocess.py:93} INFO - INFO  : Semantic Analysis Completed (retrial = false)
[2025-03-19T17:27:05.080+0000] {subprocess.py:93} INFO - INFO  : Returning Hive schema: Schema(fieldSchemas:null, properties:null)
[2025-03-19T17:27:05.081+0000] {subprocess.py:93} INFO - INFO  : Completed compiling command(queryId=root_20250319172705_ea81016c-4ac5-4565-8dfb-db3770567168); Time taken: 0.015 seconds
[2025-03-19T17:27:05.081+0000] {subprocess.py:93} INFO - INFO  : Concurrency mode is disabled, not creating a lock manager
[2025-03-19T17:27:05.082+0000] {subprocess.py:93} INFO - INFO  : Executing command(queryId=root_20250319172705_ea81016c-4ac5-4565-8dfb-db3770567168): CREATE EXTERNAL TABLE IF NOT EXISTS transactions (
[2025-03-19T17:27:05.082+0000] {subprocess.py:93} INFO -         transaction_id STRING,
[2025-03-19T17:27:05.083+0000] {subprocess.py:93} INFO -         date_time STRING,
[2025-03-19T17:27:05.083+0000] {subprocess.py:93} INFO -         amount DOUBLE,
[2025-03-19T17:27:05.084+0000] {subprocess.py:93} INFO -         currency STRING,
[2025-03-19T17:27:05.084+0000] {subprocess.py:93} INFO -         merchant_details STRING,
[2025-03-19T17:27:05.084+0000] {subprocess.py:93} INFO -         customer_id STRING,
[2025-03-19T17:27:05.085+0000] {subprocess.py:93} INFO -         transaction_type STRING,
[2025-03-19T17:27:05.085+0000] {subprocess.py:93} INFO -         location STRING
[2025-03-19T17:27:05.086+0000] {subprocess.py:93} INFO -     )
[2025-03-19T17:27:05.086+0000] {subprocess.py:93} INFO -     PARTITIONED BY (batch_id STRING)
[2025-03-19T17:27:05.086+0000] {subprocess.py:93} INFO -     STORED AS PARQUET
[2025-03-19T17:27:05.087+0000] {subprocess.py:93} INFO -     LOCATION '/data/transactions/'
[2025-03-19T17:27:05.087+0000] {subprocess.py:93} INFO - INFO  : Completed executing command(queryId=root_20250319172705_ea81016c-4ac5-4565-8dfb-db3770567168); Time taken: 0.001 seconds
[2025-03-19T17:27:05.088+0000] {subprocess.py:93} INFO - INFO  : OK
[2025-03-19T17:27:05.088+0000] {subprocess.py:93} INFO - INFO  : Concurrency mode is disabled, not creating a lock manager
[2025-03-19T17:27:05.089+0000] {subprocess.py:93} INFO - No rows affected (0.073 seconds)
[2025-03-19T17:27:05.186+0000] {subprocess.py:93} INFO - INFO  : Compiling command(queryId=root_20250319172705_5c736e4f-17e0-4b80-b205-6fc0673b8f61): ALTER TABLE transactions ADD IF NOT EXISTS PARTITION (batch_id='batch_20250319_172151') LOCATION '/data/transactions/transactions_batch_0'
[2025-03-19T17:27:05.187+0000] {subprocess.py:93} INFO - INFO  : Concurrency mode is disabled, not creating a lock manager
[2025-03-19T17:27:05.188+0000] {subprocess.py:93} INFO - INFO  : Semantic Analysis Completed (retrial = false)
[2025-03-19T17:27:05.189+0000] {subprocess.py:93} INFO - INFO  : Returning Hive schema: Schema(fieldSchemas:null, properties:null)
[2025-03-19T17:27:05.189+0000] {subprocess.py:93} INFO - INFO  : Completed compiling command(queryId=root_20250319172705_5c736e4f-17e0-4b80-b205-6fc0673b8f61); Time taken: 0.019 seconds
[2025-03-19T17:27:05.190+0000] {subprocess.py:93} INFO - INFO  : Concurrency mode is disabled, not creating a lock manager
[2025-03-19T17:27:05.191+0000] {subprocess.py:93} INFO - INFO  : Executing command(queryId=root_20250319172705_5c736e4f-17e0-4b80-b205-6fc0673b8f61): ALTER TABLE transactions ADD IF NOT EXISTS PARTITION (batch_id='batch_20250319_172151') LOCATION '/data/transactions/transactions_batch_0'
[2025-03-19T17:27:05.191+0000] {subprocess.py:93} INFO - INFO  : Starting task [Stage-0:DDL] in serial mode
[2025-03-19T17:27:05.192+0000] {subprocess.py:93} INFO - INFO  : Completed executing command(queryId=root_20250319172705_5c736e4f-17e0-4b80-b205-6fc0673b8f61); Time taken: 0.067 seconds
[2025-03-19T17:27:05.192+0000] {subprocess.py:93} INFO - INFO  : OK
[2025-03-19T17:27:05.193+0000] {subprocess.py:93} INFO - INFO  : Concurrency mode is disabled, not creating a lock manager
[2025-03-19T17:27:05.194+0000] {subprocess.py:93} INFO - No rows affected (0.102 seconds)
[2025-03-19T17:27:05.194+0000] {subprocess.py:93} INFO - Beeline version 3.1.3 by Apache Hive
[2025-03-19T17:27:05.200+0000] {subprocess.py:93} INFO - Closing: 0: jdbc:hive2://localhost:10000
[2025-03-19T17:27:05.241+0000] {subprocess.py:97} INFO - Command exited with return code 0
[2025-03-19T17:27:05.269+0000] {taskinstance.py:1398} INFO - Marking task as SUCCESS. dag_id=transactions_pipeline, task_id=create_hive_table, execution_date=20250319T172151, start_date=20250319T172700, end_date=20250319T172705
[2025-03-19T17:27:05.331+0000] {local_task_job_runner.py:228} INFO - Task exited with return code 0
[2025-03-19T17:27:05.387+0000] {taskinstance.py:2776} INFO - 1 downstream tasks scheduled from follow-on schedule check
