[2025-03-19T19:36:57.973+0000] {taskinstance.py:1157} INFO - Dependencies all met for dep_context=non-requeueable deps ti=<TaskInstance: transactions_pipeline.create_hive_table manual__2025-03-19T19:36:43.115026+00:00 [queued]>
[2025-03-19T19:36:57.986+0000] {taskinstance.py:1157} INFO - Dependencies all met for dep_context=requeueable deps ti=<TaskInstance: transactions_pipeline.create_hive_table manual__2025-03-19T19:36:43.115026+00:00 [queued]>
[2025-03-19T19:36:57.987+0000] {taskinstance.py:1359} INFO - Starting attempt 1 of 1
[2025-03-19T19:36:58.013+0000] {taskinstance.py:1380} INFO - Executing <Task(BashOperator): create_hive_table> on 2025-03-19 19:36:43.115026+00:00
[2025-03-19T19:36:58.025+0000] {standard_task_runner.py:57} INFO - Started process 2210 to run task
[2025-03-19T19:36:58.030+0000] {standard_task_runner.py:84} INFO - Running: ['***', 'tasks', 'run', 'transactions_pipeline', 'create_hive_table', 'manual__2025-03-19T19:36:43.115026+00:00', '--job-id', '122', '--raw', '--subdir', 'DAGS_FOLDER/fraud_detection_pipeline.py', '--cfg-path', '/tmp/tmp03wlnizm']
[2025-03-19T19:36:58.034+0000] {standard_task_runner.py:85} INFO - Job 122: Subtask create_hive_table
[2025-03-19T19:36:58.163+0000] {task_command.py:415} INFO - Running <TaskInstance: transactions_pipeline.create_hive_table manual__2025-03-19T19:36:43.115026+00:00 [running]> on host 347688f31140
[2025-03-19T19:36:58.253+0000] {logging_mixin.py:151} WARNING - /home/***/.local/lib/python3.8/site-packages/***/utils/context.py:206 AirflowContextDeprecationWarning: Accessing 'execution_date' from the template is deprecated and will be removed in a future version. Please use 'data_interval_start' or 'logical_date' instead.
[2025-03-19T19:36:58.325+0000] {taskinstance.py:1660} INFO - Exporting env vars: AIRFLOW_CTX_DAG_OWNER='***' AIRFLOW_CTX_DAG_ID='transactions_pipeline' AIRFLOW_CTX_TASK_ID='create_hive_table' AIRFLOW_CTX_EXECUTION_DATE='2025-03-19T19:36:43.115026+00:00' AIRFLOW_CTX_TRY_NUMBER='1' AIRFLOW_CTX_DAG_RUN_ID='manual__2025-03-19T19:36:43.115026+00:00'
[2025-03-19T19:36:58.328+0000] {subprocess.py:63} INFO - Tmp dir root location: /tmp
[2025-03-19T19:36:58.329+0000] {subprocess.py:75} INFO - Running command: ['/bin/bash', '-c', '\n    docker exec hive beeline -u "jdbc:hive2://localhost:10000" --hiveconf hive.exec.dynamic.partition.mode=nonstrict -e "\n    CREATE EXTERNAL TABLE IF NOT EXISTS transactions (\n        transaction_id STRING,\n        date_time STRING,\n        amount DOUBLE,\n        currency STRING,\n        merchant_details STRING,\n        customer_id STRING,\n        transaction_type STRING,\n        location STRING\n    )\n    PARTITIONED BY (batch_id STRING)\n    STORED AS PARQUET\n    LOCATION \'/data/transactions/transactions_batch_0\';\n    ALTER TABLE transactions ADD IF NOT EXISTS PARTITION (batch_id=\'batch_20250319_193643\') LOCATION \'/data/transactions/transactions_batch_0\';"\n    ']
[2025-03-19T19:36:58.345+0000] {subprocess.py:86} INFO - Output:
[2025-03-19T19:37:00.107+0000] {subprocess.py:93} INFO - SLF4J: Class path contains multiple SLF4J bindings.
[2025-03-19T19:37:00.108+0000] {subprocess.py:93} INFO - SLF4J: Found binding in [jar:file:/opt/hive/lib/log4j-slf4j-impl-2.17.1.jar!/org/slf4j/impl/StaticLoggerBinder.class]
[2025-03-19T19:37:00.109+0000] {subprocess.py:93} INFO - SLF4J: Found binding in [jar:file:/opt/hadoop/share/hadoop/common/lib/slf4j-log4j12-1.7.25.jar!/org/slf4j/impl/StaticLoggerBinder.class]
[2025-03-19T19:37:00.110+0000] {subprocess.py:93} INFO - SLF4J: See http://www.slf4j.org/codes.html#multiple_bindings for an explanation.
[2025-03-19T19:37:00.322+0000] {subprocess.py:93} INFO - SLF4J: Actual binding is of type [org.apache.logging.slf4j.Log4jLoggerFactory]
[2025-03-19T19:37:01.805+0000] {subprocess.py:93} INFO - Connecting to jdbc:hive2://localhost:10000
[2025-03-19T19:37:02.294+0000] {subprocess.py:93} INFO - Connected to: Apache Hive (version 3.1.3)
[2025-03-19T19:37:02.295+0000] {subprocess.py:93} INFO - Driver: Hive JDBC (version 3.1.3)
[2025-03-19T19:37:02.296+0000] {subprocess.py:93} INFO - Transaction isolation: TRANSACTION_REPEATABLE_READ
[2025-03-19T19:37:02.522+0000] {subprocess.py:93} INFO - INFO  : Compiling command(queryId=root_20250319193702_95a739d2-bed6-4826-9400-a68d54575920): CREATE EXTERNAL TABLE IF NOT EXISTS transactions (
[2025-03-19T19:37:02.524+0000] {subprocess.py:93} INFO -         transaction_id STRING,
[2025-03-19T19:37:02.525+0000] {subprocess.py:93} INFO -         date_time STRING,
[2025-03-19T19:37:02.526+0000] {subprocess.py:93} INFO -         amount DOUBLE,
[2025-03-19T19:37:02.527+0000] {subprocess.py:93} INFO -         currency STRING,
[2025-03-19T19:37:02.528+0000] {subprocess.py:93} INFO -         merchant_details STRING,
[2025-03-19T19:37:02.529+0000] {subprocess.py:93} INFO -         customer_id STRING,
[2025-03-19T19:37:02.529+0000] {subprocess.py:93} INFO -         transaction_type STRING,
[2025-03-19T19:37:02.530+0000] {subprocess.py:93} INFO -         location STRING
[2025-03-19T19:37:02.531+0000] {subprocess.py:93} INFO -     )
[2025-03-19T19:37:02.531+0000] {subprocess.py:93} INFO -     PARTITIONED BY (batch_id STRING)
[2025-03-19T19:37:02.532+0000] {subprocess.py:93} INFO -     STORED AS PARQUET
[2025-03-19T19:37:02.533+0000] {subprocess.py:93} INFO -     LOCATION '/data/transactions/transactions_batch_0'
[2025-03-19T19:37:02.536+0000] {subprocess.py:93} INFO - INFO  : Concurrency mode is disabled, not creating a lock manager
[2025-03-19T19:37:02.538+0000] {subprocess.py:93} INFO - INFO  : Semantic Analysis Completed (retrial = false)
[2025-03-19T19:37:02.539+0000] {subprocess.py:93} INFO - INFO  : Returning Hive schema: Schema(fieldSchemas:null, properties:null)
[2025-03-19T19:37:02.539+0000] {subprocess.py:93} INFO - INFO  : Completed compiling command(queryId=root_20250319193702_95a739d2-bed6-4826-9400-a68d54575920); Time taken: 0.008 seconds
[2025-03-19T19:37:02.540+0000] {subprocess.py:93} INFO - INFO  : Concurrency mode is disabled, not creating a lock manager
[2025-03-19T19:37:02.540+0000] {subprocess.py:93} INFO - INFO  : Executing command(queryId=root_20250319193702_95a739d2-bed6-4826-9400-a68d54575920): CREATE EXTERNAL TABLE IF NOT EXISTS transactions (
[2025-03-19T19:37:02.541+0000] {subprocess.py:93} INFO -         transaction_id STRING,
[2025-03-19T19:37:02.542+0000] {subprocess.py:93} INFO -         date_time STRING,
[2025-03-19T19:37:02.542+0000] {subprocess.py:93} INFO -         amount DOUBLE,
[2025-03-19T19:37:02.543+0000] {subprocess.py:93} INFO -         currency STRING,
[2025-03-19T19:37:02.543+0000] {subprocess.py:93} INFO -         merchant_details STRING,
[2025-03-19T19:37:02.544+0000] {subprocess.py:93} INFO -         customer_id STRING,
[2025-03-19T19:37:02.544+0000] {subprocess.py:93} INFO -         transaction_type STRING,
[2025-03-19T19:37:02.545+0000] {subprocess.py:93} INFO -         location STRING
[2025-03-19T19:37:02.545+0000] {subprocess.py:93} INFO -     )
[2025-03-19T19:37:02.546+0000] {subprocess.py:93} INFO -     PARTITIONED BY (batch_id STRING)
[2025-03-19T19:37:02.547+0000] {subprocess.py:93} INFO -     STORED AS PARQUET
[2025-03-19T19:37:02.547+0000] {subprocess.py:93} INFO -     LOCATION '/data/transactions/transactions_batch_0'
[2025-03-19T19:37:02.548+0000] {subprocess.py:93} INFO - INFO  : Starting task [Stage-0:DDL] in serial mode
[2025-03-19T19:37:02.548+0000] {subprocess.py:93} INFO - INFO  : Completed executing command(queryId=root_20250319193702_95a739d2-bed6-4826-9400-a68d54575920); Time taken: 0.111 seconds
[2025-03-19T19:37:02.549+0000] {subprocess.py:93} INFO - INFO  : OK
[2025-03-19T19:37:02.549+0000] {subprocess.py:93} INFO - INFO  : Concurrency mode is disabled, not creating a lock manager
[2025-03-19T19:37:02.550+0000] {subprocess.py:93} INFO - No rows affected (0.208 seconds)
[2025-03-19T19:37:02.667+0000] {subprocess.py:93} INFO - INFO  : Compiling command(queryId=root_20250319193702_a0c898d9-21ac-4c9f-9b7c-73abdf83d094): ALTER TABLE transactions ADD IF NOT EXISTS PARTITION (batch_id='batch_20250319_193643') LOCATION '/data/transactions/transactions_batch_0'
[2025-03-19T19:37:02.669+0000] {subprocess.py:93} INFO - INFO  : Concurrency mode is disabled, not creating a lock manager
[2025-03-19T19:37:02.670+0000] {subprocess.py:93} INFO - INFO  : Semantic Analysis Completed (retrial = false)
[2025-03-19T19:37:02.670+0000] {subprocess.py:93} INFO - INFO  : Returning Hive schema: Schema(fieldSchemas:null, properties:null)
[2025-03-19T19:37:02.671+0000] {subprocess.py:93} INFO - INFO  : Completed compiling command(queryId=root_20250319193702_a0c898d9-21ac-4c9f-9b7c-73abdf83d094); Time taken: 0.016 seconds
[2025-03-19T19:37:02.671+0000] {subprocess.py:93} INFO - INFO  : Concurrency mode is disabled, not creating a lock manager
[2025-03-19T19:37:02.672+0000] {subprocess.py:93} INFO - INFO  : Executing command(queryId=root_20250319193702_a0c898d9-21ac-4c9f-9b7c-73abdf83d094): ALTER TABLE transactions ADD IF NOT EXISTS PARTITION (batch_id='batch_20250319_193643') LOCATION '/data/transactions/transactions_batch_0'
[2025-03-19T19:37:02.673+0000] {subprocess.py:93} INFO - INFO  : Starting task [Stage-0:DDL] in serial mode
[2025-03-19T19:37:02.673+0000] {subprocess.py:93} INFO - INFO  : Completed executing command(queryId=root_20250319193702_a0c898d9-21ac-4c9f-9b7c-73abdf83d094); Time taken: 0.08 seconds
[2025-03-19T19:37:02.674+0000] {subprocess.py:93} INFO - INFO  : OK
[2025-03-19T19:37:02.675+0000] {subprocess.py:93} INFO - INFO  : Concurrency mode is disabled, not creating a lock manager
[2025-03-19T19:37:02.675+0000] {subprocess.py:93} INFO - No rows affected (0.111 seconds)
[2025-03-19T19:37:02.676+0000] {subprocess.py:93} INFO - Beeline version 3.1.3 by Apache Hive
[2025-03-19T19:37:02.685+0000] {subprocess.py:93} INFO - Closing: 0: jdbc:hive2://localhost:10000
[2025-03-19T19:37:02.749+0000] {subprocess.py:97} INFO - Command exited with return code 0
[2025-03-19T19:37:02.783+0000] {taskinstance.py:1398} INFO - Marking task as SUCCESS. dag_id=transactions_pipeline, task_id=create_hive_table, execution_date=20250319T193643, start_date=20250319T193657, end_date=20250319T193702
[2025-03-19T19:37:02.825+0000] {local_task_job_runner.py:228} INFO - Task exited with return code 0
[2025-03-19T19:37:02.862+0000] {taskinstance.py:2776} INFO - 1 downstream tasks scheduled from follow-on schedule check
