[2025-03-19T20:00:11.751+0000] {taskinstance.py:1157} INFO - Dependencies all met for dep_context=non-requeueable deps ti=<TaskInstance: transactions_pipeline.create_hive_table scheduled__2025-03-19T19:09:58.361448+00:00 [queued]>
[2025-03-19T20:00:11.772+0000] {taskinstance.py:1157} INFO - Dependencies all met for dep_context=requeueable deps ti=<TaskInstance: transactions_pipeline.create_hive_table scheduled__2025-03-19T19:09:58.361448+00:00 [queued]>
[2025-03-19T20:00:11.774+0000] {taskinstance.py:1359} INFO - Starting attempt 1 of 1
[2025-03-19T20:00:11.812+0000] {taskinstance.py:1380} INFO - Executing <Task(BashOperator): create_hive_table> on 2025-03-19 19:09:58.361448+00:00
[2025-03-19T20:00:11.827+0000] {standard_task_runner.py:57} INFO - Started process 292 to run task
[2025-03-19T20:00:11.836+0000] {standard_task_runner.py:84} INFO - Running: ['***', 'tasks', 'run', 'transactions_pipeline', 'create_hive_table', 'scheduled__2025-03-19T19:09:58.361448+00:00', '--job-id', '155', '--raw', '--subdir', 'DAGS_FOLDER/fraud_detection_pipeline.py', '--cfg-path', '/tmp/tmppqvrfwnw']
[2025-03-19T20:00:11.840+0000] {standard_task_runner.py:85} INFO - Job 155: Subtask create_hive_table
[2025-03-19T20:00:11.953+0000] {task_command.py:415} INFO - Running <TaskInstance: transactions_pipeline.create_hive_table scheduled__2025-03-19T19:09:58.361448+00:00 [running]> on host 0e4ef2b1f1f9
[2025-03-19T20:00:12.052+0000] {logging_mixin.py:151} WARNING - /home/***/.local/lib/python3.8/site-packages/***/utils/context.py:206 AirflowContextDeprecationWarning: Accessing 'execution_date' from the template is deprecated and will be removed in a future version. Please use 'data_interval_start' or 'logical_date' instead.
[2025-03-19T20:00:12.120+0000] {taskinstance.py:1660} INFO - Exporting env vars: AIRFLOW_CTX_DAG_OWNER='***' AIRFLOW_CTX_DAG_ID='transactions_pipeline' AIRFLOW_CTX_TASK_ID='create_hive_table' AIRFLOW_CTX_EXECUTION_DATE='2025-03-19T19:09:58.361448+00:00' AIRFLOW_CTX_TRY_NUMBER='1' AIRFLOW_CTX_DAG_RUN_ID='scheduled__2025-03-19T19:09:58.361448+00:00'
[2025-03-19T20:00:12.131+0000] {subprocess.py:63} INFO - Tmp dir root location: /tmp
[2025-03-19T20:00:12.133+0000] {subprocess.py:75} INFO - Running command: ['/bin/bash', '-c', '\n    docker exec hive beeline -u "jdbc:hive2://localhost:10000" --hiveconf hive.exec.dynamic.partition.mode=nonstrict -e "\n    CREATE EXTERNAL TABLE IF NOT EXISTS transactions (\n        transaction_id STRING,\n        date_time STRING,\n        amount DOUBLE,\n        currency STRING,\n        merchant_details STRING,\n        customer_id STRING,\n        transaction_type STRING,\n        location STRING\n    )\n    PARTITIONED BY (batch_id STRING)\n    STORED AS PARQUET\n    LOCATION \'/data/transactions/transactions_batch_0\';\n    ALTER TABLE transactions ADD IF NOT EXISTS PARTITION (batch_id=\'batch_20250319_190958\') LOCATION \'/data/transactions/transactions_batch_0\';"\n    ']
[2025-03-19T20:00:12.151+0000] {subprocess.py:86} INFO - Output:
[2025-03-19T20:00:11.859+0000] {subprocess.py:93} INFO - SLF4J: Class path contains multiple SLF4J bindings.
[2025-03-19T20:00:11.860+0000] {subprocess.py:93} INFO - SLF4J: Found binding in [jar:file:/opt/hive/lib/log4j-slf4j-impl-2.17.1.jar!/org/slf4j/impl/StaticLoggerBinder.class]
[2025-03-19T20:00:11.861+0000] {subprocess.py:93} INFO - SLF4J: Found binding in [jar:file:/opt/hadoop/share/hadoop/common/lib/slf4j-log4j12-1.7.25.jar!/org/slf4j/impl/StaticLoggerBinder.class]
[2025-03-19T20:00:11.861+0000] {subprocess.py:93} INFO - SLF4J: See http://www.slf4j.org/codes.html#multiple_bindings for an explanation.
[2025-03-19T20:00:12.157+0000] {subprocess.py:93} INFO - SLF4J: Actual binding is of type [org.apache.logging.slf4j.Log4jLoggerFactory]
[2025-03-19T20:00:14.269+0000] {subprocess.py:93} INFO - Connecting to jdbc:hive2://localhost:10000
[2025-03-19T20:00:14.692+0000] {subprocess.py:93} INFO - Connected to: Apache Hive (version 3.1.3)
[2025-03-19T20:00:14.693+0000] {subprocess.py:93} INFO - Driver: Hive JDBC (version 3.1.3)
[2025-03-19T20:00:14.694+0000] {subprocess.py:93} INFO - Transaction isolation: TRANSACTION_REPEATABLE_READ
[2025-03-19T20:00:14.854+0000] {subprocess.py:93} INFO - INFO  : Compiling command(queryId=root_20250319200014_a3080d24-da55-4dcf-9937-bcc2f8c8cb6d): CREATE EXTERNAL TABLE IF NOT EXISTS transactions (
[2025-03-19T20:00:14.856+0000] {subprocess.py:93} INFO -         transaction_id STRING,
[2025-03-19T20:00:14.857+0000] {subprocess.py:93} INFO -         date_time STRING,
[2025-03-19T20:00:14.858+0000] {subprocess.py:93} INFO -         amount DOUBLE,
[2025-03-19T20:00:14.859+0000] {subprocess.py:93} INFO -         currency STRING,
[2025-03-19T20:00:14.861+0000] {subprocess.py:93} INFO -         merchant_details STRING,
[2025-03-19T20:00:14.862+0000] {subprocess.py:93} INFO -         customer_id STRING,
[2025-03-19T20:00:14.863+0000] {subprocess.py:93} INFO -         transaction_type STRING,
[2025-03-19T20:00:14.863+0000] {subprocess.py:93} INFO -         location STRING
[2025-03-19T20:00:14.864+0000] {subprocess.py:93} INFO -     )
[2025-03-19T20:00:14.865+0000] {subprocess.py:93} INFO -     PARTITIONED BY (batch_id STRING)
[2025-03-19T20:00:14.865+0000] {subprocess.py:93} INFO -     STORED AS PARQUET
[2025-03-19T20:00:14.866+0000] {subprocess.py:93} INFO -     LOCATION '/data/transactions/transactions_batch_0'
[2025-03-19T20:00:14.867+0000] {subprocess.py:93} INFO - INFO  : Concurrency mode is disabled, not creating a lock manager
[2025-03-19T20:00:14.867+0000] {subprocess.py:93} INFO - INFO  : Semantic Analysis Completed (retrial = false)
[2025-03-19T20:00:14.868+0000] {subprocess.py:93} INFO - INFO  : Returning Hive schema: Schema(fieldSchemas:null, properties:null)
[2025-03-19T20:00:14.868+0000] {subprocess.py:93} INFO - INFO  : Completed compiling command(queryId=root_20250319200014_a3080d24-da55-4dcf-9937-bcc2f8c8cb6d); Time taken: 0.049 seconds
[2025-03-19T20:00:14.869+0000] {subprocess.py:93} INFO - INFO  : Concurrency mode is disabled, not creating a lock manager
[2025-03-19T20:00:14.869+0000] {subprocess.py:93} INFO - INFO  : Executing command(queryId=root_20250319200014_a3080d24-da55-4dcf-9937-bcc2f8c8cb6d): CREATE EXTERNAL TABLE IF NOT EXISTS transactions (
[2025-03-19T20:00:14.870+0000] {subprocess.py:93} INFO -         transaction_id STRING,
[2025-03-19T20:00:14.871+0000] {subprocess.py:93} INFO -         date_time STRING,
[2025-03-19T20:00:14.871+0000] {subprocess.py:93} INFO -         amount DOUBLE,
[2025-03-19T20:00:14.871+0000] {subprocess.py:93} INFO -         currency STRING,
[2025-03-19T20:00:14.872+0000] {subprocess.py:93} INFO -         merchant_details STRING,
[2025-03-19T20:00:14.872+0000] {subprocess.py:93} INFO -         customer_id STRING,
[2025-03-19T20:00:14.873+0000] {subprocess.py:93} INFO -         transaction_type STRING,
[2025-03-19T20:00:14.873+0000] {subprocess.py:93} INFO -         location STRING
[2025-03-19T20:00:14.874+0000] {subprocess.py:93} INFO -     )
[2025-03-19T20:00:14.874+0000] {subprocess.py:93} INFO -     PARTITIONED BY (batch_id STRING)
[2025-03-19T20:00:14.875+0000] {subprocess.py:93} INFO -     STORED AS PARQUET
[2025-03-19T20:00:14.876+0000] {subprocess.py:93} INFO -     LOCATION '/data/transactions/transactions_batch_0'
[2025-03-19T20:00:14.876+0000] {subprocess.py:93} INFO - INFO  : Completed executing command(queryId=root_20250319200014_a3080d24-da55-4dcf-9937-bcc2f8c8cb6d); Time taken: 0.001 seconds
[2025-03-19T20:00:14.877+0000] {subprocess.py:93} INFO - INFO  : OK
[2025-03-19T20:00:14.878+0000] {subprocess.py:93} INFO - INFO  : Concurrency mode is disabled, not creating a lock manager
[2025-03-19T20:00:14.879+0000] {subprocess.py:93} INFO - No rows affected (0.136 seconds)
[2025-03-19T20:00:15.060+0000] {subprocess.py:93} INFO - INFO  : Compiling command(queryId=root_20250319200014_f9cccf00-6b0c-4c0e-b857-e37d425e13f8): ALTER TABLE transactions ADD IF NOT EXISTS PARTITION (batch_id='batch_20250319_190958') LOCATION '/data/transactions/transactions_batch_0'
[2025-03-19T20:00:15.062+0000] {subprocess.py:93} INFO - INFO  : Concurrency mode is disabled, not creating a lock manager
[2025-03-19T20:00:15.064+0000] {subprocess.py:93} INFO - INFO  : Semantic Analysis Completed (retrial = false)
[2025-03-19T20:00:15.066+0000] {subprocess.py:93} INFO - INFO  : Returning Hive schema: Schema(fieldSchemas:null, properties:null)
[2025-03-19T20:00:15.068+0000] {subprocess.py:93} INFO - INFO  : Completed compiling command(queryId=root_20250319200014_f9cccf00-6b0c-4c0e-b857-e37d425e13f8); Time taken: 0.04 seconds
[2025-03-19T20:00:15.069+0000] {subprocess.py:93} INFO - INFO  : Concurrency mode is disabled, not creating a lock manager
[2025-03-19T20:00:15.069+0000] {subprocess.py:93} INFO - INFO  : Executing command(queryId=root_20250319200014_f9cccf00-6b0c-4c0e-b857-e37d425e13f8): ALTER TABLE transactions ADD IF NOT EXISTS PARTITION (batch_id='batch_20250319_190958') LOCATION '/data/transactions/transactions_batch_0'
[2025-03-19T20:00:15.070+0000] {subprocess.py:93} INFO - INFO  : Starting task [Stage-0:DDL] in serial mode
[2025-03-19T20:00:15.071+0000] {subprocess.py:93} INFO - INFO  : Completed executing command(queryId=root_20250319200014_f9cccf00-6b0c-4c0e-b857-e37d425e13f8); Time taken: 0.125 seconds
[2025-03-19T20:00:15.072+0000] {subprocess.py:93} INFO - INFO  : OK
[2025-03-19T20:00:15.073+0000] {subprocess.py:93} INFO - INFO  : Concurrency mode is disabled, not creating a lock manager
[2025-03-19T20:00:15.081+0000] {subprocess.py:93} INFO - No rows affected (0.192 seconds)
[2025-03-19T20:00:15.082+0000] {subprocess.py:93} INFO - Beeline version 3.1.3 by Apache Hive
[2025-03-19T20:00:15.085+0000] {subprocess.py:93} INFO - Closing: 0: jdbc:hive2://localhost:10000
[2025-03-19T20:00:15.132+0000] {subprocess.py:97} INFO - Command exited with return code 0
[2025-03-19T20:00:15.164+0000] {taskinstance.py:1398} INFO - Marking task as SUCCESS. dag_id=transactions_pipeline, task_id=create_hive_table, execution_date=20250319T190958, start_date=20250319T200011, end_date=20250319T200015
[2025-03-19T20:00:16.621+0000] {local_task_job_runner.py:228} INFO - Task exited with return code 0
[2025-03-19T20:00:16.656+0000] {taskinstance.py:2776} INFO - 0 downstream tasks scheduled from follow-on schedule check
