[2025-03-20T13:03:55.225+0000] {taskinstance.py:1157} INFO - Dependencies all met for dep_context=non-requeueable deps ti=<TaskInstance: transactions_pipeline.detect_fraud scheduled__2025-03-20T12:13:15.476240+00:00 [queued]>
[2025-03-20T13:03:55.237+0000] {taskinstance.py:1157} INFO - Dependencies all met for dep_context=requeueable deps ti=<TaskInstance: transactions_pipeline.detect_fraud scheduled__2025-03-20T12:13:15.476240+00:00 [queued]>
[2025-03-20T13:03:55.238+0000] {taskinstance.py:1359} INFO - Starting attempt 1 of 1
[2025-03-20T13:03:55.254+0000] {taskinstance.py:1380} INFO - Executing <Task(BashOperator): detect_fraud> on 2025-03-20 12:13:15.476240+00:00
[2025-03-20T13:03:55.262+0000] {standard_task_runner.py:57} INFO - Started process 1304 to run task
[2025-03-20T13:03:55.266+0000] {standard_task_runner.py:84} INFO - Running: ['***', 'tasks', 'run', 'transactions_pipeline', 'detect_fraud', 'scheduled__2025-03-20T12:13:15.476240+00:00', '--job-id', '318', '--raw', '--subdir', 'DAGS_FOLDER/fraud_detection_pipeline.py', '--cfg-path', '/tmp/tmp2qqli1o1']
[2025-03-20T13:03:55.270+0000] {standard_task_runner.py:85} INFO - Job 318: Subtask detect_fraud
[2025-03-20T13:03:55.327+0000] {task_command.py:415} INFO - Running <TaskInstance: transactions_pipeline.detect_fraud scheduled__2025-03-20T12:13:15.476240+00:00 [running]> on host 3938a1dd8bd9
[2025-03-20T13:03:55.425+0000] {taskinstance.py:1660} INFO - Exporting env vars: AIRFLOW_CTX_DAG_OWNER='***' AIRFLOW_CTX_DAG_ID='transactions_pipeline' AIRFLOW_CTX_TASK_ID='detect_fraud' AIRFLOW_CTX_EXECUTION_DATE='2025-03-20T12:13:15.476240+00:00' AIRFLOW_CTX_TRY_NUMBER='1' AIRFLOW_CTX_DAG_RUN_ID='scheduled__2025-03-20T12:13:15.476240+00:00'
[2025-03-20T13:03:55.427+0000] {subprocess.py:63} INFO - Tmp dir root location: /tmp
[2025-03-20T13:03:55.428+0000] {subprocess.py:75} INFO - Running command: ['/bin/bash', '-c', '\n    docker exec hive spark-submit --master spark://localhost:7077 /hive/scripts/detect_fraud.py "batch_20250320_130155"\n    ']
[2025-03-20T13:03:55.441+0000] {subprocess.py:86} INFO - Output:
[2025-03-20T13:03:58.419+0000] {subprocess.py:93} INFO - 25/03/20 13:03:58 INFO SparkContext: Running Spark version 3.5.0
[2025-03-20T13:03:58.424+0000] {subprocess.py:93} INFO - 25/03/20 13:03:58 INFO SparkContext: OS info Linux, 5.15.167.4-microsoft-standard-WSL2, amd64
[2025-03-20T13:03:58.425+0000] {subprocess.py:93} INFO - 25/03/20 13:03:58 INFO SparkContext: Java version 1.8.0_342
[2025-03-20T13:03:58.510+0000] {subprocess.py:93} INFO - 25/03/20 13:03:58 WARN NativeCodeLoader: Unable to load native-hadoop library for your platform... using builtin-java classes where applicable
[2025-03-20T13:03:58.613+0000] {subprocess.py:93} INFO - 25/03/20 13:03:58 INFO ResourceUtils: ==============================================================
[2025-03-20T13:03:58.614+0000] {subprocess.py:93} INFO - 25/03/20 13:03:58 INFO ResourceUtils: No custom resources configured for spark.driver.
[2025-03-20T13:03:58.615+0000] {subprocess.py:93} INFO - 25/03/20 13:03:58 INFO ResourceUtils: ==============================================================
[2025-03-20T13:03:58.617+0000] {subprocess.py:93} INFO - 25/03/20 13:03:58 INFO SparkContext: Submitted application: FraudDetection
[2025-03-20T13:03:58.654+0000] {subprocess.py:93} INFO - 25/03/20 13:03:58 INFO ResourceProfile: Default ResourceProfile created, executor resources: Map(memory -> name: memory, amount: 1024, script: , vendor: , offHeap -> name: offHeap, amount: 0, script: , vendor: ), task resources: Map(cpus -> name: cpus, amount: 1.0)
[2025-03-20T13:03:58.671+0000] {subprocess.py:93} INFO - 25/03/20 13:03:58 INFO ResourceProfile: Limiting resource is cpu
[2025-03-20T13:03:58.672+0000] {subprocess.py:93} INFO - 25/03/20 13:03:58 INFO ResourceProfileManager: Added ResourceProfile id: 0
[2025-03-20T13:03:58.731+0000] {subprocess.py:93} INFO - 25/03/20 13:03:58 INFO SecurityManager: Changing view acls to: root
[2025-03-20T13:03:58.732+0000] {subprocess.py:93} INFO - 25/03/20 13:03:58 INFO SecurityManager: Changing modify acls to: root
[2025-03-20T13:03:58.733+0000] {subprocess.py:93} INFO - 25/03/20 13:03:58 INFO SecurityManager: Changing view acls groups to:
[2025-03-20T13:03:58.734+0000] {subprocess.py:93} INFO - 25/03/20 13:03:58 INFO SecurityManager: Changing modify acls groups to:
[2025-03-20T13:03:58.735+0000] {subprocess.py:93} INFO - 25/03/20 13:03:58 INFO SecurityManager: SecurityManager: authentication disabled; ui acls disabled; users with view permissions: root; groups with view permissions: EMPTY; users with modify permissions: root; groups with modify permissions: EMPTY
[2025-03-20T13:03:59.007+0000] {subprocess.py:93} INFO - 25/03/20 13:03:59 INFO Utils: Successfully started service 'sparkDriver' on port 45925.
[2025-03-20T13:03:59.048+0000] {subprocess.py:93} INFO - 25/03/20 13:03:59 INFO SparkEnv: Registering MapOutputTracker
[2025-03-20T13:03:59.088+0000] {subprocess.py:93} INFO - 25/03/20 13:03:59 INFO SparkEnv: Registering BlockManagerMaster
[2025-03-20T13:03:59.109+0000] {subprocess.py:93} INFO - 25/03/20 13:03:59 INFO BlockManagerMasterEndpoint: Using org.apache.spark.storage.DefaultTopologyMapper for getting topology information
[2025-03-20T13:03:59.110+0000] {subprocess.py:93} INFO - 25/03/20 13:03:59 INFO BlockManagerMasterEndpoint: BlockManagerMasterEndpoint up
[2025-03-20T13:03:59.116+0000] {subprocess.py:93} INFO - 25/03/20 13:03:59 INFO SparkEnv: Registering BlockManagerMasterHeartbeat
[2025-03-20T13:03:59.186+0000] {subprocess.py:93} INFO - 25/03/20 13:03:59 INFO DiskBlockManager: Created local directory at /tmp/blockmgr-02d63691-f34a-4e30-9bcf-be6fb48f72dd
[2025-03-20T13:03:59.207+0000] {subprocess.py:93} INFO - 25/03/20 13:03:59 INFO MemoryStore: MemoryStore started with capacity 366.3 MiB
[2025-03-20T13:03:59.228+0000] {subprocess.py:93} INFO - 25/03/20 13:03:59 INFO SparkEnv: Registering OutputCommitCoordinator
[2025-03-20T13:03:59.458+0000] {subprocess.py:93} INFO - 25/03/20 13:03:59 INFO JettyUtils: Start Jetty 0.0.0.0:4040 for SparkUI
[2025-03-20T13:03:59.565+0000] {subprocess.py:93} INFO - 25/03/20 13:03:59 INFO Utils: Successfully started service 'SparkUI' on port 4040.
[2025-03-20T13:03:59.787+0000] {subprocess.py:93} INFO - 25/03/20 13:03:59 INFO StandaloneAppClient$ClientEndpoint: Connecting to master spark://localhost:7077...
[2025-03-20T13:03:59.899+0000] {subprocess.py:93} INFO - 25/03/20 13:03:59 INFO TransportClientFactory: Successfully created connection to localhost/127.0.0.1:7077 after 79 ms (0 ms spent in bootstraps)
[2025-03-20T13:04:00.018+0000] {subprocess.py:93} INFO - 25/03/20 13:04:00 INFO StandaloneSchedulerBackend: Connected to Spark cluster with app ID app-20250320130400-0009
[2025-03-20T13:04:00.021+0000] {subprocess.py:93} INFO - 25/03/20 13:04:00 INFO StandaloneAppClient$ClientEndpoint: Executor added: app-20250320130400-0009/0 on worker-20250320120146-172.18.0.6-34145 (172.18.0.6:34145) with 2 core(s)
[2025-03-20T13:04:00.024+0000] {subprocess.py:93} INFO - 25/03/20 13:04:00 INFO StandaloneSchedulerBackend: Granted executor ID app-20250320130400-0009/0 on hostPort 172.18.0.6:34145 with 2 core(s), 1024.0 MiB RAM
[2025-03-20T13:04:00.052+0000] {subprocess.py:93} INFO - 25/03/20 13:04:00 INFO Utils: Successfully started service 'org.apache.spark.network.netty.NettyBlockTransferService' on port 44951.
[2025-03-20T13:04:00.053+0000] {subprocess.py:93} INFO - 25/03/20 13:04:00 INFO NettyBlockTransferService: Server created on bcc1e3430c31:44951
[2025-03-20T13:04:00.056+0000] {subprocess.py:93} INFO - 25/03/20 13:04:00 INFO BlockManager: Using org.apache.spark.storage.RandomBlockReplicationPolicy for block replication policy
[2025-03-20T13:04:00.073+0000] {subprocess.py:93} INFO - 25/03/20 13:04:00 INFO BlockManagerMaster: Registering BlockManager BlockManagerId(driver, bcc1e3430c31, 44951, None)
[2025-03-20T13:04:00.080+0000] {subprocess.py:93} INFO - 25/03/20 13:04:00 INFO BlockManagerMasterEndpoint: Registering block manager bcc1e3430c31:44951 with 366.3 MiB RAM, BlockManagerId(driver, bcc1e3430c31, 44951, None)
[2025-03-20T13:04:00.150+0000] {subprocess.py:93} INFO - 25/03/20 13:04:00 INFO BlockManagerMaster: Registered BlockManager BlockManagerId(driver, bcc1e3430c31, 44951, None)
[2025-03-20T13:04:00.151+0000] {subprocess.py:93} INFO - 25/03/20 13:04:00 INFO BlockManager: Initialized BlockManager: BlockManagerId(driver, bcc1e3430c31, 44951, None)
[2025-03-20T13:04:00.167+0000] {subprocess.py:93} INFO - 25/03/20 13:04:00 INFO StandaloneAppClient$ClientEndpoint: Executor updated: app-20250320130400-0009/0 is now RUNNING
[2025-03-20T13:04:00.981+0000] {subprocess.py:93} INFO - 25/03/20 13:04:00 INFO StandaloneSchedulerBackend: SchedulerBackend is ready for scheduling beginning after reached minRegisteredResourcesRatio: 0.0
[2025-03-20T13:04:01.468+0000] {subprocess.py:93} INFO - Spark version: 3.5.0
[2025-03-20T13:04:01.691+0000] {subprocess.py:93} INFO - 25/03/20 13:04:01 INFO SharedState: Setting hive.metastore.warehouse.dir ('null') to the value of spark.sql.warehouse.dir.
[2025-03-20T13:04:03.253+0000] {subprocess.py:93} INFO - 25/03/20 13:04:03 INFO SharedState: Warehouse path is 'hdfs://localhost:9000/data/warehouse'.
[2025-03-20T13:04:07.073+0000] {subprocess.py:93} INFO - 25/03/20 13:04:07 INFO StandaloneSchedulerBackend$StandaloneDriverEndpoint: Registered executor NettyRpcEndpointRef(spark-client://Executor) (172.18.0.6:40494) with ID 0,  ResourceProfileId 0
[2025-03-20T13:04:07.175+0000] {subprocess.py:93} INFO - 25/03/20 13:04:07 INFO InMemoryFileIndex: It took 220 ms to list leaf files for 1 paths.
[2025-03-20T13:04:07.274+0000] {subprocess.py:93} INFO - 25/03/20 13:04:07 INFO BlockManagerMasterEndpoint: Registering block manager 172.18.0.6:35683 with 366.3 MiB RAM, BlockManagerId(0, 172.18.0.6, 35683, None)
[2025-03-20T13:04:08.454+0000] {subprocess.py:93} INFO - 25/03/20 13:04:08 INFO SparkContext: Starting job: parquet at NativeMethodAccessorImpl.java:0
[2025-03-20T13:04:08.489+0000] {subprocess.py:93} INFO - 25/03/20 13:04:08 INFO DAGScheduler: Got job 0 (parquet at NativeMethodAccessorImpl.java:0) with 1 output partitions
[2025-03-20T13:04:08.490+0000] {subprocess.py:93} INFO - 25/03/20 13:04:08 INFO DAGScheduler: Final stage: ResultStage 0 (parquet at NativeMethodAccessorImpl.java:0)
[2025-03-20T13:04:08.491+0000] {subprocess.py:93} INFO - 25/03/20 13:04:08 INFO DAGScheduler: Parents of final stage: List()
[2025-03-20T13:04:08.495+0000] {subprocess.py:93} INFO - 25/03/20 13:04:08 INFO DAGScheduler: Missing parents: List()
[2025-03-20T13:04:08.509+0000] {subprocess.py:93} INFO - 25/03/20 13:04:08 INFO DAGScheduler: Submitting ResultStage 0 (MapPartitionsRDD[1] at parquet at NativeMethodAccessorImpl.java:0), which has no missing parents
[2025-03-20T13:04:08.695+0000] {subprocess.py:93} INFO - 25/03/20 13:04:08 INFO MemoryStore: Block broadcast_0 stored as values in memory (estimated size 103.3 KiB, free 366.2 MiB)
[2025-03-20T13:04:08.788+0000] {subprocess.py:93} INFO - 25/03/20 13:04:08 INFO MemoryStore: Block broadcast_0_piece0 stored as bytes in memory (estimated size 37.2 KiB, free 366.2 MiB)
[2025-03-20T13:04:08.792+0000] {subprocess.py:93} INFO - 25/03/20 13:04:08 INFO BlockManagerInfo: Added broadcast_0_piece0 in memory on bcc1e3430c31:44951 (size: 37.2 KiB, free: 366.3 MiB)
[2025-03-20T13:04:08.798+0000] {subprocess.py:93} INFO - 25/03/20 13:04:08 INFO SparkContext: Created broadcast 0 from broadcast at DAGScheduler.scala:1580
[2025-03-20T13:04:08.816+0000] {subprocess.py:93} INFO - 25/03/20 13:04:08 INFO DAGScheduler: Submitting 1 missing tasks from ResultStage 0 (MapPartitionsRDD[1] at parquet at NativeMethodAccessorImpl.java:0) (first 15 tasks are for partitions Vector(0))
[2025-03-20T13:04:08.819+0000] {subprocess.py:93} INFO - 25/03/20 13:04:08 INFO TaskSchedulerImpl: Adding task set 0.0 with 1 tasks resource profile 0
[2025-03-20T13:04:08.857+0000] {subprocess.py:93} INFO - 25/03/20 13:04:08 INFO TaskSetManager: Starting task 0.0 in stage 0.0 (TID 0) (172.18.0.6, executor 0, partition 0, PROCESS_LOCAL, 7831 bytes)
[2025-03-20T13:04:09.288+0000] {subprocess.py:93} INFO - 25/03/20 13:04:09 INFO BlockManagerInfo: Added broadcast_0_piece0 in memory on 172.18.0.6:35683 (size: 37.2 KiB, free: 366.3 MiB)
[2025-03-20T13:04:11.561+0000] {subprocess.py:93} INFO - 25/03/20 13:04:11 INFO TaskSetManager: Finished task 0.0 in stage 0.0 (TID 0) in 2717 ms on 172.18.0.6 (executor 0) (1/1)
[2025-03-20T13:04:11.564+0000] {subprocess.py:93} INFO - 25/03/20 13:04:11 INFO TaskSchedulerImpl: Removed TaskSet 0.0, whose tasks have all completed, from pool
[2025-03-20T13:04:11.570+0000] {subprocess.py:93} INFO - 25/03/20 13:04:11 INFO DAGScheduler: ResultStage 0 (parquet at NativeMethodAccessorImpl.java:0) finished in 2.995 s
[2025-03-20T13:04:11.576+0000] {subprocess.py:93} INFO - 25/03/20 13:04:11 INFO DAGScheduler: Job 0 is finished. Cancelling potential speculative or zombie tasks for this job
[2025-03-20T13:04:11.578+0000] {subprocess.py:93} INFO - 25/03/20 13:04:11 INFO TaskSchedulerImpl: Killing all running tasks in stage 0: Stage finished
[2025-03-20T13:04:11.583+0000] {subprocess.py:93} INFO - 25/03/20 13:04:11 INFO DAGScheduler: Job 0 finished: parquet at NativeMethodAccessorImpl.java:0, took 3.129059 s
[2025-03-20T13:04:11.950+0000] {subprocess.py:93} INFO - 25/03/20 13:04:11 INFO BlockManagerInfo: Removed broadcast_0_piece0 on bcc1e3430c31:44951 in memory (size: 37.2 KiB, free: 366.3 MiB)
[2025-03-20T13:04:11.961+0000] {subprocess.py:93} INFO - 25/03/20 13:04:11 INFO BlockManagerInfo: Removed broadcast_0_piece0 on 172.18.0.6:35683 in memory (size: 37.2 KiB, free: 366.3 MiB)
[2025-03-20T13:04:14.159+0000] {subprocess.py:93} INFO - 25/03/20 13:04:14 INFO FileSourceStrategy: Pushed Filters: IsNotNull(amount),GreaterThan(amount,1000.0)
[2025-03-20T13:04:14.162+0000] {subprocess.py:93} INFO - 25/03/20 13:04:14 INFO FileSourceStrategy: Post-Scan Filters: isnotnull(amount#2),(amount#2 > 1000.0)
[2025-03-20T13:04:14.310+0000] {subprocess.py:93} INFO - 25/03/20 13:04:14 INFO ParquetUtils: Using default output committer for Parquet: org.apache.parquet.hadoop.ParquetOutputCommitter
[2025-03-20T13:04:14.333+0000] {subprocess.py:93} INFO - 25/03/20 13:04:14 INFO FileOutputCommitter: File Output Committer Algorithm version is 1
[2025-03-20T13:04:14.335+0000] {subprocess.py:93} INFO - 25/03/20 13:04:14 INFO FileOutputCommitter: FileOutputCommitter skip cleanup _temporary folders under output directory:false, ignore cleanup failures: false
[2025-03-20T13:04:14.335+0000] {subprocess.py:93} INFO - 25/03/20 13:04:14 INFO SQLHadoopMapReduceCommitProtocol: Using user defined output committer class org.apache.parquet.hadoop.ParquetOutputCommitter
[2025-03-20T13:04:14.336+0000] {subprocess.py:93} INFO - 25/03/20 13:04:14 INFO FileOutputCommitter: File Output Committer Algorithm version is 1
[2025-03-20T13:04:14.336+0000] {subprocess.py:93} INFO - 25/03/20 13:04:14 INFO FileOutputCommitter: FileOutputCommitter skip cleanup _temporary folders under output directory:false, ignore cleanup failures: false
[2025-03-20T13:04:14.338+0000] {subprocess.py:93} INFO - 25/03/20 13:04:14 INFO SQLHadoopMapReduceCommitProtocol: Using output committer class org.apache.parquet.hadoop.ParquetOutputCommitter
[2025-03-20T13:04:14.698+0000] {subprocess.py:93} INFO - 25/03/20 13:04:14 INFO CodeGenerator: Code generated in 246.149846 ms
[2025-03-20T13:04:14.727+0000] {subprocess.py:93} INFO - 25/03/20 13:04:14 INFO MemoryStore: Block broadcast_1 stored as values in memory (estimated size 357.5 KiB, free 366.0 MiB)
[2025-03-20T13:04:14.743+0000] {subprocess.py:93} INFO - 25/03/20 13:04:14 INFO MemoryStore: Block broadcast_1_piece0 stored as bytes in memory (estimated size 35.2 KiB, free 365.9 MiB)
[2025-03-20T13:04:14.744+0000] {subprocess.py:93} INFO - 25/03/20 13:04:14 INFO BlockManagerInfo: Added broadcast_1_piece0 in memory on bcc1e3430c31:44951 (size: 35.2 KiB, free: 366.3 MiB)
[2025-03-20T13:04:14.746+0000] {subprocess.py:93} INFO - 25/03/20 13:04:14 INFO SparkContext: Created broadcast 1 from parquet at NativeMethodAccessorImpl.java:0
[2025-03-20T13:04:14.764+0000] {subprocess.py:93} INFO - 25/03/20 13:04:14 INFO FileSourceScanExec: Planning scan with bin packing, max size: 4194304 bytes, open cost is considered as scanning 4194304 bytes.
[2025-03-20T13:04:14.817+0000] {subprocess.py:93} INFO - 25/03/20 13:04:14 INFO SparkContext: Starting job: parquet at NativeMethodAccessorImpl.java:0
[2025-03-20T13:04:14.818+0000] {subprocess.py:93} INFO - 25/03/20 13:04:14 INFO DAGScheduler: Got job 1 (parquet at NativeMethodAccessorImpl.java:0) with 1 output partitions
[2025-03-20T13:04:14.819+0000] {subprocess.py:93} INFO - 25/03/20 13:04:14 INFO DAGScheduler: Final stage: ResultStage 1 (parquet at NativeMethodAccessorImpl.java:0)
[2025-03-20T13:04:14.820+0000] {subprocess.py:93} INFO - 25/03/20 13:04:14 INFO DAGScheduler: Parents of final stage: List()
[2025-03-20T13:04:14.821+0000] {subprocess.py:93} INFO - 25/03/20 13:04:14 INFO DAGScheduler: Missing parents: List()
[2025-03-20T13:04:14.822+0000] {subprocess.py:93} INFO - 25/03/20 13:04:14 INFO DAGScheduler: Submitting ResultStage 1 (MapPartitionsRDD[5] at parquet at NativeMethodAccessorImpl.java:0), which has no missing parents
[2025-03-20T13:04:14.890+0000] {subprocess.py:93} INFO - 25/03/20 13:04:14 INFO MemoryStore: Block broadcast_2 stored as values in memory (estimated size 219.2 KiB, free 365.7 MiB)
[2025-03-20T13:04:14.894+0000] {subprocess.py:93} INFO - 25/03/20 13:04:14 INFO MemoryStore: Block broadcast_2_piece0 stored as bytes in memory (estimated size 77.5 KiB, free 365.6 MiB)
[2025-03-20T13:04:14.897+0000] {subprocess.py:93} INFO - 25/03/20 13:04:14 INFO BlockManagerInfo: Added broadcast_2_piece0 in memory on bcc1e3430c31:44951 (size: 77.5 KiB, free: 366.2 MiB)
[2025-03-20T13:04:14.898+0000] {subprocess.py:93} INFO - 25/03/20 13:04:14 INFO SparkContext: Created broadcast 2 from broadcast at DAGScheduler.scala:1580
[2025-03-20T13:04:14.899+0000] {subprocess.py:93} INFO - 25/03/20 13:04:14 INFO DAGScheduler: Submitting 1 missing tasks from ResultStage 1 (MapPartitionsRDD[5] at parquet at NativeMethodAccessorImpl.java:0) (first 15 tasks are for partitions Vector(0))
[2025-03-20T13:04:14.900+0000] {subprocess.py:93} INFO - 25/03/20 13:04:14 INFO TaskSchedulerImpl: Adding task set 1.0 with 1 tasks resource profile 0
[2025-03-20T13:04:14.907+0000] {subprocess.py:93} INFO - 25/03/20 13:04:14 INFO TaskSetManager: Starting task 0.0 in stage 1.0 (TID 1) (172.18.0.6, executor 0, partition 0, ANY, 8299 bytes)
[2025-03-20T13:04:14.960+0000] {subprocess.py:93} INFO - 25/03/20 13:04:14 INFO BlockManagerInfo: Added broadcast_2_piece0 in memory on 172.18.0.6:35683 (size: 77.5 KiB, free: 366.2 MiB)
[2025-03-20T13:04:16.201+0000] {subprocess.py:93} INFO - 25/03/20 13:04:16 INFO BlockManagerInfo: Added broadcast_1_piece0 in memory on 172.18.0.6:35683 (size: 35.2 KiB, free: 366.2 MiB)
[2025-03-20T13:04:16.871+0000] {subprocess.py:93} INFO - 25/03/20 13:04:16 INFO TaskSetManager: Finished task 0.0 in stage 1.0 (TID 1) in 1967 ms on 172.18.0.6 (executor 0) (1/1)
[2025-03-20T13:04:16.872+0000] {subprocess.py:93} INFO - 25/03/20 13:04:16 INFO TaskSchedulerImpl: Removed TaskSet 1.0, whose tasks have all completed, from pool
[2025-03-20T13:04:16.873+0000] {subprocess.py:93} INFO - 25/03/20 13:04:16 INFO DAGScheduler: ResultStage 1 (parquet at NativeMethodAccessorImpl.java:0) finished in 2.044 s
[2025-03-20T13:04:16.874+0000] {subprocess.py:93} INFO - 25/03/20 13:04:16 INFO DAGScheduler: Job 1 is finished. Cancelling potential speculative or zombie tasks for this job
[2025-03-20T13:04:16.874+0000] {subprocess.py:93} INFO - 25/03/20 13:04:16 INFO TaskSchedulerImpl: Killing all running tasks in stage 1: Stage finished
[2025-03-20T13:04:16.875+0000] {subprocess.py:93} INFO - 25/03/20 13:04:16 INFO DAGScheduler: Job 1 finished: parquet at NativeMethodAccessorImpl.java:0, took 2.058232 s
[2025-03-20T13:04:16.880+0000] {subprocess.py:93} INFO - 25/03/20 13:04:16 INFO FileFormatWriter: Start to commit write Job 3d930d8c-a77f-4ba3-b4a5-9afce181c394.
[2025-03-20T13:04:16.968+0000] {subprocess.py:93} INFO - 25/03/20 13:04:16 INFO FileFormatWriter: Write Job 3d930d8c-a77f-4ba3-b4a5-9afce181c394 committed. Elapsed time: 87 ms.
[2025-03-20T13:04:16.974+0000] {subprocess.py:93} INFO - 25/03/20 13:04:16 INFO FileFormatWriter: Finished processing stats for write job 3d930d8c-a77f-4ba3-b4a5-9afce181c394.
[2025-03-20T13:04:16.983+0000] {subprocess.py:93} INFO - 25/03/20 13:04:16 INFO SparkContext: SparkContext is stopping with exitCode 0.
[2025-03-20T13:04:17.001+0000] {subprocess.py:93} INFO - 25/03/20 13:04:16 INFO SparkUI: Stopped Spark web UI at http://bcc1e3430c31:4040
[2025-03-20T13:04:17.010+0000] {subprocess.py:93} INFO - 25/03/20 13:04:17 INFO StandaloneSchedulerBackend: Shutting down all executors
[2025-03-20T13:04:17.011+0000] {subprocess.py:93} INFO - 25/03/20 13:04:17 INFO StandaloneSchedulerBackend$StandaloneDriverEndpoint: Asking each executor to shut down
[2025-03-20T13:04:17.059+0000] {subprocess.py:93} INFO - 25/03/20 13:04:17 INFO MapOutputTrackerMasterEndpoint: MapOutputTrackerMasterEndpoint stopped!
[2025-03-20T13:04:17.081+0000] {subprocess.py:93} INFO - 25/03/20 13:04:17 INFO MemoryStore: MemoryStore cleared
[2025-03-20T13:04:17.082+0000] {subprocess.py:93} INFO - 25/03/20 13:04:17 INFO BlockManager: BlockManager stopped
[2025-03-20T13:04:17.090+0000] {subprocess.py:93} INFO - 25/03/20 13:04:17 INFO BlockManagerMaster: BlockManagerMaster stopped
[2025-03-20T13:04:17.153+0000] {subprocess.py:93} INFO - 25/03/20 13:04:17 INFO OutputCommitCoordinator$OutputCommitCoordinatorEndpoint: OutputCommitCoordinator stopped!
[2025-03-20T13:04:17.168+0000] {subprocess.py:93} INFO - 25/03/20 13:04:17 INFO SparkContext: Successfully stopped SparkContext
[2025-03-20T13:04:17.254+0000] {subprocess.py:93} INFO - 25/03/20 13:04:17 INFO ShutdownHookManager: Shutdown hook called
[2025-03-20T13:04:17.256+0000] {subprocess.py:93} INFO - 25/03/20 13:04:17 INFO ShutdownHookManager: Deleting directory /tmp/spark-205a54f5-9b3e-4595-8ec4-a125d6c88b64
[2025-03-20T13:04:17.261+0000] {subprocess.py:93} INFO - 25/03/20 13:04:17 INFO ShutdownHookManager: Deleting directory /tmp/spark-7ea8efcf-e01c-4e06-89d4-8e4faa3ab171
[2025-03-20T13:04:17.265+0000] {subprocess.py:93} INFO - 25/03/20 13:04:17 INFO ShutdownHookManager: Deleting directory /tmp/spark-7ea8efcf-e01c-4e06-89d4-8e4faa3ab171/pyspark-3d5acf14-770b-40f6-b3ec-d2baca527d93
[2025-03-20T13:04:17.349+0000] {subprocess.py:97} INFO - Command exited with return code 0
[2025-03-20T13:04:17.397+0000] {taskinstance.py:1398} INFO - Marking task as SUCCESS. dag_id=transactions_pipeline, task_id=detect_fraud, execution_date=20250320T121315, start_date=20250320T130355, end_date=20250320T130417
[2025-03-20T13:04:17.454+0000] {local_task_job_runner.py:228} INFO - Task exited with return code 0
[2025-03-20T13:04:17.475+0000] {taskinstance.py:2776} INFO - 0 downstream tasks scheduled from follow-on schedule check
