[2025-03-21T13:23:09.714+0000] {taskinstance.py:1157} INFO - Dependencies all met for dep_context=non-requeueable deps ti=<TaskInstance: transactions_pipeline.create_hive_table_batch_20250321_131546 manual__2025-03-21T13:22:01.068828+00:00 [queued]>
[2025-03-21T13:23:09.760+0000] {taskinstance.py:1157} INFO - Dependencies all met for dep_context=requeueable deps ti=<TaskInstance: transactions_pipeline.create_hive_table_batch_20250321_131546 manual__2025-03-21T13:22:01.068828+00:00 [queued]>
[2025-03-21T13:23:09.765+0000] {taskinstance.py:1359} INFO - Starting attempt 1 of 1
[2025-03-21T13:23:09.856+0000] {taskinstance.py:1380} INFO - Executing <Task(BashOperator): create_hive_table_batch_20250321_131546> on 2025-03-21 13:22:01.068828+00:00
[2025-03-21T13:23:09.888+0000] {standard_task_runner.py:57} INFO - Started process 752 to run task
[2025-03-21T13:23:09.912+0000] {standard_task_runner.py:84} INFO - Running: ['***', 'tasks', 'run', 'transactions_pipeline', 'create_hive_table_batch_20250321_131546', 'manual__2025-03-21T13:22:01.068828+00:00', '--job-id', '586', '--raw', '--subdir', 'DAGS_FOLDER/fraud_detection_pipeline.py', '--cfg-path', '/tmp/tmpgy_ddq_5']
[2025-03-21T13:23:09.921+0000] {standard_task_runner.py:85} INFO - Job 586: Subtask create_hive_table_batch_20250321_131546
[2025-03-21T13:23:10.127+0000] {task_command.py:415} INFO - Running <TaskInstance: transactions_pipeline.create_hive_table_batch_20250321_131546 manual__2025-03-21T13:22:01.068828+00:00 [running]> on host 1b7c3466167a
[2025-03-21T13:23:10.507+0000] {taskinstance.py:1660} INFO - Exporting env vars: AIRFLOW_CTX_DAG_EMAIL='rabiizahnoune7@gmail.com' AIRFLOW_CTX_DAG_OWNER='***' AIRFLOW_CTX_DAG_ID='transactions_pipeline' AIRFLOW_CTX_TASK_ID='create_hive_table_batch_20250321_131546' AIRFLOW_CTX_EXECUTION_DATE='2025-03-21T13:22:01.068828+00:00' AIRFLOW_CTX_TRY_NUMBER='1' AIRFLOW_CTX_DAG_RUN_ID='manual__2025-03-21T13:22:01.068828+00:00'
[2025-03-21T13:23:10.512+0000] {subprocess.py:63} INFO - Tmp dir root location: /tmp
[2025-03-21T13:23:10.514+0000] {subprocess.py:75} INFO - Running command: ['/bin/bash', '-c', '\n            docker exec hive beeline -u "jdbc:hive2://localhost:10000" --hiveconf hive.exec.dynamic.partition.mode=nonstrict -e "\n            CREATE EXTERNAL TABLE IF NOT EXISTS transactions (\n                transaction_id STRING,\n                date_time STRING,\n                amount DOUBLE,\n                currency STRING,\n                merchant_details STRING,\n                customer_id STRING,\n                transaction_type STRING,\n                location STRING\n            )\n            PARTITIONED BY (batch_id STRING)\n            STORED AS PARQUET;\n            ALTER TABLE transactions ADD IF NOT EXISTS PARTITION (batch_id=\'batch_20250321_131546\') LOCATION \'/data/transactions/transactions_batch_20250321_131546\';"\n            ']
[2025-03-21T13:23:10.585+0000] {subprocess.py:86} INFO - Output:
[2025-03-21T13:23:20.553+0000] {subprocess.py:93} INFO - SLF4J: Class path contains multiple SLF4J bindings.
[2025-03-21T13:23:20.556+0000] {subprocess.py:93} INFO - SLF4J: Found binding in [jar:file:/opt/hive/lib/log4j-slf4j-impl-2.17.1.jar!/org/slf4j/impl/StaticLoggerBinder.class]
[2025-03-21T13:23:20.563+0000] {subprocess.py:93} INFO - SLF4J: Found binding in [jar:file:/opt/hadoop/share/hadoop/common/lib/slf4j-log4j12-1.7.25.jar!/org/slf4j/impl/StaticLoggerBinder.class]
[2025-03-21T13:23:20.564+0000] {subprocess.py:93} INFO - SLF4J: See http://www.slf4j.org/codes.html#multiple_bindings for an explanation.
[2025-03-21T13:23:24.252+0000] {subprocess.py:93} INFO - SLF4J: Actual binding is of type [org.apache.logging.slf4j.Log4jLoggerFactory]
[2025-03-21T13:23:40.061+0000] {subprocess.py:93} INFO - Connecting to jdbc:hive2://localhost:10000
[2025-03-21T13:23:42.715+0000] {subprocess.py:93} INFO - Connected to: Apache Hive (version 3.1.3)
[2025-03-21T13:23:42.717+0000] {subprocess.py:93} INFO - Driver: Hive JDBC (version 3.1.3)
[2025-03-21T13:23:42.718+0000] {subprocess.py:93} INFO - Transaction isolation: TRANSACTION_REPEATABLE_READ
[2025-03-21T13:23:44.527+0000] {subprocess.py:93} INFO - INFO  : Compiling command(queryId=root_20250321132343_209523fe-08f3-4d40-b5cc-0235371e3d78): CREATE EXTERNAL TABLE IF NOT EXISTS transactions (
[2025-03-21T13:23:44.529+0000] {subprocess.py:93} INFO -                 transaction_id STRING,
[2025-03-21T13:23:44.530+0000] {subprocess.py:93} INFO -                 date_time STRING,
[2025-03-21T13:23:44.531+0000] {subprocess.py:93} INFO -                 amount DOUBLE,
[2025-03-21T13:23:44.531+0000] {subprocess.py:93} INFO -                 currency STRING,
[2025-03-21T13:23:44.532+0000] {subprocess.py:93} INFO -                 merchant_details STRING,
[2025-03-21T13:23:44.532+0000] {subprocess.py:93} INFO -                 customer_id STRING,
[2025-03-21T13:23:44.533+0000] {subprocess.py:93} INFO -                 transaction_type STRING,
[2025-03-21T13:23:44.534+0000] {subprocess.py:93} INFO -                 location STRING
[2025-03-21T13:23:44.535+0000] {subprocess.py:93} INFO -             )
[2025-03-21T13:23:44.535+0000] {subprocess.py:93} INFO -             PARTITIONED BY (batch_id STRING)
[2025-03-21T13:23:44.536+0000] {subprocess.py:93} INFO -             STORED AS PARQUET
[2025-03-21T13:23:44.537+0000] {subprocess.py:93} INFO - INFO  : Concurrency mode is disabled, not creating a lock manager
[2025-03-21T13:23:44.538+0000] {subprocess.py:93} INFO - INFO  : Semantic Analysis Completed (retrial = false)
[2025-03-21T13:23:44.539+0000] {subprocess.py:93} INFO - INFO  : Returning Hive schema: Schema(fieldSchemas:null, properties:null)
[2025-03-21T13:23:44.541+0000] {subprocess.py:93} INFO - INFO  : Completed compiling command(queryId=root_20250321132343_209523fe-08f3-4d40-b5cc-0235371e3d78); Time taken: 0.271 seconds
[2025-03-21T13:23:44.542+0000] {subprocess.py:93} INFO - INFO  : Concurrency mode is disabled, not creating a lock manager
[2025-03-21T13:23:44.543+0000] {subprocess.py:93} INFO - INFO  : Executing command(queryId=root_20250321132343_209523fe-08f3-4d40-b5cc-0235371e3d78): CREATE EXTERNAL TABLE IF NOT EXISTS transactions (
[2025-03-21T13:23:44.543+0000] {subprocess.py:93} INFO -                 transaction_id STRING,
[2025-03-21T13:23:44.544+0000] {subprocess.py:93} INFO -                 date_time STRING,
[2025-03-21T13:23:44.545+0000] {subprocess.py:93} INFO -                 amount DOUBLE,
[2025-03-21T13:23:44.545+0000] {subprocess.py:93} INFO -                 currency STRING,
[2025-03-21T13:23:44.546+0000] {subprocess.py:93} INFO -                 merchant_details STRING,
[2025-03-21T13:23:44.546+0000] {subprocess.py:93} INFO -                 customer_id STRING,
[2025-03-21T13:23:44.547+0000] {subprocess.py:93} INFO -                 transaction_type STRING,
[2025-03-21T13:23:44.547+0000] {subprocess.py:93} INFO -                 location STRING
[2025-03-21T13:23:44.548+0000] {subprocess.py:93} INFO -             )
[2025-03-21T13:23:44.549+0000] {subprocess.py:93} INFO -             PARTITIONED BY (batch_id STRING)
[2025-03-21T13:23:44.549+0000] {subprocess.py:93} INFO -             STORED AS PARQUET
[2025-03-21T13:23:44.550+0000] {subprocess.py:93} INFO - INFO  : Completed executing command(queryId=root_20250321132343_209523fe-08f3-4d40-b5cc-0235371e3d78); Time taken: 0.0 seconds
[2025-03-21T13:23:44.551+0000] {subprocess.py:93} INFO - INFO  : OK
[2025-03-21T13:23:44.551+0000] {subprocess.py:93} INFO - INFO  : Concurrency mode is disabled, not creating a lock manager
[2025-03-21T13:23:44.605+0000] {subprocess.py:93} INFO - No rows affected (1.579 seconds)
[2025-03-21T13:23:45.728+0000] {subprocess.py:93} INFO - INFO  : Compiling command(queryId=root_20250321132344_9568d1cb-a213-4f94-b33f-5ef09b0c64e0): ALTER TABLE transactions ADD IF NOT EXISTS PARTITION (batch_id='batch_20250321_131546') LOCATION '/data/transactions/transactions_batch_20250321_131546'
[2025-03-21T13:23:45.729+0000] {subprocess.py:93} INFO - INFO  : Concurrency mode is disabled, not creating a lock manager
[2025-03-21T13:23:45.730+0000] {subprocess.py:93} INFO - INFO  : Semantic Analysis Completed (retrial = false)
[2025-03-21T13:23:45.732+0000] {subprocess.py:93} INFO - INFO  : Returning Hive schema: Schema(fieldSchemas:null, properties:null)
[2025-03-21T13:23:45.736+0000] {subprocess.py:93} INFO - INFO  : Completed compiling command(queryId=root_20250321132344_9568d1cb-a213-4f94-b33f-5ef09b0c64e0); Time taken: 0.102 seconds
[2025-03-21T13:23:45.739+0000] {subprocess.py:93} INFO - INFO  : Concurrency mode is disabled, not creating a lock manager
[2025-03-21T13:23:45.742+0000] {subprocess.py:93} INFO - INFO  : Executing command(queryId=root_20250321132344_9568d1cb-a213-4f94-b33f-5ef09b0c64e0): ALTER TABLE transactions ADD IF NOT EXISTS PARTITION (batch_id='batch_20250321_131546') LOCATION '/data/transactions/transactions_batch_20250321_131546'
[2025-03-21T13:23:45.748+0000] {subprocess.py:93} INFO - INFO  : Starting task [Stage-0:DDL] in serial mode
[2025-03-21T13:23:45.813+0000] {subprocess.py:93} INFO - INFO  : Completed executing command(queryId=root_20250321132344_9568d1cb-a213-4f94-b33f-5ef09b0c64e0); Time taken: 0.584 seconds
[2025-03-21T13:23:45.814+0000] {subprocess.py:93} INFO - INFO  : OK
[2025-03-21T13:23:45.815+0000] {subprocess.py:93} INFO - INFO  : Concurrency mode is disabled, not creating a lock manager
[2025-03-21T13:23:45.819+0000] {subprocess.py:93} INFO - No rows affected (1.113 seconds)
[2025-03-21T13:23:45.825+0000] {subprocess.py:93} INFO - Beeline version 3.1.3 by Apache Hive
[2025-03-21T13:23:45.928+0000] {subprocess.py:93} INFO - Closing: 0: jdbc:hive2://localhost:10000
[2025-03-21T13:23:46.062+0000] {subprocess.py:97} INFO - Command exited with return code 0
[2025-03-21T13:23:46.116+0000] {taskinstance.py:1398} INFO - Marking task as SUCCESS. dag_id=transactions_pipeline, task_id=create_hive_table_batch_20250321_131546, execution_date=20250321T132201, start_date=20250321T132309, end_date=20250321T132346
[2025-03-21T13:23:46.183+0000] {local_task_job_runner.py:228} INFO - Task exited with return code 0
[2025-03-21T13:23:46.235+0000] {taskinstance.py:2776} INFO - 1 downstream tasks scheduled from follow-on schedule check
