[2025-03-21T15:22:55.671+0000] {taskinstance.py:1157} INFO - Dependencies all met for dep_context=non-requeueable deps ti=<TaskInstance: transactions_pipeline.detect_fraud_batch_20250321_152117 scheduled__2025-03-21T15:14:30.451359+00:00 [queued]>
[2025-03-21T15:22:55.684+0000] {taskinstance.py:1157} INFO - Dependencies all met for dep_context=requeueable deps ti=<TaskInstance: transactions_pipeline.detect_fraud_batch_20250321_152117 scheduled__2025-03-21T15:14:30.451359+00:00 [queued]>
[2025-03-21T15:22:55.686+0000] {taskinstance.py:1359} INFO - Starting attempt 1 of 1
[2025-03-21T15:22:55.706+0000] {taskinstance.py:1380} INFO - Executing <Task(BashOperator): detect_fraud_batch_20250321_152117> on 2025-03-21 15:14:30.451359+00:00
[2025-03-21T15:22:55.714+0000] {standard_task_runner.py:57} INFO - Started process 6361 to run task
[2025-03-21T15:22:55.718+0000] {standard_task_runner.py:84} INFO - Running: ['***', 'tasks', 'run', 'transactions_pipeline', 'detect_fraud_batch_20250321_152117', 'scheduled__2025-03-21T15:14:30.451359+00:00', '--job-id', '815', '--raw', '--subdir', 'DAGS_FOLDER/fraud_detection_pipeline.py', '--cfg-path', '/tmp/tmpjcfe9c6r']
[2025-03-21T15:22:55.721+0000] {standard_task_runner.py:85} INFO - Job 815: Subtask detect_fraud_batch_20250321_152117
[2025-03-21T15:22:55.783+0000] {task_command.py:415} INFO - Running <TaskInstance: transactions_pipeline.detect_fraud_batch_20250321_152117 scheduled__2025-03-21T15:14:30.451359+00:00 [running]> on host e95638583d4d
[2025-03-21T15:22:55.898+0000] {taskinstance.py:1660} INFO - Exporting env vars: AIRFLOW_CTX_DAG_EMAIL='rabiizahnoune7@gmail.com' AIRFLOW_CTX_DAG_OWNER='***' AIRFLOW_CTX_DAG_ID='transactions_pipeline' AIRFLOW_CTX_TASK_ID='detect_fraud_batch_20250321_152117' AIRFLOW_CTX_EXECUTION_DATE='2025-03-21T15:14:30.451359+00:00' AIRFLOW_CTX_TRY_NUMBER='1' AIRFLOW_CTX_DAG_RUN_ID='scheduled__2025-03-21T15:14:30.451359+00:00'
[2025-03-21T15:22:55.901+0000] {subprocess.py:63} INFO - Tmp dir root location: /tmp
[2025-03-21T15:22:55.903+0000] {subprocess.py:75} INFO - Running command: ['/bin/bash', '-c', '\n            docker exec hive spark-submit               --master spark://localhost:7077               --driver-memory 1g               --executor-memory 1g               --num-executors 1               --executor-cores 1               /hive/scripts/detect_fraud.py "batch_20250321_152117"\n            ']
[2025-03-21T15:22:55.920+0000] {subprocess.py:86} INFO - Output:
[2025-03-21T15:22:59.870+0000] {subprocess.py:93} INFO - 25/03/21 15:22:59 INFO SparkContext: Running Spark version 3.5.0
[2025-03-21T15:22:59.873+0000] {subprocess.py:93} INFO - 25/03/21 15:22:59 INFO SparkContext: OS info Linux, 5.15.167.4-microsoft-standard-WSL2, amd64
[2025-03-21T15:22:59.874+0000] {subprocess.py:93} INFO - 25/03/21 15:22:59 INFO SparkContext: Java version 1.8.0_342
[2025-03-21T15:22:59.996+0000] {subprocess.py:93} INFO - 25/03/21 15:22:59 WARN NativeCodeLoader: Unable to load native-hadoop library for your platform... using builtin-java classes where applicable
[2025-03-21T15:23:00.161+0000] {subprocess.py:93} INFO - 25/03/21 15:23:00 INFO ResourceUtils: ==============================================================
[2025-03-21T15:23:00.162+0000] {subprocess.py:93} INFO - 25/03/21 15:23:00 INFO ResourceUtils: No custom resources configured for spark.driver.
[2025-03-21T15:23:00.163+0000] {subprocess.py:93} INFO - 25/03/21 15:23:00 INFO ResourceUtils: ==============================================================
[2025-03-21T15:23:00.166+0000] {subprocess.py:93} INFO - 25/03/21 15:23:00 INFO SparkContext: Submitted application: FraudDetection
[2025-03-21T15:23:00.230+0000] {subprocess.py:93} INFO - 25/03/21 15:23:00 INFO ResourceProfile: Default ResourceProfile created, executor resources: Map(cores -> name: cores, amount: 1, script: , vendor: , memory -> name: memory, amount: 1024, script: , vendor: , offHeap -> name: offHeap, amount: 0, script: , vendor: ), task resources: Map(cpus -> name: cpus, amount: 1.0)
[2025-03-21T15:23:00.282+0000] {subprocess.py:93} INFO - 25/03/21 15:23:00 INFO ResourceProfile: Limiting resource is cpus at 1 tasks per executor
[2025-03-21T15:23:00.289+0000] {subprocess.py:93} INFO - 25/03/21 15:23:00 INFO ResourceProfileManager: Added ResourceProfile id: 0
[2025-03-21T15:23:00.407+0000] {subprocess.py:93} INFO - 25/03/21 15:23:00 INFO SecurityManager: Changing view acls to: root
[2025-03-21T15:23:00.408+0000] {subprocess.py:93} INFO - 25/03/21 15:23:00 INFO SecurityManager: Changing modify acls to: root
[2025-03-21T15:23:00.413+0000] {subprocess.py:93} INFO - 25/03/21 15:23:00 INFO SecurityManager: Changing view acls groups to:
[2025-03-21T15:23:00.415+0000] {subprocess.py:93} INFO - 25/03/21 15:23:00 INFO SecurityManager: Changing modify acls groups to:
[2025-03-21T15:23:00.416+0000] {subprocess.py:93} INFO - 25/03/21 15:23:00 INFO SecurityManager: SecurityManager: authentication disabled; ui acls disabled; users with view permissions: root; groups with view permissions: EMPTY; users with modify permissions: root; groups with modify permissions: EMPTY
[2025-03-21T15:23:01.010+0000] {subprocess.py:93} INFO - 25/03/21 15:23:01 INFO Utils: Successfully started service 'sparkDriver' on port 35291.
[2025-03-21T15:23:01.073+0000] {subprocess.py:93} INFO - 25/03/21 15:23:01 INFO SparkEnv: Registering MapOutputTracker
[2025-03-21T15:23:01.157+0000] {subprocess.py:93} INFO - 25/03/21 15:23:01 INFO SparkEnv: Registering BlockManagerMaster
[2025-03-21T15:23:01.195+0000] {subprocess.py:93} INFO - 25/03/21 15:23:01 INFO BlockManagerMasterEndpoint: Using org.apache.spark.storage.DefaultTopologyMapper for getting topology information
[2025-03-21T15:23:01.196+0000] {subprocess.py:93} INFO - 25/03/21 15:23:01 INFO BlockManagerMasterEndpoint: BlockManagerMasterEndpoint up
[2025-03-21T15:23:01.265+0000] {subprocess.py:93} INFO - 25/03/21 15:23:01 INFO SparkEnv: Registering BlockManagerMasterHeartbeat
[2025-03-21T15:23:01.310+0000] {subprocess.py:93} INFO - 25/03/21 15:23:01 INFO DiskBlockManager: Created local directory at /tmp/blockmgr-452fe64e-3a7b-410a-b418-6f190f044d44
[2025-03-21T15:23:01.336+0000] {subprocess.py:93} INFO - 25/03/21 15:23:01 INFO MemoryStore: MemoryStore started with capacity 366.3 MiB
[2025-03-21T15:23:01.364+0000] {subprocess.py:93} INFO - 25/03/21 15:23:01 INFO SparkEnv: Registering OutputCommitCoordinator
[2025-03-21T15:23:01.610+0000] {subprocess.py:93} INFO - 25/03/21 15:23:01 INFO JettyUtils: Start Jetty 0.0.0.0:4040 for SparkUI
[2025-03-21T15:23:01.758+0000] {subprocess.py:93} INFO - 25/03/21 15:23:01 INFO Utils: Successfully started service 'SparkUI' on port 4040.
[2025-03-21T15:23:02.022+0000] {subprocess.py:93} INFO - 25/03/21 15:23:02 INFO StandaloneAppClient$ClientEndpoint: Connecting to master spark://localhost:7077...
[2025-03-21T15:23:02.121+0000] {subprocess.py:93} INFO - 25/03/21 15:23:02 INFO TransportClientFactory: Successfully created connection to localhost/127.0.0.1:7077 after 50 ms (0 ms spent in bootstraps)
[2025-03-21T15:23:02.267+0000] {subprocess.py:93} INFO - 25/03/21 15:23:02 INFO StandaloneSchedulerBackend: Connected to Spark cluster with app ID app-20250321152302-0016
[2025-03-21T15:23:02.270+0000] {subprocess.py:93} INFO - 25/03/21 15:23:02 INFO StandaloneAppClient$ClientEndpoint: Executor added: app-20250321152302-0016/0 on worker-20250321134653-172.18.0.2-40107 (172.18.0.2:40107) with 1 core(s)
[2025-03-21T15:23:02.274+0000] {subprocess.py:93} INFO - 25/03/21 15:23:02 INFO StandaloneSchedulerBackend: Granted executor ID app-20250321152302-0016/0 on hostPort 172.18.0.2:40107 with 1 core(s), 1024.0 MiB RAM
[2025-03-21T15:23:02.276+0000] {subprocess.py:93} INFO - 25/03/21 15:23:02 INFO StandaloneAppClient$ClientEndpoint: Executor added: app-20250321152302-0016/1 on worker-20250321134653-172.18.0.2-40107 (172.18.0.2:40107) with 1 core(s)
[2025-03-21T15:23:02.277+0000] {subprocess.py:93} INFO - 25/03/21 15:23:02 INFO StandaloneSchedulerBackend: Granted executor ID app-20250321152302-0016/1 on hostPort 172.18.0.2:40107 with 1 core(s), 1024.0 MiB RAM
[2025-03-21T15:23:01.604+0000] {subprocess.py:93} INFO - 25/03/21 15:23:02 INFO Utils: Successfully started service 'org.apache.spark.network.netty.NettyBlockTransferService' on port 38987.
[2025-03-21T15:23:01.606+0000] {subprocess.py:93} INFO - 25/03/21 15:23:01 INFO NettyBlockTransferService: Server created on e0b25feeb0e2:38987
[2025-03-21T15:23:01.608+0000] {subprocess.py:93} INFO - 25/03/21 15:23:01 INFO BlockManager: Using org.apache.spark.storage.RandomBlockReplicationPolicy for block replication policy
[2025-03-21T15:23:00.845+0000] {subprocess.py:93} INFO - 25/03/21 15:23:00 INFO BlockManagerMaster: Registering BlockManager BlockManagerId(driver, e0b25feeb0e2, 38987, None)
[2025-03-21T15:23:00.852+0000] {subprocess.py:93} INFO - 25/03/21 15:23:00 INFO BlockManagerMasterEndpoint: Registering block manager e0b25feeb0e2:38987 with 366.3 MiB RAM, BlockManagerId(driver, e0b25feeb0e2, 38987, None)
[2025-03-21T15:23:00.857+0000] {subprocess.py:93} INFO - 25/03/21 15:23:00 INFO BlockManagerMaster: Registered BlockManager BlockManagerId(driver, e0b25feeb0e2, 38987, None)
[2025-03-21T15:23:00.860+0000] {subprocess.py:93} INFO - 25/03/21 15:23:00 INFO BlockManager: Initialized BlockManager: BlockManagerId(driver, e0b25feeb0e2, 38987, None)
[2025-03-21T15:23:01.863+0000] {subprocess.py:93} INFO - 25/03/21 15:23:01 INFO StandaloneSchedulerBackend: SchedulerBackend is ready for scheduling beginning after reached minRegisteredResourcesRatio: 0.0
[2025-03-21T15:23:02.046+0000] {subprocess.py:93} INFO - 25/03/21 15:23:02 INFO StandaloneAppClient$ClientEndpoint: Executor updated: app-20250321152302-0016/0 is now RUNNING
[2025-03-21T15:23:02.049+0000] {subprocess.py:93} INFO - 25/03/21 15:23:02 INFO StandaloneAppClient$ClientEndpoint: Executor updated: app-20250321152302-0016/1 is now RUNNING
[2025-03-21T15:23:03.263+0000] {subprocess.py:93} INFO - Spark version: 3.5.0
[2025-03-21T15:23:03.864+0000] {subprocess.py:93} INFO - 25/03/21 15:23:03 INFO SharedState: Setting hive.metastore.warehouse.dir ('null') to the value of spark.sql.warehouse.dir.
[2025-03-21T15:23:06.648+0000] {subprocess.py:93} INFO - 25/03/21 15:23:06 INFO SharedState: Warehouse path is 'hdfs://localhost:9000/data/warehouse'.
[2025-03-21T15:23:16.359+0000] {subprocess.py:93} INFO - 25/03/21 15:23:16 INFO InMemoryFileIndex: It took 715 ms to list leaf files for 1 paths.
[2025-03-21T15:23:19.844+0000] {subprocess.py:93} INFO - 25/03/21 15:23:19 INFO StandaloneSchedulerBackend$StandaloneDriverEndpoint: Registered executor NettyRpcEndpointRef(spark-client://Executor) (172.18.0.2:53330) with ID 0,  ResourceProfileId 0
[2025-03-21T15:23:19.865+0000] {subprocess.py:93} INFO - 25/03/21 15:23:19 INFO StandaloneSchedulerBackend$StandaloneDriverEndpoint: Registered executor NettyRpcEndpointRef(spark-client://Executor) (172.18.0.2:53336) with ID 1,  ResourceProfileId 0
[2025-03-21T15:23:20.555+0000] {subprocess.py:93} INFO - 25/03/21 15:23:20 INFO BlockManagerMasterEndpoint: Registering block manager 172.18.0.2:43625 with 366.3 MiB RAM, BlockManagerId(0, 172.18.0.2, 43625, None)
[2025-03-21T15:23:20.557+0000] {subprocess.py:93} INFO - 25/03/21 15:23:20 INFO BlockManagerMasterEndpoint: Registering block manager 172.18.0.2:44197 with 366.3 MiB RAM, BlockManagerId(1, 172.18.0.2, 44197, None)
[2025-03-21T15:23:21.146+0000] {subprocess.py:93} INFO - 25/03/21 15:23:21 INFO SparkContext: Starting job: parquet at NativeMethodAccessorImpl.java:0
[2025-03-21T15:23:21.259+0000] {subprocess.py:93} INFO - 25/03/21 15:23:21 INFO DAGScheduler: Got job 0 (parquet at NativeMethodAccessorImpl.java:0) with 1 output partitions
[2025-03-21T15:23:21.261+0000] {subprocess.py:93} INFO - 25/03/21 15:23:21 INFO DAGScheduler: Final stage: ResultStage 0 (parquet at NativeMethodAccessorImpl.java:0)
[2025-03-21T15:23:21.268+0000] {subprocess.py:93} INFO - 25/03/21 15:23:21 INFO DAGScheduler: Parents of final stage: List()
[2025-03-21T15:23:21.270+0000] {subprocess.py:93} INFO - 25/03/21 15:23:21 INFO DAGScheduler: Missing parents: List()
[2025-03-21T15:23:21.341+0000] {subprocess.py:93} INFO - 25/03/21 15:23:21 INFO DAGScheduler: Submitting ResultStage 0 (MapPartitionsRDD[1] at parquet at NativeMethodAccessorImpl.java:0), which has no missing parents
[2025-03-21T15:23:21.638+0000] {subprocess.py:93} INFO - 25/03/21 15:23:21 INFO MemoryStore: Block broadcast_0 stored as values in memory (estimated size 103.5 KiB, free 366.2 MiB)
[2025-03-21T15:23:21.688+0000] {subprocess.py:93} INFO - 25/03/21 15:23:21 INFO MemoryStore: Block broadcast_0_piece0 stored as bytes in memory (estimated size 37.2 KiB, free 366.2 MiB)
[2025-03-21T15:23:21.694+0000] {subprocess.py:93} INFO - 25/03/21 15:23:21 INFO BlockManagerInfo: Added broadcast_0_piece0 in memory on e0b25feeb0e2:38987 (size: 37.2 KiB, free: 366.3 MiB)
[2025-03-21T15:23:21.701+0000] {subprocess.py:93} INFO - 25/03/21 15:23:21 INFO SparkContext: Created broadcast 0 from broadcast at DAGScheduler.scala:1580
[2025-03-21T15:23:21.762+0000] {subprocess.py:93} INFO - 25/03/21 15:23:21 INFO DAGScheduler: Submitting 1 missing tasks from ResultStage 0 (MapPartitionsRDD[1] at parquet at NativeMethodAccessorImpl.java:0) (first 15 tasks are for partitions Vector(0))
[2025-03-21T15:23:21.765+0000] {subprocess.py:93} INFO - 25/03/21 15:23:21 INFO TaskSchedulerImpl: Adding task set 0.0 with 1 tasks resource profile 0
[2025-03-21T15:23:21.840+0000] {subprocess.py:93} INFO - 25/03/21 15:23:21 INFO TaskSetManager: Starting task 0.0 in stage 0.0 (TID 0) (172.18.0.2, executor 1, partition 0, PROCESS_LOCAL, 7831 bytes)
[2025-03-21T15:23:22.555+0000] {subprocess.py:93} INFO - 25/03/21 15:23:22 INFO BlockManagerInfo: Added broadcast_0_piece0 in memory on 172.18.0.2:44197 (size: 37.2 KiB, free: 366.3 MiB)
[2025-03-21T15:23:25.892+0000] {subprocess.py:93} INFO - 25/03/21 15:23:25 INFO TaskSetManager: Finished task 0.0 in stage 0.0 (TID 0) in 4095 ms on 172.18.0.2 (executor 1) (1/1)
[2025-03-21T15:23:25.897+0000] {subprocess.py:93} INFO - 25/03/21 15:23:25 INFO TaskSchedulerImpl: Removed TaskSet 0.0, whose tasks have all completed, from pool
[2025-03-21T15:23:25.938+0000] {subprocess.py:93} INFO - 25/03/21 15:23:25 INFO DAGScheduler: ResultStage 0 (parquet at NativeMethodAccessorImpl.java:0) finished in 4.570 s
[2025-03-21T15:23:25.954+0000] {subprocess.py:93} INFO - 25/03/21 15:23:25 INFO DAGScheduler: Job 0 is finished. Cancelling potential speculative or zombie tasks for this job
[2025-03-21T15:23:25.955+0000] {subprocess.py:93} INFO - 25/03/21 15:23:25 INFO TaskSchedulerImpl: Killing all running tasks in stage 0: Stage finished
[2025-03-21T15:23:25.958+0000] {subprocess.py:93} INFO - 25/03/21 15:23:25 INFO DAGScheduler: Job 0 finished: parquet at NativeMethodAccessorImpl.java:0, took 4.811625 s
[2025-03-21T15:23:27.482+0000] {subprocess.py:93} INFO - 25/03/21 15:23:27 INFO BlockManagerInfo: Removed broadcast_0_piece0 on e0b25feeb0e2:38987 in memory (size: 37.2 KiB, free: 366.3 MiB)
[2025-03-21T15:23:27.645+0000] {subprocess.py:93} INFO - 25/03/21 15:23:27 INFO BlockManagerInfo: Removed broadcast_0_piece0 on 172.18.0.2:44197 in memory (size: 37.2 KiB, free: 366.3 MiB)
[2025-03-21T15:23:28.798+0000] {subprocess.py:93} INFO - 25/03/21 15:23:28 INFO FileSourceStrategy: Pushed Filters: IsNotNull(amount),GreaterThan(amount,1000.0)
[2025-03-21T15:23:28.804+0000] {subprocess.py:93} INFO - 25/03/21 15:23:28 INFO FileSourceStrategy: Post-Scan Filters: isnotnull(amount#2),(amount#2 > 1000.0)
[2025-03-21T15:23:28.989+0000] {subprocess.py:93} INFO - 25/03/21 15:23:28 INFO ParquetUtils: Using default output committer for Parquet: org.apache.parquet.hadoop.ParquetOutputCommitter
[2025-03-21T15:23:29.032+0000] {subprocess.py:93} INFO - 25/03/21 15:23:29 INFO FileOutputCommitter: File Output Committer Algorithm version is 1
[2025-03-21T15:23:29.034+0000] {subprocess.py:93} INFO - 25/03/21 15:23:29 INFO FileOutputCommitter: FileOutputCommitter skip cleanup _temporary folders under output directory:false, ignore cleanup failures: false
[2025-03-21T15:23:29.037+0000] {subprocess.py:93} INFO - 25/03/21 15:23:29 INFO SQLHadoopMapReduceCommitProtocol: Using user defined output committer class org.apache.parquet.hadoop.ParquetOutputCommitter
[2025-03-21T15:23:29.039+0000] {subprocess.py:93} INFO - 25/03/21 15:23:29 INFO FileOutputCommitter: File Output Committer Algorithm version is 1
[2025-03-21T15:23:29.040+0000] {subprocess.py:93} INFO - 25/03/21 15:23:29 INFO FileOutputCommitter: FileOutputCommitter skip cleanup _temporary folders under output directory:false, ignore cleanup failures: false
[2025-03-21T15:23:29.040+0000] {subprocess.py:93} INFO - 25/03/21 15:23:29 INFO SQLHadoopMapReduceCommitProtocol: Using output committer class org.apache.parquet.hadoop.ParquetOutputCommitter
[2025-03-21T15:23:29.679+0000] {subprocess.py:93} INFO - 25/03/21 15:23:29 INFO CodeGenerator: Code generated in 465.069498 ms
[2025-03-21T15:23:29.730+0000] {subprocess.py:93} INFO - 25/03/21 15:23:29 INFO MemoryStore: Block broadcast_1 stored as values in memory (estimated size 358.3 KiB, free 366.0 MiB)
[2025-03-21T15:23:29.750+0000] {subprocess.py:93} INFO - 25/03/21 15:23:29 INFO MemoryStore: Block broadcast_1_piece0 stored as bytes in memory (estimated size 35.2 KiB, free 365.9 MiB)
[2025-03-21T15:23:29.751+0000] {subprocess.py:93} INFO - 25/03/21 15:23:29 INFO BlockManagerInfo: Added broadcast_1_piece0 in memory on e0b25feeb0e2:38987 (size: 35.2 KiB, free: 366.3 MiB)
[2025-03-21T15:23:29.753+0000] {subprocess.py:93} INFO - 25/03/21 15:23:29 INFO SparkContext: Created broadcast 1 from parquet at NativeMethodAccessorImpl.java:0
[2025-03-21T15:23:29.780+0000] {subprocess.py:93} INFO - 25/03/21 15:23:29 INFO FileSourceScanExec: Planning scan with bin packing, max size: 4194304 bytes, open cost is considered as scanning 4194304 bytes.
[2025-03-21T15:23:29.941+0000] {subprocess.py:93} INFO - 25/03/21 15:23:29 INFO SparkContext: Starting job: parquet at NativeMethodAccessorImpl.java:0
[2025-03-21T15:23:29.942+0000] {subprocess.py:93} INFO - 25/03/21 15:23:29 INFO DAGScheduler: Got job 1 (parquet at NativeMethodAccessorImpl.java:0) with 1 output partitions
[2025-03-21T15:23:29.943+0000] {subprocess.py:93} INFO - 25/03/21 15:23:29 INFO DAGScheduler: Final stage: ResultStage 1 (parquet at NativeMethodAccessorImpl.java:0)
[2025-03-21T15:23:29.944+0000] {subprocess.py:93} INFO - 25/03/21 15:23:29 INFO DAGScheduler: Parents of final stage: List()
[2025-03-21T15:23:29.945+0000] {subprocess.py:93} INFO - 25/03/21 15:23:29 INFO DAGScheduler: Missing parents: List()
[2025-03-21T15:23:29.946+0000] {subprocess.py:93} INFO - 25/03/21 15:23:29 INFO DAGScheduler: Submitting ResultStage 1 (MapPartitionsRDD[5] at parquet at NativeMethodAccessorImpl.java:0), which has no missing parents
[2025-03-21T15:23:29.996+0000] {subprocess.py:93} INFO - 25/03/21 15:23:29 INFO MemoryStore: Block broadcast_2 stored as values in memory (estimated size 233.5 KiB, free 365.7 MiB)
[2025-03-21T15:23:29.999+0000] {subprocess.py:93} INFO - 25/03/21 15:23:29 INFO MemoryStore: Block broadcast_2_piece0 stored as bytes in memory (estimated size 84.4 KiB, free 365.6 MiB)
[2025-03-21T15:23:30.000+0000] {subprocess.py:93} INFO - 25/03/21 15:23:29 INFO BlockManagerInfo: Added broadcast_2_piece0 in memory on e0b25feeb0e2:38987 (size: 84.4 KiB, free: 366.2 MiB)
[2025-03-21T15:23:30.001+0000] {subprocess.py:93} INFO - 25/03/21 15:23:30 INFO SparkContext: Created broadcast 2 from broadcast at DAGScheduler.scala:1580
[2025-03-21T15:23:30.003+0000] {subprocess.py:93} INFO - 25/03/21 15:23:30 INFO DAGScheduler: Submitting 1 missing tasks from ResultStage 1 (MapPartitionsRDD[5] at parquet at NativeMethodAccessorImpl.java:0) (first 15 tasks are for partitions Vector(0))
[2025-03-21T15:23:30.004+0000] {subprocess.py:93} INFO - 25/03/21 15:23:30 INFO TaskSchedulerImpl: Adding task set 1.0 with 1 tasks resource profile 0
[2025-03-21T15:23:30.013+0000] {subprocess.py:93} INFO - 25/03/21 15:23:30 INFO TaskSetManager: Starting task 0.0 in stage 1.0 (TID 1) (172.18.0.2, executor 1, partition 0, ANY, 8299 bytes)
[2025-03-21T15:23:30.081+0000] {subprocess.py:93} INFO - 25/03/21 15:23:30 INFO BlockManagerInfo: Added broadcast_2_piece0 in memory on 172.18.0.2:44197 (size: 84.4 KiB, free: 366.2 MiB)
[2025-03-21T15:23:30.030+0000] {subprocess.py:93} INFO - 25/03/21 15:23:30 INFO BlockManagerInfo: Added broadcast_1_piece0 in memory on 172.18.0.2:44197 (size: 35.2 KiB, free: 366.2 MiB)
[2025-03-21T15:23:31.442+0000] {subprocess.py:93} INFO - 25/03/21 15:23:31 INFO TaskSetManager: Finished task 0.0 in stage 1.0 (TID 1) in 1432 ms on 172.18.0.2 (executor 1) (1/1)
[2025-03-21T15:23:31.443+0000] {subprocess.py:93} INFO - 25/03/21 15:23:31 INFO TaskSchedulerImpl: Removed TaskSet 1.0, whose tasks have all completed, from pool
[2025-03-21T15:23:31.444+0000] {subprocess.py:93} INFO - 25/03/21 15:23:31 INFO DAGScheduler: ResultStage 1 (parquet at NativeMethodAccessorImpl.java:0) finished in 1.488 s
[2025-03-21T15:23:31.445+0000] {subprocess.py:93} INFO - 25/03/21 15:23:31 INFO DAGScheduler: Job 1 is finished. Cancelling potential speculative or zombie tasks for this job
[2025-03-21T15:23:31.445+0000] {subprocess.py:93} INFO - 25/03/21 15:23:31 INFO TaskSchedulerImpl: Killing all running tasks in stage 1: Stage finished
[2025-03-21T15:23:31.446+0000] {subprocess.py:93} INFO - 25/03/21 15:23:31 INFO DAGScheduler: Job 1 finished: parquet at NativeMethodAccessorImpl.java:0, took 2.977286 s
[2025-03-21T15:23:31.449+0000] {subprocess.py:93} INFO - 25/03/21 15:23:31 INFO FileFormatWriter: Start to commit write Job a291852c-de84-4396-b519-d25d05125103.
[2025-03-21T15:23:31.575+0000] {subprocess.py:93} INFO - 25/03/21 15:23:31 INFO FileFormatWriter: Write Job a291852c-de84-4396-b519-d25d05125103 committed. Elapsed time: 112 ms.
[2025-03-21T15:23:31.583+0000] {subprocess.py:93} INFO - 25/03/21 15:23:31 INFO FileFormatWriter: Finished processing stats for write job a291852c-de84-4396-b519-d25d05125103.
[2025-03-21T15:23:31.602+0000] {subprocess.py:93} INFO - 25/03/21 15:23:31 INFO SparkContext: SparkContext is stopping with exitCode 0.
[2025-03-21T15:23:31.628+0000] {subprocess.py:93} INFO - 25/03/21 15:23:31 INFO SparkUI: Stopped Spark web UI at http://e0b25feeb0e2:4040
[2025-03-21T15:23:31.639+0000] {subprocess.py:93} INFO - 25/03/21 15:23:31 INFO StandaloneSchedulerBackend: Shutting down all executors
[2025-03-21T15:23:31.640+0000] {subprocess.py:93} INFO - 25/03/21 15:23:31 INFO StandaloneSchedulerBackend$StandaloneDriverEndpoint: Asking each executor to shut down
[2025-03-21T15:23:31.774+0000] {subprocess.py:93} INFO - 25/03/21 15:23:31 INFO MapOutputTrackerMasterEndpoint: MapOutputTrackerMasterEndpoint stopped!
[2025-03-21T15:23:31.878+0000] {subprocess.py:93} INFO - 25/03/21 15:23:31 INFO MemoryStore: MemoryStore cleared
[2025-03-21T15:23:31.879+0000] {subprocess.py:93} INFO - 25/03/21 15:23:31 INFO BlockManager: BlockManager stopped
[2025-03-21T15:23:31.886+0000] {subprocess.py:93} INFO - 25/03/21 15:23:31 INFO BlockManagerMaster: BlockManagerMaster stopped
[2025-03-21T15:23:31.892+0000] {subprocess.py:93} INFO - 25/03/21 15:23:31 INFO OutputCommitCoordinator$OutputCommitCoordinatorEndpoint: OutputCommitCoordinator stopped!
[2025-03-21T15:23:31.967+0000] {subprocess.py:93} INFO - 25/03/21 15:23:31 INFO SparkContext: Successfully stopped SparkContext
[2025-03-21T15:23:32.372+0000] {subprocess.py:93} INFO - 25/03/21 15:23:32 INFO ShutdownHookManager: Shutdown hook called
[2025-03-21T15:23:32.374+0000] {subprocess.py:93} INFO - 25/03/21 15:23:32 INFO ShutdownHookManager: Deleting directory /tmp/spark-f8fefb19-43b1-45b0-8437-1a87d3fe7667
[2025-03-21T15:23:32.381+0000] {subprocess.py:93} INFO - 25/03/21 15:23:32 INFO ShutdownHookManager: Deleting directory /tmp/spark-ec5c58f9-e25b-4a97-bf2c-3fda00dee532/pyspark-e3180b94-04c9-4cb6-9bca-c7880f83095f
[2025-03-21T15:23:32.389+0000] {subprocess.py:93} INFO - 25/03/21 15:23:32 INFO ShutdownHookManager: Deleting directory /tmp/spark-ec5c58f9-e25b-4a97-bf2c-3fda00dee532
[2025-03-21T15:23:32.463+0000] {subprocess.py:97} INFO - Command exited with return code 0
[2025-03-21T15:23:32.492+0000] {taskinstance.py:1398} INFO - Marking task as SUCCESS. dag_id=transactions_pipeline, task_id=detect_fraud_batch_20250321_152117, execution_date=20250321T151430, start_date=20250321T152255, end_date=20250321T152332
[2025-03-21T15:23:32.546+0000] {local_task_job_runner.py:228} INFO - Task exited with return code 0
[2025-03-21T15:23:32.602+0000] {taskinstance.py:2776} INFO - 1 downstream tasks scheduled from follow-on schedule check
