[2025-03-19T20:00:16.485+0000] {taskinstance.py:1157} INFO - Dependencies all met for dep_context=non-requeueable deps ti=<TaskInstance: transactions_pipeline.detect_fraud scheduled__2025-03-19T19:09:58.361448+00:00 [queued]>
[2025-03-19T20:00:16.511+0000] {taskinstance.py:1157} INFO - Dependencies all met for dep_context=requeueable deps ti=<TaskInstance: transactions_pipeline.detect_fraud scheduled__2025-03-19T19:09:58.361448+00:00 [queued]>
[2025-03-19T20:00:16.512+0000] {taskinstance.py:1359} INFO - Starting attempt 1 of 1
[2025-03-19T20:00:16.546+0000] {taskinstance.py:1380} INFO - Executing <Task(BashOperator): detect_fraud> on 2025-03-19 19:09:58.361448+00:00
[2025-03-19T20:00:16.565+0000] {standard_task_runner.py:57} INFO - Started process 306 to run task
[2025-03-19T20:00:16.571+0000] {standard_task_runner.py:84} INFO - Running: ['***', 'tasks', 'run', 'transactions_pipeline', 'detect_fraud', 'scheduled__2025-03-19T19:09:58.361448+00:00', '--job-id', '156', '--raw', '--subdir', 'DAGS_FOLDER/fraud_detection_pipeline.py', '--cfg-path', '/tmp/tmptam6x27x']
[2025-03-19T20:00:16.584+0000] {standard_task_runner.py:85} INFO - Job 156: Subtask detect_fraud
[2025-03-19T20:00:16.689+0000] {task_command.py:415} INFO - Running <TaskInstance: transactions_pipeline.detect_fraud scheduled__2025-03-19T19:09:58.361448+00:00 [running]> on host 0e4ef2b1f1f9
[2025-03-19T20:00:16.890+0000] {taskinstance.py:1660} INFO - Exporting env vars: AIRFLOW_CTX_DAG_OWNER='***' AIRFLOW_CTX_DAG_ID='transactions_pipeline' AIRFLOW_CTX_TASK_ID='detect_fraud' AIRFLOW_CTX_EXECUTION_DATE='2025-03-19T19:09:58.361448+00:00' AIRFLOW_CTX_TRY_NUMBER='1' AIRFLOW_CTX_DAG_RUN_ID='scheduled__2025-03-19T19:09:58.361448+00:00'
[2025-03-19T20:00:16.893+0000] {subprocess.py:63} INFO - Tmp dir root location: /tmp
[2025-03-19T20:00:16.895+0000] {subprocess.py:75} INFO - Running command: ['/bin/bash', '-c', '\n    docker exec hive beeline -u "jdbc:hive2://localhost:10000" -e "\n    CREATE TABLE IF NOT EXISTS fraud_detections (\n        transaction_id STRING,\n        date_time STRING,\n        amount DOUBLE,\n        customer_id STRING,\n        location STRING,\n        fraud_reason STRING\n    )\n    STORED AS PARQUET\n    LOCATION \'/data/fraud_detections\';\n    INSERT INTO TABLE fraud_detections\n    SELECT\n        t.transaction_id,\n        t.date_time,\n        t.amount,\n        t.customer_id,\n        t.location,\n        \'High Amount\' AS fraud_reason\n    FROM transactions t\n    WHERE t.batch_id = \'batch_0\'\n    AND t.amount > 1000;"\n    ']
[2025-03-19T20:00:16.930+0000] {subprocess.py:86} INFO - Output:
[2025-03-19T20:00:18.616+0000] {subprocess.py:93} INFO - SLF4J: Class path contains multiple SLF4J bindings.
[2025-03-19T20:00:18.618+0000] {subprocess.py:93} INFO - SLF4J: Found binding in [jar:file:/opt/hive/lib/log4j-slf4j-impl-2.17.1.jar!/org/slf4j/impl/StaticLoggerBinder.class]
[2025-03-19T20:00:18.619+0000] {subprocess.py:93} INFO - SLF4J: Found binding in [jar:file:/opt/hadoop/share/hadoop/common/lib/slf4j-log4j12-1.7.25.jar!/org/slf4j/impl/StaticLoggerBinder.class]
[2025-03-19T20:00:18.620+0000] {subprocess.py:93} INFO - SLF4J: See http://www.slf4j.org/codes.html#multiple_bindings for an explanation.
[2025-03-19T20:00:18.905+0000] {subprocess.py:93} INFO - SLF4J: Actual binding is of type [org.apache.logging.slf4j.Log4jLoggerFactory]
[2025-03-19T20:00:21.002+0000] {subprocess.py:93} INFO - Connecting to jdbc:hive2://localhost:10000
[2025-03-19T20:00:21.416+0000] {subprocess.py:93} INFO - Connected to: Apache Hive (version 3.1.3)
[2025-03-19T20:00:21.417+0000] {subprocess.py:93} INFO - Driver: Hive JDBC (version 3.1.3)
[2025-03-19T20:00:21.419+0000] {subprocess.py:93} INFO - Transaction isolation: TRANSACTION_REPEATABLE_READ
[2025-03-19T20:00:21.578+0000] {subprocess.py:93} INFO - INFO  : Compiling command(queryId=root_20250319200021_ce16262a-d7db-43d8-b083-ae324f0fe395): CREATE TABLE IF NOT EXISTS fraud_detections (
[2025-03-19T20:00:21.580+0000] {subprocess.py:93} INFO -         transaction_id STRING,
[2025-03-19T20:00:21.582+0000] {subprocess.py:93} INFO -         date_time STRING,
[2025-03-19T20:00:21.583+0000] {subprocess.py:93} INFO -         amount DOUBLE,
[2025-03-19T20:00:21.583+0000] {subprocess.py:93} INFO -         customer_id STRING,
[2025-03-19T20:00:21.584+0000] {subprocess.py:93} INFO -         location STRING,
[2025-03-19T20:00:21.585+0000] {subprocess.py:93} INFO -         fraud_reason STRING
[2025-03-19T20:00:21.585+0000] {subprocess.py:93} INFO -     )
[2025-03-19T20:00:21.586+0000] {subprocess.py:93} INFO -     STORED AS PARQUET
[2025-03-19T20:00:21.587+0000] {subprocess.py:93} INFO -     LOCATION '/data/fraud_detections'
[2025-03-19T20:00:21.587+0000] {subprocess.py:93} INFO - INFO  : Concurrency mode is disabled, not creating a lock manager
[2025-03-19T20:00:21.588+0000] {subprocess.py:93} INFO - INFO  : Semantic Analysis Completed (retrial = false)
[2025-03-19T20:00:21.589+0000] {subprocess.py:93} INFO - INFO  : Returning Hive schema: Schema(fieldSchemas:null, properties:null)
[2025-03-19T20:00:21.590+0000] {subprocess.py:93} INFO - INFO  : Completed compiling command(queryId=root_20250319200021_ce16262a-d7db-43d8-b083-ae324f0fe395); Time taken: 0.037 seconds
[2025-03-19T20:00:21.590+0000] {subprocess.py:93} INFO - INFO  : Concurrency mode is disabled, not creating a lock manager
[2025-03-19T20:00:21.591+0000] {subprocess.py:93} INFO - INFO  : Executing command(queryId=root_20250319200021_ce16262a-d7db-43d8-b083-ae324f0fe395): CREATE TABLE IF NOT EXISTS fraud_detections (
[2025-03-19T20:00:21.591+0000] {subprocess.py:93} INFO -         transaction_id STRING,
[2025-03-19T20:00:21.592+0000] {subprocess.py:93} INFO -         date_time STRING,
[2025-03-19T20:00:21.594+0000] {subprocess.py:93} INFO -         amount DOUBLE,
[2025-03-19T20:00:21.596+0000] {subprocess.py:93} INFO -         customer_id STRING,
[2025-03-19T20:00:21.598+0000] {subprocess.py:93} INFO -         location STRING,
[2025-03-19T20:00:21.598+0000] {subprocess.py:93} INFO -         fraud_reason STRING
[2025-03-19T20:00:21.599+0000] {subprocess.py:93} INFO -     )
[2025-03-19T20:00:21.600+0000] {subprocess.py:93} INFO -     STORED AS PARQUET
[2025-03-19T20:00:21.601+0000] {subprocess.py:93} INFO -     LOCATION '/data/fraud_detections'
[2025-03-19T20:00:21.603+0000] {subprocess.py:93} INFO - INFO  : Completed executing command(queryId=root_20250319200021_ce16262a-d7db-43d8-b083-ae324f0fe395); Time taken: 0.001 seconds
[2025-03-19T20:00:21.604+0000] {subprocess.py:93} INFO - INFO  : OK
[2025-03-19T20:00:21.605+0000] {subprocess.py:93} INFO - INFO  : Concurrency mode is disabled, not creating a lock manager
[2025-03-19T20:00:21.606+0000] {subprocess.py:93} INFO - No rows affected (0.129 seconds)
[2025-03-19T20:00:22.827+0000] {subprocess.py:93} INFO - INFO  : Compiling command(queryId=root_20250319200021_a3eb0bd4-4839-4807-a3f3-81abb75c3005): INSERT INTO TABLE fraud_detections
[2025-03-19T20:00:22.837+0000] {subprocess.py:93} INFO -     SELECT
[2025-03-19T20:00:22.844+0000] {subprocess.py:93} INFO -         t.transaction_id,
[2025-03-19T20:00:22.850+0000] {subprocess.py:93} INFO -         t.date_time,
[2025-03-19T20:00:22.853+0000] {subprocess.py:93} INFO -         t.amount,
[2025-03-19T20:00:22.854+0000] {subprocess.py:93} INFO -         t.customer_id,
[2025-03-19T20:00:22.855+0000] {subprocess.py:93} INFO -         t.location,
[2025-03-19T20:00:22.856+0000] {subprocess.py:93} INFO -         'High Amount' AS fraud_reason
[2025-03-19T20:00:22.858+0000] {subprocess.py:93} INFO -     FROM transactions t
[2025-03-19T20:00:22.859+0000] {subprocess.py:93} INFO -     WHERE t.batch_id = 'batch_0'
[2025-03-19T20:00:22.860+0000] {subprocess.py:93} INFO -     AND t.amount > 1000
[2025-03-19T20:00:22.861+0000] {subprocess.py:93} INFO - INFO  : Concurrency mode is disabled, not creating a lock manager
[2025-03-19T20:00:22.862+0000] {subprocess.py:93} INFO - INFO  : Semantic Analysis Completed (retrial = false)
[2025-03-19T20:00:22.876+0000] {subprocess.py:93} INFO - INFO  : Returning Hive schema: Schema(fieldSchemas:[FieldSchema(name:t.transaction_id, type:string, comment:null), FieldSchema(name:t.date_time, type:string, comment:null), FieldSchema(name:t.amount, type:double, comment:null), FieldSchema(name:t.customer_id, type:string, comment:null), FieldSchema(name:t.location, type:string, comment:null), FieldSchema(name:fraud_reason, type:string, comment:null)], properties:null)
[2025-03-19T20:00:22.877+0000] {subprocess.py:93} INFO - INFO  : Completed compiling command(queryId=root_20250319200021_a3eb0bd4-4839-4807-a3f3-81abb75c3005); Time taken: 0.689 seconds
[2025-03-19T20:00:22.881+0000] {subprocess.py:93} INFO - INFO  : Concurrency mode is disabled, not creating a lock manager
[2025-03-19T20:00:22.882+0000] {subprocess.py:93} INFO - INFO  : Executing command(queryId=root_20250319200021_a3eb0bd4-4839-4807-a3f3-81abb75c3005): INSERT INTO TABLE fraud_detections
[2025-03-19T20:00:22.884+0000] {subprocess.py:93} INFO -     SELECT
[2025-03-19T20:00:22.888+0000] {subprocess.py:93} INFO -         t.transaction_id,
[2025-03-19T20:00:22.889+0000] {subprocess.py:93} INFO -         t.date_time,
[2025-03-19T20:00:22.891+0000] {subprocess.py:93} INFO -         t.amount,
[2025-03-19T20:00:22.892+0000] {subprocess.py:93} INFO -         t.customer_id,
[2025-03-19T20:00:22.894+0000] {subprocess.py:93} INFO -         t.location,
[2025-03-19T20:00:22.895+0000] {subprocess.py:93} INFO -         'High Amount' AS fraud_reason
[2025-03-19T20:00:22.896+0000] {subprocess.py:93} INFO -     FROM transactions t
[2025-03-19T20:00:22.897+0000] {subprocess.py:93} INFO -     WHERE t.batch_id = 'batch_0'
[2025-03-19T20:00:22.898+0000] {subprocess.py:93} INFO -     AND t.amount > 1000
[2025-03-19T20:00:22.898+0000] {subprocess.py:93} INFO - WARN  : Hive-on-MR is deprecated in Hive 2 and may not be available in the future versions. Consider using a different execution engine (i.e. spark, tez) or using Hive 1.X releases.
[2025-03-19T20:00:22.899+0000] {subprocess.py:93} INFO - INFO  : Query ID = root_20250319200021_a3eb0bd4-4839-4807-a3f3-81abb75c3005
[2025-03-19T20:00:22.900+0000] {subprocess.py:93} INFO - INFO  : Total jobs = 3
[2025-03-19T20:00:22.900+0000] {subprocess.py:93} INFO - INFO  : Launching Job 1 out of 3
[2025-03-19T20:00:22.901+0000] {subprocess.py:93} INFO - INFO  : Starting task [Stage-1:MAPRED] in serial mode
[2025-03-19T20:00:22.902+0000] {subprocess.py:93} INFO - INFO  : Number of reduce tasks determined at compile time: 1
[2025-03-19T20:00:22.902+0000] {subprocess.py:93} INFO - INFO  : In order to change the average load for a reducer (in bytes):
[2025-03-19T20:00:22.903+0000] {subprocess.py:93} INFO - INFO  :   set hive.exec.reducers.bytes.per.reducer=<number>
[2025-03-19T20:00:22.905+0000] {subprocess.py:93} INFO - INFO  : In order to limit the maximum number of reducers:
[2025-03-19T20:00:22.906+0000] {subprocess.py:93} INFO - INFO  :   set hive.exec.reducers.max=<number>
[2025-03-19T20:00:22.908+0000] {subprocess.py:93} INFO - INFO  : In order to set a constant number of reducers:
[2025-03-19T20:00:22.911+0000] {subprocess.py:93} INFO - INFO  :   set mapreduce.job.reduces=<number>
[2025-03-19T20:00:24.564+0000] {subprocess.py:93} INFO - INFO  : number of splits:1
[2025-03-19T20:00:24.565+0000] {subprocess.py:93} INFO - INFO  : Submitting tokens for job: job_local606314540_0002
[2025-03-19T20:00:24.567+0000] {subprocess.py:93} INFO - INFO  : Executing with tokens: []
[2025-03-19T20:00:24.568+0000] {subprocess.py:93} INFO - INFO  : The url to track the job: http://localhost:8080/
[2025-03-19T20:00:24.568+0000] {subprocess.py:93} INFO - INFO  : Job running in-process (local Hadoop)
[2025-03-19T20:00:24.611+0000] {subprocess.py:93} INFO - INFO  : 2025-03-19 20:00:24,562 Stage-1 map = 0%,  reduce = 0%
[2025-03-19T20:00:24.612+0000] {subprocess.py:93} INFO - ERROR : Ended Job = job_local606314540_0002 with errors
[2025-03-19T20:00:24.613+0000] {subprocess.py:93} INFO - ERROR : FAILED: Execution Error, return code 2 from org.apache.hadoop.hive.ql.exec.mr.MapRedTask
[2025-03-19T20:00:24.614+0000] {subprocess.py:93} INFO - INFO  : MapReduce Jobs Launched:
[2025-03-19T20:00:24.614+0000] {subprocess.py:93} INFO - INFO  : Stage-Stage-1:  HDFS Read: 0 HDFS Write: 0 FAIL
[2025-03-19T20:00:24.615+0000] {subprocess.py:93} INFO - INFO  : Total MapReduce CPU Time Spent: 0 msec
[2025-03-19T20:00:24.616+0000] {subprocess.py:93} INFO - INFO  : Completed executing command(queryId=root_20250319200021_a3eb0bd4-4839-4807-a3f3-81abb75c3005); Time taken: 2.285 seconds
[2025-03-19T20:00:24.617+0000] {subprocess.py:93} INFO - INFO  : Concurrency mode is disabled, not creating a lock manager
[2025-03-19T20:00:24.626+0000] {subprocess.py:93} INFO - Error: Error while processing statement: FAILED: Execution Error, return code 2 from org.apache.hadoop.hive.ql.exec.mr.MapRedTask (state=08S01,code=2)
[2025-03-19T20:00:24.632+0000] {subprocess.py:93} INFO - Closing: 0: jdbc:hive2://localhost:10000
[2025-03-19T20:00:24.689+0000] {subprocess.py:97} INFO - Command exited with return code 1
[2025-03-19T20:00:24.702+0000] {taskinstance.py:1935} ERROR - Task failed with exception
Traceback (most recent call last):
  File "/home/airflow/.local/lib/python3.8/site-packages/airflow/operators/bash.py", line 210, in execute
    raise AirflowException(
airflow.exceptions.AirflowException: Bash command failed. The command returned a non-zero exit code 1.
[2025-03-19T20:00:24.706+0000] {taskinstance.py:1398} INFO - Marking task as FAILED. dag_id=transactions_pipeline, task_id=detect_fraud, execution_date=20250319T190958, start_date=20250319T200016, end_date=20250319T200024
[2025-03-19T20:00:24.722+0000] {standard_task_runner.py:104} ERROR - Failed to execute job 156 for task detect_fraud (Bash command failed. The command returned a non-zero exit code 1.; 306)
[2025-03-19T20:00:24.743+0000] {local_task_job_runner.py:228} INFO - Task exited with return code 1
[2025-03-19T20:00:24.773+0000] {taskinstance.py:2776} INFO - 0 downstream tasks scheduled from follow-on schedule check
