[2025-03-21T14:42:34.874+0000] {taskinstance.py:1157} INFO - Dependencies all met for dep_context=non-requeueable deps ti=<TaskInstance: transactions_pipeline.detect_fraud_batch_20250321_141918 manual__2025-03-21T14:42:06.824510+00:00 [queued]>
[2025-03-21T14:42:34.891+0000] {taskinstance.py:1157} INFO - Dependencies all met for dep_context=requeueable deps ti=<TaskInstance: transactions_pipeline.detect_fraud_batch_20250321_141918 manual__2025-03-21T14:42:06.824510+00:00 [queued]>
[2025-03-21T14:42:34.893+0000] {taskinstance.py:1359} INFO - Starting attempt 1 of 1
[2025-03-21T14:42:34.918+0000] {taskinstance.py:1380} INFO - Executing <Task(BashOperator): detect_fraud_batch_20250321_141918> on 2025-03-21 14:42:06.824510+00:00
[2025-03-21T14:42:34.925+0000] {standard_task_runner.py:57} INFO - Started process 4288 to run task
[2025-03-21T14:42:34.929+0000] {standard_task_runner.py:84} INFO - Running: ['***', 'tasks', 'run', 'transactions_pipeline', 'detect_fraud_batch_20250321_141918', 'manual__2025-03-21T14:42:06.824510+00:00', '--job-id', '785', '--raw', '--subdir', 'DAGS_FOLDER/fraud_detection_pipeline.py', '--cfg-path', '/tmp/tmpmkqsydna']
[2025-03-21T14:42:34.934+0000] {standard_task_runner.py:85} INFO - Job 785: Subtask detect_fraud_batch_20250321_141918
[2025-03-21T14:42:35.029+0000] {task_command.py:415} INFO - Running <TaskInstance: transactions_pipeline.detect_fraud_batch_20250321_141918 manual__2025-03-21T14:42:06.824510+00:00 [running]> on host e95638583d4d
[2025-03-21T14:42:35.147+0000] {taskinstance.py:1660} INFO - Exporting env vars: AIRFLOW_CTX_DAG_EMAIL='rabiizahnoune7@gmail.com' AIRFLOW_CTX_DAG_OWNER='***' AIRFLOW_CTX_DAG_ID='transactions_pipeline' AIRFLOW_CTX_TASK_ID='detect_fraud_batch_20250321_141918' AIRFLOW_CTX_EXECUTION_DATE='2025-03-21T14:42:06.824510+00:00' AIRFLOW_CTX_TRY_NUMBER='1' AIRFLOW_CTX_DAG_RUN_ID='manual__2025-03-21T14:42:06.824510+00:00'
[2025-03-21T14:42:35.150+0000] {subprocess.py:63} INFO - Tmp dir root location: /tmp
[2025-03-21T14:42:35.152+0000] {subprocess.py:75} INFO - Running command: ['/bin/bash', '-c', '\n            docker exec hive spark-submit               --master spark://localhost:7077               --driver-memory 1g               --executor-memory 1g               --num-executors 1               --executor-cores 1               /hive/scripts/detect_fraud.py "batch_20250321_141918"\n            ']
[2025-03-21T14:42:35.198+0000] {subprocess.py:86} INFO - Output:
[2025-03-21T14:42:39.494+0000] {subprocess.py:93} INFO - 25/03/21 14:42:39 INFO SparkContext: Running Spark version 3.5.0
[2025-03-21T14:42:39.500+0000] {subprocess.py:93} INFO - 25/03/21 14:42:39 INFO SparkContext: OS info Linux, 5.15.167.4-microsoft-standard-WSL2, amd64
[2025-03-21T14:42:39.502+0000] {subprocess.py:93} INFO - 25/03/21 14:42:39 INFO SparkContext: Java version 1.8.0_342
[2025-03-21T14:42:39.760+0000] {subprocess.py:93} INFO - 25/03/21 14:42:39 WARN NativeCodeLoader: Unable to load native-hadoop library for your platform... using builtin-java classes where applicable
[2025-03-21T14:42:40.021+0000] {subprocess.py:93} INFO - 25/03/21 14:42:40 INFO ResourceUtils: ==============================================================
[2025-03-21T14:42:40.023+0000] {subprocess.py:93} INFO - 25/03/21 14:42:40 INFO ResourceUtils: No custom resources configured for spark.driver.
[2025-03-21T14:42:40.025+0000] {subprocess.py:93} INFO - 25/03/21 14:42:40 INFO ResourceUtils: ==============================================================
[2025-03-21T14:42:40.028+0000] {subprocess.py:93} INFO - 25/03/21 14:42:40 INFO SparkContext: Submitted application: FraudDetection
[2025-03-21T14:42:40.095+0000] {subprocess.py:93} INFO - 25/03/21 14:42:40 INFO ResourceProfile: Default ResourceProfile created, executor resources: Map(cores -> name: cores, amount: 1, script: , vendor: , memory -> name: memory, amount: 1024, script: , vendor: , offHeap -> name: offHeap, amount: 0, script: , vendor: ), task resources: Map(cpus -> name: cpus, amount: 1.0)
[2025-03-21T14:42:40.137+0000] {subprocess.py:93} INFO - 25/03/21 14:42:40 INFO ResourceProfile: Limiting resource is cpus at 1 tasks per executor
[2025-03-21T14:42:40.142+0000] {subprocess.py:93} INFO - 25/03/21 14:42:40 INFO ResourceProfileManager: Added ResourceProfile id: 0
[2025-03-21T14:42:40.269+0000] {subprocess.py:93} INFO - 25/03/21 14:42:40 INFO SecurityManager: Changing view acls to: root
[2025-03-21T14:42:40.270+0000] {subprocess.py:93} INFO - 25/03/21 14:42:40 INFO SecurityManager: Changing modify acls to: root
[2025-03-21T14:42:40.271+0000] {subprocess.py:93} INFO - 25/03/21 14:42:40 INFO SecurityManager: Changing view acls groups to:
[2025-03-21T14:42:40.272+0000] {subprocess.py:93} INFO - 25/03/21 14:42:40 INFO SecurityManager: Changing modify acls groups to:
[2025-03-21T14:42:40.274+0000] {subprocess.py:93} INFO - 25/03/21 14:42:40 INFO SecurityManager: SecurityManager: authentication disabled; ui acls disabled; users with view permissions: root; groups with view permissions: EMPTY; users with modify permissions: root; groups with modify permissions: EMPTY
[2025-03-21T14:42:40.807+0000] {subprocess.py:93} INFO - 25/03/21 14:42:40 INFO Utils: Successfully started service 'sparkDriver' on port 40325.
[2025-03-21T14:42:40.854+0000] {subprocess.py:93} INFO - 25/03/21 14:42:40 INFO SparkEnv: Registering MapOutputTracker
[2025-03-21T14:42:40.905+0000] {subprocess.py:93} INFO - 25/03/21 14:42:40 INFO SparkEnv: Registering BlockManagerMaster
[2025-03-21T14:42:40.936+0000] {subprocess.py:93} INFO - 25/03/21 14:42:40 INFO BlockManagerMasterEndpoint: Using org.apache.spark.storage.DefaultTopologyMapper for getting topology information
[2025-03-21T14:42:40.938+0000] {subprocess.py:93} INFO - 25/03/21 14:42:40 INFO BlockManagerMasterEndpoint: BlockManagerMasterEndpoint up
[2025-03-21T14:42:41.012+0000] {subprocess.py:93} INFO - 25/03/21 14:42:41 INFO SparkEnv: Registering BlockManagerMasterHeartbeat
[2025-03-21T14:42:41.046+0000] {subprocess.py:93} INFO - 25/03/21 14:42:41 INFO DiskBlockManager: Created local directory at /tmp/blockmgr-b6f46828-67fe-4d1b-9d84-1b9abe9bef2d
[2025-03-21T14:42:41.066+0000] {subprocess.py:93} INFO - 25/03/21 14:42:41 INFO MemoryStore: MemoryStore started with capacity 366.3 MiB
[2025-03-21T14:42:41.089+0000] {subprocess.py:93} INFO - 25/03/21 14:42:41 INFO SparkEnv: Registering OutputCommitCoordinator
[2025-03-21T14:42:41.308+0000] {subprocess.py:93} INFO - 25/03/21 14:42:41 INFO JettyUtils: Start Jetty 0.0.0.0:4040 for SparkUI
[2025-03-21T14:42:41.433+0000] {subprocess.py:93} INFO - 25/03/21 14:42:41 INFO Utils: Successfully started service 'SparkUI' on port 4040.
[2025-03-21T14:42:41.696+0000] {subprocess.py:93} INFO - 25/03/21 14:42:41 INFO StandaloneAppClient$ClientEndpoint: Connecting to master spark://localhost:7077...
[2025-03-21T14:42:41.834+0000] {subprocess.py:93} INFO - 25/03/21 14:42:41 INFO TransportClientFactory: Successfully created connection to localhost/127.0.0.1:7077 after 67 ms (0 ms spent in bootstraps)
[2025-03-21T14:42:42.038+0000] {subprocess.py:93} INFO - 25/03/21 14:42:42 INFO StandaloneSchedulerBackend: Connected to Spark cluster with app ID app-20250321144241-0014
[2025-03-21T14:42:42.042+0000] {subprocess.py:93} INFO - 25/03/21 14:42:42 INFO StandaloneAppClient$ClientEndpoint: Executor added: app-20250321144241-0014/0 on worker-20250321134653-172.18.0.2-40107 (172.18.0.2:40107) with 1 core(s)
[2025-03-21T14:42:42.044+0000] {subprocess.py:93} INFO - 25/03/21 14:42:42 INFO StandaloneSchedulerBackend: Granted executor ID app-20250321144241-0014/0 on hostPort 172.18.0.2:40107 with 1 core(s), 1024.0 MiB RAM
[2025-03-21T14:42:42.045+0000] {subprocess.py:93} INFO - 25/03/21 14:42:42 INFO StandaloneAppClient$ClientEndpoint: Executor added: app-20250321144241-0014/1 on worker-20250321134653-172.18.0.2-40107 (172.18.0.2:40107) with 1 core(s)
[2025-03-21T14:42:42.046+0000] {subprocess.py:93} INFO - 25/03/21 14:42:42 INFO StandaloneSchedulerBackend: Granted executor ID app-20250321144241-0014/1 on hostPort 172.18.0.2:40107 with 1 core(s), 1024.0 MiB RAM
[2025-03-21T14:42:42.061+0000] {subprocess.py:93} INFO - 25/03/21 14:42:42 INFO Utils: Successfully started service 'org.apache.spark.network.netty.NettyBlockTransferService' on port 43675.
[2025-03-21T14:42:42.062+0000] {subprocess.py:93} INFO - 25/03/21 14:42:42 INFO NettyBlockTransferService: Server created on e0b25feeb0e2:43675
[2025-03-21T14:42:42.065+0000] {subprocess.py:93} INFO - 25/03/21 14:42:42 INFO BlockManager: Using org.apache.spark.storage.RandomBlockReplicationPolicy for block replication policy
[2025-03-21T14:42:42.137+0000] {subprocess.py:93} INFO - 25/03/21 14:42:42 INFO BlockManagerMaster: Registering BlockManager BlockManagerId(driver, e0b25feeb0e2, 43675, None)
[2025-03-21T14:42:42.145+0000] {subprocess.py:93} INFO - 25/03/21 14:42:42 INFO BlockManagerMasterEndpoint: Registering block manager e0b25feeb0e2:43675 with 366.3 MiB RAM, BlockManagerId(driver, e0b25feeb0e2, 43675, None)
[2025-03-21T14:42:42.158+0000] {subprocess.py:93} INFO - 25/03/21 14:42:42 INFO BlockManagerMaster: Registered BlockManager BlockManagerId(driver, e0b25feeb0e2, 43675, None)
[2025-03-21T14:42:42.164+0000] {subprocess.py:93} INFO - 25/03/21 14:42:42 INFO BlockManager: Initialized BlockManager: BlockManagerId(driver, e0b25feeb0e2, 43675, None)
[2025-03-21T14:42:42.443+0000] {subprocess.py:93} INFO - 25/03/21 14:42:42 INFO StandaloneAppClient$ClientEndpoint: Executor updated: app-20250321144241-0014/0 is now RUNNING
[2025-03-21T14:42:42.446+0000] {subprocess.py:93} INFO - 25/03/21 14:42:42 INFO StandaloneAppClient$ClientEndpoint: Executor updated: app-20250321144241-0014/1 is now RUNNING
[2025-03-21T14:42:44.745+0000] {subprocess.py:93} INFO - 25/03/21 14:42:44 INFO StandaloneSchedulerBackend: SchedulerBackend is ready for scheduling beginning after reached minRegisteredResourcesRatio: 0.0
[2025-03-21T14:42:45.847+0000] {subprocess.py:93} INFO - Spark version: 3.5.0
[2025-03-21T14:42:46.496+0000] {subprocess.py:93} INFO - 25/03/21 14:42:46 INFO SharedState: Setting hive.metastore.warehouse.dir ('null') to the value of spark.sql.warehouse.dir.
[2025-03-21T14:42:52.745+0000] {subprocess.py:93} INFO - 25/03/21 14:42:52 INFO SharedState: Warehouse path is 'hdfs://localhost:9000/data/warehouse'.
[2025-03-21T14:43:02.650+0000] {subprocess.py:93} INFO - 25/03/21 14:43:02 INFO StandaloneSchedulerBackend$StandaloneDriverEndpoint: Registered executor NettyRpcEndpointRef(spark-client://Executor) (172.18.0.2:42358) with ID 1,  ResourceProfileId 0
[2025-03-21T14:43:02.769+0000] {subprocess.py:93} INFO - 25/03/21 14:43:02 INFO StandaloneSchedulerBackend$StandaloneDriverEndpoint: Registered executor NettyRpcEndpointRef(spark-client://Executor) (172.18.0.2:42352) with ID 0,  ResourceProfileId 0
[2025-03-21T14:43:03.344+0000] {subprocess.py:93} INFO - 25/03/21 14:43:03 INFO InMemoryFileIndex: It took 670 ms to list leaf files for 1 paths.
[2025-03-21T14:43:03.348+0000] {subprocess.py:93} INFO - 25/03/21 14:43:03 INFO BlockManagerMasterEndpoint: Registering block manager 172.18.0.2:38361 with 366.3 MiB RAM, BlockManagerId(0, 172.18.0.2, 38361, None)
[2025-03-21T14:43:03.452+0000] {subprocess.py:93} INFO - 25/03/21 14:43:03 INFO BlockManagerMasterEndpoint: Registering block manager 172.18.0.2:38831 with 366.3 MiB RAM, BlockManagerId(1, 172.18.0.2, 38831, None)
[2025-03-21T14:43:03.473+0000] {subprocess.py:93} INFO - 25/03/21 14:43:03 INFO SparkContext: Starting job: parquet at NativeMethodAccessorImpl.java:0
[2025-03-21T14:43:03.501+0000] {subprocess.py:93} INFO - 25/03/21 14:43:03 INFO DAGScheduler: Got job 0 (parquet at NativeMethodAccessorImpl.java:0) with 1 output partitions
[2025-03-21T14:43:03.502+0000] {subprocess.py:93} INFO - 25/03/21 14:43:03 INFO DAGScheduler: Final stage: ResultStage 0 (parquet at NativeMethodAccessorImpl.java:0)
[2025-03-21T14:43:03.503+0000] {subprocess.py:93} INFO - 25/03/21 14:43:03 INFO DAGScheduler: Parents of final stage: List()
[2025-03-21T14:43:03.508+0000] {subprocess.py:93} INFO - 25/03/21 14:43:03 INFO DAGScheduler: Missing parents: List()
[2025-03-21T14:43:03.520+0000] {subprocess.py:93} INFO - 25/03/21 14:43:03 INFO DAGScheduler: Submitting ResultStage 0 (MapPartitionsRDD[1] at parquet at NativeMethodAccessorImpl.java:0), which has no missing parents
[2025-03-21T14:43:03.641+0000] {subprocess.py:93} INFO - 25/03/21 14:43:03 INFO MemoryStore: Block broadcast_0 stored as values in memory (estimated size 103.5 KiB, free 366.2 MiB)
[2025-03-21T14:43:03.719+0000] {subprocess.py:93} INFO - 25/03/21 14:43:03 INFO MemoryStore: Block broadcast_0_piece0 stored as bytes in memory (estimated size 37.2 KiB, free 366.2 MiB)
[2025-03-21T14:43:03.724+0000] {subprocess.py:93} INFO - 25/03/21 14:43:03 INFO BlockManagerInfo: Added broadcast_0_piece0 in memory on e0b25feeb0e2:43675 (size: 37.2 KiB, free: 366.3 MiB)
[2025-03-21T14:43:03.731+0000] {subprocess.py:93} INFO - 25/03/21 14:43:03 INFO SparkContext: Created broadcast 0 from broadcast at DAGScheduler.scala:1580
[2025-03-21T14:43:03.750+0000] {subprocess.py:93} INFO - 25/03/21 14:43:03 INFO DAGScheduler: Submitting 1 missing tasks from ResultStage 0 (MapPartitionsRDD[1] at parquet at NativeMethodAccessorImpl.java:0) (first 15 tasks are for partitions Vector(0))
[2025-03-21T14:43:03.752+0000] {subprocess.py:93} INFO - 25/03/21 14:43:03 INFO TaskSchedulerImpl: Adding task set 0.0 with 1 tasks resource profile 0
[2025-03-21T14:43:03.792+0000] {subprocess.py:93} INFO - 25/03/21 14:43:03 INFO TaskSetManager: Starting task 0.0 in stage 0.0 (TID 0) (172.18.0.2, executor 1, partition 0, PROCESS_LOCAL, 7831 bytes)
[2025-03-21T14:43:04.359+0000] {subprocess.py:93} INFO - 25/03/21 14:43:04 INFO BlockManagerInfo: Added broadcast_0_piece0 in memory on 172.18.0.2:38831 (size: 37.2 KiB, free: 366.3 MiB)
[2025-03-21T14:43:06.737+0000] {subprocess.py:93} INFO - 25/03/21 14:43:06 INFO TaskSetManager: Finished task 0.0 in stage 0.0 (TID 0) in 2957 ms on 172.18.0.2 (executor 1) (1/1)
[2025-03-21T14:43:06.741+0000] {subprocess.py:93} INFO - 25/03/21 14:43:06 INFO TaskSchedulerImpl: Removed TaskSet 0.0, whose tasks have all completed, from pool
[2025-03-21T14:43:06.751+0000] {subprocess.py:93} INFO - 25/03/21 14:43:06 INFO DAGScheduler: ResultStage 0 (parquet at NativeMethodAccessorImpl.java:0) finished in 3.207 s
[2025-03-21T14:43:06.763+0000] {subprocess.py:93} INFO - 25/03/21 14:43:06 INFO DAGScheduler: Job 0 is finished. Cancelling potential speculative or zombie tasks for this job
[2025-03-21T14:43:06.764+0000] {subprocess.py:93} INFO - 25/03/21 14:43:06 INFO TaskSchedulerImpl: Killing all running tasks in stage 0: Stage finished
[2025-03-21T14:43:06.797+0000] {subprocess.py:93} INFO - 25/03/21 14:43:06 INFO DAGScheduler: Job 0 finished: parquet at NativeMethodAccessorImpl.java:0, took 3.323248 s
[2025-03-21T14:43:07.105+0000] {subprocess.py:93} INFO - 25/03/21 14:43:07 INFO BlockManagerInfo: Removed broadcast_0_piece0 on e0b25feeb0e2:43675 in memory (size: 37.2 KiB, free: 366.3 MiB)
[2025-03-21T14:43:07.203+0000] {subprocess.py:93} INFO - 25/03/21 14:43:07 INFO BlockManagerInfo: Removed broadcast_0_piece0 on 172.18.0.2:38831 in memory (size: 37.2 KiB, free: 366.3 MiB)
[2025-03-21T14:43:09.026+0000] {subprocess.py:93} INFO - 25/03/21 14:43:09 INFO FileSourceStrategy: Pushed Filters: IsNotNull(amount),GreaterThan(amount,1000.0)
[2025-03-21T14:43:09.029+0000] {subprocess.py:93} INFO - 25/03/21 14:43:09 INFO FileSourceStrategy: Post-Scan Filters: isnotnull(amount#2),(amount#2 > 1000.0)
[2025-03-21T14:43:09.189+0000] {subprocess.py:93} INFO - 25/03/21 14:43:09 INFO ParquetUtils: Using default output committer for Parquet: org.apache.parquet.hadoop.ParquetOutputCommitter
[2025-03-21T14:43:09.221+0000] {subprocess.py:93} INFO - 25/03/21 14:43:09 INFO FileOutputCommitter: File Output Committer Algorithm version is 1
[2025-03-21T14:43:09.223+0000] {subprocess.py:93} INFO - 25/03/21 14:43:09 INFO FileOutputCommitter: FileOutputCommitter skip cleanup _temporary folders under output directory:false, ignore cleanup failures: false
[2025-03-21T14:43:09.223+0000] {subprocess.py:93} INFO - 25/03/21 14:43:09 INFO SQLHadoopMapReduceCommitProtocol: Using user defined output committer class org.apache.parquet.hadoop.ParquetOutputCommitter
[2025-03-21T14:43:09.224+0000] {subprocess.py:93} INFO - 25/03/21 14:43:09 INFO FileOutputCommitter: File Output Committer Algorithm version is 1
[2025-03-21T14:43:09.225+0000] {subprocess.py:93} INFO - 25/03/21 14:43:09 INFO FileOutputCommitter: FileOutputCommitter skip cleanup _temporary folders under output directory:false, ignore cleanup failures: false
[2025-03-21T14:43:09.228+0000] {subprocess.py:93} INFO - 25/03/21 14:43:09 INFO SQLHadoopMapReduceCommitProtocol: Using output committer class org.apache.parquet.hadoop.ParquetOutputCommitter
[2025-03-21T14:43:09.747+0000] {subprocess.py:93} INFO - 25/03/21 14:43:09 INFO CodeGenerator: Code generated in 359.055996 ms
[2025-03-21T14:43:09.783+0000] {subprocess.py:93} INFO - 25/03/21 14:43:09 INFO MemoryStore: Block broadcast_1 stored as values in memory (estimated size 358.3 KiB, free 366.0 MiB)
[2025-03-21T14:43:09.805+0000] {subprocess.py:93} INFO - 25/03/21 14:43:09 INFO MemoryStore: Block broadcast_1_piece0 stored as bytes in memory (estimated size 35.2 KiB, free 365.9 MiB)
[2025-03-21T14:43:09.806+0000] {subprocess.py:93} INFO - 25/03/21 14:43:09 INFO BlockManagerInfo: Added broadcast_1_piece0 in memory on e0b25feeb0e2:43675 (size: 35.2 KiB, free: 366.3 MiB)
[2025-03-21T14:43:09.809+0000] {subprocess.py:93} INFO - 25/03/21 14:43:09 INFO SparkContext: Created broadcast 1 from parquet at NativeMethodAccessorImpl.java:0
[2025-03-21T14:43:09.844+0000] {subprocess.py:93} INFO - 25/03/21 14:43:09 INFO FileSourceScanExec: Planning scan with bin packing, max size: 4194304 bytes, open cost is considered as scanning 4194304 bytes.
[2025-03-21T14:43:09.978+0000] {subprocess.py:93} INFO - 25/03/21 14:43:09 INFO SparkContext: Starting job: parquet at NativeMethodAccessorImpl.java:0
[2025-03-21T14:43:09.980+0000] {subprocess.py:93} INFO - 25/03/21 14:43:09 INFO DAGScheduler: Got job 1 (parquet at NativeMethodAccessorImpl.java:0) with 1 output partitions
[2025-03-21T14:43:09.981+0000] {subprocess.py:93} INFO - 25/03/21 14:43:09 INFO DAGScheduler: Final stage: ResultStage 1 (parquet at NativeMethodAccessorImpl.java:0)
[2025-03-21T14:43:09.981+0000] {subprocess.py:93} INFO - 25/03/21 14:43:09 INFO DAGScheduler: Parents of final stage: List()
[2025-03-21T14:43:09.982+0000] {subprocess.py:93} INFO - 25/03/21 14:43:09 INFO DAGScheduler: Missing parents: List()
[2025-03-21T14:43:09.983+0000] {subprocess.py:93} INFO - 25/03/21 14:43:09 INFO DAGScheduler: Submitting ResultStage 1 (MapPartitionsRDD[5] at parquet at NativeMethodAccessorImpl.java:0), which has no missing parents
[2025-03-21T14:43:10.030+0000] {subprocess.py:93} INFO - 25/03/21 14:43:10 INFO MemoryStore: Block broadcast_2 stored as values in memory (estimated size 233.5 KiB, free 365.7 MiB)
[2025-03-21T14:43:10.034+0000] {subprocess.py:93} INFO - 25/03/21 14:43:10 INFO MemoryStore: Block broadcast_2_piece0 stored as bytes in memory (estimated size 84.4 KiB, free 365.6 MiB)
[2025-03-21T14:43:10.035+0000] {subprocess.py:93} INFO - 25/03/21 14:43:10 INFO BlockManagerInfo: Added broadcast_2_piece0 in memory on e0b25feeb0e2:43675 (size: 84.4 KiB, free: 366.2 MiB)
[2025-03-21T14:43:10.037+0000] {subprocess.py:93} INFO - 25/03/21 14:43:10 INFO SparkContext: Created broadcast 2 from broadcast at DAGScheduler.scala:1580
[2025-03-21T14:43:10.039+0000] {subprocess.py:93} INFO - 25/03/21 14:43:10 INFO DAGScheduler: Submitting 1 missing tasks from ResultStage 1 (MapPartitionsRDD[5] at parquet at NativeMethodAccessorImpl.java:0) (first 15 tasks are for partitions Vector(0))
[2025-03-21T14:43:10.042+0000] {subprocess.py:93} INFO - 25/03/21 14:43:10 INFO TaskSchedulerImpl: Adding task set 1.0 with 1 tasks resource profile 0
[2025-03-21T14:43:10.055+0000] {subprocess.py:93} INFO - 25/03/21 14:43:10 INFO TaskSetManager: Starting task 0.0 in stage 1.0 (TID 1) (172.18.0.2, executor 1, partition 0, ANY, 8299 bytes)
[2025-03-21T14:43:10.138+0000] {subprocess.py:93} INFO - 25/03/21 14:43:10 INFO BlockManagerInfo: Added broadcast_2_piece0 in memory on 172.18.0.2:38831 (size: 84.4 KiB, free: 366.2 MiB)
[2025-03-21T14:43:11.413+0000] {subprocess.py:93} INFO - 25/03/21 14:43:11 INFO BlockManagerInfo: Added broadcast_1_piece0 in memory on 172.18.0.2:38831 (size: 35.2 KiB, free: 366.2 MiB)
[2025-03-21T14:43:12.807+0000] {subprocess.py:93} INFO - 25/03/21 14:43:12 INFO TaskSetManager: Finished task 0.0 in stage 1.0 (TID 1) in 2760 ms on 172.18.0.2 (executor 1) (1/1)
[2025-03-21T14:43:12.809+0000] {subprocess.py:93} INFO - 25/03/21 14:43:12 INFO TaskSchedulerImpl: Removed TaskSet 1.0, whose tasks have all completed, from pool
[2025-03-21T14:43:12.810+0000] {subprocess.py:93} INFO - 25/03/21 14:43:12 INFO DAGScheduler: ResultStage 1 (parquet at NativeMethodAccessorImpl.java:0) finished in 2.819 s
[2025-03-21T14:43:12.811+0000] {subprocess.py:93} INFO - 25/03/21 14:43:12 INFO DAGScheduler: Job 1 is finished. Cancelling potential speculative or zombie tasks for this job
[2025-03-21T14:43:12.812+0000] {subprocess.py:93} INFO - 25/03/21 14:43:12 INFO TaskSchedulerImpl: Killing all running tasks in stage 1: Stage finished
[2025-03-21T14:43:12.813+0000] {subprocess.py:93} INFO - 25/03/21 14:43:12 INFO DAGScheduler: Job 1 finished: parquet at NativeMethodAccessorImpl.java:0, took 2.833501 s
[2025-03-21T14:43:12.817+0000] {subprocess.py:93} INFO - 25/03/21 14:43:12 INFO FileFormatWriter: Start to commit write Job 56658eeb-4d75-4c1d-bb7c-53e5cd787821.
[2025-03-21T14:43:12.899+0000] {subprocess.py:93} INFO - 25/03/21 14:43:12 INFO FileFormatWriter: Write Job 56658eeb-4d75-4c1d-bb7c-53e5cd787821 committed. Elapsed time: 80 ms.
[2025-03-21T14:43:12.905+0000] {subprocess.py:93} INFO - 25/03/21 14:43:12 INFO FileFormatWriter: Finished processing stats for write job 56658eeb-4d75-4c1d-bb7c-53e5cd787821.
[2025-03-21T14:43:12.952+0000] {subprocess.py:93} INFO - 25/03/21 14:43:12 INFO SparkContext: SparkContext is stopping with exitCode 0.
[2025-03-21T14:43:12.954+0000] {subprocess.py:93} INFO - 25/03/21 14:43:12 INFO BlockManagerInfo: Removed broadcast_2_piece0 on e0b25feeb0e2:43675 in memory (size: 84.4 KiB, free: 366.3 MiB)
[2025-03-21T14:43:12.961+0000] {subprocess.py:93} INFO - 25/03/21 14:43:12 INFO BlockManagerInfo: Removed broadcast_2_piece0 on 172.18.0.2:38831 in memory (size: 84.4 KiB, free: 366.3 MiB)
[2025-03-21T14:43:12.974+0000] {subprocess.py:93} INFO - 25/03/21 14:43:12 INFO SparkUI: Stopped Spark web UI at http://e0b25feeb0e2:4040
[2025-03-21T14:43:13.003+0000] {subprocess.py:93} INFO - 25/03/21 14:43:13 INFO StandaloneSchedulerBackend: Shutting down all executors
[2025-03-21T14:43:13.004+0000] {subprocess.py:93} INFO - 25/03/21 14:43:13 INFO StandaloneSchedulerBackend$StandaloneDriverEndpoint: Asking each executor to shut down
[2025-03-21T14:43:13.042+0000] {subprocess.py:93} INFO - 25/03/21 14:43:13 INFO MapOutputTrackerMasterEndpoint: MapOutputTrackerMasterEndpoint stopped!
[2025-03-21T14:43:13.217+0000] {subprocess.py:93} INFO - 25/03/21 14:43:13 INFO MemoryStore: MemoryStore cleared
[2025-03-21T14:43:13.223+0000] {subprocess.py:93} INFO - 25/03/21 14:43:13 INFO BlockManager: BlockManager stopped
[2025-03-21T14:43:13.224+0000] {subprocess.py:93} INFO - 25/03/21 14:43:13 INFO BlockManagerMaster: BlockManagerMaster stopped
[2025-03-21T14:43:13.305+0000] {subprocess.py:93} INFO - 25/03/21 14:43:13 INFO OutputCommitCoordinator$OutputCommitCoordinatorEndpoint: OutputCommitCoordinator stopped!
[2025-03-21T14:43:13.321+0000] {subprocess.py:93} INFO - 25/03/21 14:43:13 INFO SparkContext: Successfully stopped SparkContext
[2025-03-21T14:43:13.861+0000] {subprocess.py:93} INFO - 25/03/21 14:43:13 INFO ShutdownHookManager: Shutdown hook called
[2025-03-21T14:43:13.863+0000] {subprocess.py:93} INFO - 25/03/21 14:43:13 INFO ShutdownHookManager: Deleting directory /tmp/spark-b5530cb0-c48c-405f-9001-9d6f5998f975/pyspark-c562af63-f08c-4267-b2c6-63c43fcb0d56
[2025-03-21T14:43:13.870+0000] {subprocess.py:93} INFO - 25/03/21 14:43:13 INFO ShutdownHookManager: Deleting directory /tmp/spark-b5530cb0-c48c-405f-9001-9d6f5998f975
[2025-03-21T14:43:13.874+0000] {subprocess.py:93} INFO - 25/03/21 14:43:13 INFO ShutdownHookManager: Deleting directory /tmp/spark-e518a445-0655-4423-9887-f450afacf0bb
[2025-03-21T14:43:13.938+0000] {subprocess.py:97} INFO - Command exited with return code 0
[2025-03-21T14:43:13.992+0000] {taskinstance.py:1398} INFO - Marking task as SUCCESS. dag_id=transactions_pipeline, task_id=detect_fraud_batch_20250321_141918, execution_date=20250321T144206, start_date=20250321T144234, end_date=20250321T144313
[2025-03-21T14:43:14.064+0000] {local_task_job_runner.py:228} INFO - Task exited with return code 0
[2025-03-21T14:43:14.107+0000] {taskinstance.py:2776} INFO - 1 downstream tasks scheduled from follow-on schedule check
