[2025-03-19T16:45:55.230+0000] {taskinstance.py:1157} INFO - Dependencies all met for dep_context=non-requeueable deps ti=<TaskInstance: transactions_pipeline.copy_to_hdfs manual__2025-03-19T16:45:51.494672+00:00 [queued]>
[2025-03-19T16:45:55.240+0000] {taskinstance.py:1157} INFO - Dependencies all met for dep_context=requeueable deps ti=<TaskInstance: transactions_pipeline.copy_to_hdfs manual__2025-03-19T16:45:51.494672+00:00 [queued]>
[2025-03-19T16:45:55.241+0000] {taskinstance.py:1359} INFO - Starting attempt 1 of 1
[2025-03-19T16:45:55.260+0000] {taskinstance.py:1380} INFO - Executing <Task(BashOperator): copy_to_hdfs> on 2025-03-19 16:45:51.494672+00:00
[2025-03-19T16:45:55.267+0000] {standard_task_runner.py:57} INFO - Started process 1457 to run task
[2025-03-19T16:45:55.271+0000] {standard_task_runner.py:84} INFO - Running: ['***', 'tasks', 'run', 'transactions_pipeline', 'copy_to_hdfs', 'manual__2025-03-19T16:45:51.494672+00:00', '--job-id', '57', '--raw', '--subdir', 'DAGS_FOLDER/fraud_detection_pipeline.py', '--cfg-path', '/tmp/tmpycb66uxs']
[2025-03-19T16:45:55.275+0000] {standard_task_runner.py:85} INFO - Job 57: Subtask copy_to_hdfs
[2025-03-19T16:45:55.345+0000] {task_command.py:415} INFO - Running <TaskInstance: transactions_pipeline.copy_to_hdfs manual__2025-03-19T16:45:51.494672+00:00 [running]> on host f76c4cf6a8a2
[2025-03-19T16:45:55.477+0000] {taskinstance.py:1660} INFO - Exporting env vars: AIRFLOW_CTX_DAG_OWNER='***' AIRFLOW_CTX_DAG_ID='transactions_pipeline' AIRFLOW_CTX_TASK_ID='copy_to_hdfs' AIRFLOW_CTX_EXECUTION_DATE='2025-03-19T16:45:51.494672+00:00' AIRFLOW_CTX_TRY_NUMBER='1' AIRFLOW_CTX_DAG_RUN_ID='manual__2025-03-19T16:45:51.494672+00:00'
[2025-03-19T16:45:55.481+0000] {subprocess.py:63} INFO - Tmp dir root location: /tmp
[2025-03-19T16:45:55.485+0000] {subprocess.py:75} INFO - Running command: ['/bin/bash', '-c', 'docker exec -u root hive hdfs dfs -put -f /data/transactions/transactions_batch_None.parquet /data/transactions/']
[2025-03-19T16:45:55.498+0000] {subprocess.py:86} INFO - Output:
[2025-03-19T16:45:55.460+0000] {subprocess.py:93} INFO - put: `/data/transactions/transactions_batch_None.parquet': No such file or directory
[2025-03-19T16:45:55.917+0000] {subprocess.py:97} INFO - Command exited with return code 1
[2025-03-19T16:45:55.930+0000] {taskinstance.py:1935} ERROR - Task failed with exception
Traceback (most recent call last):
  File "/home/airflow/.local/lib/python3.8/site-packages/airflow/operators/bash.py", line 210, in execute
    raise AirflowException(
airflow.exceptions.AirflowException: Bash command failed. The command returned a non-zero exit code 1.
[2025-03-19T16:45:55.937+0000] {taskinstance.py:1398} INFO - Marking task as FAILED. dag_id=transactions_pipeline, task_id=copy_to_hdfs, execution_date=20250319T164551, start_date=20250319T164555, end_date=20250319T164555
[2025-03-19T16:45:55.958+0000] {standard_task_runner.py:104} ERROR - Failed to execute job 57 for task copy_to_hdfs (Bash command failed. The command returned a non-zero exit code 1.; 1457)
[2025-03-19T16:45:55.983+0000] {local_task_job_runner.py:228} INFO - Task exited with return code 1
[2025-03-19T16:45:56.023+0000] {taskinstance.py:2776} INFO - 0 downstream tasks scheduled from follow-on schedule check
