[2025-03-21T15:57:12.081+0000] {taskinstance.py:1157} INFO - Dependencies all met for dep_context=non-requeueable deps ti=<TaskInstance: transactions_pipeline.create_fraud_table_batch_20250321_155012 manual__2025-03-21T15:56:49.071985+00:00 [queued]>
[2025-03-21T15:57:12.095+0000] {taskinstance.py:1157} INFO - Dependencies all met for dep_context=requeueable deps ti=<TaskInstance: transactions_pipeline.create_fraud_table_batch_20250321_155012 manual__2025-03-21T15:56:49.071985+00:00 [queued]>
[2025-03-21T15:57:12.097+0000] {taskinstance.py:1359} INFO - Starting attempt 1 of 1
[2025-03-21T15:57:12.114+0000] {taskinstance.py:1380} INFO - Executing <Task(BashOperator): create_fraud_table_batch_20250321_155012> on 2025-03-21 15:56:49.071985+00:00
[2025-03-21T15:57:12.122+0000] {standard_task_runner.py:57} INFO - Started process 602 to run task
[2025-03-21T15:57:12.127+0000] {standard_task_runner.py:84} INFO - Running: ['***', 'tasks', 'run', 'transactions_pipeline', 'create_fraud_table_batch_20250321_155012', 'manual__2025-03-21T15:56:49.071985+00:00', '--job-id', '854', '--raw', '--subdir', 'DAGS_FOLDER/fraud_detection_pipeline.py', '--cfg-path', '/tmp/tmpwvcfer6k']
[2025-03-21T15:57:12.130+0000] {standard_task_runner.py:85} INFO - Job 854: Subtask create_fraud_table_batch_20250321_155012
[2025-03-21T15:57:12.217+0000] {task_command.py:415} INFO - Running <TaskInstance: transactions_pipeline.create_fraud_table_batch_20250321_155012 manual__2025-03-21T15:56:49.071985+00:00 [running]> on host 31abf5c063d1
[2025-03-21T15:57:12.360+0000] {taskinstance.py:1660} INFO - Exporting env vars: AIRFLOW_CTX_DAG_OWNER='***' AIRFLOW_CTX_DAG_ID='transactions_pipeline' AIRFLOW_CTX_TASK_ID='create_fraud_table_batch_20250321_155012' AIRFLOW_CTX_EXECUTION_DATE='2025-03-21T15:56:49.071985+00:00' AIRFLOW_CTX_TRY_NUMBER='1' AIRFLOW_CTX_DAG_RUN_ID='manual__2025-03-21T15:56:49.071985+00:00'
[2025-03-21T15:57:12.363+0000] {subprocess.py:63} INFO - Tmp dir root location: /tmp
[2025-03-21T15:57:12.364+0000] {subprocess.py:75} INFO - Running command: ['/bin/bash', '-c', '\n            docker exec hive beeline -u "jdbc:hive2://localhost:10000" --hiveconf hive.exec.dynamic.partition.mode=nonstrict -e "\n            CREATE EXTERNAL TABLE IF NOT EXISTS fraud_detections (\n                transaction_id STRING,\n                date_time STRING,\n                amount DOUBLE,\n                customer_id STRING,\n                location STRING,\n                fraud_reason STRING\n            )\n            PARTITIONED BY (batch_id STRING)\n            STORED AS PARQUET\n            LOCATION \'/data/fraud_detections\';"\n            ']
[2025-03-21T15:57:12.380+0000] {subprocess.py:86} INFO - Output:
[2025-03-21T15:57:13.603+0000] {subprocess.py:93} INFO - SLF4J: Class path contains multiple SLF4J bindings.
[2025-03-21T15:57:13.604+0000] {subprocess.py:93} INFO - SLF4J: Found binding in [jar:file:/opt/hive/lib/log4j-slf4j-impl-2.17.1.jar!/org/slf4j/impl/StaticLoggerBinder.class]
[2025-03-21T15:57:13.605+0000] {subprocess.py:93} INFO - SLF4J: Found binding in [jar:file:/opt/hadoop/share/hadoop/common/lib/slf4j-log4j12-1.7.25.jar!/org/slf4j/impl/StaticLoggerBinder.class]
[2025-03-21T15:57:13.606+0000] {subprocess.py:93} INFO - SLF4J: See http://www.slf4j.org/codes.html#multiple_bindings for an explanation.
[2025-03-21T15:57:12.289+0000] {subprocess.py:93} INFO - SLF4J: Actual binding is of type [org.apache.logging.slf4j.Log4jLoggerFactory]
[2025-03-21T15:57:13.501+0000] {subprocess.py:93} INFO - Connecting to jdbc:hive2://localhost:10000
[2025-03-21T15:57:13.762+0000] {subprocess.py:93} INFO - Connected to: Apache Hive (version 3.1.3)
[2025-03-21T15:57:13.763+0000] {subprocess.py:93} INFO - Driver: Hive JDBC (version 3.1.3)
[2025-03-21T15:57:13.763+0000] {subprocess.py:93} INFO - Transaction isolation: TRANSACTION_REPEATABLE_READ
[2025-03-21T15:57:13.970+0000] {subprocess.py:93} INFO - INFO  : Compiling command(queryId=root_20250321155713_51fd159f-2329-4f3e-adf3-69b932462f2a): CREATE EXTERNAL TABLE IF NOT EXISTS fraud_detections (
[2025-03-21T15:57:13.971+0000] {subprocess.py:93} INFO -                 transaction_id STRING,
[2025-03-21T15:57:13.973+0000] {subprocess.py:93} INFO -                 date_time STRING,
[2025-03-21T15:57:13.973+0000] {subprocess.py:93} INFO -                 amount DOUBLE,
[2025-03-21T15:57:13.974+0000] {subprocess.py:93} INFO -                 customer_id STRING,
[2025-03-21T15:57:13.975+0000] {subprocess.py:93} INFO -                 location STRING,
[2025-03-21T15:57:13.975+0000] {subprocess.py:93} INFO -                 fraud_reason STRING
[2025-03-21T15:57:13.976+0000] {subprocess.py:93} INFO -             )
[2025-03-21T15:57:13.977+0000] {subprocess.py:93} INFO -             PARTITIONED BY (batch_id STRING)
[2025-03-21T15:57:13.978+0000] {subprocess.py:93} INFO -             STORED AS PARQUET
[2025-03-21T15:57:13.978+0000] {subprocess.py:93} INFO -             LOCATION '/data/fraud_detections'
[2025-03-21T15:57:13.979+0000] {subprocess.py:93} INFO - INFO  : Concurrency mode is disabled, not creating a lock manager
[2025-03-21T15:57:13.980+0000] {subprocess.py:93} INFO - INFO  : Semantic Analysis Completed (retrial = false)
[2025-03-21T15:57:13.980+0000] {subprocess.py:93} INFO - INFO  : Returning Hive schema: Schema(fieldSchemas:null, properties:null)
[2025-03-21T15:57:13.981+0000] {subprocess.py:93} INFO - INFO  : Completed compiling command(queryId=root_20250321155713_51fd159f-2329-4f3e-adf3-69b932462f2a); Time taken: 0.017 seconds
[2025-03-21T15:57:13.981+0000] {subprocess.py:93} INFO - INFO  : Concurrency mode is disabled, not creating a lock manager
[2025-03-21T15:57:13.982+0000] {subprocess.py:93} INFO - INFO  : Executing command(queryId=root_20250321155713_51fd159f-2329-4f3e-adf3-69b932462f2a): CREATE EXTERNAL TABLE IF NOT EXISTS fraud_detections (
[2025-03-21T15:57:13.982+0000] {subprocess.py:93} INFO -                 transaction_id STRING,
[2025-03-21T15:57:13.983+0000] {subprocess.py:93} INFO -                 date_time STRING,
[2025-03-21T15:57:13.983+0000] {subprocess.py:93} INFO -                 amount DOUBLE,
[2025-03-21T15:57:13.983+0000] {subprocess.py:93} INFO -                 customer_id STRING,
[2025-03-21T15:57:13.984+0000] {subprocess.py:93} INFO -                 location STRING,
[2025-03-21T15:57:13.984+0000] {subprocess.py:93} INFO -                 fraud_reason STRING
[2025-03-21T15:57:13.985+0000] {subprocess.py:93} INFO -             )
[2025-03-21T15:57:13.985+0000] {subprocess.py:93} INFO -             PARTITIONED BY (batch_id STRING)
[2025-03-21T15:57:13.986+0000] {subprocess.py:93} INFO -             STORED AS PARQUET
[2025-03-21T15:57:13.986+0000] {subprocess.py:93} INFO -             LOCATION '/data/fraud_detections'
[2025-03-21T15:57:13.987+0000] {subprocess.py:93} INFO - INFO  : Starting task [Stage-0:DDL] in serial mode
[2025-03-21T15:57:13.989+0000] {subprocess.py:93} INFO - INFO  : Completed executing command(queryId=root_20250321155713_51fd159f-2329-4f3e-adf3-69b932462f2a); Time taken: 0.104 seconds
[2025-03-21T15:57:13.990+0000] {subprocess.py:93} INFO - INFO  : OK
[2025-03-21T15:57:13.990+0000] {subprocess.py:93} INFO - INFO  : Concurrency mode is disabled, not creating a lock manager
[2025-03-21T15:57:13.991+0000] {subprocess.py:93} INFO - No rows affected (0.194 seconds)
[2025-03-21T15:57:13.992+0000] {subprocess.py:93} INFO - Beeline version 3.1.3 by Apache Hive
[2025-03-21T15:57:14.000+0000] {subprocess.py:93} INFO - Closing: 0: jdbc:hive2://localhost:10000
[2025-03-21T15:57:14.075+0000] {subprocess.py:97} INFO - Command exited with return code 0
[2025-03-21T15:57:14.113+0000] {taskinstance.py:1398} INFO - Marking task as SUCCESS. dag_id=transactions_pipeline, task_id=create_fraud_table_batch_20250321_155012, execution_date=20250321T155649, start_date=20250321T155712, end_date=20250321T155714
[2025-03-21T15:57:14.122+0000] {logging_mixin.py:151} WARNING - /home/***/.local/lib/python3.8/site-packages/***/utils/context.py:206 AirflowContextDeprecationWarning: Accessing 'execution_date' from the template is deprecated and will be removed in a future version. Please use 'data_interval_start' or 'logical_date' instead.
[2025-03-21T15:57:14.600+0000] {fraud_detection_pipeline.py:52} INFO - Discord message sent successfully
[2025-03-21T15:57:14.677+0000] {local_task_job_runner.py:228} INFO - Task exited with return code 0
[2025-03-21T15:57:14.754+0000] {taskinstance.py:2776} INFO - 0 downstream tasks scheduled from follow-on schedule check
