[2025-03-21T15:31:22.208+0000] {taskinstance.py:1157} INFO - Dependencies all met for dep_context=non-requeueable deps ti=<TaskInstance: transactions_pipeline.list_unprocessed_files manual__2025-03-21T15:31:18.868128+00:00 [queued]>
[2025-03-21T15:31:22.221+0000] {taskinstance.py:1157} INFO - Dependencies all met for dep_context=requeueable deps ti=<TaskInstance: transactions_pipeline.list_unprocessed_files manual__2025-03-21T15:31:18.868128+00:00 [queued]>
[2025-03-21T15:31:22.222+0000] {taskinstance.py:1359} INFO - Starting attempt 1 of 1
[2025-03-21T15:31:22.245+0000] {taskinstance.py:1380} INFO - Executing <Task(PythonOperator): list_unprocessed_files> on 2025-03-21 15:31:18.868128+00:00
[2025-03-21T15:31:22.254+0000] {standard_task_runner.py:57} INFO - Started process 6879 to run task
[2025-03-21T15:31:22.259+0000] {standard_task_runner.py:84} INFO - Running: ['***', 'tasks', 'run', 'transactions_pipeline', 'list_unprocessed_files', 'manual__2025-03-21T15:31:18.868128+00:00', '--job-id', '823', '--raw', '--subdir', 'DAGS_FOLDER/fraud_detection_pipeline.py', '--cfg-path', '/tmp/tmpjkrgijmq']
[2025-03-21T15:31:22.262+0000] {standard_task_runner.py:85} INFO - Job 823: Subtask list_unprocessed_files
[2025-03-21T15:31:22.337+0000] {task_command.py:415} INFO - Running <TaskInstance: transactions_pipeline.list_unprocessed_files manual__2025-03-21T15:31:18.868128+00:00 [running]> on host e95638583d4d
[2025-03-21T15:31:22.455+0000] {taskinstance.py:1660} INFO - Exporting env vars: AIRFLOW_CTX_DAG_OWNER='***' AIRFLOW_CTX_DAG_ID='transactions_pipeline' AIRFLOW_CTX_TASK_ID='list_unprocessed_files' AIRFLOW_CTX_EXECUTION_DATE='2025-03-21T15:31:18.868128+00:00' AIRFLOW_CTX_TRY_NUMBER='1' AIRFLOW_CTX_DAG_RUN_ID='manual__2025-03-21T15:31:18.868128+00:00'
[2025-03-21T15:31:22.457+0000] {fraud_detection_pipeline.py:53} INFO - Listing files in /data/transactions
[2025-03-21T15:31:22.614+0000] {fraud_detection_pipeline.py:80} ERROR - Error executing command: 
[2025-03-21T15:31:22.616+0000] {taskinstance.py:1935} ERROR - Task failed with exception
Traceback (most recent call last):
  File "/home/airflow/.local/lib/python3.8/site-packages/airflow/operators/python.py", line 192, in execute
    return_value = self.execute_callable()
  File "/home/airflow/.local/lib/python3.8/site-packages/airflow/operators/python.py", line 209, in execute_callable
    return self.python_callable(*self.op_args, **self.op_kwargs)
  File "/opt/airflow/dags/fraud_detection_pipeline.py", line 54, in list_unprocessed_files
    result = subprocess.run(
  File "/usr/local/lib/python3.8/subprocess.py", line 516, in run
    raise CalledProcessError(retcode, process.args,
subprocess.CalledProcessError: Command '['docker', 'exec', '-i', 'kafka', 'bash', '-c', 'ls /data/transactions/transactions_batch_*.parquet 2>/dev/null']' returned non-zero exit status 2.
[2025-03-21T15:31:22.645+0000] {taskinstance.py:1398} INFO - Marking task as FAILED. dag_id=transactions_pipeline, task_id=list_unprocessed_files, execution_date=20250321T153118, start_date=20250321T153122, end_date=20250321T153122
[2025-03-21T15:31:22.677+0000] {standard_task_runner.py:104} ERROR - Failed to execute job 823 for task list_unprocessed_files (Command '['docker', 'exec', '-i', 'kafka', 'bash', '-c', 'ls /data/transactions/transactions_batch_*.parquet 2>/dev/null']' returned non-zero exit status 2.; 6879)
[2025-03-21T15:31:22.717+0000] {local_task_job_runner.py:228} INFO - Task exited with return code 1
[2025-03-21T15:31:22.741+0000] {taskinstance.py:2776} INFO - 0 downstream tasks scheduled from follow-on schedule check
