[2025-03-21T13:48:42.443+0000] {taskinstance.py:1157} INFO - Dependencies all met for dep_context=non-requeueable deps ti=<TaskInstance: transactions_pipeline.create_hive_table_batch_20250321_131546 scheduled__2025-03-21T13:42:39.231672+00:00 [queued]>
[2025-03-21T13:48:42.462+0000] {taskinstance.py:1157} INFO - Dependencies all met for dep_context=requeueable deps ti=<TaskInstance: transactions_pipeline.create_hive_table_batch_20250321_131546 scheduled__2025-03-21T13:42:39.231672+00:00 [queued]>
[2025-03-21T13:48:42.463+0000] {taskinstance.py:1359} INFO - Starting attempt 1 of 1
[2025-03-21T13:48:42.501+0000] {taskinstance.py:1380} INFO - Executing <Task(BashOperator): create_hive_table_batch_20250321_131546> on 2025-03-21 13:42:39.231672+00:00
[2025-03-21T13:48:42.517+0000] {standard_task_runner.py:57} INFO - Started process 576 to run task
[2025-03-21T13:48:42.541+0000] {standard_task_runner.py:84} INFO - Running: ['***', 'tasks', 'run', 'transactions_pipeline', 'create_hive_table_batch_20250321_131546', 'scheduled__2025-03-21T13:42:39.231672+00:00', '--job-id', '710', '--raw', '--subdir', 'DAGS_FOLDER/fraud_detection_pipeline.py', '--cfg-path', '/tmp/tmpz2z7wj7j']
[2025-03-21T13:48:42.546+0000] {standard_task_runner.py:85} INFO - Job 710: Subtask create_hive_table_batch_20250321_131546
[2025-03-21T13:48:42.667+0000] {task_command.py:415} INFO - Running <TaskInstance: transactions_pipeline.create_hive_table_batch_20250321_131546 scheduled__2025-03-21T13:42:39.231672+00:00 [running]> on host e95638583d4d
[2025-03-21T13:48:42.994+0000] {taskinstance.py:1660} INFO - Exporting env vars: AIRFLOW_CTX_DAG_EMAIL='rabiizahnoune7@gmail.com' AIRFLOW_CTX_DAG_OWNER='***' AIRFLOW_CTX_DAG_ID='transactions_pipeline' AIRFLOW_CTX_TASK_ID='create_hive_table_batch_20250321_131546' AIRFLOW_CTX_EXECUTION_DATE='2025-03-21T13:42:39.231672+00:00' AIRFLOW_CTX_TRY_NUMBER='1' AIRFLOW_CTX_DAG_RUN_ID='scheduled__2025-03-21T13:42:39.231672+00:00'
[2025-03-21T13:48:42.999+0000] {subprocess.py:63} INFO - Tmp dir root location: /tmp
[2025-03-21T13:48:43.001+0000] {subprocess.py:75} INFO - Running command: ['/bin/bash', '-c', '\n            docker exec hive beeline -u "jdbc:hive2://localhost:10000" --hiveconf hive.exec.dynamic.partition.mode=nonstrict -e "\n            CREATE EXTERNAL TABLE IF NOT EXISTS transactions (\n                transaction_id STRING,\n                date_time STRING,\n                amount DOUBLE,\n                currency STRING,\n                merchant_details STRING,\n                customer_id STRING,\n                transaction_type STRING,\n                location STRING\n            )\n            PARTITIONED BY (batch_id STRING)\n            STORED AS PARQUET;\n            ALTER TABLE transactions ADD IF NOT EXISTS PARTITION (batch_id=\'batch_20250321_131546\') LOCATION \'/data/transactions/transactions_batch_20250321_131546\';"\n            ']
[2025-03-21T13:48:43.032+0000] {subprocess.py:86} INFO - Output:
[2025-03-21T13:48:52.660+0000] {subprocess.py:93} INFO - SLF4J: Class path contains multiple SLF4J bindings.
[2025-03-21T13:48:52.663+0000] {subprocess.py:93} INFO - SLF4J: Found binding in [jar:file:/opt/hive/lib/log4j-slf4j-impl-2.17.1.jar!/org/slf4j/impl/StaticLoggerBinder.class]
[2025-03-21T13:48:52.674+0000] {subprocess.py:93} INFO - SLF4J: Found binding in [jar:file:/opt/hadoop/share/hadoop/common/lib/slf4j-log4j12-1.7.25.jar!/org/slf4j/impl/StaticLoggerBinder.class]
[2025-03-21T13:48:52.676+0000] {subprocess.py:93} INFO - SLF4J: See http://www.slf4j.org/codes.html#multiple_bindings for an explanation.
[2025-03-21T13:48:55.552+0000] {subprocess.py:93} INFO - SLF4J: Actual binding is of type [org.apache.logging.slf4j.Log4jLoggerFactory]
[2025-03-21T13:49:09.999+0000] {subprocess.py:93} INFO - Connecting to jdbc:hive2://localhost:10000
[2025-03-21T13:49:14.194+0000] {subprocess.py:93} INFO - Connected to: Apache Hive (version 3.1.3)
[2025-03-21T13:49:14.200+0000] {subprocess.py:93} INFO - Driver: Hive JDBC (version 3.1.3)
[2025-03-21T13:49:14.202+0000] {subprocess.py:93} INFO - Transaction isolation: TRANSACTION_REPEATABLE_READ
[2025-03-21T13:49:18.813+0000] {subprocess.py:93} INFO - INFO  : Compiling command(queryId=root_20250321134914_990a429c-97a7-42de-bf64-2345ef2edd1e): CREATE EXTERNAL TABLE IF NOT EXISTS transactions (
[2025-03-21T13:49:18.815+0000] {subprocess.py:93} INFO -                 transaction_id STRING,
[2025-03-21T13:49:18.817+0000] {subprocess.py:93} INFO -                 date_time STRING,
[2025-03-21T13:49:18.820+0000] {subprocess.py:93} INFO -                 amount DOUBLE,
[2025-03-21T13:49:18.822+0000] {subprocess.py:93} INFO -                 currency STRING,
[2025-03-21T13:49:18.823+0000] {subprocess.py:93} INFO -                 merchant_details STRING,
[2025-03-21T13:49:18.824+0000] {subprocess.py:93} INFO -                 customer_id STRING,
[2025-03-21T13:49:18.825+0000] {subprocess.py:93} INFO -                 transaction_type STRING,
[2025-03-21T13:49:18.825+0000] {subprocess.py:93} INFO -                 location STRING
[2025-03-21T13:49:18.826+0000] {subprocess.py:93} INFO -             )
[2025-03-21T13:49:18.827+0000] {subprocess.py:93} INFO -             PARTITIONED BY (batch_id STRING)
[2025-03-21T13:49:18.827+0000] {subprocess.py:93} INFO -             STORED AS PARQUET
[2025-03-21T13:49:18.828+0000] {subprocess.py:93} INFO - INFO  : Concurrency mode is disabled, not creating a lock manager
[2025-03-21T13:49:18.828+0000] {subprocess.py:93} INFO - INFO  : Semantic Analysis Completed (retrial = false)
[2025-03-21T13:49:18.828+0000] {subprocess.py:93} INFO - INFO  : Returning Hive schema: Schema(fieldSchemas:null, properties:null)
[2025-03-21T13:49:18.829+0000] {subprocess.py:93} INFO - INFO  : Completed compiling command(queryId=root_20250321134914_990a429c-97a7-42de-bf64-2345ef2edd1e); Time taken: 0.017 seconds
[2025-03-21T13:49:18.829+0000] {subprocess.py:93} INFO - INFO  : Concurrency mode is disabled, not creating a lock manager
[2025-03-21T13:49:18.829+0000] {subprocess.py:93} INFO - INFO  : Executing command(queryId=root_20250321134914_990a429c-97a7-42de-bf64-2345ef2edd1e): CREATE EXTERNAL TABLE IF NOT EXISTS transactions (
[2025-03-21T13:49:18.830+0000] {subprocess.py:93} INFO -                 transaction_id STRING,
[2025-03-21T13:49:18.830+0000] {subprocess.py:93} INFO -                 date_time STRING,
[2025-03-21T13:49:18.830+0000] {subprocess.py:93} INFO -                 amount DOUBLE,
[2025-03-21T13:49:18.831+0000] {subprocess.py:93} INFO -                 currency STRING,
[2025-03-21T13:49:18.831+0000] {subprocess.py:93} INFO -                 merchant_details STRING,
[2025-03-21T13:49:18.831+0000] {subprocess.py:93} INFO -                 customer_id STRING,
[2025-03-21T13:49:18.832+0000] {subprocess.py:93} INFO -                 transaction_type STRING,
[2025-03-21T13:49:18.832+0000] {subprocess.py:93} INFO -                 location STRING
[2025-03-21T13:49:18.833+0000] {subprocess.py:93} INFO -             )
[2025-03-21T13:49:18.833+0000] {subprocess.py:93} INFO -             PARTITIONED BY (batch_id STRING)
[2025-03-21T13:49:18.833+0000] {subprocess.py:93} INFO -             STORED AS PARQUET
[2025-03-21T13:49:18.834+0000] {subprocess.py:93} INFO - INFO  : Starting task [Stage-0:DDL] in serial mode
[2025-03-21T13:49:21.195+0000] {subprocess.py:93} INFO - INFO  : Completed executing command(queryId=root_20250321134914_990a429c-97a7-42de-bf64-2345ef2edd1e); Time taken: 3.692 seconds
[2025-03-21T13:49:21.197+0000] {subprocess.py:93} INFO - INFO  : OK
[2025-03-21T13:49:21.198+0000] {subprocess.py:93} INFO - INFO  : Concurrency mode is disabled, not creating a lock manager
[2025-03-21T13:49:21.202+0000] {subprocess.py:93} INFO - No rows affected (6.975 seconds)
[2025-03-21T13:49:22.322+0000] {subprocess.py:93} INFO - INFO  : Compiling command(queryId=root_20250321134921_74cf8710-5a78-4124-8796-0ff87d1442c6): ALTER TABLE transactions ADD IF NOT EXISTS PARTITION (batch_id='batch_20250321_131546') LOCATION '/data/transactions/transactions_batch_20250321_131546'
[2025-03-21T13:49:22.324+0000] {subprocess.py:93} INFO - INFO  : Concurrency mode is disabled, not creating a lock manager
[2025-03-21T13:49:22.325+0000] {subprocess.py:93} INFO - INFO  : Semantic Analysis Completed (retrial = false)
[2025-03-21T13:49:22.326+0000] {subprocess.py:93} INFO - INFO  : Returning Hive schema: Schema(fieldSchemas:null, properties:null)
[2025-03-21T13:49:22.327+0000] {subprocess.py:93} INFO - INFO  : Completed compiling command(queryId=root_20250321134921_74cf8710-5a78-4124-8796-0ff87d1442c6); Time taken: 0.105 seconds
[2025-03-21T13:49:22.329+0000] {subprocess.py:93} INFO - INFO  : Concurrency mode is disabled, not creating a lock manager
[2025-03-21T13:49:22.330+0000] {subprocess.py:93} INFO - INFO  : Executing command(queryId=root_20250321134921_74cf8710-5a78-4124-8796-0ff87d1442c6): ALTER TABLE transactions ADD IF NOT EXISTS PARTITION (batch_id='batch_20250321_131546') LOCATION '/data/transactions/transactions_batch_20250321_131546'
[2025-03-21T13:49:22.335+0000] {subprocess.py:93} INFO - INFO  : Starting task [Stage-0:DDL] in serial mode
[2025-03-21T13:49:22.336+0000] {subprocess.py:93} INFO - INFO  : Completed executing command(queryId=root_20250321134921_74cf8710-5a78-4124-8796-0ff87d1442c6); Time taken: 0.676 seconds
[2025-03-21T13:49:22.337+0000] {subprocess.py:93} INFO - INFO  : OK
[2025-03-21T13:49:22.338+0000] {subprocess.py:93} INFO - INFO  : Concurrency mode is disabled, not creating a lock manager
[2025-03-21T13:49:22.385+0000] {subprocess.py:93} INFO - No rows affected (1.093 seconds)
[2025-03-21T13:49:22.401+0000] {subprocess.py:93} INFO - Beeline version 3.1.3 by Apache Hive
[2025-03-21T13:49:22.509+0000] {subprocess.py:93} INFO - Closing: 0: jdbc:hive2://localhost:10000
[2025-03-21T13:49:22.740+0000] {subprocess.py:97} INFO - Command exited with return code 0
[2025-03-21T13:49:22.790+0000] {taskinstance.py:1398} INFO - Marking task as SUCCESS. dag_id=transactions_pipeline, task_id=create_hive_table_batch_20250321_131546, execution_date=20250321T134239, start_date=20250321T134842, end_date=20250321T134922
[2025-03-21T13:49:22.862+0000] {local_task_job_runner.py:228} INFO - Task exited with return code 0
[2025-03-21T13:49:22.923+0000] {taskinstance.py:2776} INFO - 1 downstream tasks scheduled from follow-on schedule check
