[2025-03-21T13:54:25.533+0000] {taskinstance.py:1157} INFO - Dependencies all met for dep_context=non-requeueable deps ti=<TaskInstance: transactions_pipeline.detect_fraud_batch_20250321_131230 scheduled__2025-03-21T13:47:39.231672+00:00 [queued]>
[2025-03-21T13:54:25.554+0000] {taskinstance.py:1157} INFO - Dependencies all met for dep_context=requeueable deps ti=<TaskInstance: transactions_pipeline.detect_fraud_batch_20250321_131230 scheduled__2025-03-21T13:47:39.231672+00:00 [queued]>
[2025-03-21T13:54:25.555+0000] {taskinstance.py:1359} INFO - Starting attempt 1 of 1
[2025-03-21T13:54:25.584+0000] {taskinstance.py:1380} INFO - Executing <Task(BashOperator): detect_fraud_batch_20250321_131230> on 2025-03-21 13:47:39.231672+00:00
[2025-03-21T13:54:25.594+0000] {standard_task_runner.py:57} INFO - Started process 1639 to run task
[2025-03-21T13:54:25.601+0000] {standard_task_runner.py:84} INFO - Running: ['***', 'tasks', 'run', 'transactions_pipeline', 'detect_fraud_batch_20250321_131230', 'scheduled__2025-03-21T13:47:39.231672+00:00', '--job-id', '744', '--raw', '--subdir', 'DAGS_FOLDER/fraud_detection_pipeline.py', '--cfg-path', '/tmp/tmpwx62xiv1']
[2025-03-21T13:54:25.606+0000] {standard_task_runner.py:85} INFO - Job 744: Subtask detect_fraud_batch_20250321_131230
[2025-03-21T13:54:25.698+0000] {task_command.py:415} INFO - Running <TaskInstance: transactions_pipeline.detect_fraud_batch_20250321_131230 scheduled__2025-03-21T13:47:39.231672+00:00 [running]> on host e95638583d4d
[2025-03-21T13:54:25.879+0000] {taskinstance.py:1660} INFO - Exporting env vars: AIRFLOW_CTX_DAG_EMAIL='rabiizahnoune7@gmail.com' AIRFLOW_CTX_DAG_OWNER='***' AIRFLOW_CTX_DAG_ID='transactions_pipeline' AIRFLOW_CTX_TASK_ID='detect_fraud_batch_20250321_131230' AIRFLOW_CTX_EXECUTION_DATE='2025-03-21T13:47:39.231672+00:00' AIRFLOW_CTX_TRY_NUMBER='1' AIRFLOW_CTX_DAG_RUN_ID='scheduled__2025-03-21T13:47:39.231672+00:00'
[2025-03-21T13:54:25.882+0000] {subprocess.py:63} INFO - Tmp dir root location: /tmp
[2025-03-21T13:54:25.885+0000] {subprocess.py:75} INFO - Running command: ['/bin/bash', '-c', '\n            docker exec hive spark-submit --master spark://localhost:7077 /hive/scripts/detect_fraud.py "batch_20250321_131230"\n            ']
[2025-03-21T13:54:25.916+0000] {subprocess.py:86} INFO - Output:
[2025-03-21T13:54:48.681+0000] {subprocess.py:93} INFO - 25/03/21 13:54:48 INFO SparkContext: Running Spark version 3.5.0
[2025-03-21T13:54:48.683+0000] {subprocess.py:93} INFO - 25/03/21 13:54:48 INFO SparkContext: OS info Linux, 5.15.167.4-microsoft-standard-WSL2, amd64
[2025-03-21T13:54:48.683+0000] {subprocess.py:93} INFO - 25/03/21 13:54:48 INFO SparkContext: Java version 1.8.0_342
[2025-03-21T13:54:49.782+0000] {subprocess.py:93} INFO - 25/03/21 13:54:49 WARN NativeCodeLoader: Unable to load native-hadoop library for your platform... using builtin-java classes where applicable
[2025-03-21T13:54:50.892+0000] {subprocess.py:93} INFO - 25/03/21 13:54:50 INFO ResourceUtils: ==============================================================
[2025-03-21T13:54:50.896+0000] {subprocess.py:93} INFO - 25/03/21 13:54:50 INFO ResourceUtils: No custom resources configured for spark.driver.
[2025-03-21T13:54:50.900+0000] {subprocess.py:93} INFO - 25/03/21 13:54:50 INFO ResourceUtils: ==============================================================
[2025-03-21T13:54:50.901+0000] {subprocess.py:93} INFO - 25/03/21 13:54:50 INFO SparkContext: Submitted application: FraudDetection
[2025-03-21T13:54:51.393+0000] {subprocess.py:93} INFO - 25/03/21 13:54:51 INFO ResourceProfile: Default ResourceProfile created, executor resources: Map(memory -> name: memory, amount: 1024, script: , vendor: , offHeap -> name: offHeap, amount: 0, script: , vendor: ), task resources: Map(cpus -> name: cpus, amount: 1.0)
[2025-03-21T13:54:51.574+0000] {subprocess.py:93} INFO - 25/03/21 13:54:51 INFO ResourceProfile: Limiting resource is cpu
[2025-03-21T13:54:51.579+0000] {subprocess.py:93} INFO - 25/03/21 13:54:51 INFO ResourceProfileManager: Added ResourceProfile id: 0
[2025-03-21T13:54:52.468+0000] {subprocess.py:93} INFO - 25/03/21 13:54:52 INFO SecurityManager: Changing view acls to: root
[2025-03-21T13:54:52.476+0000] {subprocess.py:93} INFO - 25/03/21 13:54:52 INFO SecurityManager: Changing modify acls to: root
[2025-03-21T13:54:52.481+0000] {subprocess.py:93} INFO - 25/03/21 13:54:52 INFO SecurityManager: Changing view acls groups to:
[2025-03-21T13:54:52.482+0000] {subprocess.py:93} INFO - 25/03/21 13:54:52 INFO SecurityManager: Changing modify acls groups to:
[2025-03-21T13:54:52.484+0000] {subprocess.py:93} INFO - 25/03/21 13:54:52 INFO SecurityManager: SecurityManager: authentication disabled; ui acls disabled; users with view permissions: root; groups with view permissions: EMPTY; users with modify permissions: root; groups with modify permissions: EMPTY
[2025-03-21T13:54:54.013+0000] {subprocess.py:93} INFO - 25/03/21 13:54:54 INFO Utils: Successfully started service 'sparkDriver' on port 46245.
[2025-03-21T13:54:54.333+0000] {subprocess.py:93} INFO - 25/03/21 13:54:54 INFO SparkEnv: Registering MapOutputTracker
[2025-03-21T13:54:54.713+0000] {subprocess.py:93} INFO - 25/03/21 13:54:54 INFO SparkEnv: Registering BlockManagerMaster
[2025-03-21T13:54:54.917+0000] {subprocess.py:93} INFO - 25/03/21 13:54:54 INFO BlockManagerMasterEndpoint: Using org.apache.spark.storage.DefaultTopologyMapper for getting topology information
[2025-03-21T13:54:54.921+0000] {subprocess.py:93} INFO - 25/03/21 13:54:54 INFO BlockManagerMasterEndpoint: BlockManagerMasterEndpoint up
[2025-03-21T13:54:54.933+0000] {subprocess.py:93} INFO - 25/03/21 13:54:54 INFO SparkEnv: Registering BlockManagerMasterHeartbeat
[2025-03-21T13:54:55.318+0000] {subprocess.py:93} INFO - 25/03/21 13:54:55 INFO DiskBlockManager: Created local directory at /tmp/blockmgr-1bb0bea6-8a21-4871-904e-9a628389616b
[2025-03-21T13:54:55.438+0000] {subprocess.py:93} INFO - 25/03/21 13:54:55 INFO MemoryStore: MemoryStore started with capacity 366.3 MiB
[2025-03-21T13:54:55.618+0000] {subprocess.py:93} INFO - 25/03/21 13:54:55 INFO SparkEnv: Registering OutputCommitCoordinator
[2025-03-21T13:54:57.115+0000] {subprocess.py:93} INFO - 25/03/21 13:54:57 INFO JettyUtils: Start Jetty 0.0.0.0:4040 for SparkUI
[2025-03-21T13:54:58.027+0000] {subprocess.py:93} INFO - 25/03/21 13:54:58 WARN Utils: Service 'SparkUI' could not bind on port 4040. Attempting port 4041.
[2025-03-21T13:54:58.029+0000] {subprocess.py:93} INFO - 25/03/21 13:54:58 WARN Utils: Service 'SparkUI' could not bind on port 4041. Attempting port 4042.
[2025-03-21T13:54:58.124+0000] {subprocess.py:93} INFO - 25/03/21 13:54:58 INFO Utils: Successfully started service 'SparkUI' on port 4042.
[2025-03-21T13:55:00.036+0000] {subprocess.py:93} INFO - 25/03/21 13:55:00 INFO StandaloneAppClient$ClientEndpoint: Connecting to master spark://localhost:7077...
[2025-03-21T13:55:00.814+0000] {subprocess.py:93} INFO - 25/03/21 13:55:00 INFO TransportClientFactory: Successfully created connection to localhost/127.0.0.1:7077 after 405 ms (0 ms spent in bootstraps)
[2025-03-21T13:55:02.516+0000] {subprocess.py:93} INFO - 25/03/21 13:55:02 INFO StandaloneSchedulerBackend: Connected to Spark cluster with app ID app-20250321135502-0008
[2025-03-21T13:55:02.606+0000] {subprocess.py:93} INFO - 25/03/21 13:55:02 INFO Utils: Successfully started service 'org.apache.spark.network.netty.NettyBlockTransferService' on port 37635.
[2025-03-21T13:55:02.607+0000] {subprocess.py:93} INFO - 25/03/21 13:55:02 INFO NettyBlockTransferService: Server created on e0b25feeb0e2:37635
[2025-03-21T13:55:02.612+0000] {subprocess.py:93} INFO - 25/03/21 13:55:02 INFO BlockManager: Using org.apache.spark.storage.RandomBlockReplicationPolicy for block replication policy
[2025-03-21T13:55:02.630+0000] {subprocess.py:93} INFO - 25/03/21 13:55:02 INFO BlockManagerMaster: Registering BlockManager BlockManagerId(driver, e0b25feeb0e2, 37635, None)
[2025-03-21T13:55:02.639+0000] {subprocess.py:93} INFO - 25/03/21 13:55:02 INFO BlockManagerMasterEndpoint: Registering block manager e0b25feeb0e2:37635 with 366.3 MiB RAM, BlockManagerId(driver, e0b25feeb0e2, 37635, None)
[2025-03-21T13:55:02.711+0000] {subprocess.py:93} INFO - 25/03/21 13:55:02 INFO BlockManagerMaster: Registered BlockManager BlockManagerId(driver, e0b25feeb0e2, 37635, None)
[2025-03-21T13:55:02.716+0000] {subprocess.py:93} INFO - 25/03/21 13:55:02 INFO BlockManager: Initialized BlockManager: BlockManagerId(driver, e0b25feeb0e2, 37635, None)
[2025-03-21T13:55:05.313+0000] {subprocess.py:93} INFO - 25/03/21 13:55:05 INFO StandaloneSchedulerBackend: SchedulerBackend is ready for scheduling beginning after reached minRegisteredResourcesRatio: 0.0
[2025-03-21T13:55:07.711+0000] {subprocess.py:93} INFO - Spark version: 3.5.0
[2025-03-21T13:55:08.238+0000] {subprocess.py:93} INFO - 25/03/21 13:55:08 INFO SharedState: Setting hive.metastore.warehouse.dir ('null') to the value of spark.sql.warehouse.dir.
[2025-03-21T13:55:12.233+0000] {subprocess.py:93} INFO - 25/03/21 13:55:12 INFO SharedState: Warehouse path is 'hdfs://localhost:9000/data/warehouse'.
[2025-03-21T13:55:23.215+0000] {subprocess.py:93} INFO - 25/03/21 13:55:23 INFO InMemoryFileIndex: It took 772 ms to list leaf files for 1 paths.
[2025-03-21T13:55:27.363+0000] {subprocess.py:93} INFO - 25/03/21 13:55:27 INFO SparkContext: Starting job: parquet at NativeMethodAccessorImpl.java:0
[2025-03-21T13:55:27.677+0000] {subprocess.py:93} INFO - 25/03/21 13:55:27 INFO DAGScheduler: Got job 0 (parquet at NativeMethodAccessorImpl.java:0) with 1 output partitions
[2025-03-21T13:55:27.679+0000] {subprocess.py:93} INFO - 25/03/21 13:55:27 INFO DAGScheduler: Final stage: ResultStage 0 (parquet at NativeMethodAccessorImpl.java:0)
[2025-03-21T13:55:27.680+0000] {subprocess.py:93} INFO - 25/03/21 13:55:27 INFO DAGScheduler: Parents of final stage: List()
[2025-03-21T13:55:27.762+0000] {subprocess.py:93} INFO - 25/03/21 13:55:27 INFO DAGScheduler: Missing parents: List()
[2025-03-21T13:55:27.863+0000] {subprocess.py:93} INFO - 25/03/21 13:55:27 INFO DAGScheduler: Submitting ResultStage 0 (MapPartitionsRDD[1] at parquet at NativeMethodAccessorImpl.java:0), which has no missing parents
[2025-03-21T13:55:29.099+0000] {subprocess.py:93} INFO - 25/03/21 13:55:29 INFO MemoryStore: Block broadcast_0 stored as values in memory (estimated size 103.3 KiB, free 366.2 MiB)
[2025-03-21T13:55:29.690+0000] {subprocess.py:93} INFO - 25/03/21 13:55:29 INFO MemoryStore: Block broadcast_0_piece0 stored as bytes in memory (estimated size 37.2 KiB, free 366.2 MiB)
[2025-03-21T13:55:29.783+0000] {subprocess.py:93} INFO - 25/03/21 13:55:29 INFO BlockManagerInfo: Added broadcast_0_piece0 in memory on e0b25feeb0e2:37635 (size: 37.2 KiB, free: 366.3 MiB)
[2025-03-21T13:55:29.888+0000] {subprocess.py:93} INFO - 25/03/21 13:55:29 INFO SparkContext: Created broadcast 0 from broadcast at DAGScheduler.scala:1580
[2025-03-21T13:55:30.381+0000] {subprocess.py:93} INFO - 25/03/21 13:55:30 INFO DAGScheduler: Submitting 1 missing tasks from ResultStage 0 (MapPartitionsRDD[1] at parquet at NativeMethodAccessorImpl.java:0) (first 15 tasks are for partitions Vector(0))
[2025-03-21T13:55:30.390+0000] {subprocess.py:93} INFO - 25/03/21 13:55:30 INFO TaskSchedulerImpl: Adding task set 0.0 with 1 tasks resource profile 0
[2025-03-21T13:55:45.660+0000] {subprocess.py:93} INFO - 25/03/21 13:55:45 WARN TaskSchedulerImpl: Initial job has not accepted any resources; check your cluster UI to ensure that workers are registered and have sufficient resources
[2025-03-21T13:56:00.659+0000] {subprocess.py:93} INFO - 25/03/21 13:56:00 WARN TaskSchedulerImpl: Initial job has not accepted any resources; check your cluster UI to ensure that workers are registered and have sufficient resources
[2025-03-21T13:56:06.861+0000] {local_task_job_runner.py:294} WARNING - State of this instance has been externally set to removed. Terminating instance.
[2025-03-21T13:56:06.869+0000] {process_utils.py:131} INFO - Sending 15 to group 1639. PIDs of all processes in the group: [1651, 1658, 1639]
[2025-03-21T13:56:06.870+0000] {process_utils.py:86} INFO - Sending the signal 15 to group 1639
[2025-03-21T13:56:06.872+0000] {taskinstance.py:1630} ERROR - Received SIGTERM. Terminating subprocesses.
[2025-03-21T13:56:06.872+0000] {subprocess.py:104} INFO - Sending SIGTERM signal to process group
[2025-03-21T13:56:06.971+0000] {process_utils.py:79} INFO - Process psutil.Process(pid=1639, status='terminated', exitcode=0, started='13:54:25') (1639) terminated with exit code 0
[2025-03-21T13:56:06.973+0000] {process_utils.py:79} INFO - Process psutil.Process(pid=1658, status='terminated', started='13:54:25') (1658) terminated with exit code None
[2025-03-21T13:56:06.975+0000] {process_utils.py:79} INFO - Process psutil.Process(pid=1651, status='terminated', started='13:54:25') (1651) terminated with exit code None
