[2025-03-21T13:37:50.661+0000] {taskinstance.py:1157} INFO - Dependencies all met for dep_context=non-requeueable deps ti=<TaskInstance: transactions_pipeline.list_unprocessed_files scheduled__2025-03-21T13:32:39.231672+00:00 [queued]>
[2025-03-21T13:37:50.704+0000] {taskinstance.py:1157} INFO - Dependencies all met for dep_context=requeueable deps ti=<TaskInstance: transactions_pipeline.list_unprocessed_files scheduled__2025-03-21T13:32:39.231672+00:00 [queued]>
[2025-03-21T13:37:50.707+0000] {taskinstance.py:1359} INFO - Starting attempt 1 of 1
[2025-03-21T13:37:50.764+0000] {taskinstance.py:1380} INFO - Executing <Task(PythonOperator): list_unprocessed_files> on 2025-03-21 13:32:39.231672+00:00
[2025-03-21T13:37:50.782+0000] {standard_task_runner.py:57} INFO - Started process 3099 to run task
[2025-03-21T13:37:50.796+0000] {standard_task_runner.py:84} INFO - Running: ['***', 'tasks', 'run', 'transactions_pipeline', 'list_unprocessed_files', 'scheduled__2025-03-21T13:32:39.231672+00:00', '--job-id', '661', '--raw', '--subdir', 'DAGS_FOLDER/fraud_detection_pipeline.py', '--cfg-path', '/tmp/tmp5bsr5h3n']
[2025-03-21T13:37:50.804+0000] {standard_task_runner.py:85} INFO - Job 661: Subtask list_unprocessed_files
[2025-03-21T13:37:51.024+0000] {task_command.py:415} INFO - Running <TaskInstance: transactions_pipeline.list_unprocessed_files scheduled__2025-03-21T13:32:39.231672+00:00 [running]> on host 1b7c3466167a
[2025-03-21T13:37:51.281+0000] {taskinstance.py:1660} INFO - Exporting env vars: AIRFLOW_CTX_DAG_EMAIL='rabiizahnoune7@gmail.com' AIRFLOW_CTX_DAG_OWNER='***' AIRFLOW_CTX_DAG_ID='transactions_pipeline' AIRFLOW_CTX_TASK_ID='list_unprocessed_files' AIRFLOW_CTX_EXECUTION_DATE='2025-03-21T13:32:39.231672+00:00' AIRFLOW_CTX_TRY_NUMBER='1' AIRFLOW_CTX_DAG_RUN_ID='scheduled__2025-03-21T13:32:39.231672+00:00'
[2025-03-21T13:37:51.285+0000] {fraud_detection_pipeline.py:77} INFO - Listing files in /data/transactions
[2025-03-21T13:37:51.539+0000] {fraud_detection_pipeline.py:84} INFO - Command stdout: '/data/transactions/transactions_batch_20250321_131230.parquet
/data/transactions/transactions_batch_20250321_131507.parquet
/data/transactions/transactions_batch_20250321_131546.parquet
/data/transactions/transactions_batch_20250321_131625.parquet
/data/transactions/transactions_batch_20250321_131702.parquet
/data/transactions/transactions_batch_20250321_131741.parquet
/data/transactions/transactions_batch_20250321_131820.parquet
'
[2025-03-21T13:37:51.541+0000] {fraud_detection_pipeline.py:85} INFO - Command stderr: ''
[2025-03-21T13:37:51.542+0000] {fraud_detection_pipeline.py:101} INFO - Found unprocessed files: ['/data/transactions/transactions_batch_20250321_131230.parquet', '/data/transactions/transactions_batch_20250321_131507.parquet', '/data/transactions/transactions_batch_20250321_131546.parquet', '/data/transactions/transactions_batch_20250321_131625.parquet', '/data/transactions/transactions_batch_20250321_131702.parquet', '/data/transactions/transactions_batch_20250321_131741.parquet', '/data/transactions/transactions_batch_20250321_131820.parquet']
[2025-03-21T13:37:51.542+0000] {python.py:194} INFO - Done. Returned value was: ['/data/transactions/transactions_batch_20250321_131230.parquet', '/data/transactions/transactions_batch_20250321_131507.parquet', '/data/transactions/transactions_batch_20250321_131546.parquet', '/data/transactions/transactions_batch_20250321_131625.parquet', '/data/transactions/transactions_batch_20250321_131702.parquet', '/data/transactions/transactions_batch_20250321_131741.parquet', '/data/transactions/transactions_batch_20250321_131820.parquet']
[2025-03-21T13:37:51.601+0000] {taskinstance.py:1398} INFO - Marking task as SUCCESS. dag_id=transactions_pipeline, task_id=list_unprocessed_files, execution_date=20250321T133239, start_date=20250321T133750, end_date=20250321T133751
[2025-03-21T13:37:51.662+0000] {local_task_job_runner.py:228} INFO - Task exited with return code 0
[2025-03-21T13:37:51.774+0000] {taskinstance.py:2776} INFO - 7 downstream tasks scheduled from follow-on schedule check
