[2025-03-20T13:54:22.961+0000] {taskinstance.py:1157} INFO - Dependencies all met for dep_context=non-requeueable deps ti=<TaskInstance: transactions_pipeline.detect_fraud manual__2025-03-20T13:54:03.335929+00:00 [queued]>
[2025-03-20T13:54:22.975+0000] {taskinstance.py:1157} INFO - Dependencies all met for dep_context=requeueable deps ti=<TaskInstance: transactions_pipeline.detect_fraud manual__2025-03-20T13:54:03.335929+00:00 [queued]>
[2025-03-20T13:54:22.976+0000] {taskinstance.py:1359} INFO - Starting attempt 1 of 1
[2025-03-20T13:54:22.999+0000] {taskinstance.py:1380} INFO - Executing <Task(BashOperator): detect_fraud> on 2025-03-20 13:54:03.335929+00:00
[2025-03-20T13:54:23.004+0000] {standard_task_runner.py:57} INFO - Started process 2229 to run task
[2025-03-20T13:54:23.008+0000] {standard_task_runner.py:84} INFO - Running: ['***', 'tasks', 'run', 'transactions_pipeline', 'detect_fraud', 'manual__2025-03-20T13:54:03.335929+00:00', '--job-id', '347', '--raw', '--subdir', 'DAGS_FOLDER/fraud_detection_pipeline.py', '--cfg-path', '/tmp/tmpzco0ke2e']
[2025-03-20T13:54:23.012+0000] {standard_task_runner.py:85} INFO - Job 347: Subtask detect_fraud
[2025-03-20T13:54:23.069+0000] {task_command.py:415} INFO - Running <TaskInstance: transactions_pipeline.detect_fraud manual__2025-03-20T13:54:03.335929+00:00 [running]> on host 3938a1dd8bd9
[2025-03-20T13:54:23.189+0000] {taskinstance.py:1660} INFO - Exporting env vars: AIRFLOW_CTX_DAG_OWNER='***' AIRFLOW_CTX_DAG_ID='transactions_pipeline' AIRFLOW_CTX_TASK_ID='detect_fraud' AIRFLOW_CTX_EXECUTION_DATE='2025-03-20T13:54:03.335929+00:00' AIRFLOW_CTX_TRY_NUMBER='1' AIRFLOW_CTX_DAG_RUN_ID='manual__2025-03-20T13:54:03.335929+00:00'
[2025-03-20T13:54:23.191+0000] {subprocess.py:63} INFO - Tmp dir root location: /tmp
[2025-03-20T13:54:23.192+0000] {subprocess.py:75} INFO - Running command: ['/bin/bash', '-c', '\n    docker exec hive spark-submit --master spark://localhost:7077 /hive/scripts/detect_fraud.py "batch_20250320_135205"\n    ']
[2025-03-20T13:54:23.206+0000] {subprocess.py:86} INFO - Output:
[2025-03-20T13:54:26.280+0000] {subprocess.py:93} INFO - 25/03/20 13:54:26 INFO SparkContext: Running Spark version 3.5.0
[2025-03-20T13:54:26.282+0000] {subprocess.py:93} INFO - 25/03/20 13:54:26 INFO SparkContext: OS info Linux, 5.15.167.4-microsoft-standard-WSL2, amd64
[2025-03-20T13:54:26.283+0000] {subprocess.py:93} INFO - 25/03/20 13:54:26 INFO SparkContext: Java version 1.8.0_342
[2025-03-20T13:54:26.364+0000] {subprocess.py:93} INFO - 25/03/20 13:54:26 WARN NativeCodeLoader: Unable to load native-hadoop library for your platform... using builtin-java classes where applicable
[2025-03-20T13:54:26.518+0000] {subprocess.py:93} INFO - 25/03/20 13:54:26 INFO ResourceUtils: ==============================================================
[2025-03-20T13:54:26.519+0000] {subprocess.py:93} INFO - 25/03/20 13:54:26 INFO ResourceUtils: No custom resources configured for spark.driver.
[2025-03-20T13:54:26.520+0000] {subprocess.py:93} INFO - 25/03/20 13:54:26 INFO ResourceUtils: ==============================================================
[2025-03-20T13:54:26.521+0000] {subprocess.py:93} INFO - 25/03/20 13:54:26 INFO SparkContext: Submitted application: FraudDetection
[2025-03-20T13:54:26.565+0000] {subprocess.py:93} INFO - 25/03/20 13:54:26 INFO ResourceProfile: Default ResourceProfile created, executor resources: Map(memory -> name: memory, amount: 1024, script: , vendor: , offHeap -> name: offHeap, amount: 0, script: , vendor: ), task resources: Map(cpus -> name: cpus, amount: 1.0)
[2025-03-20T13:54:26.602+0000] {subprocess.py:93} INFO - 25/03/20 13:54:26 INFO ResourceProfile: Limiting resource is cpu
[2025-03-20T13:54:26.603+0000] {subprocess.py:93} INFO - 25/03/20 13:54:26 INFO ResourceProfileManager: Added ResourceProfile id: 0
[2025-03-20T13:54:26.730+0000] {subprocess.py:93} INFO - 25/03/20 13:54:26 INFO SecurityManager: Changing view acls to: root
[2025-03-20T13:54:26.731+0000] {subprocess.py:93} INFO - 25/03/20 13:54:26 INFO SecurityManager: Changing modify acls to: root
[2025-03-20T13:54:26.733+0000] {subprocess.py:93} INFO - 25/03/20 13:54:26 INFO SecurityManager: Changing view acls groups to:
[2025-03-20T13:54:26.734+0000] {subprocess.py:93} INFO - 25/03/20 13:54:26 INFO SecurityManager: Changing modify acls groups to:
[2025-03-20T13:54:26.735+0000] {subprocess.py:93} INFO - 25/03/20 13:54:26 INFO SecurityManager: SecurityManager: authentication disabled; ui acls disabled; users with view permissions: root; groups with view permissions: EMPTY; users with modify permissions: root; groups with modify permissions: EMPTY
[2025-03-20T13:54:27.067+0000] {subprocess.py:93} INFO - 25/03/20 13:54:27 INFO Utils: Successfully started service 'sparkDriver' on port 44651.
[2025-03-20T13:54:27.103+0000] {subprocess.py:93} INFO - 25/03/20 13:54:27 INFO SparkEnv: Registering MapOutputTracker
[2025-03-20T13:54:27.148+0000] {subprocess.py:93} INFO - 25/03/20 13:54:27 INFO SparkEnv: Registering BlockManagerMaster
[2025-03-20T13:54:27.176+0000] {subprocess.py:93} INFO - 25/03/20 13:54:27 INFO BlockManagerMasterEndpoint: Using org.apache.spark.storage.DefaultTopologyMapper for getting topology information
[2025-03-20T13:54:27.177+0000] {subprocess.py:93} INFO - 25/03/20 13:54:27 INFO BlockManagerMasterEndpoint: BlockManagerMasterEndpoint up
[2025-03-20T13:54:27.181+0000] {subprocess.py:93} INFO - 25/03/20 13:54:27 INFO SparkEnv: Registering BlockManagerMasterHeartbeat
[2025-03-20T13:54:27.256+0000] {subprocess.py:93} INFO - 25/03/20 13:54:27 INFO DiskBlockManager: Created local directory at /tmp/blockmgr-cfd938d5-d9b8-45b5-9aaf-f7661cddef03
[2025-03-20T13:54:27.274+0000] {subprocess.py:93} INFO - 25/03/20 13:54:27 INFO MemoryStore: MemoryStore started with capacity 366.3 MiB
[2025-03-20T13:54:27.295+0000] {subprocess.py:93} INFO - 25/03/20 13:54:27 INFO SparkEnv: Registering OutputCommitCoordinator
[2025-03-20T13:54:27.451+0000] {subprocess.py:93} INFO - 25/03/20 13:54:27 INFO JettyUtils: Start Jetty 0.0.0.0:4040 for SparkUI
[2025-03-20T13:54:27.523+0000] {subprocess.py:93} INFO - 25/03/20 13:54:27 INFO Utils: Successfully started service 'SparkUI' on port 4040.
[2025-03-20T13:54:27.737+0000] {subprocess.py:93} INFO - 25/03/20 13:54:27 INFO StandaloneAppClient$ClientEndpoint: Connecting to master spark://localhost:7077...
[2025-03-20T13:54:27.852+0000] {subprocess.py:93} INFO - 25/03/20 13:54:27 INFO TransportClientFactory: Successfully created connection to localhost/127.0.0.1:7077 after 44 ms (0 ms spent in bootstraps)
[2025-03-20T13:54:28.048+0000] {subprocess.py:93} INFO - 25/03/20 13:54:28 INFO StandaloneSchedulerBackend: Connected to Spark cluster with app ID app-20250320135428-0014
[2025-03-20T13:54:28.083+0000] {subprocess.py:93} INFO - 25/03/20 13:54:28 INFO StandaloneAppClient$ClientEndpoint: Executor added: app-20250320135428-0014/0 on worker-20250320120146-172.18.0.6-34145 (172.18.0.6:34145) with 2 core(s)
[2025-03-20T13:54:28.084+0000] {subprocess.py:93} INFO - 25/03/20 13:54:28 INFO StandaloneSchedulerBackend: Granted executor ID app-20250320135428-0014/0 on hostPort 172.18.0.6:34145 with 2 core(s), 1024.0 MiB RAM
[2025-03-20T13:54:28.090+0000] {subprocess.py:93} INFO - 25/03/20 13:54:28 INFO Utils: Successfully started service 'org.apache.spark.network.netty.NettyBlockTransferService' on port 36923.
[2025-03-20T13:54:28.091+0000] {subprocess.py:93} INFO - 25/03/20 13:54:28 INFO NettyBlockTransferService: Server created on bcc1e3430c31:36923
[2025-03-20T13:54:28.094+0000] {subprocess.py:93} INFO - 25/03/20 13:54:28 INFO BlockManager: Using org.apache.spark.storage.RandomBlockReplicationPolicy for block replication policy
[2025-03-20T13:54:28.107+0000] {subprocess.py:93} INFO - 25/03/20 13:54:28 INFO BlockManagerMaster: Registering BlockManager BlockManagerId(driver, bcc1e3430c31, 36923, None)
[2025-03-20T13:54:28.115+0000] {subprocess.py:93} INFO - 25/03/20 13:54:28 INFO BlockManagerMasterEndpoint: Registering block manager bcc1e3430c31:36923 with 366.3 MiB RAM, BlockManagerId(driver, bcc1e3430c31, 36923, None)
[2025-03-20T13:54:28.119+0000] {subprocess.py:93} INFO - 25/03/20 13:54:28 INFO BlockManagerMaster: Registered BlockManager BlockManagerId(driver, bcc1e3430c31, 36923, None)
[2025-03-20T13:54:28.121+0000] {subprocess.py:93} INFO - 25/03/20 13:54:28 INFO BlockManager: Initialized BlockManager: BlockManagerId(driver, bcc1e3430c31, 36923, None)
[2025-03-20T13:54:28.285+0000] {subprocess.py:93} INFO - 25/03/20 13:54:28 INFO StandaloneAppClient$ClientEndpoint: Executor updated: app-20250320135428-0014/0 is now RUNNING
[2025-03-20T13:54:29.214+0000] {subprocess.py:93} INFO - 25/03/20 13:54:29 INFO StandaloneSchedulerBackend: SchedulerBackend is ready for scheduling beginning after reached minRegisteredResourcesRatio: 0.0
[2025-03-20T13:54:29.716+0000] {subprocess.py:93} INFO - Spark version: 3.5.0
[2025-03-20T13:54:30.014+0000] {subprocess.py:93} INFO - 25/03/20 13:54:30 INFO SharedState: Setting hive.metastore.warehouse.dir ('null') to the value of spark.sql.warehouse.dir.
[2025-03-20T13:54:31.781+0000] {subprocess.py:93} INFO - 25/03/20 13:54:31 INFO SharedState: Warehouse path is 'hdfs://localhost:9000/data/warehouse'.
[2025-03-20T13:54:35.784+0000] {subprocess.py:93} INFO - 25/03/20 13:54:35 INFO StandaloneSchedulerBackend$StandaloneDriverEndpoint: Registered executor NettyRpcEndpointRef(spark-client://Executor) (172.18.0.6:56224) with ID 0,  ResourceProfileId 0
[2025-03-20T13:54:35.789+0000] {subprocess.py:93} INFO - 25/03/20 13:54:35 INFO InMemoryFileIndex: It took 375 ms to list leaf files for 1 paths.
[2025-03-20T13:54:36.200+0000] {subprocess.py:93} INFO - 25/03/20 13:54:36 INFO BlockManagerMasterEndpoint: Registering block manager 172.18.0.6:44695 with 366.3 MiB RAM, BlockManagerId(0, 172.18.0.6, 44695, None)
[2025-03-20T13:54:37.230+0000] {subprocess.py:93} INFO - 25/03/20 13:54:37 INFO SparkContext: Starting job: parquet at NativeMethodAccessorImpl.java:0
[2025-03-20T13:54:37.278+0000] {subprocess.py:93} INFO - 25/03/20 13:54:37 INFO DAGScheduler: Got job 0 (parquet at NativeMethodAccessorImpl.java:0) with 1 output partitions
[2025-03-20T13:54:37.279+0000] {subprocess.py:93} INFO - 25/03/20 13:54:37 INFO DAGScheduler: Final stage: ResultStage 0 (parquet at NativeMethodAccessorImpl.java:0)
[2025-03-20T13:54:37.280+0000] {subprocess.py:93} INFO - 25/03/20 13:54:37 INFO DAGScheduler: Parents of final stage: List()
[2025-03-20T13:54:37.283+0000] {subprocess.py:93} INFO - 25/03/20 13:54:37 INFO DAGScheduler: Missing parents: List()
[2025-03-20T13:54:37.297+0000] {subprocess.py:93} INFO - 25/03/20 13:54:37 INFO DAGScheduler: Submitting ResultStage 0 (MapPartitionsRDD[1] at parquet at NativeMethodAccessorImpl.java:0), which has no missing parents
[2025-03-20T13:54:37.415+0000] {subprocess.py:93} INFO - 25/03/20 13:54:37 INFO MemoryStore: Block broadcast_0 stored as values in memory (estimated size 103.3 KiB, free 366.2 MiB)
[2025-03-20T13:54:37.495+0000] {subprocess.py:93} INFO - 25/03/20 13:54:37 INFO MemoryStore: Block broadcast_0_piece0 stored as bytes in memory (estimated size 37.2 KiB, free 366.2 MiB)
[2025-03-20T13:54:37.499+0000] {subprocess.py:93} INFO - 25/03/20 13:54:37 INFO BlockManagerInfo: Added broadcast_0_piece0 in memory on bcc1e3430c31:36923 (size: 37.2 KiB, free: 366.3 MiB)
[2025-03-20T13:54:37.506+0000] {subprocess.py:93} INFO - 25/03/20 13:54:37 INFO SparkContext: Created broadcast 0 from broadcast at DAGScheduler.scala:1580
[2025-03-20T13:54:37.525+0000] {subprocess.py:93} INFO - 25/03/20 13:54:37 INFO DAGScheduler: Submitting 1 missing tasks from ResultStage 0 (MapPartitionsRDD[1] at parquet at NativeMethodAccessorImpl.java:0) (first 15 tasks are for partitions Vector(0))
[2025-03-20T13:54:37.526+0000] {subprocess.py:93} INFO - 25/03/20 13:54:37 INFO TaskSchedulerImpl: Adding task set 0.0 with 1 tasks resource profile 0
[2025-03-20T13:54:37.563+0000] {subprocess.py:93} INFO - 25/03/20 13:54:37 INFO TaskSetManager: Starting task 0.0 in stage 0.0 (TID 0) (172.18.0.6, executor 0, partition 0, PROCESS_LOCAL, 7831 bytes)
[2025-03-20T13:54:37.914+0000] {subprocess.py:93} INFO - 25/03/20 13:54:37 INFO BlockManagerInfo: Added broadcast_0_piece0 in memory on 172.18.0.6:44695 (size: 37.2 KiB, free: 366.3 MiB)
[2025-03-20T13:54:40.384+0000] {subprocess.py:93} INFO - 25/03/20 13:54:40 INFO TaskSetManager: Finished task 0.0 in stage 0.0 (TID 0) in 2832 ms on 172.18.0.6 (executor 0) (1/1)
[2025-03-20T13:54:40.390+0000] {subprocess.py:93} INFO - 25/03/20 13:54:40 INFO TaskSchedulerImpl: Removed TaskSet 0.0, whose tasks have all completed, from pool
[2025-03-20T13:54:40.398+0000] {subprocess.py:93} INFO - 25/03/20 13:54:40 INFO DAGScheduler: ResultStage 0 (parquet at NativeMethodAccessorImpl.java:0) finished in 3.074 s
[2025-03-20T13:54:40.410+0000] {subprocess.py:93} INFO - 25/03/20 13:54:40 INFO DAGScheduler: Job 0 is finished. Cancelling potential speculative or zombie tasks for this job
[2025-03-20T13:54:40.411+0000] {subprocess.py:93} INFO - 25/03/20 13:54:40 INFO TaskSchedulerImpl: Killing all running tasks in stage 0: Stage finished
[2025-03-20T13:54:40.414+0000] {subprocess.py:93} INFO - 25/03/20 13:54:40 INFO DAGScheduler: Job 0 finished: parquet at NativeMethodAccessorImpl.java:0, took 3.182766 s
[2025-03-20T13:54:40.899+0000] {subprocess.py:93} INFO - 25/03/20 13:54:40 INFO BlockManagerInfo: Removed broadcast_0_piece0 on bcc1e3430c31:36923 in memory (size: 37.2 KiB, free: 366.3 MiB)
[2025-03-20T13:54:40.987+0000] {subprocess.py:93} INFO - 25/03/20 13:54:40 INFO BlockManagerInfo: Removed broadcast_0_piece0 on 172.18.0.6:44695 in memory (size: 37.2 KiB, free: 366.3 MiB)
[2025-03-20T13:54:43.263+0000] {subprocess.py:93} INFO - 25/03/20 13:54:43 INFO FileSourceStrategy: Pushed Filters: IsNotNull(amount),GreaterThan(amount,1000.0)
[2025-03-20T13:54:43.269+0000] {subprocess.py:93} INFO - 25/03/20 13:54:43 INFO FileSourceStrategy: Post-Scan Filters: isnotnull(amount#2),(amount#2 > 1000.0)
[2025-03-20T13:54:43.460+0000] {subprocess.py:93} INFO - 25/03/20 13:54:43 INFO ParquetUtils: Using default output committer for Parquet: org.apache.parquet.hadoop.ParquetOutputCommitter
[2025-03-20T13:54:43.479+0000] {subprocess.py:93} INFO - 25/03/20 13:54:43 INFO FileOutputCommitter: File Output Committer Algorithm version is 1
[2025-03-20T13:54:43.480+0000] {subprocess.py:93} INFO - 25/03/20 13:54:43 INFO FileOutputCommitter: FileOutputCommitter skip cleanup _temporary folders under output directory:false, ignore cleanup failures: false
[2025-03-20T13:54:43.481+0000] {subprocess.py:93} INFO - 25/03/20 13:54:43 INFO SQLHadoopMapReduceCommitProtocol: Using user defined output committer class org.apache.parquet.hadoop.ParquetOutputCommitter
[2025-03-20T13:54:43.482+0000] {subprocess.py:93} INFO - 25/03/20 13:54:43 INFO FileOutputCommitter: File Output Committer Algorithm version is 1
[2025-03-20T13:54:43.484+0000] {subprocess.py:93} INFO - 25/03/20 13:54:43 INFO FileOutputCommitter: FileOutputCommitter skip cleanup _temporary folders under output directory:false, ignore cleanup failures: false
[2025-03-20T13:54:43.484+0000] {subprocess.py:93} INFO - 25/03/20 13:54:43 INFO SQLHadoopMapReduceCommitProtocol: Using output committer class org.apache.parquet.hadoop.ParquetOutputCommitter
[2025-03-20T13:54:43.998+0000] {subprocess.py:93} INFO - 25/03/20 13:54:43 INFO CodeGenerator: Code generated in 340.209205 ms
[2025-03-20T13:54:44.029+0000] {subprocess.py:93} INFO - 25/03/20 13:54:44 INFO MemoryStore: Block broadcast_1 stored as values in memory (estimated size 357.5 KiB, free 366.0 MiB)
[2025-03-20T13:54:44.048+0000] {subprocess.py:93} INFO - 25/03/20 13:54:44 INFO MemoryStore: Block broadcast_1_piece0 stored as bytes in memory (estimated size 35.2 KiB, free 365.9 MiB)
[2025-03-20T13:54:44.049+0000] {subprocess.py:93} INFO - 25/03/20 13:54:44 INFO BlockManagerInfo: Added broadcast_1_piece0 in memory on bcc1e3430c31:36923 (size: 35.2 KiB, free: 366.3 MiB)
[2025-03-20T13:54:44.051+0000] {subprocess.py:93} INFO - 25/03/20 13:54:44 INFO SparkContext: Created broadcast 1 from parquet at NativeMethodAccessorImpl.java:0
[2025-03-20T13:54:44.098+0000] {subprocess.py:93} INFO - 25/03/20 13:54:44 INFO FileSourceScanExec: Planning scan with bin packing, max size: 4194304 bytes, open cost is considered as scanning 4194304 bytes.
[2025-03-20T13:54:44.152+0000] {subprocess.py:93} INFO - 25/03/20 13:54:44 INFO SparkContext: Starting job: parquet at NativeMethodAccessorImpl.java:0
[2025-03-20T13:54:44.153+0000] {subprocess.py:93} INFO - 25/03/20 13:54:44 INFO DAGScheduler: Got job 1 (parquet at NativeMethodAccessorImpl.java:0) with 1 output partitions
[2025-03-20T13:54:44.154+0000] {subprocess.py:93} INFO - 25/03/20 13:54:44 INFO DAGScheduler: Final stage: ResultStage 1 (parquet at NativeMethodAccessorImpl.java:0)
[2025-03-20T13:54:44.155+0000] {subprocess.py:93} INFO - 25/03/20 13:54:44 INFO DAGScheduler: Parents of final stage: List()
[2025-03-20T13:54:44.155+0000] {subprocess.py:93} INFO - 25/03/20 13:54:44 INFO DAGScheduler: Missing parents: List()
[2025-03-20T13:54:44.156+0000] {subprocess.py:93} INFO - 25/03/20 13:54:44 INFO DAGScheduler: Submitting ResultStage 1 (MapPartitionsRDD[5] at parquet at NativeMethodAccessorImpl.java:0), which has no missing parents
[2025-03-20T13:54:44.251+0000] {subprocess.py:93} INFO - 25/03/20 13:54:44 INFO MemoryStore: Block broadcast_2 stored as values in memory (estimated size 219.2 KiB, free 365.7 MiB)
[2025-03-20T13:54:44.256+0000] {subprocess.py:93} INFO - 25/03/20 13:54:44 INFO MemoryStore: Block broadcast_2_piece0 stored as bytes in memory (estimated size 77.5 KiB, free 365.6 MiB)
[2025-03-20T13:54:44.257+0000] {subprocess.py:93} INFO - 25/03/20 13:54:44 INFO BlockManagerInfo: Added broadcast_2_piece0 in memory on bcc1e3430c31:36923 (size: 77.5 KiB, free: 366.2 MiB)
[2025-03-20T13:54:44.260+0000] {subprocess.py:93} INFO - 25/03/20 13:54:44 INFO SparkContext: Created broadcast 2 from broadcast at DAGScheduler.scala:1580
[2025-03-20T13:54:44.261+0000] {subprocess.py:93} INFO - 25/03/20 13:54:44 INFO DAGScheduler: Submitting 1 missing tasks from ResultStage 1 (MapPartitionsRDD[5] at parquet at NativeMethodAccessorImpl.java:0) (first 15 tasks are for partitions Vector(0))
[2025-03-20T13:54:44.262+0000] {subprocess.py:93} INFO - 25/03/20 13:54:44 INFO TaskSchedulerImpl: Adding task set 1.0 with 1 tasks resource profile 0
[2025-03-20T13:54:44.270+0000] {subprocess.py:93} INFO - 25/03/20 13:54:44 INFO TaskSetManager: Starting task 0.0 in stage 1.0 (TID 1) (172.18.0.6, executor 0, partition 0, ANY, 8299 bytes)
[2025-03-20T13:54:44.331+0000] {subprocess.py:93} INFO - 25/03/20 13:54:44 INFO BlockManagerInfo: Added broadcast_2_piece0 in memory on 172.18.0.6:44695 (size: 77.5 KiB, free: 366.2 MiB)
[2025-03-20T13:54:45.872+0000] {subprocess.py:93} INFO - 25/03/20 13:54:45 INFO BlockManagerInfo: Added broadcast_1_piece0 in memory on 172.18.0.6:44695 (size: 35.2 KiB, free: 366.2 MiB)
[2025-03-20T13:54:46.504+0000] {subprocess.py:93} INFO - 25/03/20 13:54:46 INFO TaskSetManager: Finished task 0.0 in stage 1.0 (TID 1) in 2235 ms on 172.18.0.6 (executor 0) (1/1)
[2025-03-20T13:54:46.505+0000] {subprocess.py:93} INFO - 25/03/20 13:54:46 INFO TaskSchedulerImpl: Removed TaskSet 1.0, whose tasks have all completed, from pool
[2025-03-20T13:54:46.506+0000] {subprocess.py:93} INFO - 25/03/20 13:54:46 INFO DAGScheduler: ResultStage 1 (parquet at NativeMethodAccessorImpl.java:0) finished in 2.338 s
[2025-03-20T13:54:46.506+0000] {subprocess.py:93} INFO - 25/03/20 13:54:46 INFO DAGScheduler: Job 1 is finished. Cancelling potential speculative or zombie tasks for this job
[2025-03-20T13:54:46.507+0000] {subprocess.py:93} INFO - 25/03/20 13:54:46 INFO TaskSchedulerImpl: Killing all running tasks in stage 1: Stage finished
[2025-03-20T13:54:46.508+0000] {subprocess.py:93} INFO - 25/03/20 13:54:46 INFO DAGScheduler: Job 1 finished: parquet at NativeMethodAccessorImpl.java:0, took 2.355709 s
[2025-03-20T13:54:46.512+0000] {subprocess.py:93} INFO - 25/03/20 13:54:46 INFO FileFormatWriter: Start to commit write Job 5c24df2a-23ee-4b01-b607-312e6cf39a3d.
[2025-03-20T13:54:46.607+0000] {subprocess.py:93} INFO - 25/03/20 13:54:46 INFO FileFormatWriter: Write Job 5c24df2a-23ee-4b01-b607-312e6cf39a3d committed. Elapsed time: 92 ms.
[2025-03-20T13:54:46.614+0000] {subprocess.py:93} INFO - 25/03/20 13:54:46 INFO FileFormatWriter: Finished processing stats for write job 5c24df2a-23ee-4b01-b607-312e6cf39a3d.
[2025-03-20T13:54:46.621+0000] {subprocess.py:93} INFO - 25/03/20 13:54:46 INFO SparkContext: SparkContext is stopping with exitCode 0.
[2025-03-20T13:54:46.637+0000] {subprocess.py:93} INFO - 25/03/20 13:54:46 INFO SparkUI: Stopped Spark web UI at http://bcc1e3430c31:4040
[2025-03-20T13:54:46.648+0000] {subprocess.py:93} INFO - 25/03/20 13:54:46 INFO StandaloneSchedulerBackend: Shutting down all executors
[2025-03-20T13:54:46.649+0000] {subprocess.py:93} INFO - 25/03/20 13:54:46 INFO StandaloneSchedulerBackend$StandaloneDriverEndpoint: Asking each executor to shut down
[2025-03-20T13:54:46.689+0000] {subprocess.py:93} INFO - 25/03/20 13:54:46 INFO MapOutputTrackerMasterEndpoint: MapOutputTrackerMasterEndpoint stopped!
[2025-03-20T13:54:46.710+0000] {subprocess.py:93} INFO - 25/03/20 13:54:46 INFO MemoryStore: MemoryStore cleared
[2025-03-20T13:54:46.712+0000] {subprocess.py:93} INFO - 25/03/20 13:54:46 INFO BlockManager: BlockManager stopped
[2025-03-20T13:54:46.720+0000] {subprocess.py:93} INFO - 25/03/20 13:54:46 INFO BlockManagerMaster: BlockManagerMaster stopped
[2025-03-20T13:54:46.780+0000] {subprocess.py:93} INFO - 25/03/20 13:54:46 INFO OutputCommitCoordinator$OutputCommitCoordinatorEndpoint: OutputCommitCoordinator stopped!
[2025-03-20T13:54:46.788+0000] {subprocess.py:93} INFO - 25/03/20 13:54:46 INFO SparkContext: Successfully stopped SparkContext
[2025-03-20T13:54:46.864+0000] {subprocess.py:93} INFO - 25/03/20 13:54:46 INFO ShutdownHookManager: Shutdown hook called
[2025-03-20T13:54:46.865+0000] {subprocess.py:93} INFO - 25/03/20 13:54:46 INFO ShutdownHookManager: Deleting directory /tmp/spark-56ebf0a6-6082-4230-8f81-acf51d4f19eb
[2025-03-20T13:54:46.868+0000] {subprocess.py:93} INFO - 25/03/20 13:54:46 INFO ShutdownHookManager: Deleting directory /tmp/spark-56ebf0a6-6082-4230-8f81-acf51d4f19eb/pyspark-9ed40b6c-6542-443b-9e79-8ccca4ebe2da
[2025-03-20T13:54:46.871+0000] {subprocess.py:93} INFO - 25/03/20 13:54:46 INFO ShutdownHookManager: Deleting directory /tmp/spark-43ec94de-a385-4d86-8018-7e4816885d8d
[2025-03-20T13:54:46.947+0000] {subprocess.py:97} INFO - Command exited with return code 0
[2025-03-20T13:54:46.985+0000] {taskinstance.py:1398} INFO - Marking task as SUCCESS. dag_id=transactions_pipeline, task_id=detect_fraud, execution_date=20250320T135403, start_date=20250320T135422, end_date=20250320T135446
[2025-03-20T13:54:47.043+0000] {local_task_job_runner.py:228} INFO - Task exited with return code 0
[2025-03-20T13:54:47.066+0000] {taskinstance.py:2776} INFO - 0 downstream tasks scheduled from follow-on schedule check
