[2025-03-21T13:41:05.794+0000] {taskinstance.py:1157} INFO - Dependencies all met for dep_context=non-requeueable deps ti=<TaskInstance: transactions_pipeline.create_hive_table_batch_20250321_131546 scheduled__2025-03-21T13:32:39.231672+00:00 [queued]>
[2025-03-21T13:41:05.887+0000] {taskinstance.py:1157} INFO - Dependencies all met for dep_context=requeueable deps ti=<TaskInstance: transactions_pipeline.create_hive_table_batch_20250321_131546 scheduled__2025-03-21T13:32:39.231672+00:00 [queued]>
[2025-03-21T13:41:05.900+0000] {taskinstance.py:1359} INFO - Starting attempt 1 of 1
[2025-03-21T13:41:05.984+0000] {taskinstance.py:1380} INFO - Executing <Task(BashOperator): create_hive_table_batch_20250321_131546> on 2025-03-21 13:32:39.231672+00:00
[2025-03-21T13:41:06.001+0000] {standard_task_runner.py:57} INFO - Started process 3461 to run task
[2025-03-21T13:41:06.018+0000] {standard_task_runner.py:84} INFO - Running: ['***', 'tasks', 'run', 'transactions_pipeline', 'create_hive_table_batch_20250321_131546', 'scheduled__2025-03-21T13:32:39.231672+00:00', '--job-id', '674', '--raw', '--subdir', 'DAGS_FOLDER/fraud_detection_pipeline.py', '--cfg-path', '/tmp/tmpd2oef1eb']
[2025-03-21T13:41:06.029+0000] {standard_task_runner.py:85} INFO - Job 674: Subtask create_hive_table_batch_20250321_131546
[2025-03-21T13:41:06.960+0000] {task_command.py:415} INFO - Running <TaskInstance: transactions_pipeline.create_hive_table_batch_20250321_131546 scheduled__2025-03-21T13:32:39.231672+00:00 [running]> on host 1b7c3466167a
[2025-03-21T13:41:07.656+0000] {taskinstance.py:1660} INFO - Exporting env vars: AIRFLOW_CTX_DAG_EMAIL='rabiizahnoune7@gmail.com' AIRFLOW_CTX_DAG_OWNER='***' AIRFLOW_CTX_DAG_ID='transactions_pipeline' AIRFLOW_CTX_TASK_ID='create_hive_table_batch_20250321_131546' AIRFLOW_CTX_EXECUTION_DATE='2025-03-21T13:32:39.231672+00:00' AIRFLOW_CTX_TRY_NUMBER='1' AIRFLOW_CTX_DAG_RUN_ID='scheduled__2025-03-21T13:32:39.231672+00:00'
[2025-03-21T13:41:07.683+0000] {subprocess.py:63} INFO - Tmp dir root location: /tmp
[2025-03-21T13:41:07.690+0000] {subprocess.py:75} INFO - Running command: ['/bin/bash', '-c', '\n            docker exec hive beeline -u "jdbc:hive2://localhost:10000" --hiveconf hive.exec.dynamic.partition.mode=nonstrict -e "\n            CREATE EXTERNAL TABLE IF NOT EXISTS transactions (\n                transaction_id STRING,\n                date_time STRING,\n                amount DOUBLE,\n                currency STRING,\n                merchant_details STRING,\n                customer_id STRING,\n                transaction_type STRING,\n                location STRING\n            )\n            PARTITIONED BY (batch_id STRING)\n            STORED AS PARQUET;\n            ALTER TABLE transactions ADD IF NOT EXISTS PARTITION (batch_id=\'batch_20250321_131546\') LOCATION \'/data/transactions/transactions_batch_20250321_131546\';"\n            ']
[2025-03-21T13:41:07.766+0000] {subprocess.py:86} INFO - Output:
[2025-03-21T13:41:25.792+0000] {subprocess.py:93} INFO - SLF4J: Class path contains multiple SLF4J bindings.
[2025-03-21T13:41:25.793+0000] {subprocess.py:93} INFO - SLF4J: Found binding in [jar:file:/opt/hive/lib/log4j-slf4j-impl-2.17.1.jar!/org/slf4j/impl/StaticLoggerBinder.class]
[2025-03-21T13:41:25.795+0000] {subprocess.py:93} INFO - SLF4J: Found binding in [jar:file:/opt/hadoop/share/hadoop/common/lib/slf4j-log4j12-1.7.25.jar!/org/slf4j/impl/StaticLoggerBinder.class]
[2025-03-21T13:41:25.796+0000] {subprocess.py:93} INFO - SLF4J: See http://www.slf4j.org/codes.html#multiple_bindings for an explanation.
[2025-03-21T13:41:29.376+0000] {subprocess.py:93} INFO - SLF4J: Actual binding is of type [org.apache.logging.slf4j.Log4jLoggerFactory]
[2025-03-21T13:41:49.471+0000] {subprocess.py:93} INFO - Connecting to jdbc:hive2://localhost:10000
[2025-03-21T13:41:57.565+0000] {subprocess.py:93} INFO - Connected to: Apache Hive (version 3.1.3)
[2025-03-21T13:41:57.568+0000] {subprocess.py:93} INFO - Driver: Hive JDBC (version 3.1.3)
[2025-03-21T13:41:57.571+0000] {subprocess.py:93} INFO - Transaction isolation: TRANSACTION_REPEATABLE_READ
[2025-03-21T13:42:00.350+0000] {subprocess.py:93} INFO - INFO  : Compiling command(queryId=root_20250321134158_c88cb8a5-4066-483f-abc9-6550cd4358d5): CREATE EXTERNAL TABLE IF NOT EXISTS transactions (
[2025-03-21T13:42:00.351+0000] {subprocess.py:93} INFO -                 transaction_id STRING,
[2025-03-21T13:42:00.354+0000] {subprocess.py:93} INFO -                 date_time STRING,
[2025-03-21T13:42:00.356+0000] {subprocess.py:93} INFO -                 amount DOUBLE,
[2025-03-21T13:42:00.357+0000] {subprocess.py:93} INFO -                 currency STRING,
[2025-03-21T13:42:00.358+0000] {subprocess.py:93} INFO -                 merchant_details STRING,
[2025-03-21T13:42:00.359+0000] {subprocess.py:93} INFO -                 customer_id STRING,
[2025-03-21T13:42:00.361+0000] {subprocess.py:93} INFO -                 transaction_type STRING,
[2025-03-21T13:42:00.362+0000] {subprocess.py:93} INFO -                 location STRING
[2025-03-21T13:42:00.363+0000] {subprocess.py:93} INFO -             )
[2025-03-21T13:42:00.364+0000] {subprocess.py:93} INFO -             PARTITIONED BY (batch_id STRING)
[2025-03-21T13:42:00.365+0000] {subprocess.py:93} INFO -             STORED AS PARQUET
[2025-03-21T13:42:00.366+0000] {subprocess.py:93} INFO - INFO  : Concurrency mode is disabled, not creating a lock manager
[2025-03-21T13:42:00.366+0000] {subprocess.py:93} INFO - INFO  : Semantic Analysis Completed (retrial = false)
[2025-03-21T13:42:00.367+0000] {subprocess.py:93} INFO - INFO  : Returning Hive schema: Schema(fieldSchemas:null, properties:null)
[2025-03-21T13:42:00.373+0000] {subprocess.py:93} INFO - INFO  : Completed compiling command(queryId=root_20250321134158_c88cb8a5-4066-483f-abc9-6550cd4358d5); Time taken: 0.286 seconds
[2025-03-21T13:42:00.383+0000] {subprocess.py:93} INFO - INFO  : Concurrency mode is disabled, not creating a lock manager
[2025-03-21T13:42:00.386+0000] {subprocess.py:93} INFO - INFO  : Executing command(queryId=root_20250321134158_c88cb8a5-4066-483f-abc9-6550cd4358d5): CREATE EXTERNAL TABLE IF NOT EXISTS transactions (
[2025-03-21T13:42:00.387+0000] {subprocess.py:93} INFO -                 transaction_id STRING,
[2025-03-21T13:42:00.388+0000] {subprocess.py:93} INFO -                 date_time STRING,
[2025-03-21T13:42:00.389+0000] {subprocess.py:93} INFO -                 amount DOUBLE,
[2025-03-21T13:42:00.390+0000] {subprocess.py:93} INFO -                 currency STRING,
[2025-03-21T13:42:00.390+0000] {subprocess.py:93} INFO -                 merchant_details STRING,
[2025-03-21T13:42:00.391+0000] {subprocess.py:93} INFO -                 customer_id STRING,
[2025-03-21T13:42:00.391+0000] {subprocess.py:93} INFO -                 transaction_type STRING,
[2025-03-21T13:42:00.391+0000] {subprocess.py:93} INFO -                 location STRING
[2025-03-21T13:42:00.392+0000] {subprocess.py:93} INFO -             )
[2025-03-21T13:42:00.392+0000] {subprocess.py:93} INFO -             PARTITIONED BY (batch_id STRING)
[2025-03-21T13:42:00.393+0000] {subprocess.py:93} INFO -             STORED AS PARQUET
[2025-03-21T13:42:00.393+0000] {subprocess.py:93} INFO - INFO  : Completed executing command(queryId=root_20250321134158_c88cb8a5-4066-483f-abc9-6550cd4358d5); Time taken: 0.001 seconds
[2025-03-21T13:42:00.394+0000] {subprocess.py:93} INFO - INFO  : OK
[2025-03-21T13:42:00.395+0000] {subprocess.py:93} INFO - INFO  : Concurrency mode is disabled, not creating a lock manager
[2025-03-21T13:42:00.396+0000] {subprocess.py:93} INFO - No rows affected (2.409 seconds)
[2025-03-21T13:42:02.047+0000] {subprocess.py:93} INFO - INFO  : Compiling command(queryId=root_20250321134200_af292617-b1bf-4a36-82df-e9ce509821cd): ALTER TABLE transactions ADD IF NOT EXISTS PARTITION (batch_id='batch_20250321_131546') LOCATION '/data/transactions/transactions_batch_20250321_131546'
[2025-03-21T13:42:02.049+0000] {subprocess.py:93} INFO - INFO  : Concurrency mode is disabled, not creating a lock manager
[2025-03-21T13:42:02.050+0000] {subprocess.py:93} INFO - INFO  : Semantic Analysis Completed (retrial = false)
[2025-03-21T13:42:02.051+0000] {subprocess.py:93} INFO - INFO  : Returning Hive schema: Schema(fieldSchemas:null, properties:null)
[2025-03-21T13:42:02.054+0000] {subprocess.py:93} INFO - INFO  : Completed compiling command(queryId=root_20250321134200_af292617-b1bf-4a36-82df-e9ce509821cd); Time taken: 0.119 seconds
[2025-03-21T13:42:02.055+0000] {subprocess.py:93} INFO - INFO  : Concurrency mode is disabled, not creating a lock manager
[2025-03-21T13:42:02.058+0000] {subprocess.py:93} INFO - INFO  : Executing command(queryId=root_20250321134200_af292617-b1bf-4a36-82df-e9ce509821cd): ALTER TABLE transactions ADD IF NOT EXISTS PARTITION (batch_id='batch_20250321_131546') LOCATION '/data/transactions/transactions_batch_20250321_131546'
[2025-03-21T13:42:02.061+0000] {subprocess.py:93} INFO - INFO  : Starting task [Stage-0:DDL] in serial mode
[2025-03-21T13:42:02.063+0000] {subprocess.py:93} INFO - INFO  : Completed executing command(queryId=root_20250321134200_af292617-b1bf-4a36-82df-e9ce509821cd); Time taken: 0.402 seconds
[2025-03-21T13:42:02.065+0000] {subprocess.py:93} INFO - INFO  : OK
[2025-03-21T13:42:02.066+0000] {subprocess.py:93} INFO - INFO  : Concurrency mode is disabled, not creating a lock manager
[2025-03-21T13:42:02.069+0000] {subprocess.py:93} INFO - No rows affected (1.431 seconds)
[2025-03-21T13:42:02.082+0000] {subprocess.py:93} INFO - Beeline version 3.1.3 by Apache Hive
[2025-03-21T13:42:02.157+0000] {subprocess.py:93} INFO - Closing: 0: jdbc:hive2://localhost:10000
[2025-03-21T13:42:02.854+0000] {subprocess.py:97} INFO - Command exited with return code 0
[2025-03-21T13:42:03.024+0000] {taskinstance.py:1398} INFO - Marking task as SUCCESS. dag_id=transactions_pipeline, task_id=create_hive_table_batch_20250321_131546, execution_date=20250321T133239, start_date=20250321T134105, end_date=20250321T134203
[2025-03-21T13:42:03.348+0000] {local_task_job_runner.py:228} INFO - Task exited with return code 0
[2025-03-21T13:42:04.017+0000] {taskinstance.py:2776} INFO - 1 downstream tasks scheduled from follow-on schedule check
