[2025-03-21T15:52:33.072+0000] {taskinstance.py:1157} INFO - Dependencies all met for dep_context=non-requeueable deps ti=<TaskInstance: transactions_pipeline.list_unprocessed_files scheduled__2025-03-21T15:44:27.968260+00:00 [queued]>
[2025-03-21T15:52:33.086+0000] {taskinstance.py:1157} INFO - Dependencies all met for dep_context=requeueable deps ti=<TaskInstance: transactions_pipeline.list_unprocessed_files scheduled__2025-03-21T15:44:27.968260+00:00 [queued]>
[2025-03-21T15:52:33.086+0000] {taskinstance.py:1359} INFO - Starting attempt 1 of 1
[2025-03-21T15:52:33.106+0000] {taskinstance.py:1380} INFO - Executing <Task(PythonOperator): list_unprocessed_files> on 2025-03-21 15:44:27.968260+00:00
[2025-03-21T15:52:33.113+0000] {standard_task_runner.py:57} INFO - Started process 226 to run task
[2025-03-21T15:52:33.118+0000] {standard_task_runner.py:84} INFO - Running: ['***', 'tasks', 'run', 'transactions_pipeline', 'list_unprocessed_files', 'scheduled__2025-03-21T15:44:27.968260+00:00', '--job-id', '847', '--raw', '--subdir', 'DAGS_FOLDER/fraud_detection_pipeline.py', '--cfg-path', '/tmp/tmpti7hz8h9']
[2025-03-21T15:52:33.122+0000] {standard_task_runner.py:85} INFO - Job 847: Subtask list_unprocessed_files
[2025-03-21T15:52:33.188+0000] {task_command.py:415} INFO - Running <TaskInstance: transactions_pipeline.list_unprocessed_files scheduled__2025-03-21T15:44:27.968260+00:00 [running]> on host 31abf5c063d1
[2025-03-21T15:52:33.347+0000] {taskinstance.py:1660} INFO - Exporting env vars: AIRFLOW_CTX_DAG_OWNER='***' AIRFLOW_CTX_DAG_ID='transactions_pipeline' AIRFLOW_CTX_TASK_ID='list_unprocessed_files' AIRFLOW_CTX_EXECUTION_DATE='2025-03-21T15:44:27.968260+00:00' AIRFLOW_CTX_TRY_NUMBER='1' AIRFLOW_CTX_DAG_RUN_ID='scheduled__2025-03-21T15:44:27.968260+00:00'
[2025-03-21T15:52:33.490+0000] {fraud_detection_pipeline.py:132} INFO - Listing files in /data/transactions
[2025-03-21T15:52:33.611+0000] {fraud_detection_pipeline.py:138} INFO - Command stdout: '/data/transactions/transactions_batch_20250321_155012.parquet
'
[2025-03-21T15:52:33.612+0000] {fraud_detection_pipeline.py:139} INFO - Command stderr: ''
[2025-03-21T15:52:33.613+0000] {fraud_detection_pipeline.py:140} INFO - Command return code: 0
[2025-03-21T15:52:33.924+0000] {fraud_detection_pipeline.py:50} ERROR - Failed to send Discord message: 400 - {"webhook_id": ["Value \"XXXXX\" is not snowflake."]}
[2025-03-21T15:52:33.928+0000] {fraud_detection_pipeline.py:165} INFO - Found unprocessed files: ['/data/transactions/transactions_batch_20250321_155012.parquet']
[2025-03-21T15:52:33.930+0000] {python.py:194} INFO - Done. Returned value was: ['/data/transactions/transactions_batch_20250321_155012.parquet']
[2025-03-21T15:52:33.976+0000] {taskinstance.py:1398} INFO - Marking task as SUCCESS. dag_id=transactions_pipeline, task_id=list_unprocessed_files, execution_date=20250321T154427, start_date=20250321T155233, end_date=20250321T155233
[2025-03-21T15:52:33.989+0000] {logging_mixin.py:151} WARNING - /home/***/.local/lib/python3.8/site-packages/***/utils/context.py:206 AirflowContextDeprecationWarning: Accessing 'execution_date' from the template is deprecated and will be removed in a future version. Please use 'data_interval_start' or 'logical_date' instead.
[2025-03-21T15:52:34.244+0000] {fraud_detection_pipeline.py:50} ERROR - Failed to send Discord message: 400 - {"webhook_id": ["Value \"XXXXX\" is not snowflake."]}
[2025-03-21T15:52:34.303+0000] {local_task_job_runner.py:228} INFO - Task exited with return code 0
[2025-03-21T15:52:34.363+0000] {taskinstance.py:2776} INFO - 1 downstream tasks scheduled from follow-on schedule check
