[2025-03-21T14:05:43.919+0000] {taskinstance.py:1157} INFO - Dependencies all met for dep_context=non-requeueable deps ti=<TaskInstance: transactions_pipeline.create_hive_table_batch_20250321_140510 manual__2025-03-21T14:05:25.008554+00:00 [queued]>
[2025-03-21T14:05:43.936+0000] {taskinstance.py:1157} INFO - Dependencies all met for dep_context=requeueable deps ti=<TaskInstance: transactions_pipeline.create_hive_table_batch_20250321_140510 manual__2025-03-21T14:05:25.008554+00:00 [queued]>
[2025-03-21T14:05:43.937+0000] {taskinstance.py:1359} INFO - Starting attempt 1 of 1
[2025-03-21T14:05:43.966+0000] {taskinstance.py:1380} INFO - Executing <Task(BashOperator): create_hive_table_batch_20250321_140510> on 2025-03-21 14:05:25.008554+00:00
[2025-03-21T14:05:43.974+0000] {standard_task_runner.py:57} INFO - Started process 2503 to run task
[2025-03-21T14:05:43.991+0000] {standard_task_runner.py:84} INFO - Running: ['***', 'tasks', 'run', 'transactions_pipeline', 'create_hive_table_batch_20250321_140510', 'manual__2025-03-21T14:05:25.008554+00:00', '--job-id', '760', '--raw', '--subdir', 'DAGS_FOLDER/fraud_detection_pipeline.py', '--cfg-path', '/tmp/tmp3tj233pk']
[2025-03-21T14:05:43.997+0000] {standard_task_runner.py:85} INFO - Job 760: Subtask create_hive_table_batch_20250321_140510
[2025-03-21T14:05:44.142+0000] {task_command.py:415} INFO - Running <TaskInstance: transactions_pipeline.create_hive_table_batch_20250321_140510 manual__2025-03-21T14:05:25.008554+00:00 [running]> on host e95638583d4d
[2025-03-21T14:05:44.266+0000] {taskinstance.py:1660} INFO - Exporting env vars: AIRFLOW_CTX_DAG_EMAIL='rabiizahnoune7@gmail.com' AIRFLOW_CTX_DAG_OWNER='***' AIRFLOW_CTX_DAG_ID='transactions_pipeline' AIRFLOW_CTX_TASK_ID='create_hive_table_batch_20250321_140510' AIRFLOW_CTX_EXECUTION_DATE='2025-03-21T14:05:25.008554+00:00' AIRFLOW_CTX_TRY_NUMBER='1' AIRFLOW_CTX_DAG_RUN_ID='manual__2025-03-21T14:05:25.008554+00:00'
[2025-03-21T14:05:44.268+0000] {subprocess.py:63} INFO - Tmp dir root location: /tmp
[2025-03-21T14:05:44.269+0000] {subprocess.py:75} INFO - Running command: ['/bin/bash', '-c', '\n            docker exec hive beeline -u "jdbc:hive2://localhost:10000" --hiveconf hive.exec.dynamic.partition.mode=nonstrict -e "\n            CREATE EXTERNAL TABLE IF NOT EXISTS transactions (\n                transaction_id STRING,\n                date_time STRING,\n                amount DOUBLE,\n                currency STRING,\n                merchant_details STRING,\n                customer_id STRING,\n                transaction_type STRING,\n                location STRING\n            )\n            PARTITIONED BY (batch_id STRING)\n            STORED AS PARQUET;\n            ALTER TABLE transactions ADD IF NOT EXISTS PARTITION (batch_id=\'batch_20250321_140510\') LOCATION \'/data/transactions/transactions_batch_20250321_140510\';"\n            ']
[2025-03-21T14:05:44.283+0000] {subprocess.py:86} INFO - Output:
[2025-03-21T14:05:46.583+0000] {subprocess.py:93} INFO - SLF4J: Class path contains multiple SLF4J bindings.
[2025-03-21T14:05:46.588+0000] {subprocess.py:93} INFO - SLF4J: Found binding in [jar:file:/opt/hive/lib/log4j-slf4j-impl-2.17.1.jar!/org/slf4j/impl/StaticLoggerBinder.class]
[2025-03-21T14:05:46.588+0000] {subprocess.py:93} INFO - SLF4J: Found binding in [jar:file:/opt/hadoop/share/hadoop/common/lib/slf4j-log4j12-1.7.25.jar!/org/slf4j/impl/StaticLoggerBinder.class]
[2025-03-21T14:05:46.589+0000] {subprocess.py:93} INFO - SLF4J: See http://www.slf4j.org/codes.html#multiple_bindings for an explanation.
[2025-03-21T14:05:47.286+0000] {subprocess.py:93} INFO - SLF4J: Actual binding is of type [org.apache.logging.slf4j.Log4jLoggerFactory]
[2025-03-21T14:05:50.099+0000] {subprocess.py:93} INFO - Connecting to jdbc:hive2://localhost:10000
[2025-03-21T14:05:50.765+0000] {subprocess.py:93} INFO - Connected to: Apache Hive (version 3.1.3)
[2025-03-21T14:05:50.766+0000] {subprocess.py:93} INFO - Driver: Hive JDBC (version 3.1.3)
[2025-03-21T14:05:50.769+0000] {subprocess.py:93} INFO - Transaction isolation: TRANSACTION_REPEATABLE_READ
[2025-03-21T14:05:51.166+0000] {subprocess.py:93} INFO - INFO  : Compiling command(queryId=root_20250321140550_33a1e0bd-e520-44e5-bf63-cc92a6b2ea12): CREATE EXTERNAL TABLE IF NOT EXISTS transactions (
[2025-03-21T14:05:51.167+0000] {subprocess.py:93} INFO -                 transaction_id STRING,
[2025-03-21T14:05:51.168+0000] {subprocess.py:93} INFO -                 date_time STRING,
[2025-03-21T14:05:51.169+0000] {subprocess.py:93} INFO -                 amount DOUBLE,
[2025-03-21T14:05:51.171+0000] {subprocess.py:93} INFO -                 currency STRING,
[2025-03-21T14:05:51.173+0000] {subprocess.py:93} INFO -                 merchant_details STRING,
[2025-03-21T14:05:51.174+0000] {subprocess.py:93} INFO -                 customer_id STRING,
[2025-03-21T14:05:51.176+0000] {subprocess.py:93} INFO -                 transaction_type STRING,
[2025-03-21T14:05:51.178+0000] {subprocess.py:93} INFO -                 location STRING
[2025-03-21T14:05:51.181+0000] {subprocess.py:93} INFO -             )
[2025-03-21T14:05:51.183+0000] {subprocess.py:93} INFO -             PARTITIONED BY (batch_id STRING)
[2025-03-21T14:05:51.184+0000] {subprocess.py:93} INFO -             STORED AS PARQUET
[2025-03-21T14:05:51.184+0000] {subprocess.py:93} INFO - INFO  : Concurrency mode is disabled, not creating a lock manager
[2025-03-21T14:05:51.186+0000] {subprocess.py:93} INFO - INFO  : Semantic Analysis Completed (retrial = false)
[2025-03-21T14:05:51.186+0000] {subprocess.py:93} INFO - INFO  : Returning Hive schema: Schema(fieldSchemas:null, properties:null)
[2025-03-21T14:05:51.187+0000] {subprocess.py:93} INFO - INFO  : Completed compiling command(queryId=root_20250321140550_33a1e0bd-e520-44e5-bf63-cc92a6b2ea12); Time taken: 0.027 seconds
[2025-03-21T14:05:51.188+0000] {subprocess.py:93} INFO - INFO  : Concurrency mode is disabled, not creating a lock manager
[2025-03-21T14:05:51.189+0000] {subprocess.py:93} INFO - INFO  : Executing command(queryId=root_20250321140550_33a1e0bd-e520-44e5-bf63-cc92a6b2ea12): CREATE EXTERNAL TABLE IF NOT EXISTS transactions (
[2025-03-21T14:05:51.190+0000] {subprocess.py:93} INFO -                 transaction_id STRING,
[2025-03-21T14:05:51.191+0000] {subprocess.py:93} INFO -                 date_time STRING,
[2025-03-21T14:05:51.192+0000] {subprocess.py:93} INFO -                 amount DOUBLE,
[2025-03-21T14:05:51.193+0000] {subprocess.py:93} INFO -                 currency STRING,
[2025-03-21T14:05:51.194+0000] {subprocess.py:93} INFO -                 merchant_details STRING,
[2025-03-21T14:05:51.198+0000] {subprocess.py:93} INFO -                 customer_id STRING,
[2025-03-21T14:05:51.199+0000] {subprocess.py:93} INFO -                 transaction_type STRING,
[2025-03-21T14:05:51.199+0000] {subprocess.py:93} INFO -                 location STRING
[2025-03-21T14:05:51.200+0000] {subprocess.py:93} INFO -             )
[2025-03-21T14:05:51.201+0000] {subprocess.py:93} INFO -             PARTITIONED BY (batch_id STRING)
[2025-03-21T14:05:51.202+0000] {subprocess.py:93} INFO -             STORED AS PARQUET
[2025-03-21T14:05:51.202+0000] {subprocess.py:93} INFO - INFO  : Completed executing command(queryId=root_20250321140550_33a1e0bd-e520-44e5-bf63-cc92a6b2ea12); Time taken: 0.001 seconds
[2025-03-21T14:05:51.203+0000] {subprocess.py:93} INFO - INFO  : OK
[2025-03-21T14:05:51.204+0000] {subprocess.py:93} INFO - INFO  : Concurrency mode is disabled, not creating a lock manager
[2025-03-21T14:05:51.205+0000] {subprocess.py:93} INFO - No rows affected (0.386 seconds)
[2025-03-21T14:05:51.467+0000] {subprocess.py:93} INFO - INFO  : Compiling command(queryId=root_20250321140551_22bf47fa-2616-4cc3-8b66-61e00aeee3c0): ALTER TABLE transactions ADD IF NOT EXISTS PARTITION (batch_id='batch_20250321_140510') LOCATION '/data/transactions/transactions_batch_20250321_140510'
[2025-03-21T14:05:51.469+0000] {subprocess.py:93} INFO - INFO  : Concurrency mode is disabled, not creating a lock manager
[2025-03-21T14:05:51.470+0000] {subprocess.py:93} INFO - INFO  : Semantic Analysis Completed (retrial = false)
[2025-03-21T14:05:51.472+0000] {subprocess.py:93} INFO - INFO  : Returning Hive schema: Schema(fieldSchemas:null, properties:null)
[2025-03-21T14:05:51.473+0000] {subprocess.py:93} INFO - INFO  : Completed compiling command(queryId=root_20250321140551_22bf47fa-2616-4cc3-8b66-61e00aeee3c0); Time taken: 0.018 seconds
[2025-03-21T14:05:51.474+0000] {subprocess.py:93} INFO - INFO  : Concurrency mode is disabled, not creating a lock manager
[2025-03-21T14:05:51.475+0000] {subprocess.py:93} INFO - INFO  : Executing command(queryId=root_20250321140551_22bf47fa-2616-4cc3-8b66-61e00aeee3c0): ALTER TABLE transactions ADD IF NOT EXISTS PARTITION (batch_id='batch_20250321_140510') LOCATION '/data/transactions/transactions_batch_20250321_140510'
[2025-03-21T14:05:51.476+0000] {subprocess.py:93} INFO - INFO  : Starting task [Stage-0:DDL] in serial mode
[2025-03-21T14:05:51.478+0000] {subprocess.py:93} INFO - INFO  : Completed executing command(queryId=root_20250321140551_22bf47fa-2616-4cc3-8b66-61e00aeee3c0); Time taken: 0.142 seconds
[2025-03-21T14:05:51.479+0000] {subprocess.py:93} INFO - INFO  : OK
[2025-03-21T14:05:51.480+0000] {subprocess.py:93} INFO - INFO  : Concurrency mode is disabled, not creating a lock manager
[2025-03-21T14:05:51.482+0000] {subprocess.py:93} INFO - No rows affected (0.263 seconds)
[2025-03-21T14:05:51.482+0000] {subprocess.py:93} INFO - Beeline version 3.1.3 by Apache Hive
[2025-03-21T14:05:51.499+0000] {subprocess.py:93} INFO - Closing: 0: jdbc:hive2://localhost:10000
[2025-03-21T14:05:51.696+0000] {subprocess.py:97} INFO - Command exited with return code 0
[2025-03-21T14:05:51.774+0000] {taskinstance.py:1398} INFO - Marking task as SUCCESS. dag_id=transactions_pipeline, task_id=create_hive_table_batch_20250321_140510, execution_date=20250321T140525, start_date=20250321T140543, end_date=20250321T140551
[2025-03-21T14:05:51.852+0000] {local_task_job_runner.py:228} INFO - Task exited with return code 0
[2025-03-21T14:05:51.928+0000] {taskinstance.py:2776} INFO - 1 downstream tasks scheduled from follow-on schedule check
