[2025-03-19T20:18:05.664+0000] {taskinstance.py:1157} INFO - Dependencies all met for dep_context=non-requeueable deps ti=<TaskInstance: transactions_pipeline.detect_fraud manual__2025-03-19T20:17:47.616983+00:00 [queued]>
[2025-03-19T20:18:05.680+0000] {taskinstance.py:1157} INFO - Dependencies all met for dep_context=requeueable deps ti=<TaskInstance: transactions_pipeline.detect_fraud manual__2025-03-19T20:17:47.616983+00:00 [queued]>
[2025-03-19T20:18:05.681+0000] {taskinstance.py:1359} INFO - Starting attempt 1 of 1
[2025-03-19T20:18:05.715+0000] {taskinstance.py:1380} INFO - Executing <Task(BashOperator): detect_fraud> on 2025-03-19 20:17:47.616983+00:00
[2025-03-19T20:18:05.724+0000] {standard_task_runner.py:57} INFO - Started process 674 to run task
[2025-03-19T20:18:05.728+0000] {standard_task_runner.py:84} INFO - Running: ['***', 'tasks', 'run', 'transactions_pipeline', 'detect_fraud', 'manual__2025-03-19T20:17:47.616983+00:00', '--job-id', '164', '--raw', '--subdir', 'DAGS_FOLDER/fraud_detection_pipeline.py', '--cfg-path', '/tmp/tmpp79jvm1u']
[2025-03-19T20:18:05.732+0000] {standard_task_runner.py:85} INFO - Job 164: Subtask detect_fraud
[2025-03-19T20:18:05.809+0000] {task_command.py:415} INFO - Running <TaskInstance: transactions_pipeline.detect_fraud manual__2025-03-19T20:17:47.616983+00:00 [running]> on host 0e4ef2b1f1f9
[2025-03-19T20:18:06.056+0000] {taskinstance.py:1660} INFO - Exporting env vars: AIRFLOW_CTX_DAG_OWNER='***' AIRFLOW_CTX_DAG_ID='transactions_pipeline' AIRFLOW_CTX_TASK_ID='detect_fraud' AIRFLOW_CTX_EXECUTION_DATE='2025-03-19T20:17:47.616983+00:00' AIRFLOW_CTX_TRY_NUMBER='1' AIRFLOW_CTX_DAG_RUN_ID='manual__2025-03-19T20:17:47.616983+00:00'
[2025-03-19T20:18:06.075+0000] {subprocess.py:63} INFO - Tmp dir root location: /tmp
[2025-03-19T20:18:06.078+0000] {subprocess.py:75} INFO - Running command: ['/bin/bash', '-c', '\n    docker exec hive beeline -u "jdbc:hive2://localhost:10000" --hiveconf hive.exec.dynamic.partition.mode=nonstrict -e"\n    CREATE TABLE IF NOT EXISTS fraud_detections (\n        transaction_id STRING,\n        date_time STRING,\n        amount DOUBLE,\n        customer_id STRING,\n        location STRING,\n        fraud_reason STRING\n    )\n    STORED AS PARQUET\n    LOCATION \'/data/fraud_detections\';\n    INSERT INTO TABLE fraud_detections\n    SELECT\n        t.transaction_id,\n        t.date_time,\n        t.amount,\n        t.customer_id,\n        t.location,\n        \'High Amount\' AS fraud_reason\n    FROM transactions t\n    WHERE t.batch_id = \'batch_0\'\n    AND t.amount > 1000;"\n    ']
[2025-03-19T20:18:06.108+0000] {subprocess.py:86} INFO - Output:
[2025-03-19T20:18:07.450+0000] {subprocess.py:93} INFO - SLF4J: Class path contains multiple SLF4J bindings.
[2025-03-19T20:18:07.451+0000] {subprocess.py:93} INFO - SLF4J: Found binding in [jar:file:/opt/hive/lib/log4j-slf4j-impl-2.17.1.jar!/org/slf4j/impl/StaticLoggerBinder.class]
[2025-03-19T20:18:07.452+0000] {subprocess.py:93} INFO - SLF4J: Found binding in [jar:file:/opt/hadoop/share/hadoop/common/lib/slf4j-log4j12-1.7.25.jar!/org/slf4j/impl/StaticLoggerBinder.class]
[2025-03-19T20:18:07.453+0000] {subprocess.py:93} INFO - SLF4J: See http://www.slf4j.org/codes.html#multiple_bindings for an explanation.
[2025-03-19T20:18:07.718+0000] {subprocess.py:93} INFO - SLF4J: Actual binding is of type [org.apache.logging.slf4j.Log4jLoggerFactory]
[2025-03-19T20:18:09.094+0000] {subprocess.py:93} INFO - Connecting to jdbc:hive2://localhost:10000
[2025-03-19T20:18:09.297+0000] {subprocess.py:93} INFO - Connected to: Apache Hive (version 3.1.3)
[2025-03-19T20:18:09.298+0000] {subprocess.py:93} INFO - Driver: Hive JDBC (version 3.1.3)
[2025-03-19T20:18:09.299+0000] {subprocess.py:93} INFO - Transaction isolation: TRANSACTION_REPEATABLE_READ
[2025-03-19T20:18:09.398+0000] {subprocess.py:93} INFO - INFO  : Compiling command(queryId=root_20250319201809_04e05f5a-3b9d-4c2b-ba86-576445f0d97a): CREATE TABLE IF NOT EXISTS fraud_detections (
[2025-03-19T20:18:09.399+0000] {subprocess.py:93} INFO -         transaction_id STRING,
[2025-03-19T20:18:09.401+0000] {subprocess.py:93} INFO -         date_time STRING,
[2025-03-19T20:18:09.402+0000] {subprocess.py:93} INFO -         amount DOUBLE,
[2025-03-19T20:18:09.402+0000] {subprocess.py:93} INFO -         customer_id STRING,
[2025-03-19T20:18:09.403+0000] {subprocess.py:93} INFO -         location STRING,
[2025-03-19T20:18:09.404+0000] {subprocess.py:93} INFO -         fraud_reason STRING
[2025-03-19T20:18:09.405+0000] {subprocess.py:93} INFO -     )
[2025-03-19T20:18:09.406+0000] {subprocess.py:93} INFO -     STORED AS PARQUET
[2025-03-19T20:18:09.406+0000] {subprocess.py:93} INFO -     LOCATION '/data/fraud_detections'
[2025-03-19T20:18:09.407+0000] {subprocess.py:93} INFO - INFO  : Concurrency mode is disabled, not creating a lock manager
[2025-03-19T20:18:09.408+0000] {subprocess.py:93} INFO - INFO  : Semantic Analysis Completed (retrial = false)
[2025-03-19T20:18:09.408+0000] {subprocess.py:93} INFO - INFO  : Returning Hive schema: Schema(fieldSchemas:null, properties:null)
[2025-03-19T20:18:09.409+0000] {subprocess.py:93} INFO - INFO  : Completed compiling command(queryId=root_20250319201809_04e05f5a-3b9d-4c2b-ba86-576445f0d97a); Time taken: 0.014 seconds
[2025-03-19T20:18:09.410+0000] {subprocess.py:93} INFO - INFO  : Concurrency mode is disabled, not creating a lock manager
[2025-03-19T20:18:09.411+0000] {subprocess.py:93} INFO - INFO  : Executing command(queryId=root_20250319201809_04e05f5a-3b9d-4c2b-ba86-576445f0d97a): CREATE TABLE IF NOT EXISTS fraud_detections (
[2025-03-19T20:18:09.411+0000] {subprocess.py:93} INFO -         transaction_id STRING,
[2025-03-19T20:18:09.412+0000] {subprocess.py:93} INFO -         date_time STRING,
[2025-03-19T20:18:09.413+0000] {subprocess.py:93} INFO -         amount DOUBLE,
[2025-03-19T20:18:09.413+0000] {subprocess.py:93} INFO -         customer_id STRING,
[2025-03-19T20:18:09.414+0000] {subprocess.py:93} INFO -         location STRING,
[2025-03-19T20:18:09.415+0000] {subprocess.py:93} INFO -         fraud_reason STRING
[2025-03-19T20:18:09.416+0000] {subprocess.py:93} INFO -     )
[2025-03-19T20:18:09.416+0000] {subprocess.py:93} INFO -     STORED AS PARQUET
[2025-03-19T20:18:09.417+0000] {subprocess.py:93} INFO -     LOCATION '/data/fraud_detections'
[2025-03-19T20:18:09.418+0000] {subprocess.py:93} INFO - INFO  : Completed executing command(queryId=root_20250319201809_04e05f5a-3b9d-4c2b-ba86-576445f0d97a); Time taken: 0.0 seconds
[2025-03-19T20:18:09.418+0000] {subprocess.py:93} INFO - INFO  : OK
[2025-03-19T20:18:09.419+0000] {subprocess.py:93} INFO - INFO  : Concurrency mode is disabled, not creating a lock manager
[2025-03-19T20:18:09.420+0000] {subprocess.py:93} INFO - No rows affected (0.09 seconds)
[2025-03-19T20:18:10.708+0000] {subprocess.py:93} INFO - INFO  : Compiling command(queryId=root_20250319201809_74c42ad5-301c-40a7-919a-e821b4b678cc): INSERT INTO TABLE fraud_detections
[2025-03-19T20:18:10.709+0000] {subprocess.py:93} INFO -     SELECT
[2025-03-19T20:18:10.710+0000] {subprocess.py:93} INFO -         t.transaction_id,
[2025-03-19T20:18:10.710+0000] {subprocess.py:93} INFO -         t.date_time,
[2025-03-19T20:18:10.711+0000] {subprocess.py:93} INFO -         t.amount,
[2025-03-19T20:18:10.712+0000] {subprocess.py:93} INFO -         t.customer_id,
[2025-03-19T20:18:10.712+0000] {subprocess.py:93} INFO -         t.location,
[2025-03-19T20:18:10.713+0000] {subprocess.py:93} INFO -         'High Amount' AS fraud_reason
[2025-03-19T20:18:10.714+0000] {subprocess.py:93} INFO -     FROM transactions t
[2025-03-19T20:18:10.714+0000] {subprocess.py:93} INFO -     WHERE t.batch_id = 'batch_0'
[2025-03-19T20:18:10.715+0000] {subprocess.py:93} INFO -     AND t.amount > 1000
[2025-03-19T20:18:10.715+0000] {subprocess.py:93} INFO - INFO  : Concurrency mode is disabled, not creating a lock manager
[2025-03-19T20:18:10.716+0000] {subprocess.py:93} INFO - INFO  : Semantic Analysis Completed (retrial = false)
[2025-03-19T20:18:10.717+0000] {subprocess.py:93} INFO - INFO  : Returning Hive schema: Schema(fieldSchemas:[FieldSchema(name:t.transaction_id, type:string, comment:null), FieldSchema(name:t.date_time, type:string, comment:null), FieldSchema(name:t.amount, type:double, comment:null), FieldSchema(name:t.customer_id, type:string, comment:null), FieldSchema(name:t.location, type:string, comment:null), FieldSchema(name:fraud_reason, type:string, comment:null)], properties:null)
[2025-03-19T20:18:10.717+0000] {subprocess.py:93} INFO - INFO  : Completed compiling command(queryId=root_20250319201809_74c42ad5-301c-40a7-919a-e821b4b678cc); Time taken: 0.265 seconds
[2025-03-19T20:18:10.718+0000] {subprocess.py:93} INFO - INFO  : Concurrency mode is disabled, not creating a lock manager
[2025-03-19T20:18:10.719+0000] {subprocess.py:93} INFO - INFO  : Executing command(queryId=root_20250319201809_74c42ad5-301c-40a7-919a-e821b4b678cc): INSERT INTO TABLE fraud_detections
[2025-03-19T20:18:10.719+0000] {subprocess.py:93} INFO -     SELECT
[2025-03-19T20:18:10.720+0000] {subprocess.py:93} INFO -         t.transaction_id,
[2025-03-19T20:18:10.720+0000] {subprocess.py:93} INFO -         t.date_time,
[2025-03-19T20:18:10.721+0000] {subprocess.py:93} INFO -         t.amount,
[2025-03-19T20:18:10.722+0000] {subprocess.py:93} INFO -         t.customer_id,
[2025-03-19T20:18:10.722+0000] {subprocess.py:93} INFO -         t.location,
[2025-03-19T20:18:10.723+0000] {subprocess.py:93} INFO -         'High Amount' AS fraud_reason
[2025-03-19T20:18:10.723+0000] {subprocess.py:93} INFO -     FROM transactions t
[2025-03-19T20:18:10.724+0000] {subprocess.py:93} INFO -     WHERE t.batch_id = 'batch_0'
[2025-03-19T20:18:10.724+0000] {subprocess.py:93} INFO -     AND t.amount > 1000
[2025-03-19T20:18:10.725+0000] {subprocess.py:93} INFO - WARN  : Hive-on-MR is deprecated in Hive 2 and may not be available in the future versions. Consider using a different execution engine (i.e. spark, tez) or using Hive 1.X releases.
[2025-03-19T20:18:10.726+0000] {subprocess.py:93} INFO - INFO  : Query ID = root_20250319201809_74c42ad5-301c-40a7-919a-e821b4b678cc
[2025-03-19T20:18:10.726+0000] {subprocess.py:93} INFO - INFO  : Total jobs = 3
[2025-03-19T20:18:10.727+0000] {subprocess.py:93} INFO - INFO  : Launching Job 1 out of 3
[2025-03-19T20:18:10.728+0000] {subprocess.py:93} INFO - INFO  : Starting task [Stage-1:MAPRED] in serial mode
[2025-03-19T20:18:10.728+0000] {subprocess.py:93} INFO - INFO  : Number of reduce tasks determined at compile time: 1
[2025-03-19T20:18:10.729+0000] {subprocess.py:93} INFO - INFO  : In order to change the average load for a reducer (in bytes):
[2025-03-19T20:18:10.730+0000] {subprocess.py:93} INFO - INFO  :   set hive.exec.reducers.bytes.per.reducer=<number>
[2025-03-19T20:18:10.731+0000] {subprocess.py:93} INFO - INFO  : In order to limit the maximum number of reducers:
[2025-03-19T20:18:10.731+0000] {subprocess.py:93} INFO - INFO  :   set hive.exec.reducers.max=<number>
[2025-03-19T20:18:10.732+0000] {subprocess.py:93} INFO - INFO  : In order to set a constant number of reducers:
[2025-03-19T20:18:10.732+0000] {subprocess.py:93} INFO - INFO  :   set mapreduce.job.reduces=<number>
[2025-03-19T20:18:10.733+0000] {subprocess.py:93} INFO - INFO  : number of splits:1
[2025-03-19T20:18:11.911+0000] {subprocess.py:93} INFO - INFO  : Submitting tokens for job: job_local468380812_0013
[2025-03-19T20:18:11.912+0000] {subprocess.py:93} INFO - INFO  : Executing with tokens: []
[2025-03-19T20:18:11.913+0000] {subprocess.py:93} INFO - INFO  : The url to track the job: http://localhost:8080/
[2025-03-19T20:18:11.914+0000] {subprocess.py:93} INFO - INFO  : Job running in-process (local Hadoop)
[2025-03-19T20:18:11.915+0000] {subprocess.py:93} INFO - INFO  : 2025-03-19 20:18:11,877 Stage-1 map = 0%,  reduce = 0%
[2025-03-19T20:18:11.915+0000] {subprocess.py:93} INFO - ERROR : Ended Job = job_local468380812_0013 with errors
[2025-03-19T20:18:11.916+0000] {subprocess.py:93} INFO - ERROR : FAILED: Execution Error, return code 2 from org.apache.hadoop.hive.ql.exec.mr.MapRedTask
[2025-03-19T20:18:11.917+0000] {subprocess.py:93} INFO - INFO  : MapReduce Jobs Launched:
[2025-03-19T20:18:11.918+0000] {subprocess.py:93} INFO - INFO  : Stage-Stage-1:  HDFS Read: 0 HDFS Write: 0 FAIL
[2025-03-19T20:18:11.918+0000] {subprocess.py:93} INFO - INFO  : Total MapReduce CPU Time Spent: 0 msec
[2025-03-19T20:18:11.919+0000] {subprocess.py:93} INFO - INFO  : Completed executing command(queryId=root_20250319201809_74c42ad5-301c-40a7-919a-e821b4b678cc); Time taken: 2.197 seconds
[2025-03-19T20:18:11.920+0000] {subprocess.py:93} INFO - INFO  : Concurrency mode is disabled, not creating a lock manager
[2025-03-19T20:18:11.926+0000] {subprocess.py:93} INFO - Error: Error while processing statement: FAILED: Execution Error, return code 2 from org.apache.hadoop.hive.ql.exec.mr.MapRedTask (state=08S01,code=2)
[2025-03-19T20:18:11.940+0000] {subprocess.py:93} INFO - Closing: 0: jdbc:hive2://localhost:10000
[2025-03-19T20:18:11.994+0000] {subprocess.py:97} INFO - Command exited with return code 1
[2025-03-19T20:18:12.019+0000] {taskinstance.py:1935} ERROR - Task failed with exception
Traceback (most recent call last):
  File "/home/airflow/.local/lib/python3.8/site-packages/airflow/operators/bash.py", line 210, in execute
    raise AirflowException(
airflow.exceptions.AirflowException: Bash command failed. The command returned a non-zero exit code 1.
[2025-03-19T20:18:12.024+0000] {taskinstance.py:1398} INFO - Marking task as FAILED. dag_id=transactions_pipeline, task_id=detect_fraud, execution_date=20250319T201747, start_date=20250319T201805, end_date=20250319T201812
[2025-03-19T20:18:12.042+0000] {standard_task_runner.py:104} ERROR - Failed to execute job 164 for task detect_fraud (Bash command failed. The command returned a non-zero exit code 1.; 674)
[2025-03-19T20:18:12.073+0000] {local_task_job_runner.py:228} INFO - Task exited with return code 1
[2025-03-19T20:18:12.098+0000] {taskinstance.py:2776} INFO - 0 downstream tasks scheduled from follow-on schedule check
