[2025-03-20T15:11:12.175+0000] {taskinstance.py:1157} INFO - Dependencies all met for dep_context=non-requeueable deps ti=<TaskInstance: transactions_pipeline.create_hive_table manual__2025-03-20T15:11:01.641454+00:00 [queued]>
[2025-03-20T15:11:12.190+0000] {taskinstance.py:1157} INFO - Dependencies all met for dep_context=requeueable deps ti=<TaskInstance: transactions_pipeline.create_hive_table manual__2025-03-20T15:11:01.641454+00:00 [queued]>
[2025-03-20T15:11:12.191+0000] {taskinstance.py:1359} INFO - Starting attempt 1 of 2
[2025-03-20T15:11:12.213+0000] {taskinstance.py:1380} INFO - Executing <Task(BashOperator): create_hive_table> on 2025-03-20 15:11:01.641454+00:00
[2025-03-20T15:11:12.223+0000] {standard_task_runner.py:57} INFO - Started process 3192 to run task
[2025-03-20T15:11:12.226+0000] {standard_task_runner.py:84} INFO - Running: ['***', 'tasks', 'run', 'transactions_pipeline', 'create_hive_table', 'manual__2025-03-20T15:11:01.641454+00:00', '--job-id', '360', '--raw', '--subdir', 'DAGS_FOLDER/fraud_detection_pipeline.py', '--cfg-path', '/tmp/tmp7mkr3t3b']
[2025-03-20T15:11:12.229+0000] {standard_task_runner.py:85} INFO - Job 360: Subtask create_hive_table
[2025-03-20T15:11:12.295+0000] {task_command.py:415} INFO - Running <TaskInstance: transactions_pipeline.create_hive_table manual__2025-03-20T15:11:01.641454+00:00 [running]> on host 3938a1dd8bd9
[2025-03-20T15:11:12.443+0000] {taskinstance.py:1660} INFO - Exporting env vars: AIRFLOW_CTX_DAG_EMAIL='rabiizahnoune7@gmail.com' AIRFLOW_CTX_DAG_OWNER='***' AIRFLOW_CTX_DAG_ID='transactions_pipeline' AIRFLOW_CTX_TASK_ID='create_hive_table' AIRFLOW_CTX_EXECUTION_DATE='2025-03-20T15:11:01.641454+00:00' AIRFLOW_CTX_TRY_NUMBER='1' AIRFLOW_CTX_DAG_RUN_ID='manual__2025-03-20T15:11:01.641454+00:00'
[2025-03-20T15:11:12.445+0000] {subprocess.py:63} INFO - Tmp dir root location: /tmp
[2025-03-20T15:11:12.446+0000] {subprocess.py:75} INFO - Running command: ['/bin/bash', '-c', '\n        docker exec hive beeline -u "jdbc:hive2://localhost:10000" --hiveconf hive.exec.dynamic.partition.mode=nonstrict -e "\n        CREATE EXTERNAL TABLE IF NOT EXISTS transactions (\n            transaction_id STRING,\n            date_time STRING,\n            amount DOUBLE,\n            currency STRING,\n            merchant_details STRING,\n            customer_id STRING,\n            transaction_type STRING,\n            location STRING\n        )\n        PARTITIONED BY (batch_id STRING)\n        STORED AS PARQUET;\n        ALTER TABLE transactions ADD IF NOT EXISTS PARTITION (batch_id=\'batch_20250320_144447\') LOCATION \'/data/transactions/transactions_batch_20250320_144447\';"\n        ']
[2025-03-20T15:11:12.461+0000] {subprocess.py:86} INFO - Output:
[2025-03-20T15:11:13.565+0000] {subprocess.py:93} INFO - SLF4J: Class path contains multiple SLF4J bindings.
[2025-03-20T15:11:13.566+0000] {subprocess.py:93} INFO - SLF4J: Found binding in [jar:file:/opt/hive/lib/log4j-slf4j-impl-2.17.1.jar!/org/slf4j/impl/StaticLoggerBinder.class]
[2025-03-20T15:11:13.567+0000] {subprocess.py:93} INFO - SLF4J: Found binding in [jar:file:/opt/hadoop/share/hadoop/common/lib/slf4j-log4j12-1.7.25.jar!/org/slf4j/impl/StaticLoggerBinder.class]
[2025-03-20T15:11:13.568+0000] {subprocess.py:93} INFO - SLF4J: See http://www.slf4j.org/codes.html#multiple_bindings for an explanation.
[2025-03-20T15:11:13.806+0000] {subprocess.py:93} INFO - SLF4J: Actual binding is of type [org.apache.logging.slf4j.Log4jLoggerFactory]
[2025-03-20T15:11:15.035+0000] {subprocess.py:93} INFO - Connecting to jdbc:hive2://localhost:10000
[2025-03-20T15:11:15.267+0000] {subprocess.py:93} INFO - Connected to: Apache Hive (version 3.1.3)
[2025-03-20T15:11:15.268+0000] {subprocess.py:93} INFO - Driver: Hive JDBC (version 3.1.3)
[2025-03-20T15:11:15.268+0000] {subprocess.py:93} INFO - Transaction isolation: TRANSACTION_REPEATABLE_READ
[2025-03-20T15:11:15.516+0000] {subprocess.py:93} INFO - INFO  : Compiling command(queryId=root_20250320151115_77f3d5d6-6064-4cdc-a137-d34fe387abdb): CREATE EXTERNAL TABLE IF NOT EXISTS transactions (
[2025-03-20T15:11:15.518+0000] {subprocess.py:93} INFO -             transaction_id STRING,
[2025-03-20T15:11:15.520+0000] {subprocess.py:93} INFO -             date_time STRING,
[2025-03-20T15:11:15.521+0000] {subprocess.py:93} INFO -             amount DOUBLE,
[2025-03-20T15:11:15.522+0000] {subprocess.py:93} INFO -             currency STRING,
[2025-03-20T15:11:15.523+0000] {subprocess.py:93} INFO -             merchant_details STRING,
[2025-03-20T15:11:15.523+0000] {subprocess.py:93} INFO -             customer_id STRING,
[2025-03-20T15:11:15.524+0000] {subprocess.py:93} INFO -             transaction_type STRING,
[2025-03-20T15:11:15.525+0000] {subprocess.py:93} INFO -             location STRING
[2025-03-20T15:11:15.525+0000] {subprocess.py:93} INFO -         )
[2025-03-20T15:11:15.526+0000] {subprocess.py:93} INFO -         PARTITIONED BY (batch_id STRING)
[2025-03-20T15:11:15.527+0000] {subprocess.py:93} INFO -         STORED AS PARQUET
[2025-03-20T15:11:15.527+0000] {subprocess.py:93} INFO - INFO  : Concurrency mode is disabled, not creating a lock manager
[2025-03-20T15:11:15.528+0000] {subprocess.py:93} INFO - INFO  : Semantic Analysis Completed (retrial = false)
[2025-03-20T15:11:15.528+0000] {subprocess.py:93} INFO - INFO  : Returning Hive schema: Schema(fieldSchemas:null, properties:null)
[2025-03-20T15:11:15.529+0000] {subprocess.py:93} INFO - INFO  : Completed compiling command(queryId=root_20250320151115_77f3d5d6-6064-4cdc-a137-d34fe387abdb); Time taken: 0.016 seconds
[2025-03-20T15:11:15.529+0000] {subprocess.py:93} INFO - INFO  : Concurrency mode is disabled, not creating a lock manager
[2025-03-20T15:11:15.530+0000] {subprocess.py:93} INFO - INFO  : Executing command(queryId=root_20250320151115_77f3d5d6-6064-4cdc-a137-d34fe387abdb): CREATE EXTERNAL TABLE IF NOT EXISTS transactions (
[2025-03-20T15:11:15.531+0000] {subprocess.py:93} INFO -             transaction_id STRING,
[2025-03-20T15:11:15.531+0000] {subprocess.py:93} INFO -             date_time STRING,
[2025-03-20T15:11:15.532+0000] {subprocess.py:93} INFO -             amount DOUBLE,
[2025-03-20T15:11:15.533+0000] {subprocess.py:93} INFO -             currency STRING,
[2025-03-20T15:11:15.533+0000] {subprocess.py:93} INFO -             merchant_details STRING,
[2025-03-20T15:11:15.534+0000] {subprocess.py:93} INFO -             customer_id STRING,
[2025-03-20T15:11:15.535+0000] {subprocess.py:93} INFO -             transaction_type STRING,
[2025-03-20T15:11:15.537+0000] {subprocess.py:93} INFO -             location STRING
[2025-03-20T15:11:15.538+0000] {subprocess.py:93} INFO -         )
[2025-03-20T15:11:15.539+0000] {subprocess.py:93} INFO -         PARTITIONED BY (batch_id STRING)
[2025-03-20T15:11:15.540+0000] {subprocess.py:93} INFO -         STORED AS PARQUET
[2025-03-20T15:11:15.540+0000] {subprocess.py:93} INFO - INFO  : Starting task [Stage-0:DDL] in serial mode
[2025-03-20T15:11:15.541+0000] {subprocess.py:93} INFO - INFO  : Completed executing command(queryId=root_20250320151115_77f3d5d6-6064-4cdc-a137-d34fe387abdb); Time taken: 0.127 seconds
[2025-03-20T15:11:15.541+0000] {subprocess.py:93} INFO - INFO  : OK
[2025-03-20T15:11:15.542+0000] {subprocess.py:93} INFO - INFO  : Concurrency mode is disabled, not creating a lock manager
[2025-03-20T15:11:15.542+0000] {subprocess.py:93} INFO - No rows affected (0.227 seconds)
[2025-03-20T15:11:15.665+0000] {subprocess.py:93} INFO - INFO  : Compiling command(queryId=root_20250320151115_cf9778d2-35d6-496e-8ab9-0f023c0ab8a9): ALTER TABLE transactions ADD IF NOT EXISTS PARTITION (batch_id='batch_20250320_144447') LOCATION '/data/transactions/transactions_batch_20250320_144447'
[2025-03-20T15:11:15.666+0000] {subprocess.py:93} INFO - INFO  : Concurrency mode is disabled, not creating a lock manager
[2025-03-20T15:11:15.667+0000] {subprocess.py:93} INFO - INFO  : Semantic Analysis Completed (retrial = false)
[2025-03-20T15:11:15.668+0000] {subprocess.py:93} INFO - INFO  : Returning Hive schema: Schema(fieldSchemas:null, properties:null)
[2025-03-20T15:11:15.670+0000] {subprocess.py:93} INFO - INFO  : Completed compiling command(queryId=root_20250320151115_cf9778d2-35d6-496e-8ab9-0f023c0ab8a9); Time taken: 0.068 seconds
[2025-03-20T15:11:15.671+0000] {subprocess.py:93} INFO - INFO  : Concurrency mode is disabled, not creating a lock manager
[2025-03-20T15:11:15.671+0000] {subprocess.py:93} INFO - INFO  : Executing command(queryId=root_20250320151115_cf9778d2-35d6-496e-8ab9-0f023c0ab8a9): ALTER TABLE transactions ADD IF NOT EXISTS PARTITION (batch_id='batch_20250320_144447') LOCATION '/data/transactions/transactions_batch_20250320_144447'
[2025-03-20T15:11:15.672+0000] {subprocess.py:93} INFO - INFO  : Starting task [Stage-0:DDL] in serial mode
[2025-03-20T15:11:15.672+0000] {subprocess.py:93} INFO - INFO  : Completed executing command(queryId=root_20250320151115_cf9778d2-35d6-496e-8ab9-0f023c0ab8a9); Time taken: 0.052 seconds
[2025-03-20T15:11:15.673+0000] {subprocess.py:93} INFO - INFO  : OK
[2025-03-20T15:11:15.674+0000] {subprocess.py:93} INFO - INFO  : Concurrency mode is disabled, not creating a lock manager
[2025-03-20T15:11:15.675+0000] {subprocess.py:93} INFO - No rows affected (0.132 seconds)
[2025-03-20T15:11:15.675+0000] {subprocess.py:93} INFO - Beeline version 3.1.3 by Apache Hive
[2025-03-20T15:11:15.700+0000] {subprocess.py:93} INFO - Closing: 0: jdbc:hive2://localhost:10000
[2025-03-20T15:11:15.744+0000] {subprocess.py:97} INFO - Command exited with return code 0
[2025-03-20T15:11:15.782+0000] {taskinstance.py:1398} INFO - Marking task as SUCCESS. dag_id=transactions_pipeline, task_id=create_hive_table, execution_date=20250320T151101, start_date=20250320T151112, end_date=20250320T151115
[2025-03-20T15:11:15.821+0000] {local_task_job_runner.py:228} INFO - Task exited with return code 0
[2025-03-20T15:11:15.855+0000] {taskinstance.py:2776} INFO - 1 downstream tasks scheduled from follow-on schedule check
