[2025-03-21T09:45:13.306+0000] {taskinstance.py:1157} INFO - Dependencies all met for dep_context=non-requeueable deps ti=<TaskInstance: transactions_pipeline.create_fraud_table scheduled__2025-03-21T08:54:58.540079+00:00 [queued]>
[2025-03-21T09:45:13.321+0000] {taskinstance.py:1157} INFO - Dependencies all met for dep_context=requeueable deps ti=<TaskInstance: transactions_pipeline.create_fraud_table scheduled__2025-03-21T08:54:58.540079+00:00 [queued]>
[2025-03-21T09:45:13.322+0000] {taskinstance.py:1359} INFO - Starting attempt 1 of 2
[2025-03-21T09:45:13.342+0000] {taskinstance.py:1380} INFO - Executing <Task(BashOperator): create_fraud_table> on 2025-03-21 08:54:58.540079+00:00
[2025-03-21T09:45:13.351+0000] {standard_task_runner.py:57} INFO - Started process 3771 to run task
[2025-03-21T09:45:13.357+0000] {standard_task_runner.py:84} INFO - Running: ['***', 'tasks', 'run', 'transactions_pipeline', 'create_fraud_table', 'scheduled__2025-03-21T08:54:58.540079+00:00', '--job-id', '487', '--raw', '--subdir', 'DAGS_FOLDER/fraud_detection_pipeline.py', '--cfg-path', '/tmp/tmpeq6059zt']
[2025-03-21T09:45:13.366+0000] {standard_task_runner.py:85} INFO - Job 487: Subtask create_fraud_table
[2025-03-21T09:45:13.441+0000] {task_command.py:415} INFO - Running <TaskInstance: transactions_pipeline.create_fraud_table scheduled__2025-03-21T08:54:58.540079+00:00 [running]> on host 6688e233cb20
[2025-03-21T09:45:13.563+0000] {taskinstance.py:1660} INFO - Exporting env vars: AIRFLOW_CTX_DAG_EMAIL='rabiizahnoune7@gmail.com' AIRFLOW_CTX_DAG_OWNER='***' AIRFLOW_CTX_DAG_ID='transactions_pipeline' AIRFLOW_CTX_TASK_ID='create_fraud_table' AIRFLOW_CTX_EXECUTION_DATE='2025-03-21T08:54:58.540079+00:00' AIRFLOW_CTX_TRY_NUMBER='1' AIRFLOW_CTX_DAG_RUN_ID='scheduled__2025-03-21T08:54:58.540079+00:00'
[2025-03-21T09:45:13.566+0000] {subprocess.py:63} INFO - Tmp dir root location: /tmp
[2025-03-21T09:45:13.568+0000] {subprocess.py:75} INFO - Running command: ['/bin/bash', '-c', '\n        docker exec hive beeline -u "jdbc:hive2://localhost:10000" -e "\n        CREATE EXTERNAL TABLE IF NOT EXISTS fraud_detections (\n            transaction_id STRING,\n            date_time STRING,\n            amount DOUBLE,\n            customer_id STRING,\n            location STRING,\n            fraud_reason STRING\n        )\n        STORED AS PARQUET\n        LOCATION \'/data/fraud_detections\';"\n        ']
[2025-03-21T09:45:13.583+0000] {subprocess.py:86} INFO - Output:
[2025-03-21T09:45:14.692+0000] {subprocess.py:93} INFO - SLF4J: Class path contains multiple SLF4J bindings.
[2025-03-21T09:45:14.693+0000] {subprocess.py:93} INFO - SLF4J: Found binding in [jar:file:/opt/hive/lib/log4j-slf4j-impl-2.17.1.jar!/org/slf4j/impl/StaticLoggerBinder.class]
[2025-03-21T09:45:14.694+0000] {subprocess.py:93} INFO - SLF4J: Found binding in [jar:file:/opt/hadoop/share/hadoop/common/lib/slf4j-log4j12-1.7.25.jar!/org/slf4j/impl/StaticLoggerBinder.class]
[2025-03-21T09:45:14.695+0000] {subprocess.py:93} INFO - SLF4J: See http://www.slf4j.org/codes.html#multiple_bindings for an explanation.
[2025-03-21T09:45:14.928+0000] {subprocess.py:93} INFO - SLF4J: Actual binding is of type [org.apache.logging.slf4j.Log4jLoggerFactory]
[2025-03-21T09:45:15.976+0000] {subprocess.py:93} INFO - Connecting to jdbc:hive2://localhost:10000
[2025-03-21T09:45:16.260+0000] {subprocess.py:93} INFO - Connected to: Apache Hive (version 3.1.3)
[2025-03-21T09:45:16.261+0000] {subprocess.py:93} INFO - Driver: Hive JDBC (version 3.1.3)
[2025-03-21T09:45:16.262+0000] {subprocess.py:93} INFO - Transaction isolation: TRANSACTION_REPEATABLE_READ
[2025-03-21T09:45:16.358+0000] {subprocess.py:93} INFO - INFO  : Compiling command(queryId=root_20250321094516_0e0969e9-3285-4a00-a0a0-e8635a968d4a): CREATE EXTERNAL TABLE IF NOT EXISTS fraud_detections (
[2025-03-21T09:45:16.359+0000] {subprocess.py:93} INFO -             transaction_id STRING,
[2025-03-21T09:45:16.360+0000] {subprocess.py:93} INFO -             date_time STRING,
[2025-03-21T09:45:16.360+0000] {subprocess.py:93} INFO -             amount DOUBLE,
[2025-03-21T09:45:16.361+0000] {subprocess.py:93} INFO -             customer_id STRING,
[2025-03-21T09:45:16.362+0000] {subprocess.py:93} INFO -             location STRING,
[2025-03-21T09:45:16.362+0000] {subprocess.py:93} INFO -             fraud_reason STRING
[2025-03-21T09:45:16.363+0000] {subprocess.py:93} INFO -         )
[2025-03-21T09:45:16.364+0000] {subprocess.py:93} INFO -         STORED AS PARQUET
[2025-03-21T09:45:16.364+0000] {subprocess.py:93} INFO -         LOCATION '/data/fraud_detections'
[2025-03-21T09:45:16.365+0000] {subprocess.py:93} INFO - INFO  : Concurrency mode is disabled, not creating a lock manager
[2025-03-21T09:45:16.365+0000] {subprocess.py:93} INFO - INFO  : Semantic Analysis Completed (retrial = false)
[2025-03-21T09:45:16.366+0000] {subprocess.py:93} INFO - INFO  : Returning Hive schema: Schema(fieldSchemas:null, properties:null)
[2025-03-21T09:45:16.366+0000] {subprocess.py:93} INFO - INFO  : Completed compiling command(queryId=root_20250321094516_0e0969e9-3285-4a00-a0a0-e8635a968d4a); Time taken: 0.012 seconds
[2025-03-21T09:45:16.367+0000] {subprocess.py:93} INFO - INFO  : Concurrency mode is disabled, not creating a lock manager
[2025-03-21T09:45:16.368+0000] {subprocess.py:93} INFO - INFO  : Executing command(queryId=root_20250321094516_0e0969e9-3285-4a00-a0a0-e8635a968d4a): CREATE EXTERNAL TABLE IF NOT EXISTS fraud_detections (
[2025-03-21T09:45:16.368+0000] {subprocess.py:93} INFO -             transaction_id STRING,
[2025-03-21T09:45:16.369+0000] {subprocess.py:93} INFO -             date_time STRING,
[2025-03-21T09:45:16.370+0000] {subprocess.py:93} INFO -             amount DOUBLE,
[2025-03-21T09:45:16.370+0000] {subprocess.py:93} INFO -             customer_id STRING,
[2025-03-21T09:45:16.371+0000] {subprocess.py:93} INFO -             location STRING,
[2025-03-21T09:45:16.371+0000] {subprocess.py:93} INFO -             fraud_reason STRING
[2025-03-21T09:45:16.372+0000] {subprocess.py:93} INFO -         )
[2025-03-21T09:45:16.372+0000] {subprocess.py:93} INFO -         STORED AS PARQUET
[2025-03-21T09:45:16.373+0000] {subprocess.py:93} INFO -         LOCATION '/data/fraud_detections'
[2025-03-21T09:45:16.374+0000] {subprocess.py:93} INFO - INFO  : Completed executing command(queryId=root_20250321094516_0e0969e9-3285-4a00-a0a0-e8635a968d4a); Time taken: 0.0 seconds
[2025-03-21T09:45:16.374+0000] {subprocess.py:93} INFO - INFO  : OK
[2025-03-21T09:45:16.375+0000] {subprocess.py:93} INFO - INFO  : Concurrency mode is disabled, not creating a lock manager
[2025-03-21T09:45:16.377+0000] {subprocess.py:93} INFO - No rows affected (0.084 seconds)
[2025-03-21T09:45:16.378+0000] {subprocess.py:93} INFO - Beeline version 3.1.3 by Apache Hive
[2025-03-21T09:45:16.381+0000] {subprocess.py:93} INFO - Closing: 0: jdbc:hive2://localhost:10000
[2025-03-21T09:45:16.439+0000] {subprocess.py:97} INFO - Command exited with return code 0
[2025-03-21T09:45:16.516+0000] {taskinstance.py:1398} INFO - Marking task as SUCCESS. dag_id=transactions_pipeline, task_id=create_fraud_table, execution_date=20250321T085458, start_date=20250321T094513, end_date=20250321T094516
[2025-03-21T09:45:16.592+0000] {local_task_job_runner.py:228} INFO - Task exited with return code 0
[2025-03-21T09:45:16.638+0000] {taskinstance.py:2776} INFO - 1 downstream tasks scheduled from follow-on schedule check
