[2025-03-21T13:53:27.922+0000] {taskinstance.py:1157} INFO - Dependencies all met for dep_context=non-requeueable deps ti=<TaskInstance: transactions_pipeline.create_hive_table_batch_20250321_131546 scheduled__2025-03-21T13:47:39.231672+00:00 [queued]>
[2025-03-21T13:53:27.965+0000] {taskinstance.py:1157} INFO - Dependencies all met for dep_context=requeueable deps ti=<TaskInstance: transactions_pipeline.create_hive_table_batch_20250321_131546 scheduled__2025-03-21T13:47:39.231672+00:00 [queued]>
[2025-03-21T13:53:27.967+0000] {taskinstance.py:1359} INFO - Starting attempt 1 of 1
[2025-03-21T13:53:27.998+0000] {taskinstance.py:1380} INFO - Executing <Task(BashOperator): create_hive_table_batch_20250321_131546> on 2025-03-21 13:47:39.231672+00:00
[2025-03-21T13:53:28.019+0000] {standard_task_runner.py:57} INFO - Started process 1398 to run task
[2025-03-21T13:53:28.029+0000] {standard_task_runner.py:84} INFO - Running: ['***', 'tasks', 'run', 'transactions_pipeline', 'create_hive_table_batch_20250321_131546', 'scheduled__2025-03-21T13:47:39.231672+00:00', '--job-id', '734', '--raw', '--subdir', 'DAGS_FOLDER/fraud_detection_pipeline.py', '--cfg-path', '/tmp/tmpv27_i2wc']
[2025-03-21T13:53:28.038+0000] {standard_task_runner.py:85} INFO - Job 734: Subtask create_hive_table_batch_20250321_131546
[2025-03-21T13:53:28.233+0000] {task_command.py:415} INFO - Running <TaskInstance: transactions_pipeline.create_hive_table_batch_20250321_131546 scheduled__2025-03-21T13:47:39.231672+00:00 [running]> on host e95638583d4d
[2025-03-21T13:53:28.467+0000] {taskinstance.py:1660} INFO - Exporting env vars: AIRFLOW_CTX_DAG_EMAIL='rabiizahnoune7@gmail.com' AIRFLOW_CTX_DAG_OWNER='***' AIRFLOW_CTX_DAG_ID='transactions_pipeline' AIRFLOW_CTX_TASK_ID='create_hive_table_batch_20250321_131546' AIRFLOW_CTX_EXECUTION_DATE='2025-03-21T13:47:39.231672+00:00' AIRFLOW_CTX_TRY_NUMBER='1' AIRFLOW_CTX_DAG_RUN_ID='scheduled__2025-03-21T13:47:39.231672+00:00'
[2025-03-21T13:53:28.472+0000] {subprocess.py:63} INFO - Tmp dir root location: /tmp
[2025-03-21T13:53:28.477+0000] {subprocess.py:75} INFO - Running command: ['/bin/bash', '-c', '\n            docker exec hive beeline -u "jdbc:hive2://localhost:10000" --hiveconf hive.exec.dynamic.partition.mode=nonstrict -e "\n            CREATE EXTERNAL TABLE IF NOT EXISTS transactions (\n                transaction_id STRING,\n                date_time STRING,\n                amount DOUBLE,\n                currency STRING,\n                merchant_details STRING,\n                customer_id STRING,\n                transaction_type STRING,\n                location STRING\n            )\n            PARTITIONED BY (batch_id STRING)\n            STORED AS PARQUET;\n            ALTER TABLE transactions ADD IF NOT EXISTS PARTITION (batch_id=\'batch_20250321_131546\') LOCATION \'/data/transactions/transactions_batch_20250321_131546\';"\n            ']
[2025-03-21T13:53:28.504+0000] {subprocess.py:86} INFO - Output:
[2025-03-21T13:53:36.806+0000] {subprocess.py:93} INFO - SLF4J: Class path contains multiple SLF4J bindings.
[2025-03-21T13:53:36.822+0000] {subprocess.py:93} INFO - SLF4J: Found binding in [jar:file:/opt/hive/lib/log4j-slf4j-impl-2.17.1.jar!/org/slf4j/impl/StaticLoggerBinder.class]
[2025-03-21T13:53:36.824+0000] {subprocess.py:93} INFO - SLF4J: Found binding in [jar:file:/opt/hadoop/share/hadoop/common/lib/slf4j-log4j12-1.7.25.jar!/org/slf4j/impl/StaticLoggerBinder.class]
[2025-03-21T13:53:36.825+0000] {subprocess.py:93} INFO - SLF4J: See http://www.slf4j.org/codes.html#multiple_bindings for an explanation.
[2025-03-21T13:53:39.603+0000] {subprocess.py:93} INFO - SLF4J: Actual binding is of type [org.apache.logging.slf4j.Log4jLoggerFactory]
[2025-03-21T13:53:51.003+0000] {subprocess.py:93} INFO - Connecting to jdbc:hive2://localhost:10000
[2025-03-21T13:53:55.022+0000] {subprocess.py:93} INFO - Connected to: Apache Hive (version 3.1.3)
[2025-03-21T13:53:55.023+0000] {subprocess.py:93} INFO - Driver: Hive JDBC (version 3.1.3)
[2025-03-21T13:53:55.025+0000] {subprocess.py:93} INFO - Transaction isolation: TRANSACTION_REPEATABLE_READ
[2025-03-21T13:53:56.003+0000] {subprocess.py:93} INFO - INFO  : Compiling command(queryId=root_20250321135355_d9edbdea-f6a2-4f49-8463-d7b459305ac4): CREATE EXTERNAL TABLE IF NOT EXISTS transactions (
[2025-03-21T13:53:56.004+0000] {subprocess.py:93} INFO -                 transaction_id STRING,
[2025-03-21T13:53:56.006+0000] {subprocess.py:93} INFO -                 date_time STRING,
[2025-03-21T13:53:56.007+0000] {subprocess.py:93} INFO -                 amount DOUBLE,
[2025-03-21T13:53:56.009+0000] {subprocess.py:93} INFO -                 currency STRING,
[2025-03-21T13:53:56.014+0000] {subprocess.py:93} INFO -                 merchant_details STRING,
[2025-03-21T13:53:56.015+0000] {subprocess.py:93} INFO -                 customer_id STRING,
[2025-03-21T13:53:56.016+0000] {subprocess.py:93} INFO -                 transaction_type STRING,
[2025-03-21T13:53:56.017+0000] {subprocess.py:93} INFO -                 location STRING
[2025-03-21T13:53:56.018+0000] {subprocess.py:93} INFO -             )
[2025-03-21T13:53:56.019+0000] {subprocess.py:93} INFO -             PARTITIONED BY (batch_id STRING)
[2025-03-21T13:53:56.020+0000] {subprocess.py:93} INFO -             STORED AS PARQUET
[2025-03-21T13:53:56.021+0000] {subprocess.py:93} INFO - INFO  : Concurrency mode is disabled, not creating a lock manager
[2025-03-21T13:53:56.022+0000] {subprocess.py:93} INFO - INFO  : Semantic Analysis Completed (retrial = false)
[2025-03-21T13:53:56.022+0000] {subprocess.py:93} INFO - INFO  : Returning Hive schema: Schema(fieldSchemas:null, properties:null)
[2025-03-21T13:53:56.023+0000] {subprocess.py:93} INFO - INFO  : Completed compiling command(queryId=root_20250321135355_d9edbdea-f6a2-4f49-8463-d7b459305ac4); Time taken: 0.384 seconds
[2025-03-21T13:53:56.024+0000] {subprocess.py:93} INFO - INFO  : Concurrency mode is disabled, not creating a lock manager
[2025-03-21T13:53:56.024+0000] {subprocess.py:93} INFO - INFO  : Executing command(queryId=root_20250321135355_d9edbdea-f6a2-4f49-8463-d7b459305ac4): CREATE EXTERNAL TABLE IF NOT EXISTS transactions (
[2025-03-21T13:53:56.027+0000] {subprocess.py:93} INFO -                 transaction_id STRING,
[2025-03-21T13:53:56.029+0000] {subprocess.py:93} INFO -                 date_time STRING,
[2025-03-21T13:53:56.031+0000] {subprocess.py:93} INFO -                 amount DOUBLE,
[2025-03-21T13:53:56.032+0000] {subprocess.py:93} INFO -                 currency STRING,
[2025-03-21T13:53:56.033+0000] {subprocess.py:93} INFO -                 merchant_details STRING,
[2025-03-21T13:53:56.033+0000] {subprocess.py:93} INFO -                 customer_id STRING,
[2025-03-21T13:53:56.034+0000] {subprocess.py:93} INFO -                 transaction_type STRING,
[2025-03-21T13:53:56.035+0000] {subprocess.py:93} INFO -                 location STRING
[2025-03-21T13:53:56.035+0000] {subprocess.py:93} INFO -             )
[2025-03-21T13:53:56.036+0000] {subprocess.py:93} INFO -             PARTITIONED BY (batch_id STRING)
[2025-03-21T13:53:56.037+0000] {subprocess.py:93} INFO -             STORED AS PARQUET
[2025-03-21T13:53:56.037+0000] {subprocess.py:93} INFO - INFO  : Completed executing command(queryId=root_20250321135355_d9edbdea-f6a2-4f49-8463-d7b459305ac4); Time taken: 0.01 seconds
[2025-03-21T13:53:56.038+0000] {subprocess.py:93} INFO - INFO  : OK
[2025-03-21T13:53:56.038+0000] {subprocess.py:93} INFO - INFO  : Concurrency mode is disabled, not creating a lock manager
[2025-03-21T13:53:56.039+0000] {subprocess.py:93} INFO - No rows affected (0.883 seconds)
[2025-03-21T13:53:57.297+0000] {subprocess.py:93} INFO - INFO  : Compiling command(queryId=root_20250321135356_32b80a7b-0b09-46f4-8ad6-ae4e346f14ff): ALTER TABLE transactions ADD IF NOT EXISTS PARTITION (batch_id='batch_20250321_131546') LOCATION '/data/transactions/transactions_batch_20250321_131546'
[2025-03-21T13:53:57.300+0000] {subprocess.py:93} INFO - INFO  : Concurrency mode is disabled, not creating a lock manager
[2025-03-21T13:53:57.301+0000] {subprocess.py:93} INFO - INFO  : Semantic Analysis Completed (retrial = false)
[2025-03-21T13:53:57.302+0000] {subprocess.py:93} INFO - INFO  : Returning Hive schema: Schema(fieldSchemas:null, properties:null)
[2025-03-21T13:53:57.304+0000] {subprocess.py:93} INFO - INFO  : Completed compiling command(queryId=root_20250321135356_32b80a7b-0b09-46f4-8ad6-ae4e346f14ff); Time taken: 0.117 seconds
[2025-03-21T13:53:57.305+0000] {subprocess.py:93} INFO - INFO  : Concurrency mode is disabled, not creating a lock manager
[2025-03-21T13:53:57.305+0000] {subprocess.py:93} INFO - INFO  : Executing command(queryId=root_20250321135356_32b80a7b-0b09-46f4-8ad6-ae4e346f14ff): ALTER TABLE transactions ADD IF NOT EXISTS PARTITION (batch_id='batch_20250321_131546') LOCATION '/data/transactions/transactions_batch_20250321_131546'
[2025-03-21T13:53:57.306+0000] {subprocess.py:93} INFO - INFO  : Starting task [Stage-0:DDL] in serial mode
[2025-03-21T13:53:57.306+0000] {subprocess.py:93} INFO - INFO  : Completed executing command(queryId=root_20250321135356_32b80a7b-0b09-46f4-8ad6-ae4e346f14ff); Time taken: 0.704 seconds
[2025-03-21T13:53:57.306+0000] {subprocess.py:93} INFO - INFO  : OK
[2025-03-21T13:53:57.307+0000] {subprocess.py:93} INFO - INFO  : Concurrency mode is disabled, not creating a lock manager
[2025-03-21T13:53:57.313+0000] {subprocess.py:93} INFO - No rows affected (1.196 seconds)
[2025-03-21T13:53:57.324+0000] {subprocess.py:93} INFO - Beeline version 3.1.3 by Apache Hive
[2025-03-21T13:53:57.505+0000] {subprocess.py:93} INFO - Closing: 0: jdbc:hive2://localhost:10000
[2025-03-21T13:53:56.545+0000] {subprocess.py:97} INFO - Command exited with return code 0
[2025-03-21T13:53:56.590+0000] {taskinstance.py:1398} INFO - Marking task as SUCCESS. dag_id=transactions_pipeline, task_id=create_hive_table_batch_20250321_131546, execution_date=20250321T134739, start_date=20250321T135327, end_date=20250321T135356
[2025-03-21T13:53:56.697+0000] {local_task_job_runner.py:228} INFO - Task exited with return code 0
[2025-03-21T13:53:56.805+0000] {taskinstance.py:2776} INFO - 1 downstream tasks scheduled from follow-on schedule check
