[2025-03-20T11:07:34.788+0000] {taskinstance.py:1157} INFO - Dependencies all met for dep_context=non-requeueable deps ti=<TaskInstance: transactions_pipeline.create_hive_table manual__2025-03-20T11:07:23.085876+00:00 [queued]>
[2025-03-20T11:07:34.799+0000] {taskinstance.py:1157} INFO - Dependencies all met for dep_context=requeueable deps ti=<TaskInstance: transactions_pipeline.create_hive_table manual__2025-03-20T11:07:23.085876+00:00 [queued]>
[2025-03-20T11:07:34.799+0000] {taskinstance.py:1359} INFO - Starting attempt 1 of 1
[2025-03-20T11:07:34.816+0000] {taskinstance.py:1380} INFO - Executing <Task(BashOperator): create_hive_table> on 2025-03-20 11:07:23.085876+00:00
[2025-03-20T11:07:34.824+0000] {standard_task_runner.py:57} INFO - Started process 226 to run task
[2025-03-20T11:07:34.828+0000] {standard_task_runner.py:84} INFO - Running: ['***', 'tasks', 'run', 'transactions_pipeline', 'create_hive_table', 'manual__2025-03-20T11:07:23.085876+00:00', '--job-id', '265', '--raw', '--subdir', 'DAGS_FOLDER/fraud_detection_pipeline.py', '--cfg-path', '/tmp/tmpjvyxw_8b']
[2025-03-20T11:07:34.830+0000] {standard_task_runner.py:85} INFO - Job 265: Subtask create_hive_table
[2025-03-20T11:07:34.901+0000] {task_command.py:415} INFO - Running <TaskInstance: transactions_pipeline.create_hive_table manual__2025-03-20T11:07:23.085876+00:00 [running]> on host 16fd26dda153
[2025-03-20T11:07:34.971+0000] {logging_mixin.py:151} WARNING - /home/***/.local/lib/python3.8/site-packages/***/utils/context.py:206 AirflowContextDeprecationWarning: Accessing 'execution_date' from the template is deprecated and will be removed in a future version. Please use 'data_interval_start' or 'logical_date' instead.
[2025-03-20T11:07:35.022+0000] {taskinstance.py:1660} INFO - Exporting env vars: AIRFLOW_CTX_DAG_OWNER='***' AIRFLOW_CTX_DAG_ID='transactions_pipeline' AIRFLOW_CTX_TASK_ID='create_hive_table' AIRFLOW_CTX_EXECUTION_DATE='2025-03-20T11:07:23.085876+00:00' AIRFLOW_CTX_TRY_NUMBER='1' AIRFLOW_CTX_DAG_RUN_ID='manual__2025-03-20T11:07:23.085876+00:00'
[2025-03-20T11:07:35.024+0000] {subprocess.py:63} INFO - Tmp dir root location: /tmp
[2025-03-20T11:07:35.025+0000] {subprocess.py:75} INFO - Running command: ['/bin/bash', '-c', '\n    docker exec hive beeline -u "jdbc:hive2://localhost:10000" --hiveconf hive.exec.dynamic.partition.mode=nonstrict -e "\n    CREATE EXTERNAL TABLE IF NOT EXISTS transactions (\n        transaction_id STRING,\n        date_time STRING,\n        amount DOUBLE,\n        currency STRING,\n        merchant_details STRING,\n        customer_id STRING,\n        transaction_type STRING,\n        location STRING\n    )\n    PARTITIONED BY (batch_id STRING)\n    STORED AS PARQUET\n    LOCATION \'/data/transactions/transactions_batch_0\';\n    ALTER TABLE transactions ADD IF NOT EXISTS PARTITION (batch_id=\'batch_20250320_110723\') LOCATION \'/data/transactions/transactions_batch_0\';"\n    ']
[2025-03-20T11:07:35.038+0000] {subprocess.py:86} INFO - Output:
[2025-03-20T11:07:36.154+0000] {subprocess.py:93} INFO - SLF4J: Class path contains multiple SLF4J bindings.
[2025-03-20T11:07:36.155+0000] {subprocess.py:93} INFO - SLF4J: Found binding in [jar:file:/opt/hive/lib/log4j-slf4j-impl-2.17.1.jar!/org/slf4j/impl/StaticLoggerBinder.class]
[2025-03-20T11:07:36.155+0000] {subprocess.py:93} INFO - SLF4J: Found binding in [jar:file:/opt/hadoop/share/hadoop/common/lib/slf4j-log4j12-1.7.25.jar!/org/slf4j/impl/StaticLoggerBinder.class]
[2025-03-20T11:07:36.156+0000] {subprocess.py:93} INFO - SLF4J: See http://www.slf4j.org/codes.html#multiple_bindings for an explanation.
[2025-03-20T11:07:36.331+0000] {subprocess.py:93} INFO - SLF4J: Actual binding is of type [org.apache.logging.slf4j.Log4jLoggerFactory]
[2025-03-20T11:07:37.863+0000] {subprocess.py:93} INFO - Connecting to jdbc:hive2://localhost:10000
[2025-03-20T11:07:38.155+0000] {subprocess.py:93} INFO - Connected to: Apache Hive (version 3.1.3)
[2025-03-20T11:07:38.156+0000] {subprocess.py:93} INFO - Driver: Hive JDBC (version 3.1.3)
[2025-03-20T11:07:38.157+0000] {subprocess.py:93} INFO - Transaction isolation: TRANSACTION_REPEATABLE_READ
[2025-03-20T11:07:38.872+0000] {subprocess.py:93} INFO - INFO  : Compiling command(queryId=root_20250320110738_b12d6951-ae6f-40e2-845e-b4d696927b33): CREATE EXTERNAL TABLE IF NOT EXISTS transactions (
[2025-03-20T11:07:38.873+0000] {subprocess.py:93} INFO -         transaction_id STRING,
[2025-03-20T11:07:38.874+0000] {subprocess.py:93} INFO -         date_time STRING,
[2025-03-20T11:07:38.874+0000] {subprocess.py:93} INFO -         amount DOUBLE,
[2025-03-20T11:07:38.875+0000] {subprocess.py:93} INFO -         currency STRING,
[2025-03-20T11:07:38.876+0000] {subprocess.py:93} INFO -         merchant_details STRING,
[2025-03-20T11:07:38.876+0000] {subprocess.py:93} INFO -         customer_id STRING,
[2025-03-20T11:07:38.877+0000] {subprocess.py:93} INFO -         transaction_type STRING,
[2025-03-20T11:07:38.877+0000] {subprocess.py:93} INFO -         location STRING
[2025-03-20T11:07:38.878+0000] {subprocess.py:93} INFO -     )
[2025-03-20T11:07:38.878+0000] {subprocess.py:93} INFO -     PARTITIONED BY (batch_id STRING)
[2025-03-20T11:07:38.879+0000] {subprocess.py:93} INFO -     STORED AS PARQUET
[2025-03-20T11:07:38.879+0000] {subprocess.py:93} INFO -     LOCATION '/data/transactions/transactions_batch_0'
[2025-03-20T11:07:38.879+0000] {subprocess.py:93} INFO - INFO  : Concurrency mode is disabled, not creating a lock manager
[2025-03-20T11:07:38.879+0000] {subprocess.py:93} INFO - INFO  : Semantic Analysis Completed (retrial = false)
[2025-03-20T11:07:38.880+0000] {subprocess.py:93} INFO - INFO  : Returning Hive schema: Schema(fieldSchemas:null, properties:null)
[2025-03-20T11:07:38.880+0000] {subprocess.py:93} INFO - INFO  : Completed compiling command(queryId=root_20250320110738_b12d6951-ae6f-40e2-845e-b4d696927b33); Time taken: 0.266 seconds
[2025-03-20T11:07:38.880+0000] {subprocess.py:93} INFO - INFO  : Concurrency mode is disabled, not creating a lock manager
[2025-03-20T11:07:38.880+0000] {subprocess.py:93} INFO - INFO  : Executing command(queryId=root_20250320110738_b12d6951-ae6f-40e2-845e-b4d696927b33): CREATE EXTERNAL TABLE IF NOT EXISTS transactions (
[2025-03-20T11:07:38.881+0000] {subprocess.py:93} INFO -         transaction_id STRING,
[2025-03-20T11:07:38.881+0000] {subprocess.py:93} INFO -         date_time STRING,
[2025-03-20T11:07:38.881+0000] {subprocess.py:93} INFO -         amount DOUBLE,
[2025-03-20T11:07:38.881+0000] {subprocess.py:93} INFO -         currency STRING,
[2025-03-20T11:07:38.882+0000] {subprocess.py:93} INFO -         merchant_details STRING,
[2025-03-20T11:07:38.882+0000] {subprocess.py:93} INFO -         customer_id STRING,
[2025-03-20T11:07:38.882+0000] {subprocess.py:93} INFO -         transaction_type STRING,
[2025-03-20T11:07:38.882+0000] {subprocess.py:93} INFO -         location STRING
[2025-03-20T11:07:38.894+0000] {subprocess.py:93} INFO -     )
[2025-03-20T11:07:38.895+0000] {subprocess.py:93} INFO -     PARTITIONED BY (batch_id STRING)
[2025-03-20T11:07:38.896+0000] {subprocess.py:93} INFO -     STORED AS PARQUET
[2025-03-20T11:07:38.896+0000] {subprocess.py:93} INFO -     LOCATION '/data/transactions/transactions_batch_0'
[2025-03-20T11:07:38.897+0000] {subprocess.py:93} INFO - INFO  : Starting task [Stage-0:DDL] in serial mode
[2025-03-20T11:07:38.897+0000] {subprocess.py:93} INFO - INFO  : Completed executing command(queryId=root_20250320110738_b12d6951-ae6f-40e2-845e-b4d696927b33); Time taken: 0.365 seconds
[2025-03-20T11:07:38.897+0000] {subprocess.py:93} INFO - INFO  : OK
[2025-03-20T11:07:38.898+0000] {subprocess.py:93} INFO - INFO  : Concurrency mode is disabled, not creating a lock manager
[2025-03-20T11:07:38.898+0000] {subprocess.py:93} INFO - No rows affected (0.718 seconds)
[2025-03-20T11:07:39.454+0000] {subprocess.py:93} INFO - INFO  : Compiling command(queryId=root_20250320110738_3919bf46-c46b-4c12-9a96-2c20a33d22be): ALTER TABLE transactions ADD IF NOT EXISTS PARTITION (batch_id='batch_20250320_110723') LOCATION '/data/transactions/transactions_batch_0'
[2025-03-20T11:07:39.455+0000] {subprocess.py:93} INFO - INFO  : Concurrency mode is disabled, not creating a lock manager
[2025-03-20T11:07:39.456+0000] {subprocess.py:93} INFO - INFO  : Semantic Analysis Completed (retrial = false)
[2025-03-20T11:07:39.457+0000] {subprocess.py:93} INFO - INFO  : Returning Hive schema: Schema(fieldSchemas:null, properties:null)
[2025-03-20T11:07:39.458+0000] {subprocess.py:93} INFO - INFO  : Completed compiling command(queryId=root_20250320110738_3919bf46-c46b-4c12-9a96-2c20a33d22be); Time taken: 0.266 seconds
[2025-03-20T11:07:39.458+0000] {subprocess.py:93} INFO - INFO  : Concurrency mode is disabled, not creating a lock manager
[2025-03-20T11:07:39.459+0000] {subprocess.py:93} INFO - INFO  : Executing command(queryId=root_20250320110738_3919bf46-c46b-4c12-9a96-2c20a33d22be): ALTER TABLE transactions ADD IF NOT EXISTS PARTITION (batch_id='batch_20250320_110723') LOCATION '/data/transactions/transactions_batch_0'
[2025-03-20T11:07:39.459+0000] {subprocess.py:93} INFO - INFO  : Starting task [Stage-0:DDL] in serial mode
[2025-03-20T11:07:39.460+0000] {subprocess.py:93} INFO - INFO  : Completed executing command(queryId=root_20250320110738_3919bf46-c46b-4c12-9a96-2c20a33d22be); Time taken: 0.246 seconds
[2025-03-20T11:07:39.460+0000] {subprocess.py:93} INFO - INFO  : OK
[2025-03-20T11:07:39.461+0000] {subprocess.py:93} INFO - INFO  : Concurrency mode is disabled, not creating a lock manager
[2025-03-20T11:07:39.462+0000] {subprocess.py:93} INFO - No rows affected (0.549 seconds)
[2025-03-20T11:07:39.463+0000] {subprocess.py:93} INFO - Beeline version 3.1.3 by Apache Hive
[2025-03-20T11:07:39.497+0000] {subprocess.py:93} INFO - Closing: 0: jdbc:hive2://localhost:10000
[2025-03-20T11:07:39.605+0000] {subprocess.py:97} INFO - Command exited with return code 0
[2025-03-20T11:07:39.834+0000] {taskinstance.py:1398} INFO - Marking task as SUCCESS. dag_id=transactions_pipeline, task_id=create_hive_table, execution_date=20250320T110723, start_date=20250320T110734, end_date=20250320T110739
[2025-03-20T11:07:39.899+0000] {local_task_job_runner.py:228} INFO - Task exited with return code 0
[2025-03-20T11:07:39.936+0000] {taskinstance.py:2776} INFO - 1 downstream tasks scheduled from follow-on schedule check
