[2025-03-20T22:50:58.633+0000] {taskinstance.py:1157} INFO - Dependencies all met for dep_context=non-requeueable deps ti=<TaskInstance: transactions_pipeline.create_fraud_table scheduled__2025-03-20T22:00:32.992418+00:00 [queued]>
[2025-03-20T22:50:58.642+0000] {taskinstance.py:1157} INFO - Dependencies all met for dep_context=requeueable deps ti=<TaskInstance: transactions_pipeline.create_fraud_table scheduled__2025-03-20T22:00:32.992418+00:00 [queued]>
[2025-03-20T22:50:58.643+0000] {taskinstance.py:1359} INFO - Starting attempt 1 of 2
[2025-03-20T22:50:58.661+0000] {taskinstance.py:1380} INFO - Executing <Task(BashOperator): create_fraud_table> on 2025-03-20 22:00:32.992418+00:00
[2025-03-20T22:50:58.668+0000] {standard_task_runner.py:57} INFO - Started process 354 to run task
[2025-03-20T22:50:58.671+0000] {standard_task_runner.py:84} INFO - Running: ['***', 'tasks', 'run', 'transactions_pipeline', 'create_fraud_table', 'scheduled__2025-03-20T22:00:32.992418+00:00', '--job-id', '427', '--raw', '--subdir', 'DAGS_FOLDER/fraud_detection_pipeline.py', '--cfg-path', '/tmp/tmp02yvpk5y']
[2025-03-20T22:50:58.675+0000] {standard_task_runner.py:85} INFO - Job 427: Subtask create_fraud_table
[2025-03-20T22:50:58.732+0000] {task_command.py:415} INFO - Running <TaskInstance: transactions_pipeline.create_fraud_table scheduled__2025-03-20T22:00:32.992418+00:00 [running]> on host 6688e233cb20
[2025-03-20T22:50:58.824+0000] {taskinstance.py:1660} INFO - Exporting env vars: AIRFLOW_CTX_DAG_EMAIL='rabiizahnoune7@gmail.com' AIRFLOW_CTX_DAG_OWNER='***' AIRFLOW_CTX_DAG_ID='transactions_pipeline' AIRFLOW_CTX_TASK_ID='create_fraud_table' AIRFLOW_CTX_EXECUTION_DATE='2025-03-20T22:00:32.992418+00:00' AIRFLOW_CTX_TRY_NUMBER='1' AIRFLOW_CTX_DAG_RUN_ID='scheduled__2025-03-20T22:00:32.992418+00:00'
[2025-03-20T22:50:58.826+0000] {subprocess.py:63} INFO - Tmp dir root location: /tmp
[2025-03-20T22:50:58.827+0000] {subprocess.py:75} INFO - Running command: ['/bin/bash', '-c', '\n        docker exec hive beeline -u "jdbc:hive2://localhost:10000" -e "\n        CREATE EXTERNAL TABLE IF NOT EXISTS fraud_detections (\n            transaction_id STRING,\n            date_time STRING,\n            amount DOUBLE,\n            customer_id STRING,\n            location STRING,\n            fraud_reason STRING\n        )\n        STORED AS PARQUET\n        LOCATION \'/data/fraud_detections\';"\n        ']
[2025-03-20T22:50:58.842+0000] {subprocess.py:86} INFO - Output:
[2025-03-20T22:50:59.821+0000] {subprocess.py:93} INFO - SLF4J: Class path contains multiple SLF4J bindings.
[2025-03-20T22:50:59.822+0000] {subprocess.py:93} INFO - SLF4J: Found binding in [jar:file:/opt/hive/lib/log4j-slf4j-impl-2.17.1.jar!/org/slf4j/impl/StaticLoggerBinder.class]
[2025-03-20T22:50:59.823+0000] {subprocess.py:93} INFO - SLF4J: Found binding in [jar:file:/opt/hadoop/share/hadoop/common/lib/slf4j-log4j12-1.7.25.jar!/org/slf4j/impl/StaticLoggerBinder.class]
[2025-03-20T22:50:59.824+0000] {subprocess.py:93} INFO - SLF4J: See http://www.slf4j.org/codes.html#multiple_bindings for an explanation.
[2025-03-20T22:50:59.990+0000] {subprocess.py:93} INFO - SLF4J: Actual binding is of type [org.apache.logging.slf4j.Log4jLoggerFactory]
[2025-03-20T22:51:00.936+0000] {subprocess.py:93} INFO - Connecting to jdbc:hive2://localhost:10000
[2025-03-20T22:51:01.270+0000] {subprocess.py:93} INFO - Connected to: Apache Hive (version 3.1.3)
[2025-03-20T22:51:01.271+0000] {subprocess.py:93} INFO - Driver: Hive JDBC (version 3.1.3)
[2025-03-20T22:51:01.272+0000] {subprocess.py:93} INFO - Transaction isolation: TRANSACTION_REPEATABLE_READ
[2025-03-20T22:51:01.501+0000] {subprocess.py:93} INFO - INFO  : Compiling command(queryId=root_20250320225101_e7c8159a-b3f0-496a-a4c1-c1080061a640): CREATE EXTERNAL TABLE IF NOT EXISTS fraud_detections (
[2025-03-20T22:51:01.503+0000] {subprocess.py:93} INFO -             transaction_id STRING,
[2025-03-20T22:51:01.504+0000] {subprocess.py:93} INFO -             date_time STRING,
[2025-03-20T22:51:01.505+0000] {subprocess.py:93} INFO -             amount DOUBLE,
[2025-03-20T22:51:01.506+0000] {subprocess.py:93} INFO -             customer_id STRING,
[2025-03-20T22:51:01.507+0000] {subprocess.py:93} INFO -             location STRING,
[2025-03-20T22:51:01.508+0000] {subprocess.py:93} INFO -             fraud_reason STRING
[2025-03-20T22:51:01.509+0000] {subprocess.py:93} INFO -         )
[2025-03-20T22:51:01.509+0000] {subprocess.py:93} INFO -         STORED AS PARQUET
[2025-03-20T22:51:01.510+0000] {subprocess.py:93} INFO -         LOCATION '/data/fraud_detections'
[2025-03-20T22:51:01.511+0000] {subprocess.py:93} INFO - INFO  : Concurrency mode is disabled, not creating a lock manager
[2025-03-20T22:51:01.511+0000] {subprocess.py:93} INFO - INFO  : Semantic Analysis Completed (retrial = false)
[2025-03-20T22:51:01.512+0000] {subprocess.py:93} INFO - INFO  : Returning Hive schema: Schema(fieldSchemas:null, properties:null)
[2025-03-20T22:51:01.513+0000] {subprocess.py:93} INFO - INFO  : Completed compiling command(queryId=root_20250320225101_e7c8159a-b3f0-496a-a4c1-c1080061a640); Time taken: 0.017 seconds
[2025-03-20T22:51:01.514+0000] {subprocess.py:93} INFO - INFO  : Concurrency mode is disabled, not creating a lock manager
[2025-03-20T22:51:01.515+0000] {subprocess.py:93} INFO - INFO  : Executing command(queryId=root_20250320225101_e7c8159a-b3f0-496a-a4c1-c1080061a640): CREATE EXTERNAL TABLE IF NOT EXISTS fraud_detections (
[2025-03-20T22:51:01.515+0000] {subprocess.py:93} INFO -             transaction_id STRING,
[2025-03-20T22:51:01.516+0000] {subprocess.py:93} INFO -             date_time STRING,
[2025-03-20T22:51:01.516+0000] {subprocess.py:93} INFO -             amount DOUBLE,
[2025-03-20T22:51:01.517+0000] {subprocess.py:93} INFO -             customer_id STRING,
[2025-03-20T22:51:01.518+0000] {subprocess.py:93} INFO -             location STRING,
[2025-03-20T22:51:01.518+0000] {subprocess.py:93} INFO -             fraud_reason STRING
[2025-03-20T22:51:01.519+0000] {subprocess.py:93} INFO -         )
[2025-03-20T22:51:01.520+0000] {subprocess.py:93} INFO -         STORED AS PARQUET
[2025-03-20T22:51:01.520+0000] {subprocess.py:93} INFO -         LOCATION '/data/fraud_detections'
[2025-03-20T22:51:01.521+0000] {subprocess.py:93} INFO - INFO  : Starting task [Stage-0:DDL] in serial mode
[2025-03-20T22:51:01.521+0000] {subprocess.py:93} INFO - INFO  : Completed executing command(queryId=root_20250320225101_e7c8159a-b3f0-496a-a4c1-c1080061a640); Time taken: 0.092 seconds
[2025-03-20T22:51:01.522+0000] {subprocess.py:93} INFO - INFO  : OK
[2025-03-20T22:51:01.524+0000] {subprocess.py:93} INFO - INFO  : Concurrency mode is disabled, not creating a lock manager
[2025-03-20T22:51:01.525+0000] {subprocess.py:93} INFO - No rows affected (0.213 seconds)
[2025-03-20T22:51:01.525+0000] {subprocess.py:93} INFO - Beeline version 3.1.3 by Apache Hive
[2025-03-20T22:51:01.530+0000] {subprocess.py:93} INFO - Closing: 0: jdbc:hive2://localhost:10000
[2025-03-20T22:51:01.585+0000] {subprocess.py:97} INFO - Command exited with return code 0
[2025-03-20T22:51:01.615+0000] {taskinstance.py:1398} INFO - Marking task as SUCCESS. dag_id=transactions_pipeline, task_id=create_fraud_table, execution_date=20250320T220032, start_date=20250320T225058, end_date=20250320T225101
[2025-03-20T22:51:01.669+0000] {local_task_job_runner.py:228} INFO - Task exited with return code 0
[2025-03-20T22:51:01.711+0000] {taskinstance.py:2776} INFO - 1 downstream tasks scheduled from follow-on schedule check
