[2025-03-19T21:13:59.822+0000] {taskinstance.py:1157} INFO - Dependencies all met for dep_context=non-requeueable deps ti=<TaskInstance: transactions_pipeline.create_hive_table manual__2025-03-19T21:13:45.346073+00:00 [queued]>
[2025-03-19T21:13:59.846+0000] {taskinstance.py:1157} INFO - Dependencies all met for dep_context=requeueable deps ti=<TaskInstance: transactions_pipeline.create_hive_table manual__2025-03-19T21:13:45.346073+00:00 [queued]>
[2025-03-19T21:13:59.848+0000] {taskinstance.py:1359} INFO - Starting attempt 1 of 1
[2025-03-19T21:13:59.895+0000] {taskinstance.py:1380} INFO - Executing <Task(BashOperator): create_hive_table> on 2025-03-19 21:13:45.346073+00:00
[2025-03-19T21:13:59.917+0000] {standard_task_runner.py:57} INFO - Started process 395 to run task
[2025-03-19T21:13:59.926+0000] {standard_task_runner.py:84} INFO - Running: ['***', 'tasks', 'run', 'transactions_pipeline', 'create_hive_table', 'manual__2025-03-19T21:13:45.346073+00:00', '--job-id', '187', '--raw', '--subdir', 'DAGS_FOLDER/fraud_detection_pipeline.py', '--cfg-path', '/tmp/tmpcnoliowl']
[2025-03-19T21:13:59.937+0000] {standard_task_runner.py:85} INFO - Job 187: Subtask create_hive_table
[2025-03-19T21:14:00.118+0000] {task_command.py:415} INFO - Running <TaskInstance: transactions_pipeline.create_hive_table manual__2025-03-19T21:13:45.346073+00:00 [running]> on host 2b5af9d7d045
[2025-03-19T21:14:00.284+0000] {logging_mixin.py:151} WARNING - /home/***/.local/lib/python3.8/site-packages/***/utils/context.py:206 AirflowContextDeprecationWarning: Accessing 'execution_date' from the template is deprecated and will be removed in a future version. Please use 'data_interval_start' or 'logical_date' instead.
[2025-03-19T21:14:00.365+0000] {taskinstance.py:1660} INFO - Exporting env vars: AIRFLOW_CTX_DAG_OWNER='***' AIRFLOW_CTX_DAG_ID='transactions_pipeline' AIRFLOW_CTX_TASK_ID='create_hive_table' AIRFLOW_CTX_EXECUTION_DATE='2025-03-19T21:13:45.346073+00:00' AIRFLOW_CTX_TRY_NUMBER='1' AIRFLOW_CTX_DAG_RUN_ID='manual__2025-03-19T21:13:45.346073+00:00'
[2025-03-19T21:14:00.368+0000] {subprocess.py:63} INFO - Tmp dir root location: /tmp
[2025-03-19T21:14:00.370+0000] {subprocess.py:75} INFO - Running command: ['/bin/bash', '-c', '\n    docker exec hive beeline -u "jdbc:hive2://localhost:10000" --hiveconf hive.exec.dynamic.partition.mode=nonstrict -e "\n    CREATE EXTERNAL TABLE IF NOT EXISTS transactions (\n        transaction_id STRING,\n        date_time STRING,\n        amount DOUBLE,\n        currency STRING,\n        merchant_details STRING,\n        customer_id STRING,\n        transaction_type STRING,\n        location STRING\n    )\n    PARTITIONED BY (batch_id STRING)\n    STORED AS PARQUET\n    LOCATION \'/data/transactions/transactions_batch_0\';\n    ALTER TABLE transactions ADD IF NOT EXISTS PARTITION (batch_id=\'batch_20250319_211345\') LOCATION \'/data/transactions/transactions_batch_0\';"\n    ']
[2025-03-19T21:14:00.397+0000] {subprocess.py:86} INFO - Output:
[2025-03-19T21:14:02.347+0000] {subprocess.py:93} INFO - SLF4J: Class path contains multiple SLF4J bindings.
[2025-03-19T21:14:02.348+0000] {subprocess.py:93} INFO - SLF4J: Found binding in [jar:file:/opt/hive/lib/log4j-slf4j-impl-2.17.1.jar!/org/slf4j/impl/StaticLoggerBinder.class]
[2025-03-19T21:14:02.349+0000] {subprocess.py:93} INFO - SLF4J: Found binding in [jar:file:/opt/hadoop/share/hadoop/common/lib/slf4j-log4j12-1.7.25.jar!/org/slf4j/impl/StaticLoggerBinder.class]
[2025-03-19T21:14:02.352+0000] {subprocess.py:93} INFO - SLF4J: See http://www.slf4j.org/codes.html#multiple_bindings for an explanation.
[2025-03-19T21:14:02.615+0000] {subprocess.py:93} INFO - SLF4J: Actual binding is of type [org.apache.logging.slf4j.Log4jLoggerFactory]
[2025-03-19T21:14:04.912+0000] {subprocess.py:93} INFO - Connecting to jdbc:hive2://localhost:10000
[2025-03-19T21:14:05.392+0000] {subprocess.py:93} INFO - Connected to: Apache Hive (version 3.1.3)
[2025-03-19T21:14:05.394+0000] {subprocess.py:93} INFO - Driver: Hive JDBC (version 3.1.3)
[2025-03-19T21:14:05.395+0000] {subprocess.py:93} INFO - Transaction isolation: TRANSACTION_REPEATABLE_READ
[2025-03-19T21:14:05.569+0000] {subprocess.py:93} INFO - INFO  : Compiling command(queryId=root_20250319211405_d089edf8-a8e8-4230-b74b-4fe96842dec7): CREATE EXTERNAL TABLE IF NOT EXISTS transactions (
[2025-03-19T21:14:05.570+0000] {subprocess.py:93} INFO -         transaction_id STRING,
[2025-03-19T21:14:05.571+0000] {subprocess.py:93} INFO -         date_time STRING,
[2025-03-19T21:14:05.572+0000] {subprocess.py:93} INFO -         amount DOUBLE,
[2025-03-19T21:14:05.573+0000] {subprocess.py:93} INFO -         currency STRING,
[2025-03-19T21:14:05.574+0000] {subprocess.py:93} INFO -         merchant_details STRING,
[2025-03-19T21:14:05.574+0000] {subprocess.py:93} INFO -         customer_id STRING,
[2025-03-19T21:14:05.575+0000] {subprocess.py:93} INFO -         transaction_type STRING,
[2025-03-19T21:14:05.576+0000] {subprocess.py:93} INFO -         location STRING
[2025-03-19T21:14:05.576+0000] {subprocess.py:93} INFO -     )
[2025-03-19T21:14:05.577+0000] {subprocess.py:93} INFO -     PARTITIONED BY (batch_id STRING)
[2025-03-19T21:14:05.579+0000] {subprocess.py:93} INFO -     STORED AS PARQUET
[2025-03-19T21:14:05.579+0000] {subprocess.py:93} INFO -     LOCATION '/data/transactions/transactions_batch_0'
[2025-03-19T21:14:05.580+0000] {subprocess.py:93} INFO - INFO  : Concurrency mode is disabled, not creating a lock manager
[2025-03-19T21:14:05.581+0000] {subprocess.py:93} INFO - INFO  : Semantic Analysis Completed (retrial = false)
[2025-03-19T21:14:05.582+0000] {subprocess.py:93} INFO - INFO  : Returning Hive schema: Schema(fieldSchemas:null, properties:null)
[2025-03-19T21:14:05.583+0000] {subprocess.py:93} INFO - INFO  : Completed compiling command(queryId=root_20250319211405_d089edf8-a8e8-4230-b74b-4fe96842dec7); Time taken: 0.051 seconds
[2025-03-19T21:14:05.583+0000] {subprocess.py:93} INFO - INFO  : Concurrency mode is disabled, not creating a lock manager
[2025-03-19T21:14:05.584+0000] {subprocess.py:93} INFO - INFO  : Executing command(queryId=root_20250319211405_d089edf8-a8e8-4230-b74b-4fe96842dec7): CREATE EXTERNAL TABLE IF NOT EXISTS transactions (
[2025-03-19T21:14:05.584+0000] {subprocess.py:93} INFO -         transaction_id STRING,
[2025-03-19T21:14:05.585+0000] {subprocess.py:93} INFO -         date_time STRING,
[2025-03-19T21:14:05.586+0000] {subprocess.py:93} INFO -         amount DOUBLE,
[2025-03-19T21:14:05.586+0000] {subprocess.py:93} INFO -         currency STRING,
[2025-03-19T21:14:05.587+0000] {subprocess.py:93} INFO -         merchant_details STRING,
[2025-03-19T21:14:05.588+0000] {subprocess.py:93} INFO -         customer_id STRING,
[2025-03-19T21:14:05.588+0000] {subprocess.py:93} INFO -         transaction_type STRING,
[2025-03-19T21:14:05.589+0000] {subprocess.py:93} INFO -         location STRING
[2025-03-19T21:14:05.590+0000] {subprocess.py:93} INFO -     )
[2025-03-19T21:14:05.591+0000] {subprocess.py:93} INFO -     PARTITIONED BY (batch_id STRING)
[2025-03-19T21:14:05.591+0000] {subprocess.py:93} INFO -     STORED AS PARQUET
[2025-03-19T21:14:05.592+0000] {subprocess.py:93} INFO -     LOCATION '/data/transactions/transactions_batch_0'
[2025-03-19T21:14:05.593+0000] {subprocess.py:93} INFO - INFO  : Completed executing command(queryId=root_20250319211405_d089edf8-a8e8-4230-b74b-4fe96842dec7); Time taken: 0.001 seconds
[2025-03-19T21:14:05.594+0000] {subprocess.py:93} INFO - INFO  : OK
[2025-03-19T21:14:05.594+0000] {subprocess.py:93} INFO - INFO  : Concurrency mode is disabled, not creating a lock manager
[2025-03-19T21:14:05.595+0000] {subprocess.py:93} INFO - No rows affected (0.152 seconds)
[2025-03-19T21:14:05.764+0000] {subprocess.py:93} INFO - INFO  : Compiling command(queryId=root_20250319211405_939bcc6c-3ed1-4dd0-82fd-622df5e4c4b7): ALTER TABLE transactions ADD IF NOT EXISTS PARTITION (batch_id='batch_20250319_211345') LOCATION '/data/transactions/transactions_batch_0'
[2025-03-19T21:14:05.765+0000] {subprocess.py:93} INFO - INFO  : Concurrency mode is disabled, not creating a lock manager
[2025-03-19T21:14:05.766+0000] {subprocess.py:93} INFO - INFO  : Semantic Analysis Completed (retrial = false)
[2025-03-19T21:14:05.767+0000] {subprocess.py:93} INFO - INFO  : Returning Hive schema: Schema(fieldSchemas:null, properties:null)
[2025-03-19T21:14:05.768+0000] {subprocess.py:93} INFO - INFO  : Completed compiling command(queryId=root_20250319211405_939bcc6c-3ed1-4dd0-82fd-622df5e4c4b7); Time taken: 0.028 seconds
[2025-03-19T21:14:05.769+0000] {subprocess.py:93} INFO - INFO  : Concurrency mode is disabled, not creating a lock manager
[2025-03-19T21:14:05.769+0000] {subprocess.py:93} INFO - INFO  : Executing command(queryId=root_20250319211405_939bcc6c-3ed1-4dd0-82fd-622df5e4c4b7): ALTER TABLE transactions ADD IF NOT EXISTS PARTITION (batch_id='batch_20250319_211345') LOCATION '/data/transactions/transactions_batch_0'
[2025-03-19T21:14:05.770+0000] {subprocess.py:93} INFO - INFO  : Starting task [Stage-0:DDL] in serial mode
[2025-03-19T21:14:05.771+0000] {subprocess.py:93} INFO - INFO  : Completed executing command(queryId=root_20250319211405_939bcc6c-3ed1-4dd0-82fd-622df5e4c4b7); Time taken: 0.119 seconds
[2025-03-19T21:14:05.772+0000] {subprocess.py:93} INFO - INFO  : OK
[2025-03-19T21:14:05.773+0000] {subprocess.py:93} INFO - INFO  : Concurrency mode is disabled, not creating a lock manager
[2025-03-19T21:14:05.774+0000] {subprocess.py:93} INFO - No rows affected (0.169 seconds)
[2025-03-19T21:14:05.774+0000] {subprocess.py:93} INFO - Beeline version 3.1.3 by Apache Hive
[2025-03-19T21:14:05.779+0000] {subprocess.py:93} INFO - Closing: 0: jdbc:hive2://localhost:10000
[2025-03-19T21:14:05.846+0000] {subprocess.py:97} INFO - Command exited with return code 0
[2025-03-19T21:14:05.902+0000] {taskinstance.py:1398} INFO - Marking task as SUCCESS. dag_id=transactions_pipeline, task_id=create_hive_table, execution_date=20250319T211345, start_date=20250319T211359, end_date=20250319T211405
[2025-03-19T21:14:05.977+0000] {local_task_job_runner.py:228} INFO - Task exited with return code 0
[2025-03-19T21:14:06.014+0000] {taskinstance.py:2776} INFO - 1 downstream tasks scheduled from follow-on schedule check
