[2025-03-20T11:51:52.144+0000] {taskinstance.py:1157} INFO - Dependencies all met for dep_context=non-requeueable deps ti=<TaskInstance: transactions_pipeline.detect_fraud manual__2025-03-20T11:51:37.262108+00:00 [queued]>
[2025-03-20T11:51:52.160+0000] {taskinstance.py:1157} INFO - Dependencies all met for dep_context=requeueable deps ti=<TaskInstance: transactions_pipeline.detect_fraud manual__2025-03-20T11:51:37.262108+00:00 [queued]>
[2025-03-20T11:51:52.161+0000] {taskinstance.py:1359} INFO - Starting attempt 1 of 1
[2025-03-20T11:51:52.184+0000] {taskinstance.py:1380} INFO - Executing <Task(BashOperator): detect_fraud> on 2025-03-20 11:51:37.262108+00:00
[2025-03-20T11:51:52.194+0000] {standard_task_runner.py:57} INFO - Started process 415 to run task
[2025-03-20T11:51:52.198+0000] {standard_task_runner.py:84} INFO - Running: ['***', 'tasks', 'run', 'transactions_pipeline', 'detect_fraud', 'manual__2025-03-20T11:51:37.262108+00:00', '--job-id', '283', '--raw', '--subdir', 'DAGS_FOLDER/fraud_detection_pipeline.py', '--cfg-path', '/tmp/tmpj_67vqvh']
[2025-03-20T11:51:52.204+0000] {standard_task_runner.py:85} INFO - Job 283: Subtask detect_fraud
[2025-03-20T11:51:52.265+0000] {task_command.py:415} INFO - Running <TaskInstance: transactions_pipeline.detect_fraud manual__2025-03-20T11:51:37.262108+00:00 [running]> on host 5f77b09047b0
[2025-03-20T11:51:52.398+0000] {taskinstance.py:1660} INFO - Exporting env vars: AIRFLOW_CTX_DAG_OWNER='***' AIRFLOW_CTX_DAG_ID='transactions_pipeline' AIRFLOW_CTX_TASK_ID='detect_fraud' AIRFLOW_CTX_EXECUTION_DATE='2025-03-20T11:51:37.262108+00:00' AIRFLOW_CTX_TRY_NUMBER='1' AIRFLOW_CTX_DAG_RUN_ID='manual__2025-03-20T11:51:37.262108+00:00'
[2025-03-20T11:51:52.402+0000] {subprocess.py:63} INFO - Tmp dir root location: /tmp
[2025-03-20T11:51:52.404+0000] {subprocess.py:75} INFO - Running command: ['/bin/bash', '-c', '\n    docker exec hive beeline -u "jdbc:hive2://localhost:10000" --hiveconf hive.exec.dynamic.partition.mode=nonstrict -e"\n    CREATE TABLE IF NOT EXISTS fraud_detections (\n        transaction_id STRING,\n        date_time STRING,\n        amount DOUBLE,\n        customer_id STRING,\n        location STRING,\n        fraud_reason STRING\n    )\n    STORED AS PARQUET\n    LOCATION \'/data/fraud_detections\';\n    INSERT INTO TABLE fraud_detections\n    SELECT\n        t.transaction_id,\n        t.date_time,\n        t.amount,\n        t.customer_id,\n        t.location,\n        \'High Amount\' AS fraud_reason\n    FROM transactions t\n    WHERE t.batch_id = \'batch_0\'\n    AND t.amount > 1000;"\n    ']
[2025-03-20T11:51:52.414+0000] {subprocess.py:86} INFO - Output:
[2025-03-20T11:51:53.484+0000] {subprocess.py:93} INFO - SLF4J: Class path contains multiple SLF4J bindings.
[2025-03-20T11:51:53.487+0000] {subprocess.py:93} INFO - SLF4J: Found binding in [jar:file:/opt/hive/lib/log4j-slf4j-impl-2.17.1.jar!/org/slf4j/impl/StaticLoggerBinder.class]
[2025-03-20T11:51:53.488+0000] {subprocess.py:93} INFO - SLF4J: Found binding in [jar:file:/opt/hadoop/share/hadoop/common/lib/slf4j-log4j12-1.7.25.jar!/org/slf4j/impl/StaticLoggerBinder.class]
[2025-03-20T11:51:53.489+0000] {subprocess.py:93} INFO - SLF4J: See http://www.slf4j.org/codes.html#multiple_bindings for an explanation.
[2025-03-20T11:51:53.649+0000] {subprocess.py:93} INFO - SLF4J: Actual binding is of type [org.apache.logging.slf4j.Log4jLoggerFactory]
[2025-03-20T11:51:54.938+0000] {subprocess.py:93} INFO - Connecting to jdbc:hive2://localhost:10000
[2025-03-20T11:51:55.230+0000] {subprocess.py:93} INFO - Connected to: Apache Hive (version 3.1.3)
[2025-03-20T11:51:55.232+0000] {subprocess.py:93} INFO - Driver: Hive JDBC (version 3.1.3)
[2025-03-20T11:51:55.233+0000] {subprocess.py:93} INFO - Transaction isolation: TRANSACTION_REPEATABLE_READ
[2025-03-20T11:51:55.341+0000] {subprocess.py:93} INFO - INFO  : Compiling command(queryId=root_20250320115155_fd8b3071-9229-480f-9857-20e6aeea318b): CREATE TABLE IF NOT EXISTS fraud_detections (
[2025-03-20T11:51:55.342+0000] {subprocess.py:93} INFO -         transaction_id STRING,
[2025-03-20T11:51:55.344+0000] {subprocess.py:93} INFO -         date_time STRING,
[2025-03-20T11:51:55.346+0000] {subprocess.py:93} INFO -         amount DOUBLE,
[2025-03-20T11:51:55.347+0000] {subprocess.py:93} INFO -         customer_id STRING,
[2025-03-20T11:51:55.348+0000] {subprocess.py:93} INFO -         location STRING,
[2025-03-20T11:51:55.348+0000] {subprocess.py:93} INFO -         fraud_reason STRING
[2025-03-20T11:51:55.349+0000] {subprocess.py:93} INFO -     )
[2025-03-20T11:51:55.350+0000] {subprocess.py:93} INFO -     STORED AS PARQUET
[2025-03-20T11:51:55.350+0000] {subprocess.py:93} INFO -     LOCATION '/data/fraud_detections'
[2025-03-20T11:51:55.351+0000] {subprocess.py:93} INFO - INFO  : Concurrency mode is disabled, not creating a lock manager
[2025-03-20T11:51:55.351+0000] {subprocess.py:93} INFO - INFO  : Semantic Analysis Completed (retrial = false)
[2025-03-20T11:51:55.352+0000] {subprocess.py:93} INFO - INFO  : Returning Hive schema: Schema(fieldSchemas:null, properties:null)
[2025-03-20T11:51:55.352+0000] {subprocess.py:93} INFO - INFO  : Completed compiling command(queryId=root_20250320115155_fd8b3071-9229-480f-9857-20e6aeea318b); Time taken: 0.042 seconds
[2025-03-20T11:51:55.353+0000] {subprocess.py:93} INFO - INFO  : Concurrency mode is disabled, not creating a lock manager
[2025-03-20T11:51:55.353+0000] {subprocess.py:93} INFO - INFO  : Executing command(queryId=root_20250320115155_fd8b3071-9229-480f-9857-20e6aeea318b): CREATE TABLE IF NOT EXISTS fraud_detections (
[2025-03-20T11:51:55.354+0000] {subprocess.py:93} INFO -         transaction_id STRING,
[2025-03-20T11:51:55.355+0000] {subprocess.py:93} INFO -         date_time STRING,
[2025-03-20T11:51:55.355+0000] {subprocess.py:93} INFO -         amount DOUBLE,
[2025-03-20T11:51:55.356+0000] {subprocess.py:93} INFO -         customer_id STRING,
[2025-03-20T11:51:55.356+0000] {subprocess.py:93} INFO -         location STRING,
[2025-03-20T11:51:55.357+0000] {subprocess.py:93} INFO -         fraud_reason STRING
[2025-03-20T11:51:55.357+0000] {subprocess.py:93} INFO -     )
[2025-03-20T11:51:55.358+0000] {subprocess.py:93} INFO -     STORED AS PARQUET
[2025-03-20T11:51:55.359+0000] {subprocess.py:93} INFO -     LOCATION '/data/fraud_detections'
[2025-03-20T11:51:55.359+0000] {subprocess.py:93} INFO - INFO  : Completed executing command(queryId=root_20250320115155_fd8b3071-9229-480f-9857-20e6aeea318b); Time taken: 0.001 seconds
[2025-03-20T11:51:55.360+0000] {subprocess.py:93} INFO - INFO  : OK
[2025-03-20T11:51:55.362+0000] {subprocess.py:93} INFO - INFO  : Concurrency mode is disabled, not creating a lock manager
[2025-03-20T11:51:55.363+0000] {subprocess.py:93} INFO - No rows affected (0.094 seconds)
[2025-03-20T11:51:56.781+0000] {subprocess.py:93} INFO - INFO  : Compiling command(queryId=root_20250320115155_7ef1bde4-e78f-4ed1-bd09-9812c7a9290f): INSERT INTO TABLE fraud_detections
[2025-03-20T11:51:56.782+0000] {subprocess.py:93} INFO -     SELECT
[2025-03-20T11:51:56.782+0000] {subprocess.py:93} INFO -         t.transaction_id,
[2025-03-20T11:51:56.783+0000] {subprocess.py:93} INFO -         t.date_time,
[2025-03-20T11:51:56.784+0000] {subprocess.py:93} INFO -         t.amount,
[2025-03-20T11:51:56.784+0000] {subprocess.py:93} INFO -         t.customer_id,
[2025-03-20T11:51:56.785+0000] {subprocess.py:93} INFO -         t.location,
[2025-03-20T11:51:56.786+0000] {subprocess.py:93} INFO -         'High Amount' AS fraud_reason
[2025-03-20T11:51:56.786+0000] {subprocess.py:93} INFO -     FROM transactions t
[2025-03-20T11:51:56.787+0000] {subprocess.py:93} INFO -     WHERE t.batch_id = 'batch_0'
[2025-03-20T11:51:56.787+0000] {subprocess.py:93} INFO -     AND t.amount > 1000
[2025-03-20T11:51:56.788+0000] {subprocess.py:93} INFO - INFO  : Concurrency mode is disabled, not creating a lock manager
[2025-03-20T11:51:56.789+0000] {subprocess.py:93} INFO - INFO  : Semantic Analysis Completed (retrial = false)
[2025-03-20T11:51:56.789+0000] {subprocess.py:93} INFO - INFO  : Returning Hive schema: Schema(fieldSchemas:[FieldSchema(name:t.transaction_id, type:string, comment:null), FieldSchema(name:t.date_time, type:string, comment:null), FieldSchema(name:t.amount, type:double, comment:null), FieldSchema(name:t.customer_id, type:string, comment:null), FieldSchema(name:t.location, type:string, comment:null), FieldSchema(name:fraud_reason, type:string, comment:null)], properties:null)
[2025-03-20T11:51:56.790+0000] {subprocess.py:93} INFO - INFO  : Completed compiling command(queryId=root_20250320115155_7ef1bde4-e78f-4ed1-bd09-9812c7a9290f); Time taken: 0.4 seconds
[2025-03-20T11:51:56.790+0000] {subprocess.py:93} INFO - INFO  : Concurrency mode is disabled, not creating a lock manager
[2025-03-20T11:51:56.791+0000] {subprocess.py:93} INFO - INFO  : Executing command(queryId=root_20250320115155_7ef1bde4-e78f-4ed1-bd09-9812c7a9290f): INSERT INTO TABLE fraud_detections
[2025-03-20T11:51:56.791+0000] {subprocess.py:93} INFO -     SELECT
[2025-03-20T11:51:56.792+0000] {subprocess.py:93} INFO -         t.transaction_id,
[2025-03-20T11:51:56.792+0000] {subprocess.py:93} INFO -         t.date_time,
[2025-03-20T11:51:56.793+0000] {subprocess.py:93} INFO -         t.amount,
[2025-03-20T11:51:56.793+0000] {subprocess.py:93} INFO -         t.customer_id,
[2025-03-20T11:51:56.794+0000] {subprocess.py:93} INFO -         t.location,
[2025-03-20T11:51:56.796+0000] {subprocess.py:93} INFO -         'High Amount' AS fraud_reason
[2025-03-20T11:51:56.797+0000] {subprocess.py:93} INFO -     FROM transactions t
[2025-03-20T11:51:56.797+0000] {subprocess.py:93} INFO -     WHERE t.batch_id = 'batch_0'
[2025-03-20T11:51:56.798+0000] {subprocess.py:93} INFO -     AND t.amount > 1000
[2025-03-20T11:51:56.798+0000] {subprocess.py:93} INFO - INFO  : Query ID = root_20250320115155_7ef1bde4-e78f-4ed1-bd09-9812c7a9290f
[2025-03-20T11:51:56.799+0000] {subprocess.py:93} INFO - INFO  : Total jobs = 1
[2025-03-20T11:51:56.800+0000] {subprocess.py:93} INFO - INFO  : Launching Job 1 out of 1
[2025-03-20T11:51:56.800+0000] {subprocess.py:93} INFO - INFO  : Starting task [Stage-1:MAPRED] in serial mode
[2025-03-20T11:51:59.531+0000] {subprocess.py:93} INFO - ERROR : FAILED: Execution Error, return code 30041 from org.apache.hadoop.hive.ql.exec.spark.SparkTask. Failed to create Spark client for Spark session b73f036b-2037-459f-ac1b-bbcf7915b9d7
[2025-03-20T11:51:59.532+0000] {subprocess.py:93} INFO - INFO  : Completed executing command(queryId=root_20250320115155_7ef1bde4-e78f-4ed1-bd09-9812c7a9290f); Time taken: 3.744 seconds
[2025-03-20T11:51:59.533+0000] {subprocess.py:93} INFO - INFO  : Concurrency mode is disabled, not creating a lock manager
[2025-03-20T11:51:59.549+0000] {subprocess.py:93} INFO - Error: Error while processing statement: FAILED: Execution Error, return code 30041 from org.apache.hadoop.hive.ql.exec.spark.SparkTask. Failed to create Spark client for Spark session b73f036b-2037-459f-ac1b-bbcf7915b9d7 (state=42000,code=30041)
[2025-03-20T11:51:59.558+0000] {subprocess.py:93} INFO - Closing: 0: jdbc:hive2://localhost:10000
[2025-03-20T11:51:59.651+0000] {subprocess.py:97} INFO - Command exited with return code 1
[2025-03-20T11:51:59.666+0000] {taskinstance.py:1935} ERROR - Task failed with exception
Traceback (most recent call last):
  File "/home/airflow/.local/lib/python3.8/site-packages/airflow/operators/bash.py", line 210, in execute
    raise AirflowException(
airflow.exceptions.AirflowException: Bash command failed. The command returned a non-zero exit code 1.
[2025-03-20T11:51:59.670+0000] {taskinstance.py:1398} INFO - Marking task as FAILED. dag_id=transactions_pipeline, task_id=detect_fraud, execution_date=20250320T115137, start_date=20250320T115152, end_date=20250320T115159
[2025-03-20T11:51:59.686+0000] {standard_task_runner.py:104} ERROR - Failed to execute job 283 for task detect_fraud (Bash command failed. The command returned a non-zero exit code 1.; 415)
[2025-03-20T11:51:59.704+0000] {local_task_job_runner.py:228} INFO - Task exited with return code 1
[2025-03-20T11:51:59.722+0000] {taskinstance.py:2776} INFO - 0 downstream tasks scheduled from follow-on schedule check
