[2025-03-20T13:53:19.999+0000] {taskinstance.py:1157} INFO - Dependencies all met for dep_context=non-requeueable deps ti=<TaskInstance: transactions_pipeline.copy_to_hdfs manual__2025-03-20T13:53:15.391550+00:00 [queued]>
[2025-03-20T13:53:20.015+0000] {taskinstance.py:1157} INFO - Dependencies all met for dep_context=requeueable deps ti=<TaskInstance: transactions_pipeline.copy_to_hdfs manual__2025-03-20T13:53:15.391550+00:00 [queued]>
[2025-03-20T13:53:20.016+0000] {taskinstance.py:1359} INFO - Starting attempt 1 of 1
[2025-03-20T13:53:20.034+0000] {taskinstance.py:1380} INFO - Executing <Task(BashOperator): copy_to_hdfs> on 2025-03-20 13:53:15.391550+00:00
[2025-03-20T13:53:20.043+0000] {standard_task_runner.py:57} INFO - Started process 2110 to run task
[2025-03-20T13:53:20.046+0000] {standard_task_runner.py:84} INFO - Running: ['***', 'tasks', 'run', 'transactions_pipeline', 'copy_to_hdfs', 'manual__2025-03-20T13:53:15.391550+00:00', '--job-id', '342', '--raw', '--subdir', 'DAGS_FOLDER/fraud_detection_pipeline.py', '--cfg-path', '/tmp/tmpkef2azw1']
[2025-03-20T13:53:20.049+0000] {standard_task_runner.py:85} INFO - Job 342: Subtask copy_to_hdfs
[2025-03-20T13:53:20.108+0000] {task_command.py:415} INFO - Running <TaskInstance: transactions_pipeline.copy_to_hdfs manual__2025-03-20T13:53:15.391550+00:00 [running]> on host 3938a1dd8bd9
[2025-03-20T13:53:20.355+0000] {taskinstance.py:1660} INFO - Exporting env vars: AIRFLOW_CTX_DAG_OWNER='***' AIRFLOW_CTX_DAG_ID='transactions_pipeline' AIRFLOW_CTX_TASK_ID='copy_to_hdfs' AIRFLOW_CTX_EXECUTION_DATE='2025-03-20T13:53:15.391550+00:00' AIRFLOW_CTX_TRY_NUMBER='1' AIRFLOW_CTX_DAG_RUN_ID='manual__2025-03-20T13:53:15.391550+00:00'
[2025-03-20T13:53:20.358+0000] {subprocess.py:63} INFO - Tmp dir root location: /tmp
[2025-03-20T13:53:20.359+0000] {subprocess.py:75} INFO - Running command: ['/bin/bash', '-c', 'docker exec hive hdfs dfs -mkdir -p /data/transactions/transactions_batch_20250320_135205 && docker exec hive hdfs dfs -put -f /data/transactions/transactions_batch_20250320_135205.parquet /data/transactions/transactions_batch_20250320_135205/']
[2025-03-20T13:53:20.381+0000] {subprocess.py:86} INFO - Output:
[2025-03-20T13:53:30.356+0000] {subprocess.py:93} INFO - put: File does not exist: /data/transactions/transactions_batch_20250320_135205/transactions_batch_20250320_135205.parquet._COPYING_ (inode 16746) Holder DFSClient_NONMAPREDUCE_281704317_1 does not have any open files.
[2025-03-20T13:53:30.793+0000] {subprocess.py:97} INFO - Command exited with return code 1
[2025-03-20T13:53:30.810+0000] {taskinstance.py:1935} ERROR - Task failed with exception
Traceback (most recent call last):
  File "/home/airflow/.local/lib/python3.8/site-packages/airflow/operators/bash.py", line 210, in execute
    raise AirflowException(
airflow.exceptions.AirflowException: Bash command failed. The command returned a non-zero exit code 1.
[2025-03-20T13:53:30.815+0000] {taskinstance.py:1398} INFO - Marking task as FAILED. dag_id=transactions_pipeline, task_id=copy_to_hdfs, execution_date=20250320T135315, start_date=20250320T135320, end_date=20250320T135330
[2025-03-20T13:53:30.843+0000] {standard_task_runner.py:104} ERROR - Failed to execute job 342 for task copy_to_hdfs (Bash command failed. The command returned a non-zero exit code 1.; 2110)
[2025-03-20T13:53:30.882+0000] {local_task_job_runner.py:228} INFO - Task exited with return code 1
[2025-03-20T13:53:30.914+0000] {taskinstance.py:2776} INFO - 0 downstream tasks scheduled from follow-on schedule check
