[2025-03-21T13:32:51.621+0000] {taskinstance.py:1157} INFO - Dependencies all met for dep_context=non-requeueable deps ti=<TaskInstance: transactions_pipeline.create_hive_table_batch_20250321_131625 manual__2025-03-21T13:31:53.143260+00:00 [queued]>
[2025-03-21T13:32:51.676+0000] {taskinstance.py:1157} INFO - Dependencies all met for dep_context=requeueable deps ti=<TaskInstance: transactions_pipeline.create_hive_table_batch_20250321_131625 manual__2025-03-21T13:31:53.143260+00:00 [queued]>
[2025-03-21T13:32:51.683+0000] {taskinstance.py:1359} INFO - Starting attempt 1 of 1
[2025-03-21T13:32:51.760+0000] {taskinstance.py:1380} INFO - Executing <Task(BashOperator): create_hive_table_batch_20250321_131625> on 2025-03-21 13:31:53.143260+00:00
[2025-03-21T13:32:51.793+0000] {standard_task_runner.py:57} INFO - Started process 2443 to run task
[2025-03-21T13:32:51.806+0000] {standard_task_runner.py:84} INFO - Running: ['***', 'tasks', 'run', 'transactions_pipeline', 'create_hive_table_batch_20250321_131625', 'manual__2025-03-21T13:31:53.143260+00:00', '--job-id', '639', '--raw', '--subdir', 'DAGS_FOLDER/fraud_detection_pipeline.py', '--cfg-path', '/tmp/tmpn4_8kdju']
[2025-03-21T13:32:51.814+0000] {standard_task_runner.py:85} INFO - Job 639: Subtask create_hive_table_batch_20250321_131625
[2025-03-21T13:32:52.102+0000] {task_command.py:415} INFO - Running <TaskInstance: transactions_pipeline.create_hive_table_batch_20250321_131625 manual__2025-03-21T13:31:53.143260+00:00 [running]> on host 1b7c3466167a
[2025-03-21T13:32:52.636+0000] {taskinstance.py:1660} INFO - Exporting env vars: AIRFLOW_CTX_DAG_EMAIL='rabiizahnoune7@gmail.com' AIRFLOW_CTX_DAG_OWNER='***' AIRFLOW_CTX_DAG_ID='transactions_pipeline' AIRFLOW_CTX_TASK_ID='create_hive_table_batch_20250321_131625' AIRFLOW_CTX_EXECUTION_DATE='2025-03-21T13:31:53.143260+00:00' AIRFLOW_CTX_TRY_NUMBER='1' AIRFLOW_CTX_DAG_RUN_ID='manual__2025-03-21T13:31:53.143260+00:00'
[2025-03-21T13:32:52.664+0000] {subprocess.py:63} INFO - Tmp dir root location: /tmp
[2025-03-21T13:32:52.672+0000] {subprocess.py:75} INFO - Running command: ['/bin/bash', '-c', '\n            docker exec hive beeline -u "jdbc:hive2://localhost:10000" --hiveconf hive.exec.dynamic.partition.mode=nonstrict -e "\n            CREATE EXTERNAL TABLE IF NOT EXISTS transactions (\n                transaction_id STRING,\n                date_time STRING,\n                amount DOUBLE,\n                currency STRING,\n                merchant_details STRING,\n                customer_id STRING,\n                transaction_type STRING,\n                location STRING\n            )\n            PARTITIONED BY (batch_id STRING)\n            STORED AS PARQUET;\n            ALTER TABLE transactions ADD IF NOT EXISTS PARTITION (batch_id=\'batch_20250321_131625\') LOCATION \'/data/transactions/transactions_batch_20250321_131625\';"\n            ']
[2025-03-21T13:32:52.754+0000] {subprocess.py:86} INFO - Output:
[2025-03-21T13:33:22.531+0000] {subprocess.py:93} INFO - SLF4J: Class path contains multiple SLF4J bindings.
[2025-03-21T13:33:22.533+0000] {subprocess.py:93} INFO - SLF4J: Found binding in [jar:file:/opt/hive/lib/log4j-slf4j-impl-2.17.1.jar!/org/slf4j/impl/StaticLoggerBinder.class]
[2025-03-21T13:33:22.534+0000] {subprocess.py:93} INFO - SLF4J: Found binding in [jar:file:/opt/hadoop/share/hadoop/common/lib/slf4j-log4j12-1.7.25.jar!/org/slf4j/impl/StaticLoggerBinder.class]
[2025-03-21T13:33:22.535+0000] {subprocess.py:93} INFO - SLF4J: See http://www.slf4j.org/codes.html#multiple_bindings for an explanation.
[2025-03-21T13:33:24.248+0000] {subprocess.py:93} INFO - SLF4J: Actual binding is of type [org.apache.logging.slf4j.Log4jLoggerFactory]
[2025-03-21T13:33:42.437+0000] {subprocess.py:93} INFO - Connecting to jdbc:hive2://localhost:10000
[2025-03-21T13:33:46.424+0000] {subprocess.py:93} INFO - Connected to: Apache Hive (version 3.1.3)
[2025-03-21T13:33:46.426+0000] {subprocess.py:93} INFO - Driver: Hive JDBC (version 3.1.3)
[2025-03-21T13:33:46.437+0000] {subprocess.py:93} INFO - Transaction isolation: TRANSACTION_REPEATABLE_READ
[2025-03-21T13:33:48.904+0000] {subprocess.py:93} INFO - INFO  : Compiling command(queryId=root_20250321133347_ed792c6e-135e-414c-b210-c13cbce62174): CREATE EXTERNAL TABLE IF NOT EXISTS transactions (
[2025-03-21T13:33:48.939+0000] {subprocess.py:93} INFO -                 transaction_id STRING,
[2025-03-21T13:33:48.940+0000] {subprocess.py:93} INFO -                 date_time STRING,
[2025-03-21T13:33:48.943+0000] {subprocess.py:93} INFO -                 amount DOUBLE,
[2025-03-21T13:33:48.955+0000] {subprocess.py:93} INFO -                 currency STRING,
[2025-03-21T13:33:48.956+0000] {subprocess.py:93} INFO -                 merchant_details STRING,
[2025-03-21T13:33:48.956+0000] {subprocess.py:93} INFO -                 customer_id STRING,
[2025-03-21T13:33:48.957+0000] {subprocess.py:93} INFO -                 transaction_type STRING,
[2025-03-21T13:33:48.958+0000] {subprocess.py:93} INFO -                 location STRING
[2025-03-21T13:33:48.959+0000] {subprocess.py:93} INFO -             )
[2025-03-21T13:33:48.959+0000] {subprocess.py:93} INFO -             PARTITIONED BY (batch_id STRING)
[2025-03-21T13:33:48.960+0000] {subprocess.py:93} INFO -             STORED AS PARQUET
[2025-03-21T13:33:48.961+0000] {subprocess.py:93} INFO - INFO  : Concurrency mode is disabled, not creating a lock manager
[2025-03-21T13:33:48.962+0000] {subprocess.py:93} INFO - INFO  : Semantic Analysis Completed (retrial = false)
[2025-03-21T13:33:48.972+0000] {subprocess.py:93} INFO - INFO  : Returning Hive schema: Schema(fieldSchemas:null, properties:null)
[2025-03-21T13:33:48.972+0000] {subprocess.py:93} INFO - INFO  : Completed compiling command(queryId=root_20250321133347_ed792c6e-135e-414c-b210-c13cbce62174); Time taken: 0.186 seconds
[2025-03-21T13:33:48.973+0000] {subprocess.py:93} INFO - INFO  : Concurrency mode is disabled, not creating a lock manager
[2025-03-21T13:33:48.973+0000] {subprocess.py:93} INFO - INFO  : Executing command(queryId=root_20250321133347_ed792c6e-135e-414c-b210-c13cbce62174): CREATE EXTERNAL TABLE IF NOT EXISTS transactions (
[2025-03-21T13:33:48.974+0000] {subprocess.py:93} INFO -                 transaction_id STRING,
[2025-03-21T13:33:48.975+0000] {subprocess.py:93} INFO -                 date_time STRING,
[2025-03-21T13:33:48.976+0000] {subprocess.py:93} INFO -                 amount DOUBLE,
[2025-03-21T13:33:48.976+0000] {subprocess.py:93} INFO -                 currency STRING,
[2025-03-21T13:33:48.977+0000] {subprocess.py:93} INFO -                 merchant_details STRING,
[2025-03-21T13:33:48.977+0000] {subprocess.py:93} INFO -                 customer_id STRING,
[2025-03-21T13:33:48.978+0000] {subprocess.py:93} INFO -                 transaction_type STRING,
[2025-03-21T13:33:48.978+0000] {subprocess.py:93} INFO -                 location STRING
[2025-03-21T13:33:48.979+0000] {subprocess.py:93} INFO -             )
[2025-03-21T13:33:48.980+0000] {subprocess.py:93} INFO -             PARTITIONED BY (batch_id STRING)
[2025-03-21T13:33:48.995+0000] {subprocess.py:93} INFO -             STORED AS PARQUET
[2025-03-21T13:33:48.996+0000] {subprocess.py:93} INFO - INFO  : Completed executing command(queryId=root_20250321133347_ed792c6e-135e-414c-b210-c13cbce62174); Time taken: 0.001 seconds
[2025-03-21T13:33:49.004+0000] {subprocess.py:93} INFO - INFO  : OK
[2025-03-21T13:33:49.005+0000] {subprocess.py:93} INFO - INFO  : Concurrency mode is disabled, not creating a lock manager
[2025-03-21T13:33:49.009+0000] {subprocess.py:93} INFO - No rows affected (2.18 seconds)
[2025-03-21T13:33:50.326+0000] {subprocess.py:93} INFO - INFO  : Compiling command(queryId=root_20250321133349_a689f7a9-2c99-4c19-b08f-2d5b09f104bf): ALTER TABLE transactions ADD IF NOT EXISTS PARTITION (batch_id='batch_20250321_131625') LOCATION '/data/transactions/transactions_batch_20250321_131625'
[2025-03-21T13:33:50.327+0000] {subprocess.py:93} INFO - INFO  : Concurrency mode is disabled, not creating a lock manager
[2025-03-21T13:33:50.328+0000] {subprocess.py:93} INFO - INFO  : Semantic Analysis Completed (retrial = false)
[2025-03-21T13:33:50.329+0000] {subprocess.py:93} INFO - INFO  : Returning Hive schema: Schema(fieldSchemas:null, properties:null)
[2025-03-21T13:33:50.329+0000] {subprocess.py:93} INFO - INFO  : Completed compiling command(queryId=root_20250321133349_a689f7a9-2c99-4c19-b08f-2d5b09f104bf); Time taken: 0.109 seconds
[2025-03-21T13:33:50.330+0000] {subprocess.py:93} INFO - INFO  : Concurrency mode is disabled, not creating a lock manager
[2025-03-21T13:33:50.331+0000] {subprocess.py:93} INFO - INFO  : Executing command(queryId=root_20250321133349_a689f7a9-2c99-4c19-b08f-2d5b09f104bf): ALTER TABLE transactions ADD IF NOT EXISTS PARTITION (batch_id='batch_20250321_131625') LOCATION '/data/transactions/transactions_batch_20250321_131625'
[2025-03-21T13:33:50.332+0000] {subprocess.py:93} INFO - INFO  : Starting task [Stage-0:DDL] in serial mode
[2025-03-21T13:33:50.610+0000] {subprocess.py:93} INFO - INFO  : Completed executing command(queryId=root_20250321133349_a689f7a9-2c99-4c19-b08f-2d5b09f104bf); Time taken: 0.788 seconds
[2025-03-21T13:33:50.611+0000] {subprocess.py:93} INFO - INFO  : OK
[2025-03-21T13:33:50.614+0000] {subprocess.py:93} INFO - INFO  : Concurrency mode is disabled, not creating a lock manager
[2025-03-21T13:33:50.615+0000] {subprocess.py:93} INFO - No rows affected (1.516 seconds)
[2025-03-21T13:33:50.693+0000] {subprocess.py:93} INFO - Beeline version 3.1.3 by Apache Hive
[2025-03-21T13:33:50.726+0000] {subprocess.py:93} INFO - Closing: 0: jdbc:hive2://localhost:10000
[2025-03-21T13:33:51.145+0000] {subprocess.py:97} INFO - Command exited with return code 0
[2025-03-21T13:33:51.217+0000] {taskinstance.py:1398} INFO - Marking task as SUCCESS. dag_id=transactions_pipeline, task_id=create_hive_table_batch_20250321_131625, execution_date=20250321T133153, start_date=20250321T133251, end_date=20250321T133351
[2025-03-21T13:33:51.285+0000] {local_task_job_runner.py:228} INFO - Task exited with return code 0
[2025-03-21T13:33:51.479+0000] {taskinstance.py:2776} INFO - 1 downstream tasks scheduled from follow-on schedule check
