[2025-03-21T13:50:04.966+0000] {taskinstance.py:1157} INFO - Dependencies all met for dep_context=non-requeueable deps ti=<TaskInstance: transactions_pipeline.detect_fraud_batch_20250321_131230 scheduled__2025-03-21T13:42:39.231672+00:00 [queued]>
[2025-03-21T13:50:05.006+0000] {taskinstance.py:1157} INFO - Dependencies all met for dep_context=requeueable deps ti=<TaskInstance: transactions_pipeline.detect_fraud_batch_20250321_131230 scheduled__2025-03-21T13:42:39.231672+00:00 [queued]>
[2025-03-21T13:50:05.012+0000] {taskinstance.py:1359} INFO - Starting attempt 1 of 1
[2025-03-21T13:50:05.100+0000] {taskinstance.py:1380} INFO - Executing <Task(BashOperator): detect_fraud_batch_20250321_131230> on 2025-03-21 13:42:39.231672+00:00
[2025-03-21T13:50:05.112+0000] {standard_task_runner.py:57} INFO - Started process 925 to run task
[2025-03-21T13:50:05.124+0000] {standard_task_runner.py:84} INFO - Running: ['***', 'tasks', 'run', 'transactions_pipeline', 'detect_fraud_batch_20250321_131230', 'scheduled__2025-03-21T13:42:39.231672+00:00', '--job-id', '724', '--raw', '--subdir', 'DAGS_FOLDER/fraud_detection_pipeline.py', '--cfg-path', '/tmp/tmpaq3tkmmy']
[2025-03-21T13:50:05.164+0000] {standard_task_runner.py:85} INFO - Job 724: Subtask detect_fraud_batch_20250321_131230
[2025-03-21T13:50:05.445+0000] {task_command.py:415} INFO - Running <TaskInstance: transactions_pipeline.detect_fraud_batch_20250321_131230 scheduled__2025-03-21T13:42:39.231672+00:00 [running]> on host e95638583d4d
[2025-03-21T13:50:05.837+0000] {taskinstance.py:1660} INFO - Exporting env vars: AIRFLOW_CTX_DAG_EMAIL='rabiizahnoune7@gmail.com' AIRFLOW_CTX_DAG_OWNER='***' AIRFLOW_CTX_DAG_ID='transactions_pipeline' AIRFLOW_CTX_TASK_ID='detect_fraud_batch_20250321_131230' AIRFLOW_CTX_EXECUTION_DATE='2025-03-21T13:42:39.231672+00:00' AIRFLOW_CTX_TRY_NUMBER='1' AIRFLOW_CTX_DAG_RUN_ID='scheduled__2025-03-21T13:42:39.231672+00:00'
[2025-03-21T13:50:05.846+0000] {subprocess.py:63} INFO - Tmp dir root location: /tmp
[2025-03-21T13:50:05.855+0000] {subprocess.py:75} INFO - Running command: ['/bin/bash', '-c', '\n            docker exec hive spark-submit --master spark://localhost:7077 /hive/scripts/detect_fraud.py "batch_20250321_131230"\n            ']
[2025-03-21T13:50:05.899+0000] {subprocess.py:86} INFO - Output:
[2025-03-21T13:50:37.518+0000] {subprocess.py:93} INFO - 25/03/21 13:50:37 INFO SparkContext: Running Spark version 3.5.0
[2025-03-21T13:50:37.610+0000] {subprocess.py:93} INFO - 25/03/21 13:50:37 INFO SparkContext: OS info Linux, 5.15.167.4-microsoft-standard-WSL2, amd64
[2025-03-21T13:50:37.618+0000] {subprocess.py:93} INFO - 25/03/21 13:50:37 INFO SparkContext: Java version 1.8.0_342
[2025-03-21T13:50:39.500+0000] {subprocess.py:93} INFO - 25/03/21 13:50:39 WARN NativeCodeLoader: Unable to load native-hadoop library for your platform... using builtin-java classes where applicable
[2025-03-21T13:50:42.499+0000] {subprocess.py:93} INFO - 25/03/21 13:50:42 INFO ResourceUtils: ==============================================================
[2025-03-21T13:50:42.500+0000] {subprocess.py:93} INFO - 25/03/21 13:50:42 INFO ResourceUtils: No custom resources configured for spark.driver.
[2025-03-21T13:50:42.501+0000] {subprocess.py:93} INFO - 25/03/21 13:50:42 INFO ResourceUtils: ==============================================================
[2025-03-21T13:50:42.502+0000] {subprocess.py:93} INFO - 25/03/21 13:50:42 INFO SparkContext: Submitted application: FraudDetection
[2025-03-21T13:50:43.004+0000] {subprocess.py:93} INFO - 25/03/21 13:50:42 INFO ResourceProfile: Default ResourceProfile created, executor resources: Map(memory -> name: memory, amount: 1024, script: , vendor: , offHeap -> name: offHeap, amount: 0, script: , vendor: ), task resources: Map(cpus -> name: cpus, amount: 1.0)
[2025-03-21T13:50:43.201+0000] {subprocess.py:93} INFO - 25/03/21 13:50:43 INFO ResourceProfile: Limiting resource is cpu
[2025-03-21T13:50:43.206+0000] {subprocess.py:93} INFO - 25/03/21 13:50:43 INFO ResourceProfileManager: Added ResourceProfile id: 0
[2025-03-21T13:50:44.504+0000] {subprocess.py:93} INFO - 25/03/21 13:50:44 INFO SecurityManager: Changing view acls to: root
[2025-03-21T13:50:44.507+0000] {subprocess.py:93} INFO - 25/03/21 13:50:44 INFO SecurityManager: Changing modify acls to: root
[2025-03-21T13:50:44.508+0000] {subprocess.py:93} INFO - 25/03/21 13:50:44 INFO SecurityManager: Changing view acls groups to:
[2025-03-21T13:50:44.509+0000] {subprocess.py:93} INFO - 25/03/21 13:50:44 INFO SecurityManager: Changing modify acls groups to:
[2025-03-21T13:50:44.510+0000] {subprocess.py:93} INFO - 25/03/21 13:50:44 INFO SecurityManager: SecurityManager: authentication disabled; ui acls disabled; users with view permissions: root; groups with view permissions: EMPTY; users with modify permissions: root; groups with modify permissions: EMPTY
[2025-03-21T13:50:49.610+0000] {subprocess.py:93} INFO - 25/03/21 13:50:49 INFO Utils: Successfully started service 'sparkDriver' on port 45051.
[2025-03-21T13:50:50.320+0000] {subprocess.py:93} INFO - 25/03/21 13:50:50 INFO SparkEnv: Registering MapOutputTracker
[2025-03-21T13:50:50.998+0000] {subprocess.py:93} INFO - 25/03/21 13:50:50 INFO SparkEnv: Registering BlockManagerMaster
[2025-03-21T13:50:51.299+0000] {subprocess.py:93} INFO - 25/03/21 13:50:51 INFO BlockManagerMasterEndpoint: Using org.apache.spark.storage.DefaultTopologyMapper for getting topology information
[2025-03-21T13:50:51.303+0000] {subprocess.py:93} INFO - 25/03/21 13:50:51 INFO BlockManagerMasterEndpoint: BlockManagerMasterEndpoint up
[2025-03-21T13:50:51.401+0000] {subprocess.py:93} INFO - 25/03/21 13:50:51 INFO SparkEnv: Registering BlockManagerMasterHeartbeat
[2025-03-21T13:50:53.813+0000] {subprocess.py:93} INFO - 25/03/21 13:50:53 INFO DiskBlockManager: Created local directory at /tmp/blockmgr-e00e774c-b1a4-461a-ab55-3cd0faea1ff5
[2025-03-21T13:50:54.421+0000] {subprocess.py:93} INFO - 25/03/21 13:50:54 INFO MemoryStore: MemoryStore started with capacity 366.3 MiB
[2025-03-21T13:50:55.003+0000] {subprocess.py:93} INFO - 25/03/21 13:50:54 INFO SparkEnv: Registering OutputCommitCoordinator
[2025-03-21T13:50:58.522+0000] {subprocess.py:93} INFO - 25/03/21 13:50:58 INFO JettyUtils: Start Jetty 0.0.0.0:4040 for SparkUI
[2025-03-21T13:51:00.303+0000] {subprocess.py:93} INFO - 25/03/21 13:51:00 WARN Utils: Service 'SparkUI' could not bind on port 4040. Attempting port 4041.
[2025-03-21T13:51:00.306+0000] {subprocess.py:93} INFO - 25/03/21 13:51:00 WARN Utils: Service 'SparkUI' could not bind on port 4041. Attempting port 4042.
[2025-03-21T13:51:00.319+0000] {subprocess.py:93} INFO - 25/03/21 13:51:00 WARN Utils: Service 'SparkUI' could not bind on port 4042. Attempting port 4043.
[2025-03-21T13:51:00.509+0000] {subprocess.py:93} INFO - 25/03/21 13:51:00 INFO Utils: Successfully started service 'SparkUI' on port 4043.
[2025-03-21T13:51:05.313+0000] {subprocess.py:93} INFO - 25/03/21 13:51:05 INFO StandaloneAppClient$ClientEndpoint: Connecting to master spark://localhost:7077...
[2025-03-21T13:51:05.669+0000] {subprocess.py:93} INFO - 25/03/21 13:51:05 INFO TransportClientFactory: Successfully created connection to localhost/127.0.0.1:7077 after 1083 ms (0 ms spent in bootstraps)
[2025-03-21T13:51:08.665+0000] {subprocess.py:93} INFO - 25/03/21 13:51:08 INFO StandaloneSchedulerBackend: Connected to Spark cluster with app ID app-20250321135108-0004
[2025-03-21T13:51:08.866+0000] {subprocess.py:93} INFO - 25/03/21 13:51:08 INFO Utils: Successfully started service 'org.apache.spark.network.netty.NettyBlockTransferService' on port 45791.
[2025-03-21T13:51:08.867+0000] {subprocess.py:93} INFO - 25/03/21 13:51:08 INFO NettyBlockTransferService: Server created on e0b25feeb0e2:45791
[2025-03-21T13:51:08.947+0000] {subprocess.py:93} INFO - 25/03/21 13:51:08 INFO BlockManager: Using org.apache.spark.storage.RandomBlockReplicationPolicy for block replication policy
[2025-03-21T13:51:09.050+0000] {subprocess.py:93} INFO - 25/03/21 13:51:09 INFO BlockManagerMaster: Registering BlockManager BlockManagerId(driver, e0b25feeb0e2, 45791, None)
[2025-03-21T13:51:09.248+0000] {subprocess.py:93} INFO - 25/03/21 13:51:09 INFO BlockManagerMasterEndpoint: Registering block manager e0b25feeb0e2:45791 with 366.3 MiB RAM, BlockManagerId(driver, e0b25feeb0e2, 45791, None)
[2025-03-21T13:51:09.353+0000] {subprocess.py:93} INFO - 25/03/21 13:51:09 INFO BlockManagerMaster: Registered BlockManager BlockManagerId(driver, e0b25feeb0e2, 45791, None)
[2025-03-21T13:51:09.356+0000] {subprocess.py:93} INFO - 25/03/21 13:51:09 INFO BlockManager: Initialized BlockManager: BlockManagerId(driver, e0b25feeb0e2, 45791, None)
[2025-03-21T13:51:19.258+0000] {subprocess.py:93} INFO - 25/03/21 13:51:19 INFO StandaloneSchedulerBackend: SchedulerBackend is ready for scheduling beginning after reached minRegisteredResourcesRatio: 0.0
[2025-03-21T13:51:24.272+0000] {subprocess.py:93} INFO - Spark version: 3.5.0
[2025-03-21T13:51:26.457+0000] {subprocess.py:93} INFO - 25/03/21 13:51:26 INFO SharedState: Setting hive.metastore.warehouse.dir ('null') to the value of spark.sql.warehouse.dir.
[2025-03-21T13:51:33.801+0000] {subprocess.py:93} INFO - 25/03/21 13:51:33 INFO SharedState: Warehouse path is 'hdfs://localhost:9000/data/warehouse'.
[2025-03-21T13:51:53.209+0000] {subprocess.py:93} INFO - 25/03/21 13:51:53 INFO InMemoryFileIndex: It took 1498 ms to list leaf files for 1 paths.
[2025-03-21T13:52:04.163+0000] {subprocess.py:93} INFO - 25/03/21 13:52:04 INFO SparkContext: Starting job: parquet at NativeMethodAccessorImpl.java:0
[2025-03-21T13:52:04.743+0000] {subprocess.py:93} INFO - 25/03/21 13:52:04 INFO DAGScheduler: Got job 0 (parquet at NativeMethodAccessorImpl.java:0) with 1 output partitions
[2025-03-21T13:52:04.747+0000] {subprocess.py:93} INFO - 25/03/21 13:52:04 INFO DAGScheduler: Final stage: ResultStage 0 (parquet at NativeMethodAccessorImpl.java:0)
[2025-03-21T13:52:04.750+0000] {subprocess.py:93} INFO - 25/03/21 13:52:04 INFO DAGScheduler: Parents of final stage: List()
[2025-03-21T13:52:04.752+0000] {subprocess.py:93} INFO - 25/03/21 13:52:04 INFO DAGScheduler: Missing parents: List()
[2025-03-21T13:52:04.948+0000] {subprocess.py:93} INFO - 25/03/21 13:52:04 INFO DAGScheduler: Submitting ResultStage 0 (MapPartitionsRDD[1] at parquet at NativeMethodAccessorImpl.java:0), which has no missing parents
[2025-03-21T13:52:05.949+0000] {subprocess.py:93} INFO - 25/03/21 13:52:05 INFO AsyncEventQueue: Process of event SparkListenerJobStart(0,1742565124749,WrappedArray(org.apache.spark.scheduler.StageInfo@3b99ade7),{spark.rdd.scope.noOverride=true, spark.rdd.scope={"id":"2","name":"collect"}}) by listener AppStatusListener took 1.010452036s.
[2025-03-21T13:52:06.863+0000] {subprocess.py:93} INFO - 25/03/21 13:52:06 INFO MemoryStore: Block broadcast_0 stored as values in memory (estimated size 103.3 KiB, free 366.2 MiB)
[2025-03-21T13:52:07.851+0000] {subprocess.py:93} INFO - 25/03/21 13:52:07 INFO MemoryStore: Block broadcast_0_piece0 stored as bytes in memory (estimated size 37.2 KiB, free 366.2 MiB)
[2025-03-21T13:52:07.862+0000] {subprocess.py:93} INFO - 25/03/21 13:52:07 INFO BlockManagerInfo: Added broadcast_0_piece0 in memory on e0b25feeb0e2:45791 (size: 37.2 KiB, free: 366.3 MiB)
[2025-03-21T13:52:07.960+0000] {subprocess.py:93} INFO - 25/03/21 13:52:07 INFO SparkContext: Created broadcast 0 from broadcast at DAGScheduler.scala:1580
[2025-03-21T13:52:08.246+0000] {subprocess.py:93} INFO - 25/03/21 13:52:08 INFO DAGScheduler: Submitting 1 missing tasks from ResultStage 0 (MapPartitionsRDD[1] at parquet at NativeMethodAccessorImpl.java:0) (first 15 tasks are for partitions Vector(0))
[2025-03-21T13:52:08.255+0000] {subprocess.py:93} INFO - 25/03/21 13:52:08 INFO TaskSchedulerImpl: Adding task set 0.0 with 1 tasks resource profile 0
[2025-03-21T13:52:23.368+0000] {subprocess.py:93} INFO - 25/03/21 13:52:23 WARN TaskSchedulerImpl: Initial job has not accepted any resources; check your cluster UI to ensure that workers are registered and have sufficient resources
[2025-03-21T13:52:38.368+0000] {subprocess.py:93} INFO - 25/03/21 13:52:38 WARN TaskSchedulerImpl: Initial job has not accepted any resources; check your cluster UI to ensure that workers are registered and have sufficient resources
[2025-03-21T13:52:53.439+0000] {subprocess.py:93} INFO - 25/03/21 13:52:53 WARN TaskSchedulerImpl: Initial job has not accepted any resources; check your cluster UI to ensure that workers are registered and have sufficient resources
[2025-03-21T13:53:08.442+0000] {subprocess.py:93} INFO - 25/03/21 13:53:08 WARN TaskSchedulerImpl: Initial job has not accepted any resources; check your cluster UI to ensure that workers are registered and have sufficient resources
[2025-03-21T13:53:23.367+0000] {subprocess.py:93} INFO - 25/03/21 13:53:23 WARN TaskSchedulerImpl: Initial job has not accepted any resources; check your cluster UI to ensure that workers are registered and have sufficient resources
[2025-03-21T13:53:38.413+0000] {subprocess.py:93} INFO - 25/03/21 13:53:38 WARN TaskSchedulerImpl: Initial job has not accepted any resources; check your cluster UI to ensure that workers are registered and have sufficient resources
[2025-03-21T13:53:53.368+0000] {subprocess.py:93} INFO - 25/03/21 13:53:53 WARN TaskSchedulerImpl: Initial job has not accepted any resources; check your cluster UI to ensure that workers are registered and have sufficient resources
[2025-03-21T13:54:08.413+0000] {subprocess.py:93} INFO - 25/03/21 13:54:08 WARN TaskSchedulerImpl: Initial job has not accepted any resources; check your cluster UI to ensure that workers are registered and have sufficient resources
[2025-03-21T13:54:09.531+0000] {subprocess.py:93} INFO - 25/03/21 13:54:09 INFO StandaloneAppClient$ClientEndpoint: Executor added: app-20250321135108-0004/0 on worker-20250321134653-172.18.0.2-40107 (172.18.0.2:40107) with 2 core(s)
[2025-03-21T13:54:09.623+0000] {subprocess.py:93} INFO - 25/03/21 13:54:09 INFO StandaloneSchedulerBackend: Granted executor ID app-20250321135108-0004/0 on hostPort 172.18.0.2:40107 with 2 core(s), 1024.0 MiB RAM
[2025-03-21T13:54:12.219+0000] {subprocess.py:93} INFO - 25/03/21 13:54:12 INFO StandaloneAppClient$ClientEndpoint: Executor updated: app-20250321135108-0004/0 is now RUNNING
[2025-03-21T13:54:23.367+0000] {subprocess.py:93} INFO - 25/03/21 13:54:23 WARN TaskSchedulerImpl: Initial job has not accepted any resources; check your cluster UI to ensure that workers are registered and have sufficient resources
[2025-03-21T13:54:27.582+0000] {subprocess.py:93} INFO - 25/03/21 13:54:27 INFO StandaloneSchedulerBackend$StandaloneDriverEndpoint: Registered executor NettyRpcEndpointRef(spark-client://Executor) (172.18.0.2:40226) with ID 0,  ResourceProfileId 0
[2025-03-21T13:54:28.273+0000] {subprocess.py:93} INFO - 25/03/21 13:54:28 INFO BlockManagerMasterEndpoint: Registering block manager 172.18.0.2:36085 with 366.3 MiB RAM, BlockManagerId(0, 172.18.0.2, 36085, None)
[2025-03-21T13:54:29.622+0000] {subprocess.py:93} INFO - 25/03/21 13:54:29 INFO TaskSetManager: Starting task 0.0 in stage 0.0 (TID 0) (172.18.0.2, executor 0, partition 0, PROCESS_LOCAL, 7831 bytes)
[2025-03-21T13:54:32.065+0000] {subprocess.py:93} INFO - 25/03/21 13:54:32 INFO BlockManagerInfo: Added broadcast_0_piece0 in memory on 172.18.0.2:36085 (size: 37.2 KiB, free: 366.3 MiB)
[2025-03-21T13:54:47.871+0000] {subprocess.py:93} INFO - 25/03/21 13:54:47 INFO TaskSetManager: Finished task 0.0 in stage 0.0 (TID 0) in 18703 ms on 172.18.0.2 (executor 0) (1/1)
[2025-03-21T13:54:47.874+0000] {subprocess.py:93} INFO - 25/03/21 13:54:47 INFO TaskSchedulerImpl: Removed TaskSet 0.0, whose tasks have all completed, from pool
[2025-03-21T13:54:47.958+0000] {subprocess.py:93} INFO - 25/03/21 13:54:47 INFO DAGScheduler: ResultStage 0 (parquet at NativeMethodAccessorImpl.java:0) finished in 162.308 s
[2025-03-21T13:54:47.971+0000] {subprocess.py:93} INFO - 25/03/21 13:54:47 INFO DAGScheduler: Job 0 is finished. Cancelling potential speculative or zombie tasks for this job
[2025-03-21T13:54:47.973+0000] {subprocess.py:93} INFO - 25/03/21 13:54:47 INFO TaskSchedulerImpl: Killing all running tasks in stage 0: Stage finished
[2025-03-21T13:54:47.983+0000] {subprocess.py:93} INFO - 25/03/21 13:54:47 INFO DAGScheduler: Job 0 finished: parquet at NativeMethodAccessorImpl.java:0, took 170.594428 s
[2025-03-21T13:54:57.029+0000] {subprocess.py:93} INFO - 25/03/21 13:54:57 INFO BlockManagerInfo: Removed broadcast_0_piece0 on e0b25feeb0e2:45791 in memory (size: 37.2 KiB, free: 366.3 MiB)
[2025-03-21T13:54:57.322+0000] {subprocess.py:93} INFO - 25/03/21 13:54:57 INFO BlockManagerInfo: Removed broadcast_0_piece0 on 172.18.0.2:36085 in memory (size: 37.2 KiB, free: 366.3 MiB)
[2025-03-21T13:55:06.136+0000] {subprocess.py:93} INFO - 25/03/21 13:55:06 INFO FileSourceStrategy: Pushed Filters: IsNotNull(amount),GreaterThan(amount,1000.0)
[2025-03-21T13:55:06.218+0000] {subprocess.py:93} INFO - 25/03/21 13:55:06 INFO FileSourceStrategy: Post-Scan Filters: isnotnull(amount#2),(amount#2 > 1000.0)
[2025-03-21T13:55:07.832+0000] {subprocess.py:93} INFO - 25/03/21 13:55:07 INFO ParquetUtils: Using default output committer for Parquet: org.apache.parquet.hadoop.ParquetOutputCommitter
[2025-03-21T13:55:08.034+0000] {subprocess.py:93} INFO - 25/03/21 13:55:08 INFO FileOutputCommitter: File Output Committer Algorithm version is 1
[2025-03-21T13:55:08.035+0000] {subprocess.py:93} INFO - 25/03/21 13:55:08 INFO FileOutputCommitter: FileOutputCommitter skip cleanup _temporary folders under output directory:false, ignore cleanup failures: false
[2025-03-21T13:55:08.111+0000] {subprocess.py:93} INFO - 25/03/21 13:55:08 INFO SQLHadoopMapReduceCommitProtocol: Using user defined output committer class org.apache.parquet.hadoop.ParquetOutputCommitter
[2025-03-21T13:55:08.112+0000] {subprocess.py:93} INFO - 25/03/21 13:55:08 INFO FileOutputCommitter: File Output Committer Algorithm version is 1
[2025-03-21T13:55:08.113+0000] {subprocess.py:93} INFO - 25/03/21 13:55:08 INFO FileOutputCommitter: FileOutputCommitter skip cleanup _temporary folders under output directory:false, ignore cleanup failures: false
[2025-03-21T13:55:08.114+0000] {subprocess.py:93} INFO - 25/03/21 13:55:08 INFO SQLHadoopMapReduceCommitProtocol: Using output committer class org.apache.parquet.hadoop.ParquetOutputCommitter
[2025-03-21T13:55:10.544+0000] {subprocess.py:93} INFO - 25/03/21 13:55:10 INFO CodeGenerator: Code generated in 1530.132255 ms
[2025-03-21T13:55:10.829+0000] {subprocess.py:93} INFO - 25/03/21 13:55:10 INFO MemoryStore: Block broadcast_1 stored as values in memory (estimated size 357.5 KiB, free 366.0 MiB)
[2025-03-21T13:55:10.927+0000] {subprocess.py:93} INFO - 25/03/21 13:55:10 INFO MemoryStore: Block broadcast_1_piece0 stored as bytes in memory (estimated size 35.2 KiB, free 365.9 MiB)
[2025-03-21T13:55:10.929+0000] {subprocess.py:93} INFO - 25/03/21 13:55:10 INFO BlockManagerInfo: Added broadcast_1_piece0 in memory on e0b25feeb0e2:45791 (size: 35.2 KiB, free: 366.3 MiB)
[2025-03-21T13:55:10.932+0000] {subprocess.py:93} INFO - 25/03/21 13:55:10 INFO SparkContext: Created broadcast 1 from parquet at NativeMethodAccessorImpl.java:0
[2025-03-21T13:55:11.035+0000] {subprocess.py:93} INFO - 25/03/21 13:55:11 INFO FileSourceScanExec: Planning scan with bin packing, max size: 4194304 bytes, open cost is considered as scanning 4194304 bytes.
[2025-03-21T13:55:11.429+0000] {subprocess.py:93} INFO - 25/03/21 13:55:11 INFO SparkContext: Starting job: parquet at NativeMethodAccessorImpl.java:0
[2025-03-21T13:55:11.431+0000] {subprocess.py:93} INFO - 25/03/21 13:55:11 INFO DAGScheduler: Got job 1 (parquet at NativeMethodAccessorImpl.java:0) with 1 output partitions
[2025-03-21T13:55:11.433+0000] {subprocess.py:93} INFO - 25/03/21 13:55:11 INFO DAGScheduler: Final stage: ResultStage 1 (parquet at NativeMethodAccessorImpl.java:0)
[2025-03-21T13:55:11.434+0000] {subprocess.py:93} INFO - 25/03/21 13:55:11 INFO DAGScheduler: Parents of final stage: List()
[2025-03-21T13:55:11.434+0000] {subprocess.py:93} INFO - 25/03/21 13:55:11 INFO DAGScheduler: Missing parents: List()
[2025-03-21T13:55:11.435+0000] {subprocess.py:93} INFO - 25/03/21 13:55:11 INFO DAGScheduler: Submitting ResultStage 1 (MapPartitionsRDD[5] at parquet at NativeMethodAccessorImpl.java:0), which has no missing parents
[2025-03-21T13:55:12.018+0000] {subprocess.py:93} INFO - 25/03/21 13:55:12 INFO MemoryStore: Block broadcast_2 stored as values in memory (estimated size 219.2 KiB, free 365.7 MiB)
[2025-03-21T13:55:12.026+0000] {subprocess.py:93} INFO - 25/03/21 13:55:12 INFO MemoryStore: Block broadcast_2_piece0 stored as bytes in memory (estimated size 77.5 KiB, free 365.6 MiB)
[2025-03-21T13:55:12.030+0000] {subprocess.py:93} INFO - 25/03/21 13:55:12 INFO BlockManagerInfo: Added broadcast_2_piece0 in memory on e0b25feeb0e2:45791 (size: 77.5 KiB, free: 366.2 MiB)
[2025-03-21T13:55:12.032+0000] {subprocess.py:93} INFO - 25/03/21 13:55:12 INFO SparkContext: Created broadcast 2 from broadcast at DAGScheduler.scala:1580
[2025-03-21T13:55:12.032+0000] {subprocess.py:93} INFO - 25/03/21 13:55:12 INFO DAGScheduler: Submitting 1 missing tasks from ResultStage 1 (MapPartitionsRDD[5] at parquet at NativeMethodAccessorImpl.java:0) (first 15 tasks are for partitions Vector(0))
[2025-03-21T13:55:12.114+0000] {subprocess.py:93} INFO - 25/03/21 13:55:12 INFO TaskSchedulerImpl: Adding task set 1.0 with 1 tasks resource profile 0
[2025-03-21T13:55:12.131+0000] {subprocess.py:93} INFO - 25/03/21 13:55:12 INFO TaskSetManager: Starting task 0.0 in stage 1.0 (TID 1) (172.18.0.2, executor 0, partition 0, ANY, 8299 bytes)
[2025-03-21T13:55:12.521+0000] {subprocess.py:93} INFO - 25/03/21 13:55:12 INFO BlockManagerInfo: Added broadcast_2_piece0 in memory on 172.18.0.2:36085 (size: 77.5 KiB, free: 366.2 MiB)
[2025-03-21T13:55:21.517+0000] {subprocess.py:93} INFO - 25/03/21 13:55:21 INFO BlockManagerInfo: Added broadcast_1_piece0 in memory on 172.18.0.2:36085 (size: 35.2 KiB, free: 366.2 MiB)
[2025-03-21T13:55:23.963+0000] {subprocess.py:93} INFO - 25/03/21 13:55:23 INFO TaskSetManager: Finished task 0.0 in stage 1.0 (TID 1) in 11836 ms on 172.18.0.2 (executor 0) (1/1)
[2025-03-21T13:55:23.975+0000] {subprocess.py:93} INFO - 25/03/21 13:55:23 INFO TaskSchedulerImpl: Removed TaskSet 1.0, whose tasks have all completed, from pool
[2025-03-21T13:55:23.979+0000] {subprocess.py:93} INFO - 25/03/21 13:55:23 INFO DAGScheduler: ResultStage 1 (parquet at NativeMethodAccessorImpl.java:0) finished in 12.516 s
[2025-03-21T13:55:23.982+0000] {subprocess.py:93} INFO - 25/03/21 13:55:23 INFO DAGScheduler: Job 1 is finished. Cancelling potential speculative or zombie tasks for this job
[2025-03-21T13:55:23.985+0000] {subprocess.py:93} INFO - 25/03/21 13:55:23 INFO TaskSchedulerImpl: Killing all running tasks in stage 1: Stage finished
[2025-03-21T13:55:23.986+0000] {subprocess.py:93} INFO - 25/03/21 13:55:23 INFO DAGScheduler: Job 1 finished: parquet at NativeMethodAccessorImpl.java:0, took 13.901438 s
[2025-03-21T13:55:23.987+0000] {subprocess.py:93} INFO - 25/03/21 13:55:23 INFO FileFormatWriter: Start to commit write Job d7c65199-7fad-4440-ad88-6027a161b457.
[2025-03-21T13:55:24.453+0000] {subprocess.py:93} INFO - 25/03/21 13:55:24 INFO FileFormatWriter: Write Job d7c65199-7fad-4440-ad88-6027a161b457 committed. Elapsed time: 472 ms.
[2025-03-21T13:55:24.461+0000] {subprocess.py:93} INFO - 25/03/21 13:55:24 INFO FileFormatWriter: Finished processing stats for write job d7c65199-7fad-4440-ad88-6027a161b457.
[2025-03-21T13:55:24.481+0000] {subprocess.py:93} INFO - 25/03/21 13:55:24 INFO SparkContext: SparkContext is stopping with exitCode 0.
[2025-03-21T13:55:24.562+0000] {subprocess.py:93} INFO - 25/03/21 13:55:24 INFO SparkUI: Stopped Spark web UI at http://e0b25feeb0e2:4043
[2025-03-21T13:55:24.574+0000] {subprocess.py:93} INFO - 25/03/21 13:55:24 INFO StandaloneSchedulerBackend: Shutting down all executors
[2025-03-21T13:55:24.576+0000] {subprocess.py:93} INFO - 25/03/21 13:55:24 INFO StandaloneSchedulerBackend$StandaloneDriverEndpoint: Asking each executor to shut down
[2025-03-21T13:55:24.981+0000] {subprocess.py:93} INFO - 25/03/21 13:55:24 INFO MapOutputTrackerMasterEndpoint: MapOutputTrackerMasterEndpoint stopped!
[2025-03-21T13:55:25.370+0000] {subprocess.py:93} INFO - 25/03/21 13:55:25 INFO MemoryStore: MemoryStore cleared
[2025-03-21T13:55:25.371+0000] {subprocess.py:93} INFO - 25/03/21 13:55:25 INFO BlockManager: BlockManager stopped
[2025-03-21T13:55:25.376+0000] {subprocess.py:93} INFO - 25/03/21 13:55:25 INFO BlockManagerMaster: BlockManagerMaster stopped
[2025-03-21T13:55:25.463+0000] {subprocess.py:93} INFO - 25/03/21 13:55:25 INFO OutputCommitCoordinator$OutputCommitCoordinatorEndpoint: OutputCommitCoordinator stopped!
[2025-03-21T13:55:25.575+0000] {subprocess.py:93} INFO - 25/03/21 13:55:25 INFO SparkContext: Successfully stopped SparkContext
[2025-03-21T13:55:26.565+0000] {subprocess.py:93} INFO - 25/03/21 13:55:26 INFO ShutdownHookManager: Shutdown hook called
[2025-03-21T13:55:26.573+0000] {subprocess.py:93} INFO - 25/03/21 13:55:26 INFO ShutdownHookManager: Deleting directory /tmp/spark-89687484-5104-4a3c-8ebb-2e41733ccd5b
[2025-03-21T13:55:26.577+0000] {subprocess.py:93} INFO - 25/03/21 13:55:26 INFO ShutdownHookManager: Deleting directory /tmp/spark-6f8ae3bb-ead4-4593-ba3e-c8327f071ee3/pyspark-3c49545a-24fb-461a-882b-e8040f7fb713
[2025-03-21T13:55:26.659+0000] {subprocess.py:93} INFO - 25/03/21 13:55:26 INFO ShutdownHookManager: Deleting directory /tmp/spark-6f8ae3bb-ead4-4593-ba3e-c8327f071ee3
[2025-03-21T13:55:27.490+0000] {subprocess.py:97} INFO - Command exited with return code 0
[2025-03-21T13:55:27.577+0000] {taskinstance.py:1398} INFO - Marking task as SUCCESS. dag_id=transactions_pipeline, task_id=detect_fraud_batch_20250321_131230, execution_date=20250321T134239, start_date=20250321T135004, end_date=20250321T135527
[2025-03-21T13:55:28.420+0000] {local_task_job_runner.py:228} INFO - Task exited with return code 0
[2025-03-21T13:55:28.501+0000] {taskinstance.py:2776} INFO - 0 downstream tasks scheduled from follow-on schedule check
