[2025-03-19T16:31:27.681+0000] {taskinstance.py:1157} INFO - Dependencies all met for dep_context=non-requeueable deps ti=<TaskInstance: transactions_pipeline.get_batch_id scheduled__2025-03-19T16:26:26.184394+00:00 [queued]>
[2025-03-19T16:31:27.704+0000] {taskinstance.py:1157} INFO - Dependencies all met for dep_context=requeueable deps ti=<TaskInstance: transactions_pipeline.get_batch_id scheduled__2025-03-19T16:26:26.184394+00:00 [queued]>
[2025-03-19T16:31:27.705+0000] {taskinstance.py:1359} INFO - Starting attempt 1 of 2
[2025-03-19T16:31:27.741+0000] {taskinstance.py:1380} INFO - Executing <Task(PythonOperator): get_batch_id> on 2025-03-19 16:26:26.184394+00:00
[2025-03-19T16:31:27.754+0000] {standard_task_runner.py:57} INFO - Started process 1033 to run task
[2025-03-19T16:31:27.760+0000] {standard_task_runner.py:84} INFO - Running: ['***', 'tasks', 'run', 'transactions_pipeline', 'get_batch_id', 'scheduled__2025-03-19T16:26:26.184394+00:00', '--job-id', '53', '--raw', '--subdir', 'DAGS_FOLDER/fraud_detection_pipeline.py', '--cfg-path', '/tmp/tmp0ef5ntrp']
[2025-03-19T16:31:27.775+0000] {standard_task_runner.py:85} INFO - Job 53: Subtask get_batch_id
[2025-03-19T16:31:28.040+0000] {task_command.py:415} INFO - Running <TaskInstance: transactions_pipeline.get_batch_id scheduled__2025-03-19T16:26:26.184394+00:00 [running]> on host f76c4cf6a8a2
[2025-03-19T16:31:28.163+0000] {taskinstance.py:1660} INFO - Exporting env vars: AIRFLOW_CTX_DAG_OWNER='***' AIRFLOW_CTX_DAG_ID='transactions_pipeline' AIRFLOW_CTX_TASK_ID='get_batch_id' AIRFLOW_CTX_EXECUTION_DATE='2025-03-19T16:26:26.184394+00:00' AIRFLOW_CTX_TRY_NUMBER='1' AIRFLOW_CTX_DAG_RUN_ID='scheduled__2025-03-19T16:26:26.184394+00:00'
[2025-03-19T16:31:28.548+0000] {logging_mixin.py:151} INFO - Error: No batch ID found
[2025-03-19T16:31:28.549+0000] {taskinstance.py:1935} ERROR - Task failed with exception
Traceback (most recent call last):
  File "/home/airflow/.local/lib/python3.8/site-packages/airflow/operators/python.py", line 192, in execute
    return_value = self.execute_callable()
  File "/home/airflow/.local/lib/python3.8/site-packages/airflow/operators/python.py", line 209, in execute_callable
    return self.python_callable(*self.op_args, **self.op_kwargs)
  File "/opt/airflow/dags/fraud_detection_pipeline.py", line 36, in get_latest_batch_id
    raise ValueError("No batch ID found")
ValueError: No batch ID found
[2025-03-19T16:31:28.571+0000] {taskinstance.py:1398} INFO - Marking task as UP_FOR_RETRY. dag_id=transactions_pipeline, task_id=get_batch_id, execution_date=20250319T162626, start_date=20250319T163127, end_date=20250319T163128
[2025-03-19T16:31:28.599+0000] {standard_task_runner.py:104} ERROR - Failed to execute job 53 for task get_batch_id (No batch ID found; 1033)
[2025-03-19T16:31:28.626+0000] {local_task_job_runner.py:228} INFO - Task exited with return code 1
[2025-03-19T16:31:28.687+0000] {taskinstance.py:2776} INFO - 0 downstream tasks scheduled from follow-on schedule check
