[2025-03-19T19:38:16.446+0000] {taskinstance.py:1157} INFO - Dependencies all met for dep_context=non-requeueable deps ti=<TaskInstance: transactions_pipeline.create_hive_table manual__2025-03-19T19:38:04.816083+00:00 [queued]>
[2025-03-19T19:38:16.463+0000] {taskinstance.py:1157} INFO - Dependencies all met for dep_context=requeueable deps ti=<TaskInstance: transactions_pipeline.create_hive_table manual__2025-03-19T19:38:04.816083+00:00 [queued]>
[2025-03-19T19:38:16.464+0000] {taskinstance.py:1359} INFO - Starting attempt 1 of 1
[2025-03-19T19:38:16.487+0000] {taskinstance.py:1380} INFO - Executing <Task(BashOperator): create_hive_table> on 2025-03-19 19:38:04.816083+00:00
[2025-03-19T19:38:16.499+0000] {standard_task_runner.py:57} INFO - Started process 2288 to run task
[2025-03-19T19:38:16.504+0000] {standard_task_runner.py:84} INFO - Running: ['***', 'tasks', 'run', 'transactions_pipeline', 'create_hive_table', 'manual__2025-03-19T19:38:04.816083+00:00', '--job-id', '126', '--raw', '--subdir', 'DAGS_FOLDER/fraud_detection_pipeline.py', '--cfg-path', '/tmp/tmp14ygd95o']
[2025-03-19T19:38:16.508+0000] {standard_task_runner.py:85} INFO - Job 126: Subtask create_hive_table
[2025-03-19T19:38:16.624+0000] {task_command.py:415} INFO - Running <TaskInstance: transactions_pipeline.create_hive_table manual__2025-03-19T19:38:04.816083+00:00 [running]> on host 347688f31140
[2025-03-19T19:38:16.769+0000] {logging_mixin.py:151} WARNING - /home/***/.local/lib/python3.8/site-packages/***/utils/context.py:206 AirflowContextDeprecationWarning: Accessing 'execution_date' from the template is deprecated and will be removed in a future version. Please use 'data_interval_start' or 'logical_date' instead.
[2025-03-19T19:38:16.841+0000] {taskinstance.py:1660} INFO - Exporting env vars: AIRFLOW_CTX_DAG_OWNER='***' AIRFLOW_CTX_DAG_ID='transactions_pipeline' AIRFLOW_CTX_TASK_ID='create_hive_table' AIRFLOW_CTX_EXECUTION_DATE='2025-03-19T19:38:04.816083+00:00' AIRFLOW_CTX_TRY_NUMBER='1' AIRFLOW_CTX_DAG_RUN_ID='manual__2025-03-19T19:38:04.816083+00:00'
[2025-03-19T19:38:16.845+0000] {subprocess.py:63} INFO - Tmp dir root location: /tmp
[2025-03-19T19:38:16.847+0000] {subprocess.py:75} INFO - Running command: ['/bin/bash', '-c', '\n    docker exec hive beeline -u "jdbc:hive2://localhost:10000" --hiveconf hive.exec.dynamic.partition.mode=nonstrict -e "\n    CREATE EXTERNAL TABLE IF NOT EXISTS transactions (\n        transaction_id STRING,\n        date_time STRING,\n        amount DOUBLE,\n        currency STRING,\n        merchant_details STRING,\n        customer_id STRING,\n        transaction_type STRING,\n        location STRING\n    )\n    PARTITIONED BY (batch_id STRING)\n    STORED AS PARQUET\n    LOCATION \'/data/transactions/transactions_batch_0\';\n    ALTER TABLE transactions ADD IF NOT EXISTS PARTITION (batch_id=\'batch_20250319_193804\') LOCATION \'/data/transactions/transactions_batch_0\';"\n    ']
[2025-03-19T19:38:16.862+0000] {subprocess.py:86} INFO - Output:
[2025-03-19T19:38:18.236+0000] {subprocess.py:93} INFO - SLF4J: Class path contains multiple SLF4J bindings.
[2025-03-19T19:38:18.237+0000] {subprocess.py:93} INFO - SLF4J: Found binding in [jar:file:/opt/hive/lib/log4j-slf4j-impl-2.17.1.jar!/org/slf4j/impl/StaticLoggerBinder.class]
[2025-03-19T19:38:18.238+0000] {subprocess.py:93} INFO - SLF4J: Found binding in [jar:file:/opt/hadoop/share/hadoop/common/lib/slf4j-log4j12-1.7.25.jar!/org/slf4j/impl/StaticLoggerBinder.class]
[2025-03-19T19:38:18.238+0000] {subprocess.py:93} INFO - SLF4J: See http://www.slf4j.org/codes.html#multiple_bindings for an explanation.
[2025-03-19T19:38:18.448+0000] {subprocess.py:93} INFO - SLF4J: Actual binding is of type [org.apache.logging.slf4j.Log4jLoggerFactory]
[2025-03-19T19:38:20.173+0000] {subprocess.py:93} INFO - Connecting to jdbc:hive2://localhost:10000
[2025-03-19T19:38:20.457+0000] {subprocess.py:93} INFO - Connected to: Apache Hive (version 3.1.3)
[2025-03-19T19:38:20.458+0000] {subprocess.py:93} INFO - Driver: Hive JDBC (version 3.1.3)
[2025-03-19T19:38:20.458+0000] {subprocess.py:93} INFO - Transaction isolation: TRANSACTION_REPEATABLE_READ
[2025-03-19T19:38:20.555+0000] {subprocess.py:93} INFO - INFO  : Compiling command(queryId=root_20250319193820_604181e5-272c-4194-bc1c-eddd5ad9b58e): CREATE EXTERNAL TABLE IF NOT EXISTS transactions (
[2025-03-19T19:38:20.557+0000] {subprocess.py:93} INFO -         transaction_id STRING,
[2025-03-19T19:38:20.557+0000] {subprocess.py:93} INFO -         date_time STRING,
[2025-03-19T19:38:20.558+0000] {subprocess.py:93} INFO -         amount DOUBLE,
[2025-03-19T19:38:20.559+0000] {subprocess.py:93} INFO -         currency STRING,
[2025-03-19T19:38:20.559+0000] {subprocess.py:93} INFO -         merchant_details STRING,
[2025-03-19T19:38:20.560+0000] {subprocess.py:93} INFO -         customer_id STRING,
[2025-03-19T19:38:20.560+0000] {subprocess.py:93} INFO -         transaction_type STRING,
[2025-03-19T19:38:20.561+0000] {subprocess.py:93} INFO -         location STRING
[2025-03-19T19:38:20.562+0000] {subprocess.py:93} INFO -     )
[2025-03-19T19:38:20.562+0000] {subprocess.py:93} INFO -     PARTITIONED BY (batch_id STRING)
[2025-03-19T19:38:20.563+0000] {subprocess.py:93} INFO -     STORED AS PARQUET
[2025-03-19T19:38:20.564+0000] {subprocess.py:93} INFO -     LOCATION '/data/transactions/transactions_batch_0'
[2025-03-19T19:38:20.564+0000] {subprocess.py:93} INFO - INFO  : Concurrency mode is disabled, not creating a lock manager
[2025-03-19T19:38:20.565+0000] {subprocess.py:93} INFO - INFO  : Semantic Analysis Completed (retrial = false)
[2025-03-19T19:38:20.565+0000] {subprocess.py:93} INFO - INFO  : Returning Hive schema: Schema(fieldSchemas:null, properties:null)
[2025-03-19T19:38:20.566+0000] {subprocess.py:93} INFO - INFO  : Completed compiling command(queryId=root_20250319193820_604181e5-272c-4194-bc1c-eddd5ad9b58e); Time taken: 0.015 seconds
[2025-03-19T19:38:20.567+0000] {subprocess.py:93} INFO - INFO  : Concurrency mode is disabled, not creating a lock manager
[2025-03-19T19:38:20.568+0000] {subprocess.py:93} INFO - INFO  : Executing command(queryId=root_20250319193820_604181e5-272c-4194-bc1c-eddd5ad9b58e): CREATE EXTERNAL TABLE IF NOT EXISTS transactions (
[2025-03-19T19:38:20.569+0000] {subprocess.py:93} INFO -         transaction_id STRING,
[2025-03-19T19:38:20.569+0000] {subprocess.py:93} INFO -         date_time STRING,
[2025-03-19T19:38:20.570+0000] {subprocess.py:93} INFO -         amount DOUBLE,
[2025-03-19T19:38:20.571+0000] {subprocess.py:93} INFO -         currency STRING,
[2025-03-19T19:38:20.572+0000] {subprocess.py:93} INFO -         merchant_details STRING,
[2025-03-19T19:38:20.574+0000] {subprocess.py:93} INFO -         customer_id STRING,
[2025-03-19T19:38:20.575+0000] {subprocess.py:93} INFO -         transaction_type STRING,
[2025-03-19T19:38:20.576+0000] {subprocess.py:93} INFO -         location STRING
[2025-03-19T19:38:20.576+0000] {subprocess.py:93} INFO -     )
[2025-03-19T19:38:20.577+0000] {subprocess.py:93} INFO -     PARTITIONED BY (batch_id STRING)
[2025-03-19T19:38:20.578+0000] {subprocess.py:93} INFO -     STORED AS PARQUET
[2025-03-19T19:38:20.578+0000] {subprocess.py:93} INFO -     LOCATION '/data/transactions/transactions_batch_0'
[2025-03-19T19:38:20.578+0000] {subprocess.py:93} INFO - INFO  : Completed executing command(queryId=root_20250319193820_604181e5-272c-4194-bc1c-eddd5ad9b58e); Time taken: 0.001 seconds
[2025-03-19T19:38:20.579+0000] {subprocess.py:93} INFO - INFO  : OK
[2025-03-19T19:38:20.579+0000] {subprocess.py:93} INFO - INFO  : Concurrency mode is disabled, not creating a lock manager
[2025-03-19T19:38:20.580+0000] {subprocess.py:93} INFO - No rows affected (0.075 seconds)
[2025-03-19T19:38:20.692+0000] {subprocess.py:93} INFO - INFO  : Compiling command(queryId=root_20250319193820_b23852f5-8af5-4d21-92f6-69498be759b6): ALTER TABLE transactions ADD IF NOT EXISTS PARTITION (batch_id='batch_20250319_193804') LOCATION '/data/transactions/transactions_batch_0'
[2025-03-19T19:38:20.694+0000] {subprocess.py:93} INFO - INFO  : Concurrency mode is disabled, not creating a lock manager
[2025-03-19T19:38:20.695+0000] {subprocess.py:93} INFO - INFO  : Semantic Analysis Completed (retrial = false)
[2025-03-19T19:38:20.696+0000] {subprocess.py:93} INFO - INFO  : Returning Hive schema: Schema(fieldSchemas:null, properties:null)
[2025-03-19T19:38:20.696+0000] {subprocess.py:93} INFO - INFO  : Completed compiling command(queryId=root_20250319193820_b23852f5-8af5-4d21-92f6-69498be759b6); Time taken: 0.014 seconds
[2025-03-19T19:38:20.698+0000] {subprocess.py:93} INFO - INFO  : Concurrency mode is disabled, not creating a lock manager
[2025-03-19T19:38:20.701+0000] {subprocess.py:93} INFO - INFO  : Executing command(queryId=root_20250319193820_b23852f5-8af5-4d21-92f6-69498be759b6): ALTER TABLE transactions ADD IF NOT EXISTS PARTITION (batch_id='batch_20250319_193804') LOCATION '/data/transactions/transactions_batch_0'
[2025-03-19T19:38:20.705+0000] {subprocess.py:93} INFO - INFO  : Starting task [Stage-0:DDL] in serial mode
[2025-03-19T19:38:20.710+0000] {subprocess.py:93} INFO - INFO  : Completed executing command(queryId=root_20250319193820_b23852f5-8af5-4d21-92f6-69498be759b6); Time taken: 0.09 seconds
[2025-03-19T19:38:20.720+0000] {subprocess.py:93} INFO - INFO  : OK
[2025-03-19T19:38:20.723+0000] {subprocess.py:93} INFO - INFO  : Concurrency mode is disabled, not creating a lock manager
[2025-03-19T19:38:20.724+0000] {subprocess.py:93} INFO - No rows affected (0.123 seconds)
[2025-03-19T19:38:20.725+0000] {subprocess.py:93} INFO - Beeline version 3.1.3 by Apache Hive
[2025-03-19T19:38:20.728+0000] {subprocess.py:93} INFO - Closing: 0: jdbc:hive2://localhost:10000
[2025-03-19T19:38:20.817+0000] {subprocess.py:97} INFO - Command exited with return code 0
[2025-03-19T19:38:20.927+0000] {taskinstance.py:1398} INFO - Marking task as SUCCESS. dag_id=transactions_pipeline, task_id=create_hive_table, execution_date=20250319T193804, start_date=20250319T193816, end_date=20250319T193820
[2025-03-19T19:38:21.018+0000] {local_task_job_runner.py:228} INFO - Task exited with return code 0
[2025-03-19T19:38:21.052+0000] {taskinstance.py:2776} INFO - 0 downstream tasks scheduled from follow-on schedule check
