[2025-03-20T14:43:26.151+0000] {taskinstance.py:1157} INFO - Dependencies all met for dep_context=non-requeueable deps ti=<TaskInstance: transactions_pipeline.create_hive_table scheduled__2025-03-20T13:53:15.476240+00:00 [queued]>
[2025-03-20T14:43:26.160+0000] {taskinstance.py:1157} INFO - Dependencies all met for dep_context=requeueable deps ti=<TaskInstance: transactions_pipeline.create_hive_table scheduled__2025-03-20T13:53:15.476240+00:00 [queued]>
[2025-03-20T14:43:26.161+0000] {taskinstance.py:1359} INFO - Starting attempt 1 of 1
[2025-03-20T14:43:26.176+0000] {taskinstance.py:1380} INFO - Executing <Task(BashOperator): create_hive_table> on 2025-03-20 13:53:15.476240+00:00
[2025-03-20T14:43:26.182+0000] {standard_task_runner.py:57} INFO - Started process 2741 to run task
[2025-03-20T14:43:26.185+0000] {standard_task_runner.py:84} INFO - Running: ['***', 'tasks', 'run', 'transactions_pipeline', 'create_hive_table', 'scheduled__2025-03-20T13:53:15.476240+00:00', '--job-id', '350', '--raw', '--subdir', 'DAGS_FOLDER/fraud_detection_pipeline.py', '--cfg-path', '/tmp/tmplkph4j6b']
[2025-03-20T14:43:26.188+0000] {standard_task_runner.py:85} INFO - Job 350: Subtask create_hive_table
[2025-03-20T14:43:26.253+0000] {task_command.py:415} INFO - Running <TaskInstance: transactions_pipeline.create_hive_table scheduled__2025-03-20T13:53:15.476240+00:00 [running]> on host 3938a1dd8bd9
[2025-03-20T14:43:26.360+0000] {taskinstance.py:1660} INFO - Exporting env vars: AIRFLOW_CTX_DAG_OWNER='***' AIRFLOW_CTX_DAG_ID='transactions_pipeline' AIRFLOW_CTX_TASK_ID='create_hive_table' AIRFLOW_CTX_EXECUTION_DATE='2025-03-20T13:53:15.476240+00:00' AIRFLOW_CTX_TRY_NUMBER='1' AIRFLOW_CTX_DAG_RUN_ID='scheduled__2025-03-20T13:53:15.476240+00:00'
[2025-03-20T14:43:26.362+0000] {subprocess.py:63} INFO - Tmp dir root location: /tmp
[2025-03-20T14:43:26.363+0000] {subprocess.py:75} INFO - Running command: ['/bin/bash', '-c', '\n    docker exec hive beeline -u "jdbc:hive2://localhost:10000" --hiveconf hive.exec.dynamic.partition.mode=nonstrict -e "\n    CREATE EXTERNAL TABLE IF NOT EXISTS transactions (\n        transaction_id STRING,\n        date_time STRING,\n        amount DOUBLE,\n        currency STRING,\n        merchant_details STRING,\n        customer_id STRING,\n        transaction_type STRING,\n        location STRING\n    )\n    PARTITIONED BY (batch_id STRING)\n    STORED AS PARQUET;\n    ALTER TABLE transactions ADD IF NOT EXISTS PARTITION (batch_id=\'batch_20250320_135205\') LOCATION \'/data/transactions/transactions_batch_20250320_135205\';"\n    ']
[2025-03-20T14:43:26.375+0000] {subprocess.py:86} INFO - Output:
[2025-03-20T14:43:27.442+0000] {subprocess.py:93} INFO - SLF4J: Class path contains multiple SLF4J bindings.
[2025-03-20T14:43:27.444+0000] {subprocess.py:93} INFO - SLF4J: Found binding in [jar:file:/opt/hive/lib/log4j-slf4j-impl-2.17.1.jar!/org/slf4j/impl/StaticLoggerBinder.class]
[2025-03-20T14:43:27.444+0000] {subprocess.py:93} INFO - SLF4J: Found binding in [jar:file:/opt/hadoop/share/hadoop/common/lib/slf4j-log4j12-1.7.25.jar!/org/slf4j/impl/StaticLoggerBinder.class]
[2025-03-20T14:43:27.445+0000] {subprocess.py:93} INFO - SLF4J: See http://www.slf4j.org/codes.html#multiple_bindings for an explanation.
[2025-03-20T14:43:27.582+0000] {subprocess.py:93} INFO - SLF4J: Actual binding is of type [org.apache.logging.slf4j.Log4jLoggerFactory]
[2025-03-20T14:43:28.615+0000] {subprocess.py:93} INFO - Connecting to jdbc:hive2://localhost:10000
[2025-03-20T14:43:28.913+0000] {subprocess.py:93} INFO - Connected to: Apache Hive (version 3.1.3)
[2025-03-20T14:43:28.914+0000] {subprocess.py:93} INFO - Driver: Hive JDBC (version 3.1.3)
[2025-03-20T14:43:28.915+0000] {subprocess.py:93} INFO - Transaction isolation: TRANSACTION_REPEATABLE_READ
[2025-03-20T14:43:29.041+0000] {subprocess.py:93} INFO - INFO  : Compiling command(queryId=root_20250320144328_babf55e1-4e6f-45fb-9223-c492577e8be3): CREATE EXTERNAL TABLE IF NOT EXISTS transactions (
[2025-03-20T14:43:29.042+0000] {subprocess.py:93} INFO -         transaction_id STRING,
[2025-03-20T14:43:29.042+0000] {subprocess.py:93} INFO -         date_time STRING,
[2025-03-20T14:43:29.043+0000] {subprocess.py:93} INFO -         amount DOUBLE,
[2025-03-20T14:43:29.043+0000] {subprocess.py:93} INFO -         currency STRING,
[2025-03-20T14:43:29.044+0000] {subprocess.py:93} INFO -         merchant_details STRING,
[2025-03-20T14:43:29.044+0000] {subprocess.py:93} INFO -         customer_id STRING,
[2025-03-20T14:43:29.045+0000] {subprocess.py:93} INFO -         transaction_type STRING,
[2025-03-20T14:43:29.045+0000] {subprocess.py:93} INFO -         location STRING
[2025-03-20T14:43:29.046+0000] {subprocess.py:93} INFO -     )
[2025-03-20T14:43:29.046+0000] {subprocess.py:93} INFO -     PARTITIONED BY (batch_id STRING)
[2025-03-20T14:43:29.047+0000] {subprocess.py:93} INFO -     STORED AS PARQUET
[2025-03-20T14:43:29.047+0000] {subprocess.py:93} INFO - INFO  : Concurrency mode is disabled, not creating a lock manager
[2025-03-20T14:43:29.048+0000] {subprocess.py:93} INFO - INFO  : Semantic Analysis Completed (retrial = false)
[2025-03-20T14:43:29.048+0000] {subprocess.py:93} INFO - INFO  : Returning Hive schema: Schema(fieldSchemas:null, properties:null)
[2025-03-20T14:43:29.049+0000] {subprocess.py:93} INFO - INFO  : Completed compiling command(queryId=root_20250320144328_babf55e1-4e6f-45fb-9223-c492577e8be3); Time taken: 0.044 seconds
[2025-03-20T14:43:29.049+0000] {subprocess.py:93} INFO - INFO  : Concurrency mode is disabled, not creating a lock manager
[2025-03-20T14:43:29.050+0000] {subprocess.py:93} INFO - INFO  : Executing command(queryId=root_20250320144328_babf55e1-4e6f-45fb-9223-c492577e8be3): CREATE EXTERNAL TABLE IF NOT EXISTS transactions (
[2025-03-20T14:43:29.050+0000] {subprocess.py:93} INFO -         transaction_id STRING,
[2025-03-20T14:43:29.050+0000] {subprocess.py:93} INFO -         date_time STRING,
[2025-03-20T14:43:29.051+0000] {subprocess.py:93} INFO -         amount DOUBLE,
[2025-03-20T14:43:29.051+0000] {subprocess.py:93} INFO -         currency STRING,
[2025-03-20T14:43:29.052+0000] {subprocess.py:93} INFO -         merchant_details STRING,
[2025-03-20T14:43:29.053+0000] {subprocess.py:93} INFO -         customer_id STRING,
[2025-03-20T14:43:29.053+0000] {subprocess.py:93} INFO -         transaction_type STRING,
[2025-03-20T14:43:29.053+0000] {subprocess.py:93} INFO -         location STRING
[2025-03-20T14:43:29.054+0000] {subprocess.py:93} INFO -     )
[2025-03-20T14:43:29.055+0000] {subprocess.py:93} INFO -     PARTITIONED BY (batch_id STRING)
[2025-03-20T14:43:29.055+0000] {subprocess.py:93} INFO -     STORED AS PARQUET
[2025-03-20T14:43:29.056+0000] {subprocess.py:93} INFO - INFO  : Completed executing command(queryId=root_20250320144328_babf55e1-4e6f-45fb-9223-c492577e8be3); Time taken: 0.004 seconds
[2025-03-20T14:43:29.056+0000] {subprocess.py:93} INFO - INFO  : OK
[2025-03-20T14:43:29.057+0000] {subprocess.py:93} INFO - INFO  : Concurrency mode is disabled, not creating a lock manager
[2025-03-20T14:43:29.057+0000] {subprocess.py:93} INFO - No rows affected (0.11 seconds)
[2025-03-20T14:43:29.195+0000] {subprocess.py:93} INFO - INFO  : Compiling command(queryId=root_20250320144329_573e79b7-cc08-4c1e-9040-1540c2ec7548): ALTER TABLE transactions ADD IF NOT EXISTS PARTITION (batch_id='batch_20250320_135205') LOCATION '/data/transactions/transactions_batch_20250320_135205'
[2025-03-20T14:43:29.196+0000] {subprocess.py:93} INFO - INFO  : Concurrency mode is disabled, not creating a lock manager
[2025-03-20T14:43:29.197+0000] {subprocess.py:93} INFO - INFO  : Semantic Analysis Completed (retrial = false)
[2025-03-20T14:43:29.198+0000] {subprocess.py:93} INFO - INFO  : Returning Hive schema: Schema(fieldSchemas:null, properties:null)
[2025-03-20T14:43:29.199+0000] {subprocess.py:93} INFO - INFO  : Completed compiling command(queryId=root_20250320144329_573e79b7-cc08-4c1e-9040-1540c2ec7548); Time taken: 0.016 seconds
[2025-03-20T14:43:29.199+0000] {subprocess.py:93} INFO - INFO  : Concurrency mode is disabled, not creating a lock manager
[2025-03-20T14:43:29.200+0000] {subprocess.py:93} INFO - INFO  : Executing command(queryId=root_20250320144329_573e79b7-cc08-4c1e-9040-1540c2ec7548): ALTER TABLE transactions ADD IF NOT EXISTS PARTITION (batch_id='batch_20250320_135205') LOCATION '/data/transactions/transactions_batch_20250320_135205'
[2025-03-20T14:43:29.200+0000] {subprocess.py:93} INFO - INFO  : Starting task [Stage-0:DDL] in serial mode
[2025-03-20T14:43:29.201+0000] {subprocess.py:93} INFO - INFO  : Completed executing command(queryId=root_20250320144329_573e79b7-cc08-4c1e-9040-1540c2ec7548); Time taken: 0.1 seconds
[2025-03-20T14:43:29.202+0000] {subprocess.py:93} INFO - INFO  : OK
[2025-03-20T14:43:29.203+0000] {subprocess.py:93} INFO - INFO  : Concurrency mode is disabled, not creating a lock manager
[2025-03-20T14:43:29.203+0000] {subprocess.py:93} INFO - No rows affected (0.14 seconds)
[2025-03-20T14:43:29.204+0000] {subprocess.py:93} INFO - Beeline version 3.1.3 by Apache Hive
[2025-03-20T14:43:29.212+0000] {subprocess.py:93} INFO - Closing: 0: jdbc:hive2://localhost:10000
[2025-03-20T14:43:29.262+0000] {subprocess.py:97} INFO - Command exited with return code 0
[2025-03-20T14:43:29.298+0000] {taskinstance.py:1398} INFO - Marking task as SUCCESS. dag_id=transactions_pipeline, task_id=create_hive_table, execution_date=20250320T135315, start_date=20250320T144326, end_date=20250320T144329
[2025-03-20T14:43:29.344+0000] {local_task_job_runner.py:228} INFO - Task exited with return code 0
[2025-03-20T14:43:29.374+0000] {taskinstance.py:2776} INFO - 1 downstream tasks scheduled from follow-on schedule check
