[2025-03-20T13:42:17.413+0000] {taskinstance.py:1157} INFO - Dependencies all met for dep_context=non-requeueable deps ti=<TaskInstance: transactions_pipeline.create_fraud_table manual__2025-03-20T13:42:02.695913+00:00 [queued]>
[2025-03-20T13:42:17.424+0000] {taskinstance.py:1157} INFO - Dependencies all met for dep_context=requeueable deps ti=<TaskInstance: transactions_pipeline.create_fraud_table manual__2025-03-20T13:42:02.695913+00:00 [queued]>
[2025-03-20T13:42:17.424+0000] {taskinstance.py:1359} INFO - Starting attempt 1 of 1
[2025-03-20T13:42:17.442+0000] {taskinstance.py:1380} INFO - Executing <Task(BashOperator): create_fraud_table> on 2025-03-20 13:42:02.695913+00:00
[2025-03-20T13:42:17.448+0000] {standard_task_runner.py:57} INFO - Started process 1948 to run task
[2025-03-20T13:42:17.452+0000] {standard_task_runner.py:84} INFO - Running: ['***', 'tasks', 'run', 'transactions_pipeline', 'create_fraud_table', 'manual__2025-03-20T13:42:02.695913+00:00', '--job-id', '337', '--raw', '--subdir', 'DAGS_FOLDER/fraud_detection_pipeline.py', '--cfg-path', '/tmp/tmpupi11xhn']
[2025-03-20T13:42:17.458+0000] {standard_task_runner.py:85} INFO - Job 337: Subtask create_fraud_table
[2025-03-20T13:42:17.516+0000] {task_command.py:415} INFO - Running <TaskInstance: transactions_pipeline.create_fraud_table manual__2025-03-20T13:42:02.695913+00:00 [running]> on host 3938a1dd8bd9
[2025-03-20T13:42:17.611+0000] {taskinstance.py:1660} INFO - Exporting env vars: AIRFLOW_CTX_DAG_OWNER='***' AIRFLOW_CTX_DAG_ID='transactions_pipeline' AIRFLOW_CTX_TASK_ID='create_fraud_table' AIRFLOW_CTX_EXECUTION_DATE='2025-03-20T13:42:02.695913+00:00' AIRFLOW_CTX_TRY_NUMBER='1' AIRFLOW_CTX_DAG_RUN_ID='manual__2025-03-20T13:42:02.695913+00:00'
[2025-03-20T13:42:17.613+0000] {subprocess.py:63} INFO - Tmp dir root location: /tmp
[2025-03-20T13:42:17.614+0000] {subprocess.py:75} INFO - Running command: ['/bin/bash', '-c', '\n    docker exec hive beeline -u "jdbc:hive2://localhost:10000" -e "\n    CREATE EXTERNAL TABLE IF NOT EXISTS fraud_detections (\n        transaction_id STRING,\n        date_time STRING,\n        amount DOUBLE,\n        customer_id STRING,\n        location STRING,\n        fraud_reason STRING\n    )\n    STORED AS PARQUET\n    LOCATION \'/data/fraud_detections\';"\n    ']
[2025-03-20T13:42:17.628+0000] {subprocess.py:86} INFO - Output:
[2025-03-20T13:42:18.563+0000] {subprocess.py:93} INFO - SLF4J: Class path contains multiple SLF4J bindings.
[2025-03-20T13:42:18.564+0000] {subprocess.py:93} INFO - SLF4J: Found binding in [jar:file:/opt/hive/lib/log4j-slf4j-impl-2.17.1.jar!/org/slf4j/impl/StaticLoggerBinder.class]
[2025-03-20T13:42:18.565+0000] {subprocess.py:93} INFO - SLF4J: Found binding in [jar:file:/opt/hadoop/share/hadoop/common/lib/slf4j-log4j12-1.7.25.jar!/org/slf4j/impl/StaticLoggerBinder.class]
[2025-03-20T13:42:18.565+0000] {subprocess.py:93} INFO - SLF4J: See http://www.slf4j.org/codes.html#multiple_bindings for an explanation.
[2025-03-20T13:42:18.746+0000] {subprocess.py:93} INFO - SLF4J: Actual binding is of type [org.apache.logging.slf4j.Log4jLoggerFactory]
[2025-03-20T13:42:19.720+0000] {subprocess.py:93} INFO - Connecting to jdbc:hive2://localhost:10000
[2025-03-20T13:42:20.022+0000] {subprocess.py:93} INFO - Connected to: Apache Hive (version 3.1.3)
[2025-03-20T13:42:20.023+0000] {subprocess.py:93} INFO - Driver: Hive JDBC (version 3.1.3)
[2025-03-20T13:42:20.024+0000] {subprocess.py:93} INFO - Transaction isolation: TRANSACTION_REPEATABLE_READ
[2025-03-20T13:42:20.137+0000] {subprocess.py:93} INFO - INFO  : Compiling command(queryId=root_20250320134220_9ebf38a8-a904-4423-8d4d-dda218c87535): CREATE EXTERNAL TABLE IF NOT EXISTS fraud_detections (
[2025-03-20T13:42:20.137+0000] {subprocess.py:93} INFO -         transaction_id STRING,
[2025-03-20T13:42:20.138+0000] {subprocess.py:93} INFO -         date_time STRING,
[2025-03-20T13:42:20.138+0000] {subprocess.py:93} INFO -         amount DOUBLE,
[2025-03-20T13:42:20.139+0000] {subprocess.py:93} INFO -         customer_id STRING,
[2025-03-20T13:42:20.139+0000] {subprocess.py:93} INFO -         location STRING,
[2025-03-20T13:42:20.140+0000] {subprocess.py:93} INFO -         fraud_reason STRING
[2025-03-20T13:42:20.140+0000] {subprocess.py:93} INFO -     )
[2025-03-20T13:42:20.140+0000] {subprocess.py:93} INFO -     STORED AS PARQUET
[2025-03-20T13:42:20.141+0000] {subprocess.py:93} INFO -     LOCATION '/data/fraud_detections'
[2025-03-20T13:42:20.141+0000] {subprocess.py:93} INFO - INFO  : Concurrency mode is disabled, not creating a lock manager
[2025-03-20T13:42:20.142+0000] {subprocess.py:93} INFO - INFO  : Semantic Analysis Completed (retrial = false)
[2025-03-20T13:42:20.142+0000] {subprocess.py:93} INFO - INFO  : Returning Hive schema: Schema(fieldSchemas:null, properties:null)
[2025-03-20T13:42:20.143+0000] {subprocess.py:93} INFO - INFO  : Completed compiling command(queryId=root_20250320134220_9ebf38a8-a904-4423-8d4d-dda218c87535); Time taken: 0.013 seconds
[2025-03-20T13:42:20.143+0000] {subprocess.py:93} INFO - INFO  : Concurrency mode is disabled, not creating a lock manager
[2025-03-20T13:42:20.144+0000] {subprocess.py:93} INFO - INFO  : Executing command(queryId=root_20250320134220_9ebf38a8-a904-4423-8d4d-dda218c87535): CREATE EXTERNAL TABLE IF NOT EXISTS fraud_detections (
[2025-03-20T13:42:20.144+0000] {subprocess.py:93} INFO -         transaction_id STRING,
[2025-03-20T13:42:20.145+0000] {subprocess.py:93} INFO -         date_time STRING,
[2025-03-20T13:42:20.145+0000] {subprocess.py:93} INFO -         amount DOUBLE,
[2025-03-20T13:42:20.145+0000] {subprocess.py:93} INFO -         customer_id STRING,
[2025-03-20T13:42:20.146+0000] {subprocess.py:93} INFO -         location STRING,
[2025-03-20T13:42:20.146+0000] {subprocess.py:93} INFO -         fraud_reason STRING
[2025-03-20T13:42:20.147+0000] {subprocess.py:93} INFO -     )
[2025-03-20T13:42:20.147+0000] {subprocess.py:93} INFO -     STORED AS PARQUET
[2025-03-20T13:42:20.148+0000] {subprocess.py:93} INFO -     LOCATION '/data/fraud_detections'
[2025-03-20T13:42:20.148+0000] {subprocess.py:93} INFO - INFO  : Completed executing command(queryId=root_20250320134220_9ebf38a8-a904-4423-8d4d-dda218c87535); Time taken: 0.001 seconds
[2025-03-20T13:42:20.148+0000] {subprocess.py:93} INFO - INFO  : OK
[2025-03-20T13:42:20.149+0000] {subprocess.py:93} INFO - INFO  : Concurrency mode is disabled, not creating a lock manager
[2025-03-20T13:42:20.149+0000] {subprocess.py:93} INFO - No rows affected (0.099 seconds)
[2025-03-20T13:42:20.150+0000] {subprocess.py:93} INFO - Beeline version 3.1.3 by Apache Hive
[2025-03-20T13:42:20.156+0000] {subprocess.py:93} INFO - Closing: 0: jdbc:hive2://localhost:10000
[2025-03-20T13:42:20.202+0000] {subprocess.py:97} INFO - Command exited with return code 0
[2025-03-20T13:42:20.234+0000] {taskinstance.py:1398} INFO - Marking task as SUCCESS. dag_id=transactions_pipeline, task_id=create_fraud_table, execution_date=20250320T134202, start_date=20250320T134217, end_date=20250320T134220
[2025-03-20T13:42:20.280+0000] {local_task_job_runner.py:228} INFO - Task exited with return code 0
[2025-03-20T13:42:20.320+0000] {taskinstance.py:2776} INFO - 1 downstream tasks scheduled from follow-on schedule check
