[2025-03-20T13:39:43.951+0000] {taskinstance.py:1157} INFO - Dependencies all met for dep_context=non-requeueable deps ti=<TaskInstance: transactions_pipeline.create_hive_table manual__2025-03-20T13:39:33.255034+00:00 [queued]>
[2025-03-20T13:39:43.963+0000] {taskinstance.py:1157} INFO - Dependencies all met for dep_context=requeueable deps ti=<TaskInstance: transactions_pipeline.create_hive_table manual__2025-03-20T13:39:33.255034+00:00 [queued]>
[2025-03-20T13:39:43.964+0000] {taskinstance.py:1359} INFO - Starting attempt 1 of 1
[2025-03-20T13:39:43.986+0000] {taskinstance.py:1380} INFO - Executing <Task(BashOperator): create_hive_table> on 2025-03-20 13:39:33.255034+00:00
[2025-03-20T13:39:43.992+0000] {standard_task_runner.py:57} INFO - Started process 1835 to run task
[2025-03-20T13:39:43.996+0000] {standard_task_runner.py:84} INFO - Running: ['***', 'tasks', 'run', 'transactions_pipeline', 'create_hive_table', 'manual__2025-03-20T13:39:33.255034+00:00', '--job-id', '331', '--raw', '--subdir', 'DAGS_FOLDER/fraud_detection_pipeline.py', '--cfg-path', '/tmp/tmpl21_cltq']
[2025-03-20T13:39:44.000+0000] {standard_task_runner.py:85} INFO - Job 331: Subtask create_hive_table
[2025-03-20T13:39:44.067+0000] {task_command.py:415} INFO - Running <TaskInstance: transactions_pipeline.create_hive_table manual__2025-03-20T13:39:33.255034+00:00 [running]> on host 3938a1dd8bd9
[2025-03-20T13:39:44.195+0000] {taskinstance.py:1660} INFO - Exporting env vars: AIRFLOW_CTX_DAG_OWNER='***' AIRFLOW_CTX_DAG_ID='transactions_pipeline' AIRFLOW_CTX_TASK_ID='create_hive_table' AIRFLOW_CTX_EXECUTION_DATE='2025-03-20T13:39:33.255034+00:00' AIRFLOW_CTX_TRY_NUMBER='1' AIRFLOW_CTX_DAG_RUN_ID='manual__2025-03-20T13:39:33.255034+00:00'
[2025-03-20T13:39:44.197+0000] {subprocess.py:63} INFO - Tmp dir root location: /tmp
[2025-03-20T13:39:44.199+0000] {subprocess.py:75} INFO - Running command: ['/bin/bash', '-c', '\n    docker exec hive beeline -u "jdbc:hive2://localhost:10000" --hiveconf hive.exec.dynamic.partition.mode=nonstrict -e "\n    CREATE EXTERNAL TABLE IF NOT EXISTS transactions (\n        transaction_id STRING,\n        date_time STRING,\n        amount DOUBLE,\n        currency STRING,\n        merchant_details STRING,\n        customer_id STRING,\n        transaction_type STRING,\n        location STRING\n    )\n    PARTITIONED BY (batch_id STRING)\n    STORED AS PARQUET;\n    ALTER TABLE transactions ADD IF NOT EXISTS PARTITION (batch_id=\'batch_20250320_133849\') LOCATION \'/data/transactions/transactions_batch_20250320_133849\';"\n    ']
[2025-03-20T13:39:44.211+0000] {subprocess.py:86} INFO - Output:
[2025-03-20T13:39:45.260+0000] {subprocess.py:93} INFO - SLF4J: Class path contains multiple SLF4J bindings.
[2025-03-20T13:39:45.261+0000] {subprocess.py:93} INFO - SLF4J: Found binding in [jar:file:/opt/hive/lib/log4j-slf4j-impl-2.17.1.jar!/org/slf4j/impl/StaticLoggerBinder.class]
[2025-03-20T13:39:45.262+0000] {subprocess.py:93} INFO - SLF4J: Found binding in [jar:file:/opt/hadoop/share/hadoop/common/lib/slf4j-log4j12-1.7.25.jar!/org/slf4j/impl/StaticLoggerBinder.class]
[2025-03-20T13:39:45.262+0000] {subprocess.py:93} INFO - SLF4J: See http://www.slf4j.org/codes.html#multiple_bindings for an explanation.
[2025-03-20T13:39:45.382+0000] {subprocess.py:93} INFO - SLF4J: Actual binding is of type [org.apache.logging.slf4j.Log4jLoggerFactory]
[2025-03-20T13:39:46.441+0000] {subprocess.py:93} INFO - Connecting to jdbc:hive2://localhost:10000
[2025-03-20T13:39:46.658+0000] {subprocess.py:93} INFO - Connected to: Apache Hive (version 3.1.3)
[2025-03-20T13:39:46.659+0000] {subprocess.py:93} INFO - Driver: Hive JDBC (version 3.1.3)
[2025-03-20T13:39:46.660+0000] {subprocess.py:93} INFO - Transaction isolation: TRANSACTION_REPEATABLE_READ
[2025-03-20T13:39:46.752+0000] {subprocess.py:93} INFO - INFO  : Compiling command(queryId=root_20250320133946_8137ce59-2d2b-4500-9fd0-d148d5690545): CREATE EXTERNAL TABLE IF NOT EXISTS transactions (
[2025-03-20T13:39:46.753+0000] {subprocess.py:93} INFO -         transaction_id STRING,
[2025-03-20T13:39:46.754+0000] {subprocess.py:93} INFO -         date_time STRING,
[2025-03-20T13:39:46.754+0000] {subprocess.py:93} INFO -         amount DOUBLE,
[2025-03-20T13:39:46.755+0000] {subprocess.py:93} INFO -         currency STRING,
[2025-03-20T13:39:46.756+0000] {subprocess.py:93} INFO -         merchant_details STRING,
[2025-03-20T13:39:46.756+0000] {subprocess.py:93} INFO -         customer_id STRING,
[2025-03-20T13:39:46.757+0000] {subprocess.py:93} INFO -         transaction_type STRING,
[2025-03-20T13:39:46.758+0000] {subprocess.py:93} INFO -         location STRING
[2025-03-20T13:39:46.758+0000] {subprocess.py:93} INFO -     )
[2025-03-20T13:39:46.759+0000] {subprocess.py:93} INFO -     PARTITIONED BY (batch_id STRING)
[2025-03-20T13:39:46.759+0000] {subprocess.py:93} INFO -     STORED AS PARQUET
[2025-03-20T13:39:46.760+0000] {subprocess.py:93} INFO - INFO  : Concurrency mode is disabled, not creating a lock manager
[2025-03-20T13:39:46.761+0000] {subprocess.py:93} INFO - INFO  : Semantic Analysis Completed (retrial = false)
[2025-03-20T13:39:46.762+0000] {subprocess.py:93} INFO - INFO  : Returning Hive schema: Schema(fieldSchemas:null, properties:null)
[2025-03-20T13:39:46.762+0000] {subprocess.py:93} INFO - INFO  : Completed compiling command(queryId=root_20250320133946_8137ce59-2d2b-4500-9fd0-d148d5690545); Time taken: 0.016 seconds
[2025-03-20T13:39:46.762+0000] {subprocess.py:93} INFO - INFO  : Concurrency mode is disabled, not creating a lock manager
[2025-03-20T13:39:46.763+0000] {subprocess.py:93} INFO - INFO  : Executing command(queryId=root_20250320133946_8137ce59-2d2b-4500-9fd0-d148d5690545): CREATE EXTERNAL TABLE IF NOT EXISTS transactions (
[2025-03-20T13:39:46.763+0000] {subprocess.py:93} INFO -         transaction_id STRING,
[2025-03-20T13:39:46.763+0000] {subprocess.py:93} INFO -         date_time STRING,
[2025-03-20T13:39:46.763+0000] {subprocess.py:93} INFO -         amount DOUBLE,
[2025-03-20T13:39:46.764+0000] {subprocess.py:93} INFO -         currency STRING,
[2025-03-20T13:39:46.764+0000] {subprocess.py:93} INFO -         merchant_details STRING,
[2025-03-20T13:39:46.765+0000] {subprocess.py:93} INFO -         customer_id STRING,
[2025-03-20T13:39:46.765+0000] {subprocess.py:93} INFO -         transaction_type STRING,
[2025-03-20T13:39:46.766+0000] {subprocess.py:93} INFO -         location STRING
[2025-03-20T13:39:46.766+0000] {subprocess.py:93} INFO -     )
[2025-03-20T13:39:46.767+0000] {subprocess.py:93} INFO -     PARTITIONED BY (batch_id STRING)
[2025-03-20T13:39:46.767+0000] {subprocess.py:93} INFO -     STORED AS PARQUET
[2025-03-20T13:39:46.767+0000] {subprocess.py:93} INFO - INFO  : Completed executing command(queryId=root_20250320133946_8137ce59-2d2b-4500-9fd0-d148d5690545); Time taken: 0.001 seconds
[2025-03-20T13:39:46.768+0000] {subprocess.py:93} INFO - INFO  : OK
[2025-03-20T13:39:46.768+0000] {subprocess.py:93} INFO - INFO  : Concurrency mode is disabled, not creating a lock manager
[2025-03-20T13:39:46.769+0000] {subprocess.py:93} INFO - No rows affected (0.09 seconds)
[2025-03-20T13:39:46.885+0000] {subprocess.py:93} INFO - INFO  : Compiling command(queryId=root_20250320133946_e96d6b31-05e0-4ad2-af90-f14ee02e5699): ALTER TABLE transactions ADD IF NOT EXISTS PARTITION (batch_id='batch_20250320_133849') LOCATION '/data/transactions/transactions_batch_20250320_133849'
[2025-03-20T13:39:46.886+0000] {subprocess.py:93} INFO - INFO  : Concurrency mode is disabled, not creating a lock manager
[2025-03-20T13:39:46.887+0000] {subprocess.py:93} INFO - INFO  : Semantic Analysis Completed (retrial = false)
[2025-03-20T13:39:46.888+0000] {subprocess.py:93} INFO - INFO  : Returning Hive schema: Schema(fieldSchemas:null, properties:null)
[2025-03-20T13:39:46.888+0000] {subprocess.py:93} INFO - INFO  : Completed compiling command(queryId=root_20250320133946_e96d6b31-05e0-4ad2-af90-f14ee02e5699); Time taken: 0.01 seconds
[2025-03-20T13:39:46.889+0000] {subprocess.py:93} INFO - INFO  : Concurrency mode is disabled, not creating a lock manager
[2025-03-20T13:39:46.889+0000] {subprocess.py:93} INFO - INFO  : Executing command(queryId=root_20250320133946_e96d6b31-05e0-4ad2-af90-f14ee02e5699): ALTER TABLE transactions ADD IF NOT EXISTS PARTITION (batch_id='batch_20250320_133849') LOCATION '/data/transactions/transactions_batch_20250320_133849'
[2025-03-20T13:39:46.890+0000] {subprocess.py:93} INFO - INFO  : Starting task [Stage-0:DDL] in serial mode
[2025-03-20T13:39:46.891+0000] {subprocess.py:93} INFO - INFO  : Completed executing command(queryId=root_20250320133946_e96d6b31-05e0-4ad2-af90-f14ee02e5699); Time taken: 0.076 seconds
[2025-03-20T13:39:46.891+0000] {subprocess.py:93} INFO - INFO  : OK
[2025-03-20T13:39:46.892+0000] {subprocess.py:93} INFO - INFO  : Concurrency mode is disabled, not creating a lock manager
[2025-03-20T13:39:46.893+0000] {subprocess.py:93} INFO - No rows affected (0.109 seconds)
[2025-03-20T13:39:46.893+0000] {subprocess.py:93} INFO - Beeline version 3.1.3 by Apache Hive
[2025-03-20T13:39:46.898+0000] {subprocess.py:93} INFO - Closing: 0: jdbc:hive2://localhost:10000
[2025-03-20T13:39:46.935+0000] {subprocess.py:97} INFO - Command exited with return code 0
[2025-03-20T13:39:46.965+0000] {taskinstance.py:1398} INFO - Marking task as SUCCESS. dag_id=transactions_pipeline, task_id=create_hive_table, execution_date=20250320T133933, start_date=20250320T133943, end_date=20250320T133946
[2025-03-20T13:39:47.023+0000] {local_task_job_runner.py:228} INFO - Task exited with return code 0
[2025-03-20T13:39:47.056+0000] {taskinstance.py:2776} INFO - 1 downstream tasks scheduled from follow-on schedule check
