[2025-03-19T17:13:49.379+0000] {taskinstance.py:1157} INFO - Dependencies all met for dep_context=non-requeueable deps ti=<TaskInstance: transactions_pipeline.detect_fraud manual__2025-03-19T17:13:30.843950+00:00 [queued]>
[2025-03-19T17:13:49.392+0000] {taskinstance.py:1157} INFO - Dependencies all met for dep_context=requeueable deps ti=<TaskInstance: transactions_pipeline.detect_fraud manual__2025-03-19T17:13:30.843950+00:00 [queued]>
[2025-03-19T17:13:49.393+0000] {taskinstance.py:1359} INFO - Starting attempt 1 of 1
[2025-03-19T17:13:49.412+0000] {taskinstance.py:1380} INFO - Executing <Task(BashOperator): detect_fraud> on 2025-03-19 17:13:30.843950+00:00
[2025-03-19T17:13:49.421+0000] {standard_task_runner.py:57} INFO - Started process 226 to run task
[2025-03-19T17:13:49.427+0000] {standard_task_runner.py:84} INFO - Running: ['***', 'tasks', 'run', 'transactions_pipeline', 'detect_fraud', 'manual__2025-03-19T17:13:30.843950+00:00', '--job-id', '72', '--raw', '--subdir', 'DAGS_FOLDER/fraud_detection_pipeline.py', '--cfg-path', '/tmp/tmpofdtleka']
[2025-03-19T17:13:49.432+0000] {standard_task_runner.py:85} INFO - Job 72: Subtask detect_fraud
[2025-03-19T17:13:49.494+0000] {task_command.py:415} INFO - Running <TaskInstance: transactions_pipeline.detect_fraud manual__2025-03-19T17:13:30.843950+00:00 [running]> on host 347688f31140
[2025-03-19T17:13:49.559+0000] {logging_mixin.py:151} WARNING - /home/***/.local/lib/python3.8/site-packages/***/utils/context.py:206 AirflowContextDeprecationWarning: Accessing 'execution_date' from the template is deprecated and will be removed in a future version. Please use 'data_interval_start' or 'logical_date' instead.
[2025-03-19T17:13:49.597+0000] {taskinstance.py:1660} INFO - Exporting env vars: AIRFLOW_CTX_DAG_OWNER='***' AIRFLOW_CTX_DAG_ID='transactions_pipeline' AIRFLOW_CTX_TASK_ID='detect_fraud' AIRFLOW_CTX_EXECUTION_DATE='2025-03-19T17:13:30.843950+00:00' AIRFLOW_CTX_TRY_NUMBER='1' AIRFLOW_CTX_DAG_RUN_ID='manual__2025-03-19T17:13:30.843950+00:00'
[2025-03-19T17:13:49.600+0000] {subprocess.py:63} INFO - Tmp dir root location: /tmp
[2025-03-19T17:13:49.601+0000] {subprocess.py:75} INFO - Running command: ['/bin/bash', '-c', '\n    docker exec -u root hive beeline -u "jdbc:hive2://localhost:10000" -e "\n    CREATE TABLE IF NOT EXISTS fraud_detections (\n        transaction_id STRING,\n        date_time STRING,\n        amount DOUBLE,\n        customer_id STRING,\n        location STRING,\n        fraud_reason STRING\n    )\n    STORED AS PARQUET;\n    INSERT INTO TABLE fraud_detections\n    SELECT\n        t.transaction_id,\n        t.date_time,\n        t.amount,\n        t.customer_id,\n        t.location,\n        CASE\n            WHEN t.amount > 1000 THEN \'High Amount\'\n            WHEN COUNT(*) OVER (PARTITION BY t.customer_id ORDER BY t.date_time RANGE BETWEEN INTERVAL \'1\' HOUR PRECEDING AND CURRENT ROW) > 10 THEN \'High Frequency\'\n            WHEN t.location NOT IN (\'City1\', \'City2\', \'City3\') THEN \'Unusual Location\'\n            WHEN t.merchant_details IN (SELECT merchant_id FROM blacklist) THEN \'Blacklisted Merchant\'\n            WHEN fr.fraud_count > 3 THEN \'High Fraud History\'\n        END AS fraud_reason\n    FROM transactions t\n    LEFT JOIN fraud_reports fr ON t.customer_id = fr.customer_id\n    WHERE t.batch_id = \'batch_20250319_171330\'\n    HAVING fraud_reason IS NOT NULL;"\n    ']
[2025-03-19T17:13:49.612+0000] {subprocess.py:86} INFO - Output:
[2025-03-19T17:13:50.869+0000] {subprocess.py:93} INFO - SLF4J: Class path contains multiple SLF4J bindings.
[2025-03-19T17:13:50.870+0000] {subprocess.py:93} INFO - SLF4J: Found binding in [jar:file:/opt/hive/lib/log4j-slf4j-impl-2.17.1.jar!/org/slf4j/impl/StaticLoggerBinder.class]
[2025-03-19T17:13:50.871+0000] {subprocess.py:93} INFO - SLF4J: Found binding in [jar:file:/opt/hadoop/share/hadoop/common/lib/slf4j-log4j12-1.7.25.jar!/org/slf4j/impl/StaticLoggerBinder.class]
[2025-03-19T17:13:50.871+0000] {subprocess.py:93} INFO - SLF4J: See http://www.slf4j.org/codes.html#multiple_bindings for an explanation.
[2025-03-19T17:13:51.072+0000] {subprocess.py:93} INFO - SLF4J: Actual binding is of type [org.apache.logging.slf4j.Log4jLoggerFactory]
[2025-03-19T17:13:53.222+0000] {subprocess.py:93} INFO - Connecting to jdbc:hive2://localhost:10000
[2025-03-19T17:13:53.650+0000] {subprocess.py:93} INFO - Connected to: Apache Hive (version 3.1.3)
[2025-03-19T17:13:53.651+0000] {subprocess.py:93} INFO - Driver: Hive JDBC (version 3.1.3)
[2025-03-19T17:13:53.652+0000] {subprocess.py:93} INFO - Transaction isolation: TRANSACTION_REPEATABLE_READ
[2025-03-19T17:13:54.033+0000] {subprocess.py:93} INFO - INFO  : Compiling command(queryId=root_20250319171353_c147280e-7192-478a-8342-387754594aa4): CREATE TABLE IF NOT EXISTS fraud_detections (
[2025-03-19T17:13:54.034+0000] {subprocess.py:93} INFO -         transaction_id STRING,
[2025-03-19T17:13:54.035+0000] {subprocess.py:93} INFO -         date_time STRING,
[2025-03-19T17:13:54.037+0000] {subprocess.py:93} INFO -         amount DOUBLE,
[2025-03-19T17:13:54.038+0000] {subprocess.py:93} INFO -         customer_id STRING,
[2025-03-19T17:13:54.039+0000] {subprocess.py:93} INFO -         location STRING,
[2025-03-19T17:13:54.040+0000] {subprocess.py:93} INFO -         fraud_reason STRING
[2025-03-19T17:13:54.041+0000] {subprocess.py:93} INFO -     )
[2025-03-19T17:13:54.042+0000] {subprocess.py:93} INFO -     STORED AS PARQUET
[2025-03-19T17:13:54.042+0000] {subprocess.py:93} INFO - INFO  : Concurrency mode is disabled, not creating a lock manager
[2025-03-19T17:13:54.043+0000] {subprocess.py:93} INFO - INFO  : Semantic Analysis Completed (retrial = false)
[2025-03-19T17:13:54.043+0000] {subprocess.py:93} INFO - INFO  : Returning Hive schema: Schema(fieldSchemas:null, properties:null)
[2025-03-19T17:13:54.044+0000] {subprocess.py:93} INFO - INFO  : Completed compiling command(queryId=root_20250319171353_c147280e-7192-478a-8342-387754594aa4); Time taken: 0.009 seconds
[2025-03-19T17:13:54.045+0000] {subprocess.py:93} INFO - INFO  : Concurrency mode is disabled, not creating a lock manager
[2025-03-19T17:13:54.046+0000] {subprocess.py:93} INFO - INFO  : Executing command(queryId=root_20250319171353_c147280e-7192-478a-8342-387754594aa4): CREATE TABLE IF NOT EXISTS fraud_detections (
[2025-03-19T17:13:54.046+0000] {subprocess.py:93} INFO -         transaction_id STRING,
[2025-03-19T17:13:54.047+0000] {subprocess.py:93} INFO -         date_time STRING,
[2025-03-19T17:13:54.047+0000] {subprocess.py:93} INFO -         amount DOUBLE,
[2025-03-19T17:13:54.048+0000] {subprocess.py:93} INFO -         customer_id STRING,
[2025-03-19T17:13:54.049+0000] {subprocess.py:93} INFO -         location STRING,
[2025-03-19T17:13:54.049+0000] {subprocess.py:93} INFO -         fraud_reason STRING
[2025-03-19T17:13:54.050+0000] {subprocess.py:93} INFO -     )
[2025-03-19T17:13:54.051+0000] {subprocess.py:93} INFO -     STORED AS PARQUET
[2025-03-19T17:13:54.051+0000] {subprocess.py:93} INFO - INFO  : Starting task [Stage-0:DDL] in serial mode
[2025-03-19T17:13:54.052+0000] {subprocess.py:93} INFO - INFO  : Completed executing command(queryId=root_20250319171353_c147280e-7192-478a-8342-387754594aa4); Time taken: 0.268 seconds
[2025-03-19T17:13:54.053+0000] {subprocess.py:93} INFO - INFO  : OK
[2025-03-19T17:13:54.053+0000] {subprocess.py:93} INFO - INFO  : Concurrency mode is disabled, not creating a lock manager
[2025-03-19T17:13:54.054+0000] {subprocess.py:93} INFO - No rows affected (0.365 seconds)
[2025-03-19T17:13:54.151+0000] {subprocess.py:93} INFO - Error: Error while compiling statement: FAILED: ParseException line 10:94 cannot recognize input near 'INTERVAL' ''1'' 'HOUR' in windowframeboundary (state=42000,code=40000)
[2025-03-19T17:13:54.166+0000] {subprocess.py:93} INFO - Closing: 0: jdbc:hive2://localhost:10000
[2025-03-19T17:13:54.246+0000] {subprocess.py:97} INFO - Command exited with return code 1
[2025-03-19T17:13:54.265+0000] {taskinstance.py:1935} ERROR - Task failed with exception
Traceback (most recent call last):
  File "/home/airflow/.local/lib/python3.8/site-packages/airflow/operators/bash.py", line 210, in execute
    raise AirflowException(
airflow.exceptions.AirflowException: Bash command failed. The command returned a non-zero exit code 1.
[2025-03-19T17:13:54.272+0000] {taskinstance.py:1398} INFO - Marking task as FAILED. dag_id=transactions_pipeline, task_id=detect_fraud, execution_date=20250319T171330, start_date=20250319T171349, end_date=20250319T171354
[2025-03-19T17:13:54.298+0000] {standard_task_runner.py:104} ERROR - Failed to execute job 72 for task detect_fraud (Bash command failed. The command returned a non-zero exit code 1.; 226)
[2025-03-19T17:13:54.339+0000] {local_task_job_runner.py:228} INFO - Task exited with return code 1
[2025-03-19T17:13:54.394+0000] {taskinstance.py:2776} INFO - 0 downstream tasks scheduled from follow-on schedule check
