[2025-03-19T19:41:29.548+0000] {taskinstance.py:1157} INFO - Dependencies all met for dep_context=non-requeueable deps ti=<TaskInstance: transactions_pipeline.create_hive_table manual__2025-03-19T19:41:15.978289+00:00 [queued]>
[2025-03-19T19:41:29.567+0000] {taskinstance.py:1157} INFO - Dependencies all met for dep_context=requeueable deps ti=<TaskInstance: transactions_pipeline.create_hive_table manual__2025-03-19T19:41:15.978289+00:00 [queued]>
[2025-03-19T19:41:29.568+0000] {taskinstance.py:1359} INFO - Starting attempt 1 of 1
[2025-03-19T19:41:29.591+0000] {taskinstance.py:1380} INFO - Executing <Task(BashOperator): create_hive_table> on 2025-03-19 19:41:15.978289+00:00
[2025-03-19T19:41:29.602+0000] {standard_task_runner.py:57} INFO - Started process 2428 to run task
[2025-03-19T19:41:29.606+0000] {standard_task_runner.py:84} INFO - Running: ['***', 'tasks', 'run', 'transactions_pipeline', 'create_hive_table', 'manual__2025-03-19T19:41:15.978289+00:00', '--job-id', '130', '--raw', '--subdir', 'DAGS_FOLDER/fraud_detection_pipeline.py', '--cfg-path', '/tmp/tmp8tp1p1b4']
[2025-03-19T19:41:29.609+0000] {standard_task_runner.py:85} INFO - Job 130: Subtask create_hive_table
[2025-03-19T19:41:29.692+0000] {task_command.py:415} INFO - Running <TaskInstance: transactions_pipeline.create_hive_table manual__2025-03-19T19:41:15.978289+00:00 [running]> on host 347688f31140
[2025-03-19T19:41:29.907+0000] {logging_mixin.py:151} WARNING - /home/***/.local/lib/python3.8/site-packages/***/utils/context.py:206 AirflowContextDeprecationWarning: Accessing 'execution_date' from the template is deprecated and will be removed in a future version. Please use 'data_interval_start' or 'logical_date' instead.
[2025-03-19T19:41:30.115+0000] {taskinstance.py:1660} INFO - Exporting env vars: AIRFLOW_CTX_DAG_OWNER='***' AIRFLOW_CTX_DAG_ID='transactions_pipeline' AIRFLOW_CTX_TASK_ID='create_hive_table' AIRFLOW_CTX_EXECUTION_DATE='2025-03-19T19:41:15.978289+00:00' AIRFLOW_CTX_TRY_NUMBER='1' AIRFLOW_CTX_DAG_RUN_ID='manual__2025-03-19T19:41:15.978289+00:00'
[2025-03-19T19:41:30.124+0000] {subprocess.py:63} INFO - Tmp dir root location: /tmp
[2025-03-19T19:41:30.128+0000] {subprocess.py:75} INFO - Running command: ['/bin/bash', '-c', '\n    docker exec hive beeline -u "jdbc:hive2://localhost:10000" --hiveconf hive.exec.dynamic.partition.mode=nonstrict -e "\n    CREATE EXTERNAL TABLE IF NOT EXISTS transactions (\n        transaction_id STRING,\n        date_time STRING,\n        amount DOUBLE,\n        currency STRING,\n        merchant_details STRING,\n        customer_id STRING,\n        transaction_type STRING,\n        location STRING\n    )\n    PARTITIONED BY (batch_id STRING)\n    STORED AS PARQUET\n    LOCATION \'/data/transactions/transactions_batch_0\';\n    ALTER TABLE transactions ADD IF NOT EXISTS PARTITION (batch_id=\'batch_20250319_194115\') LOCATION \'/data/transactions/transactions_batch_0\';"\n    ']
[2025-03-19T19:41:30.185+0000] {subprocess.py:86} INFO - Output:
[2025-03-19T19:41:32.749+0000] {subprocess.py:93} INFO - SLF4J: Class path contains multiple SLF4J bindings.
[2025-03-19T19:41:32.751+0000] {subprocess.py:93} INFO - SLF4J: Found binding in [jar:file:/opt/hive/lib/log4j-slf4j-impl-2.17.1.jar!/org/slf4j/impl/StaticLoggerBinder.class]
[2025-03-19T19:41:32.752+0000] {subprocess.py:93} INFO - SLF4J: Found binding in [jar:file:/opt/hadoop/share/hadoop/common/lib/slf4j-log4j12-1.7.25.jar!/org/slf4j/impl/StaticLoggerBinder.class]
[2025-03-19T19:41:32.755+0000] {subprocess.py:93} INFO - SLF4J: See http://www.slf4j.org/codes.html#multiple_bindings for an explanation.
[2025-03-19T19:41:33.186+0000] {subprocess.py:93} INFO - SLF4J: Actual binding is of type [org.apache.logging.slf4j.Log4jLoggerFactory]
[2025-03-19T19:41:34.824+0000] {subprocess.py:93} INFO - Connecting to jdbc:hive2://localhost:10000
[2025-03-19T19:41:35.148+0000] {subprocess.py:93} INFO - Connected to: Apache Hive (version 3.1.3)
[2025-03-19T19:41:35.149+0000] {subprocess.py:93} INFO - Driver: Hive JDBC (version 3.1.3)
[2025-03-19T19:41:35.150+0000] {subprocess.py:93} INFO - Transaction isolation: TRANSACTION_REPEATABLE_READ
[2025-03-19T19:41:35.255+0000] {subprocess.py:93} INFO - INFO  : Compiling command(queryId=root_20250319194135_a5d2e17d-3ccb-4795-b64a-71c2a2255930): CREATE EXTERNAL TABLE IF NOT EXISTS transactions (
[2025-03-19T19:41:35.257+0000] {subprocess.py:93} INFO -         transaction_id STRING,
[2025-03-19T19:41:35.258+0000] {subprocess.py:93} INFO -         date_time STRING,
[2025-03-19T19:41:35.258+0000] {subprocess.py:93} INFO -         amount DOUBLE,
[2025-03-19T19:41:35.260+0000] {subprocess.py:93} INFO -         currency STRING,
[2025-03-19T19:41:35.261+0000] {subprocess.py:93} INFO -         merchant_details STRING,
[2025-03-19T19:41:35.262+0000] {subprocess.py:93} INFO -         customer_id STRING,
[2025-03-19T19:41:35.262+0000] {subprocess.py:93} INFO -         transaction_type STRING,
[2025-03-19T19:41:35.263+0000] {subprocess.py:93} INFO -         location STRING
[2025-03-19T19:41:35.264+0000] {subprocess.py:93} INFO -     )
[2025-03-19T19:41:35.266+0000] {subprocess.py:93} INFO -     PARTITIONED BY (batch_id STRING)
[2025-03-19T19:41:35.267+0000] {subprocess.py:93} INFO -     STORED AS PARQUET
[2025-03-19T19:41:35.268+0000] {subprocess.py:93} INFO -     LOCATION '/data/transactions/transactions_batch_0'
[2025-03-19T19:41:35.269+0000] {subprocess.py:93} INFO - INFO  : Concurrency mode is disabled, not creating a lock manager
[2025-03-19T19:41:35.269+0000] {subprocess.py:93} INFO - INFO  : Semantic Analysis Completed (retrial = false)
[2025-03-19T19:41:35.270+0000] {subprocess.py:93} INFO - INFO  : Returning Hive schema: Schema(fieldSchemas:null, properties:null)
[2025-03-19T19:41:35.270+0000] {subprocess.py:93} INFO - INFO  : Completed compiling command(queryId=root_20250319194135_a5d2e17d-3ccb-4795-b64a-71c2a2255930); Time taken: 0.017 seconds
[2025-03-19T19:41:35.271+0000] {subprocess.py:93} INFO - INFO  : Concurrency mode is disabled, not creating a lock manager
[2025-03-19T19:41:35.271+0000] {subprocess.py:93} INFO - INFO  : Executing command(queryId=root_20250319194135_a5d2e17d-3ccb-4795-b64a-71c2a2255930): CREATE EXTERNAL TABLE IF NOT EXISTS transactions (
[2025-03-19T19:41:35.272+0000] {subprocess.py:93} INFO -         transaction_id STRING,
[2025-03-19T19:41:35.272+0000] {subprocess.py:93} INFO -         date_time STRING,
[2025-03-19T19:41:35.273+0000] {subprocess.py:93} INFO -         amount DOUBLE,
[2025-03-19T19:41:35.274+0000] {subprocess.py:93} INFO -         currency STRING,
[2025-03-19T19:41:35.274+0000] {subprocess.py:93} INFO -         merchant_details STRING,
[2025-03-19T19:41:35.275+0000] {subprocess.py:93} INFO -         customer_id STRING,
[2025-03-19T19:41:35.275+0000] {subprocess.py:93} INFO -         transaction_type STRING,
[2025-03-19T19:41:35.276+0000] {subprocess.py:93} INFO -         location STRING
[2025-03-19T19:41:35.277+0000] {subprocess.py:93} INFO -     )
[2025-03-19T19:41:35.277+0000] {subprocess.py:93} INFO -     PARTITIONED BY (batch_id STRING)
[2025-03-19T19:41:35.278+0000] {subprocess.py:93} INFO -     STORED AS PARQUET
[2025-03-19T19:41:35.279+0000] {subprocess.py:93} INFO -     LOCATION '/data/transactions/transactions_batch_0'
[2025-03-19T19:41:35.279+0000] {subprocess.py:93} INFO - INFO  : Completed executing command(queryId=root_20250319194135_a5d2e17d-3ccb-4795-b64a-71c2a2255930); Time taken: 0.0 seconds
[2025-03-19T19:41:35.280+0000] {subprocess.py:93} INFO - INFO  : OK
[2025-03-19T19:41:35.282+0000] {subprocess.py:93} INFO - INFO  : Concurrency mode is disabled, not creating a lock manager
[2025-03-19T19:41:35.283+0000] {subprocess.py:93} INFO - No rows affected (0.093 seconds)
[2025-03-19T19:41:35.380+0000] {subprocess.py:93} INFO - INFO  : Compiling command(queryId=root_20250319194135_e4a68ee0-bbe4-421b-9986-d1a6c2261998): ALTER TABLE transactions ADD IF NOT EXISTS PARTITION (batch_id='batch_20250319_194115') LOCATION '/data/transactions/transactions_batch_0'
[2025-03-19T19:41:35.381+0000] {subprocess.py:93} INFO - INFO  : Concurrency mode is disabled, not creating a lock manager
[2025-03-19T19:41:35.382+0000] {subprocess.py:93} INFO - INFO  : Semantic Analysis Completed (retrial = false)
[2025-03-19T19:41:35.383+0000] {subprocess.py:93} INFO - INFO  : Returning Hive schema: Schema(fieldSchemas:null, properties:null)
[2025-03-19T19:41:35.384+0000] {subprocess.py:93} INFO - INFO  : Completed compiling command(queryId=root_20250319194135_e4a68ee0-bbe4-421b-9986-d1a6c2261998); Time taken: 0.014 seconds
[2025-03-19T19:41:35.385+0000] {subprocess.py:93} INFO - INFO  : Concurrency mode is disabled, not creating a lock manager
[2025-03-19T19:41:35.385+0000] {subprocess.py:93} INFO - INFO  : Executing command(queryId=root_20250319194135_e4a68ee0-bbe4-421b-9986-d1a6c2261998): ALTER TABLE transactions ADD IF NOT EXISTS PARTITION (batch_id='batch_20250319_194115') LOCATION '/data/transactions/transactions_batch_0'
[2025-03-19T19:41:35.387+0000] {subprocess.py:93} INFO - INFO  : Starting task [Stage-0:DDL] in serial mode
[2025-03-19T19:41:35.388+0000] {subprocess.py:93} INFO - INFO  : Completed executing command(queryId=root_20250319194135_e4a68ee0-bbe4-421b-9986-d1a6c2261998); Time taken: 0.063 seconds
[2025-03-19T19:41:35.389+0000] {subprocess.py:93} INFO - INFO  : OK
[2025-03-19T19:41:35.390+0000] {subprocess.py:93} INFO - INFO  : Concurrency mode is disabled, not creating a lock manager
[2025-03-19T19:41:35.391+0000] {subprocess.py:93} INFO - No rows affected (0.098 seconds)
[2025-03-19T19:41:35.392+0000] {subprocess.py:93} INFO - Beeline version 3.1.3 by Apache Hive
[2025-03-19T19:41:35.403+0000] {subprocess.py:93} INFO - Closing: 0: jdbc:hive2://localhost:10000
[2025-03-19T19:41:35.476+0000] {subprocess.py:97} INFO - Command exited with return code 0
[2025-03-19T19:41:35.510+0000] {taskinstance.py:1398} INFO - Marking task as SUCCESS. dag_id=transactions_pipeline, task_id=create_hive_table, execution_date=20250319T194115, start_date=20250319T194129, end_date=20250319T194135
[2025-03-19T19:41:35.556+0000] {local_task_job_runner.py:228} INFO - Task exited with return code 0
[2025-03-19T19:41:35.609+0000] {taskinstance.py:2776} INFO - 1 downstream tasks scheduled from follow-on schedule check
