[2025-03-21T01:20:44.042+0000] {taskinstance.py:1157} INFO - Dependencies all met for dep_context=non-requeueable deps ti=<TaskInstance: transactions_pipeline.create_hive_table scheduled__2025-03-21T00:30:32.992418+00:00 [queued]>
[2025-03-21T01:20:44.054+0000] {taskinstance.py:1157} INFO - Dependencies all met for dep_context=requeueable deps ti=<TaskInstance: transactions_pipeline.create_hive_table scheduled__2025-03-21T00:30:32.992418+00:00 [queued]>
[2025-03-21T01:20:44.055+0000] {taskinstance.py:1359} INFO - Starting attempt 1 of 2
[2025-03-21T01:20:44.073+0000] {taskinstance.py:1380} INFO - Executing <Task(BashOperator): create_hive_table> on 2025-03-21 00:30:32.992418+00:00
[2025-03-21T01:20:44.081+0000] {standard_task_runner.py:57} INFO - Started process 1559 to run task
[2025-03-21T01:20:44.086+0000] {standard_task_runner.py:84} INFO - Running: ['***', 'tasks', 'run', 'transactions_pipeline', 'create_hive_table', 'scheduled__2025-03-21T00:30:32.992418+00:00', '--job-id', '444', '--raw', '--subdir', 'DAGS_FOLDER/fraud_detection_pipeline.py', '--cfg-path', '/tmp/tmp42ixanys']
[2025-03-21T01:20:44.089+0000] {standard_task_runner.py:85} INFO - Job 444: Subtask create_hive_table
[2025-03-21T01:20:44.147+0000] {task_command.py:415} INFO - Running <TaskInstance: transactions_pipeline.create_hive_table scheduled__2025-03-21T00:30:32.992418+00:00 [running]> on host 6688e233cb20
[2025-03-21T01:20:44.270+0000] {taskinstance.py:1660} INFO - Exporting env vars: AIRFLOW_CTX_DAG_EMAIL='rabiizahnoune7@gmail.com' AIRFLOW_CTX_DAG_OWNER='***' AIRFLOW_CTX_DAG_ID='transactions_pipeline' AIRFLOW_CTX_TASK_ID='create_hive_table' AIRFLOW_CTX_EXECUTION_DATE='2025-03-21T00:30:32.992418+00:00' AIRFLOW_CTX_TRY_NUMBER='1' AIRFLOW_CTX_DAG_RUN_ID='scheduled__2025-03-21T00:30:32.992418+00:00'
[2025-03-21T01:20:44.271+0000] {subprocess.py:63} INFO - Tmp dir root location: /tmp
[2025-03-21T01:20:44.273+0000] {subprocess.py:75} INFO - Running command: ['/bin/bash', '-c', '\n        docker exec hive beeline -u "jdbc:hive2://localhost:10000" --hiveconf hive.exec.dynamic.partition.mode=nonstrict -e "\n        CREATE EXTERNAL TABLE IF NOT EXISTS transactions (\n            transaction_id STRING,\n            date_time STRING,\n            amount DOUBLE,\n            currency STRING,\n            merchant_details STRING,\n            customer_id STRING,\n            transaction_type STRING,\n            location STRING\n        )\n        PARTITIONED BY (batch_id STRING)\n        STORED AS PARQUET;\n        ALTER TABLE transactions ADD IF NOT EXISTS PARTITION (batch_id=\'batch_20250320_144447\') LOCATION \'/data/transactions/transactions_batch_20250320_144447\';"\n        ']
[2025-03-21T01:20:44.285+0000] {subprocess.py:86} INFO - Output:
[2025-03-21T01:20:45.354+0000] {subprocess.py:93} INFO - SLF4J: Class path contains multiple SLF4J bindings.
[2025-03-21T01:20:45.355+0000] {subprocess.py:93} INFO - SLF4J: Found binding in [jar:file:/opt/hive/lib/log4j-slf4j-impl-2.17.1.jar!/org/slf4j/impl/StaticLoggerBinder.class]
[2025-03-21T01:20:45.356+0000] {subprocess.py:93} INFO - SLF4J: Found binding in [jar:file:/opt/hadoop/share/hadoop/common/lib/slf4j-log4j12-1.7.25.jar!/org/slf4j/impl/StaticLoggerBinder.class]
[2025-03-21T01:20:45.356+0000] {subprocess.py:93} INFO - SLF4J: See http://www.slf4j.org/codes.html#multiple_bindings for an explanation.
[2025-03-21T01:20:45.484+0000] {subprocess.py:93} INFO - SLF4J: Actual binding is of type [org.apache.logging.slf4j.Log4jLoggerFactory]
[2025-03-21T01:20:46.563+0000] {subprocess.py:93} INFO - Connecting to jdbc:hive2://localhost:10000
[2025-03-21T01:20:47.041+0000] {subprocess.py:93} INFO - Connected to: Apache Hive (version 3.1.3)
[2025-03-21T01:20:47.042+0000] {subprocess.py:93} INFO - Driver: Hive JDBC (version 3.1.3)
[2025-03-21T01:20:47.043+0000] {subprocess.py:93} INFO - Transaction isolation: TRANSACTION_REPEATABLE_READ
[2025-03-21T01:20:47.207+0000] {subprocess.py:93} INFO - INFO  : Compiling command(queryId=root_20250321012047_f8464d7c-e742-4dd2-8bf9-7758e01ba123): CREATE EXTERNAL TABLE IF NOT EXISTS transactions (
[2025-03-21T01:20:47.208+0000] {subprocess.py:93} INFO -             transaction_id STRING,
[2025-03-21T01:20:47.209+0000] {subprocess.py:93} INFO -             date_time STRING,
[2025-03-21T01:20:47.210+0000] {subprocess.py:93} INFO -             amount DOUBLE,
[2025-03-21T01:20:47.211+0000] {subprocess.py:93} INFO -             currency STRING,
[2025-03-21T01:20:47.213+0000] {subprocess.py:93} INFO -             merchant_details STRING,
[2025-03-21T01:20:47.214+0000] {subprocess.py:93} INFO -             customer_id STRING,
[2025-03-21T01:20:47.215+0000] {subprocess.py:93} INFO -             transaction_type STRING,
[2025-03-21T01:20:47.216+0000] {subprocess.py:93} INFO -             location STRING
[2025-03-21T01:20:47.217+0000] {subprocess.py:93} INFO -         )
[2025-03-21T01:20:47.217+0000] {subprocess.py:93} INFO -         PARTITIONED BY (batch_id STRING)
[2025-03-21T01:20:47.218+0000] {subprocess.py:93} INFO -         STORED AS PARQUET
[2025-03-21T01:20:47.219+0000] {subprocess.py:93} INFO - INFO  : Concurrency mode is disabled, not creating a lock manager
[2025-03-21T01:20:47.219+0000] {subprocess.py:93} INFO - INFO  : Semantic Analysis Completed (retrial = false)
[2025-03-21T01:20:47.220+0000] {subprocess.py:93} INFO - INFO  : Returning Hive schema: Schema(fieldSchemas:null, properties:null)
[2025-03-21T01:20:47.221+0000] {subprocess.py:93} INFO - INFO  : Completed compiling command(queryId=root_20250321012047_f8464d7c-e742-4dd2-8bf9-7758e01ba123); Time taken: 0.066 seconds
[2025-03-21T01:20:47.222+0000] {subprocess.py:93} INFO - INFO  : Concurrency mode is disabled, not creating a lock manager
[2025-03-21T01:20:47.222+0000] {subprocess.py:93} INFO - INFO  : Executing command(queryId=root_20250321012047_f8464d7c-e742-4dd2-8bf9-7758e01ba123): CREATE EXTERNAL TABLE IF NOT EXISTS transactions (
[2025-03-21T01:20:47.224+0000] {subprocess.py:93} INFO -             transaction_id STRING,
[2025-03-21T01:20:47.224+0000] {subprocess.py:93} INFO -             date_time STRING,
[2025-03-21T01:20:47.225+0000] {subprocess.py:93} INFO -             amount DOUBLE,
[2025-03-21T01:20:47.226+0000] {subprocess.py:93} INFO -             currency STRING,
[2025-03-21T01:20:47.227+0000] {subprocess.py:93} INFO -             merchant_details STRING,
[2025-03-21T01:20:47.228+0000] {subprocess.py:93} INFO -             customer_id STRING,
[2025-03-21T01:20:47.228+0000] {subprocess.py:93} INFO -             transaction_type STRING,
[2025-03-21T01:20:47.229+0000] {subprocess.py:93} INFO -             location STRING
[2025-03-21T01:20:47.230+0000] {subprocess.py:93} INFO -         )
[2025-03-21T01:20:47.230+0000] {subprocess.py:93} INFO -         PARTITIONED BY (batch_id STRING)
[2025-03-21T01:20:47.231+0000] {subprocess.py:93} INFO -         STORED AS PARQUET
[2025-03-21T01:20:47.232+0000] {subprocess.py:93} INFO - INFO  : Completed executing command(queryId=root_20250321012047_f8464d7c-e742-4dd2-8bf9-7758e01ba123); Time taken: 0.002 seconds
[2025-03-21T01:20:47.233+0000] {subprocess.py:93} INFO - INFO  : OK
[2025-03-21T01:20:47.233+0000] {subprocess.py:93} INFO - INFO  : Concurrency mode is disabled, not creating a lock manager
[2025-03-21T01:20:47.234+0000] {subprocess.py:93} INFO - No rows affected (0.15 seconds)
[2025-03-21T01:20:47.325+0000] {subprocess.py:93} INFO - INFO  : Compiling command(queryId=root_20250321012047_07ae78fb-2f1f-4176-8ab2-172a14b34e0b): ALTER TABLE transactions ADD IF NOT EXISTS PARTITION (batch_id='batch_20250320_144447') LOCATION '/data/transactions/transactions_batch_20250320_144447'
[2025-03-21T01:20:47.326+0000] {subprocess.py:93} INFO - INFO  : Concurrency mode is disabled, not creating a lock manager
[2025-03-21T01:20:47.327+0000] {subprocess.py:93} INFO - INFO  : Semantic Analysis Completed (retrial = false)
[2025-03-21T01:20:47.327+0000] {subprocess.py:93} INFO - INFO  : Returning Hive schema: Schema(fieldSchemas:null, properties:null)
[2025-03-21T01:20:47.329+0000] {subprocess.py:93} INFO - INFO  : Completed compiling command(queryId=root_20250321012047_07ae78fb-2f1f-4176-8ab2-172a14b34e0b); Time taken: 0.022 seconds
[2025-03-21T01:20:47.329+0000] {subprocess.py:93} INFO - INFO  : Concurrency mode is disabled, not creating a lock manager
[2025-03-21T01:20:47.330+0000] {subprocess.py:93} INFO - INFO  : Executing command(queryId=root_20250321012047_07ae78fb-2f1f-4176-8ab2-172a14b34e0b): ALTER TABLE transactions ADD IF NOT EXISTS PARTITION (batch_id='batch_20250320_144447') LOCATION '/data/transactions/transactions_batch_20250320_144447'
[2025-03-21T01:20:47.330+0000] {subprocess.py:93} INFO - INFO  : Starting task [Stage-0:DDL] in serial mode
[2025-03-21T01:20:47.330+0000] {subprocess.py:93} INFO - INFO  : Completed executing command(queryId=root_20250321012047_07ae78fb-2f1f-4176-8ab2-172a14b34e0b); Time taken: 0.054 seconds
[2025-03-21T01:20:47.331+0000] {subprocess.py:93} INFO - INFO  : OK
[2025-03-21T01:20:47.332+0000] {subprocess.py:93} INFO - INFO  : Concurrency mode is disabled, not creating a lock manager
[2025-03-21T01:20:47.332+0000] {subprocess.py:93} INFO - No rows affected (0.095 seconds)
[2025-03-21T01:20:47.333+0000] {subprocess.py:93} INFO - Beeline version 3.1.3 by Apache Hive
[2025-03-21T01:20:47.337+0000] {subprocess.py:93} INFO - Closing: 0: jdbc:hive2://localhost:10000
[2025-03-21T01:20:47.388+0000] {subprocess.py:97} INFO - Command exited with return code 0
[2025-03-21T01:20:47.418+0000] {taskinstance.py:1398} INFO - Marking task as SUCCESS. dag_id=transactions_pipeline, task_id=create_hive_table, execution_date=20250321T003032, start_date=20250321T012044, end_date=20250321T012047
[2025-03-21T01:20:47.475+0000] {local_task_job_runner.py:228} INFO - Task exited with return code 0
[2025-03-21T01:20:47.503+0000] {taskinstance.py:2776} INFO - 1 downstream tasks scheduled from follow-on schedule check
