[2025-03-19T19:56:07.624+0000] {taskinstance.py:1157} INFO - Dependencies all met for dep_context=non-requeueable deps ti=<TaskInstance: transactions_pipeline.detect_fraud manual__2025-03-19T19:55:52.362956+00:00 [queued]>
[2025-03-19T19:56:07.639+0000] {taskinstance.py:1157} INFO - Dependencies all met for dep_context=requeueable deps ti=<TaskInstance: transactions_pipeline.detect_fraud manual__2025-03-19T19:55:52.362956+00:00 [queued]>
[2025-03-19T19:56:07.640+0000] {taskinstance.py:1359} INFO - Starting attempt 1 of 1
[2025-03-19T19:56:07.661+0000] {taskinstance.py:1380} INFO - Executing <Task(BashOperator): detect_fraud> on 2025-03-19 19:55:52.362956+00:00
[2025-03-19T19:56:07.667+0000] {standard_task_runner.py:57} INFO - Started process 3054 to run task
[2025-03-19T19:56:07.672+0000] {standard_task_runner.py:84} INFO - Running: ['***', 'tasks', 'run', 'transactions_pipeline', 'detect_fraud', 'manual__2025-03-19T19:55:52.362956+00:00', '--job-id', '147', '--raw', '--subdir', 'DAGS_FOLDER/fraud_detection_pipeline.py', '--cfg-path', '/tmp/tmpa1c6gpeu']
[2025-03-19T19:56:07.676+0000] {standard_task_runner.py:85} INFO - Job 147: Subtask detect_fraud
[2025-03-19T19:56:07.746+0000] {task_command.py:415} INFO - Running <TaskInstance: transactions_pipeline.detect_fraud manual__2025-03-19T19:55:52.362956+00:00 [running]> on host 347688f31140
[2025-03-19T19:56:07.885+0000] {taskinstance.py:1660} INFO - Exporting env vars: AIRFLOW_CTX_DAG_OWNER='***' AIRFLOW_CTX_DAG_ID='transactions_pipeline' AIRFLOW_CTX_TASK_ID='detect_fraud' AIRFLOW_CTX_EXECUTION_DATE='2025-03-19T19:55:52.362956+00:00' AIRFLOW_CTX_TRY_NUMBER='1' AIRFLOW_CTX_DAG_RUN_ID='manual__2025-03-19T19:55:52.362956+00:00'
[2025-03-19T19:56:07.890+0000] {subprocess.py:63} INFO - Tmp dir root location: /tmp
[2025-03-19T19:56:07.893+0000] {subprocess.py:75} INFO - Running command: ['/bin/bash', '-c', '\n    docker exec hive beeline -u "jdbc:hive2://localhost:10000" -e "\n    CREATE TABLE IF NOT EXISTS fraud_detections (\n        transaction_id STRING,\n        date_time STRING,\n        amount DOUBLE,\n        customer_id STRING,\n        location STRING,\n        fraud_reason STRING\n    )\n    STORED AS PARQUET\n    LOCATION \'/data/fraud_detections\';\n    INSERT INTO TABLE fraud_detections\n    SELECT\n        t.transaction_id,\n        t.date_time,\n        t.amount,\n        t.customer_id,\n        t.location,\n        \'High Amount\' AS fraud_reason\n    FROM transactions t\n    WHERE t.batch_id = \'batch_0\'\n    AND t.amount > 1000;"\n    ']
[2025-03-19T19:56:07.915+0000] {subprocess.py:86} INFO - Output:
[2025-03-19T19:56:09.303+0000] {subprocess.py:93} INFO - SLF4J: Class path contains multiple SLF4J bindings.
[2025-03-19T19:56:09.305+0000] {subprocess.py:93} INFO - SLF4J: Found binding in [jar:file:/opt/hive/lib/log4j-slf4j-impl-2.17.1.jar!/org/slf4j/impl/StaticLoggerBinder.class]
[2025-03-19T19:56:09.305+0000] {subprocess.py:93} INFO - SLF4J: Found binding in [jar:file:/opt/hadoop/share/hadoop/common/lib/slf4j-log4j12-1.7.25.jar!/org/slf4j/impl/StaticLoggerBinder.class]
[2025-03-19T19:56:09.306+0000] {subprocess.py:93} INFO - SLF4J: See http://www.slf4j.org/codes.html#multiple_bindings for an explanation.
[2025-03-19T19:56:09.548+0000] {subprocess.py:93} INFO - SLF4J: Actual binding is of type [org.apache.logging.slf4j.Log4jLoggerFactory]
[2025-03-19T19:56:10.749+0000] {subprocess.py:93} INFO - Connecting to jdbc:hive2://localhost:10000
[2025-03-19T19:56:11.052+0000] {subprocess.py:93} INFO - Connected to: Apache Hive (version 3.1.3)
[2025-03-19T19:56:11.053+0000] {subprocess.py:93} INFO - Driver: Hive JDBC (version 3.1.3)
[2025-03-19T19:56:11.054+0000] {subprocess.py:93} INFO - Transaction isolation: TRANSACTION_REPEATABLE_READ
[2025-03-19T19:56:11.146+0000] {subprocess.py:93} INFO - INFO  : Compiling command(queryId=root_20250319195611_0407425e-35de-4c45-bd74-dfcabdaed093): CREATE TABLE IF NOT EXISTS fraud_detections (
[2025-03-19T19:56:11.147+0000] {subprocess.py:93} INFO -         transaction_id STRING,
[2025-03-19T19:56:11.148+0000] {subprocess.py:93} INFO -         date_time STRING,
[2025-03-19T19:56:11.150+0000] {subprocess.py:93} INFO -         amount DOUBLE,
[2025-03-19T19:56:11.153+0000] {subprocess.py:93} INFO -         customer_id STRING,
[2025-03-19T19:56:11.154+0000] {subprocess.py:93} INFO -         location STRING,
[2025-03-19T19:56:11.154+0000] {subprocess.py:93} INFO -         fraud_reason STRING
[2025-03-19T19:56:11.155+0000] {subprocess.py:93} INFO -     )
[2025-03-19T19:56:11.156+0000] {subprocess.py:93} INFO -     STORED AS PARQUET
[2025-03-19T19:56:11.156+0000] {subprocess.py:93} INFO -     LOCATION '/data/fraud_detections'
[2025-03-19T19:56:11.157+0000] {subprocess.py:93} INFO - INFO  : Concurrency mode is disabled, not creating a lock manager
[2025-03-19T19:56:11.158+0000] {subprocess.py:93} INFO - INFO  : Semantic Analysis Completed (retrial = false)
[2025-03-19T19:56:11.160+0000] {subprocess.py:93} INFO - INFO  : Returning Hive schema: Schema(fieldSchemas:null, properties:null)
[2025-03-19T19:56:11.161+0000] {subprocess.py:93} INFO - INFO  : Completed compiling command(queryId=root_20250319195611_0407425e-35de-4c45-bd74-dfcabdaed093); Time taken: 0.008 seconds
[2025-03-19T19:56:11.162+0000] {subprocess.py:93} INFO - INFO  : Concurrency mode is disabled, not creating a lock manager
[2025-03-19T19:56:11.163+0000] {subprocess.py:93} INFO - INFO  : Executing command(queryId=root_20250319195611_0407425e-35de-4c45-bd74-dfcabdaed093): CREATE TABLE IF NOT EXISTS fraud_detections (
[2025-03-19T19:56:11.163+0000] {subprocess.py:93} INFO -         transaction_id STRING,
[2025-03-19T19:56:11.164+0000] {subprocess.py:93} INFO -         date_time STRING,
[2025-03-19T19:56:11.165+0000] {subprocess.py:93} INFO -         amount DOUBLE,
[2025-03-19T19:56:11.165+0000] {subprocess.py:93} INFO -         customer_id STRING,
[2025-03-19T19:56:11.166+0000] {subprocess.py:93} INFO -         location STRING,
[2025-03-19T19:56:11.166+0000] {subprocess.py:93} INFO -         fraud_reason STRING
[2025-03-19T19:56:11.167+0000] {subprocess.py:93} INFO -     )
[2025-03-19T19:56:11.168+0000] {subprocess.py:93} INFO -     STORED AS PARQUET
[2025-03-19T19:56:11.170+0000] {subprocess.py:93} INFO -     LOCATION '/data/fraud_detections'
[2025-03-19T19:56:11.170+0000] {subprocess.py:93} INFO - INFO  : Completed executing command(queryId=root_20250319195611_0407425e-35de-4c45-bd74-dfcabdaed093); Time taken: 0.001 seconds
[2025-03-19T19:56:11.171+0000] {subprocess.py:93} INFO - INFO  : OK
[2025-03-19T19:56:11.171+0000] {subprocess.py:93} INFO - INFO  : Concurrency mode is disabled, not creating a lock manager
[2025-03-19T19:56:11.172+0000] {subprocess.py:93} INFO - No rows affected (0.082 seconds)
[2025-03-19T19:56:12.970+0000] {subprocess.py:93} INFO - INFO  : Compiling command(queryId=root_20250319195611_9e1feca3-735b-487e-af18-bd252c34fb3d): INSERT INTO TABLE fraud_detections
[2025-03-19T19:56:12.974+0000] {subprocess.py:93} INFO -     SELECT
[2025-03-19T19:56:12.975+0000] {subprocess.py:93} INFO -         t.transaction_id,
[2025-03-19T19:56:12.976+0000] {subprocess.py:93} INFO -         t.date_time,
[2025-03-19T19:56:12.976+0000] {subprocess.py:93} INFO -         t.amount,
[2025-03-19T19:56:12.977+0000] {subprocess.py:93} INFO -         t.customer_id,
[2025-03-19T19:56:12.977+0000] {subprocess.py:93} INFO -         t.location,
[2025-03-19T19:56:12.978+0000] {subprocess.py:93} INFO -         'High Amount' AS fraud_reason
[2025-03-19T19:56:12.978+0000] {subprocess.py:93} INFO -     FROM transactions t
[2025-03-19T19:56:12.978+0000] {subprocess.py:93} INFO -     WHERE t.batch_id = 'batch_0'
[2025-03-19T19:56:12.979+0000] {subprocess.py:93} INFO -     AND t.amount > 1000
[2025-03-19T19:56:12.979+0000] {subprocess.py:93} INFO - INFO  : Concurrency mode is disabled, not creating a lock manager
[2025-03-19T19:56:12.980+0000] {subprocess.py:93} INFO - INFO  : Semantic Analysis Completed (retrial = false)
[2025-03-19T19:56:12.980+0000] {subprocess.py:93} INFO - INFO  : Returning Hive schema: Schema(fieldSchemas:[FieldSchema(name:t.transaction_id, type:string, comment:null), FieldSchema(name:t.date_time, type:string, comment:null), FieldSchema(name:t.amount, type:double, comment:null), FieldSchema(name:t.customer_id, type:string, comment:null), FieldSchema(name:t.location, type:string, comment:null), FieldSchema(name:fraud_reason, type:string, comment:null)], properties:null)
[2025-03-19T19:56:12.981+0000] {subprocess.py:93} INFO - INFO  : Completed compiling command(queryId=root_20250319195611_9e1feca3-735b-487e-af18-bd252c34fb3d); Time taken: 0.181 seconds
[2025-03-19T19:56:12.981+0000] {subprocess.py:93} INFO - INFO  : Concurrency mode is disabled, not creating a lock manager
[2025-03-19T19:56:12.981+0000] {subprocess.py:93} INFO - INFO  : Executing command(queryId=root_20250319195611_9e1feca3-735b-487e-af18-bd252c34fb3d): INSERT INTO TABLE fraud_detections
[2025-03-19T19:56:12.982+0000] {subprocess.py:93} INFO -     SELECT
[2025-03-19T19:56:12.982+0000] {subprocess.py:93} INFO -         t.transaction_id,
[2025-03-19T19:56:12.983+0000] {subprocess.py:93} INFO -         t.date_time,
[2025-03-19T19:56:12.983+0000] {subprocess.py:93} INFO -         t.amount,
[2025-03-19T19:56:12.983+0000] {subprocess.py:93} INFO -         t.customer_id,
[2025-03-19T19:56:12.984+0000] {subprocess.py:93} INFO -         t.location,
[2025-03-19T19:56:12.984+0000] {subprocess.py:93} INFO -         'High Amount' AS fraud_reason
[2025-03-19T19:56:12.984+0000] {subprocess.py:93} INFO -     FROM transactions t
[2025-03-19T19:56:12.985+0000] {subprocess.py:93} INFO -     WHERE t.batch_id = 'batch_0'
[2025-03-19T19:56:12.985+0000] {subprocess.py:93} INFO -     AND t.amount > 1000
[2025-03-19T19:56:12.985+0000] {subprocess.py:93} INFO - WARN  : Hive-on-MR is deprecated in Hive 2 and may not be available in the future versions. Consider using a different execution engine (i.e. spark, tez) or using Hive 1.X releases.
[2025-03-19T19:56:12.985+0000] {subprocess.py:93} INFO - INFO  : Query ID = root_20250319195611_9e1feca3-735b-487e-af18-bd252c34fb3d
[2025-03-19T19:56:12.986+0000] {subprocess.py:93} INFO - INFO  : Total jobs = 3
[2025-03-19T19:56:12.987+0000] {subprocess.py:93} INFO - INFO  : Launching Job 1 out of 3
[2025-03-19T19:56:12.987+0000] {subprocess.py:93} INFO - INFO  : Starting task [Stage-1:MAPRED] in serial mode
[2025-03-19T19:56:12.987+0000] {subprocess.py:93} INFO - INFO  : Number of reduce tasks determined at compile time: 1
[2025-03-19T19:56:12.988+0000] {subprocess.py:93} INFO - INFO  : In order to change the average load for a reducer (in bytes):
[2025-03-19T19:56:12.988+0000] {subprocess.py:93} INFO - INFO  :   set hive.exec.reducers.bytes.per.reducer=<number>
[2025-03-19T19:56:12.988+0000] {subprocess.py:93} INFO - INFO  : In order to limit the maximum number of reducers:
[2025-03-19T19:56:12.989+0000] {subprocess.py:93} INFO - INFO  :   set hive.exec.reducers.max=<number>
[2025-03-19T19:56:12.989+0000] {subprocess.py:93} INFO - INFO  : In order to set a constant number of reducers:
[2025-03-19T19:56:12.990+0000] {subprocess.py:93} INFO - INFO  :   set mapreduce.job.reduces=<number>
[2025-03-19T19:56:12.991+0000] {subprocess.py:93} INFO - INFO  : number of splits:1
[2025-03-19T19:56:12.992+0000] {subprocess.py:93} INFO - INFO  : Submitting tokens for job: job_local1710658259_0009
[2025-03-19T19:56:12.992+0000] {subprocess.py:93} INFO - INFO  : Executing with tokens: []
[2025-03-19T19:56:12.993+0000] {subprocess.py:93} INFO - INFO  : The url to track the job: http://localhost:8080/
[2025-03-19T19:56:12.993+0000] {subprocess.py:93} INFO - INFO  : Job running in-process (local Hadoop)
[2025-03-19T19:56:13.242+0000] {subprocess.py:93} INFO - INFO  : 2025-03-19 19:56:13,211 Stage-1 map = 0%,  reduce = 0%
[2025-03-19T19:56:13.245+0000] {subprocess.py:93} INFO - ERROR : Ended Job = job_local1710658259_0009 with errors
[2025-03-19T19:56:13.246+0000] {subprocess.py:93} INFO - ERROR : FAILED: Execution Error, return code 2 from org.apache.hadoop.hive.ql.exec.mr.MapRedTask
[2025-03-19T19:56:13.247+0000] {subprocess.py:93} INFO - INFO  : MapReduce Jobs Launched:
[2025-03-19T19:56:13.248+0000] {subprocess.py:93} INFO - INFO  : Stage-Stage-1:  HDFS Read: 0 HDFS Write: 0 FAIL
[2025-03-19T19:56:13.248+0000] {subprocess.py:93} INFO - INFO  : Total MapReduce CPU Time Spent: 0 msec
[2025-03-19T19:56:13.249+0000] {subprocess.py:93} INFO - INFO  : Completed executing command(queryId=root_20250319195611_9e1feca3-735b-487e-af18-bd252c34fb3d); Time taken: 1.87 seconds
[2025-03-19T19:56:13.250+0000] {subprocess.py:93} INFO - INFO  : Concurrency mode is disabled, not creating a lock manager
[2025-03-19T19:56:13.255+0000] {subprocess.py:93} INFO - Error: Error while processing statement: FAILED: Execution Error, return code 2 from org.apache.hadoop.hive.ql.exec.mr.MapRedTask (state=08S01,code=2)
[2025-03-19T19:56:13.266+0000] {subprocess.py:93} INFO - Closing: 0: jdbc:hive2://localhost:10000
[2025-03-19T19:56:13.331+0000] {subprocess.py:97} INFO - Command exited with return code 1
[2025-03-19T19:56:13.349+0000] {taskinstance.py:1935} ERROR - Task failed with exception
Traceback (most recent call last):
  File "/home/airflow/.local/lib/python3.8/site-packages/airflow/operators/bash.py", line 210, in execute
    raise AirflowException(
airflow.exceptions.AirflowException: Bash command failed. The command returned a non-zero exit code 1.
[2025-03-19T19:56:13.356+0000] {taskinstance.py:1398} INFO - Marking task as FAILED. dag_id=transactions_pipeline, task_id=detect_fraud, execution_date=20250319T195552, start_date=20250319T195607, end_date=20250319T195613
[2025-03-19T19:56:13.373+0000] {standard_task_runner.py:104} ERROR - Failed to execute job 147 for task detect_fraud (Bash command failed. The command returned a non-zero exit code 1.; 3054)
[2025-03-19T19:56:13.399+0000] {local_task_job_runner.py:228} INFO - Task exited with return code 1
[2025-03-19T19:56:13.427+0000] {taskinstance.py:2776} INFO - 0 downstream tasks scheduled from follow-on schedule check
