[2025-03-21T13:53:59.291+0000] {taskinstance.py:1157} INFO - Dependencies all met for dep_context=non-requeueable deps ti=<TaskInstance: transactions_pipeline.create_fraud_table_batch_20250321_131230 scheduled__2025-03-21T13:47:39.231672+00:00 [queued]>
[2025-03-21T13:53:59.323+0000] {taskinstance.py:1157} INFO - Dependencies all met for dep_context=requeueable deps ti=<TaskInstance: transactions_pipeline.create_fraud_table_batch_20250321_131230 scheduled__2025-03-21T13:47:39.231672+00:00 [queued]>
[2025-03-21T13:53:59.325+0000] {taskinstance.py:1359} INFO - Starting attempt 1 of 1
[2025-03-21T13:53:59.359+0000] {taskinstance.py:1380} INFO - Executing <Task(BashOperator): create_fraud_table_batch_20250321_131230> on 2025-03-21 13:47:39.231672+00:00
[2025-03-21T13:53:59.373+0000] {standard_task_runner.py:57} INFO - Started process 1509 to run task
[2025-03-21T13:53:59.380+0000] {standard_task_runner.py:84} INFO - Running: ['***', 'tasks', 'run', 'transactions_pipeline', 'create_fraud_table_batch_20250321_131230', 'scheduled__2025-03-21T13:47:39.231672+00:00', '--job-id', '740', '--raw', '--subdir', 'DAGS_FOLDER/fraud_detection_pipeline.py', '--cfg-path', '/tmp/tmpl7nyf5k8']
[2025-03-21T13:53:59.387+0000] {standard_task_runner.py:85} INFO - Job 740: Subtask create_fraud_table_batch_20250321_131230
[2025-03-21T13:53:59.527+0000] {task_command.py:415} INFO - Running <TaskInstance: transactions_pipeline.create_fraud_table_batch_20250321_131230 scheduled__2025-03-21T13:47:39.231672+00:00 [running]> on host e95638583d4d
[2025-03-21T13:53:59.805+0000] {taskinstance.py:1660} INFO - Exporting env vars: AIRFLOW_CTX_DAG_EMAIL='rabiizahnoune7@gmail.com' AIRFLOW_CTX_DAG_OWNER='***' AIRFLOW_CTX_DAG_ID='transactions_pipeline' AIRFLOW_CTX_TASK_ID='create_fraud_table_batch_20250321_131230' AIRFLOW_CTX_EXECUTION_DATE='2025-03-21T13:47:39.231672+00:00' AIRFLOW_CTX_TRY_NUMBER='1' AIRFLOW_CTX_DAG_RUN_ID='scheduled__2025-03-21T13:47:39.231672+00:00'
[2025-03-21T13:53:59.809+0000] {subprocess.py:63} INFO - Tmp dir root location: /tmp
[2025-03-21T13:53:59.811+0000] {subprocess.py:75} INFO - Running command: ['/bin/bash', '-c', '\n            docker exec hive beeline -u "jdbc:hive2://localhost:10000" -e "\n            CREATE EXTERNAL TABLE IF NOT EXISTS fraud_detections (\n                transaction_id STRING,\n                date_time STRING,\n                amount DOUBLE,\n                customer_id STRING,\n                location STRING,\n                fraud_reason STRING\n            )\n            STORED AS PARQUET\n            LOCATION \'/data/fraud_detections\';"\n            ']
[2025-03-21T13:53:59.840+0000] {subprocess.py:86} INFO - Output:
[2025-03-21T13:54:07.715+0000] {subprocess.py:93} INFO - SLF4J: Class path contains multiple SLF4J bindings.
[2025-03-21T13:54:07.716+0000] {subprocess.py:93} INFO - SLF4J: Found binding in [jar:file:/opt/hive/lib/log4j-slf4j-impl-2.17.1.jar!/org/slf4j/impl/StaticLoggerBinder.class]
[2025-03-21T13:54:07.717+0000] {subprocess.py:93} INFO - SLF4J: Found binding in [jar:file:/opt/hadoop/share/hadoop/common/lib/slf4j-log4j12-1.7.25.jar!/org/slf4j/impl/StaticLoggerBinder.class]
[2025-03-21T13:54:07.718+0000] {subprocess.py:93} INFO - SLF4J: See http://www.slf4j.org/codes.html#multiple_bindings for an explanation.
[2025-03-21T13:54:09.539+0000] {subprocess.py:93} INFO - SLF4J: Actual binding is of type [org.apache.logging.slf4j.Log4jLoggerFactory]
[2025-03-21T13:54:19.816+0000] {subprocess.py:93} INFO - Connecting to jdbc:hive2://localhost:10000
[2025-03-21T13:54:22.021+0000] {subprocess.py:93} INFO - Connected to: Apache Hive (version 3.1.3)
[2025-03-21T13:54:22.026+0000] {subprocess.py:93} INFO - Driver: Hive JDBC (version 3.1.3)
[2025-03-21T13:54:22.031+0000] {subprocess.py:93} INFO - Transaction isolation: TRANSACTION_REPEATABLE_READ
[2025-03-21T13:54:22.930+0000] {subprocess.py:93} INFO - INFO  : Compiling command(queryId=root_20250321135422_0d4d00f6-4224-432e-bb36-59aed0bc518c): CREATE EXTERNAL TABLE IF NOT EXISTS fraud_detections (
[2025-03-21T13:54:22.932+0000] {subprocess.py:93} INFO -                 transaction_id STRING,
[2025-03-21T13:54:22.933+0000] {subprocess.py:93} INFO -                 date_time STRING,
[2025-03-21T13:54:22.934+0000] {subprocess.py:93} INFO -                 amount DOUBLE,
[2025-03-21T13:54:22.934+0000] {subprocess.py:93} INFO -                 customer_id STRING,
[2025-03-21T13:54:22.935+0000] {subprocess.py:93} INFO -                 location STRING,
[2025-03-21T13:54:22.936+0000] {subprocess.py:93} INFO -                 fraud_reason STRING
[2025-03-21T13:54:22.937+0000] {subprocess.py:93} INFO -             )
[2025-03-21T13:54:22.938+0000] {subprocess.py:93} INFO -             STORED AS PARQUET
[2025-03-21T13:54:22.939+0000] {subprocess.py:93} INFO -             LOCATION '/data/fraud_detections'
[2025-03-21T13:54:22.940+0000] {subprocess.py:93} INFO - INFO  : Concurrency mode is disabled, not creating a lock manager
[2025-03-21T13:54:22.941+0000] {subprocess.py:93} INFO - INFO  : Semantic Analysis Completed (retrial = false)
[2025-03-21T13:54:22.941+0000] {subprocess.py:93} INFO - INFO  : Returning Hive schema: Schema(fieldSchemas:null, properties:null)
[2025-03-21T13:54:22.942+0000] {subprocess.py:93} INFO - INFO  : Completed compiling command(queryId=root_20250321135422_0d4d00f6-4224-432e-bb36-59aed0bc518c); Time taken: 0.189 seconds
[2025-03-21T13:54:22.942+0000] {subprocess.py:93} INFO - INFO  : Concurrency mode is disabled, not creating a lock manager
[2025-03-21T13:54:22.943+0000] {subprocess.py:93} INFO - INFO  : Executing command(queryId=root_20250321135422_0d4d00f6-4224-432e-bb36-59aed0bc518c): CREATE EXTERNAL TABLE IF NOT EXISTS fraud_detections (
[2025-03-21T13:54:22.944+0000] {subprocess.py:93} INFO -                 transaction_id STRING,
[2025-03-21T13:54:22.945+0000] {subprocess.py:93} INFO -                 date_time STRING,
[2025-03-21T13:54:22.945+0000] {subprocess.py:93} INFO -                 amount DOUBLE,
[2025-03-21T13:54:22.946+0000] {subprocess.py:93} INFO -                 customer_id STRING,
[2025-03-21T13:54:22.946+0000] {subprocess.py:93} INFO -                 location STRING,
[2025-03-21T13:54:22.947+0000] {subprocess.py:93} INFO -                 fraud_reason STRING
[2025-03-21T13:54:22.948+0000] {subprocess.py:93} INFO -             )
[2025-03-21T13:54:22.949+0000] {subprocess.py:93} INFO -             STORED AS PARQUET
[2025-03-21T13:54:22.949+0000] {subprocess.py:93} INFO -             LOCATION '/data/fraud_detections'
[2025-03-21T13:54:22.950+0000] {subprocess.py:93} INFO - INFO  : Completed executing command(queryId=root_20250321135422_0d4d00f6-4224-432e-bb36-59aed0bc518c); Time taken: 0.001 seconds
[2025-03-21T13:54:22.951+0000] {subprocess.py:93} INFO - INFO  : OK
[2025-03-21T13:54:22.951+0000] {subprocess.py:93} INFO - INFO  : Concurrency mode is disabled, not creating a lock manager
[2025-03-21T13:54:22.952+0000] {subprocess.py:93} INFO - No rows affected (0.729 seconds)
[2025-03-21T13:54:23.032+0000] {subprocess.py:93} INFO - Beeline version 3.1.3 by Apache Hive
[2025-03-21T13:54:23.137+0000] {subprocess.py:93} INFO - Closing: 0: jdbc:hive2://localhost:10000
[2025-03-21T13:54:23.446+0000] {subprocess.py:97} INFO - Command exited with return code 0
[2025-03-21T13:54:23.512+0000] {taskinstance.py:1398} INFO - Marking task as SUCCESS. dag_id=transactions_pipeline, task_id=create_fraud_table_batch_20250321_131230, execution_date=20250321T134739, start_date=20250321T135359, end_date=20250321T135423
[2025-03-21T13:54:23.574+0000] {local_task_job_runner.py:228} INFO - Task exited with return code 0
[2025-03-21T13:54:23.619+0000] {taskinstance.py:2776} INFO - 1 downstream tasks scheduled from follow-on schedule check
