[2025-03-21T15:41:37.114+0000] {taskinstance.py:1157} INFO - Dependencies all met for dep_context=non-requeueable deps ti=<TaskInstance: transactions_pipeline.create_fraud_table_batch_20250321_154101 manual__2025-03-21T15:41:19.088324+00:00 [queued]>
[2025-03-21T15:41:37.130+0000] {taskinstance.py:1157} INFO - Dependencies all met for dep_context=requeueable deps ti=<TaskInstance: transactions_pipeline.create_fraud_table_batch_20250321_154101 manual__2025-03-21T15:41:19.088324+00:00 [queued]>
[2025-03-21T15:41:37.133+0000] {taskinstance.py:1359} INFO - Starting attempt 1 of 1
[2025-03-21T15:41:37.155+0000] {taskinstance.py:1380} INFO - Executing <Task(BashOperator): create_fraud_table_batch_20250321_154101> on 2025-03-21 15:41:19.088324+00:00
[2025-03-21T15:41:37.165+0000] {standard_task_runner.py:57} INFO - Started process 7812 to run task
[2025-03-21T15:41:37.170+0000] {standard_task_runner.py:84} INFO - Running: ['***', 'tasks', 'run', 'transactions_pipeline', 'create_fraud_table_batch_20250321_154101', 'manual__2025-03-21T15:41:19.088324+00:00', '--job-id', '838', '--raw', '--subdir', 'DAGS_FOLDER/fraud_detection_pipeline.py', '--cfg-path', '/tmp/tmpw0fe7dd9']
[2025-03-21T15:41:37.175+0000] {standard_task_runner.py:85} INFO - Job 838: Subtask create_fraud_table_batch_20250321_154101
[2025-03-21T15:41:37.271+0000] {task_command.py:415} INFO - Running <TaskInstance: transactions_pipeline.create_fraud_table_batch_20250321_154101 manual__2025-03-21T15:41:19.088324+00:00 [running]> on host e95638583d4d
[2025-03-21T15:41:37.381+0000] {taskinstance.py:1660} INFO - Exporting env vars: AIRFLOW_CTX_DAG_OWNER='***' AIRFLOW_CTX_DAG_ID='transactions_pipeline' AIRFLOW_CTX_TASK_ID='create_fraud_table_batch_20250321_154101' AIRFLOW_CTX_EXECUTION_DATE='2025-03-21T15:41:19.088324+00:00' AIRFLOW_CTX_TRY_NUMBER='1' AIRFLOW_CTX_DAG_RUN_ID='manual__2025-03-21T15:41:19.088324+00:00'
[2025-03-21T15:41:37.384+0000] {subprocess.py:63} INFO - Tmp dir root location: /tmp
[2025-03-21T15:41:37.385+0000] {subprocess.py:75} INFO - Running command: ['/bin/bash', '-c', '\n            docker exec hive beeline -u "jdbc:hive2://localhost:10000" --hiveconf hive.exec.dynamic.partition.mode=nonstrict -e "\n            CREATE EXTERNAL TABLE IF NOT EXISTS fraud_detections (\n                transaction_id STRING,\n                date_time STRING,\n                amount DOUBLE,\n                customer_id STRING,\n                location STRING,\n                fraud_reason STRING\n            )\n            PARTITIONED BY (batch_id STRING)\n            STORED AS PARQUET\n            LOCATION \'/data/fraud_detections\';"\n            ']
[2025-03-21T15:41:37.415+0000] {subprocess.py:86} INFO - Output:
[2025-03-21T15:41:38.640+0000] {subprocess.py:93} INFO - SLF4J: Class path contains multiple SLF4J bindings.
[2025-03-21T15:41:38.641+0000] {subprocess.py:93} INFO - SLF4J: Found binding in [jar:file:/opt/hive/lib/log4j-slf4j-impl-2.17.1.jar!/org/slf4j/impl/StaticLoggerBinder.class]
[2025-03-21T15:41:38.642+0000] {subprocess.py:93} INFO - SLF4J: Found binding in [jar:file:/opt/hadoop/share/hadoop/common/lib/slf4j-log4j12-1.7.25.jar!/org/slf4j/impl/StaticLoggerBinder.class]
[2025-03-21T15:41:38.643+0000] {subprocess.py:93} INFO - SLF4J: See http://www.slf4j.org/codes.html#multiple_bindings for an explanation.
[2025-03-21T15:41:38.810+0000] {subprocess.py:93} INFO - SLF4J: Actual binding is of type [org.apache.logging.slf4j.Log4jLoggerFactory]
[2025-03-21T15:41:40.180+0000] {subprocess.py:93} INFO - Connecting to jdbc:hive2://localhost:10000
[2025-03-21T15:41:40.553+0000] {subprocess.py:93} INFO - Connected to: Apache Hive (version 3.1.3)
[2025-03-21T15:41:40.554+0000] {subprocess.py:93} INFO - Driver: Hive JDBC (version 3.1.3)
[2025-03-21T15:41:40.556+0000] {subprocess.py:93} INFO - Transaction isolation: TRANSACTION_REPEATABLE_READ
[2025-03-21T15:41:40.663+0000] {subprocess.py:93} INFO - INFO  : Compiling command(queryId=root_20250321154140_cf8f3d5b-9ce5-486c-8111-b4363ec4e494): CREATE EXTERNAL TABLE IF NOT EXISTS fraud_detections (
[2025-03-21T15:41:40.664+0000] {subprocess.py:93} INFO -                 transaction_id STRING,
[2025-03-21T15:41:40.664+0000] {subprocess.py:93} INFO -                 date_time STRING,
[2025-03-21T15:41:40.665+0000] {subprocess.py:93} INFO -                 amount DOUBLE,
[2025-03-21T15:41:40.665+0000] {subprocess.py:93} INFO -                 customer_id STRING,
[2025-03-21T15:41:40.666+0000] {subprocess.py:93} INFO -                 location STRING,
[2025-03-21T15:41:40.666+0000] {subprocess.py:93} INFO -                 fraud_reason STRING
[2025-03-21T15:41:40.667+0000] {subprocess.py:93} INFO -             )
[2025-03-21T15:41:40.667+0000] {subprocess.py:93} INFO -             PARTITIONED BY (batch_id STRING)
[2025-03-21T15:41:40.668+0000] {subprocess.py:93} INFO -             STORED AS PARQUET
[2025-03-21T15:41:40.668+0000] {subprocess.py:93} INFO -             LOCATION '/data/fraud_detections'
[2025-03-21T15:41:40.669+0000] {subprocess.py:93} INFO - INFO  : Concurrency mode is disabled, not creating a lock manager
[2025-03-21T15:41:40.669+0000] {subprocess.py:93} INFO - INFO  : Semantic Analysis Completed (retrial = false)
[2025-03-21T15:41:40.670+0000] {subprocess.py:93} INFO - INFO  : Returning Hive schema: Schema(fieldSchemas:null, properties:null)
[2025-03-21T15:41:40.670+0000] {subprocess.py:93} INFO - INFO  : Completed compiling command(queryId=root_20250321154140_cf8f3d5b-9ce5-486c-8111-b4363ec4e494); Time taken: 0.005 seconds
[2025-03-21T15:41:40.671+0000] {subprocess.py:93} INFO - INFO  : Concurrency mode is disabled, not creating a lock manager
[2025-03-21T15:41:40.671+0000] {subprocess.py:93} INFO - INFO  : Executing command(queryId=root_20250321154140_cf8f3d5b-9ce5-486c-8111-b4363ec4e494): CREATE EXTERNAL TABLE IF NOT EXISTS fraud_detections (
[2025-03-21T15:41:40.672+0000] {subprocess.py:93} INFO -                 transaction_id STRING,
[2025-03-21T15:41:40.672+0000] {subprocess.py:93} INFO -                 date_time STRING,
[2025-03-21T15:41:40.673+0000] {subprocess.py:93} INFO -                 amount DOUBLE,
[2025-03-21T15:41:40.673+0000] {subprocess.py:93} INFO -                 customer_id STRING,
[2025-03-21T15:41:40.674+0000] {subprocess.py:93} INFO -                 location STRING,
[2025-03-21T15:41:40.675+0000] {subprocess.py:93} INFO -                 fraud_reason STRING
[2025-03-21T15:41:40.675+0000] {subprocess.py:93} INFO -             )
[2025-03-21T15:41:40.676+0000] {subprocess.py:93} INFO -             PARTITIONED BY (batch_id STRING)
[2025-03-21T15:41:40.677+0000] {subprocess.py:93} INFO -             STORED AS PARQUET
[2025-03-21T15:41:40.679+0000] {subprocess.py:93} INFO -             LOCATION '/data/fraud_detections'
[2025-03-21T15:41:40.680+0000] {subprocess.py:93} INFO - INFO  : Starting task [Stage-0:DDL] in serial mode
[2025-03-21T15:41:40.680+0000] {subprocess.py:93} INFO - INFO  : Completed executing command(queryId=root_20250321154140_cf8f3d5b-9ce5-486c-8111-b4363ec4e494); Time taken: 0.033 seconds
[2025-03-21T15:41:40.681+0000] {subprocess.py:93} INFO - INFO  : OK
[2025-03-21T15:41:40.682+0000] {subprocess.py:93} INFO - INFO  : Concurrency mode is disabled, not creating a lock manager
[2025-03-21T15:41:40.682+0000] {subprocess.py:93} INFO - No rows affected (0.104 seconds)
[2025-03-21T15:41:40.689+0000] {subprocess.py:93} INFO - Beeline version 3.1.3 by Apache Hive
[2025-03-21T15:41:40.698+0000] {subprocess.py:93} INFO - Closing: 0: jdbc:hive2://localhost:10000
[2025-03-21T15:41:40.759+0000] {subprocess.py:97} INFO - Command exited with return code 0
[2025-03-21T15:41:40.803+0000] {taskinstance.py:1398} INFO - Marking task as SUCCESS. dag_id=transactions_pipeline, task_id=create_fraud_table_batch_20250321_154101, execution_date=20250321T154119, start_date=20250321T154137, end_date=20250321T154140
[2025-03-21T15:41:40.836+0000] {local_task_job_runner.py:228} INFO - Task exited with return code 0
[2025-03-21T15:41:40.882+0000] {taskinstance.py:2776} INFO - 1 downstream tasks scheduled from follow-on schedule check
