[2025-03-21T14:42:21.667+0000] {taskinstance.py:1157} INFO - Dependencies all met for dep_context=non-requeueable deps ti=<TaskInstance: transactions_pipeline.create_hive_table_batch_20250321_141918 manual__2025-03-21T14:42:06.824510+00:00 [queued]>
[2025-03-21T14:42:21.681+0000] {taskinstance.py:1157} INFO - Dependencies all met for dep_context=requeueable deps ti=<TaskInstance: transactions_pipeline.create_hive_table_batch_20250321_141918 manual__2025-03-21T14:42:06.824510+00:00 [queued]>
[2025-03-21T14:42:21.683+0000] {taskinstance.py:1359} INFO - Starting attempt 1 of 1
[2025-03-21T14:42:21.705+0000] {taskinstance.py:1380} INFO - Executing <Task(BashOperator): create_hive_table_batch_20250321_141918> on 2025-03-21 14:42:06.824510+00:00
[2025-03-21T14:42:21.713+0000] {standard_task_runner.py:57} INFO - Started process 4239 to run task
[2025-03-21T14:42:21.716+0000] {standard_task_runner.py:84} INFO - Running: ['***', 'tasks', 'run', 'transactions_pipeline', 'create_hive_table_batch_20250321_141918', 'manual__2025-03-21T14:42:06.824510+00:00', '--job-id', '783', '--raw', '--subdir', 'DAGS_FOLDER/fraud_detection_pipeline.py', '--cfg-path', '/tmp/tmpkg7b2d1a']
[2025-03-21T14:42:21.720+0000] {standard_task_runner.py:85} INFO - Job 783: Subtask create_hive_table_batch_20250321_141918
[2025-03-21T14:42:21.774+0000] {task_command.py:415} INFO - Running <TaskInstance: transactions_pipeline.create_hive_table_batch_20250321_141918 manual__2025-03-21T14:42:06.824510+00:00 [running]> on host e95638583d4d
[2025-03-21T14:42:21.886+0000] {taskinstance.py:1660} INFO - Exporting env vars: AIRFLOW_CTX_DAG_EMAIL='rabiizahnoune7@gmail.com' AIRFLOW_CTX_DAG_OWNER='***' AIRFLOW_CTX_DAG_ID='transactions_pipeline' AIRFLOW_CTX_TASK_ID='create_hive_table_batch_20250321_141918' AIRFLOW_CTX_EXECUTION_DATE='2025-03-21T14:42:06.824510+00:00' AIRFLOW_CTX_TRY_NUMBER='1' AIRFLOW_CTX_DAG_RUN_ID='manual__2025-03-21T14:42:06.824510+00:00'
[2025-03-21T14:42:21.889+0000] {subprocess.py:63} INFO - Tmp dir root location: /tmp
[2025-03-21T14:42:21.890+0000] {subprocess.py:75} INFO - Running command: ['/bin/bash', '-c', '\n            docker exec hive beeline -u "jdbc:hive2://localhost:10000" --hiveconf hive.exec.dynamic.partition.mode=nonstrict -e "\n            CREATE EXTERNAL TABLE IF NOT EXISTS transactions (\n                transaction_id STRING,\n                date_time STRING,\n                amount DOUBLE,\n                currency STRING,\n                merchant_details STRING,\n                customer_id STRING,\n                transaction_type STRING,\n                location STRING\n            )\n            PARTITIONED BY (batch_id STRING)\n            STORED AS PARQUET;\n            ALTER TABLE transactions ADD IF NOT EXISTS PARTITION (batch_id=\'batch_20250321_141918\') LOCATION \'/data/transactions/transactions_batch_20250321_141918\';"\n            ']
[2025-03-21T14:42:21.902+0000] {subprocess.py:86} INFO - Output:
[2025-03-21T14:42:23.017+0000] {subprocess.py:93} INFO - SLF4J: Class path contains multiple SLF4J bindings.
[2025-03-21T14:42:23.018+0000] {subprocess.py:93} INFO - SLF4J: Found binding in [jar:file:/opt/hive/lib/log4j-slf4j-impl-2.17.1.jar!/org/slf4j/impl/StaticLoggerBinder.class]
[2025-03-21T14:42:23.019+0000] {subprocess.py:93} INFO - SLF4J: Found binding in [jar:file:/opt/hadoop/share/hadoop/common/lib/slf4j-log4j12-1.7.25.jar!/org/slf4j/impl/StaticLoggerBinder.class]
[2025-03-21T14:42:23.020+0000] {subprocess.py:93} INFO - SLF4J: See http://www.slf4j.org/codes.html#multiple_bindings for an explanation.
[2025-03-21T14:42:23.232+0000] {subprocess.py:93} INFO - SLF4J: Actual binding is of type [org.apache.logging.slf4j.Log4jLoggerFactory]
[2025-03-21T14:42:24.574+0000] {subprocess.py:93} INFO - Connecting to jdbc:hive2://localhost:10000
[2025-03-21T14:42:24.833+0000] {subprocess.py:93} INFO - Connected to: Apache Hive (version 3.1.3)
[2025-03-21T14:42:24.835+0000] {subprocess.py:93} INFO - Driver: Hive JDBC (version 3.1.3)
[2025-03-21T14:42:24.835+0000] {subprocess.py:93} INFO - Transaction isolation: TRANSACTION_REPEATABLE_READ
[2025-03-21T14:42:25.091+0000] {subprocess.py:93} INFO - INFO  : Compiling command(queryId=root_20250321144224_d85f83f2-d850-4992-bb09-481c616e86b0): CREATE EXTERNAL TABLE IF NOT EXISTS transactions (
[2025-03-21T14:42:25.092+0000] {subprocess.py:93} INFO -                 transaction_id STRING,
[2025-03-21T14:42:25.093+0000] {subprocess.py:93} INFO -                 date_time STRING,
[2025-03-21T14:42:25.094+0000] {subprocess.py:93} INFO -                 amount DOUBLE,
[2025-03-21T14:42:25.095+0000] {subprocess.py:93} INFO -                 currency STRING,
[2025-03-21T14:42:25.096+0000] {subprocess.py:93} INFO -                 merchant_details STRING,
[2025-03-21T14:42:25.096+0000] {subprocess.py:93} INFO -                 customer_id STRING,
[2025-03-21T14:42:25.097+0000] {subprocess.py:93} INFO -                 transaction_type STRING,
[2025-03-21T14:42:25.098+0000] {subprocess.py:93} INFO -                 location STRING
[2025-03-21T14:42:25.098+0000] {subprocess.py:93} INFO -             )
[2025-03-21T14:42:25.099+0000] {subprocess.py:93} INFO -             PARTITIONED BY (batch_id STRING)
[2025-03-21T14:42:25.099+0000] {subprocess.py:93} INFO -             STORED AS PARQUET
[2025-03-21T14:42:25.100+0000] {subprocess.py:93} INFO - INFO  : Concurrency mode is disabled, not creating a lock manager
[2025-03-21T14:42:25.101+0000] {subprocess.py:93} INFO - INFO  : Semantic Analysis Completed (retrial = false)
[2025-03-21T14:42:25.101+0000] {subprocess.py:93} INFO - INFO  : Returning Hive schema: Schema(fieldSchemas:null, properties:null)
[2025-03-21T14:42:25.102+0000] {subprocess.py:93} INFO - INFO  : Completed compiling command(queryId=root_20250321144224_d85f83f2-d850-4992-bb09-481c616e86b0); Time taken: 0.012 seconds
[2025-03-21T14:42:25.102+0000] {subprocess.py:93} INFO - INFO  : Concurrency mode is disabled, not creating a lock manager
[2025-03-21T14:42:25.103+0000] {subprocess.py:93} INFO - INFO  : Executing command(queryId=root_20250321144224_d85f83f2-d850-4992-bb09-481c616e86b0): CREATE EXTERNAL TABLE IF NOT EXISTS transactions (
[2025-03-21T14:42:25.103+0000] {subprocess.py:93} INFO -                 transaction_id STRING,
[2025-03-21T14:42:25.104+0000] {subprocess.py:93} INFO -                 date_time STRING,
[2025-03-21T14:42:25.104+0000] {subprocess.py:93} INFO -                 amount DOUBLE,
[2025-03-21T14:42:25.105+0000] {subprocess.py:93} INFO -                 currency STRING,
[2025-03-21T14:42:25.105+0000] {subprocess.py:93} INFO -                 merchant_details STRING,
[2025-03-21T14:42:25.106+0000] {subprocess.py:93} INFO -                 customer_id STRING,
[2025-03-21T14:42:25.106+0000] {subprocess.py:93} INFO -                 transaction_type STRING,
[2025-03-21T14:42:25.107+0000] {subprocess.py:93} INFO -                 location STRING
[2025-03-21T14:42:25.107+0000] {subprocess.py:93} INFO -             )
[2025-03-21T14:42:25.108+0000] {subprocess.py:93} INFO -             PARTITIONED BY (batch_id STRING)
[2025-03-21T14:42:25.109+0000] {subprocess.py:93} INFO -             STORED AS PARQUET
[2025-03-21T14:42:25.109+0000] {subprocess.py:93} INFO - INFO  : Starting task [Stage-0:DDL] in serial mode
[2025-03-21T14:42:25.110+0000] {subprocess.py:93} INFO - INFO  : Completed executing command(queryId=root_20250321144224_d85f83f2-d850-4992-bb09-481c616e86b0); Time taken: 0.131 seconds
[2025-03-21T14:42:25.110+0000] {subprocess.py:93} INFO - INFO  : OK
[2025-03-21T14:42:25.110+0000] {subprocess.py:93} INFO - INFO  : Concurrency mode is disabled, not creating a lock manager
[2025-03-21T14:42:25.111+0000] {subprocess.py:93} INFO - No rows affected (0.247 seconds)
[2025-03-21T14:42:25.215+0000] {subprocess.py:93} INFO - INFO  : Compiling command(queryId=root_20250321144225_1dc1a809-97bc-4f86-9948-092b0f4b64ea): ALTER TABLE transactions ADD IF NOT EXISTS PARTITION (batch_id='batch_20250321_141918') LOCATION '/data/transactions/transactions_batch_20250321_141918'
[2025-03-21T14:42:25.218+0000] {subprocess.py:93} INFO - INFO  : Concurrency mode is disabled, not creating a lock manager
[2025-03-21T14:42:25.219+0000] {subprocess.py:93} INFO - INFO  : Semantic Analysis Completed (retrial = false)
[2025-03-21T14:42:25.220+0000] {subprocess.py:93} INFO - INFO  : Returning Hive schema: Schema(fieldSchemas:null, properties:null)
[2025-03-21T14:42:25.221+0000] {subprocess.py:93} INFO - INFO  : Completed compiling command(queryId=root_20250321144225_1dc1a809-97bc-4f86-9948-092b0f4b64ea); Time taken: 0.014 seconds
[2025-03-21T14:42:25.221+0000] {subprocess.py:93} INFO - INFO  : Concurrency mode is disabled, not creating a lock manager
[2025-03-21T14:42:25.223+0000] {subprocess.py:93} INFO - INFO  : Executing command(queryId=root_20250321144225_1dc1a809-97bc-4f86-9948-092b0f4b64ea): ALTER TABLE transactions ADD IF NOT EXISTS PARTITION (batch_id='batch_20250321_141918') LOCATION '/data/transactions/transactions_batch_20250321_141918'
[2025-03-21T14:42:25.224+0000] {subprocess.py:93} INFO - INFO  : Starting task [Stage-0:DDL] in serial mode
[2025-03-21T14:42:25.226+0000] {subprocess.py:93} INFO - INFO  : Completed executing command(queryId=root_20250321144225_1dc1a809-97bc-4f86-9948-092b0f4b64ea); Time taken: 0.075 seconds
[2025-03-21T14:42:25.226+0000] {subprocess.py:93} INFO - INFO  : OK
[2025-03-21T14:42:25.227+0000] {subprocess.py:93} INFO - INFO  : Concurrency mode is disabled, not creating a lock manager
[2025-03-21T14:42:25.227+0000] {subprocess.py:93} INFO - No rows affected (0.103 seconds)
[2025-03-21T14:42:25.228+0000] {subprocess.py:93} INFO - Beeline version 3.1.3 by Apache Hive
[2025-03-21T14:42:25.237+0000] {subprocess.py:93} INFO - Closing: 0: jdbc:hive2://localhost:10000
[2025-03-21T14:42:25.411+0000] {subprocess.py:97} INFO - Command exited with return code 0
[2025-03-21T14:42:25.500+0000] {taskinstance.py:1398} INFO - Marking task as SUCCESS. dag_id=transactions_pipeline, task_id=create_hive_table_batch_20250321_141918, execution_date=20250321T144206, start_date=20250321T144221, end_date=20250321T144225
[2025-03-21T14:42:25.592+0000] {local_task_job_runner.py:228} INFO - Task exited with return code 0
[2025-03-21T14:42:25.668+0000] {taskinstance.py:2776} INFO - 1 downstream tasks scheduled from follow-on schedule check
