[2025-03-21T13:32:51.740+0000] {taskinstance.py:1157} INFO - Dependencies all met for dep_context=non-requeueable deps ti=<TaskInstance: transactions_pipeline.create_hive_table_batch_20250321_131507 manual__2025-03-21T13:31:53.143260+00:00 [queued]>
[2025-03-21T13:32:51.780+0000] {taskinstance.py:1157} INFO - Dependencies all met for dep_context=requeueable deps ti=<TaskInstance: transactions_pipeline.create_hive_table_batch_20250321_131507 manual__2025-03-21T13:31:53.143260+00:00 [queued]>
[2025-03-21T13:32:51.787+0000] {taskinstance.py:1359} INFO - Starting attempt 1 of 1
[2025-03-21T13:32:51.880+0000] {taskinstance.py:1380} INFO - Executing <Task(BashOperator): create_hive_table_batch_20250321_131507> on 2025-03-21 13:31:53.143260+00:00
[2025-03-21T13:32:51.917+0000] {standard_task_runner.py:57} INFO - Started process 2445 to run task
[2025-03-21T13:32:51.937+0000] {standard_task_runner.py:84} INFO - Running: ['***', 'tasks', 'run', 'transactions_pipeline', 'create_hive_table_batch_20250321_131507', 'manual__2025-03-21T13:31:53.143260+00:00', '--job-id', '642', '--raw', '--subdir', 'DAGS_FOLDER/fraud_detection_pipeline.py', '--cfg-path', '/tmp/tmp4l0tkzbi']
[2025-03-21T13:32:51.946+0000] {standard_task_runner.py:85} INFO - Job 642: Subtask create_hive_table_batch_20250321_131507
[2025-03-21T13:32:52.189+0000] {task_command.py:415} INFO - Running <TaskInstance: transactions_pipeline.create_hive_table_batch_20250321_131507 manual__2025-03-21T13:31:53.143260+00:00 [running]> on host 1b7c3466167a
[2025-03-21T13:32:52.720+0000] {taskinstance.py:1660} INFO - Exporting env vars: AIRFLOW_CTX_DAG_EMAIL='rabiizahnoune7@gmail.com' AIRFLOW_CTX_DAG_OWNER='***' AIRFLOW_CTX_DAG_ID='transactions_pipeline' AIRFLOW_CTX_TASK_ID='create_hive_table_batch_20250321_131507' AIRFLOW_CTX_EXECUTION_DATE='2025-03-21T13:31:53.143260+00:00' AIRFLOW_CTX_TRY_NUMBER='1' AIRFLOW_CTX_DAG_RUN_ID='manual__2025-03-21T13:31:53.143260+00:00'
[2025-03-21T13:32:52.725+0000] {subprocess.py:63} INFO - Tmp dir root location: /tmp
[2025-03-21T13:32:52.729+0000] {subprocess.py:75} INFO - Running command: ['/bin/bash', '-c', '\n            docker exec hive beeline -u "jdbc:hive2://localhost:10000" --hiveconf hive.exec.dynamic.partition.mode=nonstrict -e "\n            CREATE EXTERNAL TABLE IF NOT EXISTS transactions (\n                transaction_id STRING,\n                date_time STRING,\n                amount DOUBLE,\n                currency STRING,\n                merchant_details STRING,\n                customer_id STRING,\n                transaction_type STRING,\n                location STRING\n            )\n            PARTITIONED BY (batch_id STRING)\n            STORED AS PARQUET;\n            ALTER TABLE transactions ADD IF NOT EXISTS PARTITION (batch_id=\'batch_20250321_131507\') LOCATION \'/data/transactions/transactions_batch_20250321_131507\';"\n            ']
[2025-03-21T13:32:52.771+0000] {subprocess.py:86} INFO - Output:
[2025-03-21T13:33:22.525+0000] {subprocess.py:93} INFO - SLF4J: Class path contains multiple SLF4J bindings.
[2025-03-21T13:33:22.527+0000] {subprocess.py:93} INFO - SLF4J: Found binding in [jar:file:/opt/hive/lib/log4j-slf4j-impl-2.17.1.jar!/org/slf4j/impl/StaticLoggerBinder.class]
[2025-03-21T13:33:22.529+0000] {subprocess.py:93} INFO - SLF4J: Found binding in [jar:file:/opt/hadoop/share/hadoop/common/lib/slf4j-log4j12-1.7.25.jar!/org/slf4j/impl/StaticLoggerBinder.class]
[2025-03-21T13:33:22.531+0000] {subprocess.py:93} INFO - SLF4J: See http://www.slf4j.org/codes.html#multiple_bindings for an explanation.
[2025-03-21T13:33:24.227+0000] {subprocess.py:93} INFO - SLF4J: Actual binding is of type [org.apache.logging.slf4j.Log4jLoggerFactory]
[2025-03-21T13:33:42.756+0000] {subprocess.py:93} INFO - Connecting to jdbc:hive2://localhost:10000
[2025-03-21T13:33:46.401+0000] {subprocess.py:93} INFO - Connected to: Apache Hive (version 3.1.3)
[2025-03-21T13:33:46.422+0000] {subprocess.py:93} INFO - Driver: Hive JDBC (version 3.1.3)
[2025-03-21T13:33:46.424+0000] {subprocess.py:93} INFO - Transaction isolation: TRANSACTION_REPEATABLE_READ
[2025-03-21T13:33:48.215+0000] {subprocess.py:93} INFO - INFO  : Compiling command(queryId=root_20250321133346_5768c066-0ee6-4214-a710-0794899f3f14): CREATE EXTERNAL TABLE IF NOT EXISTS transactions (
[2025-03-21T13:33:48.222+0000] {subprocess.py:93} INFO -                 transaction_id STRING,
[2025-03-21T13:33:48.223+0000] {subprocess.py:93} INFO -                 date_time STRING,
[2025-03-21T13:33:48.224+0000] {subprocess.py:93} INFO -                 amount DOUBLE,
[2025-03-21T13:33:48.225+0000] {subprocess.py:93} INFO -                 currency STRING,
[2025-03-21T13:33:48.226+0000] {subprocess.py:93} INFO -                 merchant_details STRING,
[2025-03-21T13:33:48.227+0000] {subprocess.py:93} INFO -                 customer_id STRING,
[2025-03-21T13:33:48.228+0000] {subprocess.py:93} INFO -                 transaction_type STRING,
[2025-03-21T13:33:48.229+0000] {subprocess.py:93} INFO -                 location STRING
[2025-03-21T13:33:48.239+0000] {subprocess.py:93} INFO -             )
[2025-03-21T13:33:48.240+0000] {subprocess.py:93} INFO -             PARTITIONED BY (batch_id STRING)
[2025-03-21T13:33:48.241+0000] {subprocess.py:93} INFO -             STORED AS PARQUET
[2025-03-21T13:33:48.241+0000] {subprocess.py:93} INFO - INFO  : Concurrency mode is disabled, not creating a lock manager
[2025-03-21T13:33:48.242+0000] {subprocess.py:93} INFO - INFO  : Semantic Analysis Completed (retrial = false)
[2025-03-21T13:33:48.243+0000] {subprocess.py:93} INFO - INFO  : Returning Hive schema: Schema(fieldSchemas:null, properties:null)
[2025-03-21T13:33:48.244+0000] {subprocess.py:93} INFO - INFO  : Completed compiling command(queryId=root_20250321133346_5768c066-0ee6-4214-a710-0794899f3f14); Time taken: 0.106 seconds
[2025-03-21T13:33:48.245+0000] {subprocess.py:93} INFO - INFO  : Concurrency mode is disabled, not creating a lock manager
[2025-03-21T13:33:48.245+0000] {subprocess.py:93} INFO - INFO  : Executing command(queryId=root_20250321133346_5768c066-0ee6-4214-a710-0794899f3f14): CREATE EXTERNAL TABLE IF NOT EXISTS transactions (
[2025-03-21T13:33:48.246+0000] {subprocess.py:93} INFO -                 transaction_id STRING,
[2025-03-21T13:33:48.256+0000] {subprocess.py:93} INFO -                 date_time STRING,
[2025-03-21T13:33:48.256+0000] {subprocess.py:93} INFO -                 amount DOUBLE,
[2025-03-21T13:33:48.257+0000] {subprocess.py:93} INFO -                 currency STRING,
[2025-03-21T13:33:48.258+0000] {subprocess.py:93} INFO -                 merchant_details STRING,
[2025-03-21T13:33:48.258+0000] {subprocess.py:93} INFO -                 customer_id STRING,
[2025-03-21T13:33:48.259+0000] {subprocess.py:93} INFO -                 transaction_type STRING,
[2025-03-21T13:33:48.260+0000] {subprocess.py:93} INFO -                 location STRING
[2025-03-21T13:33:48.260+0000] {subprocess.py:93} INFO -             )
[2025-03-21T13:33:48.261+0000] {subprocess.py:93} INFO -             PARTITIONED BY (batch_id STRING)
[2025-03-21T13:33:48.262+0000] {subprocess.py:93} INFO -             STORED AS PARQUET
[2025-03-21T13:33:48.262+0000] {subprocess.py:93} INFO - INFO  : Completed executing command(queryId=root_20250321133346_5768c066-0ee6-4214-a710-0794899f3f14); Time taken: 0.0 seconds
[2025-03-21T13:33:48.263+0000] {subprocess.py:93} INFO - INFO  : OK
[2025-03-21T13:33:48.263+0000] {subprocess.py:93} INFO - INFO  : Concurrency mode is disabled, not creating a lock manager
[2025-03-21T13:33:48.264+0000] {subprocess.py:93} INFO - No rows affected (1.593 seconds)
[2025-03-21T13:33:49.408+0000] {subprocess.py:93} INFO - INFO  : Compiling command(queryId=root_20250321133348_01f11985-a137-4a06-82fb-fc91f923c1a6): ALTER TABLE transactions ADD IF NOT EXISTS PARTITION (batch_id='batch_20250321_131507') LOCATION '/data/transactions/transactions_batch_20250321_131507'
[2025-03-21T13:33:49.410+0000] {subprocess.py:93} INFO - INFO  : Concurrency mode is disabled, not creating a lock manager
[2025-03-21T13:33:49.411+0000] {subprocess.py:93} INFO - INFO  : Semantic Analysis Completed (retrial = false)
[2025-03-21T13:33:49.412+0000] {subprocess.py:93} INFO - INFO  : Returning Hive schema: Schema(fieldSchemas:null, properties:null)
[2025-03-21T13:33:49.413+0000] {subprocess.py:93} INFO - INFO  : Completed compiling command(queryId=root_20250321133348_01f11985-a137-4a06-82fb-fc91f923c1a6); Time taken: 0.204 seconds
[2025-03-21T13:33:49.414+0000] {subprocess.py:93} INFO - INFO  : Concurrency mode is disabled, not creating a lock manager
[2025-03-21T13:33:49.414+0000] {subprocess.py:93} INFO - INFO  : Executing command(queryId=root_20250321133348_01f11985-a137-4a06-82fb-fc91f923c1a6): ALTER TABLE transactions ADD IF NOT EXISTS PARTITION (batch_id='batch_20250321_131507') LOCATION '/data/transactions/transactions_batch_20250321_131507'
[2025-03-21T13:33:49.415+0000] {subprocess.py:93} INFO - INFO  : Starting task [Stage-0:DDL] in serial mode
[2025-03-21T13:33:49.947+0000] {subprocess.py:93} INFO - INFO  : Completed executing command(queryId=root_20250321133348_01f11985-a137-4a06-82fb-fc91f923c1a6); Time taken: 0.834 seconds
[2025-03-21T13:33:49.964+0000] {subprocess.py:93} INFO - INFO  : OK
[2025-03-21T13:33:49.972+0000] {subprocess.py:93} INFO - INFO  : Concurrency mode is disabled, not creating a lock manager
[2025-03-21T13:33:49.973+0000] {subprocess.py:93} INFO - No rows affected (1.503 seconds)
[2025-03-21T13:33:50.233+0000] {subprocess.py:93} INFO - Beeline version 3.1.3 by Apache Hive
[2025-03-21T13:33:50.301+0000] {subprocess.py:93} INFO - Closing: 0: jdbc:hive2://localhost:10000
[2025-03-21T13:33:50.633+0000] {subprocess.py:97} INFO - Command exited with return code 0
[2025-03-21T13:33:50.678+0000] {taskinstance.py:1398} INFO - Marking task as SUCCESS. dag_id=transactions_pipeline, task_id=create_hive_table_batch_20250321_131507, execution_date=20250321T133153, start_date=20250321T133251, end_date=20250321T133350
[2025-03-21T13:33:50.774+0000] {local_task_job_runner.py:228} INFO - Task exited with return code 0
[2025-03-21T13:33:50.846+0000] {taskinstance.py:2776} INFO - 1 downstream tasks scheduled from follow-on schedule check
