[2025-03-20T10:59:16.716+0000] {taskinstance.py:1157} INFO - Dependencies all met for dep_context=non-requeueable deps ti=<TaskInstance: transactions_pipeline.create_hive_table manual__2025-03-20T10:59:01.493325+00:00 [queued]>
[2025-03-20T10:59:16.724+0000] {taskinstance.py:1157} INFO - Dependencies all met for dep_context=requeueable deps ti=<TaskInstance: transactions_pipeline.create_hive_table manual__2025-03-20T10:59:01.493325+00:00 [queued]>
[2025-03-20T10:59:16.725+0000] {taskinstance.py:1359} INFO - Starting attempt 1 of 1
[2025-03-20T10:59:16.740+0000] {taskinstance.py:1380} INFO - Executing <Task(BashOperator): create_hive_table> on 2025-03-20 10:59:01.493325+00:00
[2025-03-20T10:59:16.746+0000] {standard_task_runner.py:57} INFO - Started process 224 to run task
[2025-03-20T10:59:16.750+0000] {standard_task_runner.py:84} INFO - Running: ['***', 'tasks', 'run', 'transactions_pipeline', 'create_hive_table', 'manual__2025-03-20T10:59:01.493325+00:00', '--job-id', '260', '--raw', '--subdir', 'DAGS_FOLDER/fraud_detection_pipeline.py', '--cfg-path', '/tmp/tmpz1okzz8v']
[2025-03-20T10:59:16.754+0000] {standard_task_runner.py:85} INFO - Job 260: Subtask create_hive_table
[2025-03-20T10:59:16.812+0000] {task_command.py:415} INFO - Running <TaskInstance: transactions_pipeline.create_hive_table manual__2025-03-20T10:59:01.493325+00:00 [running]> on host 5f87c1f3f5e2
[2025-03-20T10:59:16.879+0000] {logging_mixin.py:151} WARNING - /home/***/.local/lib/python3.8/site-packages/***/utils/context.py:206 AirflowContextDeprecationWarning: Accessing 'execution_date' from the template is deprecated and will be removed in a future version. Please use 'data_interval_start' or 'logical_date' instead.
[2025-03-20T10:59:16.980+0000] {taskinstance.py:1660} INFO - Exporting env vars: AIRFLOW_CTX_DAG_OWNER='***' AIRFLOW_CTX_DAG_ID='transactions_pipeline' AIRFLOW_CTX_TASK_ID='create_hive_table' AIRFLOW_CTX_EXECUTION_DATE='2025-03-20T10:59:01.493325+00:00' AIRFLOW_CTX_TRY_NUMBER='1' AIRFLOW_CTX_DAG_RUN_ID='manual__2025-03-20T10:59:01.493325+00:00'
[2025-03-20T10:59:16.984+0000] {subprocess.py:63} INFO - Tmp dir root location: /tmp
[2025-03-20T10:59:16.985+0000] {subprocess.py:75} INFO - Running command: ['/bin/bash', '-c', '\n    docker exec hive beeline -u "jdbc:hive2://localhost:10000" --hiveconf hive.exec.dynamic.partition.mode=nonstrict -e "\n    CREATE EXTERNAL TABLE IF NOT EXISTS transactions (\n        transaction_id STRING,\n        date_time STRING,\n        amount DOUBLE,\n        currency STRING,\n        merchant_details STRING,\n        customer_id STRING,\n        transaction_type STRING,\n        location STRING\n    )\n    PARTITIONED BY (batch_id STRING)\n    STORED AS PARQUET\n    LOCATION \'/data/transactions/transactions_batch_0\';\n    ALTER TABLE transactions ADD IF NOT EXISTS PARTITION (batch_id=\'batch_20250320_105901\') LOCATION \'/data/transactions/transactions_batch_0\';"\n    ']
[2025-03-20T10:59:17.006+0000] {subprocess.py:86} INFO - Output:
[2025-03-20T10:59:18.495+0000] {subprocess.py:93} INFO - SLF4J: Class path contains multiple SLF4J bindings.
[2025-03-20T10:59:18.496+0000] {subprocess.py:93} INFO - SLF4J: Found binding in [jar:file:/opt/hive/lib/log4j-slf4j-impl-2.17.1.jar!/org/slf4j/impl/StaticLoggerBinder.class]
[2025-03-20T10:59:18.497+0000] {subprocess.py:93} INFO - SLF4J: Found binding in [jar:file:/opt/hadoop/share/hadoop/common/lib/slf4j-log4j12-1.7.25.jar!/org/slf4j/impl/StaticLoggerBinder.class]
[2025-03-20T10:59:18.497+0000] {subprocess.py:93} INFO - SLF4J: See http://www.slf4j.org/codes.html#multiple_bindings for an explanation.
[2025-03-20T10:59:18.749+0000] {subprocess.py:93} INFO - SLF4J: Actual binding is of type [org.apache.logging.slf4j.Log4jLoggerFactory]
[2025-03-20T10:59:20.471+0000] {subprocess.py:93} INFO - Connecting to jdbc:hive2://localhost:10000
[2025-03-20T10:59:20.882+0000] {subprocess.py:93} INFO - Connected to: Apache Hive (version 3.1.3)
[2025-03-20T10:59:20.884+0000] {subprocess.py:93} INFO - Driver: Hive JDBC (version 3.1.3)
[2025-03-20T10:59:20.890+0000] {subprocess.py:93} INFO - Transaction isolation: TRANSACTION_REPEATABLE_READ
[2025-03-20T10:59:21.756+0000] {subprocess.py:93} INFO - INFO  : Compiling command(queryId=root_20250320105920_5d9c6a8f-2e5d-4979-b70f-6c0673810646): CREATE EXTERNAL TABLE IF NOT EXISTS transactions (
[2025-03-20T10:59:21.757+0000] {subprocess.py:93} INFO -         transaction_id STRING,
[2025-03-20T10:59:21.759+0000] {subprocess.py:93} INFO -         date_time STRING,
[2025-03-20T10:59:21.760+0000] {subprocess.py:93} INFO -         amount DOUBLE,
[2025-03-20T10:59:21.765+0000] {subprocess.py:93} INFO -         currency STRING,
[2025-03-20T10:59:21.767+0000] {subprocess.py:93} INFO -         merchant_details STRING,
[2025-03-20T10:59:21.768+0000] {subprocess.py:93} INFO -         customer_id STRING,
[2025-03-20T10:59:21.769+0000] {subprocess.py:93} INFO -         transaction_type STRING,
[2025-03-20T10:59:21.770+0000] {subprocess.py:93} INFO -         location STRING
[2025-03-20T10:59:21.771+0000] {subprocess.py:93} INFO -     )
[2025-03-20T10:59:21.772+0000] {subprocess.py:93} INFO -     PARTITIONED BY (batch_id STRING)
[2025-03-20T10:59:21.772+0000] {subprocess.py:93} INFO -     STORED AS PARQUET
[2025-03-20T10:59:21.773+0000] {subprocess.py:93} INFO -     LOCATION '/data/transactions/transactions_batch_0'
[2025-03-20T10:59:21.773+0000] {subprocess.py:93} INFO - INFO  : Concurrency mode is disabled, not creating a lock manager
[2025-03-20T10:59:21.774+0000] {subprocess.py:93} INFO - INFO  : Semantic Analysis Completed (retrial = false)
[2025-03-20T10:59:21.775+0000] {subprocess.py:93} INFO - INFO  : Returning Hive schema: Schema(fieldSchemas:null, properties:null)
[2025-03-20T10:59:21.777+0000] {subprocess.py:93} INFO - INFO  : Completed compiling command(queryId=root_20250320105920_5d9c6a8f-2e5d-4979-b70f-6c0673810646); Time taken: 0.299 seconds
[2025-03-20T10:59:21.778+0000] {subprocess.py:93} INFO - INFO  : Concurrency mode is disabled, not creating a lock manager
[2025-03-20T10:59:21.779+0000] {subprocess.py:93} INFO - INFO  : Executing command(queryId=root_20250320105920_5d9c6a8f-2e5d-4979-b70f-6c0673810646): CREATE EXTERNAL TABLE IF NOT EXISTS transactions (
[2025-03-20T10:59:21.779+0000] {subprocess.py:93} INFO -         transaction_id STRING,
[2025-03-20T10:59:21.780+0000] {subprocess.py:93} INFO -         date_time STRING,
[2025-03-20T10:59:21.781+0000] {subprocess.py:93} INFO -         amount DOUBLE,
[2025-03-20T10:59:21.781+0000] {subprocess.py:93} INFO -         currency STRING,
[2025-03-20T10:59:21.782+0000] {subprocess.py:93} INFO -         merchant_details STRING,
[2025-03-20T10:59:21.783+0000] {subprocess.py:93} INFO -         customer_id STRING,
[2025-03-20T10:59:21.783+0000] {subprocess.py:93} INFO -         transaction_type STRING,
[2025-03-20T10:59:21.784+0000] {subprocess.py:93} INFO -         location STRING
[2025-03-20T10:59:21.785+0000] {subprocess.py:93} INFO -     )
[2025-03-20T10:59:21.785+0000] {subprocess.py:93} INFO -     PARTITIONED BY (batch_id STRING)
[2025-03-20T10:59:21.786+0000] {subprocess.py:93} INFO -     STORED AS PARQUET
[2025-03-20T10:59:21.786+0000] {subprocess.py:93} INFO -     LOCATION '/data/transactions/transactions_batch_0'
[2025-03-20T10:59:21.787+0000] {subprocess.py:93} INFO - INFO  : Starting task [Stage-0:DDL] in serial mode
[2025-03-20T10:59:21.788+0000] {subprocess.py:93} INFO - INFO  : Completed executing command(queryId=root_20250320105920_5d9c6a8f-2e5d-4979-b70f-6c0673810646); Time taken: 0.439 seconds
[2025-03-20T10:59:21.788+0000] {subprocess.py:93} INFO - INFO  : OK
[2025-03-20T10:59:21.790+0000] {subprocess.py:93} INFO - INFO  : Concurrency mode is disabled, not creating a lock manager
[2025-03-20T10:59:21.794+0000] {subprocess.py:93} INFO - No rows affected (0.844 seconds)
[2025-03-20T10:59:22.410+0000] {subprocess.py:93} INFO - INFO  : Compiling command(queryId=root_20250320105921_7d8c2e52-0152-46aa-be09-03f724b33f03): ALTER TABLE transactions ADD IF NOT EXISTS PARTITION (batch_id='batch_20250320_105901') LOCATION '/data/transactions/transactions_batch_0'
[2025-03-20T10:59:22.412+0000] {subprocess.py:93} INFO - INFO  : Concurrency mode is disabled, not creating a lock manager
[2025-03-20T10:59:22.414+0000] {subprocess.py:93} INFO - INFO  : Semantic Analysis Completed (retrial = false)
[2025-03-20T10:59:22.415+0000] {subprocess.py:93} INFO - INFO  : Returning Hive schema: Schema(fieldSchemas:null, properties:null)
[2025-03-20T10:59:22.420+0000] {subprocess.py:93} INFO - INFO  : Completed compiling command(queryId=root_20250320105921_7d8c2e52-0152-46aa-be09-03f724b33f03); Time taken: 0.347 seconds
[2025-03-20T10:59:22.422+0000] {subprocess.py:93} INFO - INFO  : Concurrency mode is disabled, not creating a lock manager
[2025-03-20T10:59:22.423+0000] {subprocess.py:93} INFO - INFO  : Executing command(queryId=root_20250320105921_7d8c2e52-0152-46aa-be09-03f724b33f03): ALTER TABLE transactions ADD IF NOT EXISTS PARTITION (batch_id='batch_20250320_105901') LOCATION '/data/transactions/transactions_batch_0'
[2025-03-20T10:59:22.424+0000] {subprocess.py:93} INFO - INFO  : Starting task [Stage-0:DDL] in serial mode
[2025-03-20T10:59:22.425+0000] {subprocess.py:93} INFO - INFO  : Completed executing command(queryId=root_20250320105921_7d8c2e52-0152-46aa-be09-03f724b33f03); Time taken: 0.246 seconds
[2025-03-20T10:59:22.426+0000] {subprocess.py:93} INFO - INFO  : OK
[2025-03-20T10:59:22.426+0000] {subprocess.py:93} INFO - INFO  : Concurrency mode is disabled, not creating a lock manager
[2025-03-20T10:59:22.427+0000] {subprocess.py:93} INFO - No rows affected (0.623 seconds)
[2025-03-20T10:59:22.427+0000] {subprocess.py:93} INFO - Beeline version 3.1.3 by Apache Hive
[2025-03-20T10:59:22.432+0000] {subprocess.py:93} INFO - Closing: 0: jdbc:hive2://localhost:10000
[2025-03-20T10:59:22.556+0000] {subprocess.py:97} INFO - Command exited with return code 0
[2025-03-20T10:59:22.616+0000] {taskinstance.py:1398} INFO - Marking task as SUCCESS. dag_id=transactions_pipeline, task_id=create_hive_table, execution_date=20250320T105901, start_date=20250320T105916, end_date=20250320T105922
[2025-03-20T10:59:22.677+0000] {local_task_job_runner.py:228} INFO - Task exited with return code 0
[2025-03-20T10:59:22.729+0000] {taskinstance.py:2776} INFO - 1 downstream tasks scheduled from follow-on schedule check
