[2025-03-21T14:06:41.219+0000] {taskinstance.py:1157} INFO - Dependencies all met for dep_context=non-requeueable deps ti=<TaskInstance: transactions_pipeline.create_hive_table_batch_20250321_140549 manual__2025-03-21T14:05:25.008554+00:00 [queued]>
[2025-03-21T14:06:41.242+0000] {taskinstance.py:1157} INFO - Dependencies all met for dep_context=requeueable deps ti=<TaskInstance: transactions_pipeline.create_hive_table_batch_20250321_140549 manual__2025-03-21T14:05:25.008554+00:00 [queued]>
[2025-03-21T14:06:41.243+0000] {taskinstance.py:1359} INFO - Starting attempt 1 of 1
[2025-03-21T14:06:41.272+0000] {taskinstance.py:1380} INFO - Executing <Task(BashOperator): create_hive_table_batch_20250321_140549> on 2025-03-21 14:05:25.008554+00:00
[2025-03-21T14:06:41.278+0000] {standard_task_runner.py:57} INFO - Started process 2718 to run task
[2025-03-21T14:06:41.282+0000] {standard_task_runner.py:84} INFO - Running: ['***', 'tasks', 'run', 'transactions_pipeline', 'create_hive_table_batch_20250321_140549', 'manual__2025-03-21T14:05:25.008554+00:00', '--job-id', '767', '--raw', '--subdir', 'DAGS_FOLDER/fraud_detection_pipeline.py', '--cfg-path', '/tmp/tmpa7xbfyua']
[2025-03-21T14:06:41.286+0000] {standard_task_runner.py:85} INFO - Job 767: Subtask create_hive_table_batch_20250321_140549
[2025-03-21T14:06:41.367+0000] {task_command.py:415} INFO - Running <TaskInstance: transactions_pipeline.create_hive_table_batch_20250321_140549 manual__2025-03-21T14:05:25.008554+00:00 [running]> on host e95638583d4d
[2025-03-21T14:06:41.505+0000] {taskinstance.py:1660} INFO - Exporting env vars: AIRFLOW_CTX_DAG_EMAIL='rabiizahnoune7@gmail.com' AIRFLOW_CTX_DAG_OWNER='***' AIRFLOW_CTX_DAG_ID='transactions_pipeline' AIRFLOW_CTX_TASK_ID='create_hive_table_batch_20250321_140549' AIRFLOW_CTX_EXECUTION_DATE='2025-03-21T14:05:25.008554+00:00' AIRFLOW_CTX_TRY_NUMBER='1' AIRFLOW_CTX_DAG_RUN_ID='manual__2025-03-21T14:05:25.008554+00:00'
[2025-03-21T14:06:41.508+0000] {subprocess.py:63} INFO - Tmp dir root location: /tmp
[2025-03-21T14:06:41.510+0000] {subprocess.py:75} INFO - Running command: ['/bin/bash', '-c', '\n            docker exec hive beeline -u "jdbc:hive2://localhost:10000" --hiveconf hive.exec.dynamic.partition.mode=nonstrict -e "\n            CREATE EXTERNAL TABLE IF NOT EXISTS transactions (\n                transaction_id STRING,\n                date_time STRING,\n                amount DOUBLE,\n                currency STRING,\n                merchant_details STRING,\n                customer_id STRING,\n                transaction_type STRING,\n                location STRING\n            )\n            PARTITIONED BY (batch_id STRING)\n            STORED AS PARQUET;\n            ALTER TABLE transactions ADD IF NOT EXISTS PARTITION (batch_id=\'batch_20250321_140549\') LOCATION \'/data/transactions/transactions_batch_20250321_140549\';"\n            ']
[2025-03-21T14:06:41.525+0000] {subprocess.py:86} INFO - Output:
[2025-03-21T14:06:43.528+0000] {subprocess.py:93} INFO - SLF4J: Class path contains multiple SLF4J bindings.
[2025-03-21T14:06:43.529+0000] {subprocess.py:93} INFO - SLF4J: Found binding in [jar:file:/opt/hive/lib/log4j-slf4j-impl-2.17.1.jar!/org/slf4j/impl/StaticLoggerBinder.class]
[2025-03-21T14:06:43.529+0000] {subprocess.py:93} INFO - SLF4J: Found binding in [jar:file:/opt/hadoop/share/hadoop/common/lib/slf4j-log4j12-1.7.25.jar!/org/slf4j/impl/StaticLoggerBinder.class]
[2025-03-21T14:06:43.530+0000] {subprocess.py:93} INFO - SLF4J: See http://www.slf4j.org/codes.html#multiple_bindings for an explanation.
[2025-03-21T14:06:43.868+0000] {subprocess.py:93} INFO - SLF4J: Actual binding is of type [org.apache.logging.slf4j.Log4jLoggerFactory]
[2025-03-21T14:06:46.355+0000] {subprocess.py:93} INFO - Connecting to jdbc:hive2://localhost:10000
[2025-03-21T14:06:47.014+0000] {subprocess.py:93} INFO - Connected to: Apache Hive (version 3.1.3)
[2025-03-21T14:06:47.015+0000] {subprocess.py:93} INFO - Driver: Hive JDBC (version 3.1.3)
[2025-03-21T14:06:47.016+0000] {subprocess.py:93} INFO - Transaction isolation: TRANSACTION_REPEATABLE_READ
[2025-03-21T14:06:47.325+0000] {subprocess.py:93} INFO - INFO  : Compiling command(queryId=root_20250321140647_d78c4830-29f0-455d-9d7e-26274efd8048): CREATE EXTERNAL TABLE IF NOT EXISTS transactions (
[2025-03-21T14:06:47.326+0000] {subprocess.py:93} INFO -                 transaction_id STRING,
[2025-03-21T14:06:47.327+0000] {subprocess.py:93} INFO -                 date_time STRING,
[2025-03-21T14:06:47.328+0000] {subprocess.py:93} INFO -                 amount DOUBLE,
[2025-03-21T14:06:47.329+0000] {subprocess.py:93} INFO -                 currency STRING,
[2025-03-21T14:06:47.331+0000] {subprocess.py:93} INFO -                 merchant_details STRING,
[2025-03-21T14:06:47.332+0000] {subprocess.py:93} INFO -                 customer_id STRING,
[2025-03-21T14:06:47.332+0000] {subprocess.py:93} INFO -                 transaction_type STRING,
[2025-03-21T14:06:47.333+0000] {subprocess.py:93} INFO -                 location STRING
[2025-03-21T14:06:47.334+0000] {subprocess.py:93} INFO -             )
[2025-03-21T14:06:47.335+0000] {subprocess.py:93} INFO -             PARTITIONED BY (batch_id STRING)
[2025-03-21T14:06:47.336+0000] {subprocess.py:93} INFO -             STORED AS PARQUET
[2025-03-21T14:06:47.337+0000] {subprocess.py:93} INFO - INFO  : Concurrency mode is disabled, not creating a lock manager
[2025-03-21T14:06:47.337+0000] {subprocess.py:93} INFO - INFO  : Semantic Analysis Completed (retrial = false)
[2025-03-21T14:06:47.338+0000] {subprocess.py:93} INFO - INFO  : Returning Hive schema: Schema(fieldSchemas:null, properties:null)
[2025-03-21T14:06:47.338+0000] {subprocess.py:93} INFO - INFO  : Completed compiling command(queryId=root_20250321140647_d78c4830-29f0-455d-9d7e-26274efd8048); Time taken: 0.076 seconds
[2025-03-21T14:06:47.339+0000] {subprocess.py:93} INFO - INFO  : Concurrency mode is disabled, not creating a lock manager
[2025-03-21T14:06:47.340+0000] {subprocess.py:93} INFO - INFO  : Executing command(queryId=root_20250321140647_d78c4830-29f0-455d-9d7e-26274efd8048): CREATE EXTERNAL TABLE IF NOT EXISTS transactions (
[2025-03-21T14:06:47.340+0000] {subprocess.py:93} INFO -                 transaction_id STRING,
[2025-03-21T14:06:47.341+0000] {subprocess.py:93} INFO -                 date_time STRING,
[2025-03-21T14:06:47.341+0000] {subprocess.py:93} INFO -                 amount DOUBLE,
[2025-03-21T14:06:47.342+0000] {subprocess.py:93} INFO -                 currency STRING,
[2025-03-21T14:06:47.345+0000] {subprocess.py:93} INFO -                 merchant_details STRING,
[2025-03-21T14:06:47.346+0000] {subprocess.py:93} INFO -                 customer_id STRING,
[2025-03-21T14:06:47.347+0000] {subprocess.py:93} INFO -                 transaction_type STRING,
[2025-03-21T14:06:47.348+0000] {subprocess.py:93} INFO -                 location STRING
[2025-03-21T14:06:47.348+0000] {subprocess.py:93} INFO -             )
[2025-03-21T14:06:47.349+0000] {subprocess.py:93} INFO -             PARTITIONED BY (batch_id STRING)
[2025-03-21T14:06:47.350+0000] {subprocess.py:93} INFO -             STORED AS PARQUET
[2025-03-21T14:06:47.350+0000] {subprocess.py:93} INFO - INFO  : Completed executing command(queryId=root_20250321140647_d78c4830-29f0-455d-9d7e-26274efd8048); Time taken: 0.001 seconds
[2025-03-21T14:06:47.351+0000] {subprocess.py:93} INFO - INFO  : OK
[2025-03-21T14:06:47.351+0000] {subprocess.py:93} INFO - INFO  : Concurrency mode is disabled, not creating a lock manager
[2025-03-21T14:06:47.352+0000] {subprocess.py:93} INFO - No rows affected (0.291 seconds)
[2025-03-21T14:06:47.725+0000] {subprocess.py:93} INFO - INFO  : Compiling command(queryId=root_20250321140647_fb6b4062-c48c-4337-a865-628bc76746cc): ALTER TABLE transactions ADD IF NOT EXISTS PARTITION (batch_id='batch_20250321_140549') LOCATION '/data/transactions/transactions_batch_20250321_140549'
[2025-03-21T14:06:47.730+0000] {subprocess.py:93} INFO - INFO  : Concurrency mode is disabled, not creating a lock manager
[2025-03-21T14:06:47.731+0000] {subprocess.py:93} INFO - INFO  : Semantic Analysis Completed (retrial = false)
[2025-03-21T14:06:47.733+0000] {subprocess.py:93} INFO - INFO  : Returning Hive schema: Schema(fieldSchemas:null, properties:null)
[2025-03-21T14:06:47.734+0000] {subprocess.py:93} INFO - INFO  : Completed compiling command(queryId=root_20250321140647_fb6b4062-c48c-4337-a865-628bc76746cc); Time taken: 0.081 seconds
[2025-03-21T14:06:47.735+0000] {subprocess.py:93} INFO - INFO  : Concurrency mode is disabled, not creating a lock manager
[2025-03-21T14:06:47.736+0000] {subprocess.py:93} INFO - INFO  : Executing command(queryId=root_20250321140647_fb6b4062-c48c-4337-a865-628bc76746cc): ALTER TABLE transactions ADD IF NOT EXISTS PARTITION (batch_id='batch_20250321_140549') LOCATION '/data/transactions/transactions_batch_20250321_140549'
[2025-03-21T14:06:47.737+0000] {subprocess.py:93} INFO - INFO  : Starting task [Stage-0:DDL] in serial mode
[2025-03-21T14:06:47.738+0000] {subprocess.py:93} INFO - INFO  : Completed executing command(queryId=root_20250321140647_fb6b4062-c48c-4337-a865-628bc76746cc); Time taken: 0.272 seconds
[2025-03-21T14:06:47.738+0000] {subprocess.py:93} INFO - INFO  : OK
[2025-03-21T14:06:47.739+0000] {subprocess.py:93} INFO - INFO  : Concurrency mode is disabled, not creating a lock manager
[2025-03-21T14:06:47.740+0000] {subprocess.py:93} INFO - No rows affected (0.38 seconds)
[2025-03-21T14:06:47.740+0000] {subprocess.py:93} INFO - Beeline version 3.1.3 by Apache Hive
[2025-03-21T14:06:47.814+0000] {subprocess.py:93} INFO - Closing: 0: jdbc:hive2://localhost:10000
[2025-03-21T14:06:47.887+0000] {subprocess.py:97} INFO - Command exited with return code 0
[2025-03-21T14:06:47.937+0000] {taskinstance.py:1398} INFO - Marking task as SUCCESS. dag_id=transactions_pipeline, task_id=create_hive_table_batch_20250321_140549, execution_date=20250321T140525, start_date=20250321T140641, end_date=20250321T140647
[2025-03-21T14:06:47.992+0000] {local_task_job_runner.py:228} INFO - Task exited with return code 0
[2025-03-21T14:06:48.033+0000] {taskinstance.py:2776} INFO - 1 downstream tasks scheduled from follow-on schedule check
