[2025-03-21T11:00:26.209+0000] {taskinstance.py:1157} INFO - Dependencies all met for dep_context=non-requeueable deps ti=<TaskInstance: transactions_pipeline.create_hive_table scheduled__2025-03-21T09:44:58.540079+00:00 [queued]>
[2025-03-21T11:00:26.222+0000] {taskinstance.py:1157} INFO - Dependencies all met for dep_context=requeueable deps ti=<TaskInstance: transactions_pipeline.create_hive_table scheduled__2025-03-21T09:44:58.540079+00:00 [queued]>
[2025-03-21T11:00:26.224+0000] {taskinstance.py:1359} INFO - Starting attempt 1 of 2
[2025-03-21T11:00:26.245+0000] {taskinstance.py:1380} INFO - Executing <Task(BashOperator): create_hive_table> on 2025-03-21 09:44:58.540079+00:00
[2025-03-21T11:00:26.254+0000] {standard_task_runner.py:57} INFO - Started process 4319 to run task
[2025-03-21T11:00:26.258+0000] {standard_task_runner.py:84} INFO - Running: ['***', 'tasks', 'run', 'transactions_pipeline', 'create_hive_table', 'scheduled__2025-03-21T09:44:58.540079+00:00', '--job-id', '492', '--raw', '--subdir', 'DAGS_FOLDER/fraud_detection_pipeline.py', '--cfg-path', '/tmp/tmpwagrbot3']
[2025-03-21T11:00:26.262+0000] {standard_task_runner.py:85} INFO - Job 492: Subtask create_hive_table
[2025-03-21T11:00:26.332+0000] {task_command.py:415} INFO - Running <TaskInstance: transactions_pipeline.create_hive_table scheduled__2025-03-21T09:44:58.540079+00:00 [running]> on host 6688e233cb20
[2025-03-21T11:00:26.458+0000] {taskinstance.py:1660} INFO - Exporting env vars: AIRFLOW_CTX_DAG_EMAIL='rabiizahnoune7@gmail.com' AIRFLOW_CTX_DAG_OWNER='***' AIRFLOW_CTX_DAG_ID='transactions_pipeline' AIRFLOW_CTX_TASK_ID='create_hive_table' AIRFLOW_CTX_EXECUTION_DATE='2025-03-21T09:44:58.540079+00:00' AIRFLOW_CTX_TRY_NUMBER='1' AIRFLOW_CTX_DAG_RUN_ID='scheduled__2025-03-21T09:44:58.540079+00:00'
[2025-03-21T11:00:26.461+0000] {subprocess.py:63} INFO - Tmp dir root location: /tmp
[2025-03-21T11:00:26.463+0000] {subprocess.py:75} INFO - Running command: ['/bin/bash', '-c', '\n        docker exec hive beeline -u "jdbc:hive2://localhost:10000" --hiveconf hive.exec.dynamic.partition.mode=nonstrict -e "\n        CREATE EXTERNAL TABLE IF NOT EXISTS transactions (\n            transaction_id STRING,\n            date_time STRING,\n            amount DOUBLE,\n            currency STRING,\n            merchant_details STRING,\n            customer_id STRING,\n            transaction_type STRING,\n            location STRING\n        )\n        PARTITIONED BY (batch_id STRING)\n        STORED AS PARQUET;\n        ALTER TABLE transactions ADD IF NOT EXISTS PARTITION (batch_id=\'batch_20250320_144447\') LOCATION \'/data/transactions/transactions_batch_20250320_144447\';"\n        ']
[2025-03-21T11:00:26.477+0000] {subprocess.py:86} INFO - Output:
[2025-03-21T11:00:27.754+0000] {subprocess.py:93} INFO - SLF4J: Class path contains multiple SLF4J bindings.
[2025-03-21T11:00:27.755+0000] {subprocess.py:93} INFO - SLF4J: Found binding in [jar:file:/opt/hive/lib/log4j-slf4j-impl-2.17.1.jar!/org/slf4j/impl/StaticLoggerBinder.class]
[2025-03-21T11:00:27.756+0000] {subprocess.py:93} INFO - SLF4J: Found binding in [jar:file:/opt/hadoop/share/hadoop/common/lib/slf4j-log4j12-1.7.25.jar!/org/slf4j/impl/StaticLoggerBinder.class]
[2025-03-21T11:00:27.757+0000] {subprocess.py:93} INFO - SLF4J: See http://www.slf4j.org/codes.html#multiple_bindings for an explanation.
[2025-03-21T11:00:27.927+0000] {subprocess.py:93} INFO - SLF4J: Actual binding is of type [org.apache.logging.slf4j.Log4jLoggerFactory]
[2025-03-21T11:00:29.235+0000] {subprocess.py:93} INFO - Connecting to jdbc:hive2://localhost:10000
[2025-03-21T11:00:29.644+0000] {subprocess.py:93} INFO - Connected to: Apache Hive (version 3.1.3)
[2025-03-21T11:00:29.645+0000] {subprocess.py:93} INFO - Driver: Hive JDBC (version 3.1.3)
[2025-03-21T11:00:29.646+0000] {subprocess.py:93} INFO - Transaction isolation: TRANSACTION_REPEATABLE_READ
[2025-03-21T11:00:29.836+0000] {subprocess.py:93} INFO - INFO  : Compiling command(queryId=root_20250321110029_e7200f60-964f-4648-a3fa-2b00f6af771a): CREATE EXTERNAL TABLE IF NOT EXISTS transactions (
[2025-03-21T11:00:29.837+0000] {subprocess.py:93} INFO -             transaction_id STRING,
[2025-03-21T11:00:29.838+0000] {subprocess.py:93} INFO -             date_time STRING,
[2025-03-21T11:00:29.838+0000] {subprocess.py:93} INFO -             amount DOUBLE,
[2025-03-21T11:00:29.839+0000] {subprocess.py:93} INFO -             currency STRING,
[2025-03-21T11:00:29.839+0000] {subprocess.py:93} INFO -             merchant_details STRING,
[2025-03-21T11:00:29.840+0000] {subprocess.py:93} INFO -             customer_id STRING,
[2025-03-21T11:00:29.840+0000] {subprocess.py:93} INFO -             transaction_type STRING,
[2025-03-21T11:00:29.841+0000] {subprocess.py:93} INFO -             location STRING
[2025-03-21T11:00:29.841+0000] {subprocess.py:93} INFO -         )
[2025-03-21T11:00:29.842+0000] {subprocess.py:93} INFO -         PARTITIONED BY (batch_id STRING)
[2025-03-21T11:00:29.842+0000] {subprocess.py:93} INFO -         STORED AS PARQUET
[2025-03-21T11:00:29.843+0000] {subprocess.py:93} INFO - INFO  : Concurrency mode is disabled, not creating a lock manager
[2025-03-21T11:00:29.843+0000] {subprocess.py:93} INFO - INFO  : Semantic Analysis Completed (retrial = false)
[2025-03-21T11:00:29.844+0000] {subprocess.py:93} INFO - INFO  : Returning Hive schema: Schema(fieldSchemas:null, properties:null)
[2025-03-21T11:00:29.845+0000] {subprocess.py:93} INFO - INFO  : Completed compiling command(queryId=root_20250321110029_e7200f60-964f-4648-a3fa-2b00f6af771a); Time taken: 0.094 seconds
[2025-03-21T11:00:29.845+0000] {subprocess.py:93} INFO - INFO  : Concurrency mode is disabled, not creating a lock manager
[2025-03-21T11:00:29.846+0000] {subprocess.py:93} INFO - INFO  : Executing command(queryId=root_20250321110029_e7200f60-964f-4648-a3fa-2b00f6af771a): CREATE EXTERNAL TABLE IF NOT EXISTS transactions (
[2025-03-21T11:00:29.846+0000] {subprocess.py:93} INFO -             transaction_id STRING,
[2025-03-21T11:00:29.847+0000] {subprocess.py:93} INFO -             date_time STRING,
[2025-03-21T11:00:29.847+0000] {subprocess.py:93} INFO -             amount DOUBLE,
[2025-03-21T11:00:29.848+0000] {subprocess.py:93} INFO -             currency STRING,
[2025-03-21T11:00:29.848+0000] {subprocess.py:93} INFO -             merchant_details STRING,
[2025-03-21T11:00:29.849+0000] {subprocess.py:93} INFO -             customer_id STRING,
[2025-03-21T11:00:29.849+0000] {subprocess.py:93} INFO -             transaction_type STRING,
[2025-03-21T11:00:29.850+0000] {subprocess.py:93} INFO -             location STRING
[2025-03-21T11:00:29.850+0000] {subprocess.py:93} INFO -         )
[2025-03-21T11:00:29.850+0000] {subprocess.py:93} INFO -         PARTITIONED BY (batch_id STRING)
[2025-03-21T11:00:29.851+0000] {subprocess.py:93} INFO -         STORED AS PARQUET
[2025-03-21T11:00:29.851+0000] {subprocess.py:93} INFO - INFO  : Completed executing command(queryId=root_20250321110029_e7200f60-964f-4648-a3fa-2b00f6af771a); Time taken: 0.003 seconds
[2025-03-21T11:00:29.851+0000] {subprocess.py:93} INFO - INFO  : OK
[2025-03-21T11:00:29.852+0000] {subprocess.py:93} INFO - INFO  : Concurrency mode is disabled, not creating a lock manager
[2025-03-21T11:00:29.852+0000] {subprocess.py:93} INFO - No rows affected (0.171 seconds)
[2025-03-21T11:00:30.174+0000] {subprocess.py:93} INFO - INFO  : Compiling command(queryId=root_20250321110029_b30437c5-16d4-4c1c-ba26-8e44d067f321): ALTER TABLE transactions ADD IF NOT EXISTS PARTITION (batch_id='batch_20250320_144447') LOCATION '/data/transactions/transactions_batch_20250320_144447'
[2025-03-21T11:00:30.175+0000] {subprocess.py:93} INFO - INFO  : Concurrency mode is disabled, not creating a lock manager
[2025-03-21T11:00:30.176+0000] {subprocess.py:93} INFO - INFO  : Semantic Analysis Completed (retrial = false)
[2025-03-21T11:00:30.176+0000] {subprocess.py:93} INFO - INFO  : Returning Hive schema: Schema(fieldSchemas:null, properties:null)
[2025-03-21T11:00:30.177+0000] {subprocess.py:93} INFO - INFO  : Completed compiling command(queryId=root_20250321110029_b30437c5-16d4-4c1c-ba26-8e44d067f321); Time taken: 0.026 seconds
[2025-03-21T11:00:30.177+0000] {subprocess.py:93} INFO - INFO  : Concurrency mode is disabled, not creating a lock manager
[2025-03-21T11:00:30.178+0000] {subprocess.py:93} INFO - INFO  : Executing command(queryId=root_20250321110029_b30437c5-16d4-4c1c-ba26-8e44d067f321): ALTER TABLE transactions ADD IF NOT EXISTS PARTITION (batch_id='batch_20250320_144447') LOCATION '/data/transactions/transactions_batch_20250320_144447'
[2025-03-21T11:00:30.179+0000] {subprocess.py:93} INFO - INFO  : Starting task [Stage-0:DDL] in serial mode
[2025-03-21T11:00:30.180+0000] {subprocess.py:93} INFO - INFO  : Completed executing command(queryId=root_20250321110029_b30437c5-16d4-4c1c-ba26-8e44d067f321); Time taken: 0.27 seconds
[2025-03-21T11:00:30.181+0000] {subprocess.py:93} INFO - INFO  : OK
[2025-03-21T11:00:30.182+0000] {subprocess.py:93} INFO - INFO  : Concurrency mode is disabled, not creating a lock manager
[2025-03-21T11:00:30.182+0000] {subprocess.py:93} INFO - No rows affected (0.319 seconds)
[2025-03-21T11:00:30.183+0000] {subprocess.py:93} INFO - Beeline version 3.1.3 by Apache Hive
[2025-03-21T11:00:30.187+0000] {subprocess.py:93} INFO - Closing: 0: jdbc:hive2://localhost:10000
[2025-03-21T11:00:30.257+0000] {subprocess.py:97} INFO - Command exited with return code 0
[2025-03-21T11:00:30.304+0000] {taskinstance.py:1398} INFO - Marking task as SUCCESS. dag_id=transactions_pipeline, task_id=create_hive_table, execution_date=20250321T094458, start_date=20250321T110026, end_date=20250321T110030
[2025-03-21T11:00:30.359+0000] {local_task_job_runner.py:228} INFO - Task exited with return code 0
[2025-03-21T11:00:30.397+0000] {taskinstance.py:2776} INFO - 1 downstream tasks scheduled from follow-on schedule check
