[2025-03-19T20:58:55.873+0000] {taskinstance.py:1157} INFO - Dependencies all met for dep_context=non-requeueable deps ti=<TaskInstance: transactions_pipeline.detect_fraud manual__2025-03-19T20:58:34.601664+00:00 [queued]>
[2025-03-19T20:58:55.891+0000] {taskinstance.py:1157} INFO - Dependencies all met for dep_context=requeueable deps ti=<TaskInstance: transactions_pipeline.detect_fraud manual__2025-03-19T20:58:34.601664+00:00 [queued]>
[2025-03-19T20:58:55.893+0000] {taskinstance.py:1359} INFO - Starting attempt 1 of 1
[2025-03-19T20:58:55.921+0000] {taskinstance.py:1380} INFO - Executing <Task(BashOperator): detect_fraud> on 2025-03-19 20:58:34.601664+00:00
[2025-03-19T20:58:55.935+0000] {standard_task_runner.py:57} INFO - Started process 269 to run task
[2025-03-19T20:58:55.940+0000] {standard_task_runner.py:84} INFO - Running: ['***', 'tasks', 'run', 'transactions_pipeline', 'detect_fraud', 'manual__2025-03-19T20:58:34.601664+00:00', '--job-id', '179', '--raw', '--subdir', 'DAGS_FOLDER/fraud_detection_pipeline.py', '--cfg-path', '/tmp/tmpex7uh06g']
[2025-03-19T20:58:55.947+0000] {standard_task_runner.py:85} INFO - Job 179: Subtask detect_fraud
[2025-03-19T20:58:56.049+0000] {task_command.py:415} INFO - Running <TaskInstance: transactions_pipeline.detect_fraud manual__2025-03-19T20:58:34.601664+00:00 [running]> on host 6554d7f00a0a
[2025-03-19T20:58:56.273+0000] {taskinstance.py:1660} INFO - Exporting env vars: AIRFLOW_CTX_DAG_OWNER='***' AIRFLOW_CTX_DAG_ID='transactions_pipeline' AIRFLOW_CTX_TASK_ID='detect_fraud' AIRFLOW_CTX_EXECUTION_DATE='2025-03-19T20:58:34.601664+00:00' AIRFLOW_CTX_TRY_NUMBER='1' AIRFLOW_CTX_DAG_RUN_ID='manual__2025-03-19T20:58:34.601664+00:00'
[2025-03-19T20:58:56.277+0000] {subprocess.py:63} INFO - Tmp dir root location: /tmp
[2025-03-19T20:58:56.279+0000] {subprocess.py:75} INFO - Running command: ['/bin/bash', '-c', '\n    docker exec hive beeline -u "jdbc:hive2://localhost:10000" --hiveconf hive.exec.dynamic.partition.mode=nonstrict -e"\n    CREATE TABLE IF NOT EXISTS fraud_detections (\n        transaction_id STRING,\n        date_time STRING,\n        amount DOUBLE,\n        customer_id STRING,\n        location STRING,\n        fraud_reason STRING\n    )\n    STORED AS PARQUET\n    LOCATION \'/data/fraud_detections\';\n    INSERT INTO TABLE fraud_detections\n    SELECT\n        t.transaction_id,\n        t.date_time,\n        t.amount,\n        t.customer_id,\n        t.location,\n        \'High Amount\' AS fraud_reason\n    FROM transactions t\n    WHERE t.batch_id = \'batch_0\'\n    AND t.amount > 1000;"\n    ']
[2025-03-19T20:58:56.300+0000] {subprocess.py:86} INFO - Output:
[2025-03-19T20:58:57.893+0000] {subprocess.py:93} INFO - SLF4J: Class path contains multiple SLF4J bindings.
[2025-03-19T20:58:57.895+0000] {subprocess.py:93} INFO - SLF4J: Found binding in [jar:file:/opt/hive/lib/log4j-slf4j-impl-2.17.1.jar!/org/slf4j/impl/StaticLoggerBinder.class]
[2025-03-19T20:58:57.896+0000] {subprocess.py:93} INFO - SLF4J: Found binding in [jar:file:/opt/hadoop/share/hadoop/common/lib/slf4j-log4j12-1.7.25.jar!/org/slf4j/impl/StaticLoggerBinder.class]
[2025-03-19T20:58:57.897+0000] {subprocess.py:93} INFO - SLF4J: See http://www.slf4j.org/codes.html#multiple_bindings for an explanation.
[2025-03-19T20:58:58.153+0000] {subprocess.py:93} INFO - SLF4J: Actual binding is of type [org.apache.logging.slf4j.Log4jLoggerFactory]
[2025-03-19T20:58:59.753+0000] {subprocess.py:93} INFO - Connecting to jdbc:hive2://localhost:10000
[2025-03-19T20:59:00.062+0000] {subprocess.py:93} INFO - Connected to: Apache Hive (version 3.1.3)
[2025-03-19T20:59:00.063+0000] {subprocess.py:93} INFO - Driver: Hive JDBC (version 3.1.3)
[2025-03-19T20:59:00.065+0000] {subprocess.py:93} INFO - Transaction isolation: TRANSACTION_REPEATABLE_READ
[2025-03-19T20:59:00.440+0000] {subprocess.py:93} INFO - INFO  : Compiling command(queryId=root_20250319205900_c40099ef-262c-417a-9c0d-7e586bc5a9bf): CREATE TABLE IF NOT EXISTS fraud_detections (
[2025-03-19T20:59:00.442+0000] {subprocess.py:93} INFO -         transaction_id STRING,
[2025-03-19T20:59:00.442+0000] {subprocess.py:93} INFO -         date_time STRING,
[2025-03-19T20:59:00.443+0000] {subprocess.py:93} INFO -         amount DOUBLE,
[2025-03-19T20:59:00.444+0000] {subprocess.py:93} INFO -         customer_id STRING,
[2025-03-19T20:59:00.445+0000] {subprocess.py:93} INFO -         location STRING,
[2025-03-19T20:59:00.446+0000] {subprocess.py:93} INFO -         fraud_reason STRING
[2025-03-19T20:59:00.446+0000] {subprocess.py:93} INFO -     )
[2025-03-19T20:59:00.447+0000] {subprocess.py:93} INFO -     STORED AS PARQUET
[2025-03-19T20:59:00.447+0000] {subprocess.py:93} INFO -     LOCATION '/data/fraud_detections'
[2025-03-19T20:59:00.448+0000] {subprocess.py:93} INFO - INFO  : Concurrency mode is disabled, not creating a lock manager
[2025-03-19T20:59:00.448+0000] {subprocess.py:93} INFO - INFO  : Semantic Analysis Completed (retrial = false)
[2025-03-19T20:59:00.449+0000] {subprocess.py:93} INFO - INFO  : Returning Hive schema: Schema(fieldSchemas:null, properties:null)
[2025-03-19T20:59:00.450+0000] {subprocess.py:93} INFO - INFO  : Completed compiling command(queryId=root_20250319205900_c40099ef-262c-417a-9c0d-7e586bc5a9bf); Time taken: 0.012 seconds
[2025-03-19T20:59:00.450+0000] {subprocess.py:93} INFO - INFO  : Concurrency mode is disabled, not creating a lock manager
[2025-03-19T20:59:00.450+0000] {subprocess.py:93} INFO - INFO  : Executing command(queryId=root_20250319205900_c40099ef-262c-417a-9c0d-7e586bc5a9bf): CREATE TABLE IF NOT EXISTS fraud_detections (
[2025-03-19T20:59:00.451+0000] {subprocess.py:93} INFO -         transaction_id STRING,
[2025-03-19T20:59:00.451+0000] {subprocess.py:93} INFO -         date_time STRING,
[2025-03-19T20:59:00.451+0000] {subprocess.py:93} INFO -         amount DOUBLE,
[2025-03-19T20:59:00.452+0000] {subprocess.py:93} INFO -         customer_id STRING,
[2025-03-19T20:59:00.453+0000] {subprocess.py:93} INFO -         location STRING,
[2025-03-19T20:59:00.454+0000] {subprocess.py:93} INFO -         fraud_reason STRING
[2025-03-19T20:59:00.455+0000] {subprocess.py:93} INFO -     )
[2025-03-19T20:59:00.456+0000] {subprocess.py:93} INFO -     STORED AS PARQUET
[2025-03-19T20:59:00.457+0000] {subprocess.py:93} INFO -     LOCATION '/data/fraud_detections'
[2025-03-19T20:59:00.458+0000] {subprocess.py:93} INFO - INFO  : Starting task [Stage-0:DDL] in serial mode
[2025-03-19T20:59:00.458+0000] {subprocess.py:93} INFO - INFO  : Completed executing command(queryId=root_20250319205900_c40099ef-262c-417a-9c0d-7e586bc5a9bf); Time taken: 0.265 seconds
[2025-03-19T20:59:00.459+0000] {subprocess.py:93} INFO - INFO  : OK
[2025-03-19T20:59:00.459+0000] {subprocess.py:93} INFO - INFO  : Concurrency mode is disabled, not creating a lock manager
[2025-03-19T20:59:00.460+0000] {subprocess.py:93} INFO - No rows affected (0.354 seconds)
[2025-03-19T20:59:05.652+0000] {subprocess.py:93} INFO - INFO  : Compiling command(queryId=root_20250319205900_1c2fc1db-2de0-4273-8fa0-d7096018a08c): INSERT INTO TABLE fraud_detections
[2025-03-19T20:59:05.653+0000] {subprocess.py:93} INFO -     SELECT
[2025-03-19T20:59:05.654+0000] {subprocess.py:93} INFO -         t.transaction_id,
[2025-03-19T20:59:05.655+0000] {subprocess.py:93} INFO -         t.date_time,
[2025-03-19T20:59:05.655+0000] {subprocess.py:93} INFO -         t.amount,
[2025-03-19T20:59:05.656+0000] {subprocess.py:93} INFO -         t.customer_id,
[2025-03-19T20:59:05.657+0000] {subprocess.py:93} INFO -         t.location,
[2025-03-19T20:59:05.657+0000] {subprocess.py:93} INFO -         'High Amount' AS fraud_reason
[2025-03-19T20:59:05.658+0000] {subprocess.py:93} INFO -     FROM transactions t
[2025-03-19T20:59:05.658+0000] {subprocess.py:93} INFO -     WHERE t.batch_id = 'batch_0'
[2025-03-19T20:59:05.659+0000] {subprocess.py:93} INFO -     AND t.amount > 1000
[2025-03-19T20:59:05.659+0000] {subprocess.py:93} INFO - INFO  : Concurrency mode is disabled, not creating a lock manager
[2025-03-19T20:59:05.660+0000] {subprocess.py:93} INFO - INFO  : Semantic Analysis Completed (retrial = false)
[2025-03-19T20:59:05.660+0000] {subprocess.py:93} INFO - INFO  : Returning Hive schema: Schema(fieldSchemas:[FieldSchema(name:t.transaction_id, type:string, comment:null), FieldSchema(name:t.date_time, type:string, comment:null), FieldSchema(name:t.amount, type:double, comment:null), FieldSchema(name:t.customer_id, type:string, comment:null), FieldSchema(name:t.location, type:string, comment:null), FieldSchema(name:fraud_reason, type:string, comment:null)], properties:null)
[2025-03-19T20:59:05.661+0000] {subprocess.py:93} INFO - INFO  : Completed compiling command(queryId=root_20250319205900_1c2fc1db-2de0-4273-8fa0-d7096018a08c); Time taken: 4.163 seconds
[2025-03-19T20:59:05.662+0000] {subprocess.py:93} INFO - INFO  : Concurrency mode is disabled, not creating a lock manager
[2025-03-19T20:59:05.662+0000] {subprocess.py:93} INFO - INFO  : Executing command(queryId=root_20250319205900_1c2fc1db-2de0-4273-8fa0-d7096018a08c): INSERT INTO TABLE fraud_detections
[2025-03-19T20:59:05.663+0000] {subprocess.py:93} INFO -     SELECT
[2025-03-19T20:59:05.663+0000] {subprocess.py:93} INFO -         t.transaction_id,
[2025-03-19T20:59:05.664+0000] {subprocess.py:93} INFO -         t.date_time,
[2025-03-19T20:59:05.665+0000] {subprocess.py:93} INFO -         t.amount,
[2025-03-19T20:59:05.665+0000] {subprocess.py:93} INFO -         t.customer_id,
[2025-03-19T20:59:05.666+0000] {subprocess.py:93} INFO -         t.location,
[2025-03-19T20:59:05.667+0000] {subprocess.py:93} INFO -         'High Amount' AS fraud_reason
[2025-03-19T20:59:05.669+0000] {subprocess.py:93} INFO -     FROM transactions t
[2025-03-19T20:59:05.670+0000] {subprocess.py:93} INFO -     WHERE t.batch_id = 'batch_0'
[2025-03-19T20:59:05.671+0000] {subprocess.py:93} INFO -     AND t.amount > 1000
[2025-03-19T20:59:05.671+0000] {subprocess.py:93} INFO - WARN  : Hive-on-MR is deprecated in Hive 2 and may not be available in the future versions. Consider using a different execution engine (i.e. spark, tez) or using Hive 1.X releases.
[2025-03-19T20:59:05.672+0000] {subprocess.py:93} INFO - INFO  : Query ID = root_20250319205900_1c2fc1db-2de0-4273-8fa0-d7096018a08c
[2025-03-19T20:59:05.673+0000] {subprocess.py:93} INFO - INFO  : Total jobs = 3
[2025-03-19T20:59:05.673+0000] {subprocess.py:93} INFO - INFO  : Launching Job 1 out of 3
[2025-03-19T20:59:05.674+0000] {subprocess.py:93} INFO - INFO  : Starting task [Stage-1:MAPRED] in serial mode
[2025-03-19T20:59:05.674+0000] {subprocess.py:93} INFO - INFO  : Number of reduce tasks determined at compile time: 1
[2025-03-19T20:59:05.675+0000] {subprocess.py:93} INFO - INFO  : In order to change the average load for a reducer (in bytes):
[2025-03-19T20:59:05.675+0000] {subprocess.py:93} INFO - INFO  :   set hive.exec.reducers.bytes.per.reducer=<number>
[2025-03-19T20:59:05.676+0000] {subprocess.py:93} INFO - INFO  : In order to limit the maximum number of reducers:
[2025-03-19T20:59:05.676+0000] {subprocess.py:93} INFO - INFO  :   set hive.exec.reducers.max=<number>
[2025-03-19T20:59:05.677+0000] {subprocess.py:93} INFO - INFO  : In order to set a constant number of reducers:
[2025-03-19T20:59:05.677+0000] {subprocess.py:93} INFO - INFO  :   set mapreduce.job.reduces=<number>
[2025-03-19T20:59:06.667+0000] {subprocess.py:93} INFO - INFO  : number of splits:1
[2025-03-19T20:59:06.668+0000] {subprocess.py:93} INFO - INFO  : Submitting tokens for job: job_local1540320497_0001
[2025-03-19T20:59:06.669+0000] {subprocess.py:93} INFO - INFO  : Executing with tokens: []
[2025-03-19T20:59:08.219+0000] {subprocess.py:93} INFO - INFO  : The url to track the job: http://localhost:8080/
[2025-03-19T20:59:08.225+0000] {subprocess.py:93} INFO - INFO  : Job running in-process (local Hadoop)
[2025-03-19T20:59:08.452+0000] {subprocess.py:93} INFO - INFO  : 2025-03-19 20:59:08,236 Stage-1 map = 0%,  reduce = 0%
[2025-03-19T20:59:08.455+0000] {subprocess.py:93} INFO - ERROR : Ended Job = job_local1540320497_0001 with errors
[2025-03-19T20:59:08.457+0000] {subprocess.py:93} INFO - ERROR : FAILED: Execution Error, return code 2 from org.apache.hadoop.hive.ql.exec.mr.MapRedTask
[2025-03-19T20:59:08.459+0000] {subprocess.py:93} INFO - INFO  : MapReduce Jobs Launched:
[2025-03-19T20:59:08.461+0000] {subprocess.py:93} INFO - INFO  : Stage-Stage-1:  HDFS Read: 0 HDFS Write: 0 FAIL
[2025-03-19T20:59:08.467+0000] {subprocess.py:93} INFO - INFO  : Total MapReduce CPU Time Spent: 0 msec
[2025-03-19T20:59:08.469+0000] {subprocess.py:93} INFO - INFO  : Completed executing command(queryId=root_20250319205900_1c2fc1db-2de0-4273-8fa0-d7096018a08c); Time taken: 3.743 seconds
[2025-03-19T20:59:08.470+0000] {subprocess.py:93} INFO - INFO  : Concurrency mode is disabled, not creating a lock manager
[2025-03-19T20:59:08.494+0000] {subprocess.py:93} INFO - Error: Error while processing statement: FAILED: Execution Error, return code 2 from org.apache.hadoop.hive.ql.exec.mr.MapRedTask (state=08S01,code=2)
[2025-03-19T20:59:08.508+0000] {subprocess.py:93} INFO - Closing: 0: jdbc:hive2://localhost:10000
[2025-03-19T20:59:08.584+0000] {subprocess.py:97} INFO - Command exited with return code 1
[2025-03-19T20:59:08.603+0000] {taskinstance.py:1935} ERROR - Task failed with exception
Traceback (most recent call last):
  File "/home/airflow/.local/lib/python3.8/site-packages/airflow/operators/bash.py", line 210, in execute
    raise AirflowException(
airflow.exceptions.AirflowException: Bash command failed. The command returned a non-zero exit code 1.
[2025-03-19T20:59:08.611+0000] {taskinstance.py:1398} INFO - Marking task as FAILED. dag_id=transactions_pipeline, task_id=detect_fraud, execution_date=20250319T205834, start_date=20250319T205855, end_date=20250319T205908
[2025-03-19T20:59:08.641+0000] {standard_task_runner.py:104} ERROR - Failed to execute job 179 for task detect_fraud (Bash command failed. The command returned a non-zero exit code 1.; 269)
[2025-03-19T20:59:08.671+0000] {local_task_job_runner.py:228} INFO - Task exited with return code 1
[2025-03-19T20:59:08.706+0000] {taskinstance.py:2776} INFO - 0 downstream tasks scheduled from follow-on schedule check
