[2025-03-21T12:15:11.621+0000] {taskinstance.py:1157} INFO - Dependencies all met for dep_context=non-requeueable deps ti=<TaskInstance: transactions_pipeline.create_hive_table scheduled__2025-03-21T11:24:58.540079+00:00 [queued]>
[2025-03-21T12:15:11.635+0000] {taskinstance.py:1157} INFO - Dependencies all met for dep_context=requeueable deps ti=<TaskInstance: transactions_pipeline.create_hive_table scheduled__2025-03-21T11:24:58.540079+00:00 [queued]>
[2025-03-21T12:15:11.636+0000] {taskinstance.py:1359} INFO - Starting attempt 1 of 2
[2025-03-21T12:15:11.654+0000] {taskinstance.py:1380} INFO - Executing <Task(BashOperator): create_hive_table> on 2025-03-21 11:24:58.540079+00:00
[2025-03-21T12:15:11.661+0000] {standard_task_runner.py:57} INFO - Started process 5016 to run task
[2025-03-21T12:15:11.665+0000] {standard_task_runner.py:84} INFO - Running: ['***', 'tasks', 'run', 'transactions_pipeline', 'create_hive_table', 'scheduled__2025-03-21T11:24:58.540079+00:00', '--job-id', '504', '--raw', '--subdir', 'DAGS_FOLDER/fraud_detection_pipeline.py', '--cfg-path', '/tmp/tmph6pz_kb6']
[2025-03-21T12:15:11.668+0000] {standard_task_runner.py:85} INFO - Job 504: Subtask create_hive_table
[2025-03-21T12:15:11.720+0000] {task_command.py:415} INFO - Running <TaskInstance: transactions_pipeline.create_hive_table scheduled__2025-03-21T11:24:58.540079+00:00 [running]> on host 6688e233cb20
[2025-03-21T12:15:11.832+0000] {taskinstance.py:1660} INFO - Exporting env vars: AIRFLOW_CTX_DAG_EMAIL='rabiizahnoune7@gmail.com' AIRFLOW_CTX_DAG_OWNER='***' AIRFLOW_CTX_DAG_ID='transactions_pipeline' AIRFLOW_CTX_TASK_ID='create_hive_table' AIRFLOW_CTX_EXECUTION_DATE='2025-03-21T11:24:58.540079+00:00' AIRFLOW_CTX_TRY_NUMBER='1' AIRFLOW_CTX_DAG_RUN_ID='scheduled__2025-03-21T11:24:58.540079+00:00'
[2025-03-21T12:15:11.834+0000] {subprocess.py:63} INFO - Tmp dir root location: /tmp
[2025-03-21T12:15:11.835+0000] {subprocess.py:75} INFO - Running command: ['/bin/bash', '-c', '\n        docker exec hive beeline -u "jdbc:hive2://localhost:10000" --hiveconf hive.exec.dynamic.partition.mode=nonstrict -e "\n        CREATE EXTERNAL TABLE IF NOT EXISTS transactions (\n            transaction_id STRING,\n            date_time STRING,\n            amount DOUBLE,\n            currency STRING,\n            merchant_details STRING,\n            customer_id STRING,\n            transaction_type STRING,\n            location STRING\n        )\n        PARTITIONED BY (batch_id STRING)\n        STORED AS PARQUET;\n        ALTER TABLE transactions ADD IF NOT EXISTS PARTITION (batch_id=\'batch_20250320_144447\') LOCATION \'/data/transactions/transactions_batch_20250320_144447\';"\n        ']
[2025-03-21T12:15:11.848+0000] {subprocess.py:86} INFO - Output:
[2025-03-21T12:15:13.081+0000] {subprocess.py:93} INFO - SLF4J: Class path contains multiple SLF4J bindings.
[2025-03-21T12:15:13.082+0000] {subprocess.py:93} INFO - SLF4J: Found binding in [jar:file:/opt/hive/lib/log4j-slf4j-impl-2.17.1.jar!/org/slf4j/impl/StaticLoggerBinder.class]
[2025-03-21T12:15:13.083+0000] {subprocess.py:93} INFO - SLF4J: Found binding in [jar:file:/opt/hadoop/share/hadoop/common/lib/slf4j-log4j12-1.7.25.jar!/org/slf4j/impl/StaticLoggerBinder.class]
[2025-03-21T12:15:13.083+0000] {subprocess.py:93} INFO - SLF4J: See http://www.slf4j.org/codes.html#multiple_bindings for an explanation.
[2025-03-21T12:15:13.201+0000] {subprocess.py:93} INFO - SLF4J: Actual binding is of type [org.apache.logging.slf4j.Log4jLoggerFactory]
[2025-03-21T12:15:14.422+0000] {subprocess.py:93} INFO - Connecting to jdbc:hive2://localhost:10000
[2025-03-21T12:15:14.858+0000] {subprocess.py:93} INFO - Connected to: Apache Hive (version 3.1.3)
[2025-03-21T12:15:14.859+0000] {subprocess.py:93} INFO - Driver: Hive JDBC (version 3.1.3)
[2025-03-21T12:15:14.860+0000] {subprocess.py:93} INFO - Transaction isolation: TRANSACTION_REPEATABLE_READ
[2025-03-21T12:15:15.044+0000] {subprocess.py:93} INFO - INFO  : Compiling command(queryId=root_20250321121514_852dfd9c-dc1e-496e-9636-bcebdfbdc1b8): CREATE EXTERNAL TABLE IF NOT EXISTS transactions (
[2025-03-21T12:15:15.045+0000] {subprocess.py:93} INFO -             transaction_id STRING,
[2025-03-21T12:15:15.046+0000] {subprocess.py:93} INFO -             date_time STRING,
[2025-03-21T12:15:15.046+0000] {subprocess.py:93} INFO -             amount DOUBLE,
[2025-03-21T12:15:15.047+0000] {subprocess.py:93} INFO -             currency STRING,
[2025-03-21T12:15:15.047+0000] {subprocess.py:93} INFO -             merchant_details STRING,
[2025-03-21T12:15:15.048+0000] {subprocess.py:93} INFO -             customer_id STRING,
[2025-03-21T12:15:15.049+0000] {subprocess.py:93} INFO -             transaction_type STRING,
[2025-03-21T12:15:15.050+0000] {subprocess.py:93} INFO -             location STRING
[2025-03-21T12:15:15.050+0000] {subprocess.py:93} INFO -         )
[2025-03-21T12:15:15.051+0000] {subprocess.py:93} INFO -         PARTITIONED BY (batch_id STRING)
[2025-03-21T12:15:15.052+0000] {subprocess.py:93} INFO -         STORED AS PARQUET
[2025-03-21T12:15:15.053+0000] {subprocess.py:93} INFO - INFO  : Concurrency mode is disabled, not creating a lock manager
[2025-03-21T12:15:15.053+0000] {subprocess.py:93} INFO - INFO  : Semantic Analysis Completed (retrial = false)
[2025-03-21T12:15:15.054+0000] {subprocess.py:93} INFO - INFO  : Returning Hive schema: Schema(fieldSchemas:null, properties:null)
[2025-03-21T12:15:15.054+0000] {subprocess.py:93} INFO - INFO  : Completed compiling command(queryId=root_20250321121514_852dfd9c-dc1e-496e-9636-bcebdfbdc1b8); Time taken: 0.084 seconds
[2025-03-21T12:15:15.055+0000] {subprocess.py:93} INFO - INFO  : Concurrency mode is disabled, not creating a lock manager
[2025-03-21T12:15:15.055+0000] {subprocess.py:93} INFO - INFO  : Executing command(queryId=root_20250321121514_852dfd9c-dc1e-496e-9636-bcebdfbdc1b8): CREATE EXTERNAL TABLE IF NOT EXISTS transactions (
[2025-03-21T12:15:15.056+0000] {subprocess.py:93} INFO -             transaction_id STRING,
[2025-03-21T12:15:15.056+0000] {subprocess.py:93} INFO -             date_time STRING,
[2025-03-21T12:15:15.057+0000] {subprocess.py:93} INFO -             amount DOUBLE,
[2025-03-21T12:15:15.057+0000] {subprocess.py:93} INFO -             currency STRING,
[2025-03-21T12:15:15.058+0000] {subprocess.py:93} INFO -             merchant_details STRING,
[2025-03-21T12:15:15.058+0000] {subprocess.py:93} INFO -             customer_id STRING,
[2025-03-21T12:15:15.059+0000] {subprocess.py:93} INFO -             transaction_type STRING,
[2025-03-21T12:15:15.059+0000] {subprocess.py:93} INFO -             location STRING
[2025-03-21T12:15:15.060+0000] {subprocess.py:93} INFO -         )
[2025-03-21T12:15:15.060+0000] {subprocess.py:93} INFO -         PARTITIONED BY (batch_id STRING)
[2025-03-21T12:15:15.061+0000] {subprocess.py:93} INFO -         STORED AS PARQUET
[2025-03-21T12:15:15.061+0000] {subprocess.py:93} INFO - INFO  : Completed executing command(queryId=root_20250321121514_852dfd9c-dc1e-496e-9636-bcebdfbdc1b8); Time taken: 0.003 seconds
[2025-03-21T12:15:15.062+0000] {subprocess.py:93} INFO - INFO  : OK
[2025-03-21T12:15:15.062+0000] {subprocess.py:93} INFO - INFO  : Concurrency mode is disabled, not creating a lock manager
[2025-03-21T12:15:15.062+0000] {subprocess.py:93} INFO - No rows affected (0.168 seconds)
[2025-03-21T12:15:15.421+0000] {subprocess.py:93} INFO - INFO  : Compiling command(queryId=root_20250321121515_854d59c2-eb06-4f01-8d55-3bc0ae88ed69): ALTER TABLE transactions ADD IF NOT EXISTS PARTITION (batch_id='batch_20250320_144447') LOCATION '/data/transactions/transactions_batch_20250320_144447'
[2025-03-21T12:15:15.422+0000] {subprocess.py:93} INFO - INFO  : Concurrency mode is disabled, not creating a lock manager
[2025-03-21T12:15:15.423+0000] {subprocess.py:93} INFO - INFO  : Semantic Analysis Completed (retrial = false)
[2025-03-21T12:15:15.424+0000] {subprocess.py:93} INFO - INFO  : Returning Hive schema: Schema(fieldSchemas:null, properties:null)
[2025-03-21T12:15:15.425+0000] {subprocess.py:93} INFO - INFO  : Completed compiling command(queryId=root_20250321121515_854d59c2-eb06-4f01-8d55-3bc0ae88ed69); Time taken: 0.068 seconds
[2025-03-21T12:15:15.425+0000] {subprocess.py:93} INFO - INFO  : Concurrency mode is disabled, not creating a lock manager
[2025-03-21T12:15:15.426+0000] {subprocess.py:93} INFO - INFO  : Executing command(queryId=root_20250321121515_854d59c2-eb06-4f01-8d55-3bc0ae88ed69): ALTER TABLE transactions ADD IF NOT EXISTS PARTITION (batch_id='batch_20250320_144447') LOCATION '/data/transactions/transactions_batch_20250320_144447'
[2025-03-21T12:15:15.427+0000] {subprocess.py:93} INFO - INFO  : Starting task [Stage-0:DDL] in serial mode
[2025-03-21T12:15:15.427+0000] {subprocess.py:93} INFO - INFO  : Completed executing command(queryId=root_20250321121515_854d59c2-eb06-4f01-8d55-3bc0ae88ed69); Time taken: 0.261 seconds
[2025-03-21T12:15:15.428+0000] {subprocess.py:93} INFO - INFO  : OK
[2025-03-21T12:15:15.429+0000] {subprocess.py:93} INFO - INFO  : Concurrency mode is disabled, not creating a lock manager
[2025-03-21T12:15:15.430+0000] {subprocess.py:93} INFO - No rows affected (0.356 seconds)
[2025-03-21T12:15:15.430+0000] {subprocess.py:93} INFO - Beeline version 3.1.3 by Apache Hive
[2025-03-21T12:15:15.434+0000] {subprocess.py:93} INFO - Closing: 0: jdbc:hive2://localhost:10000
[2025-03-21T12:15:15.485+0000] {subprocess.py:97} INFO - Command exited with return code 0
[2025-03-21T12:15:15.530+0000] {taskinstance.py:1398} INFO - Marking task as SUCCESS. dag_id=transactions_pipeline, task_id=create_hive_table, execution_date=20250321T112458, start_date=20250321T121511, end_date=20250321T121515
[2025-03-21T12:15:15.572+0000] {local_task_job_runner.py:228} INFO - Task exited with return code 0
[2025-03-21T12:15:15.606+0000] {taskinstance.py:2776} INFO - 1 downstream tasks scheduled from follow-on schedule check
