[2025-03-20T12:13:33.820+0000] {taskinstance.py:1157} INFO - Dependencies all met for dep_context=non-requeueable deps ti=<TaskInstance: transactions_pipeline.create_hive_table scheduled__2025-03-20T11:23:15.476240+00:00 [queued]>
[2025-03-20T12:13:33.837+0000] {taskinstance.py:1157} INFO - Dependencies all met for dep_context=requeueable deps ti=<TaskInstance: transactions_pipeline.create_hive_table scheduled__2025-03-20T11:23:15.476240+00:00 [queued]>
[2025-03-20T12:13:33.837+0000] {taskinstance.py:1359} INFO - Starting attempt 1 of 1
[2025-03-20T12:13:33.878+0000] {taskinstance.py:1380} INFO - Executing <Task(BashOperator): create_hive_table> on 2025-03-20 11:23:15.476240+00:00
[2025-03-20T12:13:33.892+0000] {standard_task_runner.py:57} INFO - Started process 405 to run task
[2025-03-20T12:13:33.899+0000] {standard_task_runner.py:84} INFO - Running: ['***', 'tasks', 'run', 'transactions_pipeline', 'create_hive_table', 'scheduled__2025-03-20T11:23:15.476240+00:00', '--job-id', '292', '--raw', '--subdir', 'DAGS_FOLDER/fraud_detection_pipeline.py', '--cfg-path', '/tmp/tmptani1ba7']
[2025-03-20T12:13:33.904+0000] {standard_task_runner.py:85} INFO - Job 292: Subtask create_hive_table
[2025-03-20T12:13:34.005+0000] {task_command.py:415} INFO - Running <TaskInstance: transactions_pipeline.create_hive_table scheduled__2025-03-20T11:23:15.476240+00:00 [running]> on host 3938a1dd8bd9
[2025-03-20T12:13:34.110+0000] {logging_mixin.py:151} WARNING - /home/***/.local/lib/python3.8/site-packages/***/utils/context.py:206 AirflowContextDeprecationWarning: Accessing 'execution_date' from the template is deprecated and will be removed in a future version. Please use 'data_interval_start' or 'logical_date' instead.
[2025-03-20T12:13:34.185+0000] {taskinstance.py:1660} INFO - Exporting env vars: AIRFLOW_CTX_DAG_OWNER='***' AIRFLOW_CTX_DAG_ID='transactions_pipeline' AIRFLOW_CTX_TASK_ID='create_hive_table' AIRFLOW_CTX_EXECUTION_DATE='2025-03-20T11:23:15.476240+00:00' AIRFLOW_CTX_TRY_NUMBER='1' AIRFLOW_CTX_DAG_RUN_ID='scheduled__2025-03-20T11:23:15.476240+00:00'
[2025-03-20T12:13:34.190+0000] {subprocess.py:63} INFO - Tmp dir root location: /tmp
[2025-03-20T12:13:34.194+0000] {subprocess.py:75} INFO - Running command: ['/bin/bash', '-c', '\n    docker exec hive beeline -u "jdbc:hive2://localhost:10000" --hiveconf hive.exec.dynamic.partition.mode=nonstrict -e "\n    CREATE EXTERNAL TABLE IF NOT EXISTS transactions (\n        transaction_id STRING,\n        date_time STRING,\n        amount DOUBLE,\n        currency STRING,\n        merchant_details STRING,\n        customer_id STRING,\n        transaction_type STRING,\n        location STRING\n    )\n    PARTITIONED BY (batch_id STRING)\n    STORED AS PARQUET\n    LOCATION \'/data/transactions/transactions_batch_0\';\n    ALTER TABLE transactions ADD IF NOT EXISTS PARTITION (batch_id=\'batch_20250320_112315\') LOCATION \'/data/transactions/transactions_batch_0\';"\n    ']
[2025-03-20T12:13:34.214+0000] {subprocess.py:86} INFO - Output:
[2025-03-20T12:13:40.372+0000] {subprocess.py:93} INFO - SLF4J: Class path contains multiple SLF4J bindings.
[2025-03-20T12:13:40.374+0000] {subprocess.py:93} INFO - SLF4J: Found binding in [jar:file:/opt/hive/lib/log4j-slf4j-impl-2.17.1.jar!/org/slf4j/impl/StaticLoggerBinder.class]
[2025-03-20T12:13:40.375+0000] {subprocess.py:93} INFO - SLF4J: Found binding in [jar:file:/opt/hadoop/share/hadoop/common/lib/slf4j-log4j12-1.7.25.jar!/org/slf4j/impl/StaticLoggerBinder.class]
[2025-03-20T12:13:40.376+0000] {subprocess.py:93} INFO - SLF4J: See http://www.slf4j.org/codes.html#multiple_bindings for an explanation.
[2025-03-20T12:13:41.773+0000] {subprocess.py:93} INFO - SLF4J: Actual binding is of type [org.apache.logging.slf4j.Log4jLoggerFactory]
[2025-03-20T12:13:49.466+0000] {subprocess.py:93} INFO - Connecting to jdbc:hive2://localhost:10000
[2025-03-20T12:13:51.071+0000] {subprocess.py:93} INFO - Connected to: Apache Hive (version 3.1.3)
[2025-03-20T12:13:51.073+0000] {subprocess.py:93} INFO - Driver: Hive JDBC (version 3.1.3)
[2025-03-20T12:13:51.074+0000] {subprocess.py:93} INFO - Transaction isolation: TRANSACTION_REPEATABLE_READ
[2025-03-20T12:13:51.970+0000] {subprocess.py:93} INFO - INFO  : Compiling command(queryId=root_20250320121351_f3eeaa15-c84d-47ed-b45e-e13602189b53): CREATE EXTERNAL TABLE IF NOT EXISTS transactions (
[2025-03-20T12:13:51.972+0000] {subprocess.py:93} INFO -         transaction_id STRING,
[2025-03-20T12:13:51.973+0000] {subprocess.py:93} INFO -         date_time STRING,
[2025-03-20T12:13:51.974+0000] {subprocess.py:93} INFO -         amount DOUBLE,
[2025-03-20T12:13:51.975+0000] {subprocess.py:93} INFO -         currency STRING,
[2025-03-20T12:13:51.975+0000] {subprocess.py:93} INFO -         merchant_details STRING,
[2025-03-20T12:13:51.976+0000] {subprocess.py:93} INFO -         customer_id STRING,
[2025-03-20T12:13:51.977+0000] {subprocess.py:93} INFO -         transaction_type STRING,
[2025-03-20T12:13:51.977+0000] {subprocess.py:93} INFO -         location STRING
[2025-03-20T12:13:51.978+0000] {subprocess.py:93} INFO -     )
[2025-03-20T12:13:51.979+0000] {subprocess.py:93} INFO -     PARTITIONED BY (batch_id STRING)
[2025-03-20T12:13:51.979+0000] {subprocess.py:93} INFO -     STORED AS PARQUET
[2025-03-20T12:13:51.980+0000] {subprocess.py:93} INFO -     LOCATION '/data/transactions/transactions_batch_0'
[2025-03-20T12:13:51.981+0000] {subprocess.py:93} INFO - INFO  : Concurrency mode is disabled, not creating a lock manager
[2025-03-20T12:13:51.982+0000] {subprocess.py:93} INFO - INFO  : Semantic Analysis Completed (retrial = false)
[2025-03-20T12:13:51.983+0000] {subprocess.py:93} INFO - INFO  : Returning Hive schema: Schema(fieldSchemas:null, properties:null)
[2025-03-20T12:13:51.983+0000] {subprocess.py:93} INFO - INFO  : Completed compiling command(queryId=root_20250320121351_f3eeaa15-c84d-47ed-b45e-e13602189b53); Time taken: 0.393 seconds
[2025-03-20T12:13:51.984+0000] {subprocess.py:93} INFO - INFO  : Concurrency mode is disabled, not creating a lock manager
[2025-03-20T12:13:51.984+0000] {subprocess.py:93} INFO - INFO  : Executing command(queryId=root_20250320121351_f3eeaa15-c84d-47ed-b45e-e13602189b53): CREATE EXTERNAL TABLE IF NOT EXISTS transactions (
[2025-03-20T12:13:51.984+0000] {subprocess.py:93} INFO -         transaction_id STRING,
[2025-03-20T12:13:51.985+0000] {subprocess.py:93} INFO -         date_time STRING,
[2025-03-20T12:13:51.985+0000] {subprocess.py:93} INFO -         amount DOUBLE,
[2025-03-20T12:13:51.986+0000] {subprocess.py:93} INFO -         currency STRING,
[2025-03-20T12:13:51.986+0000] {subprocess.py:93} INFO -         merchant_details STRING,
[2025-03-20T12:13:51.986+0000] {subprocess.py:93} INFO -         customer_id STRING,
[2025-03-20T12:13:51.987+0000] {subprocess.py:93} INFO -         transaction_type STRING,
[2025-03-20T12:13:51.987+0000] {subprocess.py:93} INFO -         location STRING
[2025-03-20T12:13:51.987+0000] {subprocess.py:93} INFO -     )
[2025-03-20T12:13:51.987+0000] {subprocess.py:93} INFO -     PARTITIONED BY (batch_id STRING)
[2025-03-20T12:13:51.987+0000] {subprocess.py:93} INFO -     STORED AS PARQUET
[2025-03-20T12:13:51.988+0000] {subprocess.py:93} INFO -     LOCATION '/data/transactions/transactions_batch_0'
[2025-03-20T12:13:51.988+0000] {subprocess.py:93} INFO - INFO  : Completed executing command(queryId=root_20250320121351_f3eeaa15-c84d-47ed-b45e-e13602189b53); Time taken: 0.002 seconds
[2025-03-20T12:13:51.988+0000] {subprocess.py:93} INFO - INFO  : OK
[2025-03-20T12:13:51.988+0000] {subprocess.py:93} INFO - INFO  : Concurrency mode is disabled, not creating a lock manager
[2025-03-20T12:13:51.989+0000] {subprocess.py:93} INFO - No rows affected (0.788 seconds)
[2025-03-20T12:13:52.758+0000] {subprocess.py:93} INFO - INFO  : Compiling command(queryId=root_20250320121352_7b30792e-187b-4e05-82e9-2e9cde128a2a): ALTER TABLE transactions ADD IF NOT EXISTS PARTITION (batch_id='batch_20250320_112315') LOCATION '/data/transactions/transactions_batch_0'
[2025-03-20T12:13:52.759+0000] {subprocess.py:93} INFO - INFO  : Concurrency mode is disabled, not creating a lock manager
[2025-03-20T12:13:52.760+0000] {subprocess.py:93} INFO - INFO  : Semantic Analysis Completed (retrial = false)
[2025-03-20T12:13:52.762+0000] {subprocess.py:93} INFO - INFO  : Returning Hive schema: Schema(fieldSchemas:null, properties:null)
[2025-03-20T12:13:52.765+0000] {subprocess.py:93} INFO - INFO  : Completed compiling command(queryId=root_20250320121352_7b30792e-187b-4e05-82e9-2e9cde128a2a); Time taken: 0.113 seconds
[2025-03-20T12:13:52.767+0000] {subprocess.py:93} INFO - INFO  : Concurrency mode is disabled, not creating a lock manager
[2025-03-20T12:13:52.768+0000] {subprocess.py:93} INFO - INFO  : Executing command(queryId=root_20250320121352_7b30792e-187b-4e05-82e9-2e9cde128a2a): ALTER TABLE transactions ADD IF NOT EXISTS PARTITION (batch_id='batch_20250320_112315') LOCATION '/data/transactions/transactions_batch_0'
[2025-03-20T12:13:52.773+0000] {subprocess.py:93} INFO - INFO  : Starting task [Stage-0:DDL] in serial mode
[2025-03-20T12:13:52.774+0000] {subprocess.py:93} INFO - INFO  : Completed executing command(queryId=root_20250320121352_7b30792e-187b-4e05-82e9-2e9cde128a2a); Time taken: 0.428 seconds
[2025-03-20T12:13:52.775+0000] {subprocess.py:93} INFO - INFO  : OK
[2025-03-20T12:13:52.776+0000] {subprocess.py:93} INFO - INFO  : Concurrency mode is disabled, not creating a lock manager
[2025-03-20T12:13:52.776+0000] {subprocess.py:93} INFO - No rows affected (0.709 seconds)
[2025-03-20T12:13:52.777+0000] {subprocess.py:93} INFO - Beeline version 3.1.3 by Apache Hive
[2025-03-20T12:13:53.282+0000] {subprocess.py:93} INFO - Closing: 0: jdbc:hive2://localhost:10000
[2025-03-20T12:13:53.686+0000] {subprocess.py:97} INFO - Command exited with return code 0
[2025-03-20T12:13:53.736+0000] {taskinstance.py:1398} INFO - Marking task as SUCCESS. dag_id=transactions_pipeline, task_id=create_hive_table, execution_date=20250320T112315, start_date=20250320T121333, end_date=20250320T121353
[2025-03-20T12:13:53.827+0000] {local_task_job_runner.py:228} INFO - Task exited with return code 0
[2025-03-20T12:13:53.895+0000] {taskinstance.py:2776} INFO - 1 downstream tasks scheduled from follow-on schedule check
