[2025-03-21T13:33:54.432+0000] {taskinstance.py:1157} INFO - Dependencies all met for dep_context=non-requeueable deps ti=<TaskInstance: transactions_pipeline.create_fraud_table_batch_20250321_131507 manual__2025-03-21T13:31:53.143260+00:00 [queued]>
[2025-03-21T13:33:54.484+0000] {taskinstance.py:1157} INFO - Dependencies all met for dep_context=requeueable deps ti=<TaskInstance: transactions_pipeline.create_fraud_table_batch_20250321_131507 manual__2025-03-21T13:31:53.143260+00:00 [queued]>
[2025-03-21T13:33:54.485+0000] {taskinstance.py:1359} INFO - Starting attempt 1 of 1
[2025-03-21T13:33:54.549+0000] {taskinstance.py:1380} INFO - Executing <Task(BashOperator): create_fraud_table_batch_20250321_131507> on 2025-03-21 13:31:53.143260+00:00
[2025-03-21T13:33:54.580+0000] {standard_task_runner.py:57} INFO - Started process 2658 to run task
[2025-03-21T13:33:54.593+0000] {standard_task_runner.py:84} INFO - Running: ['***', 'tasks', 'run', 'transactions_pipeline', 'create_fraud_table_batch_20250321_131507', 'manual__2025-03-21T13:31:53.143260+00:00', '--job-id', '648', '--raw', '--subdir', 'DAGS_FOLDER/fraud_detection_pipeline.py', '--cfg-path', '/tmp/tmph1np_2b_']
[2025-03-21T13:33:54.610+0000] {standard_task_runner.py:85} INFO - Job 648: Subtask create_fraud_table_batch_20250321_131507
[2025-03-21T13:33:54.927+0000] {task_command.py:415} INFO - Running <TaskInstance: transactions_pipeline.create_fraud_table_batch_20250321_131507 manual__2025-03-21T13:31:53.143260+00:00 [running]> on host 1b7c3466167a
[2025-03-21T13:33:55.174+0000] {taskinstance.py:1660} INFO - Exporting env vars: AIRFLOW_CTX_DAG_EMAIL='rabiizahnoune7@gmail.com' AIRFLOW_CTX_DAG_OWNER='***' AIRFLOW_CTX_DAG_ID='transactions_pipeline' AIRFLOW_CTX_TASK_ID='create_fraud_table_batch_20250321_131507' AIRFLOW_CTX_EXECUTION_DATE='2025-03-21T13:31:53.143260+00:00' AIRFLOW_CTX_TRY_NUMBER='1' AIRFLOW_CTX_DAG_RUN_ID='manual__2025-03-21T13:31:53.143260+00:00'
[2025-03-21T13:33:55.185+0000] {subprocess.py:63} INFO - Tmp dir root location: /tmp
[2025-03-21T13:33:55.195+0000] {subprocess.py:75} INFO - Running command: ['/bin/bash', '-c', '\n            docker exec hive beeline -u "jdbc:hive2://localhost:10000" -e "\n            CREATE EXTERNAL TABLE IF NOT EXISTS fraud_detections (\n                transaction_id STRING,\n                date_time STRING,\n                amount DOUBLE,\n                customer_id STRING,\n                location STRING,\n                fraud_reason STRING\n            )\n            STORED AS PARQUET\n            LOCATION \'/data/fraud_detections\';"\n            ']
[2025-03-21T13:33:55.251+0000] {subprocess.py:86} INFO - Output:
[2025-03-21T13:34:06.494+0000] {subprocess.py:93} INFO - SLF4J: Class path contains multiple SLF4J bindings.
[2025-03-21T13:34:06.495+0000] {subprocess.py:93} INFO - SLF4J: Found binding in [jar:file:/opt/hive/lib/log4j-slf4j-impl-2.17.1.jar!/org/slf4j/impl/StaticLoggerBinder.class]
[2025-03-21T13:34:06.496+0000] {subprocess.py:93} INFO - SLF4J: Found binding in [jar:file:/opt/hadoop/share/hadoop/common/lib/slf4j-log4j12-1.7.25.jar!/org/slf4j/impl/StaticLoggerBinder.class]
[2025-03-21T13:34:06.497+0000] {subprocess.py:93} INFO - SLF4J: See http://www.slf4j.org/codes.html#multiple_bindings for an explanation.
[2025-03-21T13:34:09.300+0000] {subprocess.py:93} INFO - SLF4J: Actual binding is of type [org.apache.logging.slf4j.Log4jLoggerFactory]
[2025-03-21T13:34:23.964+0000] {subprocess.py:93} INFO - Connecting to jdbc:hive2://localhost:10000
[2025-03-21T13:34:26.982+0000] {subprocess.py:93} INFO - Connected to: Apache Hive (version 3.1.3)
[2025-03-21T13:34:26.987+0000] {subprocess.py:93} INFO - Driver: Hive JDBC (version 3.1.3)
[2025-03-21T13:34:26.989+0000] {subprocess.py:93} INFO - Transaction isolation: TRANSACTION_REPEATABLE_READ
[2025-03-21T13:34:27.864+0000] {subprocess.py:93} INFO - INFO  : Compiling command(queryId=root_20250321133427_d540b290-0deb-4a93-b412-4a3f538743ec): CREATE EXTERNAL TABLE IF NOT EXISTS fraud_detections (
[2025-03-21T13:34:27.867+0000] {subprocess.py:93} INFO -                 transaction_id STRING,
[2025-03-21T13:34:27.868+0000] {subprocess.py:93} INFO -                 date_time STRING,
[2025-03-21T13:34:27.870+0000] {subprocess.py:93} INFO -                 amount DOUBLE,
[2025-03-21T13:34:27.870+0000] {subprocess.py:93} INFO -                 customer_id STRING,
[2025-03-21T13:34:27.871+0000] {subprocess.py:93} INFO -                 location STRING,
[2025-03-21T13:34:27.872+0000] {subprocess.py:93} INFO -                 fraud_reason STRING
[2025-03-21T13:34:27.873+0000] {subprocess.py:93} INFO -             )
[2025-03-21T13:34:27.873+0000] {subprocess.py:93} INFO -             STORED AS PARQUET
[2025-03-21T13:34:27.874+0000] {subprocess.py:93} INFO -             LOCATION '/data/fraud_detections'
[2025-03-21T13:34:27.875+0000] {subprocess.py:93} INFO - INFO  : Concurrency mode is disabled, not creating a lock manager
[2025-03-21T13:34:27.877+0000] {subprocess.py:93} INFO - INFO  : Semantic Analysis Completed (retrial = false)
[2025-03-21T13:34:27.878+0000] {subprocess.py:93} INFO - INFO  : Returning Hive schema: Schema(fieldSchemas:null, properties:null)
[2025-03-21T13:34:27.879+0000] {subprocess.py:93} INFO - INFO  : Completed compiling command(queryId=root_20250321133427_d540b290-0deb-4a93-b412-4a3f538743ec); Time taken: 0.015 seconds
[2025-03-21T13:34:27.880+0000] {subprocess.py:93} INFO - INFO  : Concurrency mode is disabled, not creating a lock manager
[2025-03-21T13:34:27.880+0000] {subprocess.py:93} INFO - INFO  : Executing command(queryId=root_20250321133427_d540b290-0deb-4a93-b412-4a3f538743ec): CREATE EXTERNAL TABLE IF NOT EXISTS fraud_detections (
[2025-03-21T13:34:27.881+0000] {subprocess.py:93} INFO -                 transaction_id STRING,
[2025-03-21T13:34:27.881+0000] {subprocess.py:93} INFO -                 date_time STRING,
[2025-03-21T13:34:27.882+0000] {subprocess.py:93} INFO -                 amount DOUBLE,
[2025-03-21T13:34:27.883+0000] {subprocess.py:93} INFO -                 customer_id STRING,
[2025-03-21T13:34:27.884+0000] {subprocess.py:93} INFO -                 location STRING,
[2025-03-21T13:34:27.885+0000] {subprocess.py:93} INFO -                 fraud_reason STRING
[2025-03-21T13:34:27.886+0000] {subprocess.py:93} INFO -             )
[2025-03-21T13:34:27.892+0000] {subprocess.py:93} INFO -             STORED AS PARQUET
[2025-03-21T13:34:27.893+0000] {subprocess.py:93} INFO -             LOCATION '/data/fraud_detections'
[2025-03-21T13:34:27.894+0000] {subprocess.py:93} INFO - INFO  : Completed executing command(queryId=root_20250321133427_d540b290-0deb-4a93-b412-4a3f538743ec); Time taken: 0.0 seconds
[2025-03-21T13:34:27.895+0000] {subprocess.py:93} INFO - INFO  : OK
[2025-03-21T13:34:27.895+0000] {subprocess.py:93} INFO - INFO  : Concurrency mode is disabled, not creating a lock manager
[2025-03-21T13:34:27.896+0000] {subprocess.py:93} INFO - No rows affected (0.697 seconds)
[2025-03-21T13:34:27.983+0000] {subprocess.py:93} INFO - Beeline version 3.1.3 by Apache Hive
[2025-03-21T13:34:28.166+0000] {subprocess.py:93} INFO - Closing: 0: jdbc:hive2://localhost:10000
[2025-03-21T13:34:28.385+0000] {subprocess.py:97} INFO - Command exited with return code 0
[2025-03-21T13:34:28.495+0000] {taskinstance.py:1398} INFO - Marking task as SUCCESS. dag_id=transactions_pipeline, task_id=create_fraud_table_batch_20250321_131507, execution_date=20250321T133153, start_date=20250321T133354, end_date=20250321T133428
[2025-03-21T13:34:28.554+0000] {local_task_job_runner.py:228} INFO - Task exited with return code 0
[2025-03-21T13:34:28.655+0000] {taskinstance.py:2776} INFO - 1 downstream tasks scheduled from follow-on schedule check
