[2025-03-21T12:52:07.588+0000] {taskinstance.py:1157} INFO - Dependencies all met for dep_context=non-requeueable deps ti=<TaskInstance: transactions_pipeline.create_fraud_table_batch_20250320_135205 scheduled__2025-03-21T12:46:37.951160+00:00 [queued]>
[2025-03-21T12:52:07.615+0000] {taskinstance.py:1157} INFO - Dependencies all met for dep_context=requeueable deps ti=<TaskInstance: transactions_pipeline.create_fraud_table_batch_20250320_135205 scheduled__2025-03-21T12:46:37.951160+00:00 [queued]>
[2025-03-21T12:52:07.619+0000] {taskinstance.py:1359} INFO - Starting attempt 1 of 1
[2025-03-21T12:52:07.649+0000] {taskinstance.py:1380} INFO - Executing <Task(BashOperator): create_fraud_table_batch_20250320_135205> on 2025-03-21 12:46:37.951160+00:00
[2025-03-21T12:52:07.659+0000] {standard_task_runner.py:57} INFO - Started process 537 to run task
[2025-03-21T12:52:07.664+0000] {standard_task_runner.py:84} INFO - Running: ['***', 'tasks', 'run', 'transactions_pipeline', 'create_fraud_table_batch_20250320_135205', 'scheduled__2025-03-21T12:46:37.951160+00:00', '--job-id', '540', '--raw', '--subdir', 'DAGS_FOLDER/fraud_detection_pipeline.py', '--cfg-path', '/tmp/tmptogr_s9i']
[2025-03-21T12:52:07.669+0000] {standard_task_runner.py:85} INFO - Job 540: Subtask create_fraud_table_batch_20250320_135205
[2025-03-21T12:52:07.744+0000] {task_command.py:415} INFO - Running <TaskInstance: transactions_pipeline.create_fraud_table_batch_20250320_135205 scheduled__2025-03-21T12:46:37.951160+00:00 [running]> on host 1b7c3466167a
[2025-03-21T12:52:07.902+0000] {taskinstance.py:1660} INFO - Exporting env vars: AIRFLOW_CTX_DAG_EMAIL='rabiizahnoune7@gmail.com' AIRFLOW_CTX_DAG_OWNER='***' AIRFLOW_CTX_DAG_ID='transactions_pipeline' AIRFLOW_CTX_TASK_ID='create_fraud_table_batch_20250320_135205' AIRFLOW_CTX_EXECUTION_DATE='2025-03-21T12:46:37.951160+00:00' AIRFLOW_CTX_TRY_NUMBER='1' AIRFLOW_CTX_DAG_RUN_ID='scheduled__2025-03-21T12:46:37.951160+00:00'
[2025-03-21T12:52:07.904+0000] {subprocess.py:63} INFO - Tmp dir root location: /tmp
[2025-03-21T12:52:07.906+0000] {subprocess.py:75} INFO - Running command: ['/bin/bash', '-c', '\n            docker exec hive beeline -u "jdbc:hive2://localhost:10000" -e "\n            CREATE EXTERNAL TABLE IF NOT EXISTS fraud_detections (\n                transaction_id STRING,\n                date_time STRING,\n                amount DOUBLE,\n                customer_id STRING,\n                location STRING,\n                fraud_reason STRING\n            )\n            STORED AS PARQUET\n            LOCATION \'/data/fraud_detections\';"\n            ']
[2025-03-21T12:52:07.925+0000] {subprocess.py:86} INFO - Output:
[2025-03-21T12:52:10.537+0000] {subprocess.py:93} INFO - SLF4J: Class path contains multiple SLF4J bindings.
[2025-03-21T12:52:10.538+0000] {subprocess.py:93} INFO - SLF4J: Found binding in [jar:file:/opt/hive/lib/log4j-slf4j-impl-2.17.1.jar!/org/slf4j/impl/StaticLoggerBinder.class]
[2025-03-21T12:52:10.539+0000] {subprocess.py:93} INFO - SLF4J: Found binding in [jar:file:/opt/hadoop/share/hadoop/common/lib/slf4j-log4j12-1.7.25.jar!/org/slf4j/impl/StaticLoggerBinder.class]
[2025-03-21T12:52:10.540+0000] {subprocess.py:93} INFO - SLF4J: See http://www.slf4j.org/codes.html#multiple_bindings for an explanation.
[2025-03-21T12:52:10.905+0000] {subprocess.py:93} INFO - SLF4J: Actual binding is of type [org.apache.logging.slf4j.Log4jLoggerFactory]
[2025-03-21T12:52:13.063+0000] {subprocess.py:93} INFO - Connecting to jdbc:hive2://localhost:10000
[2025-03-21T12:52:13.478+0000] {subprocess.py:93} INFO - Connected to: Apache Hive (version 3.1.3)
[2025-03-21T12:52:13.479+0000] {subprocess.py:93} INFO - Driver: Hive JDBC (version 3.1.3)
[2025-03-21T12:52:13.480+0000] {subprocess.py:93} INFO - Transaction isolation: TRANSACTION_REPEATABLE_READ
[2025-03-21T12:52:13.648+0000] {subprocess.py:93} INFO - INFO  : Compiling command(queryId=root_20250321125213_da1ab861-cf61-45da-a9b4-301156f77d67): CREATE EXTERNAL TABLE IF NOT EXISTS fraud_detections (
[2025-03-21T12:52:13.649+0000] {subprocess.py:93} INFO -                 transaction_id STRING,
[2025-03-21T12:52:13.650+0000] {subprocess.py:93} INFO -                 date_time STRING,
[2025-03-21T12:52:13.651+0000] {subprocess.py:93} INFO -                 amount DOUBLE,
[2025-03-21T12:52:13.652+0000] {subprocess.py:93} INFO -                 customer_id STRING,
[2025-03-21T12:52:13.652+0000] {subprocess.py:93} INFO -                 location STRING,
[2025-03-21T12:52:13.653+0000] {subprocess.py:93} INFO -                 fraud_reason STRING
[2025-03-21T12:52:13.654+0000] {subprocess.py:93} INFO -             )
[2025-03-21T12:52:13.654+0000] {subprocess.py:93} INFO -             STORED AS PARQUET
[2025-03-21T12:52:13.655+0000] {subprocess.py:93} INFO -             LOCATION '/data/fraud_detections'
[2025-03-21T12:52:13.655+0000] {subprocess.py:93} INFO - INFO  : Concurrency mode is disabled, not creating a lock manager
[2025-03-21T12:52:13.656+0000] {subprocess.py:93} INFO - INFO  : Semantic Analysis Completed (retrial = false)
[2025-03-21T12:52:13.657+0000] {subprocess.py:93} INFO - INFO  : Returning Hive schema: Schema(fieldSchemas:null, properties:null)
[2025-03-21T12:52:13.658+0000] {subprocess.py:93} INFO - INFO  : Completed compiling command(queryId=root_20250321125213_da1ab861-cf61-45da-a9b4-301156f77d67); Time taken: 0.06 seconds
[2025-03-21T12:52:13.658+0000] {subprocess.py:93} INFO - INFO  : Concurrency mode is disabled, not creating a lock manager
[2025-03-21T12:52:13.659+0000] {subprocess.py:93} INFO - INFO  : Executing command(queryId=root_20250321125213_da1ab861-cf61-45da-a9b4-301156f77d67): CREATE EXTERNAL TABLE IF NOT EXISTS fraud_detections (
[2025-03-21T12:52:13.659+0000] {subprocess.py:93} INFO -                 transaction_id STRING,
[2025-03-21T12:52:13.660+0000] {subprocess.py:93} INFO -                 date_time STRING,
[2025-03-21T12:52:13.660+0000] {subprocess.py:93} INFO -                 amount DOUBLE,
[2025-03-21T12:52:13.661+0000] {subprocess.py:93} INFO -                 customer_id STRING,
[2025-03-21T12:52:13.662+0000] {subprocess.py:93} INFO -                 location STRING,
[2025-03-21T12:52:13.663+0000] {subprocess.py:93} INFO -                 fraud_reason STRING
[2025-03-21T12:52:13.663+0000] {subprocess.py:93} INFO -             )
[2025-03-21T12:52:13.664+0000] {subprocess.py:93} INFO -             STORED AS PARQUET
[2025-03-21T12:52:13.664+0000] {subprocess.py:93} INFO -             LOCATION '/data/fraud_detections'
[2025-03-21T12:52:13.665+0000] {subprocess.py:93} INFO - INFO  : Completed executing command(queryId=root_20250321125213_da1ab861-cf61-45da-a9b4-301156f77d67); Time taken: 0.001 seconds
[2025-03-21T12:52:13.665+0000] {subprocess.py:93} INFO - INFO  : OK
[2025-03-21T12:52:13.666+0000] {subprocess.py:93} INFO - INFO  : Concurrency mode is disabled, not creating a lock manager
[2025-03-21T12:52:13.666+0000] {subprocess.py:93} INFO - No rows affected (0.155 seconds)
[2025-03-21T12:52:13.671+0000] {subprocess.py:93} INFO - Beeline version 3.1.3 by Apache Hive
[2025-03-21T12:52:13.676+0000] {subprocess.py:93} INFO - Closing: 0: jdbc:hive2://localhost:10000
[2025-03-21T12:52:13.731+0000] {subprocess.py:97} INFO - Command exited with return code 0
[2025-03-21T12:52:13.779+0000] {taskinstance.py:1398} INFO - Marking task as SUCCESS. dag_id=transactions_pipeline, task_id=create_fraud_table_batch_20250320_135205, execution_date=20250321T124637, start_date=20250321T125207, end_date=20250321T125213
[2025-03-21T12:52:13.852+0000] {local_task_job_runner.py:228} INFO - Task exited with return code 0
[2025-03-21T12:52:13.889+0000] {taskinstance.py:2776} INFO - 1 downstream tasks scheduled from follow-on schedule check
