[2025-03-21T13:50:04.961+0000] {taskinstance.py:1157} INFO - Dependencies all met for dep_context=non-requeueable deps ti=<TaskInstance: transactions_pipeline.detect_fraud_batch_20250321_131702 scheduled__2025-03-21T13:42:39.231672+00:00 [queued]>
[2025-03-21T13:50:04.988+0000] {taskinstance.py:1157} INFO - Dependencies all met for dep_context=requeueable deps ti=<TaskInstance: transactions_pipeline.detect_fraud_batch_20250321_131702 scheduled__2025-03-21T13:42:39.231672+00:00 [queued]>
[2025-03-21T13:50:04.990+0000] {taskinstance.py:1359} INFO - Starting attempt 1 of 1
[2025-03-21T13:50:05.066+0000] {taskinstance.py:1380} INFO - Executing <Task(BashOperator): detect_fraud_batch_20250321_131702> on 2025-03-21 13:42:39.231672+00:00
[2025-03-21T13:50:05.093+0000] {standard_task_runner.py:57} INFO - Started process 924 to run task
[2025-03-21T13:50:05.105+0000] {standard_task_runner.py:84} INFO - Running: ['***', 'tasks', 'run', 'transactions_pipeline', 'detect_fraud_batch_20250321_131702', 'scheduled__2025-03-21T13:42:39.231672+00:00', '--job-id', '723', '--raw', '--subdir', 'DAGS_FOLDER/fraud_detection_pipeline.py', '--cfg-path', '/tmp/tmpl70lcpqz']
[2025-03-21T13:50:05.111+0000] {standard_task_runner.py:85} INFO - Job 723: Subtask detect_fraud_batch_20250321_131702
[2025-03-21T13:50:05.466+0000] {task_command.py:415} INFO - Running <TaskInstance: transactions_pipeline.detect_fraud_batch_20250321_131702 scheduled__2025-03-21T13:42:39.231672+00:00 [running]> on host e95638583d4d
[2025-03-21T13:50:05.825+0000] {taskinstance.py:1660} INFO - Exporting env vars: AIRFLOW_CTX_DAG_EMAIL='rabiizahnoune7@gmail.com' AIRFLOW_CTX_DAG_OWNER='***' AIRFLOW_CTX_DAG_ID='transactions_pipeline' AIRFLOW_CTX_TASK_ID='detect_fraud_batch_20250321_131702' AIRFLOW_CTX_EXECUTION_DATE='2025-03-21T13:42:39.231672+00:00' AIRFLOW_CTX_TRY_NUMBER='1' AIRFLOW_CTX_DAG_RUN_ID='scheduled__2025-03-21T13:42:39.231672+00:00'
[2025-03-21T13:50:05.838+0000] {subprocess.py:63} INFO - Tmp dir root location: /tmp
[2025-03-21T13:50:05.845+0000] {subprocess.py:75} INFO - Running command: ['/bin/bash', '-c', '\n            docker exec hive spark-submit --master spark://localhost:7077 /hive/scripts/detect_fraud.py "batch_20250321_131702"\n            ']
[2025-03-21T13:50:05.895+0000] {subprocess.py:86} INFO - Output:
[2025-03-21T13:50:38.204+0000] {subprocess.py:93} INFO - 25/03/21 13:50:38 INFO SparkContext: Running Spark version 3.5.0
[2025-03-21T13:50:38.217+0000] {subprocess.py:93} INFO - 25/03/21 13:50:38 INFO SparkContext: OS info Linux, 5.15.167.4-microsoft-standard-WSL2, amd64
[2025-03-21T13:50:38.220+0000] {subprocess.py:93} INFO - 25/03/21 13:50:38 INFO SparkContext: Java version 1.8.0_342
[2025-03-21T13:50:40.402+0000] {subprocess.py:93} INFO - 25/03/21 13:50:40 WARN NativeCodeLoader: Unable to load native-hadoop library for your platform... using builtin-java classes where applicable
[2025-03-21T13:50:43.223+0000] {subprocess.py:93} INFO - 25/03/21 13:50:43 INFO ResourceUtils: ==============================================================
[2025-03-21T13:50:43.225+0000] {subprocess.py:93} INFO - 25/03/21 13:50:43 INFO ResourceUtils: No custom resources configured for spark.driver.
[2025-03-21T13:50:43.227+0000] {subprocess.py:93} INFO - 25/03/21 13:50:43 INFO ResourceUtils: ==============================================================
[2025-03-21T13:50:43.229+0000] {subprocess.py:93} INFO - 25/03/21 13:50:43 INFO SparkContext: Submitted application: FraudDetection
[2025-03-21T13:50:43.699+0000] {subprocess.py:93} INFO - 25/03/21 13:50:43 INFO ResourceProfile: Default ResourceProfile created, executor resources: Map(memory -> name: memory, amount: 1024, script: , vendor: , offHeap -> name: offHeap, amount: 0, script: , vendor: ), task resources: Map(cpus -> name: cpus, amount: 1.0)
[2025-03-21T13:50:44.013+0000] {subprocess.py:93} INFO - 25/03/21 13:50:44 INFO ResourceProfile: Limiting resource is cpu
[2025-03-21T13:50:44.017+0000] {subprocess.py:93} INFO - 25/03/21 13:50:44 INFO ResourceProfileManager: Added ResourceProfile id: 0
[2025-03-21T13:50:45.814+0000] {subprocess.py:93} INFO - 25/03/21 13:50:45 INFO SecurityManager: Changing view acls to: root
[2025-03-21T13:50:45.815+0000] {subprocess.py:93} INFO - 25/03/21 13:50:45 INFO SecurityManager: Changing modify acls to: root
[2025-03-21T13:50:45.817+0000] {subprocess.py:93} INFO - 25/03/21 13:50:45 INFO SecurityManager: Changing view acls groups to:
[2025-03-21T13:50:45.818+0000] {subprocess.py:93} INFO - 25/03/21 13:50:45 INFO SecurityManager: Changing modify acls groups to:
[2025-03-21T13:50:45.819+0000] {subprocess.py:93} INFO - 25/03/21 13:50:45 INFO SecurityManager: SecurityManager: authentication disabled; ui acls disabled; users with view permissions: root; groups with view permissions: EMPTY; users with modify permissions: root; groups with modify permissions: EMPTY
[2025-03-21T13:50:50.416+0000] {subprocess.py:93} INFO - 25/03/21 13:50:50 INFO Utils: Successfully started service 'sparkDriver' on port 36743.
[2025-03-21T13:50:51.019+0000] {subprocess.py:93} INFO - 25/03/21 13:50:51 INFO SparkEnv: Registering MapOutputTracker
[2025-03-21T13:50:51.809+0000] {subprocess.py:93} INFO - 25/03/21 13:50:51 INFO SparkEnv: Registering BlockManagerMaster
[2025-03-21T13:50:52.114+0000] {subprocess.py:93} INFO - 25/03/21 13:50:52 INFO BlockManagerMasterEndpoint: Using org.apache.spark.storage.DefaultTopologyMapper for getting topology information
[2025-03-21T13:50:52.196+0000] {subprocess.py:93} INFO - 25/03/21 13:50:52 INFO BlockManagerMasterEndpoint: BlockManagerMasterEndpoint up
[2025-03-21T13:50:52.214+0000] {subprocess.py:93} INFO - 25/03/21 13:50:52 INFO SparkEnv: Registering BlockManagerMasterHeartbeat
[2025-03-21T13:50:54.905+0000] {subprocess.py:93} INFO - 25/03/21 13:50:54 INFO DiskBlockManager: Created local directory at /tmp/blockmgr-20e77816-496a-47c1-8eac-c2e09750ec18
[2025-03-21T13:50:55.201+0000] {subprocess.py:93} INFO - 25/03/21 13:50:55 INFO MemoryStore: MemoryStore started with capacity 366.3 MiB
[2025-03-21T13:50:55.704+0000] {subprocess.py:93} INFO - 25/03/21 13:50:55 INFO SparkEnv: Registering OutputCommitCoordinator
[2025-03-21T13:50:58.817+0000] {subprocess.py:93} INFO - 25/03/21 13:50:58 INFO JettyUtils: Start Jetty 0.0.0.0:4040 for SparkUI
[2025-03-21T13:51:00.415+0000] {subprocess.py:93} INFO - 25/03/21 13:51:00 WARN Utils: Service 'SparkUI' could not bind on port 4040. Attempting port 4041.
[2025-03-21T13:51:00.419+0000] {subprocess.py:93} INFO - 25/03/21 13:51:00 WARN Utils: Service 'SparkUI' could not bind on port 4041. Attempting port 4042.
[2025-03-21T13:51:00.520+0000] {subprocess.py:93} INFO - 25/03/21 13:51:00 WARN Utils: Service 'SparkUI' could not bind on port 4042. Attempting port 4043.
[2025-03-21T13:51:00.706+0000] {subprocess.py:93} INFO - 25/03/21 13:51:00 WARN Utils: Service 'SparkUI' could not bind on port 4043. Attempting port 4044.
[2025-03-21T13:51:01.008+0000] {subprocess.py:93} INFO - 25/03/21 13:51:00 INFO Utils: Successfully started service 'SparkUI' on port 4044.
[2025-03-21T13:51:04.019+0000] {subprocess.py:93} INFO - 25/03/21 13:51:03 INFO StandaloneAppClient$ClientEndpoint: Connecting to master spark://localhost:7077...
[2025-03-21T13:51:04.658+0000] {subprocess.py:93} INFO - 25/03/21 13:51:04 INFO TransportClientFactory: Successfully created connection to localhost/127.0.0.1:7077 after 1292 ms (0 ms spent in bootstraps)
[2025-03-21T13:51:06.804+0000] {subprocess.py:93} INFO - 25/03/21 13:51:06 INFO StandaloneSchedulerBackend: Connected to Spark cluster with app ID app-20250321135106-0003
[2025-03-21T13:51:07.349+0000] {subprocess.py:93} INFO - 25/03/21 13:51:07 INFO Utils: Successfully started service 'org.apache.spark.network.netty.NettyBlockTransferService' on port 32793.
[2025-03-21T13:51:07.352+0000] {subprocess.py:93} INFO - 25/03/21 13:51:07 INFO NettyBlockTransferService: Server created on e0b25feeb0e2:32793
[2025-03-21T13:51:07.359+0000] {subprocess.py:93} INFO - 25/03/21 13:51:07 INFO BlockManager: Using org.apache.spark.storage.RandomBlockReplicationPolicy for block replication policy
[2025-03-21T13:51:07.371+0000] {subprocess.py:93} INFO - 25/03/21 13:51:07 INFO BlockManagerMaster: Registering BlockManager BlockManagerId(driver, e0b25feeb0e2, 32793, None)
[2025-03-21T13:51:07.460+0000] {subprocess.py:93} INFO - 25/03/21 13:51:07 INFO BlockManagerMasterEndpoint: Registering block manager e0b25feeb0e2:32793 with 366.3 MiB RAM, BlockManagerId(driver, e0b25feeb0e2, 32793, None)
[2025-03-21T13:51:07.471+0000] {subprocess.py:93} INFO - 25/03/21 13:51:07 INFO BlockManagerMaster: Registered BlockManager BlockManagerId(driver, e0b25feeb0e2, 32793, None)
[2025-03-21T13:51:07.550+0000] {subprocess.py:93} INFO - 25/03/21 13:51:07 INFO BlockManager: Initialized BlockManager: BlockManagerId(driver, e0b25feeb0e2, 32793, None)
[2025-03-21T13:51:17.163+0000] {subprocess.py:93} INFO - 25/03/21 13:51:17 INFO AsyncEventQueue: Process of event SparkListenerResourceProfileAdded(Profile: id = 0, executor resources: memory -> name: memory, amount: 1024, script: , vendor: ,offHeap -> name: offHeap, amount: 0, script: , vendor: , task resources: cpus -> name: cpus, amount: 1.0) by listener HeartbeatReceiver took 1.299940938s.
[2025-03-21T13:51:17.453+0000] {subprocess.py:93} INFO - 25/03/21 13:51:17 INFO AsyncEventQueue: Process of event SparkListenerResourceProfileAdded(Profile: id = 0, executor resources: memory -> name: memory, amount: 1024, script: , vendor: ,offHeap -> name: offHeap, amount: 0, script: , vendor: , task resources: cpus -> name: cpus, amount: 1.0) by listener AppStatusListener took 1.69724468s.
[2025-03-21T13:51:18.466+0000] {subprocess.py:93} INFO - 25/03/21 13:51:18 INFO StandaloneSchedulerBackend: SchedulerBackend is ready for scheduling beginning after reached minRegisteredResourcesRatio: 0.0
[2025-03-21T13:51:23.044+0000] {subprocess.py:93} INFO - Spark version: 3.5.0
[2025-03-21T13:51:24.369+0000] {subprocess.py:93} INFO - 25/03/21 13:51:24 INFO SharedState: Setting hive.metastore.warehouse.dir ('null') to the value of spark.sql.warehouse.dir.
[2025-03-21T13:51:33.081+0000] {subprocess.py:93} INFO - 25/03/21 13:51:33 INFO SharedState: Warehouse path is 'hdfs://localhost:9000/data/warehouse'.
[2025-03-21T13:51:52.912+0000] {subprocess.py:93} INFO - 25/03/21 13:51:52 INFO InMemoryFileIndex: It took 1600 ms to list leaf files for 1 paths.
[2025-03-21T13:52:03.457+0000] {subprocess.py:93} INFO - 25/03/21 13:52:03 INFO SparkContext: Starting job: parquet at NativeMethodAccessorImpl.java:0
[2025-03-21T13:52:04.054+0000] {subprocess.py:93} INFO - 25/03/21 13:52:04 INFO DAGScheduler: Got job 0 (parquet at NativeMethodAccessorImpl.java:0) with 1 output partitions
[2025-03-21T13:52:04.056+0000] {subprocess.py:93} INFO - 25/03/21 13:52:04 INFO DAGScheduler: Final stage: ResultStage 0 (parquet at NativeMethodAccessorImpl.java:0)
[2025-03-21T13:52:04.246+0000] {subprocess.py:93} INFO - 25/03/21 13:52:04 INFO DAGScheduler: Parents of final stage: List()
[2025-03-21T13:52:04.252+0000] {subprocess.py:93} INFO - 25/03/21 13:52:04 INFO DAGScheduler: Missing parents: List()
[2025-03-21T13:52:04.271+0000] {subprocess.py:93} INFO - 25/03/21 13:52:04 INFO DAGScheduler: Submitting ResultStage 0 (MapPartitionsRDD[1] at parquet at NativeMethodAccessorImpl.java:0), which has no missing parents
[2025-03-21T13:52:05.555+0000] {subprocess.py:93} INFO - 25/03/21 13:52:05 INFO AsyncEventQueue: Process of event SparkListenerJobStart(0,1742565124247,WrappedArray(org.apache.spark.scheduler.StageInfo@52331c5),{spark.rdd.scope.noOverride=true, spark.rdd.scope={"id":"2","name":"collect"}}) by listener AppStatusListener took 1.211967317s.
[2025-03-21T13:52:05.655+0000] {subprocess.py:93} INFO - 25/03/21 13:52:05 INFO MemoryStore: Block broadcast_0 stored as values in memory (estimated size 103.3 KiB, free 366.2 MiB)
[2025-03-21T13:52:06.849+0000] {subprocess.py:93} INFO - 25/03/21 13:52:06 INFO MemoryStore: Block broadcast_0_piece0 stored as bytes in memory (estimated size 37.2 KiB, free 366.2 MiB)
[2025-03-21T13:52:06.861+0000] {subprocess.py:93} INFO - 25/03/21 13:52:06 INFO BlockManagerInfo: Added broadcast_0_piece0 in memory on e0b25feeb0e2:32793 (size: 37.2 KiB, free: 366.3 MiB)
[2025-03-21T13:52:07.045+0000] {subprocess.py:93} INFO - 25/03/21 13:52:07 INFO SparkContext: Created broadcast 0 from broadcast at DAGScheduler.scala:1580
[2025-03-21T13:52:07.263+0000] {subprocess.py:93} INFO - 25/03/21 13:52:07 INFO DAGScheduler: Submitting 1 missing tasks from ResultStage 0 (MapPartitionsRDD[1] at parquet at NativeMethodAccessorImpl.java:0) (first 15 tasks are for partitions Vector(0))
[2025-03-21T13:52:07.345+0000] {subprocess.py:93} INFO - 25/03/21 13:52:07 INFO TaskSchedulerImpl: Adding task set 0.0 with 1 tasks resource profile 0
[2025-03-21T13:52:22.567+0000] {subprocess.py:93} INFO - 25/03/21 13:52:22 WARN TaskSchedulerImpl: Initial job has not accepted any resources; check your cluster UI to ensure that workers are registered and have sufficient resources
[2025-03-21T13:52:37.563+0000] {subprocess.py:93} INFO - 25/03/21 13:52:37 WARN TaskSchedulerImpl: Initial job has not accepted any resources; check your cluster UI to ensure that workers are registered and have sufficient resources
[2025-03-21T13:52:52.564+0000] {subprocess.py:93} INFO - 25/03/21 13:52:52 WARN TaskSchedulerImpl: Initial job has not accepted any resources; check your cluster UI to ensure that workers are registered and have sufficient resources
[2025-03-21T13:53:02.134+0000] {subprocess.py:93} INFO - 25/03/21 13:53:02 INFO StandaloneAppClient$ClientEndpoint: Executor added: app-20250321135106-0003/0 on worker-20250321134653-172.18.0.2-40107 (172.18.0.2:40107) with 2 core(s)
[2025-03-21T13:53:02.137+0000] {subprocess.py:93} INFO - 25/03/21 13:53:02 INFO StandaloneSchedulerBackend: Granted executor ID app-20250321135106-0003/0 on hostPort 172.18.0.2:40107 with 2 core(s), 1024.0 MiB RAM
[2025-03-21T13:53:03.042+0000] {subprocess.py:93} INFO - 25/03/21 13:53:03 INFO StandaloneAppClient$ClientEndpoint: Executor updated: app-20250321135106-0003/0 is now RUNNING
[2025-03-21T13:53:07.642+0000] {subprocess.py:93} INFO - 25/03/21 13:53:07 WARN TaskSchedulerImpl: Initial job has not accepted any resources; check your cluster UI to ensure that workers are registered and have sufficient resources
[2025-03-21T13:53:22.640+0000] {subprocess.py:93} INFO - 25/03/21 13:53:22 WARN TaskSchedulerImpl: Initial job has not accepted any resources; check your cluster UI to ensure that workers are registered and have sufficient resources
[2025-03-21T13:53:27.288+0000] {subprocess.py:93} INFO - 25/03/21 13:53:27 INFO StandaloneSchedulerBackend$StandaloneDriverEndpoint: Registered executor NettyRpcEndpointRef(spark-client://Executor) (172.18.0.2:57992) with ID 0,  ResourceProfileId 0
[2025-03-21T13:53:27.554+0000] {subprocess.py:93} INFO - 25/03/21 13:53:27 INFO BlockManagerMasterEndpoint: Registering block manager 172.18.0.2:39719 with 366.3 MiB RAM, BlockManagerId(0, 172.18.0.2, 39719, None)
[2025-03-21T13:53:27.791+0000] {subprocess.py:93} INFO - 25/03/21 13:53:27 INFO TaskSetManager: Starting task 0.0 in stage 0.0 (TID 0) (172.18.0.2, executor 0, partition 0, PROCESS_LOCAL, 7831 bytes)
[2025-03-21T13:53:28.658+0000] {subprocess.py:93} INFO - 25/03/21 13:53:28 INFO BlockManagerInfo: Added broadcast_0_piece0 in memory on 172.18.0.2:39719 (size: 37.2 KiB, free: 366.3 MiB)
[2025-03-21T13:53:41.222+0000] {subprocess.py:93} INFO - 25/03/21 13:53:41 INFO TaskSetManager: Finished task 0.0 in stage 0.0 (TID 0) in 13477 ms on 172.18.0.2 (executor 0) (1/1)
[2025-03-21T13:53:41.223+0000] {subprocess.py:93} INFO - 25/03/21 13:53:41 INFO TaskSchedulerImpl: Removed TaskSet 0.0, whose tasks have all completed, from pool
[2025-03-21T13:53:41.321+0000] {subprocess.py:93} INFO - 25/03/21 13:53:41 INFO DAGScheduler: ResultStage 0 (parquet at NativeMethodAccessorImpl.java:0) finished in 96.668 s
[2025-03-21T13:53:41.503+0000] {subprocess.py:93} INFO - 25/03/21 13:53:41 INFO DAGScheduler: Job 0 is finished. Cancelling potential speculative or zombie tasks for this job
[2025-03-21T13:53:41.509+0000] {subprocess.py:93} INFO - 25/03/21 13:53:41 INFO TaskSchedulerImpl: Killing all running tasks in stage 0: Stage finished
[2025-03-21T13:53:41.520+0000] {subprocess.py:93} INFO - 25/03/21 13:53:41 INFO DAGScheduler: Job 0 finished: parquet at NativeMethodAccessorImpl.java:0, took 102.105600 s
[2025-03-21T13:53:48.896+0000] {subprocess.py:93} INFO - 25/03/21 13:53:48 INFO BlockManagerInfo: Removed broadcast_0_piece0 on e0b25feeb0e2:32793 in memory (size: 37.2 KiB, free: 366.3 MiB)
[2025-03-21T13:53:48.908+0000] {subprocess.py:93} INFO - 25/03/21 13:53:48 INFO BlockManagerInfo: Removed broadcast_0_piece0 on 172.18.0.2:39719 in memory (size: 37.2 KiB, free: 366.3 MiB)
[2025-03-21T13:53:53.799+0000] {subprocess.py:93} INFO - 25/03/21 13:53:53 INFO FileSourceStrategy: Pushed Filters: IsNotNull(amount),GreaterThan(amount,1000.0)
[2025-03-21T13:53:53.809+0000] {subprocess.py:93} INFO - 25/03/21 13:53:53 INFO FileSourceStrategy: Post-Scan Filters: isnotnull(amount#2),(amount#2 > 1000.0)
[2025-03-21T13:53:54.204+0000] {subprocess.py:93} INFO - 25/03/21 13:53:54 INFO ParquetUtils: Using default output committer for Parquet: org.apache.parquet.hadoop.ParquetOutputCommitter
[2025-03-21T13:53:54.244+0000] {subprocess.py:93} INFO - 25/03/21 13:53:54 INFO FileOutputCommitter: File Output Committer Algorithm version is 1
[2025-03-21T13:53:54.245+0000] {subprocess.py:93} INFO - 25/03/21 13:53:54 INFO FileOutputCommitter: FileOutputCommitter skip cleanup _temporary folders under output directory:false, ignore cleanup failures: false
[2025-03-21T13:53:54.246+0000] {subprocess.py:93} INFO - 25/03/21 13:53:54 INFO SQLHadoopMapReduceCommitProtocol: Using user defined output committer class org.apache.parquet.hadoop.ParquetOutputCommitter
[2025-03-21T13:53:54.247+0000] {subprocess.py:93} INFO - 25/03/21 13:53:54 INFO FileOutputCommitter: File Output Committer Algorithm version is 1
[2025-03-21T13:53:54.249+0000] {subprocess.py:93} INFO - 25/03/21 13:53:54 INFO FileOutputCommitter: FileOutputCommitter skip cleanup _temporary folders under output directory:false, ignore cleanup failures: false
[2025-03-21T13:53:54.251+0000] {subprocess.py:93} INFO - 25/03/21 13:53:54 INFO SQLHadoopMapReduceCommitProtocol: Using output committer class org.apache.parquet.hadoop.ParquetOutputCommitter
[2025-03-21T13:53:56.416+0000] {subprocess.py:93} INFO - 25/03/21 13:53:56 INFO CodeGenerator: Code generated in 1109.997402 ms
[2025-03-21T13:53:56.603+0000] {subprocess.py:93} INFO - 25/03/21 13:53:56 INFO MemoryStore: Block broadcast_1 stored as values in memory (estimated size 357.5 KiB, free 366.0 MiB)
[2025-03-21T13:53:56.713+0000] {subprocess.py:93} INFO - 25/03/21 13:53:56 INFO MemoryStore: Block broadcast_1_piece0 stored as bytes in memory (estimated size 35.2 KiB, free 365.9 MiB)
[2025-03-21T13:53:56.714+0000] {subprocess.py:93} INFO - 25/03/21 13:53:56 INFO BlockManagerInfo: Added broadcast_1_piece0 in memory on e0b25feeb0e2:32793 (size: 35.2 KiB, free: 366.3 MiB)
[2025-03-21T13:53:56.719+0000] {subprocess.py:93} INFO - 25/03/21 13:53:56 INFO SparkContext: Created broadcast 1 from parquet at NativeMethodAccessorImpl.java:0
[2025-03-21T13:53:56.831+0000] {subprocess.py:93} INFO - 25/03/21 13:53:56 INFO FileSourceScanExec: Planning scan with bin packing, max size: 4194304 bytes, open cost is considered as scanning 4194304 bytes.
[2025-03-21T13:53:57.128+0000] {subprocess.py:93} INFO - 25/03/21 13:53:57 INFO SparkContext: Starting job: parquet at NativeMethodAccessorImpl.java:0
[2025-03-21T13:53:57.196+0000] {subprocess.py:93} INFO - 25/03/21 13:53:57 INFO DAGScheduler: Got job 1 (parquet at NativeMethodAccessorImpl.java:0) with 1 output partitions
[2025-03-21T13:53:57.198+0000] {subprocess.py:93} INFO - 25/03/21 13:53:57 INFO DAGScheduler: Final stage: ResultStage 1 (parquet at NativeMethodAccessorImpl.java:0)
[2025-03-21T13:53:57.200+0000] {subprocess.py:93} INFO - 25/03/21 13:53:57 INFO DAGScheduler: Parents of final stage: List()
[2025-03-21T13:53:57.203+0000] {subprocess.py:93} INFO - 25/03/21 13:53:57 INFO DAGScheduler: Missing parents: List()
[2025-03-21T13:53:57.205+0000] {subprocess.py:93} INFO - 25/03/21 13:53:57 INFO DAGScheduler: Submitting ResultStage 1 (MapPartitionsRDD[5] at parquet at NativeMethodAccessorImpl.java:0), which has no missing parents
[2025-03-21T13:53:57.725+0000] {subprocess.py:93} INFO - 25/03/21 13:53:57 INFO MemoryStore: Block broadcast_2 stored as values in memory (estimated size 219.2 KiB, free 365.7 MiB)
[2025-03-21T13:53:56.413+0000] {subprocess.py:93} INFO - 25/03/21 13:53:56 INFO MemoryStore: Block broadcast_2_piece0 stored as bytes in memory (estimated size 77.5 KiB, free 365.6 MiB)
[2025-03-21T13:53:56.414+0000] {subprocess.py:93} INFO - 25/03/21 13:53:56 INFO BlockManagerInfo: Added broadcast_2_piece0 in memory on e0b25feeb0e2:32793 (size: 77.5 KiB, free: 366.2 MiB)
[2025-03-21T13:53:56.419+0000] {subprocess.py:93} INFO - 25/03/21 13:53:56 INFO SparkContext: Created broadcast 2 from broadcast at DAGScheduler.scala:1580
[2025-03-21T13:53:56.423+0000] {subprocess.py:93} INFO - 25/03/21 13:53:56 INFO DAGScheduler: Submitting 1 missing tasks from ResultStage 1 (MapPartitionsRDD[5] at parquet at NativeMethodAccessorImpl.java:0) (first 15 tasks are for partitions Vector(0))
[2025-03-21T13:53:56.424+0000] {subprocess.py:93} INFO - 25/03/21 13:53:56 INFO TaskSchedulerImpl: Adding task set 1.0 with 1 tasks resource profile 0
[2025-03-21T13:53:56.440+0000] {subprocess.py:93} INFO - 25/03/21 13:53:56 INFO TaskSetManager: Starting task 0.0 in stage 1.0 (TID 1) (172.18.0.2, executor 0, partition 0, ANY, 8299 bytes)
[2025-03-21T13:53:56.833+0000] {subprocess.py:93} INFO - 25/03/21 13:53:56 INFO BlockManagerInfo: Added broadcast_2_piece0 in memory on 172.18.0.2:39719 (size: 77.5 KiB, free: 366.2 MiB)
[2025-03-21T13:54:01.939+0000] {subprocess.py:93} INFO - 25/03/21 13:54:01 INFO BlockManagerInfo: Added broadcast_1_piece0 in memory on 172.18.0.2:39719 (size: 35.2 KiB, free: 366.2 MiB)
[2025-03-21T13:54:07.210+0000] {subprocess.py:93} INFO - 25/03/21 13:54:07 INFO TaskSetManager: Finished task 0.0 in stage 1.0 (TID 1) in 10696 ms on 172.18.0.2 (executor 0) (1/1)
[2025-03-21T13:54:07.211+0000] {subprocess.py:93} INFO - 25/03/21 13:54:07 INFO TaskSchedulerImpl: Removed TaskSet 1.0, whose tasks have all completed, from pool
[2025-03-21T13:54:07.212+0000] {subprocess.py:93} INFO - 25/03/21 13:54:07 INFO DAGScheduler: ResultStage 1 (parquet at NativeMethodAccessorImpl.java:0) finished in 9.987 s
[2025-03-21T13:54:07.215+0000] {subprocess.py:93} INFO - 25/03/21 13:54:07 INFO DAGScheduler: Job 1 is finished. Cancelling potential speculative or zombie tasks for this job
[2025-03-21T13:54:07.216+0000] {subprocess.py:93} INFO - 25/03/21 13:54:07 INFO TaskSchedulerImpl: Killing all running tasks in stage 1: Stage finished
[2025-03-21T13:54:07.217+0000] {subprocess.py:93} INFO - 25/03/21 13:54:07 INFO DAGScheduler: Job 1 finished: parquet at NativeMethodAccessorImpl.java:0, took 11.471768 s
[2025-03-21T13:54:07.219+0000] {subprocess.py:93} INFO - 25/03/21 13:54:07 INFO FileFormatWriter: Start to commit write Job b21d0016-7a3c-491d-951d-52a87b614ccd.
[2025-03-21T13:54:08.526+0000] {subprocess.py:93} INFO - 25/03/21 13:54:08 INFO FileFormatWriter: Write Job b21d0016-7a3c-491d-951d-52a87b614ccd committed. Elapsed time: 1285 ms.
[2025-03-21T13:54:08.612+0000] {subprocess.py:93} INFO - 25/03/21 13:54:08 INFO FileFormatWriter: Finished processing stats for write job b21d0016-7a3c-491d-951d-52a87b614ccd.
[2025-03-21T13:54:08.716+0000] {subprocess.py:93} INFO - 25/03/21 13:54:08 INFO SparkContext: SparkContext is stopping with exitCode 0.
[2025-03-21T13:54:09.016+0000] {subprocess.py:93} INFO - 25/03/21 13:54:09 INFO SparkUI: Stopped Spark web UI at http://e0b25feeb0e2:4044
[2025-03-21T13:54:09.120+0000] {subprocess.py:93} INFO - 25/03/21 13:54:09 INFO StandaloneSchedulerBackend: Shutting down all executors
[2025-03-21T13:54:09.122+0000] {subprocess.py:93} INFO - 25/03/21 13:54:09 INFO StandaloneSchedulerBackend$StandaloneDriverEndpoint: Asking each executor to shut down
[2025-03-21T13:54:09.514+0000] {subprocess.py:93} INFO - 25/03/21 13:54:09 INFO MapOutputTrackerMasterEndpoint: MapOutputTrackerMasterEndpoint stopped!
[2025-03-21T13:54:10.031+0000] {subprocess.py:93} INFO - 25/03/21 13:54:10 INFO MemoryStore: MemoryStore cleared
[2025-03-21T13:54:10.117+0000] {subprocess.py:93} INFO - 25/03/21 13:54:10 INFO BlockManager: BlockManager stopped
[2025-03-21T13:54:10.131+0000] {subprocess.py:93} INFO - 25/03/21 13:54:10 INFO BlockManagerMaster: BlockManagerMaster stopped
[2025-03-21T13:54:10.132+0000] {subprocess.py:93} INFO - 25/03/21 13:54:10 INFO OutputCommitCoordinator$OutputCommitCoordinatorEndpoint: OutputCommitCoordinator stopped!
[2025-03-21T13:54:10.480+0000] {subprocess.py:93} INFO - 25/03/21 13:54:10 INFO SparkContext: Successfully stopped SparkContext
[2025-03-21T13:54:11.830+0000] {subprocess.py:93} INFO - 25/03/21 13:54:11 INFO ShutdownHookManager: Shutdown hook called
[2025-03-21T13:54:11.831+0000] {subprocess.py:93} INFO - 25/03/21 13:54:11 INFO ShutdownHookManager: Deleting directory /tmp/spark-d772d698-00f9-4d53-8994-97a7eaabd8b6
[2025-03-21T13:54:11.926+0000] {subprocess.py:93} INFO - 25/03/21 13:54:11 INFO ShutdownHookManager: Deleting directory /tmp/spark-d772d698-00f9-4d53-8994-97a7eaabd8b6/pyspark-ed91ab40-0f11-4780-a11c-bdc3d72511d6
[2025-03-21T13:54:12.019+0000] {subprocess.py:93} INFO - 25/03/21 13:54:12 INFO ShutdownHookManager: Deleting directory /tmp/spark-c2bc14d4-657a-44ed-80cd-ba721f9afc74
[2025-03-21T13:54:12.842+0000] {subprocess.py:97} INFO - Command exited with return code 0
[2025-03-21T13:54:12.898+0000] {taskinstance.py:1398} INFO - Marking task as SUCCESS. dag_id=transactions_pipeline, task_id=detect_fraud_batch_20250321_131702, execution_date=20250321T134239, start_date=20250321T135004, end_date=20250321T135412
[2025-03-21T13:54:12.971+0000] {local_task_job_runner.py:228} INFO - Task exited with return code 0
[2025-03-21T13:54:12.997+0000] {taskinstance.py:2776} INFO - 1 downstream tasks scheduled from follow-on schedule check
