[2025-03-21T13:48:42.440+0000] {taskinstance.py:1157} INFO - Dependencies all met for dep_context=non-requeueable deps ti=<TaskInstance: transactions_pipeline.create_hive_table_batch_20250321_131820 scheduled__2025-03-21T13:42:39.231672+00:00 [queued]>
[2025-03-21T13:48:42.461+0000] {taskinstance.py:1157} INFO - Dependencies all met for dep_context=requeueable deps ti=<TaskInstance: transactions_pipeline.create_hive_table_batch_20250321_131820 scheduled__2025-03-21T13:42:39.231672+00:00 [queued]>
[2025-03-21T13:48:42.463+0000] {taskinstance.py:1359} INFO - Starting attempt 1 of 1
[2025-03-21T13:48:42.506+0000] {taskinstance.py:1380} INFO - Executing <Task(BashOperator): create_hive_table_batch_20250321_131820> on 2025-03-21 13:42:39.231672+00:00
[2025-03-21T13:48:42.524+0000] {standard_task_runner.py:57} INFO - Started process 577 to run task
[2025-03-21T13:48:42.532+0000] {standard_task_runner.py:84} INFO - Running: ['***', 'tasks', 'run', 'transactions_pipeline', 'create_hive_table_batch_20250321_131820', 'scheduled__2025-03-21T13:42:39.231672+00:00', '--job-id', '707', '--raw', '--subdir', 'DAGS_FOLDER/fraud_detection_pipeline.py', '--cfg-path', '/tmp/tmp3664wvga']
[2025-03-21T13:48:42.543+0000] {standard_task_runner.py:85} INFO - Job 707: Subtask create_hive_table_batch_20250321_131820
[2025-03-21T13:48:42.689+0000] {task_command.py:415} INFO - Running <TaskInstance: transactions_pipeline.create_hive_table_batch_20250321_131820 scheduled__2025-03-21T13:42:39.231672+00:00 [running]> on host e95638583d4d
[2025-03-21T13:48:43.002+0000] {taskinstance.py:1660} INFO - Exporting env vars: AIRFLOW_CTX_DAG_EMAIL='rabiizahnoune7@gmail.com' AIRFLOW_CTX_DAG_OWNER='***' AIRFLOW_CTX_DAG_ID='transactions_pipeline' AIRFLOW_CTX_TASK_ID='create_hive_table_batch_20250321_131820' AIRFLOW_CTX_EXECUTION_DATE='2025-03-21T13:42:39.231672+00:00' AIRFLOW_CTX_TRY_NUMBER='1' AIRFLOW_CTX_DAG_RUN_ID='scheduled__2025-03-21T13:42:39.231672+00:00'
[2025-03-21T13:48:43.007+0000] {subprocess.py:63} INFO - Tmp dir root location: /tmp
[2025-03-21T13:48:43.010+0000] {subprocess.py:75} INFO - Running command: ['/bin/bash', '-c', '\n            docker exec hive beeline -u "jdbc:hive2://localhost:10000" --hiveconf hive.exec.dynamic.partition.mode=nonstrict -e "\n            CREATE EXTERNAL TABLE IF NOT EXISTS transactions (\n                transaction_id STRING,\n                date_time STRING,\n                amount DOUBLE,\n                currency STRING,\n                merchant_details STRING,\n                customer_id STRING,\n                transaction_type STRING,\n                location STRING\n            )\n            PARTITIONED BY (batch_id STRING)\n            STORED AS PARQUET;\n            ALTER TABLE transactions ADD IF NOT EXISTS PARTITION (batch_id=\'batch_20250321_131820\') LOCATION \'/data/transactions/transactions_batch_20250321_131820\';"\n            ']
[2025-03-21T13:48:43.038+0000] {subprocess.py:86} INFO - Output:
[2025-03-21T13:48:52.638+0000] {subprocess.py:93} INFO - SLF4J: Class path contains multiple SLF4J bindings.
[2025-03-21T13:48:52.642+0000] {subprocess.py:93} INFO - SLF4J: Found binding in [jar:file:/opt/hive/lib/log4j-slf4j-impl-2.17.1.jar!/org/slf4j/impl/StaticLoggerBinder.class]
[2025-03-21T13:48:52.643+0000] {subprocess.py:93} INFO - SLF4J: Found binding in [jar:file:/opt/hadoop/share/hadoop/common/lib/slf4j-log4j12-1.7.25.jar!/org/slf4j/impl/StaticLoggerBinder.class]
[2025-03-21T13:48:52.652+0000] {subprocess.py:93} INFO - SLF4J: See http://www.slf4j.org/codes.html#multiple_bindings for an explanation.
[2025-03-21T13:48:55.540+0000] {subprocess.py:93} INFO - SLF4J: Actual binding is of type [org.apache.logging.slf4j.Log4jLoggerFactory]
[2025-03-21T13:49:11.037+0000] {subprocess.py:93} INFO - Connecting to jdbc:hive2://localhost:10000
[2025-03-21T13:49:13.686+0000] {subprocess.py:93} INFO - Connected to: Apache Hive (version 3.1.3)
[2025-03-21T13:49:13.689+0000] {subprocess.py:93} INFO - Driver: Hive JDBC (version 3.1.3)
[2025-03-21T13:49:13.690+0000] {subprocess.py:93} INFO - Transaction isolation: TRANSACTION_REPEATABLE_READ
[2025-03-21T13:49:18.595+0000] {subprocess.py:93} INFO - INFO  : Compiling command(queryId=root_20250321134914_0da0c353-54de-4239-b73c-d5f4741c46ee): CREATE EXTERNAL TABLE IF NOT EXISTS transactions (
[2025-03-21T13:49:18.598+0000] {subprocess.py:93} INFO -                 transaction_id STRING,
[2025-03-21T13:49:18.599+0000] {subprocess.py:93} INFO -                 date_time STRING,
[2025-03-21T13:49:18.599+0000] {subprocess.py:93} INFO -                 amount DOUBLE,
[2025-03-21T13:49:18.600+0000] {subprocess.py:93} INFO -                 currency STRING,
[2025-03-21T13:49:18.602+0000] {subprocess.py:93} INFO -                 merchant_details STRING,
[2025-03-21T13:49:18.603+0000] {subprocess.py:93} INFO -                 customer_id STRING,
[2025-03-21T13:49:18.605+0000] {subprocess.py:93} INFO -                 transaction_type STRING,
[2025-03-21T13:49:18.605+0000] {subprocess.py:93} INFO -                 location STRING
[2025-03-21T13:49:18.606+0000] {subprocess.py:93} INFO -             )
[2025-03-21T13:49:18.607+0000] {subprocess.py:93} INFO -             PARTITIONED BY (batch_id STRING)
[2025-03-21T13:49:18.608+0000] {subprocess.py:93} INFO -             STORED AS PARQUET
[2025-03-21T13:49:18.608+0000] {subprocess.py:93} INFO - INFO  : Concurrency mode is disabled, not creating a lock manager
[2025-03-21T13:49:18.609+0000] {subprocess.py:93} INFO - INFO  : Semantic Analysis Completed (retrial = false)
[2025-03-21T13:49:18.610+0000] {subprocess.py:93} INFO - INFO  : Returning Hive schema: Schema(fieldSchemas:null, properties:null)
[2025-03-21T13:49:18.611+0000] {subprocess.py:93} INFO - INFO  : Completed compiling command(queryId=root_20250321134914_0da0c353-54de-4239-b73c-d5f4741c46ee); Time taken: 0.023 seconds
[2025-03-21T13:49:18.612+0000] {subprocess.py:93} INFO - INFO  : Concurrency mode is disabled, not creating a lock manager
[2025-03-21T13:49:18.612+0000] {subprocess.py:93} INFO - INFO  : Executing command(queryId=root_20250321134914_0da0c353-54de-4239-b73c-d5f4741c46ee): CREATE EXTERNAL TABLE IF NOT EXISTS transactions (
[2025-03-21T13:49:18.613+0000] {subprocess.py:93} INFO -                 transaction_id STRING,
[2025-03-21T13:49:18.614+0000] {subprocess.py:93} INFO -                 date_time STRING,
[2025-03-21T13:49:18.614+0000] {subprocess.py:93} INFO -                 amount DOUBLE,
[2025-03-21T13:49:18.615+0000] {subprocess.py:93} INFO -                 currency STRING,
[2025-03-21T13:49:18.615+0000] {subprocess.py:93} INFO -                 merchant_details STRING,
[2025-03-21T13:49:18.616+0000] {subprocess.py:93} INFO -                 customer_id STRING,
[2025-03-21T13:49:18.616+0000] {subprocess.py:93} INFO -                 transaction_type STRING,
[2025-03-21T13:49:18.617+0000] {subprocess.py:93} INFO -                 location STRING
[2025-03-21T13:49:18.617+0000] {subprocess.py:93} INFO -             )
[2025-03-21T13:49:18.618+0000] {subprocess.py:93} INFO -             PARTITIONED BY (batch_id STRING)
[2025-03-21T13:49:18.619+0000] {subprocess.py:93} INFO -             STORED AS PARQUET
[2025-03-21T13:49:18.619+0000] {subprocess.py:93} INFO - INFO  : Starting task [Stage-0:DDL] in serial mode
[2025-03-21T13:49:20.865+0000] {subprocess.py:93} INFO - INFO  : Completed executing command(queryId=root_20250321134914_0da0c353-54de-4239-b73c-d5f4741c46ee); Time taken: 3.364 seconds
[2025-03-21T13:49:20.866+0000] {subprocess.py:93} INFO - INFO  : OK
[2025-03-21T13:49:20.869+0000] {subprocess.py:93} INFO - INFO  : Concurrency mode is disabled, not creating a lock manager
[2025-03-21T13:49:20.870+0000] {subprocess.py:93} INFO - No rows affected (7.084 seconds)
[2025-03-21T13:49:21.314+0000] {subprocess.py:93} INFO - INFO  : Compiling command(queryId=root_20250321134920_9f84362c-c1bf-4197-98ac-e8353fecd780): ALTER TABLE transactions ADD IF NOT EXISTS PARTITION (batch_id='batch_20250321_131820') LOCATION '/data/transactions/transactions_batch_20250321_131820'
[2025-03-21T13:49:21.315+0000] {subprocess.py:93} INFO - INFO  : Concurrency mode is disabled, not creating a lock manager
[2025-03-21T13:49:21.316+0000] {subprocess.py:93} INFO - INFO  : Semantic Analysis Completed (retrial = false)
[2025-03-21T13:49:21.317+0000] {subprocess.py:93} INFO - INFO  : Returning Hive schema: Schema(fieldSchemas:null, properties:null)
[2025-03-21T13:49:21.318+0000] {subprocess.py:93} INFO - INFO  : Completed compiling command(queryId=root_20250321134920_9f84362c-c1bf-4197-98ac-e8353fecd780); Time taken: 0.05 seconds
[2025-03-21T13:49:21.319+0000] {subprocess.py:93} INFO - INFO  : Concurrency mode is disabled, not creating a lock manager
[2025-03-21T13:49:21.321+0000] {subprocess.py:93} INFO - INFO  : Executing command(queryId=root_20250321134920_9f84362c-c1bf-4197-98ac-e8353fecd780): ALTER TABLE transactions ADD IF NOT EXISTS PARTITION (batch_id='batch_20250321_131820') LOCATION '/data/transactions/transactions_batch_20250321_131820'
[2025-03-21T13:49:21.322+0000] {subprocess.py:93} INFO - INFO  : Starting task [Stage-0:DDL] in serial mode
[2025-03-21T13:49:21.323+0000] {subprocess.py:93} INFO - INFO  : Completed executing command(queryId=root_20250321134920_9f84362c-c1bf-4197-98ac-e8353fecd780); Time taken: 0.359 seconds
[2025-03-21T13:49:21.326+0000] {subprocess.py:93} INFO - INFO  : OK
[2025-03-21T13:49:21.327+0000] {subprocess.py:93} INFO - INFO  : Concurrency mode is disabled, not creating a lock manager
[2025-03-21T13:49:21.328+0000] {subprocess.py:93} INFO - No rows affected (0.436 seconds)
[2025-03-21T13:49:21.386+0000] {subprocess.py:93} INFO - Beeline version 3.1.3 by Apache Hive
[2025-03-21T13:49:21.423+0000] {subprocess.py:93} INFO - Closing: 0: jdbc:hive2://localhost:10000
[2025-03-21T13:49:21.710+0000] {subprocess.py:97} INFO - Command exited with return code 0
[2025-03-21T13:49:21.757+0000] {taskinstance.py:1398} INFO - Marking task as SUCCESS. dag_id=transactions_pipeline, task_id=create_hive_table_batch_20250321_131820, execution_date=20250321T134239, start_date=20250321T134842, end_date=20250321T134921
[2025-03-21T13:49:21.835+0000] {local_task_job_runner.py:228} INFO - Task exited with return code 0
[2025-03-21T13:49:21.863+0000] {taskinstance.py:2776} INFO - 1 downstream tasks scheduled from follow-on schedule check
