[2025-03-21T09:39:06.360+0000] {taskinstance.py:1157} INFO - Dependencies all met for dep_context=non-requeueable deps ti=<TaskInstance: transactions_pipeline.create_hive_table scheduled__2025-03-21T03:50:32.992418+00:00 [queued]>
[2025-03-21T09:39:06.379+0000] {taskinstance.py:1157} INFO - Dependencies all met for dep_context=requeueable deps ti=<TaskInstance: transactions_pipeline.create_hive_table scheduled__2025-03-21T03:50:32.992418+00:00 [queued]>
[2025-03-21T09:39:06.380+0000] {taskinstance.py:1359} INFO - Starting attempt 1 of 2
[2025-03-21T09:39:06.418+0000] {taskinstance.py:1380} INFO - Executing <Task(BashOperator): create_hive_table> on 2025-03-21 03:50:32.992418+00:00
[2025-03-21T09:39:06.428+0000] {standard_task_runner.py:57} INFO - Started process 3499 to run task
[2025-03-21T09:39:06.433+0000] {standard_task_runner.py:84} INFO - Running: ['***', 'tasks', 'run', 'transactions_pipeline', 'create_hive_table', 'scheduled__2025-03-21T03:50:32.992418+00:00', '--job-id', '472', '--raw', '--subdir', 'DAGS_FOLDER/fraud_detection_pipeline.py', '--cfg-path', '/tmp/tmpiz3kwxaz']
[2025-03-21T09:39:06.438+0000] {standard_task_runner.py:85} INFO - Job 472: Subtask create_hive_table
[2025-03-21T09:39:06.546+0000] {task_command.py:415} INFO - Running <TaskInstance: transactions_pipeline.create_hive_table scheduled__2025-03-21T03:50:32.992418+00:00 [running]> on host 6688e233cb20
[2025-03-21T09:39:06.807+0000] {taskinstance.py:1660} INFO - Exporting env vars: AIRFLOW_CTX_DAG_EMAIL='rabiizahnoune7@gmail.com' AIRFLOW_CTX_DAG_OWNER='***' AIRFLOW_CTX_DAG_ID='transactions_pipeline' AIRFLOW_CTX_TASK_ID='create_hive_table' AIRFLOW_CTX_EXECUTION_DATE='2025-03-21T03:50:32.992418+00:00' AIRFLOW_CTX_TRY_NUMBER='1' AIRFLOW_CTX_DAG_RUN_ID='scheduled__2025-03-21T03:50:32.992418+00:00'
[2025-03-21T09:39:06.811+0000] {subprocess.py:63} INFO - Tmp dir root location: /tmp
[2025-03-21T09:39:06.818+0000] {subprocess.py:75} INFO - Running command: ['/bin/bash', '-c', '\n        docker exec hive beeline -u "jdbc:hive2://localhost:10000" --hiveconf hive.exec.dynamic.partition.mode=nonstrict -e "\n        CREATE EXTERNAL TABLE IF NOT EXISTS transactions (\n            transaction_id STRING,\n            date_time STRING,\n            amount DOUBLE,\n            currency STRING,\n            merchant_details STRING,\n            customer_id STRING,\n            transaction_type STRING,\n            location STRING\n        )\n        PARTITIONED BY (batch_id STRING)\n        STORED AS PARQUET;\n        ALTER TABLE transactions ADD IF NOT EXISTS PARTITION (batch_id=\'batch_20250320_144447\') LOCATION \'/data/transactions/transactions_batch_20250320_144447\';"\n        ']
[2025-03-21T09:39:06.868+0000] {subprocess.py:86} INFO - Output:
[2025-03-21T09:39:11.181+0000] {subprocess.py:93} INFO - SLF4J: Class path contains multiple SLF4J bindings.
[2025-03-21T09:39:11.183+0000] {subprocess.py:93} INFO - SLF4J: Found binding in [jar:file:/opt/hive/lib/log4j-slf4j-impl-2.17.1.jar!/org/slf4j/impl/StaticLoggerBinder.class]
[2025-03-21T09:39:11.183+0000] {subprocess.py:93} INFO - SLF4J: Found binding in [jar:file:/opt/hadoop/share/hadoop/common/lib/slf4j-log4j12-1.7.25.jar!/org/slf4j/impl/StaticLoggerBinder.class]
[2025-03-21T09:39:11.184+0000] {subprocess.py:93} INFO - SLF4J: See http://www.slf4j.org/codes.html#multiple_bindings for an explanation.
[2025-03-21T09:39:12.192+0000] {subprocess.py:93} INFO - SLF4J: Actual binding is of type [org.apache.logging.slf4j.Log4jLoggerFactory]
[2025-03-21T09:39:19.054+0000] {subprocess.py:93} INFO - Connecting to jdbc:hive2://localhost:10000
[2025-03-21T09:39:19.759+0000] {subprocess.py:93} INFO - Connected to: Apache Hive (version 3.1.3)
[2025-03-21T09:39:19.761+0000] {subprocess.py:93} INFO - Driver: Hive JDBC (version 3.1.3)
[2025-03-21T09:39:19.761+0000] {subprocess.py:93} INFO - Transaction isolation: TRANSACTION_REPEATABLE_READ
[2025-03-21T09:39:20.057+0000] {subprocess.py:93} INFO - INFO  : Compiling command(queryId=root_20250321093919_fbbbfbe1-5504-4f51-aa5b-198400b669e7): CREATE EXTERNAL TABLE IF NOT EXISTS transactions (
[2025-03-21T09:39:20.059+0000] {subprocess.py:93} INFO -             transaction_id STRING,
[2025-03-21T09:39:20.059+0000] {subprocess.py:93} INFO -             date_time STRING,
[2025-03-21T09:39:20.060+0000] {subprocess.py:93} INFO -             amount DOUBLE,
[2025-03-21T09:39:20.061+0000] {subprocess.py:93} INFO -             currency STRING,
[2025-03-21T09:39:20.062+0000] {subprocess.py:93} INFO -             merchant_details STRING,
[2025-03-21T09:39:20.062+0000] {subprocess.py:93} INFO -             customer_id STRING,
[2025-03-21T09:39:20.063+0000] {subprocess.py:93} INFO -             transaction_type STRING,
[2025-03-21T09:39:20.064+0000] {subprocess.py:93} INFO -             location STRING
[2025-03-21T09:39:20.064+0000] {subprocess.py:93} INFO -         )
[2025-03-21T09:39:20.065+0000] {subprocess.py:93} INFO -         PARTITIONED BY (batch_id STRING)
[2025-03-21T09:39:20.066+0000] {subprocess.py:93} INFO -         STORED AS PARQUET
[2025-03-21T09:39:20.066+0000] {subprocess.py:93} INFO - INFO  : Concurrency mode is disabled, not creating a lock manager
[2025-03-21T09:39:20.067+0000] {subprocess.py:93} INFO - INFO  : Semantic Analysis Completed (retrial = false)
[2025-03-21T09:39:20.068+0000] {subprocess.py:93} INFO - INFO  : Returning Hive schema: Schema(fieldSchemas:null, properties:null)
[2025-03-21T09:39:20.068+0000] {subprocess.py:93} INFO - INFO  : Completed compiling command(queryId=root_20250321093919_fbbbfbe1-5504-4f51-aa5b-198400b669e7); Time taken: 0.022 seconds
[2025-03-21T09:39:20.069+0000] {subprocess.py:93} INFO - INFO  : Concurrency mode is disabled, not creating a lock manager
[2025-03-21T09:39:20.069+0000] {subprocess.py:93} INFO - INFO  : Executing command(queryId=root_20250321093919_fbbbfbe1-5504-4f51-aa5b-198400b669e7): CREATE EXTERNAL TABLE IF NOT EXISTS transactions (
[2025-03-21T09:39:20.070+0000] {subprocess.py:93} INFO -             transaction_id STRING,
[2025-03-21T09:39:20.071+0000] {subprocess.py:93} INFO -             date_time STRING,
[2025-03-21T09:39:20.071+0000] {subprocess.py:93} INFO -             amount DOUBLE,
[2025-03-21T09:39:20.072+0000] {subprocess.py:93} INFO -             currency STRING,
[2025-03-21T09:39:20.072+0000] {subprocess.py:93} INFO -             merchant_details STRING,
[2025-03-21T09:39:20.073+0000] {subprocess.py:93} INFO -             customer_id STRING,
[2025-03-21T09:39:20.073+0000] {subprocess.py:93} INFO -             transaction_type STRING,
[2025-03-21T09:39:20.074+0000] {subprocess.py:93} INFO -             location STRING
[2025-03-21T09:39:20.075+0000] {subprocess.py:93} INFO -         )
[2025-03-21T09:39:20.075+0000] {subprocess.py:93} INFO -         PARTITIONED BY (batch_id STRING)
[2025-03-21T09:39:20.076+0000] {subprocess.py:93} INFO -         STORED AS PARQUET
[2025-03-21T09:39:20.076+0000] {subprocess.py:93} INFO - INFO  : Completed executing command(queryId=root_20250321093919_fbbbfbe1-5504-4f51-aa5b-198400b669e7); Time taken: 0.002 seconds
[2025-03-21T09:39:20.077+0000] {subprocess.py:93} INFO - INFO  : OK
[2025-03-21T09:39:20.078+0000] {subprocess.py:93} INFO - INFO  : Concurrency mode is disabled, not creating a lock manager
[2025-03-21T09:39:20.078+0000] {subprocess.py:93} INFO - No rows affected (0.266 seconds)
[2025-03-21T09:39:20.281+0000] {subprocess.py:93} INFO - INFO  : Compiling command(queryId=root_20250321093920_034cfe93-5e53-4042-9acc-7d7f92ef7394): ALTER TABLE transactions ADD IF NOT EXISTS PARTITION (batch_id='batch_20250320_144447') LOCATION '/data/transactions/transactions_batch_20250320_144447'
[2025-03-21T09:39:20.283+0000] {subprocess.py:93} INFO - INFO  : Concurrency mode is disabled, not creating a lock manager
[2025-03-21T09:39:20.284+0000] {subprocess.py:93} INFO - INFO  : Semantic Analysis Completed (retrial = false)
[2025-03-21T09:39:20.285+0000] {subprocess.py:93} INFO - INFO  : Returning Hive schema: Schema(fieldSchemas:null, properties:null)
[2025-03-21T09:39:20.286+0000] {subprocess.py:93} INFO - INFO  : Completed compiling command(queryId=root_20250321093920_034cfe93-5e53-4042-9acc-7d7f92ef7394); Time taken: 0.016 seconds
[2025-03-21T09:39:20.286+0000] {subprocess.py:93} INFO - INFO  : Concurrency mode is disabled, not creating a lock manager
[2025-03-21T09:39:20.287+0000] {subprocess.py:93} INFO - INFO  : Executing command(queryId=root_20250321093920_034cfe93-5e53-4042-9acc-7d7f92ef7394): ALTER TABLE transactions ADD IF NOT EXISTS PARTITION (batch_id='batch_20250320_144447') LOCATION '/data/transactions/transactions_batch_20250320_144447'
[2025-03-21T09:39:20.288+0000] {subprocess.py:93} INFO - INFO  : Starting task [Stage-0:DDL] in serial mode
[2025-03-21T09:39:20.288+0000] {subprocess.py:93} INFO - INFO  : Completed executing command(queryId=root_20250321093920_034cfe93-5e53-4042-9acc-7d7f92ef7394); Time taken: 0.166 seconds
[2025-03-21T09:39:20.289+0000] {subprocess.py:93} INFO - INFO  : OK
[2025-03-21T09:39:20.290+0000] {subprocess.py:93} INFO - INFO  : Concurrency mode is disabled, not creating a lock manager
[2025-03-21T09:39:20.290+0000] {subprocess.py:93} INFO - No rows affected (0.204 seconds)
[2025-03-21T09:39:20.291+0000] {subprocess.py:93} INFO - Beeline version 3.1.3 by Apache Hive
[2025-03-21T09:39:20.308+0000] {subprocess.py:93} INFO - Closing: 0: jdbc:hive2://localhost:10000
[2025-03-21T09:39:20.465+0000] {subprocess.py:97} INFO - Command exited with return code 0
[2025-03-21T09:39:20.512+0000] {taskinstance.py:1398} INFO - Marking task as SUCCESS. dag_id=transactions_pipeline, task_id=create_hive_table, execution_date=20250321T035032, start_date=20250321T093906, end_date=20250321T093920
[2025-03-21T09:39:20.604+0000] {local_task_job_runner.py:228} INFO - Task exited with return code 0
[2025-03-21T09:39:20.681+0000] {taskinstance.py:2776} INFO - 1 downstream tasks scheduled from follow-on schedule check
