[2025-03-19T20:50:12.857+0000] {taskinstance.py:1157} INFO - Dependencies all met for dep_context=non-requeueable deps ti=<TaskInstance: transactions_pipeline.create_hive_table scheduled__2025-03-19T19:59:58.361448+00:00 [queued]>
[2025-03-19T20:50:12.896+0000] {taskinstance.py:1157} INFO - Dependencies all met for dep_context=requeueable deps ti=<TaskInstance: transactions_pipeline.create_hive_table scheduled__2025-03-19T19:59:58.361448+00:00 [queued]>
[2025-03-19T20:50:12.897+0000] {taskinstance.py:1359} INFO - Starting attempt 1 of 1
[2025-03-19T20:50:12.935+0000] {taskinstance.py:1380} INFO - Executing <Task(BashOperator): create_hive_table> on 2025-03-19 19:59:58.361448+00:00
[2025-03-19T20:50:12.945+0000] {standard_task_runner.py:57} INFO - Started process 460 to run task
[2025-03-19T20:50:12.951+0000] {standard_task_runner.py:84} INFO - Running: ['***', 'tasks', 'run', 'transactions_pipeline', 'create_hive_table', 'scheduled__2025-03-19T19:59:58.361448+00:00', '--job-id', '173', '--raw', '--subdir', 'DAGS_FOLDER/fraud_detection_pipeline.py', '--cfg-path', '/tmp/tmp5_574se6']
[2025-03-19T20:50:12.962+0000] {standard_task_runner.py:85} INFO - Job 173: Subtask create_hive_table
[2025-03-19T20:50:13.079+0000] {task_command.py:415} INFO - Running <TaskInstance: transactions_pipeline.create_hive_table scheduled__2025-03-19T19:59:58.361448+00:00 [running]> on host 94b82ef3515c
[2025-03-19T20:50:13.235+0000] {logging_mixin.py:151} WARNING - /home/***/.local/lib/python3.8/site-packages/***/utils/context.py:206 AirflowContextDeprecationWarning: Accessing 'execution_date' from the template is deprecated and will be removed in a future version. Please use 'data_interval_start' or 'logical_date' instead.
[2025-03-19T20:50:13.328+0000] {taskinstance.py:1660} INFO - Exporting env vars: AIRFLOW_CTX_DAG_OWNER='***' AIRFLOW_CTX_DAG_ID='transactions_pipeline' AIRFLOW_CTX_TASK_ID='create_hive_table' AIRFLOW_CTX_EXECUTION_DATE='2025-03-19T19:59:58.361448+00:00' AIRFLOW_CTX_TRY_NUMBER='1' AIRFLOW_CTX_DAG_RUN_ID='scheduled__2025-03-19T19:59:58.361448+00:00'
[2025-03-19T20:50:13.331+0000] {subprocess.py:63} INFO - Tmp dir root location: /tmp
[2025-03-19T20:50:13.333+0000] {subprocess.py:75} INFO - Running command: ['/bin/bash', '-c', '\n    docker exec hive beeline -u "jdbc:hive2://localhost:10000" --hiveconf hive.exec.dynamic.partition.mode=nonstrict -e "\n    CREATE EXTERNAL TABLE IF NOT EXISTS transactions (\n        transaction_id STRING,\n        date_time STRING,\n        amount DOUBLE,\n        currency STRING,\n        merchant_details STRING,\n        customer_id STRING,\n        transaction_type STRING,\n        location STRING\n    )\n    PARTITIONED BY (batch_id STRING)\n    STORED AS PARQUET\n    LOCATION \'/data/transactions/transactions_batch_0\';\n    ALTER TABLE transactions ADD IF NOT EXISTS PARTITION (batch_id=\'batch_20250319_195958\') LOCATION \'/data/transactions/transactions_batch_0\';"\n    ']
[2025-03-19T20:50:13.357+0000] {subprocess.py:86} INFO - Output:
[2025-03-19T20:50:15.047+0000] {subprocess.py:93} INFO - SLF4J: Class path contains multiple SLF4J bindings.
[2025-03-19T20:50:15.048+0000] {subprocess.py:93} INFO - SLF4J: Found binding in [jar:file:/opt/hive/lib/log4j-slf4j-impl-2.17.1.jar!/org/slf4j/impl/StaticLoggerBinder.class]
[2025-03-19T20:50:15.049+0000] {subprocess.py:93} INFO - SLF4J: Found binding in [jar:file:/opt/hadoop/share/hadoop/common/lib/slf4j-log4j12-1.7.25.jar!/org/slf4j/impl/StaticLoggerBinder.class]
[2025-03-19T20:50:15.050+0000] {subprocess.py:93} INFO - SLF4J: See http://www.slf4j.org/codes.html#multiple_bindings for an explanation.
[2025-03-19T20:50:15.316+0000] {subprocess.py:93} INFO - SLF4J: Actual binding is of type [org.apache.logging.slf4j.Log4jLoggerFactory]
[2025-03-19T20:50:18.259+0000] {subprocess.py:93} INFO - Connecting to jdbc:hive2://localhost:10000
[2025-03-19T20:50:18.932+0000] {subprocess.py:93} INFO - Connected to: Apache Hive (version 3.1.3)
[2025-03-19T20:50:18.937+0000] {subprocess.py:93} INFO - Driver: Hive JDBC (version 3.1.3)
[2025-03-19T20:50:18.938+0000] {subprocess.py:93} INFO - Transaction isolation: TRANSACTION_REPEATABLE_READ
[2025-03-19T20:50:19.443+0000] {subprocess.py:93} INFO - INFO  : Compiling command(queryId=root_20250319205019_1f6dc3c7-831b-4af7-bdb8-db74eaf2fa8f): CREATE EXTERNAL TABLE IF NOT EXISTS transactions (
[2025-03-19T20:50:19.511+0000] {subprocess.py:93} INFO -         transaction_id STRING,
[2025-03-19T20:50:19.594+0000] {subprocess.py:93} INFO -         date_time STRING,
[2025-03-19T20:50:19.616+0000] {subprocess.py:93} INFO -         amount DOUBLE,
[2025-03-19T20:50:19.631+0000] {subprocess.py:93} INFO -         currency STRING,
[2025-03-19T20:50:19.636+0000] {subprocess.py:93} INFO -         merchant_details STRING,
[2025-03-19T20:50:19.640+0000] {subprocess.py:93} INFO -         customer_id STRING,
[2025-03-19T20:50:19.643+0000] {subprocess.py:93} INFO -         transaction_type STRING,
[2025-03-19T20:50:19.647+0000] {subprocess.py:93} INFO -         location STRING
[2025-03-19T20:50:19.650+0000] {subprocess.py:93} INFO -     )
[2025-03-19T20:50:19.651+0000] {subprocess.py:93} INFO -     PARTITIONED BY (batch_id STRING)
[2025-03-19T20:50:19.659+0000] {subprocess.py:93} INFO -     STORED AS PARQUET
[2025-03-19T20:50:19.669+0000] {subprocess.py:93} INFO -     LOCATION '/data/transactions/transactions_batch_0'
[2025-03-19T20:50:19.674+0000] {subprocess.py:93} INFO - INFO  : Concurrency mode is disabled, not creating a lock manager
[2025-03-19T20:50:19.676+0000] {subprocess.py:93} INFO - INFO  : Semantic Analysis Completed (retrial = false)
[2025-03-19T20:50:19.681+0000] {subprocess.py:93} INFO - INFO  : Returning Hive schema: Schema(fieldSchemas:null, properties:null)
[2025-03-19T20:50:19.689+0000] {subprocess.py:93} INFO - INFO  : Completed compiling command(queryId=root_20250319205019_1f6dc3c7-831b-4af7-bdb8-db74eaf2fa8f); Time taken: 0.135 seconds
[2025-03-19T20:50:19.692+0000] {subprocess.py:93} INFO - INFO  : Concurrency mode is disabled, not creating a lock manager
[2025-03-19T20:50:19.694+0000] {subprocess.py:93} INFO - INFO  : Executing command(queryId=root_20250319205019_1f6dc3c7-831b-4af7-bdb8-db74eaf2fa8f): CREATE EXTERNAL TABLE IF NOT EXISTS transactions (
[2025-03-19T20:50:19.716+0000] {subprocess.py:93} INFO -         transaction_id STRING,
[2025-03-19T20:50:19.727+0000] {subprocess.py:93} INFO -         date_time STRING,
[2025-03-19T20:50:19.734+0000] {subprocess.py:93} INFO -         amount DOUBLE,
[2025-03-19T20:50:19.747+0000] {subprocess.py:93} INFO -         currency STRING,
[2025-03-19T20:50:19.813+0000] {subprocess.py:93} INFO -         merchant_details STRING,
[2025-03-19T20:50:19.815+0000] {subprocess.py:93} INFO -         customer_id STRING,
[2025-03-19T20:50:19.819+0000] {subprocess.py:93} INFO -         transaction_type STRING,
[2025-03-19T20:50:19.828+0000] {subprocess.py:93} INFO -         location STRING
[2025-03-19T20:50:19.834+0000] {subprocess.py:93} INFO -     )
[2025-03-19T20:50:19.835+0000] {subprocess.py:93} INFO -     PARTITIONED BY (batch_id STRING)
[2025-03-19T20:50:19.836+0000] {subprocess.py:93} INFO -     STORED AS PARQUET
[2025-03-19T20:50:19.858+0000] {subprocess.py:93} INFO -     LOCATION '/data/transactions/transactions_batch_0'
[2025-03-19T20:50:19.860+0000] {subprocess.py:93} INFO - INFO  : Completed executing command(queryId=root_20250319205019_1f6dc3c7-831b-4af7-bdb8-db74eaf2fa8f); Time taken: 0.003 seconds
[2025-03-19T20:50:19.862+0000] {subprocess.py:93} INFO - INFO  : OK
[2025-03-19T20:50:19.863+0000] {subprocess.py:93} INFO - INFO  : Concurrency mode is disabled, not creating a lock manager
[2025-03-19T20:50:19.864+0000] {subprocess.py:93} INFO - No rows affected (0.442 seconds)
[2025-03-19T20:50:19.865+0000] {subprocess.py:93} INFO - INFO  : Compiling command(queryId=root_20250319205019_d3108719-8564-456b-a357-577f7166279a): ALTER TABLE transactions ADD IF NOT EXISTS PARTITION (batch_id='batch_20250319_195958') LOCATION '/data/transactions/transactions_batch_0'
[2025-03-19T20:50:19.866+0000] {subprocess.py:93} INFO - INFO  : Concurrency mode is disabled, not creating a lock manager
[2025-03-19T20:50:19.867+0000] {subprocess.py:93} INFO - INFO  : Semantic Analysis Completed (retrial = false)
[2025-03-19T20:50:19.868+0000] {subprocess.py:93} INFO - INFO  : Returning Hive schema: Schema(fieldSchemas:null, properties:null)
[2025-03-19T20:50:19.869+0000] {subprocess.py:93} INFO - INFO  : Completed compiling command(queryId=root_20250319205019_d3108719-8564-456b-a357-577f7166279a); Time taken: 0.04 seconds
[2025-03-19T20:50:19.870+0000] {subprocess.py:93} INFO - INFO  : Concurrency mode is disabled, not creating a lock manager
[2025-03-19T20:50:19.871+0000] {subprocess.py:93} INFO - INFO  : Executing command(queryId=root_20250319205019_d3108719-8564-456b-a357-577f7166279a): ALTER TABLE transactions ADD IF NOT EXISTS PARTITION (batch_id='batch_20250319_195958') LOCATION '/data/transactions/transactions_batch_0'
[2025-03-19T20:50:19.871+0000] {subprocess.py:93} INFO - INFO  : Starting task [Stage-0:DDL] in serial mode
[2025-03-19T20:50:19.872+0000] {subprocess.py:93} INFO - INFO  : Completed executing command(queryId=root_20250319205019_d3108719-8564-456b-a357-577f7166279a); Time taken: 0.178 seconds
[2025-03-19T20:50:19.873+0000] {subprocess.py:93} INFO - INFO  : OK
[2025-03-19T20:50:19.873+0000] {subprocess.py:93} INFO - INFO  : Concurrency mode is disabled, not creating a lock manager
[2025-03-19T20:50:19.874+0000] {subprocess.py:93} INFO - No rows affected (0.304 seconds)
[2025-03-19T20:50:19.875+0000] {subprocess.py:93} INFO - Beeline version 3.1.3 by Apache Hive
[2025-03-19T20:50:19.876+0000] {subprocess.py:93} INFO - Closing: 0: jdbc:hive2://localhost:10000
[2025-03-19T20:50:19.927+0000] {subprocess.py:97} INFO - Command exited with return code 0
[2025-03-19T20:50:19.994+0000] {taskinstance.py:1398} INFO - Marking task as SUCCESS. dag_id=transactions_pipeline, task_id=create_hive_table, execution_date=20250319T195958, start_date=20250319T205012, end_date=20250319T205019
[2025-03-19T20:50:20.054+0000] {local_task_job_runner.py:228} INFO - Task exited with return code 0
[2025-03-19T20:50:20.087+0000] {taskinstance.py:2776} INFO - 1 downstream tasks scheduled from follow-on schedule check
