[2025-03-21T13:06:48.543+0000] {taskinstance.py:1157} INFO - Dependencies all met for dep_context=non-requeueable deps ti=<TaskInstance: transactions_pipeline.create_hive_table_batch_20250321_130437 scheduled__2025-03-21T13:01:37.951160+00:00 [queued]>
[2025-03-21T13:06:48.555+0000] {taskinstance.py:1157} INFO - Dependencies all met for dep_context=requeueable deps ti=<TaskInstance: transactions_pipeline.create_hive_table_batch_20250321_130437 scheduled__2025-03-21T13:01:37.951160+00:00 [queued]>
[2025-03-21T13:06:48.556+0000] {taskinstance.py:1359} INFO - Starting attempt 1 of 1
[2025-03-21T13:06:48.575+0000] {taskinstance.py:1380} INFO - Executing <Task(BashOperator): create_hive_table_batch_20250321_130437> on 2025-03-21 13:01:37.951160+00:00
[2025-03-21T13:06:48.582+0000] {standard_task_runner.py:57} INFO - Started process 1643 to run task
[2025-03-21T13:06:48.586+0000] {standard_task_runner.py:84} INFO - Running: ['***', 'tasks', 'run', 'transactions_pipeline', 'create_hive_table_batch_20250321_130437', 'scheduled__2025-03-21T13:01:37.951160+00:00', '--job-id', '564', '--raw', '--subdir', 'DAGS_FOLDER/fraud_detection_pipeline.py', '--cfg-path', '/tmp/tmp5op1ltfz']
[2025-03-21T13:06:48.589+0000] {standard_task_runner.py:85} INFO - Job 564: Subtask create_hive_table_batch_20250321_130437
[2025-03-21T13:06:48.649+0000] {task_command.py:415} INFO - Running <TaskInstance: transactions_pipeline.create_hive_table_batch_20250321_130437 scheduled__2025-03-21T13:01:37.951160+00:00 [running]> on host 1b7c3466167a
[2025-03-21T13:06:48.740+0000] {taskinstance.py:1660} INFO - Exporting env vars: AIRFLOW_CTX_DAG_EMAIL='rabiizahnoune7@gmail.com' AIRFLOW_CTX_DAG_OWNER='***' AIRFLOW_CTX_DAG_ID='transactions_pipeline' AIRFLOW_CTX_TASK_ID='create_hive_table_batch_20250321_130437' AIRFLOW_CTX_EXECUTION_DATE='2025-03-21T13:01:37.951160+00:00' AIRFLOW_CTX_TRY_NUMBER='1' AIRFLOW_CTX_DAG_RUN_ID='scheduled__2025-03-21T13:01:37.951160+00:00'
[2025-03-21T13:06:48.742+0000] {subprocess.py:63} INFO - Tmp dir root location: /tmp
[2025-03-21T13:06:48.743+0000] {subprocess.py:75} INFO - Running command: ['/bin/bash', '-c', '\n            docker exec hive beeline -u "jdbc:hive2://localhost:10000" --hiveconf hive.exec.dynamic.partition.mode=nonstrict -e "\n            CREATE EXTERNAL TABLE IF NOT EXISTS transactions (\n                transaction_id STRING,\n                date_time STRING,\n                amount DOUBLE,\n                currency STRING,\n                merchant_details STRING,\n                customer_id STRING,\n                transaction_type STRING,\n                location STRING\n            )\n            PARTITIONED BY (batch_id STRING)\n            STORED AS PARQUET;\n            ALTER TABLE transactions ADD IF NOT EXISTS PARTITION (batch_id=\'batch_20250321_130437\') LOCATION \'/data/transactions/transactions_batch_20250321_130437\';"\n            ']
[2025-03-21T13:06:48.753+0000] {subprocess.py:86} INFO - Output:
[2025-03-21T13:06:49.784+0000] {subprocess.py:93} INFO - SLF4J: Class path contains multiple SLF4J bindings.
[2025-03-21T13:06:49.785+0000] {subprocess.py:93} INFO - SLF4J: Found binding in [jar:file:/opt/hive/lib/log4j-slf4j-impl-2.17.1.jar!/org/slf4j/impl/StaticLoggerBinder.class]
[2025-03-21T13:06:49.786+0000] {subprocess.py:93} INFO - SLF4J: Found binding in [jar:file:/opt/hadoop/share/hadoop/common/lib/slf4j-log4j12-1.7.25.jar!/org/slf4j/impl/StaticLoggerBinder.class]
[2025-03-21T13:06:49.786+0000] {subprocess.py:93} INFO - SLF4J: See http://www.slf4j.org/codes.html#multiple_bindings for an explanation.
[2025-03-21T13:06:49.915+0000] {subprocess.py:93} INFO - SLF4J: Actual binding is of type [org.apache.logging.slf4j.Log4jLoggerFactory]
[2025-03-21T13:06:51.350+0000] {subprocess.py:93} INFO - Connecting to jdbc:hive2://localhost:10000
[2025-03-21T13:06:51.596+0000] {subprocess.py:93} INFO - Connected to: Apache Hive (version 3.1.3)
[2025-03-21T13:06:51.597+0000] {subprocess.py:93} INFO - Driver: Hive JDBC (version 3.1.3)
[2025-03-21T13:06:51.598+0000] {subprocess.py:93} INFO - Transaction isolation: TRANSACTION_REPEATABLE_READ
[2025-03-21T13:06:51.684+0000] {subprocess.py:93} INFO - INFO  : Compiling command(queryId=root_20250321130651_d1e09a42-6fd3-40fd-bef3-354b757a488f): CREATE EXTERNAL TABLE IF NOT EXISTS transactions (
[2025-03-21T13:06:51.685+0000] {subprocess.py:93} INFO -                 transaction_id STRING,
[2025-03-21T13:06:51.686+0000] {subprocess.py:93} INFO -                 date_time STRING,
[2025-03-21T13:06:51.687+0000] {subprocess.py:93} INFO -                 amount DOUBLE,
[2025-03-21T13:06:51.688+0000] {subprocess.py:93} INFO -                 currency STRING,
[2025-03-21T13:06:51.688+0000] {subprocess.py:93} INFO -                 merchant_details STRING,
[2025-03-21T13:06:51.689+0000] {subprocess.py:93} INFO -                 customer_id STRING,
[2025-03-21T13:06:51.689+0000] {subprocess.py:93} INFO -                 transaction_type STRING,
[2025-03-21T13:06:51.690+0000] {subprocess.py:93} INFO -                 location STRING
[2025-03-21T13:06:51.691+0000] {subprocess.py:93} INFO -             )
[2025-03-21T13:06:51.691+0000] {subprocess.py:93} INFO -             PARTITIONED BY (batch_id STRING)
[2025-03-21T13:06:51.692+0000] {subprocess.py:93} INFO -             STORED AS PARQUET
[2025-03-21T13:06:51.692+0000] {subprocess.py:93} INFO - INFO  : Concurrency mode is disabled, not creating a lock manager
[2025-03-21T13:06:51.693+0000] {subprocess.py:93} INFO - INFO  : Semantic Analysis Completed (retrial = false)
[2025-03-21T13:06:51.694+0000] {subprocess.py:93} INFO - INFO  : Returning Hive schema: Schema(fieldSchemas:null, properties:null)
[2025-03-21T13:06:51.694+0000] {subprocess.py:93} INFO - INFO  : Completed compiling command(queryId=root_20250321130651_d1e09a42-6fd3-40fd-bef3-354b757a488f); Time taken: 0.02 seconds
[2025-03-21T13:06:51.695+0000] {subprocess.py:93} INFO - INFO  : Concurrency mode is disabled, not creating a lock manager
[2025-03-21T13:06:51.696+0000] {subprocess.py:93} INFO - INFO  : Executing command(queryId=root_20250321130651_d1e09a42-6fd3-40fd-bef3-354b757a488f): CREATE EXTERNAL TABLE IF NOT EXISTS transactions (
[2025-03-21T13:06:51.696+0000] {subprocess.py:93} INFO -                 transaction_id STRING,
[2025-03-21T13:06:51.697+0000] {subprocess.py:93} INFO -                 date_time STRING,
[2025-03-21T13:06:51.698+0000] {subprocess.py:93} INFO -                 amount DOUBLE,
[2025-03-21T13:06:51.699+0000] {subprocess.py:93} INFO -                 currency STRING,
[2025-03-21T13:06:51.700+0000] {subprocess.py:93} INFO -                 merchant_details STRING,
[2025-03-21T13:06:51.700+0000] {subprocess.py:93} INFO -                 customer_id STRING,
[2025-03-21T13:06:51.701+0000] {subprocess.py:93} INFO -                 transaction_type STRING,
[2025-03-21T13:06:51.702+0000] {subprocess.py:93} INFO -                 location STRING
[2025-03-21T13:06:51.703+0000] {subprocess.py:93} INFO -             )
[2025-03-21T13:06:51.703+0000] {subprocess.py:93} INFO -             PARTITIONED BY (batch_id STRING)
[2025-03-21T13:06:51.704+0000] {subprocess.py:93} INFO -             STORED AS PARQUET
[2025-03-21T13:06:51.704+0000] {subprocess.py:93} INFO - INFO  : Completed executing command(queryId=root_20250321130651_d1e09a42-6fd3-40fd-bef3-354b757a488f); Time taken: 0.002 seconds
[2025-03-21T13:06:51.705+0000] {subprocess.py:93} INFO - INFO  : OK
[2025-03-21T13:06:51.705+0000] {subprocess.py:93} INFO - INFO  : Concurrency mode is disabled, not creating a lock manager
[2025-03-21T13:06:51.706+0000] {subprocess.py:93} INFO - No rows affected (0.075 seconds)
[2025-03-21T13:06:51.816+0000] {subprocess.py:93} INFO - INFO  : Compiling command(queryId=root_20250321130651_1e74a0ff-10ed-4f70-aaba-6a23d92f1b77): ALTER TABLE transactions ADD IF NOT EXISTS PARTITION (batch_id='batch_20250321_130437') LOCATION '/data/transactions/transactions_batch_20250321_130437'
[2025-03-21T13:06:51.817+0000] {subprocess.py:93} INFO - INFO  : Concurrency mode is disabled, not creating a lock manager
[2025-03-21T13:06:51.817+0000] {subprocess.py:93} INFO - INFO  : Semantic Analysis Completed (retrial = false)
[2025-03-21T13:06:51.818+0000] {subprocess.py:93} INFO - INFO  : Returning Hive schema: Schema(fieldSchemas:null, properties:null)
[2025-03-21T13:06:51.819+0000] {subprocess.py:93} INFO - INFO  : Completed compiling command(queryId=root_20250321130651_1e74a0ff-10ed-4f70-aaba-6a23d92f1b77); Time taken: 0.017 seconds
[2025-03-21T13:06:51.819+0000] {subprocess.py:93} INFO - INFO  : Concurrency mode is disabled, not creating a lock manager
[2025-03-21T13:06:51.820+0000] {subprocess.py:93} INFO - INFO  : Executing command(queryId=root_20250321130651_1e74a0ff-10ed-4f70-aaba-6a23d92f1b77): ALTER TABLE transactions ADD IF NOT EXISTS PARTITION (batch_id='batch_20250321_130437') LOCATION '/data/transactions/transactions_batch_20250321_130437'
[2025-03-21T13:06:51.820+0000] {subprocess.py:93} INFO - INFO  : Starting task [Stage-0:DDL] in serial mode
[2025-03-21T13:06:51.821+0000] {subprocess.py:93} INFO - INFO  : Completed executing command(queryId=root_20250321130651_1e74a0ff-10ed-4f70-aaba-6a23d92f1b77); Time taken: 0.084 seconds
[2025-03-21T13:06:51.821+0000] {subprocess.py:93} INFO - INFO  : OK
[2025-03-21T13:06:51.822+0000] {subprocess.py:93} INFO - INFO  : Concurrency mode is disabled, not creating a lock manager
[2025-03-21T13:06:51.822+0000] {subprocess.py:93} INFO - No rows affected (0.115 seconds)
[2025-03-21T13:06:51.823+0000] {subprocess.py:93} INFO - Beeline version 3.1.3 by Apache Hive
[2025-03-21T13:06:51.830+0000] {subprocess.py:93} INFO - Closing: 0: jdbc:hive2://localhost:10000
[2025-03-21T13:06:51.868+0000] {subprocess.py:97} INFO - Command exited with return code 0
[2025-03-21T13:06:51.904+0000] {taskinstance.py:1398} INFO - Marking task as SUCCESS. dag_id=transactions_pipeline, task_id=create_hive_table_batch_20250321_130437, execution_date=20250321T130137, start_date=20250321T130648, end_date=20250321T130651
[2025-03-21T13:06:51.958+0000] {local_task_job_runner.py:228} INFO - Task exited with return code 0
[2025-03-21T13:06:51.990+0000] {taskinstance.py:2776} INFO - 1 downstream tasks scheduled from follow-on schedule check
