[2025-03-21T13:49:21.269+0000] {taskinstance.py:1157} INFO - Dependencies all met for dep_context=non-requeueable deps ti=<TaskInstance: transactions_pipeline.create_fraud_table_batch_20250321_131741 scheduled__2025-03-21T13:42:39.231672+00:00 [queued]>
[2025-03-21T13:49:21.294+0000] {taskinstance.py:1157} INFO - Dependencies all met for dep_context=requeueable deps ti=<TaskInstance: transactions_pipeline.create_fraud_table_batch_20250321_131741 scheduled__2025-03-21T13:42:39.231672+00:00 [queued]>
[2025-03-21T13:49:21.296+0000] {taskinstance.py:1359} INFO - Starting attempt 1 of 1
[2025-03-21T13:49:21.340+0000] {taskinstance.py:1380} INFO - Executing <Task(BashOperator): create_fraud_table_batch_20250321_131741> on 2025-03-21 13:42:39.231672+00:00
[2025-03-21T13:49:21.349+0000] {standard_task_runner.py:57} INFO - Started process 675 to run task
[2025-03-21T13:49:21.353+0000] {standard_task_runner.py:84} INFO - Running: ['***', 'tasks', 'run', 'transactions_pipeline', 'create_fraud_table_batch_20250321_131741', 'scheduled__2025-03-21T13:42:39.231672+00:00', '--job-id', '713', '--raw', '--subdir', 'DAGS_FOLDER/fraud_detection_pipeline.py', '--cfg-path', '/tmp/tmpyugpyxi9']
[2025-03-21T13:49:21.356+0000] {standard_task_runner.py:85} INFO - Job 713: Subtask create_fraud_table_batch_20250321_131741
[2025-03-21T13:49:21.445+0000] {task_command.py:415} INFO - Running <TaskInstance: transactions_pipeline.create_fraud_table_batch_20250321_131741 scheduled__2025-03-21T13:42:39.231672+00:00 [running]> on host e95638583d4d
[2025-03-21T13:49:21.571+0000] {taskinstance.py:1660} INFO - Exporting env vars: AIRFLOW_CTX_DAG_EMAIL='rabiizahnoune7@gmail.com' AIRFLOW_CTX_DAG_OWNER='***' AIRFLOW_CTX_DAG_ID='transactions_pipeline' AIRFLOW_CTX_TASK_ID='create_fraud_table_batch_20250321_131741' AIRFLOW_CTX_EXECUTION_DATE='2025-03-21T13:42:39.231672+00:00' AIRFLOW_CTX_TRY_NUMBER='1' AIRFLOW_CTX_DAG_RUN_ID='scheduled__2025-03-21T13:42:39.231672+00:00'
[2025-03-21T13:49:21.573+0000] {subprocess.py:63} INFO - Tmp dir root location: /tmp
[2025-03-21T13:49:21.574+0000] {subprocess.py:75} INFO - Running command: ['/bin/bash', '-c', '\n            docker exec hive beeline -u "jdbc:hive2://localhost:10000" -e "\n            CREATE EXTERNAL TABLE IF NOT EXISTS fraud_detections (\n                transaction_id STRING,\n                date_time STRING,\n                amount DOUBLE,\n                customer_id STRING,\n                location STRING,\n                fraud_reason STRING\n            )\n            STORED AS PARQUET\n            LOCATION \'/data/fraud_detections\';"\n            ']
[2025-03-21T13:49:21.610+0000] {subprocess.py:86} INFO - Output:
[2025-03-21T13:49:25.198+0000] {subprocess.py:93} INFO - SLF4J: Class path contains multiple SLF4J bindings.
[2025-03-21T13:49:25.200+0000] {subprocess.py:93} INFO - SLF4J: Found binding in [jar:file:/opt/hive/lib/log4j-slf4j-impl-2.17.1.jar!/org/slf4j/impl/StaticLoggerBinder.class]
[2025-03-21T13:49:25.203+0000] {subprocess.py:93} INFO - SLF4J: Found binding in [jar:file:/opt/hadoop/share/hadoop/common/lib/slf4j-log4j12-1.7.25.jar!/org/slf4j/impl/StaticLoggerBinder.class]
[2025-03-21T13:49:25.204+0000] {subprocess.py:93} INFO - SLF4J: See http://www.slf4j.org/codes.html#multiple_bindings for an explanation.
[2025-03-21T13:49:25.829+0000] {subprocess.py:93} INFO - SLF4J: Actual binding is of type [org.apache.logging.slf4j.Log4jLoggerFactory]
[2025-03-21T13:49:38.407+0000] {subprocess.py:93} INFO - Connecting to jdbc:hive2://localhost:10000
[2025-03-21T13:49:42.238+0000] {subprocess.py:93} INFO - Connected to: Apache Hive (version 3.1.3)
[2025-03-21T13:49:42.241+0000] {subprocess.py:93} INFO - Driver: Hive JDBC (version 3.1.3)
[2025-03-21T13:49:42.242+0000] {subprocess.py:93} INFO - Transaction isolation: TRANSACTION_REPEATABLE_READ
[2025-03-21T13:49:45.330+0000] {subprocess.py:93} INFO - INFO  : Compiling command(queryId=root_20250321134943_990c0bfc-6550-47a7-bee5-980d4dc16203): CREATE EXTERNAL TABLE IF NOT EXISTS fraud_detections (
[2025-03-21T13:49:45.331+0000] {subprocess.py:93} INFO -                 transaction_id STRING,
[2025-03-21T13:49:45.341+0000] {subprocess.py:93} INFO -                 date_time STRING,
[2025-03-21T13:49:45.343+0000] {subprocess.py:93} INFO -                 amount DOUBLE,
[2025-03-21T13:49:45.345+0000] {subprocess.py:93} INFO -                 customer_id STRING,
[2025-03-21T13:49:45.346+0000] {subprocess.py:93} INFO -                 location STRING,
[2025-03-21T13:49:45.347+0000] {subprocess.py:93} INFO -                 fraud_reason STRING
[2025-03-21T13:49:45.349+0000] {subprocess.py:93} INFO -             )
[2025-03-21T13:49:45.349+0000] {subprocess.py:93} INFO -             STORED AS PARQUET
[2025-03-21T13:49:45.350+0000] {subprocess.py:93} INFO -             LOCATION '/data/fraud_detections'
[2025-03-21T13:49:45.350+0000] {subprocess.py:93} INFO - INFO  : Concurrency mode is disabled, not creating a lock manager
[2025-03-21T13:49:45.351+0000] {subprocess.py:93} INFO - INFO  : Semantic Analysis Completed (retrial = false)
[2025-03-21T13:49:45.351+0000] {subprocess.py:93} INFO - INFO  : Returning Hive schema: Schema(fieldSchemas:null, properties:null)
[2025-03-21T13:49:45.352+0000] {subprocess.py:93} INFO - INFO  : Completed compiling command(queryId=root_20250321134943_990c0bfc-6550-47a7-bee5-980d4dc16203); Time taken: 0.496 seconds
[2025-03-21T13:49:45.352+0000] {subprocess.py:93} INFO - INFO  : Concurrency mode is disabled, not creating a lock manager
[2025-03-21T13:49:45.353+0000] {subprocess.py:93} INFO - INFO  : Executing command(queryId=root_20250321134943_990c0bfc-6550-47a7-bee5-980d4dc16203): CREATE EXTERNAL TABLE IF NOT EXISTS fraud_detections (
[2025-03-21T13:49:45.353+0000] {subprocess.py:93} INFO -                 transaction_id STRING,
[2025-03-21T13:49:45.428+0000] {subprocess.py:93} INFO -                 date_time STRING,
[2025-03-21T13:49:45.430+0000] {subprocess.py:93} INFO -                 amount DOUBLE,
[2025-03-21T13:49:45.431+0000] {subprocess.py:93} INFO -                 customer_id STRING,
[2025-03-21T13:49:45.434+0000] {subprocess.py:93} INFO -                 location STRING,
[2025-03-21T13:49:45.451+0000] {subprocess.py:93} INFO -                 fraud_reason STRING
[2025-03-21T13:49:45.452+0000] {subprocess.py:93} INFO -             )
[2025-03-21T13:49:45.454+0000] {subprocess.py:93} INFO -             STORED AS PARQUET
[2025-03-21T13:49:45.455+0000] {subprocess.py:93} INFO -             LOCATION '/data/fraud_detections'
[2025-03-21T13:49:45.455+0000] {subprocess.py:93} INFO - INFO  : Starting task [Stage-0:DDL] in serial mode
[2025-03-21T13:49:45.456+0000] {subprocess.py:93} INFO - INFO  : Completed executing command(queryId=root_20250321134943_990c0bfc-6550-47a7-bee5-980d4dc16203); Time taken: 1.319 seconds
[2025-03-21T13:49:45.456+0000] {subprocess.py:93} INFO - INFO  : OK
[2025-03-21T13:49:45.456+0000] {subprocess.py:93} INFO - INFO  : Concurrency mode is disabled, not creating a lock manager
[2025-03-21T13:49:45.457+0000] {subprocess.py:93} INFO - No rows affected (2.609 seconds)
[2025-03-21T13:49:45.630+0000] {subprocess.py:93} INFO - Beeline version 3.1.3 by Apache Hive
[2025-03-21T13:49:45.838+0000] {subprocess.py:93} INFO - Closing: 0: jdbc:hive2://localhost:10000
[2025-03-21T13:49:46.653+0000] {subprocess.py:97} INFO - Command exited with return code 0
[2025-03-21T13:49:46.694+0000] {taskinstance.py:1398} INFO - Marking task as SUCCESS. dag_id=transactions_pipeline, task_id=create_fraud_table_batch_20250321_131741, execution_date=20250321T134239, start_date=20250321T134921, end_date=20250321T134946
[2025-03-21T13:49:46.780+0000] {local_task_job_runner.py:228} INFO - Task exited with return code 0
[2025-03-21T13:49:46.838+0000] {taskinstance.py:2776} INFO - 1 downstream tasks scheduled from follow-on schedule check
