[2025-03-21T12:51:58.987+0000] {taskinstance.py:1157} INFO - Dependencies all met for dep_context=non-requeueable deps ti=<TaskInstance: transactions_pipeline.create_hive_table_batch_20250320_135205 scheduled__2025-03-21T12:46:37.951160+00:00 [queued]>
[2025-03-21T12:51:59.015+0000] {taskinstance.py:1157} INFO - Dependencies all met for dep_context=requeueable deps ti=<TaskInstance: transactions_pipeline.create_hive_table_batch_20250320_135205 scheduled__2025-03-21T12:46:37.951160+00:00 [queued]>
[2025-03-21T12:51:59.026+0000] {taskinstance.py:1359} INFO - Starting attempt 1 of 1
[2025-03-21T12:51:59.126+0000] {taskinstance.py:1380} INFO - Executing <Task(BashOperator): create_hive_table_batch_20250320_135205> on 2025-03-21 12:46:37.951160+00:00
[2025-03-21T12:51:59.190+0000] {standard_task_runner.py:57} INFO - Started process 476 to run task
[2025-03-21T12:51:59.202+0000] {standard_task_runner.py:84} INFO - Running: ['***', 'tasks', 'run', 'transactions_pipeline', 'create_hive_table_batch_20250320_135205', 'scheduled__2025-03-21T12:46:37.951160+00:00', '--job-id', '538', '--raw', '--subdir', 'DAGS_FOLDER/fraud_detection_pipeline.py', '--cfg-path', '/tmp/tmp5wcvtr2b']
[2025-03-21T12:51:59.228+0000] {standard_task_runner.py:85} INFO - Job 538: Subtask create_hive_table_batch_20250320_135205
[2025-03-21T12:51:59.357+0000] {task_command.py:415} INFO - Running <TaskInstance: transactions_pipeline.create_hive_table_batch_20250320_135205 scheduled__2025-03-21T12:46:37.951160+00:00 [running]> on host 1b7c3466167a
[2025-03-21T12:51:59.499+0000] {taskinstance.py:1660} INFO - Exporting env vars: AIRFLOW_CTX_DAG_EMAIL='rabiizahnoune7@gmail.com' AIRFLOW_CTX_DAG_OWNER='***' AIRFLOW_CTX_DAG_ID='transactions_pipeline' AIRFLOW_CTX_TASK_ID='create_hive_table_batch_20250320_135205' AIRFLOW_CTX_EXECUTION_DATE='2025-03-21T12:46:37.951160+00:00' AIRFLOW_CTX_TRY_NUMBER='1' AIRFLOW_CTX_DAG_RUN_ID='scheduled__2025-03-21T12:46:37.951160+00:00'
[2025-03-21T12:51:59.502+0000] {subprocess.py:63} INFO - Tmp dir root location: /tmp
[2025-03-21T12:51:59.503+0000] {subprocess.py:75} INFO - Running command: ['/bin/bash', '-c', '\n            docker exec hive beeline -u "jdbc:hive2://localhost:10000" --hiveconf hive.exec.dynamic.partition.mode=nonstrict -e "\n            CREATE EXTERNAL TABLE IF NOT EXISTS transactions (\n                transaction_id STRING,\n                date_time STRING,\n                amount DOUBLE,\n                currency STRING,\n                merchant_details STRING,\n                customer_id STRING,\n                transaction_type STRING,\n                location STRING\n            )\n            PARTITIONED BY (batch_id STRING)\n            STORED AS PARQUET;\n            ALTER TABLE transactions ADD IF NOT EXISTS PARTITION (batch_id=\'batch_20250320_135205\') LOCATION \'/data/transactions/transactions_batch_20250320_135205\';"\n            ']
[2025-03-21T12:51:59.518+0000] {subprocess.py:86} INFO - Output:
[2025-03-21T12:52:01.403+0000] {subprocess.py:93} INFO - SLF4J: Class path contains multiple SLF4J bindings.
[2025-03-21T12:52:01.404+0000] {subprocess.py:93} INFO - SLF4J: Found binding in [jar:file:/opt/hive/lib/log4j-slf4j-impl-2.17.1.jar!/org/slf4j/impl/StaticLoggerBinder.class]
[2025-03-21T12:52:01.405+0000] {subprocess.py:93} INFO - SLF4J: Found binding in [jar:file:/opt/hadoop/share/hadoop/common/lib/slf4j-log4j12-1.7.25.jar!/org/slf4j/impl/StaticLoggerBinder.class]
[2025-03-21T12:52:01.405+0000] {subprocess.py:93} INFO - SLF4J: See http://www.slf4j.org/codes.html#multiple_bindings for an explanation.
[2025-03-21T12:52:01.905+0000] {subprocess.py:93} INFO - SLF4J: Actual binding is of type [org.apache.logging.slf4j.Log4jLoggerFactory]
[2025-03-21T12:52:05.479+0000] {subprocess.py:93} INFO - Connecting to jdbc:hive2://localhost:10000
[2025-03-21T12:52:06.443+0000] {subprocess.py:93} INFO - Connected to: Apache Hive (version 3.1.3)
[2025-03-21T12:52:06.444+0000] {subprocess.py:93} INFO - Driver: Hive JDBC (version 3.1.3)
[2025-03-21T12:52:06.445+0000] {subprocess.py:93} INFO - Transaction isolation: TRANSACTION_REPEATABLE_READ
[2025-03-21T12:52:06.643+0000] {subprocess.py:93} INFO - INFO  : Compiling command(queryId=root_20250321125206_064253ca-17cd-40d1-9a9a-c43b9d78bf21): CREATE EXTERNAL TABLE IF NOT EXISTS transactions (
[2025-03-21T12:52:06.646+0000] {subprocess.py:93} INFO -                 transaction_id STRING,
[2025-03-21T12:52:06.651+0000] {subprocess.py:93} INFO -                 date_time STRING,
[2025-03-21T12:52:06.656+0000] {subprocess.py:93} INFO -                 amount DOUBLE,
[2025-03-21T12:52:06.658+0000] {subprocess.py:93} INFO -                 currency STRING,
[2025-03-21T12:52:06.659+0000] {subprocess.py:93} INFO -                 merchant_details STRING,
[2025-03-21T12:52:06.660+0000] {subprocess.py:93} INFO -                 customer_id STRING,
[2025-03-21T12:52:06.661+0000] {subprocess.py:93} INFO -                 transaction_type STRING,
[2025-03-21T12:52:06.662+0000] {subprocess.py:93} INFO -                 location STRING
[2025-03-21T12:52:06.663+0000] {subprocess.py:93} INFO -             )
[2025-03-21T12:52:06.665+0000] {subprocess.py:93} INFO -             PARTITIONED BY (batch_id STRING)
[2025-03-21T12:52:06.665+0000] {subprocess.py:93} INFO -             STORED AS PARQUET
[2025-03-21T12:52:06.666+0000] {subprocess.py:93} INFO - INFO  : Concurrency mode is disabled, not creating a lock manager
[2025-03-21T12:52:06.668+0000] {subprocess.py:93} INFO - INFO  : Semantic Analysis Completed (retrial = false)
[2025-03-21T12:52:06.669+0000] {subprocess.py:93} INFO - INFO  : Returning Hive schema: Schema(fieldSchemas:null, properties:null)
[2025-03-21T12:52:06.670+0000] {subprocess.py:93} INFO - INFO  : Completed compiling command(queryId=root_20250321125206_064253ca-17cd-40d1-9a9a-c43b9d78bf21); Time taken: 0.046 seconds
[2025-03-21T12:52:06.671+0000] {subprocess.py:93} INFO - INFO  : Concurrency mode is disabled, not creating a lock manager
[2025-03-21T12:52:06.671+0000] {subprocess.py:93} INFO - INFO  : Executing command(queryId=root_20250321125206_064253ca-17cd-40d1-9a9a-c43b9d78bf21): CREATE EXTERNAL TABLE IF NOT EXISTS transactions (
[2025-03-21T12:52:06.672+0000] {subprocess.py:93} INFO -                 transaction_id STRING,
[2025-03-21T12:52:06.672+0000] {subprocess.py:93} INFO -                 date_time STRING,
[2025-03-21T12:52:06.673+0000] {subprocess.py:93} INFO -                 amount DOUBLE,
[2025-03-21T12:52:06.673+0000] {subprocess.py:93} INFO -                 currency STRING,
[2025-03-21T12:52:06.674+0000] {subprocess.py:93} INFO -                 merchant_details STRING,
[2025-03-21T12:52:06.675+0000] {subprocess.py:93} INFO -                 customer_id STRING,
[2025-03-21T12:52:06.675+0000] {subprocess.py:93} INFO -                 transaction_type STRING,
[2025-03-21T12:52:06.676+0000] {subprocess.py:93} INFO -                 location STRING
[2025-03-21T12:52:06.677+0000] {subprocess.py:93} INFO -             )
[2025-03-21T12:52:06.677+0000] {subprocess.py:93} INFO -             PARTITIONED BY (batch_id STRING)
[2025-03-21T12:52:06.678+0000] {subprocess.py:93} INFO -             STORED AS PARQUET
[2025-03-21T12:52:06.679+0000] {subprocess.py:93} INFO - INFO  : Completed executing command(queryId=root_20250321125206_064253ca-17cd-40d1-9a9a-c43b9d78bf21); Time taken: 0.003 seconds
[2025-03-21T12:52:06.680+0000] {subprocess.py:93} INFO - INFO  : OK
[2025-03-21T12:52:06.681+0000] {subprocess.py:93} INFO - INFO  : Concurrency mode is disabled, not creating a lock manager
[2025-03-21T12:52:06.682+0000] {subprocess.py:93} INFO - No rows affected (0.174 seconds)
[2025-03-21T12:52:06.802+0000] {subprocess.py:93} INFO - INFO  : Compiling command(queryId=root_20250321125206_133655b9-4f4e-4798-ae4c-83e199752eac): ALTER TABLE transactions ADD IF NOT EXISTS PARTITION (batch_id='batch_20250320_135205') LOCATION '/data/transactions/transactions_batch_20250320_135205'
[2025-03-21T12:52:06.803+0000] {subprocess.py:93} INFO - INFO  : Concurrency mode is disabled, not creating a lock manager
[2025-03-21T12:52:06.804+0000] {subprocess.py:93} INFO - INFO  : Semantic Analysis Completed (retrial = false)
[2025-03-21T12:52:06.804+0000] {subprocess.py:93} INFO - INFO  : Returning Hive schema: Schema(fieldSchemas:null, properties:null)
[2025-03-21T12:52:06.805+0000] {subprocess.py:93} INFO - INFO  : Completed compiling command(queryId=root_20250321125206_133655b9-4f4e-4798-ae4c-83e199752eac); Time taken: 0.031 seconds
[2025-03-21T12:52:06.806+0000] {subprocess.py:93} INFO - INFO  : Concurrency mode is disabled, not creating a lock manager
[2025-03-21T12:52:06.806+0000] {subprocess.py:93} INFO - INFO  : Executing command(queryId=root_20250321125206_133655b9-4f4e-4798-ae4c-83e199752eac): ALTER TABLE transactions ADD IF NOT EXISTS PARTITION (batch_id='batch_20250320_135205') LOCATION '/data/transactions/transactions_batch_20250320_135205'
[2025-03-21T12:52:06.807+0000] {subprocess.py:93} INFO - INFO  : Starting task [Stage-0:DDL] in serial mode
[2025-03-21T12:52:06.807+0000] {subprocess.py:93} INFO - INFO  : Completed executing command(queryId=root_20250321125206_133655b9-4f4e-4798-ae4c-83e199752eac); Time taken: 0.083 seconds
[2025-03-21T12:52:06.808+0000] {subprocess.py:93} INFO - INFO  : OK
[2025-03-21T12:52:06.808+0000] {subprocess.py:93} INFO - INFO  : Concurrency mode is disabled, not creating a lock manager
[2025-03-21T12:52:06.809+0000] {subprocess.py:93} INFO - No rows affected (0.135 seconds)
[2025-03-21T12:52:06.809+0000] {subprocess.py:93} INFO - Beeline version 3.1.3 by Apache Hive
[2025-03-21T12:52:06.819+0000] {subprocess.py:93} INFO - Closing: 0: jdbc:hive2://localhost:10000
[2025-03-21T12:52:05.592+0000] {subprocess.py:97} INFO - Command exited with return code 0
[2025-03-21T12:52:05.631+0000] {taskinstance.py:1398} INFO - Marking task as SUCCESS. dag_id=transactions_pipeline, task_id=create_hive_table_batch_20250320_135205, execution_date=20250321T124637, start_date=20250321T125158, end_date=20250321T125205
[2025-03-21T12:52:05.665+0000] {local_task_job_runner.py:228} INFO - Task exited with return code 0
[2025-03-21T12:52:05.697+0000] {taskinstance.py:2776} INFO - 1 downstream tasks scheduled from follow-on schedule check
