[2025-03-20T12:55:55.390+0000] {taskinstance.py:1157} INFO - Dependencies all met for dep_context=non-requeueable deps ti=<TaskInstance: transactions_pipeline.get_batch_id manual__2025-03-20T12:55:53.203262+00:00 [queued]>
[2025-03-20T12:55:55.406+0000] {taskinstance.py:1157} INFO - Dependencies all met for dep_context=requeueable deps ti=<TaskInstance: transactions_pipeline.get_batch_id manual__2025-03-20T12:55:53.203262+00:00 [queued]>
[2025-03-20T12:55:55.408+0000] {taskinstance.py:1359} INFO - Starting attempt 1 of 1
[2025-03-20T12:55:55.439+0000] {taskinstance.py:1380} INFO - Executing <Task(PythonOperator): get_batch_id> on 2025-03-20 12:55:53.203262+00:00
[2025-03-20T12:55:55.452+0000] {standard_task_runner.py:57} INFO - Started process 1019 to run task
[2025-03-20T12:55:55.458+0000] {standard_task_runner.py:84} INFO - Running: ['***', 'tasks', 'run', 'transactions_pipeline', 'get_batch_id', 'manual__2025-03-20T12:55:53.203262+00:00', '--job-id', '304', '--raw', '--subdir', 'DAGS_FOLDER/fraud_detection_pipeline.py', '--cfg-path', '/tmp/tmpjuqdj8nj']
[2025-03-20T12:55:55.466+0000] {standard_task_runner.py:85} INFO - Job 304: Subtask get_batch_id
[2025-03-20T12:55:55.575+0000] {task_command.py:415} INFO - Running <TaskInstance: transactions_pipeline.get_batch_id manual__2025-03-20T12:55:53.203262+00:00 [running]> on host 3938a1dd8bd9
[2025-03-20T12:55:55.688+0000] {taskinstance.py:1660} INFO - Exporting env vars: AIRFLOW_CTX_DAG_OWNER='***' AIRFLOW_CTX_DAG_ID='transactions_pipeline' AIRFLOW_CTX_TASK_ID='get_batch_id' AIRFLOW_CTX_EXECUTION_DATE='2025-03-20T12:55:53.203262+00:00' AIRFLOW_CTX_TRY_NUMBER='1' AIRFLOW_CTX_DAG_RUN_ID='manual__2025-03-20T12:55:53.203262+00:00'
[2025-03-20T12:55:55.884+0000] {logging_mixin.py:151} INFO - Command stdout: '/data/transactions/transactions_batch_20250320_124846.parquet
/data/transactions/transactions_batch_20250320_124806.parquet
/data/transactions/transactions_batch_20250320_124725.parquet
/data/transactions/transactions_batch_20250320_124645.parquet
/data/transactions/transactions_batch_20250320_124605.parquet
/data/transactions/transactions_batch_20250320_124547.parquet
'
[2025-03-20T12:55:55.885+0000] {logging_mixin.py:151} INFO - Command stderr: ''
[2025-03-20T12:55:55.886+0000] {logging_mixin.py:151} INFO - Latest file: /data/transactions/transactions_batch_20250320_124846.parquet
[2025-03-20T12:55:55.887+0000] {logging_mixin.py:151} INFO - Latest batch ID: batch_20250320_124846
[2025-03-20T12:55:55.887+0000] {python.py:194} INFO - Done. Returned value was: batch_20250320_124846
[2025-03-20T12:55:55.943+0000] {taskinstance.py:1398} INFO - Marking task as SUCCESS. dag_id=transactions_pipeline, task_id=get_batch_id, execution_date=20250320T125553, start_date=20250320T125555, end_date=20250320T125555
[2025-03-20T12:55:55.995+0000] {local_task_job_runner.py:228} INFO - Task exited with return code 0
[2025-03-20T12:55:56.038+0000] {taskinstance.py:2776} INFO - 1 downstream tasks scheduled from follow-on schedule check
