[2025-03-21T15:22:31.890+0000] {taskinstance.py:1157} INFO - Dependencies all met for dep_context=non-requeueable deps ti=<TaskInstance: transactions_pipeline.create_fraud_table_batch_20250321_152117 manual__2025-03-21T15:22:11.908834+00:00 [queued]>
[2025-03-21T15:22:31.909+0000] {taskinstance.py:1157} INFO - Dependencies all met for dep_context=requeueable deps ti=<TaskInstance: transactions_pipeline.create_fraud_table_batch_20250321_152117 manual__2025-03-21T15:22:11.908834+00:00 [queued]>
[2025-03-21T15:22:31.910+0000] {taskinstance.py:1359} INFO - Starting attempt 1 of 1
[2025-03-21T15:22:31.934+0000] {taskinstance.py:1380} INFO - Executing <Task(BashOperator): create_fraud_table_batch_20250321_152117> on 2025-03-21 15:22:11.908834+00:00
[2025-03-21T15:22:31.941+0000] {standard_task_runner.py:57} INFO - Started process 6180 to run task
[2025-03-21T15:22:31.946+0000] {standard_task_runner.py:84} INFO - Running: ['***', 'tasks', 'run', 'transactions_pipeline', 'create_fraud_table_batch_20250321_152117', 'manual__2025-03-21T15:22:11.908834+00:00', '--job-id', '809', '--raw', '--subdir', 'DAGS_FOLDER/fraud_detection_pipeline.py', '--cfg-path', '/tmp/tmp7ak0w5sk']
[2025-03-21T15:22:31.951+0000] {standard_task_runner.py:85} INFO - Job 809: Subtask create_fraud_table_batch_20250321_152117
[2025-03-21T15:22:32.049+0000] {task_command.py:415} INFO - Running <TaskInstance: transactions_pipeline.create_fraud_table_batch_20250321_152117 manual__2025-03-21T15:22:11.908834+00:00 [running]> on host e95638583d4d
[2025-03-21T15:22:32.197+0000] {taskinstance.py:1660} INFO - Exporting env vars: AIRFLOW_CTX_DAG_EMAIL='rabiizahnoune7@gmail.com' AIRFLOW_CTX_DAG_OWNER='***' AIRFLOW_CTX_DAG_ID='transactions_pipeline' AIRFLOW_CTX_TASK_ID='create_fraud_table_batch_20250321_152117' AIRFLOW_CTX_EXECUTION_DATE='2025-03-21T15:22:11.908834+00:00' AIRFLOW_CTX_TRY_NUMBER='1' AIRFLOW_CTX_DAG_RUN_ID='manual__2025-03-21T15:22:11.908834+00:00'
[2025-03-21T15:22:32.201+0000] {subprocess.py:63} INFO - Tmp dir root location: /tmp
[2025-03-21T15:22:32.204+0000] {subprocess.py:75} INFO - Running command: ['/bin/bash', '-c', '\n            docker exec hive beeline -u "jdbc:hive2://localhost:10000" --hiveconf hive.exec.dynamic.partition.mode=nonstrict -e "\n            CREATE EXTERNAL TABLE IF NOT EXISTS fraud_detections (\n                transaction_id STRING,\n                date_time STRING,\n                amount DOUBLE,\n                customer_id STRING,\n                location STRING,\n                fraud_reason STRING\n            )\n            PARTITIONED BY (batch_id STRING)\n            STORED AS PARQUET\n            LOCATION \'/data/fraud_detections\';"\n            ']
[2025-03-21T15:22:32.220+0000] {subprocess.py:86} INFO - Output:
[2025-03-21T15:22:33.120+0000] {subprocess.py:93} INFO - SLF4J: Class path contains multiple SLF4J bindings.
[2025-03-21T15:22:33.121+0000] {subprocess.py:93} INFO - SLF4J: Found binding in [jar:file:/opt/hive/lib/log4j-slf4j-impl-2.17.1.jar!/org/slf4j/impl/StaticLoggerBinder.class]
[2025-03-21T15:22:33.122+0000] {subprocess.py:93} INFO - SLF4J: Found binding in [jar:file:/opt/hadoop/share/hadoop/common/lib/slf4j-log4j12-1.7.25.jar!/org/slf4j/impl/StaticLoggerBinder.class]
[2025-03-21T15:22:33.122+0000] {subprocess.py:93} INFO - SLF4J: See http://www.slf4j.org/codes.html#multiple_bindings for an explanation.
[2025-03-21T15:22:33.358+0000] {subprocess.py:93} INFO - SLF4J: Actual binding is of type [org.apache.logging.slf4j.Log4jLoggerFactory]
[2025-03-21T15:22:35.156+0000] {subprocess.py:93} INFO - Connecting to jdbc:hive2://localhost:10000
[2025-03-21T15:22:35.464+0000] {subprocess.py:93} INFO - Connected to: Apache Hive (version 3.1.3)
[2025-03-21T15:22:35.465+0000] {subprocess.py:93} INFO - Driver: Hive JDBC (version 3.1.3)
[2025-03-21T15:22:35.466+0000] {subprocess.py:93} INFO - Transaction isolation: TRANSACTION_REPEATABLE_READ
[2025-03-21T15:22:35.601+0000] {subprocess.py:93} INFO - INFO  : Compiling command(queryId=root_20250321152235_9042bfb5-ac5a-403b-8034-e8b9cbbdf0be): CREATE EXTERNAL TABLE IF NOT EXISTS fraud_detections (
[2025-03-21T15:22:35.603+0000] {subprocess.py:93} INFO -                 transaction_id STRING,
[2025-03-21T15:22:35.603+0000] {subprocess.py:93} INFO -                 date_time STRING,
[2025-03-21T15:22:35.604+0000] {subprocess.py:93} INFO -                 amount DOUBLE,
[2025-03-21T15:22:35.605+0000] {subprocess.py:93} INFO -                 customer_id STRING,
[2025-03-21T15:22:35.605+0000] {subprocess.py:93} INFO -                 location STRING,
[2025-03-21T15:22:35.606+0000] {subprocess.py:93} INFO -                 fraud_reason STRING
[2025-03-21T15:22:35.607+0000] {subprocess.py:93} INFO -             )
[2025-03-21T15:22:35.608+0000] {subprocess.py:93} INFO -             PARTITIONED BY (batch_id STRING)
[2025-03-21T15:22:35.609+0000] {subprocess.py:93} INFO -             STORED AS PARQUET
[2025-03-21T15:22:35.610+0000] {subprocess.py:93} INFO -             LOCATION '/data/fraud_detections'
[2025-03-21T15:22:35.610+0000] {subprocess.py:93} INFO - INFO  : Concurrency mode is disabled, not creating a lock manager
[2025-03-21T15:22:35.611+0000] {subprocess.py:93} INFO - INFO  : Semantic Analysis Completed (retrial = false)
[2025-03-21T15:22:35.611+0000] {subprocess.py:93} INFO - INFO  : Returning Hive schema: Schema(fieldSchemas:null, properties:null)
[2025-03-21T15:22:35.612+0000] {subprocess.py:93} INFO - INFO  : Completed compiling command(queryId=root_20250321152235_9042bfb5-ac5a-403b-8034-e8b9cbbdf0be); Time taken: 0.017 seconds
[2025-03-21T15:22:35.612+0000] {subprocess.py:93} INFO - INFO  : Concurrency mode is disabled, not creating a lock manager
[2025-03-21T15:22:35.612+0000] {subprocess.py:93} INFO - INFO  : Executing command(queryId=root_20250321152235_9042bfb5-ac5a-403b-8034-e8b9cbbdf0be): CREATE EXTERNAL TABLE IF NOT EXISTS fraud_detections (
[2025-03-21T15:22:35.613+0000] {subprocess.py:93} INFO -                 transaction_id STRING,
[2025-03-21T15:22:35.613+0000] {subprocess.py:93} INFO -                 date_time STRING,
[2025-03-21T15:22:35.613+0000] {subprocess.py:93} INFO -                 amount DOUBLE,
[2025-03-21T15:22:35.614+0000] {subprocess.py:93} INFO -                 customer_id STRING,
[2025-03-21T15:22:35.614+0000] {subprocess.py:93} INFO -                 location STRING,
[2025-03-21T15:22:35.614+0000] {subprocess.py:93} INFO -                 fraud_reason STRING
[2025-03-21T15:22:35.615+0000] {subprocess.py:93} INFO -             )
[2025-03-21T15:22:35.615+0000] {subprocess.py:93} INFO -             PARTITIONED BY (batch_id STRING)
[2025-03-21T15:22:35.616+0000] {subprocess.py:93} INFO -             STORED AS PARQUET
[2025-03-21T15:22:35.616+0000] {subprocess.py:93} INFO -             LOCATION '/data/fraud_detections'
[2025-03-21T15:22:35.617+0000] {subprocess.py:93} INFO - INFO  : Completed executing command(queryId=root_20250321152235_9042bfb5-ac5a-403b-8034-e8b9cbbdf0be); Time taken: 0.0 seconds
[2025-03-21T15:22:35.617+0000] {subprocess.py:93} INFO - INFO  : OK
[2025-03-21T15:22:35.618+0000] {subprocess.py:93} INFO - INFO  : Concurrency mode is disabled, not creating a lock manager
[2025-03-21T15:22:35.618+0000] {subprocess.py:93} INFO - No rows affected (0.116 seconds)
[2025-03-21T15:22:35.623+0000] {subprocess.py:93} INFO - Beeline version 3.1.3 by Apache Hive
[2025-03-21T15:22:35.652+0000] {subprocess.py:93} INFO - Closing: 0: jdbc:hive2://localhost:10000
[2025-03-21T15:22:35.704+0000] {subprocess.py:97} INFO - Command exited with return code 0
[2025-03-21T15:22:35.745+0000] {taskinstance.py:1398} INFO - Marking task as SUCCESS. dag_id=transactions_pipeline, task_id=create_fraud_table_batch_20250321_152117, execution_date=20250321T152211, start_date=20250321T152231, end_date=20250321T152235
[2025-03-21T15:22:36.766+0000] {local_task_job_runner.py:228} INFO - Task exited with return code 0
[2025-03-21T15:22:36.844+0000] {taskinstance.py:2776} INFO - 0 downstream tasks scheduled from follow-on schedule check
