[2025-03-19T20:04:07.317+0000] {taskinstance.py:1157} INFO - Dependencies all met for dep_context=non-requeueable deps ti=<TaskInstance: transactions_pipeline.create_hive_table manual__2025-03-19T20:03:56.330709+00:00 [queued]>
[2025-03-19T20:04:07.328+0000] {taskinstance.py:1157} INFO - Dependencies all met for dep_context=requeueable deps ti=<TaskInstance: transactions_pipeline.create_hive_table manual__2025-03-19T20:03:56.330709+00:00 [queued]>
[2025-03-19T20:04:07.329+0000] {taskinstance.py:1359} INFO - Starting attempt 1 of 1
[2025-03-19T20:04:07.355+0000] {taskinstance.py:1380} INFO - Executing <Task(BashOperator): create_hive_table> on 2025-03-19 20:03:56.330709+00:00
[2025-03-19T20:04:07.362+0000] {standard_task_runner.py:57} INFO - Started process 396 to run task
[2025-03-19T20:04:07.365+0000] {standard_task_runner.py:84} INFO - Running: ['***', 'tasks', 'run', 'transactions_pipeline', 'create_hive_table', 'manual__2025-03-19T20:03:56.330709+00:00', '--job-id', '159', '--raw', '--subdir', 'DAGS_FOLDER/fraud_detection_pipeline.py', '--cfg-path', '/tmp/tmpvjjr2m2e']
[2025-03-19T20:04:07.369+0000] {standard_task_runner.py:85} INFO - Job 159: Subtask create_hive_table
[2025-03-19T20:04:07.445+0000] {task_command.py:415} INFO - Running <TaskInstance: transactions_pipeline.create_hive_table manual__2025-03-19T20:03:56.330709+00:00 [running]> on host 0e4ef2b1f1f9
[2025-03-19T20:04:07.508+0000] {logging_mixin.py:151} WARNING - /home/***/.local/lib/python3.8/site-packages/***/utils/context.py:206 AirflowContextDeprecationWarning: Accessing 'execution_date' from the template is deprecated and will be removed in a future version. Please use 'data_interval_start' or 'logical_date' instead.
[2025-03-19T20:04:07.563+0000] {taskinstance.py:1660} INFO - Exporting env vars: AIRFLOW_CTX_DAG_OWNER='***' AIRFLOW_CTX_DAG_ID='transactions_pipeline' AIRFLOW_CTX_TASK_ID='create_hive_table' AIRFLOW_CTX_EXECUTION_DATE='2025-03-19T20:03:56.330709+00:00' AIRFLOW_CTX_TRY_NUMBER='1' AIRFLOW_CTX_DAG_RUN_ID='manual__2025-03-19T20:03:56.330709+00:00'
[2025-03-19T20:04:07.569+0000] {subprocess.py:63} INFO - Tmp dir root location: /tmp
[2025-03-19T20:04:07.571+0000] {subprocess.py:75} INFO - Running command: ['/bin/bash', '-c', '\n    docker exec hive beeline -u "jdbc:hive2://localhost:10000" --hiveconf hive.exec.dynamic.partition.mode=nonstrict -e "\n    CREATE EXTERNAL TABLE IF NOT EXISTS transactions (\n        transaction_id STRING,\n        date_time STRING,\n        amount DOUBLE,\n        currency STRING,\n        merchant_details STRING,\n        customer_id STRING,\n        transaction_type STRING,\n        location STRING\n    )\n    PARTITIONED BY (batch_id STRING)\n    STORED AS PARQUET\n    LOCATION \'/data/transactions/transactions_batch_0\';\n    ALTER TABLE transactions ADD IF NOT EXISTS PARTITION (batch_id=\'batch_20250319_200356\') LOCATION \'/data/transactions/transactions_batch_0\';"\n    ']
[2025-03-19T20:04:07.586+0000] {subprocess.py:86} INFO - Output:
[2025-03-19T20:04:09.066+0000] {subprocess.py:93} INFO - SLF4J: Class path contains multiple SLF4J bindings.
[2025-03-19T20:04:09.067+0000] {subprocess.py:93} INFO - SLF4J: Found binding in [jar:file:/opt/hive/lib/log4j-slf4j-impl-2.17.1.jar!/org/slf4j/impl/StaticLoggerBinder.class]
[2025-03-19T20:04:09.068+0000] {subprocess.py:93} INFO - SLF4J: Found binding in [jar:file:/opt/hadoop/share/hadoop/common/lib/slf4j-log4j12-1.7.25.jar!/org/slf4j/impl/StaticLoggerBinder.class]
[2025-03-19T20:04:09.068+0000] {subprocess.py:93} INFO - SLF4J: See http://www.slf4j.org/codes.html#multiple_bindings for an explanation.
[2025-03-19T20:04:09.235+0000] {subprocess.py:93} INFO - SLF4J: Actual binding is of type [org.apache.logging.slf4j.Log4jLoggerFactory]
[2025-03-19T20:04:10.488+0000] {subprocess.py:93} INFO - Connecting to jdbc:hive2://localhost:10000
[2025-03-19T20:04:10.746+0000] {subprocess.py:93} INFO - Connected to: Apache Hive (version 3.1.3)
[2025-03-19T20:04:10.748+0000] {subprocess.py:93} INFO - Driver: Hive JDBC (version 3.1.3)
[2025-03-19T20:04:10.748+0000] {subprocess.py:93} INFO - Transaction isolation: TRANSACTION_REPEATABLE_READ
[2025-03-19T20:04:10.865+0000] {subprocess.py:93} INFO - INFO  : Compiling command(queryId=root_20250319200410_11d47aa5-5958-4d6d-95a3-f9b0691aafd1): CREATE EXTERNAL TABLE IF NOT EXISTS transactions (
[2025-03-19T20:04:10.867+0000] {subprocess.py:93} INFO -         transaction_id STRING,
[2025-03-19T20:04:10.868+0000] {subprocess.py:93} INFO -         date_time STRING,
[2025-03-19T20:04:10.870+0000] {subprocess.py:93} INFO -         amount DOUBLE,
[2025-03-19T20:04:10.870+0000] {subprocess.py:93} INFO -         currency STRING,
[2025-03-19T20:04:10.871+0000] {subprocess.py:93} INFO -         merchant_details STRING,
[2025-03-19T20:04:10.872+0000] {subprocess.py:93} INFO -         customer_id STRING,
[2025-03-19T20:04:10.872+0000] {subprocess.py:93} INFO -         transaction_type STRING,
[2025-03-19T20:04:10.873+0000] {subprocess.py:93} INFO -         location STRING
[2025-03-19T20:04:10.874+0000] {subprocess.py:93} INFO -     )
[2025-03-19T20:04:10.875+0000] {subprocess.py:93} INFO -     PARTITIONED BY (batch_id STRING)
[2025-03-19T20:04:10.875+0000] {subprocess.py:93} INFO -     STORED AS PARQUET
[2025-03-19T20:04:10.876+0000] {subprocess.py:93} INFO -     LOCATION '/data/transactions/transactions_batch_0'
[2025-03-19T20:04:10.878+0000] {subprocess.py:93} INFO - INFO  : Concurrency mode is disabled, not creating a lock manager
[2025-03-19T20:04:10.879+0000] {subprocess.py:93} INFO - INFO  : Semantic Analysis Completed (retrial = false)
[2025-03-19T20:04:10.880+0000] {subprocess.py:93} INFO - INFO  : Returning Hive schema: Schema(fieldSchemas:null, properties:null)
[2025-03-19T20:04:10.881+0000] {subprocess.py:93} INFO - INFO  : Completed compiling command(queryId=root_20250319200410_11d47aa5-5958-4d6d-95a3-f9b0691aafd1); Time taken: 0.034 seconds
[2025-03-19T20:04:10.881+0000] {subprocess.py:93} INFO - INFO  : Concurrency mode is disabled, not creating a lock manager
[2025-03-19T20:04:10.882+0000] {subprocess.py:93} INFO - INFO  : Executing command(queryId=root_20250319200410_11d47aa5-5958-4d6d-95a3-f9b0691aafd1): CREATE EXTERNAL TABLE IF NOT EXISTS transactions (
[2025-03-19T20:04:10.883+0000] {subprocess.py:93} INFO -         transaction_id STRING,
[2025-03-19T20:04:10.884+0000] {subprocess.py:93} INFO -         date_time STRING,
[2025-03-19T20:04:10.884+0000] {subprocess.py:93} INFO -         amount DOUBLE,
[2025-03-19T20:04:10.885+0000] {subprocess.py:93} INFO -         currency STRING,
[2025-03-19T20:04:10.886+0000] {subprocess.py:93} INFO -         merchant_details STRING,
[2025-03-19T20:04:10.887+0000] {subprocess.py:93} INFO -         customer_id STRING,
[2025-03-19T20:04:10.888+0000] {subprocess.py:93} INFO -         transaction_type STRING,
[2025-03-19T20:04:10.888+0000] {subprocess.py:93} INFO -         location STRING
[2025-03-19T20:04:10.889+0000] {subprocess.py:93} INFO -     )
[2025-03-19T20:04:10.890+0000] {subprocess.py:93} INFO -     PARTITIONED BY (batch_id STRING)
[2025-03-19T20:04:10.890+0000] {subprocess.py:93} INFO -     STORED AS PARQUET
[2025-03-19T20:04:10.891+0000] {subprocess.py:93} INFO -     LOCATION '/data/transactions/transactions_batch_0'
[2025-03-19T20:04:10.891+0000] {subprocess.py:93} INFO - INFO  : Completed executing command(queryId=root_20250319200410_11d47aa5-5958-4d6d-95a3-f9b0691aafd1); Time taken: 0.001 seconds
[2025-03-19T20:04:10.892+0000] {subprocess.py:93} INFO - INFO  : OK
[2025-03-19T20:04:10.893+0000] {subprocess.py:93} INFO - INFO  : Concurrency mode is disabled, not creating a lock manager
[2025-03-19T20:04:10.893+0000] {subprocess.py:93} INFO - No rows affected (0.106 seconds)
[2025-03-19T20:04:11.021+0000] {subprocess.py:93} INFO - INFO  : Compiling command(queryId=root_20250319200410_283627a0-7ddc-47eb-b4eb-a9706b3aa339): ALTER TABLE transactions ADD IF NOT EXISTS PARTITION (batch_id='batch_20250319_200356') LOCATION '/data/transactions/transactions_batch_0'
[2025-03-19T20:04:11.023+0000] {subprocess.py:93} INFO - INFO  : Concurrency mode is disabled, not creating a lock manager
[2025-03-19T20:04:11.025+0000] {subprocess.py:93} INFO - INFO  : Semantic Analysis Completed (retrial = false)
[2025-03-19T20:04:11.026+0000] {subprocess.py:93} INFO - INFO  : Returning Hive schema: Schema(fieldSchemas:null, properties:null)
[2025-03-19T20:04:11.026+0000] {subprocess.py:93} INFO - INFO  : Completed compiling command(queryId=root_20250319200410_283627a0-7ddc-47eb-b4eb-a9706b3aa339); Time taken: 0.015 seconds
[2025-03-19T20:04:11.027+0000] {subprocess.py:93} INFO - INFO  : Concurrency mode is disabled, not creating a lock manager
[2025-03-19T20:04:11.028+0000] {subprocess.py:93} INFO - INFO  : Executing command(queryId=root_20250319200410_283627a0-7ddc-47eb-b4eb-a9706b3aa339): ALTER TABLE transactions ADD IF NOT EXISTS PARTITION (batch_id='batch_20250319_200356') LOCATION '/data/transactions/transactions_batch_0'
[2025-03-19T20:04:11.029+0000] {subprocess.py:93} INFO - INFO  : Starting task [Stage-0:DDL] in serial mode
[2025-03-19T20:04:11.029+0000] {subprocess.py:93} INFO - INFO  : Completed executing command(queryId=root_20250319200410_283627a0-7ddc-47eb-b4eb-a9706b3aa339); Time taken: 0.098 seconds
[2025-03-19T20:04:11.030+0000] {subprocess.py:93} INFO - INFO  : OK
[2025-03-19T20:04:11.031+0000] {subprocess.py:93} INFO - INFO  : Concurrency mode is disabled, not creating a lock manager
[2025-03-19T20:04:11.032+0000] {subprocess.py:93} INFO - No rows affected (0.133 seconds)
[2025-03-19T20:04:11.034+0000] {subprocess.py:93} INFO - Beeline version 3.1.3 by Apache Hive
[2025-03-19T20:04:11.041+0000] {subprocess.py:93} INFO - Closing: 0: jdbc:hive2://localhost:10000
[2025-03-19T20:04:11.088+0000] {subprocess.py:97} INFO - Command exited with return code 0
[2025-03-19T20:04:11.117+0000] {taskinstance.py:1398} INFO - Marking task as SUCCESS. dag_id=transactions_pipeline, task_id=create_hive_table, execution_date=20250319T200356, start_date=20250319T200407, end_date=20250319T200411
[2025-03-19T20:04:11.144+0000] {local_task_job_runner.py:228} INFO - Task exited with return code 0
[2025-03-19T20:04:11.173+0000] {taskinstance.py:2776} INFO - 1 downstream tasks scheduled from follow-on schedule check
