[2025-03-21T13:42:13.715+0000] {taskinstance.py:1157} INFO - Dependencies all met for dep_context=non-requeueable deps ti=<TaskInstance: transactions_pipeline.create_fraud_table_batch_20250321_131507 scheduled__2025-03-21T13:32:39.231672+00:00 [queued]>
[2025-03-21T13:42:13.799+0000] {taskinstance.py:1157} INFO - Dependencies all met for dep_context=requeueable deps ti=<TaskInstance: transactions_pipeline.create_fraud_table_batch_20250321_131507 scheduled__2025-03-21T13:32:39.231672+00:00 [queued]>
[2025-03-21T13:42:13.812+0000] {taskinstance.py:1359} INFO - Starting attempt 1 of 1
[2025-03-21T13:42:13.978+0000] {taskinstance.py:1380} INFO - Executing <Task(BashOperator): create_fraud_table_batch_20250321_131507> on 2025-03-21 13:32:39.231672+00:00
[2025-03-21T13:42:14.004+0000] {standard_task_runner.py:57} INFO - Started process 3653 to run task
[2025-03-21T13:42:14.023+0000] {standard_task_runner.py:84} INFO - Running: ['***', 'tasks', 'run', 'transactions_pipeline', 'create_fraud_table_batch_20250321_131507', 'scheduled__2025-03-21T13:32:39.231672+00:00', '--job-id', '681', '--raw', '--subdir', 'DAGS_FOLDER/fraud_detection_pipeline.py', '--cfg-path', '/tmp/tmpfzc59u60']
[2025-03-21T13:42:14.055+0000] {standard_task_runner.py:85} INFO - Job 681: Subtask create_fraud_table_batch_20250321_131507
[2025-03-21T13:42:14.410+0000] {task_command.py:415} INFO - Running <TaskInstance: transactions_pipeline.create_fraud_table_batch_20250321_131507 scheduled__2025-03-21T13:32:39.231672+00:00 [running]> on host 1b7c3466167a
[2025-03-21T13:42:15.108+0000] {taskinstance.py:1660} INFO - Exporting env vars: AIRFLOW_CTX_DAG_EMAIL='rabiizahnoune7@gmail.com' AIRFLOW_CTX_DAG_OWNER='***' AIRFLOW_CTX_DAG_ID='transactions_pipeline' AIRFLOW_CTX_TASK_ID='create_fraud_table_batch_20250321_131507' AIRFLOW_CTX_EXECUTION_DATE='2025-03-21T13:32:39.231672+00:00' AIRFLOW_CTX_TRY_NUMBER='1' AIRFLOW_CTX_DAG_RUN_ID='scheduled__2025-03-21T13:32:39.231672+00:00'
[2025-03-21T13:42:15.115+0000] {subprocess.py:63} INFO - Tmp dir root location: /tmp
[2025-03-21T13:42:15.122+0000] {subprocess.py:75} INFO - Running command: ['/bin/bash', '-c', '\n            docker exec hive beeline -u "jdbc:hive2://localhost:10000" -e "\n            CREATE EXTERNAL TABLE IF NOT EXISTS fraud_detections (\n                transaction_id STRING,\n                date_time STRING,\n                amount DOUBLE,\n                customer_id STRING,\n                location STRING,\n                fraud_reason STRING\n            )\n            STORED AS PARQUET\n            LOCATION \'/data/fraud_detections\';"\n            ']
[2025-03-21T13:42:15.220+0000] {subprocess.py:86} INFO - Output:
[2025-03-21T13:42:33.033+0000] {local_task_job_runner.py:294} WARNING - State of this instance has been externally set to removed. Terminating instance.
[2025-03-21T13:42:33.040+0000] {process_utils.py:131} INFO - Sending 15 to group 3653. PIDs of all processes in the group: [3668, 3670, 3653]
[2025-03-21T13:42:33.041+0000] {process_utils.py:86} INFO - Sending the signal 15 to group 3653
[2025-03-21T13:42:33.042+0000] {taskinstance.py:1630} ERROR - Received SIGTERM. Terminating subprocesses.
[2025-03-21T13:42:33.043+0000] {subprocess.py:104} INFO - Sending SIGTERM signal to process group
[2025-03-21T13:42:33.048+0000] {process_utils.py:79} INFO - Process psutil.Process(pid=3670, status='terminated', started='13:42:15') (3670) terminated with exit code None
[2025-03-21T13:42:33.144+0000] {process_utils.py:79} INFO - Process psutil.Process(pid=3668, status='terminated', started='13:42:15') (3668) terminated with exit code None
[2025-03-21T13:42:33.145+0000] {process_utils.py:79} INFO - Process psutil.Process(pid=3653, status='terminated', exitcode=0, started='13:42:13') (3653) terminated with exit code 0
