[2025-03-20T14:43:30.074+0000] {taskinstance.py:1157} INFO - Dependencies all met for dep_context=non-requeueable deps ti=<TaskInstance: transactions_pipeline.create_fraud_table scheduled__2025-03-20T13:53:15.476240+00:00 [queued]>
[2025-03-20T14:43:30.084+0000] {taskinstance.py:1157} INFO - Dependencies all met for dep_context=requeueable deps ti=<TaskInstance: transactions_pipeline.create_fraud_table scheduled__2025-03-20T13:53:15.476240+00:00 [queued]>
[2025-03-20T14:43:30.085+0000] {taskinstance.py:1359} INFO - Starting attempt 1 of 1
[2025-03-20T14:43:30.103+0000] {taskinstance.py:1380} INFO - Executing <Task(BashOperator): create_fraud_table> on 2025-03-20 13:53:15.476240+00:00
[2025-03-20T14:43:30.109+0000] {standard_task_runner.py:57} INFO - Started process 2755 to run task
[2025-03-20T14:43:30.112+0000] {standard_task_runner.py:84} INFO - Running: ['***', 'tasks', 'run', 'transactions_pipeline', 'create_fraud_table', 'scheduled__2025-03-20T13:53:15.476240+00:00', '--job-id', '351', '--raw', '--subdir', 'DAGS_FOLDER/fraud_detection_pipeline.py', '--cfg-path', '/tmp/tmpsofdzzdj']
[2025-03-20T14:43:30.115+0000] {standard_task_runner.py:85} INFO - Job 351: Subtask create_fraud_table
[2025-03-20T14:43:30.161+0000] {task_command.py:415} INFO - Running <TaskInstance: transactions_pipeline.create_fraud_table scheduled__2025-03-20T13:53:15.476240+00:00 [running]> on host 3938a1dd8bd9
[2025-03-20T14:43:30.244+0000] {taskinstance.py:1660} INFO - Exporting env vars: AIRFLOW_CTX_DAG_OWNER='***' AIRFLOW_CTX_DAG_ID='transactions_pipeline' AIRFLOW_CTX_TASK_ID='create_fraud_table' AIRFLOW_CTX_EXECUTION_DATE='2025-03-20T13:53:15.476240+00:00' AIRFLOW_CTX_TRY_NUMBER='1' AIRFLOW_CTX_DAG_RUN_ID='scheduled__2025-03-20T13:53:15.476240+00:00'
[2025-03-20T14:43:30.245+0000] {subprocess.py:63} INFO - Tmp dir root location: /tmp
[2025-03-20T14:43:30.247+0000] {subprocess.py:75} INFO - Running command: ['/bin/bash', '-c', '\n    docker exec hive beeline -u "jdbc:hive2://localhost:10000" -e "\n    CREATE EXTERNAL TABLE IF NOT EXISTS fraud_detections (\n        transaction_id STRING,\n        date_time STRING,\n        amount DOUBLE,\n        customer_id STRING,\n        location STRING,\n        fraud_reason STRING\n    )\n    STORED AS PARQUET\n    LOCATION \'/data/fraud_detections\';"\n    ']
[2025-03-20T14:43:30.257+0000] {subprocess.py:86} INFO - Output:
[2025-03-20T14:43:31.233+0000] {subprocess.py:93} INFO - SLF4J: Class path contains multiple SLF4J bindings.
[2025-03-20T14:43:31.234+0000] {subprocess.py:93} INFO - SLF4J: Found binding in [jar:file:/opt/hive/lib/log4j-slf4j-impl-2.17.1.jar!/org/slf4j/impl/StaticLoggerBinder.class]
[2025-03-20T14:43:31.235+0000] {subprocess.py:93} INFO - SLF4J: Found binding in [jar:file:/opt/hadoop/share/hadoop/common/lib/slf4j-log4j12-1.7.25.jar!/org/slf4j/impl/StaticLoggerBinder.class]
[2025-03-20T14:43:31.236+0000] {subprocess.py:93} INFO - SLF4J: See http://www.slf4j.org/codes.html#multiple_bindings for an explanation.
[2025-03-20T14:43:31.394+0000] {subprocess.py:93} INFO - SLF4J: Actual binding is of type [org.apache.logging.slf4j.Log4jLoggerFactory]
[2025-03-20T14:43:32.325+0000] {subprocess.py:93} INFO - Connecting to jdbc:hive2://localhost:10000
[2025-03-20T14:43:32.534+0000] {subprocess.py:93} INFO - Connected to: Apache Hive (version 3.1.3)
[2025-03-20T14:43:32.535+0000] {subprocess.py:93} INFO - Driver: Hive JDBC (version 3.1.3)
[2025-03-20T14:43:32.536+0000] {subprocess.py:93} INFO - Transaction isolation: TRANSACTION_REPEATABLE_READ
[2025-03-20T14:43:32.637+0000] {subprocess.py:93} INFO - INFO  : Compiling command(queryId=root_20250320144332_92967e4f-b1c2-4ac7-9395-3812ac1e029f): CREATE EXTERNAL TABLE IF NOT EXISTS fraud_detections (
[2025-03-20T14:43:32.639+0000] {subprocess.py:93} INFO -         transaction_id STRING,
[2025-03-20T14:43:32.639+0000] {subprocess.py:93} INFO -         date_time STRING,
[2025-03-20T14:43:32.640+0000] {subprocess.py:93} INFO -         amount DOUBLE,
[2025-03-20T14:43:32.641+0000] {subprocess.py:93} INFO -         customer_id STRING,
[2025-03-20T14:43:32.642+0000] {subprocess.py:93} INFO -         location STRING,
[2025-03-20T14:43:32.642+0000] {subprocess.py:93} INFO -         fraud_reason STRING
[2025-03-20T14:43:32.643+0000] {subprocess.py:93} INFO -     )
[2025-03-20T14:43:32.643+0000] {subprocess.py:93} INFO -     STORED AS PARQUET
[2025-03-20T14:43:32.644+0000] {subprocess.py:93} INFO -     LOCATION '/data/fraud_detections'
[2025-03-20T14:43:32.644+0000] {subprocess.py:93} INFO - INFO  : Concurrency mode is disabled, not creating a lock manager
[2025-03-20T14:43:32.645+0000] {subprocess.py:93} INFO - INFO  : Semantic Analysis Completed (retrial = false)
[2025-03-20T14:43:32.645+0000] {subprocess.py:93} INFO - INFO  : Returning Hive schema: Schema(fieldSchemas:null, properties:null)
[2025-03-20T14:43:32.646+0000] {subprocess.py:93} INFO - INFO  : Completed compiling command(queryId=root_20250320144332_92967e4f-b1c2-4ac7-9395-3812ac1e029f); Time taken: 0.012 seconds
[2025-03-20T14:43:32.647+0000] {subprocess.py:93} INFO - INFO  : Concurrency mode is disabled, not creating a lock manager
[2025-03-20T14:43:32.647+0000] {subprocess.py:93} INFO - INFO  : Executing command(queryId=root_20250320144332_92967e4f-b1c2-4ac7-9395-3812ac1e029f): CREATE EXTERNAL TABLE IF NOT EXISTS fraud_detections (
[2025-03-20T14:43:32.648+0000] {subprocess.py:93} INFO -         transaction_id STRING,
[2025-03-20T14:43:32.648+0000] {subprocess.py:93} INFO -         date_time STRING,
[2025-03-20T14:43:32.649+0000] {subprocess.py:93} INFO -         amount DOUBLE,
[2025-03-20T14:43:32.650+0000] {subprocess.py:93} INFO -         customer_id STRING,
[2025-03-20T14:43:32.650+0000] {subprocess.py:93} INFO -         location STRING,
[2025-03-20T14:43:32.651+0000] {subprocess.py:93} INFO -         fraud_reason STRING
[2025-03-20T14:43:32.651+0000] {subprocess.py:93} INFO -     )
[2025-03-20T14:43:32.652+0000] {subprocess.py:93} INFO -     STORED AS PARQUET
[2025-03-20T14:43:32.652+0000] {subprocess.py:93} INFO -     LOCATION '/data/fraud_detections'
[2025-03-20T14:43:32.653+0000] {subprocess.py:93} INFO - INFO  : Completed executing command(queryId=root_20250320144332_92967e4f-b1c2-4ac7-9395-3812ac1e029f); Time taken: 0.001 seconds
[2025-03-20T14:43:32.654+0000] {subprocess.py:93} INFO - INFO  : OK
[2025-03-20T14:43:32.654+0000] {subprocess.py:93} INFO - INFO  : Concurrency mode is disabled, not creating a lock manager
[2025-03-20T14:43:32.655+0000] {subprocess.py:93} INFO - No rows affected (0.087 seconds)
[2025-03-20T14:43:32.656+0000] {subprocess.py:93} INFO - Beeline version 3.1.3 by Apache Hive
[2025-03-20T14:43:32.681+0000] {subprocess.py:93} INFO - Closing: 0: jdbc:hive2://localhost:10000
[2025-03-20T14:43:32.726+0000] {subprocess.py:97} INFO - Command exited with return code 0
[2025-03-20T14:43:32.757+0000] {taskinstance.py:1398} INFO - Marking task as SUCCESS. dag_id=transactions_pipeline, task_id=create_fraud_table, execution_date=20250320T135315, start_date=20250320T144330, end_date=20250320T144332
[2025-03-20T14:43:32.817+0000] {local_task_job_runner.py:228} INFO - Task exited with return code 0
[2025-03-20T14:43:32.842+0000] {taskinstance.py:2776} INFO - 1 downstream tasks scheduled from follow-on schedule check
