[2025-03-20T15:27:29.136+0000] {taskinstance.py:1157} INFO - Dependencies all met for dep_context=non-requeueable deps ti=<TaskInstance: transactions_pipeline.create_hive_table manual__2025-03-20T15:27:18.465074+00:00 [queued]>
[2025-03-20T15:27:29.150+0000] {taskinstance.py:1157} INFO - Dependencies all met for dep_context=requeueable deps ti=<TaskInstance: transactions_pipeline.create_hive_table manual__2025-03-20T15:27:18.465074+00:00 [queued]>
[2025-03-20T15:27:29.151+0000] {taskinstance.py:1359} INFO - Starting attempt 1 of 2
[2025-03-20T15:27:29.180+0000] {taskinstance.py:1380} INFO - Executing <Task(BashOperator): create_hive_table> on 2025-03-20 15:27:18.465074+00:00
[2025-03-20T15:27:29.188+0000] {standard_task_runner.py:57} INFO - Started process 3435 to run task
[2025-03-20T15:27:29.194+0000] {standard_task_runner.py:84} INFO - Running: ['***', 'tasks', 'run', 'transactions_pipeline', 'create_hive_table', 'manual__2025-03-20T15:27:18.465074+00:00', '--job-id', '365', '--raw', '--subdir', 'DAGS_FOLDER/fraud_detection_pipeline.py', '--cfg-path', '/tmp/tmpvk25rmhd']
[2025-03-20T15:27:29.199+0000] {standard_task_runner.py:85} INFO - Job 365: Subtask create_hive_table
[2025-03-20T15:27:29.270+0000] {task_command.py:415} INFO - Running <TaskInstance: transactions_pipeline.create_hive_table manual__2025-03-20T15:27:18.465074+00:00 [running]> on host 3938a1dd8bd9
[2025-03-20T15:27:29.399+0000] {taskinstance.py:1660} INFO - Exporting env vars: AIRFLOW_CTX_DAG_EMAIL='rabiizahnoune7@gmail.com' AIRFLOW_CTX_DAG_OWNER='***' AIRFLOW_CTX_DAG_ID='transactions_pipeline' AIRFLOW_CTX_TASK_ID='create_hive_table' AIRFLOW_CTX_EXECUTION_DATE='2025-03-20T15:27:18.465074+00:00' AIRFLOW_CTX_TRY_NUMBER='1' AIRFLOW_CTX_DAG_RUN_ID='manual__2025-03-20T15:27:18.465074+00:00'
[2025-03-20T15:27:29.401+0000] {subprocess.py:63} INFO - Tmp dir root location: /tmp
[2025-03-20T15:27:29.403+0000] {subprocess.py:75} INFO - Running command: ['/bin/bash', '-c', '\n        docker exec hive beeline -u "jdbc:hive2://localhost:10000" --hiveconf hive.exec.dynamic.partition.mode=nonstrict -e "\n        CREATE EXTERNAL TABLE IF NOT EXISTS transactions (\n            transaction_id STRING,\n            date_time STRING,\n            amount DOUBLE,\n            currency STRING,\n            merchant_details STRING,\n            customer_id STRING,\n            transaction_type STRING,\n            location STRING\n        )\n        PARTITIONED BY (batch_id STRING)\n        STORED AS PARQUET;\n        ALTER TABLE transactions ADD IF NOT EXISTS PARTITION (batch_id=\'batch_20250320_144447\') LOCATION \'/data/transactions/transactions_batch_20250320_144447\';"\n        ']
[2025-03-20T15:27:29.420+0000] {subprocess.py:86} INFO - Output:
[2025-03-20T15:27:30.569+0000] {subprocess.py:93} INFO - SLF4J: Class path contains multiple SLF4J bindings.
[2025-03-20T15:27:30.571+0000] {subprocess.py:93} INFO - SLF4J: Found binding in [jar:file:/opt/hive/lib/log4j-slf4j-impl-2.17.1.jar!/org/slf4j/impl/StaticLoggerBinder.class]
[2025-03-20T15:27:30.571+0000] {subprocess.py:93} INFO - SLF4J: Found binding in [jar:file:/opt/hadoop/share/hadoop/common/lib/slf4j-log4j12-1.7.25.jar!/org/slf4j/impl/StaticLoggerBinder.class]
[2025-03-20T15:27:30.572+0000] {subprocess.py:93} INFO - SLF4J: See http://www.slf4j.org/codes.html#multiple_bindings for an explanation.
[2025-03-20T15:27:30.781+0000] {subprocess.py:93} INFO - SLF4J: Actual binding is of type [org.apache.logging.slf4j.Log4jLoggerFactory]
[2025-03-20T15:27:32.016+0000] {subprocess.py:93} INFO - Connecting to jdbc:hive2://localhost:10000
[2025-03-20T15:27:32.346+0000] {subprocess.py:93} INFO - Connected to: Apache Hive (version 3.1.3)
[2025-03-20T15:27:32.347+0000] {subprocess.py:93} INFO - Driver: Hive JDBC (version 3.1.3)
[2025-03-20T15:27:32.348+0000] {subprocess.py:93} INFO - Transaction isolation: TRANSACTION_REPEATABLE_READ
[2025-03-20T15:27:32.459+0000] {subprocess.py:93} INFO - INFO  : Compiling command(queryId=root_20250320152732_e11b3cbc-6ee2-4cee-8ab6-ab2a95bbd748): CREATE EXTERNAL TABLE IF NOT EXISTS transactions (
[2025-03-20T15:27:32.460+0000] {subprocess.py:93} INFO -             transaction_id STRING,
[2025-03-20T15:27:32.461+0000] {subprocess.py:93} INFO -             date_time STRING,
[2025-03-20T15:27:32.462+0000] {subprocess.py:93} INFO -             amount DOUBLE,
[2025-03-20T15:27:32.462+0000] {subprocess.py:93} INFO -             currency STRING,
[2025-03-20T15:27:32.463+0000] {subprocess.py:93} INFO -             merchant_details STRING,
[2025-03-20T15:27:32.463+0000] {subprocess.py:93} INFO -             customer_id STRING,
[2025-03-20T15:27:32.464+0000] {subprocess.py:93} INFO -             transaction_type STRING,
[2025-03-20T15:27:32.465+0000] {subprocess.py:93} INFO -             location STRING
[2025-03-20T15:27:32.465+0000] {subprocess.py:93} INFO -         )
[2025-03-20T15:27:32.466+0000] {subprocess.py:93} INFO -         PARTITIONED BY (batch_id STRING)
[2025-03-20T15:27:32.466+0000] {subprocess.py:93} INFO -         STORED AS PARQUET
[2025-03-20T15:27:32.467+0000] {subprocess.py:93} INFO - INFO  : Concurrency mode is disabled, not creating a lock manager
[2025-03-20T15:27:32.467+0000] {subprocess.py:93} INFO - INFO  : Semantic Analysis Completed (retrial = false)
[2025-03-20T15:27:32.469+0000] {subprocess.py:93} INFO - INFO  : Returning Hive schema: Schema(fieldSchemas:null, properties:null)
[2025-03-20T15:27:32.470+0000] {subprocess.py:93} INFO - INFO  : Completed compiling command(queryId=root_20250320152732_e11b3cbc-6ee2-4cee-8ab6-ab2a95bbd748); Time taken: 0.018 seconds
[2025-03-20T15:27:32.471+0000] {subprocess.py:93} INFO - INFO  : Concurrency mode is disabled, not creating a lock manager
[2025-03-20T15:27:32.472+0000] {subprocess.py:93} INFO - INFO  : Executing command(queryId=root_20250320152732_e11b3cbc-6ee2-4cee-8ab6-ab2a95bbd748): CREATE EXTERNAL TABLE IF NOT EXISTS transactions (
[2025-03-20T15:27:32.472+0000] {subprocess.py:93} INFO -             transaction_id STRING,
[2025-03-20T15:27:32.473+0000] {subprocess.py:93} INFO -             date_time STRING,
[2025-03-20T15:27:32.473+0000] {subprocess.py:93} INFO -             amount DOUBLE,
[2025-03-20T15:27:32.474+0000] {subprocess.py:93} INFO -             currency STRING,
[2025-03-20T15:27:32.474+0000] {subprocess.py:93} INFO -             merchant_details STRING,
[2025-03-20T15:27:32.475+0000] {subprocess.py:93} INFO -             customer_id STRING,
[2025-03-20T15:27:32.476+0000] {subprocess.py:93} INFO -             transaction_type STRING,
[2025-03-20T15:27:32.476+0000] {subprocess.py:93} INFO -             location STRING
[2025-03-20T15:27:32.477+0000] {subprocess.py:93} INFO -         )
[2025-03-20T15:27:32.477+0000] {subprocess.py:93} INFO -         PARTITIONED BY (batch_id STRING)
[2025-03-20T15:27:32.478+0000] {subprocess.py:93} INFO -         STORED AS PARQUET
[2025-03-20T15:27:32.479+0000] {subprocess.py:93} INFO - INFO  : Completed executing command(queryId=root_20250320152732_e11b3cbc-6ee2-4cee-8ab6-ab2a95bbd748); Time taken: 0.001 seconds
[2025-03-20T15:27:32.479+0000] {subprocess.py:93} INFO - INFO  : OK
[2025-03-20T15:27:32.480+0000] {subprocess.py:93} INFO - INFO  : Concurrency mode is disabled, not creating a lock manager
[2025-03-20T15:27:32.480+0000] {subprocess.py:93} INFO - No rows affected (0.087 seconds)
[2025-03-20T15:27:32.555+0000] {subprocess.py:93} INFO - INFO  : Compiling command(queryId=root_20250320152732_64631c4a-dcf7-473a-98ff-932858563d3f): ALTER TABLE transactions ADD IF NOT EXISTS PARTITION (batch_id='batch_20250320_144447') LOCATION '/data/transactions/transactions_batch_20250320_144447'
[2025-03-20T15:27:32.556+0000] {subprocess.py:93} INFO - INFO  : Concurrency mode is disabled, not creating a lock manager
[2025-03-20T15:27:32.557+0000] {subprocess.py:93} INFO - INFO  : Semantic Analysis Completed (retrial = false)
[2025-03-20T15:27:32.557+0000] {subprocess.py:93} INFO - INFO  : Returning Hive schema: Schema(fieldSchemas:null, properties:null)
[2025-03-20T15:27:32.558+0000] {subprocess.py:93} INFO - INFO  : Completed compiling command(queryId=root_20250320152732_64631c4a-dcf7-473a-98ff-932858563d3f); Time taken: 0.013 seconds
[2025-03-20T15:27:32.558+0000] {subprocess.py:93} INFO - INFO  : Concurrency mode is disabled, not creating a lock manager
[2025-03-20T15:27:32.559+0000] {subprocess.py:93} INFO - INFO  : Executing command(queryId=root_20250320152732_64631c4a-dcf7-473a-98ff-932858563d3f): ALTER TABLE transactions ADD IF NOT EXISTS PARTITION (batch_id='batch_20250320_144447') LOCATION '/data/transactions/transactions_batch_20250320_144447'
[2025-03-20T15:27:32.560+0000] {subprocess.py:93} INFO - INFO  : Starting task [Stage-0:DDL] in serial mode
[2025-03-20T15:27:32.560+0000] {subprocess.py:93} INFO - INFO  : Completed executing command(queryId=root_20250320152732_64631c4a-dcf7-473a-98ff-932858563d3f); Time taken: 0.051 seconds
[2025-03-20T15:27:32.561+0000] {subprocess.py:93} INFO - INFO  : OK
[2025-03-20T15:27:32.561+0000] {subprocess.py:93} INFO - INFO  : Concurrency mode is disabled, not creating a lock manager
[2025-03-20T15:27:32.562+0000] {subprocess.py:93} INFO - No rows affected (0.077 seconds)
[2025-03-20T15:27:32.562+0000] {subprocess.py:93} INFO - Beeline version 3.1.3 by Apache Hive
[2025-03-20T15:27:32.566+0000] {subprocess.py:93} INFO - Closing: 0: jdbc:hive2://localhost:10000
[2025-03-20T15:27:32.609+0000] {subprocess.py:97} INFO - Command exited with return code 0
[2025-03-20T15:27:32.645+0000] {taskinstance.py:1398} INFO - Marking task as SUCCESS. dag_id=transactions_pipeline, task_id=create_hive_table, execution_date=20250320T152718, start_date=20250320T152729, end_date=20250320T152732
[2025-03-20T15:27:32.706+0000] {local_task_job_runner.py:228} INFO - Task exited with return code 0
[2025-03-20T15:27:32.739+0000] {taskinstance.py:2776} INFO - 1 downstream tasks scheduled from follow-on schedule check
