[2025-03-21T15:41:42.100+0000] {taskinstance.py:1157} INFO - Dependencies all met for dep_context=non-requeueable deps ti=<TaskInstance: transactions_pipeline.detect_fraud_batch_20250321_154101 manual__2025-03-21T15:41:19.088324+00:00 [queued]>
[2025-03-21T15:41:42.115+0000] {taskinstance.py:1157} INFO - Dependencies all met for dep_context=requeueable deps ti=<TaskInstance: transactions_pipeline.detect_fraud_batch_20250321_154101 manual__2025-03-21T15:41:19.088324+00:00 [queued]>
[2025-03-21T15:41:42.117+0000] {taskinstance.py:1359} INFO - Starting attempt 1 of 1
[2025-03-21T15:41:42.136+0000] {taskinstance.py:1380} INFO - Executing <Task(BashOperator): detect_fraud_batch_20250321_154101> on 2025-03-21 15:41:19.088324+00:00
[2025-03-21T15:41:42.143+0000] {standard_task_runner.py:57} INFO - Started process 7837 to run task
[2025-03-21T15:41:42.147+0000] {standard_task_runner.py:84} INFO - Running: ['***', 'tasks', 'run', 'transactions_pipeline', 'detect_fraud_batch_20250321_154101', 'manual__2025-03-21T15:41:19.088324+00:00', '--job-id', '839', '--raw', '--subdir', 'DAGS_FOLDER/fraud_detection_pipeline.py', '--cfg-path', '/tmp/tmp_o9_scip']
[2025-03-21T15:41:42.153+0000] {standard_task_runner.py:85} INFO - Job 839: Subtask detect_fraud_batch_20250321_154101
[2025-03-21T15:41:42.214+0000] {task_command.py:415} INFO - Running <TaskInstance: transactions_pipeline.detect_fraud_batch_20250321_154101 manual__2025-03-21T15:41:19.088324+00:00 [running]> on host e95638583d4d
[2025-03-21T15:41:42.403+0000] {taskinstance.py:1660} INFO - Exporting env vars: AIRFLOW_CTX_DAG_OWNER='***' AIRFLOW_CTX_DAG_ID='transactions_pipeline' AIRFLOW_CTX_TASK_ID='detect_fraud_batch_20250321_154101' AIRFLOW_CTX_EXECUTION_DATE='2025-03-21T15:41:19.088324+00:00' AIRFLOW_CTX_TRY_NUMBER='1' AIRFLOW_CTX_DAG_RUN_ID='manual__2025-03-21T15:41:19.088324+00:00'
[2025-03-21T15:41:42.407+0000] {subprocess.py:63} INFO - Tmp dir root location: /tmp
[2025-03-21T15:41:42.408+0000] {subprocess.py:75} INFO - Running command: ['/bin/bash', '-c', '\n            docker exec hive spark-submit               --master spark://localhost:7077               --driver-memory 1g               --executor-memory 1g               --num-executors 1               --executor-cores 1               /hive/scripts/detect_fraud.py "batch_20250321_154101"\n            ']
[2025-03-21T15:41:42.426+0000] {subprocess.py:86} INFO - Output:
[2025-03-21T15:41:46.047+0000] {subprocess.py:93} INFO - 25/03/21 15:41:46 INFO SparkContext: Running Spark version 3.5.0
[2025-03-21T15:41:46.051+0000] {subprocess.py:93} INFO - 25/03/21 15:41:46 INFO SparkContext: OS info Linux, 5.15.167.4-microsoft-standard-WSL2, amd64
[2025-03-21T15:41:46.056+0000] {subprocess.py:93} INFO - 25/03/21 15:41:46 INFO SparkContext: Java version 1.8.0_342
[2025-03-21T15:41:46.190+0000] {subprocess.py:93} INFO - 25/03/21 15:41:46 WARN NativeCodeLoader: Unable to load native-hadoop library for your platform... using builtin-java classes where applicable
[2025-03-21T15:41:46.335+0000] {subprocess.py:93} INFO - 25/03/21 15:41:46 INFO ResourceUtils: ==============================================================
[2025-03-21T15:41:46.336+0000] {subprocess.py:93} INFO - 25/03/21 15:41:46 INFO ResourceUtils: No custom resources configured for spark.driver.
[2025-03-21T15:41:46.337+0000] {subprocess.py:93} INFO - 25/03/21 15:41:46 INFO ResourceUtils: ==============================================================
[2025-03-21T15:41:46.338+0000] {subprocess.py:93} INFO - 25/03/21 15:41:46 INFO SparkContext: Submitted application: FraudDetection
[2025-03-21T15:41:46.390+0000] {subprocess.py:93} INFO - 25/03/21 15:41:46 INFO ResourceProfile: Default ResourceProfile created, executor resources: Map(cores -> name: cores, amount: 1, script: , vendor: , memory -> name: memory, amount: 1024, script: , vendor: , offHeap -> name: offHeap, amount: 0, script: , vendor: ), task resources: Map(cpus -> name: cpus, amount: 1.0)
[2025-03-21T15:41:46.414+0000] {subprocess.py:93} INFO - 25/03/21 15:41:46 INFO ResourceProfile: Limiting resource is cpus at 1 tasks per executor
[2025-03-21T15:41:46.416+0000] {subprocess.py:93} INFO - 25/03/21 15:41:46 INFO ResourceProfileManager: Added ResourceProfile id: 0
[2025-03-21T15:41:46.479+0000] {subprocess.py:93} INFO - 25/03/21 15:41:46 INFO SecurityManager: Changing view acls to: root
[2025-03-21T15:41:46.480+0000] {subprocess.py:93} INFO - 25/03/21 15:41:46 INFO SecurityManager: Changing modify acls to: root
[2025-03-21T15:41:46.483+0000] {subprocess.py:93} INFO - 25/03/21 15:41:46 INFO SecurityManager: Changing view acls groups to:
[2025-03-21T15:41:46.484+0000] {subprocess.py:93} INFO - 25/03/21 15:41:46 INFO SecurityManager: Changing modify acls groups to:
[2025-03-21T15:41:46.485+0000] {subprocess.py:93} INFO - 25/03/21 15:41:46 INFO SecurityManager: SecurityManager: authentication disabled; ui acls disabled; users with view permissions: root; groups with view permissions: EMPTY; users with modify permissions: root; groups with modify permissions: EMPTY
[2025-03-21T15:41:46.790+0000] {subprocess.py:93} INFO - 25/03/21 15:41:46 INFO Utils: Successfully started service 'sparkDriver' on port 38221.
[2025-03-21T15:41:46.831+0000] {subprocess.py:93} INFO - 25/03/21 15:41:46 INFO SparkEnv: Registering MapOutputTracker
[2025-03-21T15:41:46.881+0000] {subprocess.py:93} INFO - 25/03/21 15:41:46 INFO SparkEnv: Registering BlockManagerMaster
[2025-03-21T15:41:46.910+0000] {subprocess.py:93} INFO - 25/03/21 15:41:46 INFO BlockManagerMasterEndpoint: Using org.apache.spark.storage.DefaultTopologyMapper for getting topology information
[2025-03-21T15:41:46.911+0000] {subprocess.py:93} INFO - 25/03/21 15:41:46 INFO BlockManagerMasterEndpoint: BlockManagerMasterEndpoint up
[2025-03-21T15:41:46.916+0000] {subprocess.py:93} INFO - 25/03/21 15:41:46 INFO SparkEnv: Registering BlockManagerMasterHeartbeat
[2025-03-21T15:41:47.035+0000] {subprocess.py:93} INFO - 25/03/21 15:41:47 INFO DiskBlockManager: Created local directory at /tmp/blockmgr-b06e9c63-1b77-419a-aeed-d39b509febdc
[2025-03-21T15:41:47.065+0000] {subprocess.py:93} INFO - 25/03/21 15:41:47 INFO MemoryStore: MemoryStore started with capacity 366.3 MiB
[2025-03-21T15:41:47.091+0000] {subprocess.py:93} INFO - 25/03/21 15:41:47 INFO SparkEnv: Registering OutputCommitCoordinator
[2025-03-21T15:41:47.337+0000] {subprocess.py:93} INFO - 25/03/21 15:41:47 INFO JettyUtils: Start Jetty 0.0.0.0:4040 for SparkUI
[2025-03-21T15:41:47.453+0000] {subprocess.py:93} INFO - 25/03/21 15:41:47 INFO Utils: Successfully started service 'SparkUI' on port 4040.
[2025-03-21T15:41:47.705+0000] {subprocess.py:93} INFO - 25/03/21 15:41:47 INFO StandaloneAppClient$ClientEndpoint: Connecting to master spark://localhost:7077...
[2025-03-21T15:41:47.812+0000] {subprocess.py:93} INFO - 25/03/21 15:41:47 INFO TransportClientFactory: Successfully created connection to localhost/127.0.0.1:7077 after 78 ms (0 ms spent in bootstraps)
[2025-03-21T15:41:47.953+0000] {subprocess.py:93} INFO - 25/03/21 15:41:47 INFO StandaloneSchedulerBackend: Connected to Spark cluster with app ID app-20250321154147-0017
[2025-03-21T15:41:47.963+0000] {subprocess.py:93} INFO - 25/03/21 15:41:47 INFO StandaloneAppClient$ClientEndpoint: Executor added: app-20250321154147-0017/0 on worker-20250321134653-172.18.0.2-40107 (172.18.0.2:40107) with 1 core(s)
[2025-03-21T15:41:47.967+0000] {subprocess.py:93} INFO - 25/03/21 15:41:47 INFO StandaloneSchedulerBackend: Granted executor ID app-20250321154147-0017/0 on hostPort 172.18.0.2:40107 with 1 core(s), 1024.0 MiB RAM
[2025-03-21T15:41:47.978+0000] {subprocess.py:93} INFO - 25/03/21 15:41:47 INFO StandaloneAppClient$ClientEndpoint: Executor added: app-20250321154147-0017/1 on worker-20250321134653-172.18.0.2-40107 (172.18.0.2:40107) with 1 core(s)
[2025-03-21T15:41:47.979+0000] {subprocess.py:93} INFO - 25/03/21 15:41:47 INFO StandaloneSchedulerBackend: Granted executor ID app-20250321154147-0017/1 on hostPort 172.18.0.2:40107 with 1 core(s), 1024.0 MiB RAM
[2025-03-21T15:41:47.980+0000] {subprocess.py:93} INFO - 25/03/21 15:41:47 INFO Utils: Successfully started service 'org.apache.spark.network.netty.NettyBlockTransferService' on port 40427.
[2025-03-21T15:41:47.981+0000] {subprocess.py:93} INFO - 25/03/21 15:41:47 INFO NettyBlockTransferService: Server created on e0b25feeb0e2:40427
[2025-03-21T15:41:47.984+0000] {subprocess.py:93} INFO - 25/03/21 15:41:47 INFO BlockManager: Using org.apache.spark.storage.RandomBlockReplicationPolicy for block replication policy
[2025-03-21T15:41:47.998+0000] {subprocess.py:93} INFO - 25/03/21 15:41:47 INFO BlockManagerMaster: Registering BlockManager BlockManagerId(driver, e0b25feeb0e2, 40427, None)
[2025-03-21T15:41:48.005+0000] {subprocess.py:93} INFO - 25/03/21 15:41:48 INFO BlockManagerMasterEndpoint: Registering block manager e0b25feeb0e2:40427 with 366.3 MiB RAM, BlockManagerId(driver, e0b25feeb0e2, 40427, None)
[2025-03-21T15:41:48.011+0000] {subprocess.py:93} INFO - 25/03/21 15:41:48 INFO BlockManagerMaster: Registered BlockManager BlockManagerId(driver, e0b25feeb0e2, 40427, None)
[2025-03-21T15:41:48.016+0000] {subprocess.py:93} INFO - 25/03/21 15:41:48 INFO BlockManager: Initialized BlockManager: BlockManagerId(driver, e0b25feeb0e2, 40427, None)
[2025-03-21T15:41:48.481+0000] {subprocess.py:93} INFO - 25/03/21 15:41:48 INFO StandaloneAppClient$ClientEndpoint: Executor updated: app-20250321154147-0017/1 is now RUNNING
[2025-03-21T15:41:48.490+0000] {subprocess.py:93} INFO - 25/03/21 15:41:48 INFO StandaloneAppClient$ClientEndpoint: Executor updated: app-20250321154147-0017/0 is now RUNNING
[2025-03-21T15:41:49.980+0000] {subprocess.py:93} INFO - 25/03/21 15:41:49 INFO StandaloneSchedulerBackend: SchedulerBackend is ready for scheduling beginning after reached minRegisteredResourcesRatio: 0.0
[2025-03-21T15:41:51.086+0000] {subprocess.py:93} INFO - Spark version: 3.5.0
[2025-03-21T15:41:51.685+0000] {subprocess.py:93} INFO - 25/03/21 15:41:51 INFO SharedState: Setting hive.metastore.warehouse.dir ('null') to the value of spark.sql.warehouse.dir.
[2025-03-21T15:41:55.108+0000] {subprocess.py:93} INFO - 25/03/21 15:41:55 INFO SharedState: Warehouse path is 'hdfs://localhost:9000/data/warehouse'.
[2025-03-21T15:42:02.654+0000] {subprocess.py:93} INFO - 25/03/21 15:42:02 INFO InMemoryFileIndex: It took 601 ms to list leaf files for 1 paths.
[2025-03-21T15:42:02.776+0000] {subprocess.py:93} INFO - 25/03/21 15:42:02 INFO StandaloneSchedulerBackend$StandaloneDriverEndpoint: Registered executor NettyRpcEndpointRef(spark-client://Executor) (172.18.0.2:56246) with ID 0,  ResourceProfileId 0
[2025-03-21T15:42:03.143+0000] {subprocess.py:93} INFO - 25/03/21 15:42:03 INFO StandaloneSchedulerBackend$StandaloneDriverEndpoint: Registered executor NettyRpcEndpointRef(spark-client://Executor) (172.18.0.2:56254) with ID 1,  ResourceProfileId 0
[2025-03-21T15:42:03.653+0000] {subprocess.py:93} INFO - 25/03/21 15:42:03 INFO BlockManagerMasterEndpoint: Registering block manager 172.18.0.2:39105 with 366.3 MiB RAM, BlockManagerId(0, 172.18.0.2, 39105, None)
[2025-03-21T15:42:03.672+0000] {subprocess.py:93} INFO - 25/03/21 15:42:03 INFO BlockManagerMasterEndpoint: Registering block manager 172.18.0.2:43299 with 366.3 MiB RAM, BlockManagerId(1, 172.18.0.2, 43299, None)
[2025-03-21T15:42:05.248+0000] {subprocess.py:93} INFO - 25/03/21 15:42:05 INFO SparkContext: Starting job: parquet at NativeMethodAccessorImpl.java:0
[2025-03-21T15:42:05.294+0000] {subprocess.py:93} INFO - 25/03/21 15:42:05 INFO DAGScheduler: Got job 0 (parquet at NativeMethodAccessorImpl.java:0) with 1 output partitions
[2025-03-21T15:42:05.295+0000] {subprocess.py:93} INFO - 25/03/21 15:42:05 INFO DAGScheduler: Final stage: ResultStage 0 (parquet at NativeMethodAccessorImpl.java:0)
[2025-03-21T15:42:05.297+0000] {subprocess.py:93} INFO - 25/03/21 15:42:05 INFO DAGScheduler: Parents of final stage: List()
[2025-03-21T15:42:05.298+0000] {subprocess.py:93} INFO - 25/03/21 15:42:05 INFO DAGScheduler: Missing parents: List()
[2025-03-21T15:42:05.312+0000] {subprocess.py:93} INFO - 25/03/21 15:42:05 INFO DAGScheduler: Submitting ResultStage 0 (MapPartitionsRDD[1] at parquet at NativeMethodAccessorImpl.java:0), which has no missing parents
[2025-03-21T15:42:05.474+0000] {subprocess.py:93} INFO - 25/03/21 15:42:05 INFO MemoryStore: Block broadcast_0 stored as values in memory (estimated size 103.5 KiB, free 366.2 MiB)
[2025-03-21T15:42:05.527+0000] {subprocess.py:93} INFO - 25/03/21 15:42:05 INFO MemoryStore: Block broadcast_0_piece0 stored as bytes in memory (estimated size 37.2 KiB, free 366.2 MiB)
[2025-03-21T15:42:05.530+0000] {subprocess.py:93} INFO - 25/03/21 15:42:05 INFO BlockManagerInfo: Added broadcast_0_piece0 in memory on e0b25feeb0e2:40427 (size: 37.2 KiB, free: 366.3 MiB)
[2025-03-21T15:42:05.547+0000] {subprocess.py:93} INFO - 25/03/21 15:42:05 INFO SparkContext: Created broadcast 0 from broadcast at DAGScheduler.scala:1580
[2025-03-21T15:42:05.575+0000] {subprocess.py:93} INFO - 25/03/21 15:42:05 INFO DAGScheduler: Submitting 1 missing tasks from ResultStage 0 (MapPartitionsRDD[1] at parquet at NativeMethodAccessorImpl.java:0) (first 15 tasks are for partitions Vector(0))
[2025-03-21T15:42:05.576+0000] {subprocess.py:93} INFO - 25/03/21 15:42:05 INFO TaskSchedulerImpl: Adding task set 0.0 with 1 tasks resource profile 0
[2025-03-21T15:42:05.618+0000] {subprocess.py:93} INFO - 25/03/21 15:42:05 INFO TaskSetManager: Starting task 0.0 in stage 0.0 (TID 0) (172.18.0.2, executor 0, partition 0, PROCESS_LOCAL, 7831 bytes)
[2025-03-21T15:42:06.270+0000] {subprocess.py:93} INFO - 25/03/21 15:42:06 INFO BlockManagerInfo: Added broadcast_0_piece0 in memory on 172.18.0.2:39105 (size: 37.2 KiB, free: 366.3 MiB)
[2025-03-21T15:42:10.471+0000] {subprocess.py:93} INFO - 25/03/21 15:42:10 INFO TaskSetManager: Finished task 0.0 in stage 0.0 (TID 0) in 4867 ms on 172.18.0.2 (executor 0) (1/1)
[2025-03-21T15:42:10.482+0000] {subprocess.py:93} INFO - 25/03/21 15:42:10 INFO TaskSchedulerImpl: Removed TaskSet 0.0, whose tasks have all completed, from pool
[2025-03-21T15:42:10.493+0000] {subprocess.py:93} INFO - 25/03/21 15:42:10 INFO DAGScheduler: ResultStage 0 (parquet at NativeMethodAccessorImpl.java:0) finished in 5.126 s
[2025-03-21T15:42:10.504+0000] {subprocess.py:93} INFO - 25/03/21 15:42:10 INFO DAGScheduler: Job 0 is finished. Cancelling potential speculative or zombie tasks for this job
[2025-03-21T15:42:10.506+0000] {subprocess.py:93} INFO - 25/03/21 15:42:10 INFO TaskSchedulerImpl: Killing all running tasks in stage 0: Stage finished
[2025-03-21T15:42:10.645+0000] {subprocess.py:93} INFO - 25/03/21 15:42:10 INFO DAGScheduler: Job 0 finished: parquet at NativeMethodAccessorImpl.java:0, took 5.298288 s
[2025-03-21T15:42:10.914+0000] {subprocess.py:93} INFO - 25/03/21 15:42:10 INFO BlockManagerInfo: Removed broadcast_0_piece0 on e0b25feeb0e2:40427 in memory (size: 37.2 KiB, free: 366.3 MiB)
[2025-03-21T15:42:10.969+0000] {subprocess.py:93} INFO - 25/03/21 15:42:10 INFO BlockManagerInfo: Removed broadcast_0_piece0 on 172.18.0.2:39105 in memory (size: 37.2 KiB, free: 366.3 MiB)
[2025-03-21T15:42:13.599+0000] {subprocess.py:93} INFO - 25/03/21 15:42:13 INFO FileSourceStrategy: Pushed Filters: IsNotNull(amount),GreaterThan(amount,1000.0)
[2025-03-21T15:42:13.605+0000] {subprocess.py:93} INFO - 25/03/21 15:42:13 INFO FileSourceStrategy: Post-Scan Filters: isnotnull(amount#2),(amount#2 > 1000.0)
[2025-03-21T15:42:13.803+0000] {subprocess.py:93} INFO - 25/03/21 15:42:13 INFO ParquetUtils: Using default output committer for Parquet: org.apache.parquet.hadoop.ParquetOutputCommitter
[2025-03-21T15:42:13.828+0000] {subprocess.py:93} INFO - 25/03/21 15:42:13 INFO FileOutputCommitter: File Output Committer Algorithm version is 1
[2025-03-21T15:42:13.829+0000] {subprocess.py:93} INFO - 25/03/21 15:42:13 INFO FileOutputCommitter: FileOutputCommitter skip cleanup _temporary folders under output directory:false, ignore cleanup failures: false
[2025-03-21T15:42:13.830+0000] {subprocess.py:93} INFO - 25/03/21 15:42:13 INFO SQLHadoopMapReduceCommitProtocol: Using user defined output committer class org.apache.parquet.hadoop.ParquetOutputCommitter
[2025-03-21T15:42:13.831+0000] {subprocess.py:93} INFO - 25/03/21 15:42:13 INFO FileOutputCommitter: File Output Committer Algorithm version is 1
[2025-03-21T15:42:13.832+0000] {subprocess.py:93} INFO - 25/03/21 15:42:13 INFO FileOutputCommitter: FileOutputCommitter skip cleanup _temporary folders under output directory:false, ignore cleanup failures: false
[2025-03-21T15:42:13.833+0000] {subprocess.py:93} INFO - 25/03/21 15:42:13 INFO SQLHadoopMapReduceCommitProtocol: Using output committer class org.apache.parquet.hadoop.ParquetOutputCommitter
[2025-03-21T15:42:14.487+0000] {subprocess.py:93} INFO - 25/03/21 15:42:14 INFO CodeGenerator: Code generated in 441.696845 ms
[2025-03-21T15:42:14.563+0000] {subprocess.py:93} INFO - 25/03/21 15:42:14 INFO MemoryStore: Block broadcast_1 stored as values in memory (estimated size 358.3 KiB, free 366.0 MiB)
[2025-03-21T15:42:14.590+0000] {subprocess.py:93} INFO - 25/03/21 15:42:14 INFO MemoryStore: Block broadcast_1_piece0 stored as bytes in memory (estimated size 35.2 KiB, free 365.9 MiB)
[2025-03-21T15:42:14.591+0000] {subprocess.py:93} INFO - 25/03/21 15:42:14 INFO BlockManagerInfo: Added broadcast_1_piece0 in memory on e0b25feeb0e2:40427 (size: 35.2 KiB, free: 366.3 MiB)
[2025-03-21T15:42:14.598+0000] {subprocess.py:93} INFO - 25/03/21 15:42:14 INFO SparkContext: Created broadcast 1 from parquet at NativeMethodAccessorImpl.java:0
[2025-03-21T15:42:14.649+0000] {subprocess.py:93} INFO - 25/03/21 15:42:14 INFO FileSourceScanExec: Planning scan with bin packing, max size: 4194304 bytes, open cost is considered as scanning 4194304 bytes.
[2025-03-21T15:42:14.976+0000] {subprocess.py:93} INFO - 25/03/21 15:42:14 INFO SparkContext: Starting job: parquet at NativeMethodAccessorImpl.java:0
[2025-03-21T15:42:14.979+0000] {subprocess.py:93} INFO - 25/03/21 15:42:14 INFO DAGScheduler: Got job 1 (parquet at NativeMethodAccessorImpl.java:0) with 1 output partitions
[2025-03-21T15:42:14.984+0000] {subprocess.py:93} INFO - 25/03/21 15:42:14 INFO DAGScheduler: Final stage: ResultStage 1 (parquet at NativeMethodAccessorImpl.java:0)
[2025-03-21T15:42:14.987+0000] {subprocess.py:93} INFO - 25/03/21 15:42:14 INFO DAGScheduler: Parents of final stage: List()
[2025-03-21T15:42:14.990+0000] {subprocess.py:93} INFO - 25/03/21 15:42:14 INFO DAGScheduler: Missing parents: List()
[2025-03-21T15:42:14.992+0000] {subprocess.py:93} INFO - 25/03/21 15:42:14 INFO DAGScheduler: Submitting ResultStage 1 (MapPartitionsRDD[5] at parquet at NativeMethodAccessorImpl.java:0), which has no missing parents
[2025-03-21T15:42:15.103+0000] {subprocess.py:93} INFO - 25/03/21 15:42:15 INFO MemoryStore: Block broadcast_2 stored as values in memory (estimated size 233.5 KiB, free 365.7 MiB)
[2025-03-21T15:42:15.110+0000] {subprocess.py:93} INFO - 25/03/21 15:42:15 INFO MemoryStore: Block broadcast_2_piece0 stored as bytes in memory (estimated size 84.4 KiB, free 365.6 MiB)
[2025-03-21T15:42:15.111+0000] {subprocess.py:93} INFO - 25/03/21 15:42:15 INFO BlockManagerInfo: Added broadcast_2_piece0 in memory on e0b25feeb0e2:40427 (size: 84.4 KiB, free: 366.2 MiB)
[2025-03-21T15:42:15.113+0000] {subprocess.py:93} INFO - 25/03/21 15:42:15 INFO SparkContext: Created broadcast 2 from broadcast at DAGScheduler.scala:1580
[2025-03-21T15:42:15.114+0000] {subprocess.py:93} INFO - 25/03/21 15:42:15 INFO DAGScheduler: Submitting 1 missing tasks from ResultStage 1 (MapPartitionsRDD[5] at parquet at NativeMethodAccessorImpl.java:0) (first 15 tasks are for partitions Vector(0))
[2025-03-21T15:42:15.115+0000] {subprocess.py:93} INFO - 25/03/21 15:42:15 INFO TaskSchedulerImpl: Adding task set 1.0 with 1 tasks resource profile 0
[2025-03-21T15:42:15.130+0000] {subprocess.py:93} INFO - 25/03/21 15:42:15 INFO TaskSetManager: Starting task 0.0 in stage 1.0 (TID 1) (172.18.0.2, executor 0, partition 0, ANY, 8299 bytes)
[2025-03-21T15:42:15.205+0000] {subprocess.py:93} INFO - 25/03/21 15:42:15 INFO BlockManagerInfo: Added broadcast_2_piece0 in memory on 172.18.0.2:39105 (size: 84.4 KiB, free: 366.2 MiB)
[2025-03-21T15:42:16.853+0000] {subprocess.py:93} INFO - 25/03/21 15:42:16 INFO BlockManagerInfo: Added broadcast_1_piece0 in memory on 172.18.0.2:39105 (size: 35.2 KiB, free: 366.2 MiB)
[2025-03-21T15:42:19.184+0000] {subprocess.py:93} INFO - 25/03/21 15:42:19 INFO TaskSetManager: Finished task 0.0 in stage 1.0 (TID 1) in 4063 ms on 172.18.0.2 (executor 0) (1/1)
[2025-03-21T15:42:19.186+0000] {subprocess.py:93} INFO - 25/03/21 15:42:19 INFO TaskSchedulerImpl: Removed TaskSet 1.0, whose tasks have all completed, from pool
[2025-03-21T15:42:19.188+0000] {subprocess.py:93} INFO - 25/03/21 15:42:19 INFO DAGScheduler: ResultStage 1 (parquet at NativeMethodAccessorImpl.java:0) finished in 4.179 s
[2025-03-21T15:42:19.193+0000] {subprocess.py:93} INFO - 25/03/21 15:42:19 INFO DAGScheduler: Job 1 is finished. Cancelling potential speculative or zombie tasks for this job
[2025-03-21T15:42:19.195+0000] {subprocess.py:93} INFO - 25/03/21 15:42:19 INFO TaskSchedulerImpl: Killing all running tasks in stage 1: Stage finished
[2025-03-21T15:42:19.197+0000] {subprocess.py:93} INFO - 25/03/21 15:42:19 INFO DAGScheduler: Job 1 finished: parquet at NativeMethodAccessorImpl.java:0, took 4.217746 s
[2025-03-21T15:42:19.202+0000] {subprocess.py:93} INFO - 25/03/21 15:42:19 INFO FileFormatWriter: Start to commit write Job 3139eb28-2f45-4415-8c18-c7dccd594de8.
[2025-03-21T15:42:19.529+0000] {subprocess.py:93} INFO - 25/03/21 15:42:19 INFO FileFormatWriter: Write Job 3139eb28-2f45-4415-8c18-c7dccd594de8 committed. Elapsed time: 320 ms.
[2025-03-21T15:42:19.538+0000] {subprocess.py:93} INFO - 25/03/21 15:42:19 INFO FileFormatWriter: Finished processing stats for write job 3139eb28-2f45-4415-8c18-c7dccd594de8.
[2025-03-21T15:42:19.582+0000] {subprocess.py:93} INFO - 25/03/21 15:42:19 INFO SparkContext: SparkContext is stopping with exitCode 0.
[2025-03-21T15:42:19.616+0000] {subprocess.py:93} INFO - 25/03/21 15:42:19 INFO SparkUI: Stopped Spark web UI at http://e0b25feeb0e2:4040
[2025-03-21T15:42:19.627+0000] {subprocess.py:93} INFO - 25/03/21 15:42:19 INFO StandaloneSchedulerBackend: Shutting down all executors
[2025-03-21T15:42:19.631+0000] {subprocess.py:93} INFO - 25/03/21 15:42:19 INFO StandaloneSchedulerBackend$StandaloneDriverEndpoint: Asking each executor to shut down
[2025-03-21T15:42:20.086+0000] {subprocess.py:93} INFO - 25/03/21 15:42:20 INFO MapOutputTrackerMasterEndpoint: MapOutputTrackerMasterEndpoint stopped!
[2025-03-21T15:42:20.180+0000] {subprocess.py:93} INFO - 25/03/21 15:42:20 INFO MemoryStore: MemoryStore cleared
[2025-03-21T15:42:20.181+0000] {subprocess.py:93} INFO - 25/03/21 15:42:20 INFO BlockManager: BlockManager stopped
[2025-03-21T15:42:20.187+0000] {subprocess.py:93} INFO - 25/03/21 15:42:20 INFO BlockManagerMaster: BlockManagerMaster stopped
[2025-03-21T15:42:20.195+0000] {subprocess.py:93} INFO - 25/03/21 15:42:20 INFO OutputCommitCoordinator$OutputCommitCoordinatorEndpoint: OutputCommitCoordinator stopped!
[2025-03-21T15:42:20.204+0000] {subprocess.py:93} INFO - 25/03/21 15:42:20 INFO SparkContext: Successfully stopped SparkContext
[2025-03-21T15:42:20.389+0000] {subprocess.py:93} INFO - 25/03/21 15:42:20 INFO ShutdownHookManager: Shutdown hook called
[2025-03-21T15:42:20.391+0000] {subprocess.py:93} INFO - 25/03/21 15:42:20 INFO ShutdownHookManager: Deleting directory /tmp/spark-5e705071-76a3-48a4-a9fe-e83a0b2a46df/pyspark-cd73aedf-dd0a-4424-bf5b-c29e11bbd60c
[2025-03-21T15:42:20.398+0000] {subprocess.py:93} INFO - 25/03/21 15:42:20 INFO ShutdownHookManager: Deleting directory /tmp/spark-5e705071-76a3-48a4-a9fe-e83a0b2a46df
[2025-03-21T15:42:20.410+0000] {subprocess.py:93} INFO - 25/03/21 15:42:20 INFO ShutdownHookManager: Deleting directory /tmp/spark-2639019f-7516-4c07-af58-5a073d81ee1a
[2025-03-21T15:42:20.607+0000] {subprocess.py:97} INFO - Command exited with return code 0
[2025-03-21T15:42:20.736+0000] {taskinstance.py:1398} INFO - Marking task as SUCCESS. dag_id=transactions_pipeline, task_id=detect_fraud_batch_20250321_154101, execution_date=20250321T154119, start_date=20250321T154142, end_date=20250321T154220
[2025-03-21T15:42:20.807+0000] {local_task_job_runner.py:228} INFO - Task exited with return code 0
[2025-03-21T15:42:20.931+0000] {taskinstance.py:2776} INFO - 1 downstream tasks scheduled from follow-on schedule check
