[2025-03-21T02:10:35.246+0000] {taskinstance.py:1157} INFO - Dependencies all met for dep_context=non-requeueable deps ti=<TaskInstance: transactions_pipeline.get_batch_id scheduled__2025-03-21T01:20:32.992418+00:00 [queued]>
[2025-03-21T02:10:35.255+0000] {taskinstance.py:1157} INFO - Dependencies all met for dep_context=requeueable deps ti=<TaskInstance: transactions_pipeline.get_batch_id scheduled__2025-03-21T01:20:32.992418+00:00 [queued]>
[2025-03-21T02:10:35.256+0000] {taskinstance.py:1359} INFO - Starting attempt 1 of 2
[2025-03-21T02:10:35.272+0000] {taskinstance.py:1380} INFO - Executing <Task(PythonOperator): get_batch_id> on 2025-03-21 01:20:32.992418+00:00
[2025-03-21T02:10:35.286+0000] {standard_task_runner.py:57} INFO - Started process 2101 to run task
[2025-03-21T02:10:35.302+0000] {standard_task_runner.py:84} INFO - Running: ['***', 'tasks', 'run', 'transactions_pipeline', 'get_batch_id', 'scheduled__2025-03-21T01:20:32.992418+00:00', '--job-id', '448', '--raw', '--subdir', 'DAGS_FOLDER/fraud_detection_pipeline.py', '--cfg-path', '/tmp/tmpnhetrlkw']
[2025-03-21T02:10:35.312+0000] {standard_task_runner.py:85} INFO - Job 448: Subtask get_batch_id
[2025-03-21T02:10:35.425+0000] {task_command.py:415} INFO - Running <TaskInstance: transactions_pipeline.get_batch_id scheduled__2025-03-21T01:20:32.992418+00:00 [running]> on host 6688e233cb20
[2025-03-21T02:10:35.570+0000] {taskinstance.py:1660} INFO - Exporting env vars: AIRFLOW_CTX_DAG_EMAIL='rabiizahnoune7@gmail.com' AIRFLOW_CTX_DAG_OWNER='***' AIRFLOW_CTX_DAG_ID='transactions_pipeline' AIRFLOW_CTX_TASK_ID='get_batch_id' AIRFLOW_CTX_EXECUTION_DATE='2025-03-21T01:20:32.992418+00:00' AIRFLOW_CTX_TRY_NUMBER='1' AIRFLOW_CTX_DAG_RUN_ID='scheduled__2025-03-21T01:20:32.992418+00:00'
[2025-03-21T02:10:35.574+0000] {fraud_detection_pipeline.py:70} INFO - Listing files in /data/transactions
[2025-03-21T02:10:35.724+0000] {fraud_detection_pipeline.py:77} INFO - Command stdout: '/data/transactions/transactions_batch_20250320_144447.parquet
/data/transactions/transactions_batch_20250320_135205.parquet
'
[2025-03-21T02:10:35.725+0000] {fraud_detection_pipeline.py:78} INFO - Command stderr: ''
[2025-03-21T02:10:35.726+0000] {fraud_detection_pipeline.py:93} INFO - Latest file: /data/transactions/transactions_batch_20250320_144447.parquet
[2025-03-21T02:10:35.726+0000] {fraud_detection_pipeline.py:94} INFO - Latest batch ID: batch_20250320_144447
[2025-03-21T02:10:35.727+0000] {python.py:194} INFO - Done. Returned value was: batch_20250320_144447
[2025-03-21T02:10:35.760+0000] {taskinstance.py:1398} INFO - Marking task as SUCCESS. dag_id=transactions_pipeline, task_id=get_batch_id, execution_date=20250321T012032, start_date=20250321T021035, end_date=20250321T021035
[2025-03-21T02:10:35.809+0000] {local_task_job_runner.py:228} INFO - Task exited with return code 0
[2025-03-21T02:10:35.841+0000] {taskinstance.py:2776} INFO - 1 downstream tasks scheduled from follow-on schedule check
