[2025-03-21T14:05:43.920+0000] {taskinstance.py:1157} INFO - Dependencies all met for dep_context=non-requeueable deps ti=<TaskInstance: transactions_pipeline.create_hive_table_batch_20250321_140431 manual__2025-03-21T14:05:25.008554+00:00 [queued]>
[2025-03-21T14:05:43.936+0000] {taskinstance.py:1157} INFO - Dependencies all met for dep_context=requeueable deps ti=<TaskInstance: transactions_pipeline.create_hive_table_batch_20250321_140431 manual__2025-03-21T14:05:25.008554+00:00 [queued]>
[2025-03-21T14:05:43.937+0000] {taskinstance.py:1359} INFO - Starting attempt 1 of 1
[2025-03-21T14:05:43.967+0000] {taskinstance.py:1380} INFO - Executing <Task(BashOperator): create_hive_table_batch_20250321_140431> on 2025-03-21 14:05:25.008554+00:00
[2025-03-21T14:05:43.974+0000] {standard_task_runner.py:57} INFO - Started process 2504 to run task
[2025-03-21T14:05:43.979+0000] {standard_task_runner.py:84} INFO - Running: ['***', 'tasks', 'run', 'transactions_pipeline', 'create_hive_table_batch_20250321_140431', 'manual__2025-03-21T14:05:25.008554+00:00', '--job-id', '761', '--raw', '--subdir', 'DAGS_FOLDER/fraud_detection_pipeline.py', '--cfg-path', '/tmp/tmpgmwo2bpf']
[2025-03-21T14:05:43.985+0000] {standard_task_runner.py:85} INFO - Job 761: Subtask create_hive_table_batch_20250321_140431
[2025-03-21T14:05:44.116+0000] {task_command.py:415} INFO - Running <TaskInstance: transactions_pipeline.create_hive_table_batch_20250321_140431 manual__2025-03-21T14:05:25.008554+00:00 [running]> on host e95638583d4d
[2025-03-21T14:05:44.250+0000] {taskinstance.py:1660} INFO - Exporting env vars: AIRFLOW_CTX_DAG_EMAIL='rabiizahnoune7@gmail.com' AIRFLOW_CTX_DAG_OWNER='***' AIRFLOW_CTX_DAG_ID='transactions_pipeline' AIRFLOW_CTX_TASK_ID='create_hive_table_batch_20250321_140431' AIRFLOW_CTX_EXECUTION_DATE='2025-03-21T14:05:25.008554+00:00' AIRFLOW_CTX_TRY_NUMBER='1' AIRFLOW_CTX_DAG_RUN_ID='manual__2025-03-21T14:05:25.008554+00:00'
[2025-03-21T14:05:44.252+0000] {subprocess.py:63} INFO - Tmp dir root location: /tmp
[2025-03-21T14:05:44.254+0000] {subprocess.py:75} INFO - Running command: ['/bin/bash', '-c', '\n            docker exec hive beeline -u "jdbc:hive2://localhost:10000" --hiveconf hive.exec.dynamic.partition.mode=nonstrict -e "\n            CREATE EXTERNAL TABLE IF NOT EXISTS transactions (\n                transaction_id STRING,\n                date_time STRING,\n                amount DOUBLE,\n                currency STRING,\n                merchant_details STRING,\n                customer_id STRING,\n                transaction_type STRING,\n                location STRING\n            )\n            PARTITIONED BY (batch_id STRING)\n            STORED AS PARQUET;\n            ALTER TABLE transactions ADD IF NOT EXISTS PARTITION (batch_id=\'batch_20250321_140431\') LOCATION \'/data/transactions/transactions_batch_20250321_140431\';"\n            ']
[2025-03-21T14:05:44.268+0000] {subprocess.py:86} INFO - Output:
[2025-03-21T14:05:46.510+0000] {subprocess.py:93} INFO - SLF4J: Class path contains multiple SLF4J bindings.
[2025-03-21T14:05:46.512+0000] {subprocess.py:93} INFO - SLF4J: Found binding in [jar:file:/opt/hive/lib/log4j-slf4j-impl-2.17.1.jar!/org/slf4j/impl/StaticLoggerBinder.class]
[2025-03-21T14:05:46.513+0000] {subprocess.py:93} INFO - SLF4J: Found binding in [jar:file:/opt/hadoop/share/hadoop/common/lib/slf4j-log4j12-1.7.25.jar!/org/slf4j/impl/StaticLoggerBinder.class]
[2025-03-21T14:05:46.513+0000] {subprocess.py:93} INFO - SLF4J: See http://www.slf4j.org/codes.html#multiple_bindings for an explanation.
[2025-03-21T14:05:47.274+0000] {subprocess.py:93} INFO - SLF4J: Actual binding is of type [org.apache.logging.slf4j.Log4jLoggerFactory]
[2025-03-21T14:05:50.257+0000] {subprocess.py:93} INFO - Connecting to jdbc:hive2://localhost:10000
[2025-03-21T14:05:50.702+0000] {subprocess.py:93} INFO - Connected to: Apache Hive (version 3.1.3)
[2025-03-21T14:05:50.703+0000] {subprocess.py:93} INFO - Driver: Hive JDBC (version 3.1.3)
[2025-03-21T14:05:50.704+0000] {subprocess.py:93} INFO - Transaction isolation: TRANSACTION_REPEATABLE_READ
[2025-03-21T14:05:51.096+0000] {subprocess.py:93} INFO - INFO  : Compiling command(queryId=root_20250321140550_93c4a2cc-22e6-4c09-b4b1-3b2e431f4d02): CREATE EXTERNAL TABLE IF NOT EXISTS transactions (
[2025-03-21T14:05:51.098+0000] {subprocess.py:93} INFO -                 transaction_id STRING,
[2025-03-21T14:05:51.099+0000] {subprocess.py:93} INFO -                 date_time STRING,
[2025-03-21T14:05:51.100+0000] {subprocess.py:93} INFO -                 amount DOUBLE,
[2025-03-21T14:05:51.101+0000] {subprocess.py:93} INFO -                 currency STRING,
[2025-03-21T14:05:51.102+0000] {subprocess.py:93} INFO -                 merchant_details STRING,
[2025-03-21T14:05:51.105+0000] {subprocess.py:93} INFO -                 customer_id STRING,
[2025-03-21T14:05:51.107+0000] {subprocess.py:93} INFO -                 transaction_type STRING,
[2025-03-21T14:05:51.108+0000] {subprocess.py:93} INFO -                 location STRING
[2025-03-21T14:05:51.109+0000] {subprocess.py:93} INFO -             )
[2025-03-21T14:05:51.109+0000] {subprocess.py:93} INFO -             PARTITIONED BY (batch_id STRING)
[2025-03-21T14:05:51.110+0000] {subprocess.py:93} INFO -             STORED AS PARQUET
[2025-03-21T14:05:51.110+0000] {subprocess.py:93} INFO - INFO  : Concurrency mode is disabled, not creating a lock manager
[2025-03-21T14:05:51.111+0000] {subprocess.py:93} INFO - INFO  : Semantic Analysis Completed (retrial = false)
[2025-03-21T14:05:51.112+0000] {subprocess.py:93} INFO - INFO  : Returning Hive schema: Schema(fieldSchemas:null, properties:null)
[2025-03-21T14:05:51.113+0000] {subprocess.py:93} INFO - INFO  : Completed compiling command(queryId=root_20250321140550_93c4a2cc-22e6-4c09-b4b1-3b2e431f4d02); Time taken: 0.049 seconds
[2025-03-21T14:05:51.113+0000] {subprocess.py:93} INFO - INFO  : Concurrency mode is disabled, not creating a lock manager
[2025-03-21T14:05:51.114+0000] {subprocess.py:93} INFO - INFO  : Executing command(queryId=root_20250321140550_93c4a2cc-22e6-4c09-b4b1-3b2e431f4d02): CREATE EXTERNAL TABLE IF NOT EXISTS transactions (
[2025-03-21T14:05:51.115+0000] {subprocess.py:93} INFO -                 transaction_id STRING,
[2025-03-21T14:05:51.116+0000] {subprocess.py:93} INFO -                 date_time STRING,
[2025-03-21T14:05:51.116+0000] {subprocess.py:93} INFO -                 amount DOUBLE,
[2025-03-21T14:05:51.117+0000] {subprocess.py:93} INFO -                 currency STRING,
[2025-03-21T14:05:51.117+0000] {subprocess.py:93} INFO -                 merchant_details STRING,
[2025-03-21T14:05:51.117+0000] {subprocess.py:93} INFO -                 customer_id STRING,
[2025-03-21T14:05:51.117+0000] {subprocess.py:93} INFO -                 transaction_type STRING,
[2025-03-21T14:05:51.118+0000] {subprocess.py:93} INFO -                 location STRING
[2025-03-21T14:05:51.118+0000] {subprocess.py:93} INFO -             )
[2025-03-21T14:05:51.118+0000] {subprocess.py:93} INFO -             PARTITIONED BY (batch_id STRING)
[2025-03-21T14:05:51.119+0000] {subprocess.py:93} INFO -             STORED AS PARQUET
[2025-03-21T14:05:51.119+0000] {subprocess.py:93} INFO - INFO  : Completed executing command(queryId=root_20250321140550_93c4a2cc-22e6-4c09-b4b1-3b2e431f4d02); Time taken: 0.001 seconds
[2025-03-21T14:05:51.119+0000] {subprocess.py:93} INFO - INFO  : OK
[2025-03-21T14:05:51.120+0000] {subprocess.py:93} INFO - INFO  : Concurrency mode is disabled, not creating a lock manager
[2025-03-21T14:05:51.120+0000] {subprocess.py:93} INFO - No rows affected (0.318 seconds)
[2025-03-21T14:05:51.467+0000] {subprocess.py:93} INFO - INFO  : Compiling command(queryId=root_20250321140551_ae09d5ec-d31a-4829-81a2-193c6718ec16): ALTER TABLE transactions ADD IF NOT EXISTS PARTITION (batch_id='batch_20250321_140431') LOCATION '/data/transactions/transactions_batch_20250321_140431'
[2025-03-21T14:05:51.469+0000] {subprocess.py:93} INFO - INFO  : Concurrency mode is disabled, not creating a lock manager
[2025-03-21T14:05:51.470+0000] {subprocess.py:93} INFO - INFO  : Semantic Analysis Completed (retrial = false)
[2025-03-21T14:05:51.471+0000] {subprocess.py:93} INFO - INFO  : Returning Hive schema: Schema(fieldSchemas:null, properties:null)
[2025-03-21T14:05:51.473+0000] {subprocess.py:93} INFO - INFO  : Completed compiling command(queryId=root_20250321140551_ae09d5ec-d31a-4829-81a2-193c6718ec16); Time taken: 0.088 seconds
[2025-03-21T14:05:51.474+0000] {subprocess.py:93} INFO - INFO  : Concurrency mode is disabled, not creating a lock manager
[2025-03-21T14:05:51.476+0000] {subprocess.py:93} INFO - INFO  : Executing command(queryId=root_20250321140551_ae09d5ec-d31a-4829-81a2-193c6718ec16): ALTER TABLE transactions ADD IF NOT EXISTS PARTITION (batch_id='batch_20250321_140431') LOCATION '/data/transactions/transactions_batch_20250321_140431'
[2025-03-21T14:05:51.478+0000] {subprocess.py:93} INFO - INFO  : Starting task [Stage-0:DDL] in serial mode
[2025-03-21T14:05:51.478+0000] {subprocess.py:93} INFO - INFO  : Completed executing command(queryId=root_20250321140551_ae09d5ec-d31a-4829-81a2-193c6718ec16); Time taken: 0.158 seconds
[2025-03-21T14:05:51.479+0000] {subprocess.py:93} INFO - INFO  : OK
[2025-03-21T14:05:51.480+0000] {subprocess.py:93} INFO - INFO  : Concurrency mode is disabled, not creating a lock manager
[2025-03-21T14:05:51.481+0000] {subprocess.py:93} INFO - No rows affected (0.306 seconds)
[2025-03-21T14:05:51.482+0000] {subprocess.py:93} INFO - Beeline version 3.1.3 by Apache Hive
[2025-03-21T14:05:51.505+0000] {subprocess.py:93} INFO - Closing: 0: jdbc:hive2://localhost:10000
[2025-03-21T14:05:51.693+0000] {subprocess.py:97} INFO - Command exited with return code 0
[2025-03-21T14:05:51.764+0000] {taskinstance.py:1398} INFO - Marking task as SUCCESS. dag_id=transactions_pipeline, task_id=create_hive_table_batch_20250321_140431, execution_date=20250321T140525, start_date=20250321T140543, end_date=20250321T140551
[2025-03-21T14:05:51.822+0000] {local_task_job_runner.py:228} INFO - Task exited with return code 0
[2025-03-21T14:05:51.881+0000] {taskinstance.py:2776} INFO - 1 downstream tasks scheduled from follow-on schedule check
