[2025-03-20T11:51:47.170+0000] {taskinstance.py:1157} INFO - Dependencies all met for dep_context=non-requeueable deps ti=<TaskInstance: transactions_pipeline.create_hive_table manual__2025-03-20T11:51:37.262108+00:00 [queued]>
[2025-03-20T11:51:47.184+0000] {taskinstance.py:1157} INFO - Dependencies all met for dep_context=requeueable deps ti=<TaskInstance: transactions_pipeline.create_hive_table manual__2025-03-20T11:51:37.262108+00:00 [queued]>
[2025-03-20T11:51:47.185+0000] {taskinstance.py:1359} INFO - Starting attempt 1 of 1
[2025-03-20T11:51:47.207+0000] {taskinstance.py:1380} INFO - Executing <Task(BashOperator): create_hive_table> on 2025-03-20 11:51:37.262108+00:00
[2025-03-20T11:51:47.216+0000] {standard_task_runner.py:57} INFO - Started process 396 to run task
[2025-03-20T11:51:47.220+0000] {standard_task_runner.py:84} INFO - Running: ['***', 'tasks', 'run', 'transactions_pipeline', 'create_hive_table', 'manual__2025-03-20T11:51:37.262108+00:00', '--job-id', '282', '--raw', '--subdir', 'DAGS_FOLDER/fraud_detection_pipeline.py', '--cfg-path', '/tmp/tmpo6ap9hiv']
[2025-03-20T11:51:47.224+0000] {standard_task_runner.py:85} INFO - Job 282: Subtask create_hive_table
[2025-03-20T11:51:47.293+0000] {task_command.py:415} INFO - Running <TaskInstance: transactions_pipeline.create_hive_table manual__2025-03-20T11:51:37.262108+00:00 [running]> on host 5f77b09047b0
[2025-03-20T11:51:47.363+0000] {logging_mixin.py:151} WARNING - /home/***/.local/lib/python3.8/site-packages/***/utils/context.py:206 AirflowContextDeprecationWarning: Accessing 'execution_date' from the template is deprecated and will be removed in a future version. Please use 'data_interval_start' or 'logical_date' instead.
[2025-03-20T11:51:47.429+0000] {taskinstance.py:1660} INFO - Exporting env vars: AIRFLOW_CTX_DAG_OWNER='***' AIRFLOW_CTX_DAG_ID='transactions_pipeline' AIRFLOW_CTX_TASK_ID='create_hive_table' AIRFLOW_CTX_EXECUTION_DATE='2025-03-20T11:51:37.262108+00:00' AIRFLOW_CTX_TRY_NUMBER='1' AIRFLOW_CTX_DAG_RUN_ID='manual__2025-03-20T11:51:37.262108+00:00'
[2025-03-20T11:51:47.432+0000] {subprocess.py:63} INFO - Tmp dir root location: /tmp
[2025-03-20T11:51:47.433+0000] {subprocess.py:75} INFO - Running command: ['/bin/bash', '-c', '\n    docker exec hive beeline -u "jdbc:hive2://localhost:10000" --hiveconf hive.exec.dynamic.partition.mode=nonstrict -e "\n    CREATE EXTERNAL TABLE IF NOT EXISTS transactions (\n        transaction_id STRING,\n        date_time STRING,\n        amount DOUBLE,\n        currency STRING,\n        merchant_details STRING,\n        customer_id STRING,\n        transaction_type STRING,\n        location STRING\n    )\n    PARTITIONED BY (batch_id STRING)\n    STORED AS PARQUET\n    LOCATION \'/data/transactions/transactions_batch_0\';\n    ALTER TABLE transactions ADD IF NOT EXISTS PARTITION (batch_id=\'batch_20250320_115137\') LOCATION \'/data/transactions/transactions_batch_0\';"\n    ']
[2025-03-20T11:51:47.448+0000] {subprocess.py:86} INFO - Output:
[2025-03-20T11:51:48.593+0000] {subprocess.py:93} INFO - SLF4J: Class path contains multiple SLF4J bindings.
[2025-03-20T11:51:48.594+0000] {subprocess.py:93} INFO - SLF4J: Found binding in [jar:file:/opt/hive/lib/log4j-slf4j-impl-2.17.1.jar!/org/slf4j/impl/StaticLoggerBinder.class]
[2025-03-20T11:51:48.595+0000] {subprocess.py:93} INFO - SLF4J: Found binding in [jar:file:/opt/hadoop/share/hadoop/common/lib/slf4j-log4j12-1.7.25.jar!/org/slf4j/impl/StaticLoggerBinder.class]
[2025-03-20T11:51:48.596+0000] {subprocess.py:93} INFO - SLF4J: See http://www.slf4j.org/codes.html#multiple_bindings for an explanation.
[2025-03-20T11:51:48.770+0000] {subprocess.py:93} INFO - SLF4J: Actual binding is of type [org.apache.logging.slf4j.Log4jLoggerFactory]
[2025-03-20T11:51:49.981+0000] {subprocess.py:93} INFO - Connecting to jdbc:hive2://localhost:10000
[2025-03-20T11:51:50.377+0000] {subprocess.py:93} INFO - Connected to: Apache Hive (version 3.1.3)
[2025-03-20T11:51:50.379+0000] {subprocess.py:93} INFO - Driver: Hive JDBC (version 3.1.3)
[2025-03-20T11:51:50.379+0000] {subprocess.py:93} INFO - Transaction isolation: TRANSACTION_REPEATABLE_READ
[2025-03-20T11:51:50.706+0000] {subprocess.py:93} INFO - INFO  : Compiling command(queryId=root_20250320115150_b1112a6b-60c2-4237-acf3-2df1110f7f7c): CREATE EXTERNAL TABLE IF NOT EXISTS transactions (
[2025-03-20T11:51:50.707+0000] {subprocess.py:93} INFO -         transaction_id STRING,
[2025-03-20T11:51:50.708+0000] {subprocess.py:93} INFO -         date_time STRING,
[2025-03-20T11:51:50.709+0000] {subprocess.py:93} INFO -         amount DOUBLE,
[2025-03-20T11:51:50.709+0000] {subprocess.py:93} INFO -         currency STRING,
[2025-03-20T11:51:50.710+0000] {subprocess.py:93} INFO -         merchant_details STRING,
[2025-03-20T11:51:50.711+0000] {subprocess.py:93} INFO -         customer_id STRING,
[2025-03-20T11:51:50.711+0000] {subprocess.py:93} INFO -         transaction_type STRING,
[2025-03-20T11:51:50.712+0000] {subprocess.py:93} INFO -         location STRING
[2025-03-20T11:51:50.712+0000] {subprocess.py:93} INFO -     )
[2025-03-20T11:51:50.713+0000] {subprocess.py:93} INFO -     PARTITIONED BY (batch_id STRING)
[2025-03-20T11:51:50.714+0000] {subprocess.py:93} INFO -     STORED AS PARQUET
[2025-03-20T11:51:50.715+0000] {subprocess.py:93} INFO -     LOCATION '/data/transactions/transactions_batch_0'
[2025-03-20T11:51:50.716+0000] {subprocess.py:93} INFO - INFO  : Concurrency mode is disabled, not creating a lock manager
[2025-03-20T11:51:50.716+0000] {subprocess.py:93} INFO - INFO  : Semantic Analysis Completed (retrial = false)
[2025-03-20T11:51:50.718+0000] {subprocess.py:93} INFO - INFO  : Returning Hive schema: Schema(fieldSchemas:null, properties:null)
[2025-03-20T11:51:50.718+0000] {subprocess.py:93} INFO - INFO  : Completed compiling command(queryId=root_20250320115150_b1112a6b-60c2-4237-acf3-2df1110f7f7c); Time taken: 0.138 seconds
[2025-03-20T11:51:50.719+0000] {subprocess.py:93} INFO - INFO  : Concurrency mode is disabled, not creating a lock manager
[2025-03-20T11:51:50.722+0000] {subprocess.py:93} INFO - INFO  : Executing command(queryId=root_20250320115150_b1112a6b-60c2-4237-acf3-2df1110f7f7c): CREATE EXTERNAL TABLE IF NOT EXISTS transactions (
[2025-03-20T11:51:50.723+0000] {subprocess.py:93} INFO -         transaction_id STRING,
[2025-03-20T11:51:50.723+0000] {subprocess.py:93} INFO -         date_time STRING,
[2025-03-20T11:51:50.724+0000] {subprocess.py:93} INFO -         amount DOUBLE,
[2025-03-20T11:51:50.725+0000] {subprocess.py:93} INFO -         currency STRING,
[2025-03-20T11:51:50.725+0000] {subprocess.py:93} INFO -         merchant_details STRING,
[2025-03-20T11:51:50.726+0000] {subprocess.py:93} INFO -         customer_id STRING,
[2025-03-20T11:51:50.726+0000] {subprocess.py:93} INFO -         transaction_type STRING,
[2025-03-20T11:51:50.726+0000] {subprocess.py:93} INFO -         location STRING
[2025-03-20T11:51:50.727+0000] {subprocess.py:93} INFO -     )
[2025-03-20T11:51:50.728+0000] {subprocess.py:93} INFO -     PARTITIONED BY (batch_id STRING)
[2025-03-20T11:51:50.728+0000] {subprocess.py:93} INFO -     STORED AS PARQUET
[2025-03-20T11:51:50.729+0000] {subprocess.py:93} INFO -     LOCATION '/data/transactions/transactions_batch_0'
[2025-03-20T11:51:50.729+0000] {subprocess.py:93} INFO - INFO  : Completed executing command(queryId=root_20250320115150_b1112a6b-60c2-4237-acf3-2df1110f7f7c); Time taken: 0.002 seconds
[2025-03-20T11:51:50.729+0000] {subprocess.py:93} INFO - INFO  : OK
[2025-03-20T11:51:50.730+0000] {subprocess.py:93} INFO - INFO  : Concurrency mode is disabled, not creating a lock manager
[2025-03-20T11:51:50.730+0000] {subprocess.py:93} INFO - No rows affected (0.312 seconds)
[2025-03-20T11:51:50.897+0000] {subprocess.py:93} INFO - INFO  : Compiling command(queryId=root_20250320115150_57e9beff-b0f3-4c05-953e-111401eb0c83): ALTER TABLE transactions ADD IF NOT EXISTS PARTITION (batch_id='batch_20250320_115137') LOCATION '/data/transactions/transactions_batch_0'
[2025-03-20T11:51:50.898+0000] {subprocess.py:93} INFO - INFO  : Concurrency mode is disabled, not creating a lock manager
[2025-03-20T11:51:50.898+0000] {subprocess.py:93} INFO - INFO  : Semantic Analysis Completed (retrial = false)
[2025-03-20T11:51:50.899+0000] {subprocess.py:93} INFO - INFO  : Returning Hive schema: Schema(fieldSchemas:null, properties:null)
[2025-03-20T11:51:50.900+0000] {subprocess.py:93} INFO - INFO  : Completed compiling command(queryId=root_20250320115150_57e9beff-b0f3-4c05-953e-111401eb0c83); Time taken: 0.02 seconds
[2025-03-20T11:51:50.900+0000] {subprocess.py:93} INFO - INFO  : Concurrency mode is disabled, not creating a lock manager
[2025-03-20T11:51:50.901+0000] {subprocess.py:93} INFO - INFO  : Executing command(queryId=root_20250320115150_57e9beff-b0f3-4c05-953e-111401eb0c83): ALTER TABLE transactions ADD IF NOT EXISTS PARTITION (batch_id='batch_20250320_115137') LOCATION '/data/transactions/transactions_batch_0'
[2025-03-20T11:51:50.902+0000] {subprocess.py:93} INFO - INFO  : Starting task [Stage-0:DDL] in serial mode
[2025-03-20T11:51:50.903+0000] {subprocess.py:93} INFO - INFO  : Completed executing command(queryId=root_20250320115150_57e9beff-b0f3-4c05-953e-111401eb0c83); Time taken: 0.111 seconds
[2025-03-20T11:51:50.904+0000] {subprocess.py:93} INFO - INFO  : OK
[2025-03-20T11:51:50.904+0000] {subprocess.py:93} INFO - INFO  : Concurrency mode is disabled, not creating a lock manager
[2025-03-20T11:51:50.905+0000] {subprocess.py:93} INFO - No rows affected (0.147 seconds)
[2025-03-20T11:51:50.906+0000] {subprocess.py:93} INFO - Beeline version 3.1.3 by Apache Hive
[2025-03-20T11:51:50.910+0000] {subprocess.py:93} INFO - Closing: 0: jdbc:hive2://localhost:10000
[2025-03-20T11:51:51.054+0000] {subprocess.py:97} INFO - Command exited with return code 0
[2025-03-20T11:51:51.104+0000] {taskinstance.py:1398} INFO - Marking task as SUCCESS. dag_id=transactions_pipeline, task_id=create_hive_table, execution_date=20250320T115137, start_date=20250320T115147, end_date=20250320T115151
[2025-03-20T11:51:51.173+0000] {local_task_job_runner.py:228} INFO - Task exited with return code 0
[2025-03-20T11:51:51.221+0000] {taskinstance.py:2776} INFO - 1 downstream tasks scheduled from follow-on schedule check
