[2025-03-20T22:01:05.757+0000] {taskinstance.py:1157} INFO - Dependencies all met for dep_context=non-requeueable deps ti=<TaskInstance: transactions_pipeline.create_fraud_table scheduled__2025-03-20T21:10:32.992418+00:00 [queued]>
[2025-03-20T22:01:05.769+0000] {taskinstance.py:1157} INFO - Dependencies all met for dep_context=requeueable deps ti=<TaskInstance: transactions_pipeline.create_fraud_table scheduled__2025-03-20T21:10:32.992418+00:00 [queued]>
[2025-03-20T22:01:05.770+0000] {taskinstance.py:1359} INFO - Starting attempt 1 of 2
[2025-03-20T22:01:05.787+0000] {taskinstance.py:1380} INFO - Executing <Task(BashOperator): create_fraud_table> on 2025-03-20 21:10:32.992418+00:00
[2025-03-20T22:01:05.795+0000] {standard_task_runner.py:57} INFO - Started process 495 to run task
[2025-03-20T22:01:05.800+0000] {standard_task_runner.py:84} INFO - Running: ['***', 'tasks', 'run', 'transactions_pipeline', 'create_fraud_table', 'scheduled__2025-03-20T21:10:32.992418+00:00', '--job-id', '420', '--raw', '--subdir', 'DAGS_FOLDER/fraud_detection_pipeline.py', '--cfg-path', '/tmp/tmp9duq4_6n']
[2025-03-20T22:01:05.803+0000] {standard_task_runner.py:85} INFO - Job 420: Subtask create_fraud_table
[2025-03-20T22:01:05.866+0000] {task_command.py:415} INFO - Running <TaskInstance: transactions_pipeline.create_fraud_table scheduled__2025-03-20T21:10:32.992418+00:00 [running]> on host 9e96247a5f22
[2025-03-20T22:01:05.964+0000] {taskinstance.py:1660} INFO - Exporting env vars: AIRFLOW_CTX_DAG_EMAIL='rabiizahnoune7@gmail.com' AIRFLOW_CTX_DAG_OWNER='***' AIRFLOW_CTX_DAG_ID='transactions_pipeline' AIRFLOW_CTX_TASK_ID='create_fraud_table' AIRFLOW_CTX_EXECUTION_DATE='2025-03-20T21:10:32.992418+00:00' AIRFLOW_CTX_TRY_NUMBER='1' AIRFLOW_CTX_DAG_RUN_ID='scheduled__2025-03-20T21:10:32.992418+00:00'
[2025-03-20T22:01:05.968+0000] {subprocess.py:63} INFO - Tmp dir root location: /tmp
[2025-03-20T22:01:05.971+0000] {subprocess.py:75} INFO - Running command: ['/bin/bash', '-c', '\n        docker exec hive beeline -u "jdbc:hive2://localhost:10000" -e "\n        CREATE EXTERNAL TABLE IF NOT EXISTS fraud_detections (\n            transaction_id STRING,\n            date_time STRING,\n            amount DOUBLE,\n            customer_id STRING,\n            location STRING,\n            fraud_reason STRING\n        )\n        STORED AS PARQUET\n        LOCATION \'/data/fraud_detections\';"\n        ']
[2025-03-20T22:01:05.991+0000] {subprocess.py:86} INFO - Output:
[2025-03-20T22:01:07.246+0000] {subprocess.py:93} INFO - SLF4J: Class path contains multiple SLF4J bindings.
[2025-03-20T22:01:07.247+0000] {subprocess.py:93} INFO - SLF4J: Found binding in [jar:file:/opt/hive/lib/log4j-slf4j-impl-2.17.1.jar!/org/slf4j/impl/StaticLoggerBinder.class]
[2025-03-20T22:01:07.248+0000] {subprocess.py:93} INFO - SLF4J: Found binding in [jar:file:/opt/hadoop/share/hadoop/common/lib/slf4j-log4j12-1.7.25.jar!/org/slf4j/impl/StaticLoggerBinder.class]
[2025-03-20T22:01:07.248+0000] {subprocess.py:93} INFO - SLF4J: See http://www.slf4j.org/codes.html#multiple_bindings for an explanation.
[2025-03-20T22:01:07.435+0000] {subprocess.py:93} INFO - SLF4J: Actual binding is of type [org.apache.logging.slf4j.Log4jLoggerFactory]
[2025-03-20T22:01:08.591+0000] {subprocess.py:93} INFO - Connecting to jdbc:hive2://localhost:10000
[2025-03-20T22:01:08.812+0000] {subprocess.py:93} INFO - Connected to: Apache Hive (version 3.1.3)
[2025-03-20T22:01:08.813+0000] {subprocess.py:93} INFO - Driver: Hive JDBC (version 3.1.3)
[2025-03-20T22:01:08.814+0000] {subprocess.py:93} INFO - Transaction isolation: TRANSACTION_REPEATABLE_READ
[2025-03-20T22:01:08.994+0000] {subprocess.py:93} INFO - INFO  : Compiling command(queryId=root_20250320220108_5caa3f97-0640-4e22-b20e-bf7fd8844f05): CREATE EXTERNAL TABLE IF NOT EXISTS fraud_detections (
[2025-03-20T22:01:08.995+0000] {subprocess.py:93} INFO -             transaction_id STRING,
[2025-03-20T22:01:08.996+0000] {subprocess.py:93} INFO -             date_time STRING,
[2025-03-20T22:01:08.997+0000] {subprocess.py:93} INFO -             amount DOUBLE,
[2025-03-20T22:01:08.998+0000] {subprocess.py:93} INFO -             customer_id STRING,
[2025-03-20T22:01:08.998+0000] {subprocess.py:93} INFO -             location STRING,
[2025-03-20T22:01:08.999+0000] {subprocess.py:93} INFO -             fraud_reason STRING
[2025-03-20T22:01:08.999+0000] {subprocess.py:93} INFO -         )
[2025-03-20T22:01:09.000+0000] {subprocess.py:93} INFO -         STORED AS PARQUET
[2025-03-20T22:01:09.001+0000] {subprocess.py:93} INFO -         LOCATION '/data/fraud_detections'
[2025-03-20T22:01:09.002+0000] {subprocess.py:93} INFO - INFO  : Concurrency mode is disabled, not creating a lock manager
[2025-03-20T22:01:09.002+0000] {subprocess.py:93} INFO - INFO  : Semantic Analysis Completed (retrial = false)
[2025-03-20T22:01:09.003+0000] {subprocess.py:93} INFO - INFO  : Returning Hive schema: Schema(fieldSchemas:null, properties:null)
[2025-03-20T22:01:09.004+0000] {subprocess.py:93} INFO - INFO  : Completed compiling command(queryId=root_20250320220108_5caa3f97-0640-4e22-b20e-bf7fd8844f05); Time taken: 0.012 seconds
[2025-03-20T22:01:09.004+0000] {subprocess.py:93} INFO - INFO  : Concurrency mode is disabled, not creating a lock manager
[2025-03-20T22:01:09.005+0000] {subprocess.py:93} INFO - INFO  : Executing command(queryId=root_20250320220108_5caa3f97-0640-4e22-b20e-bf7fd8844f05): CREATE EXTERNAL TABLE IF NOT EXISTS fraud_detections (
[2025-03-20T22:01:09.005+0000] {subprocess.py:93} INFO -             transaction_id STRING,
[2025-03-20T22:01:09.006+0000] {subprocess.py:93} INFO -             date_time STRING,
[2025-03-20T22:01:09.007+0000] {subprocess.py:93} INFO -             amount DOUBLE,
[2025-03-20T22:01:09.007+0000] {subprocess.py:93} INFO -             customer_id STRING,
[2025-03-20T22:01:09.008+0000] {subprocess.py:93} INFO -             location STRING,
[2025-03-20T22:01:09.008+0000] {subprocess.py:93} INFO -             fraud_reason STRING
[2025-03-20T22:01:09.009+0000] {subprocess.py:93} INFO -         )
[2025-03-20T22:01:09.010+0000] {subprocess.py:93} INFO -         STORED AS PARQUET
[2025-03-20T22:01:09.010+0000] {subprocess.py:93} INFO -         LOCATION '/data/fraud_detections'
[2025-03-20T22:01:09.011+0000] {subprocess.py:93} INFO - INFO  : Starting task [Stage-0:DDL] in serial mode
[2025-03-20T22:01:09.012+0000] {subprocess.py:93} INFO - INFO  : Completed executing command(queryId=root_20250320220108_5caa3f97-0640-4e22-b20e-bf7fd8844f05); Time taken: 0.101 seconds
[2025-03-20T22:01:09.012+0000] {subprocess.py:93} INFO - INFO  : OK
[2025-03-20T22:01:09.013+0000] {subprocess.py:93} INFO - INFO  : Concurrency mode is disabled, not creating a lock manager
[2025-03-20T22:01:09.014+0000] {subprocess.py:93} INFO - No rows affected (0.168 seconds)
[2025-03-20T22:01:09.014+0000] {subprocess.py:93} INFO - Beeline version 3.1.3 by Apache Hive
[2025-03-20T22:01:09.023+0000] {subprocess.py:93} INFO - Closing: 0: jdbc:hive2://localhost:10000
[2025-03-20T22:01:09.069+0000] {subprocess.py:97} INFO - Command exited with return code 0
[2025-03-20T22:01:09.102+0000] {taskinstance.py:1398} INFO - Marking task as SUCCESS. dag_id=transactions_pipeline, task_id=create_fraud_table, execution_date=20250320T211032, start_date=20250320T220105, end_date=20250320T220109
[2025-03-20T22:01:09.162+0000] {local_task_job_runner.py:228} INFO - Task exited with return code 0
[2025-03-20T22:01:09.188+0000] {taskinstance.py:2776} INFO - 1 downstream tasks scheduled from follow-on schedule check
