[2025-03-21T15:57:15.795+0000] {taskinstance.py:1157} INFO - Dependencies all met for dep_context=non-requeueable deps ti=<TaskInstance: transactions_pipeline.detect_fraud_batch_20250321_155012 manual__2025-03-21T15:56:49.071985+00:00 [queued]>
[2025-03-21T15:57:15.811+0000] {taskinstance.py:1157} INFO - Dependencies all met for dep_context=requeueable deps ti=<TaskInstance: transactions_pipeline.detect_fraud_batch_20250321_155012 manual__2025-03-21T15:56:49.071985+00:00 [queued]>
[2025-03-21T15:57:15.812+0000] {taskinstance.py:1359} INFO - Starting attempt 1 of 1
[2025-03-21T15:57:15.844+0000] {taskinstance.py:1380} INFO - Executing <Task(BashOperator): detect_fraud_batch_20250321_155012> on 2025-03-21 15:56:49.071985+00:00
[2025-03-21T15:57:15.858+0000] {standard_task_runner.py:57} INFO - Started process 630 to run task
[2025-03-21T15:57:15.865+0000] {standard_task_runner.py:84} INFO - Running: ['***', 'tasks', 'run', 'transactions_pipeline', 'detect_fraud_batch_20250321_155012', 'manual__2025-03-21T15:56:49.071985+00:00', '--job-id', '855', '--raw', '--subdir', 'DAGS_FOLDER/fraud_detection_pipeline.py', '--cfg-path', '/tmp/tmpocm4k3bp']
[2025-03-21T15:57:15.875+0000] {standard_task_runner.py:85} INFO - Job 855: Subtask detect_fraud_batch_20250321_155012
[2025-03-21T15:57:15.959+0000] {task_command.py:415} INFO - Running <TaskInstance: transactions_pipeline.detect_fraud_batch_20250321_155012 manual__2025-03-21T15:56:49.071985+00:00 [running]> on host 31abf5c063d1
[2025-03-21T15:57:16.087+0000] {taskinstance.py:1660} INFO - Exporting env vars: AIRFLOW_CTX_DAG_OWNER='***' AIRFLOW_CTX_DAG_ID='transactions_pipeline' AIRFLOW_CTX_TASK_ID='detect_fraud_batch_20250321_155012' AIRFLOW_CTX_EXECUTION_DATE='2025-03-21T15:56:49.071985+00:00' AIRFLOW_CTX_TRY_NUMBER='1' AIRFLOW_CTX_DAG_RUN_ID='manual__2025-03-21T15:56:49.071985+00:00'
[2025-03-21T15:57:16.089+0000] {subprocess.py:63} INFO - Tmp dir root location: /tmp
[2025-03-21T15:57:16.090+0000] {subprocess.py:75} INFO - Running command: ['/bin/bash', '-c', '\n            docker exec hive spark-submit               --master spark://localhost:7077               --driver-memory 1g               --executor-memory 1g               --num-executors 1               --executor-cores 1               /hive/scripts/detect_fraud.py "batch_20250321_155012"\n            ']
[2025-03-21T15:57:16.104+0000] {subprocess.py:86} INFO - Output:
[2025-03-21T15:57:19.959+0000] {subprocess.py:93} INFO - 25/03/21 15:57:19 INFO SparkContext: Running Spark version 3.5.0
[2025-03-21T15:57:19.962+0000] {subprocess.py:93} INFO - 25/03/21 15:57:19 INFO SparkContext: OS info Linux, 5.15.167.4-microsoft-standard-WSL2, amd64
[2025-03-21T15:57:19.963+0000] {subprocess.py:93} INFO - 25/03/21 15:57:19 INFO SparkContext: Java version 1.8.0_342
[2025-03-21T15:57:20.083+0000] {subprocess.py:93} INFO - 25/03/21 15:57:20 WARN NativeCodeLoader: Unable to load native-hadoop library for your platform... using builtin-java classes where applicable
[2025-03-21T15:57:20.219+0000] {subprocess.py:93} INFO - 25/03/21 15:57:20 INFO ResourceUtils: ==============================================================
[2025-03-21T15:57:20.220+0000] {subprocess.py:93} INFO - 25/03/21 15:57:20 INFO ResourceUtils: No custom resources configured for spark.driver.
[2025-03-21T15:57:20.221+0000] {subprocess.py:93} INFO - 25/03/21 15:57:20 INFO ResourceUtils: ==============================================================
[2025-03-21T15:57:20.221+0000] {subprocess.py:93} INFO - 25/03/21 15:57:20 INFO SparkContext: Submitted application: FraudDetection
[2025-03-21T15:57:20.277+0000] {subprocess.py:93} INFO - 25/03/21 15:57:20 INFO ResourceProfile: Default ResourceProfile created, executor resources: Map(cores -> name: cores, amount: 1, script: , vendor: , memory -> name: memory, amount: 1024, script: , vendor: , offHeap -> name: offHeap, amount: 0, script: , vendor: ), task resources: Map(cpus -> name: cpus, amount: 1.0)
[2025-03-21T15:57:20.298+0000] {subprocess.py:93} INFO - 25/03/21 15:57:20 INFO ResourceProfile: Limiting resource is cpus at 1 tasks per executor
[2025-03-21T15:57:20.300+0000] {subprocess.py:93} INFO - 25/03/21 15:57:20 INFO ResourceProfileManager: Added ResourceProfile id: 0
[2025-03-21T15:57:20.399+0000] {subprocess.py:93} INFO - 25/03/21 15:57:20 INFO SecurityManager: Changing view acls to: root
[2025-03-21T15:57:20.400+0000] {subprocess.py:93} INFO - 25/03/21 15:57:20 INFO SecurityManager: Changing modify acls to: root
[2025-03-21T15:57:20.401+0000] {subprocess.py:93} INFO - 25/03/21 15:57:20 INFO SecurityManager: Changing view acls groups to:
[2025-03-21T15:57:20.402+0000] {subprocess.py:93} INFO - 25/03/21 15:57:20 INFO SecurityManager: Changing modify acls groups to:
[2025-03-21T15:57:20.404+0000] {subprocess.py:93} INFO - 25/03/21 15:57:20 INFO SecurityManager: SecurityManager: authentication disabled; ui acls disabled; users with view permissions: root; groups with view permissions: EMPTY; users with modify permissions: root; groups with modify permissions: EMPTY
[2025-03-21T15:57:20.755+0000] {subprocess.py:93} INFO - 25/03/21 15:57:20 INFO Utils: Successfully started service 'sparkDriver' on port 36813.
[2025-03-21T15:57:20.807+0000] {subprocess.py:93} INFO - 25/03/21 15:57:20 INFO SparkEnv: Registering MapOutputTracker
[2025-03-21T15:57:20.892+0000] {subprocess.py:93} INFO - 25/03/21 15:57:20 INFO SparkEnv: Registering BlockManagerMaster
[2025-03-21T15:57:20.938+0000] {subprocess.py:93} INFO - 25/03/21 15:57:20 INFO BlockManagerMasterEndpoint: Using org.apache.spark.storage.DefaultTopologyMapper for getting topology information
[2025-03-21T15:57:20.940+0000] {subprocess.py:93} INFO - 25/03/21 15:57:20 INFO BlockManagerMasterEndpoint: BlockManagerMasterEndpoint up
[2025-03-21T15:57:21.030+0000] {subprocess.py:93} INFO - 25/03/21 15:57:21 INFO SparkEnv: Registering BlockManagerMasterHeartbeat
[2025-03-21T15:57:21.086+0000] {subprocess.py:93} INFO - 25/03/21 15:57:21 INFO DiskBlockManager: Created local directory at /tmp/blockmgr-9b003f44-1c0e-4f79-bf1d-adb7b5ccdba1
[2025-03-21T15:57:21.110+0000] {subprocess.py:93} INFO - 25/03/21 15:57:21 INFO MemoryStore: MemoryStore started with capacity 366.3 MiB
[2025-03-21T15:57:21.137+0000] {subprocess.py:93} INFO - 25/03/21 15:57:21 INFO SparkEnv: Registering OutputCommitCoordinator
[2025-03-21T15:57:21.380+0000] {subprocess.py:93} INFO - 25/03/21 15:57:21 INFO JettyUtils: Start Jetty 0.0.0.0:4040 for SparkUI
[2025-03-21T15:57:21.501+0000] {subprocess.py:93} INFO - 25/03/21 15:57:21 INFO Utils: Successfully started service 'SparkUI' on port 4040.
[2025-03-21T15:57:21.784+0000] {subprocess.py:93} INFO - 25/03/21 15:57:21 INFO StandaloneAppClient$ClientEndpoint: Connecting to master spark://localhost:7077...
[2025-03-21T15:57:21.911+0000] {subprocess.py:93} INFO - 25/03/21 15:57:21 INFO TransportClientFactory: Successfully created connection to localhost/127.0.0.1:7077 after 88 ms (0 ms spent in bootstraps)
[2025-03-21T15:57:22.151+0000] {subprocess.py:93} INFO - 25/03/21 15:57:22 INFO StandaloneSchedulerBackend: Connected to Spark cluster with app ID app-20250321155722-0000
[2025-03-21T15:57:22.180+0000] {subprocess.py:93} INFO - 25/03/21 15:57:22 INFO Utils: Successfully started service 'org.apache.spark.network.netty.NettyBlockTransferService' on port 42957.
[2025-03-21T15:57:22.182+0000] {subprocess.py:93} INFO - 25/03/21 15:57:22 INFO NettyBlockTransferService: Server created on c722f6fe3c2f:42957
[2025-03-21T15:57:22.185+0000] {subprocess.py:93} INFO - 25/03/21 15:57:22 INFO BlockManager: Using org.apache.spark.storage.RandomBlockReplicationPolicy for block replication policy
[2025-03-21T15:57:22.206+0000] {subprocess.py:93} INFO - 25/03/21 15:57:22 INFO BlockManagerMaster: Registering BlockManager BlockManagerId(driver, c722f6fe3c2f, 42957, None)
[2025-03-21T15:57:22.268+0000] {subprocess.py:93} INFO - 25/03/21 15:57:22 INFO BlockManagerMasterEndpoint: Registering block manager c722f6fe3c2f:42957 with 366.3 MiB RAM, BlockManagerId(driver, c722f6fe3c2f, 42957, None)
[2025-03-21T15:57:22.273+0000] {subprocess.py:93} INFO - 25/03/21 15:57:22 INFO BlockManagerMaster: Registered BlockManager BlockManagerId(driver, c722f6fe3c2f, 42957, None)
[2025-03-21T15:57:22.280+0000] {subprocess.py:93} INFO - 25/03/21 15:57:22 INFO BlockManager: Initialized BlockManager: BlockManagerId(driver, c722f6fe3c2f, 42957, None)
[2025-03-21T15:57:22.289+0000] {subprocess.py:93} INFO - 25/03/21 15:57:22 INFO StandaloneAppClient$ClientEndpoint: Executor added: app-20250321155722-0000/0 on worker-20250321155248-172.18.0.2-42181 (172.18.0.2:42181) with 1 core(s)
[2025-03-21T15:57:22.296+0000] {subprocess.py:93} INFO - 25/03/21 15:57:22 INFO StandaloneSchedulerBackend: Granted executor ID app-20250321155722-0000/0 on hostPort 172.18.0.2:42181 with 1 core(s), 1024.0 MiB RAM
[2025-03-21T15:57:22.298+0000] {subprocess.py:93} INFO - 25/03/21 15:57:22 INFO StandaloneAppClient$ClientEndpoint: Executor added: app-20250321155722-0000/1 on worker-20250321155248-172.18.0.2-42181 (172.18.0.2:42181) with 1 core(s)
[2025-03-21T15:57:22.301+0000] {subprocess.py:93} INFO - 25/03/21 15:57:22 INFO StandaloneSchedulerBackend: Granted executor ID app-20250321155722-0000/1 on hostPort 172.18.0.2:42181 with 1 core(s), 1024.0 MiB RAM
[2025-03-21T15:57:23.278+0000] {subprocess.py:93} INFO - 25/03/21 15:57:23 INFO StandaloneAppClient$ClientEndpoint: Executor updated: app-20250321155722-0000/1 is now RUNNING
[2025-03-21T15:57:23.374+0000] {subprocess.py:93} INFO - 25/03/21 15:57:23 INFO StandaloneAppClient$ClientEndpoint: Executor updated: app-20250321155722-0000/0 is now RUNNING
[2025-03-21T15:57:24.699+0000] {subprocess.py:93} INFO - 25/03/21 15:57:24 INFO StandaloneSchedulerBackend: SchedulerBackend is ready for scheduling beginning after reached minRegisteredResourcesRatio: 0.0
[2025-03-21T15:57:26.099+0000] {subprocess.py:93} INFO - Spark version: 3.5.0
[2025-03-21T15:57:26.687+0000] {subprocess.py:93} INFO - 25/03/21 15:57:26 INFO SharedState: Setting hive.metastore.warehouse.dir ('null') to the value of spark.sql.warehouse.dir.
[2025-03-21T15:57:30.579+0000] {subprocess.py:93} INFO - 25/03/21 15:57:30 INFO SharedState: Warehouse path is 'hdfs://localhost:9000/data/warehouse'.
[2025-03-21T15:57:38.996+0000] {subprocess.py:93} INFO - 25/03/21 15:57:38 INFO StandaloneSchedulerBackend$StandaloneDriverEndpoint: Registered executor NettyRpcEndpointRef(spark-client://Executor) (172.18.0.2:56620) with ID 0,  ResourceProfileId 0
[2025-03-21T15:57:39.568+0000] {subprocess.py:93} INFO - 25/03/21 15:57:39 INFO StandaloneSchedulerBackend$StandaloneDriverEndpoint: Registered executor NettyRpcEndpointRef(spark-client://Executor) (172.18.0.2:56622) with ID 1,  ResourceProfileId 0
[2025-03-21T15:57:39.693+0000] {subprocess.py:93} INFO - 25/03/21 15:57:39 INFO BlockManagerMasterEndpoint: Registering block manager 172.18.0.2:37035 with 366.3 MiB RAM, BlockManagerId(0, 172.18.0.2, 37035, None)
[2025-03-21T15:57:39.784+0000] {subprocess.py:93} INFO - 25/03/21 15:57:39 INFO InMemoryFileIndex: It took 893 ms to list leaf files for 1 paths.
[2025-03-21T15:57:40.285+0000] {subprocess.py:93} INFO - 25/03/21 15:57:40 INFO BlockManagerMasterEndpoint: Registering block manager 172.18.0.2:44895 with 366.3 MiB RAM, BlockManagerId(1, 172.18.0.2, 44895, None)
[2025-03-21T15:57:41.902+0000] {subprocess.py:93} INFO - 25/03/21 15:57:41 INFO SparkContext: Starting job: parquet at NativeMethodAccessorImpl.java:0
[2025-03-21T15:57:41.943+0000] {subprocess.py:93} INFO - 25/03/21 15:57:41 INFO DAGScheduler: Got job 0 (parquet at NativeMethodAccessorImpl.java:0) with 1 output partitions
[2025-03-21T15:57:41.945+0000] {subprocess.py:93} INFO - 25/03/21 15:57:41 INFO DAGScheduler: Final stage: ResultStage 0 (parquet at NativeMethodAccessorImpl.java:0)
[2025-03-21T15:57:41.946+0000] {subprocess.py:93} INFO - 25/03/21 15:57:41 INFO DAGScheduler: Parents of final stage: List()
[2025-03-21T15:57:41.947+0000] {subprocess.py:93} INFO - 25/03/21 15:57:41 INFO DAGScheduler: Missing parents: List()
[2025-03-21T15:57:41.961+0000] {subprocess.py:93} INFO - 25/03/21 15:57:41 INFO DAGScheduler: Submitting ResultStage 0 (MapPartitionsRDD[1] at parquet at NativeMethodAccessorImpl.java:0), which has no missing parents
[2025-03-21T15:57:40.589+0000] {subprocess.py:93} INFO - 25/03/21 15:57:40 INFO MemoryStore: Block broadcast_0 stored as values in memory (estimated size 103.5 KiB, free 366.2 MiB)
[2025-03-21T15:57:40.672+0000] {subprocess.py:93} INFO - 25/03/21 15:57:40 INFO MemoryStore: Block broadcast_0_piece0 stored as bytes in memory (estimated size 37.2 KiB, free 366.2 MiB)
[2025-03-21T15:57:40.676+0000] {subprocess.py:93} INFO - 25/03/21 15:57:40 INFO BlockManagerInfo: Added broadcast_0_piece0 in memory on c722f6fe3c2f:42957 (size: 37.2 KiB, free: 366.3 MiB)
[2025-03-21T15:57:40.685+0000] {subprocess.py:93} INFO - 25/03/21 15:57:40 INFO SparkContext: Created broadcast 0 from broadcast at DAGScheduler.scala:1580
[2025-03-21T15:57:40.828+0000] {subprocess.py:93} INFO - 25/03/21 15:57:40 INFO DAGScheduler: Submitting 1 missing tasks from ResultStage 0 (MapPartitionsRDD[1] at parquet at NativeMethodAccessorImpl.java:0) (first 15 tasks are for partitions Vector(0))
[2025-03-21T15:57:40.830+0000] {subprocess.py:93} INFO - 25/03/21 15:57:40 INFO TaskSchedulerImpl: Adding task set 0.0 with 1 tasks resource profile 0
[2025-03-21T15:57:40.914+0000] {subprocess.py:93} INFO - 25/03/21 15:57:40 INFO TaskSetManager: Starting task 0.0 in stage 0.0 (TID 0) (172.18.0.2, executor 0, partition 0, PROCESS_LOCAL, 7831 bytes)
[2025-03-21T15:57:41.553+0000] {subprocess.py:93} INFO - 25/03/21 15:57:41 INFO BlockManagerInfo: Added broadcast_0_piece0 in memory on 172.18.0.2:37035 (size: 37.2 KiB, free: 366.3 MiB)
[2025-03-21T15:57:44.241+0000] {subprocess.py:93} INFO - 25/03/21 15:57:44 INFO TaskSetManager: Finished task 0.0 in stage 0.0 (TID 0) in 3357 ms on 172.18.0.2 (executor 0) (1/1)
[2025-03-21T15:57:44.246+0000] {subprocess.py:93} INFO - 25/03/21 15:57:44 INFO TaskSchedulerImpl: Removed TaskSet 0.0, whose tasks have all completed, from pool
[2025-03-21T15:57:44.261+0000] {subprocess.py:93} INFO - 25/03/21 15:57:44 INFO DAGScheduler: ResultStage 0 (parquet at NativeMethodAccessorImpl.java:0) finished in 2.251 s
[2025-03-21T15:57:44.273+0000] {subprocess.py:93} INFO - 25/03/21 15:57:44 INFO DAGScheduler: Job 0 is finished. Cancelling potential speculative or zombie tasks for this job
[2025-03-21T15:57:44.274+0000] {subprocess.py:93} INFO - 25/03/21 15:57:44 INFO TaskSchedulerImpl: Killing all running tasks in stage 0: Stage finished
[2025-03-21T15:57:44.279+0000] {subprocess.py:93} INFO - 25/03/21 15:57:44 INFO DAGScheduler: Job 0 finished: parquet at NativeMethodAccessorImpl.java:0, took 3.915553 s
[2025-03-21T15:57:45.391+0000] {subprocess.py:93} INFO - 25/03/21 15:57:45 INFO BlockManagerInfo: Removed broadcast_0_piece0 on c722f6fe3c2f:42957 in memory (size: 37.2 KiB, free: 366.3 MiB)
[2025-03-21T15:57:45.449+0000] {subprocess.py:93} INFO - 25/03/21 15:57:45 INFO BlockManagerInfo: Removed broadcast_0_piece0 on 172.18.0.2:37035 in memory (size: 37.2 KiB, free: 366.3 MiB)
[2025-03-21T15:57:48.521+0000] {subprocess.py:93} INFO - 25/03/21 15:57:48 INFO FileSourceStrategy: Pushed Filters: IsNotNull(amount),GreaterThan(amount,1000.0)
[2025-03-21T15:57:48.525+0000] {subprocess.py:93} INFO - 25/03/21 15:57:48 INFO FileSourceStrategy: Post-Scan Filters: isnotnull(amount#2),(amount#2 > 1000.0)
[2025-03-21T15:57:48.811+0000] {subprocess.py:93} INFO - 25/03/21 15:57:48 INFO ParquetUtils: Using default output committer for Parquet: org.apache.parquet.hadoop.ParquetOutputCommitter
[2025-03-21T15:57:48.840+0000] {subprocess.py:93} INFO - 25/03/21 15:57:48 INFO FileOutputCommitter: File Output Committer Algorithm version is 1
[2025-03-21T15:57:48.841+0000] {subprocess.py:93} INFO - 25/03/21 15:57:48 INFO FileOutputCommitter: FileOutputCommitter skip cleanup _temporary folders under output directory:false, ignore cleanup failures: false
[2025-03-21T15:57:48.844+0000] {subprocess.py:93} INFO - 25/03/21 15:57:48 INFO SQLHadoopMapReduceCommitProtocol: Using user defined output committer class org.apache.parquet.hadoop.ParquetOutputCommitter
[2025-03-21T15:57:48.845+0000] {subprocess.py:93} INFO - 25/03/21 15:57:48 INFO FileOutputCommitter: File Output Committer Algorithm version is 1
[2025-03-21T15:57:48.846+0000] {subprocess.py:93} INFO - 25/03/21 15:57:48 INFO FileOutputCommitter: FileOutputCommitter skip cleanup _temporary folders under output directory:false, ignore cleanup failures: false
[2025-03-21T15:57:48.847+0000] {subprocess.py:93} INFO - 25/03/21 15:57:48 INFO SQLHadoopMapReduceCommitProtocol: Using output committer class org.apache.parquet.hadoop.ParquetOutputCommitter
[2025-03-21T15:57:49.436+0000] {subprocess.py:93} INFO - 25/03/21 15:57:49 INFO CodeGenerator: Code generated in 423.106283 ms
[2025-03-21T15:57:49.470+0000] {subprocess.py:93} INFO - 25/03/21 15:57:49 INFO MemoryStore: Block broadcast_1 stored as values in memory (estimated size 358.3 KiB, free 366.0 MiB)
[2025-03-21T15:57:49.493+0000] {subprocess.py:93} INFO - 25/03/21 15:57:49 INFO MemoryStore: Block broadcast_1_piece0 stored as bytes in memory (estimated size 35.2 KiB, free 365.9 MiB)
[2025-03-21T15:57:49.494+0000] {subprocess.py:93} INFO - 25/03/21 15:57:49 INFO BlockManagerInfo: Added broadcast_1_piece0 in memory on c722f6fe3c2f:42957 (size: 35.2 KiB, free: 366.3 MiB)
[2025-03-21T15:57:49.499+0000] {subprocess.py:93} INFO - 25/03/21 15:57:49 INFO SparkContext: Created broadcast 1 from parquet at NativeMethodAccessorImpl.java:0
[2025-03-21T15:57:49.524+0000] {subprocess.py:93} INFO - 25/03/21 15:57:49 INFO FileSourceScanExec: Planning scan with bin packing, max size: 4194304 bytes, open cost is considered as scanning 4194304 bytes.
[2025-03-21T15:57:49.683+0000] {subprocess.py:93} INFO - 25/03/21 15:57:49 INFO SparkContext: Starting job: parquet at NativeMethodAccessorImpl.java:0
[2025-03-21T15:57:49.687+0000] {subprocess.py:93} INFO - 25/03/21 15:57:49 INFO DAGScheduler: Got job 1 (parquet at NativeMethodAccessorImpl.java:0) with 1 output partitions
[2025-03-21T15:57:49.688+0000] {subprocess.py:93} INFO - 25/03/21 15:57:49 INFO DAGScheduler: Final stage: ResultStage 1 (parquet at NativeMethodAccessorImpl.java:0)
[2025-03-21T15:57:49.691+0000] {subprocess.py:93} INFO - 25/03/21 15:57:49 INFO DAGScheduler: Parents of final stage: List()
[2025-03-21T15:57:49.692+0000] {subprocess.py:93} INFO - 25/03/21 15:57:49 INFO DAGScheduler: Missing parents: List()
[2025-03-21T15:57:49.694+0000] {subprocess.py:93} INFO - 25/03/21 15:57:49 INFO DAGScheduler: Submitting ResultStage 1 (MapPartitionsRDD[5] at parquet at NativeMethodAccessorImpl.java:0), which has no missing parents
[2025-03-21T15:57:49.766+0000] {subprocess.py:93} INFO - 25/03/21 15:57:49 INFO MemoryStore: Block broadcast_2 stored as values in memory (estimated size 233.5 KiB, free 365.7 MiB)
[2025-03-21T15:57:49.772+0000] {subprocess.py:93} INFO - 25/03/21 15:57:49 INFO MemoryStore: Block broadcast_2_piece0 stored as bytes in memory (estimated size 84.4 KiB, free 365.6 MiB)
[2025-03-21T15:57:49.774+0000] {subprocess.py:93} INFO - 25/03/21 15:57:49 INFO BlockManagerInfo: Added broadcast_2_piece0 in memory on c722f6fe3c2f:42957 (size: 84.4 KiB, free: 366.2 MiB)
[2025-03-21T15:57:49.775+0000] {subprocess.py:93} INFO - 25/03/21 15:57:49 INFO SparkContext: Created broadcast 2 from broadcast at DAGScheduler.scala:1580
[2025-03-21T15:57:49.779+0000] {subprocess.py:93} INFO - 25/03/21 15:57:49 INFO DAGScheduler: Submitting 1 missing tasks from ResultStage 1 (MapPartitionsRDD[5] at parquet at NativeMethodAccessorImpl.java:0) (first 15 tasks are for partitions Vector(0))
[2025-03-21T15:57:49.780+0000] {subprocess.py:93} INFO - 25/03/21 15:57:49 INFO TaskSchedulerImpl: Adding task set 1.0 with 1 tasks resource profile 0
[2025-03-21T15:57:49.792+0000] {subprocess.py:93} INFO - 25/03/21 15:57:49 INFO TaskSetManager: Starting task 0.0 in stage 1.0 (TID 1) (172.18.0.2, executor 0, partition 0, ANY, 8299 bytes)
[2025-03-21T15:57:49.883+0000] {subprocess.py:93} INFO - 25/03/21 15:57:49 INFO BlockManagerInfo: Added broadcast_2_piece0 in memory on 172.18.0.2:37035 (size: 84.4 KiB, free: 366.2 MiB)
[2025-03-21T15:57:51.471+0000] {subprocess.py:93} INFO - 25/03/21 15:57:51 INFO BlockManagerInfo: Added broadcast_1_piece0 in memory on 172.18.0.2:37035 (size: 35.2 KiB, free: 366.2 MiB)
[2025-03-21T15:57:53.140+0000] {subprocess.py:93} INFO - 25/03/21 15:57:53 INFO TaskSetManager: Finished task 0.0 in stage 1.0 (TID 1) in 3353 ms on 172.18.0.2 (executor 0) (1/1)
[2025-03-21T15:57:53.147+0000] {subprocess.py:93} INFO - 25/03/21 15:57:53 INFO TaskSchedulerImpl: Removed TaskSet 1.0, whose tasks have all completed, from pool
[2025-03-21T15:57:53.148+0000] {subprocess.py:93} INFO - 25/03/21 15:57:53 INFO DAGScheduler: ResultStage 1 (parquet at NativeMethodAccessorImpl.java:0) finished in 3.436 s
[2025-03-21T15:57:53.149+0000] {subprocess.py:93} INFO - 25/03/21 15:57:53 INFO DAGScheduler: Job 1 is finished. Cancelling potential speculative or zombie tasks for this job
[2025-03-21T15:57:53.150+0000] {subprocess.py:93} INFO - 25/03/21 15:57:53 INFO TaskSchedulerImpl: Killing all running tasks in stage 1: Stage finished
[2025-03-21T15:57:53.151+0000] {subprocess.py:93} INFO - 25/03/21 15:57:53 INFO DAGScheduler: Job 1 finished: parquet at NativeMethodAccessorImpl.java:0, took 3.461251 s
[2025-03-21T15:57:53.151+0000] {subprocess.py:93} INFO - 25/03/21 15:57:53 INFO FileFormatWriter: Start to commit write Job bb74aa21-a5af-4b5d-9c94-908f0ab6a624.
[2025-03-21T15:57:53.253+0000] {subprocess.py:93} INFO - 25/03/21 15:57:53 INFO FileFormatWriter: Write Job bb74aa21-a5af-4b5d-9c94-908f0ab6a624 committed. Elapsed time: 99 ms.
[2025-03-21T15:57:53.259+0000] {subprocess.py:93} INFO - 25/03/21 15:57:53 INFO FileFormatWriter: Finished processing stats for write job bb74aa21-a5af-4b5d-9c94-908f0ab6a624.
[2025-03-21T15:57:53.279+0000] {subprocess.py:93} INFO - 25/03/21 15:57:53 INFO SparkContext: SparkContext is stopping with exitCode 0.
[2025-03-21T15:57:53.377+0000] {subprocess.py:93} INFO - 25/03/21 15:57:53 INFO SparkUI: Stopped Spark web UI at http://c722f6fe3c2f:4040
[2025-03-21T15:57:53.384+0000] {subprocess.py:93} INFO - 25/03/21 15:57:53 INFO StandaloneSchedulerBackend: Shutting down all executors
[2025-03-21T15:57:53.385+0000] {subprocess.py:93} INFO - 25/03/21 15:57:53 INFO StandaloneSchedulerBackend$StandaloneDriverEndpoint: Asking each executor to shut down
[2025-03-21T15:57:53.466+0000] {subprocess.py:93} INFO - 25/03/21 15:57:53 INFO MapOutputTrackerMasterEndpoint: MapOutputTrackerMasterEndpoint stopped!
[2025-03-21T15:57:53.739+0000] {subprocess.py:93} INFO - 25/03/21 15:57:53 INFO MemoryStore: MemoryStore cleared
[2025-03-21T15:57:53.744+0000] {subprocess.py:93} INFO - 25/03/21 15:57:53 INFO BlockManager: BlockManager stopped
[2025-03-21T15:57:53.751+0000] {subprocess.py:93} INFO - 25/03/21 15:57:53 INFO BlockManagerMaster: BlockManagerMaster stopped
[2025-03-21T15:57:53.754+0000] {subprocess.py:93} INFO - 25/03/21 15:57:53 INFO OutputCommitCoordinator$OutputCommitCoordinatorEndpoint: OutputCommitCoordinator stopped!
[2025-03-21T15:57:53.835+0000] {subprocess.py:93} INFO - 25/03/21 15:57:53 INFO SparkContext: Successfully stopped SparkContext
[2025-03-21T15:57:54.209+0000] {subprocess.py:93} INFO - 25/03/21 15:57:54 INFO ShutdownHookManager: Shutdown hook called
[2025-03-21T15:57:54.210+0000] {subprocess.py:93} INFO - 25/03/21 15:57:54 INFO ShutdownHookManager: Deleting directory /tmp/spark-2c6e61cc-5a13-48ca-94f1-9d778d505502
[2025-03-21T15:57:54.214+0000] {subprocess.py:93} INFO - 25/03/21 15:57:54 INFO ShutdownHookManager: Deleting directory /tmp/spark-bbae7af2-714c-4cc7-a854-3b9508a10b7f
[2025-03-21T15:57:54.221+0000] {subprocess.py:93} INFO - 25/03/21 15:57:54 INFO ShutdownHookManager: Deleting directory /tmp/spark-bbae7af2-714c-4cc7-a854-3b9508a10b7f/pyspark-00465962-b6a5-49b0-8d5e-a6800e4b7a75
[2025-03-21T15:57:54.283+0000] {subprocess.py:97} INFO - Command exited with return code 0
[2025-03-21T15:57:54.327+0000] {taskinstance.py:1398} INFO - Marking task as SUCCESS. dag_id=transactions_pipeline, task_id=detect_fraud_batch_20250321_155012, execution_date=20250321T155649, start_date=20250321T155715, end_date=20250321T155754
[2025-03-21T15:57:54.334+0000] {logging_mixin.py:151} WARNING - /home/***/.local/lib/python3.8/site-packages/***/utils/context.py:206 AirflowContextDeprecationWarning: Accessing 'execution_date' from the template is deprecated and will be removed in a future version. Please use 'data_interval_start' or 'logical_date' instead.
[2025-03-21T15:57:54.740+0000] {fraud_detection_pipeline.py:52} INFO - Discord message sent successfully
[2025-03-21T15:57:54.823+0000] {local_task_job_runner.py:228} INFO - Task exited with return code 0
[2025-03-21T15:57:54.886+0000] {taskinstance.py:2776} INFO - 1 downstream tasks scheduled from follow-on schedule check
