[2025-03-20T12:56:13.201+0000] {taskinstance.py:1157} INFO - Dependencies all met for dep_context=non-requeueable deps ti=<TaskInstance: transactions_pipeline.detect_fraud manual__2025-03-20T12:55:53.203262+00:00 [queued]>
[2025-03-20T12:56:13.214+0000] {taskinstance.py:1157} INFO - Dependencies all met for dep_context=requeueable deps ti=<TaskInstance: transactions_pipeline.detect_fraud manual__2025-03-20T12:55:53.203262+00:00 [queued]>
[2025-03-20T12:56:13.217+0000] {taskinstance.py:1359} INFO - Starting attempt 1 of 1
[2025-03-20T12:56:13.237+0000] {taskinstance.py:1380} INFO - Executing <Task(BashOperator): detect_fraud> on 2025-03-20 12:55:53.203262+00:00
[2025-03-20T12:56:13.246+0000] {standard_task_runner.py:57} INFO - Started process 1081 to run task
[2025-03-20T12:56:13.254+0000] {standard_task_runner.py:84} INFO - Running: ['***', 'tasks', 'run', 'transactions_pipeline', 'detect_fraud', 'manual__2025-03-20T12:55:53.203262+00:00', '--job-id', '308', '--raw', '--subdir', 'DAGS_FOLDER/fraud_detection_pipeline.py', '--cfg-path', '/tmp/tmpgvy4660_']
[2025-03-20T12:56:13.258+0000] {standard_task_runner.py:85} INFO - Job 308: Subtask detect_fraud
[2025-03-20T12:56:13.347+0000] {task_command.py:415} INFO - Running <TaskInstance: transactions_pipeline.detect_fraud manual__2025-03-20T12:55:53.203262+00:00 [running]> on host 3938a1dd8bd9
[2025-03-20T12:56:13.449+0000] {taskinstance.py:1660} INFO - Exporting env vars: AIRFLOW_CTX_DAG_OWNER='***' AIRFLOW_CTX_DAG_ID='transactions_pipeline' AIRFLOW_CTX_TASK_ID='detect_fraud' AIRFLOW_CTX_EXECUTION_DATE='2025-03-20T12:55:53.203262+00:00' AIRFLOW_CTX_TRY_NUMBER='1' AIRFLOW_CTX_DAG_RUN_ID='manual__2025-03-20T12:55:53.203262+00:00'
[2025-03-20T12:56:13.453+0000] {subprocess.py:63} INFO - Tmp dir root location: /tmp
[2025-03-20T12:56:13.455+0000] {subprocess.py:75} INFO - Running command: ['/bin/bash', '-c', '\n    docker exec hive spark-submit --master spark://localhost:7077 /hive/scripts/detect_fraud.py "batch_20250320_124846"\n    ']
[2025-03-20T12:56:13.473+0000] {subprocess.py:86} INFO - Output:
[2025-03-20T12:56:16.779+0000] {subprocess.py:93} INFO - 25/03/20 12:56:16 INFO SparkContext: Running Spark version 3.5.0
[2025-03-20T12:56:16.785+0000] {subprocess.py:93} INFO - 25/03/20 12:56:16 INFO SparkContext: OS info Linux, 5.15.167.4-microsoft-standard-WSL2, amd64
[2025-03-20T12:56:16.786+0000] {subprocess.py:93} INFO - 25/03/20 12:56:16 INFO SparkContext: Java version 1.8.0_342
[2025-03-20T12:56:16.922+0000] {subprocess.py:93} INFO - 25/03/20 12:56:16 WARN NativeCodeLoader: Unable to load native-hadoop library for your platform... using builtin-java classes where applicable
[2025-03-20T12:56:17.043+0000] {subprocess.py:93} INFO - 25/03/20 12:56:17 INFO ResourceUtils: ==============================================================
[2025-03-20T12:56:17.044+0000] {subprocess.py:93} INFO - 25/03/20 12:56:17 INFO ResourceUtils: No custom resources configured for spark.driver.
[2025-03-20T12:56:17.045+0000] {subprocess.py:93} INFO - 25/03/20 12:56:17 INFO ResourceUtils: ==============================================================
[2025-03-20T12:56:17.046+0000] {subprocess.py:93} INFO - 25/03/20 12:56:17 INFO SparkContext: Submitted application: FraudDetection
[2025-03-20T12:56:17.083+0000] {subprocess.py:93} INFO - 25/03/20 12:56:17 INFO ResourceProfile: Default ResourceProfile created, executor resources: Map(memory -> name: memory, amount: 1024, script: , vendor: , offHeap -> name: offHeap, amount: 0, script: , vendor: ), task resources: Map(cpus -> name: cpus, amount: 1.0)
[2025-03-20T12:56:17.109+0000] {subprocess.py:93} INFO - 25/03/20 12:56:17 INFO ResourceProfile: Limiting resource is cpu
[2025-03-20T12:56:17.111+0000] {subprocess.py:93} INFO - 25/03/20 12:56:17 INFO ResourceProfileManager: Added ResourceProfile id: 0
[2025-03-20T12:56:17.183+0000] {subprocess.py:93} INFO - 25/03/20 12:56:17 INFO SecurityManager: Changing view acls to: root
[2025-03-20T12:56:17.184+0000] {subprocess.py:93} INFO - 25/03/20 12:56:17 INFO SecurityManager: Changing modify acls to: root
[2025-03-20T12:56:17.186+0000] {subprocess.py:93} INFO - 25/03/20 12:56:17 INFO SecurityManager: Changing view acls groups to:
[2025-03-20T12:56:17.187+0000] {subprocess.py:93} INFO - 25/03/20 12:56:17 INFO SecurityManager: Changing modify acls groups to:
[2025-03-20T12:56:17.188+0000] {subprocess.py:93} INFO - 25/03/20 12:56:17 INFO SecurityManager: SecurityManager: authentication disabled; ui acls disabled; users with view permissions: root; groups with view permissions: EMPTY; users with modify permissions: root; groups with modify permissions: EMPTY
[2025-03-20T12:56:17.500+0000] {subprocess.py:93} INFO - 25/03/20 12:56:17 INFO Utils: Successfully started service 'sparkDriver' on port 38799.
[2025-03-20T12:56:17.548+0000] {subprocess.py:93} INFO - 25/03/20 12:56:17 INFO SparkEnv: Registering MapOutputTracker
[2025-03-20T12:56:17.599+0000] {subprocess.py:93} INFO - 25/03/20 12:56:17 INFO SparkEnv: Registering BlockManagerMaster
[2025-03-20T12:56:17.623+0000] {subprocess.py:93} INFO - 25/03/20 12:56:17 INFO BlockManagerMasterEndpoint: Using org.apache.spark.storage.DefaultTopologyMapper for getting topology information
[2025-03-20T12:56:17.624+0000] {subprocess.py:93} INFO - 25/03/20 12:56:17 INFO BlockManagerMasterEndpoint: BlockManagerMasterEndpoint up
[2025-03-20T12:56:17.632+0000] {subprocess.py:93} INFO - 25/03/20 12:56:17 INFO SparkEnv: Registering BlockManagerMasterHeartbeat
[2025-03-20T12:56:17.711+0000] {subprocess.py:93} INFO - 25/03/20 12:56:17 INFO DiskBlockManager: Created local directory at /tmp/blockmgr-418c0a92-0c8d-4fd8-a298-66cf1a4b36b9
[2025-03-20T12:56:17.734+0000] {subprocess.py:93} INFO - 25/03/20 12:56:17 INFO MemoryStore: MemoryStore started with capacity 366.3 MiB
[2025-03-20T12:56:17.755+0000] {subprocess.py:93} INFO - 25/03/20 12:56:17 INFO SparkEnv: Registering OutputCommitCoordinator
[2025-03-20T12:56:17.989+0000] {subprocess.py:93} INFO - 25/03/20 12:56:17 INFO JettyUtils: Start Jetty 0.0.0.0:4040 for SparkUI
[2025-03-20T12:56:18.111+0000] {subprocess.py:93} INFO - 25/03/20 12:56:18 INFO Utils: Successfully started service 'SparkUI' on port 4040.
[2025-03-20T12:56:18.356+0000] {subprocess.py:93} INFO - 25/03/20 12:56:18 INFO StandaloneAppClient$ClientEndpoint: Connecting to master spark://localhost:7077...
[2025-03-20T12:56:18.501+0000] {subprocess.py:93} INFO - 25/03/20 12:56:18 INFO TransportClientFactory: Successfully created connection to localhost/127.0.0.1:7077 after 109 ms (0 ms spent in bootstraps)
[2025-03-20T12:56:18.689+0000] {subprocess.py:93} INFO - 25/03/20 12:56:18 INFO StandaloneSchedulerBackend: Connected to Spark cluster with app ID app-20250320125618-0007
[2025-03-20T12:56:18.692+0000] {subprocess.py:93} INFO - 25/03/20 12:56:18 INFO StandaloneAppClient$ClientEndpoint: Executor added: app-20250320125618-0007/0 on worker-20250320120146-172.18.0.6-34145 (172.18.0.6:34145) with 2 core(s)
[2025-03-20T12:56:18.696+0000] {subprocess.py:93} INFO - 25/03/20 12:56:18 INFO StandaloneSchedulerBackend: Granted executor ID app-20250320125618-0007/0 on hostPort 172.18.0.6:34145 with 2 core(s), 1024.0 MiB RAM
[2025-03-20T12:56:18.707+0000] {subprocess.py:93} INFO - 25/03/20 12:56:18 INFO Utils: Successfully started service 'org.apache.spark.network.netty.NettyBlockTransferService' on port 43003.
[2025-03-20T12:56:18.707+0000] {subprocess.py:93} INFO - 25/03/20 12:56:18 INFO NettyBlockTransferService: Server created on bcc1e3430c31:43003
[2025-03-20T12:56:18.712+0000] {subprocess.py:93} INFO - 25/03/20 12:56:18 INFO BlockManager: Using org.apache.spark.storage.RandomBlockReplicationPolicy for block replication policy
[2025-03-20T12:56:18.725+0000] {subprocess.py:93} INFO - 25/03/20 12:56:18 INFO BlockManagerMaster: Registering BlockManager BlockManagerId(driver, bcc1e3430c31, 43003, None)
[2025-03-20T12:56:18.734+0000] {subprocess.py:93} INFO - 25/03/20 12:56:18 INFO BlockManagerMasterEndpoint: Registering block manager bcc1e3430c31:43003 with 366.3 MiB RAM, BlockManagerId(driver, bcc1e3430c31, 43003, None)
[2025-03-20T12:56:18.738+0000] {subprocess.py:93} INFO - 25/03/20 12:56:18 INFO BlockManagerMaster: Registered BlockManager BlockManagerId(driver, bcc1e3430c31, 43003, None)
[2025-03-20T12:56:18.740+0000] {subprocess.py:93} INFO - 25/03/20 12:56:18 INFO BlockManager: Initialized BlockManager: BlockManagerId(driver, bcc1e3430c31, 43003, None)
[2025-03-20T12:56:18.865+0000] {subprocess.py:93} INFO - 25/03/20 12:56:18 INFO StandaloneAppClient$ClientEndpoint: Executor updated: app-20250320125618-0007/0 is now RUNNING
[2025-03-20T12:56:19.766+0000] {subprocess.py:93} INFO - 25/03/20 12:56:19 INFO StandaloneSchedulerBackend: SchedulerBackend is ready for scheduling beginning after reached minRegisteredResourcesRatio: 0.0
[2025-03-20T12:56:20.439+0000] {subprocess.py:93} INFO - Spark version: 3.5.0
[2025-03-20T12:56:20.660+0000] {subprocess.py:93} INFO - 25/03/20 12:56:20 INFO SharedState: Setting hive.metastore.warehouse.dir ('null') to the value of spark.sql.warehouse.dir.
[2025-03-20T12:56:22.421+0000] {subprocess.py:93} INFO - 25/03/20 12:56:22 INFO SharedState: Warehouse path is 'hdfs://localhost:9000/data/warehouse'.
[2025-03-20T12:56:26.759+0000] {subprocess.py:93} INFO - 25/03/20 12:56:26 INFO InMemoryFileIndex: It took 285 ms to list leaf files for 1 paths.
[2025-03-20T12:56:27.464+0000] {subprocess.py:93} INFO - 25/03/20 12:56:27 INFO StandaloneSchedulerBackend$StandaloneDriverEndpoint: Registered executor NettyRpcEndpointRef(spark-client://Executor) (172.18.0.6:60028) with ID 0,  ResourceProfileId 0
[2025-03-20T12:56:27.827+0000] {subprocess.py:93} INFO - 25/03/20 12:56:27 INFO BlockManagerMasterEndpoint: Registering block manager 172.18.0.6:36319 with 366.3 MiB RAM, BlockManagerId(0, 172.18.0.6, 36319, None)
[2025-03-20T12:56:28.769+0000] {subprocess.py:93} INFO - 25/03/20 12:56:28 INFO SparkContext: Starting job: parquet at NativeMethodAccessorImpl.java:0
[2025-03-20T12:56:28.841+0000] {subprocess.py:93} INFO - 25/03/20 12:56:28 INFO DAGScheduler: Got job 0 (parquet at NativeMethodAccessorImpl.java:0) with 1 output partitions
[2025-03-20T12:56:28.842+0000] {subprocess.py:93} INFO - 25/03/20 12:56:28 INFO DAGScheduler: Final stage: ResultStage 0 (parquet at NativeMethodAccessorImpl.java:0)
[2025-03-20T12:56:28.844+0000] {subprocess.py:93} INFO - 25/03/20 12:56:28 INFO DAGScheduler: Parents of final stage: List()
[2025-03-20T12:56:28.852+0000] {subprocess.py:93} INFO - 25/03/20 12:56:28 INFO DAGScheduler: Missing parents: List()
[2025-03-20T12:56:28.867+0000] {subprocess.py:93} INFO - 25/03/20 12:56:28 INFO DAGScheduler: Submitting ResultStage 0 (MapPartitionsRDD[1] at parquet at NativeMethodAccessorImpl.java:0), which has no missing parents
[2025-03-20T12:56:29.121+0000] {subprocess.py:93} INFO - 25/03/20 12:56:29 INFO MemoryStore: Block broadcast_0 stored as values in memory (estimated size 103.3 KiB, free 366.2 MiB)
[2025-03-20T12:56:29.230+0000] {subprocess.py:93} INFO - 25/03/20 12:56:29 INFO MemoryStore: Block broadcast_0_piece0 stored as bytes in memory (estimated size 37.2 KiB, free 366.2 MiB)
[2025-03-20T12:56:29.239+0000] {subprocess.py:93} INFO - 25/03/20 12:56:29 INFO BlockManagerInfo: Added broadcast_0_piece0 in memory on bcc1e3430c31:43003 (size: 37.2 KiB, free: 366.3 MiB)
[2025-03-20T12:56:29.253+0000] {subprocess.py:93} INFO - 25/03/20 12:56:29 INFO SparkContext: Created broadcast 0 from broadcast at DAGScheduler.scala:1580
[2025-03-20T12:56:29.295+0000] {subprocess.py:93} INFO - 25/03/20 12:56:29 INFO DAGScheduler: Submitting 1 missing tasks from ResultStage 0 (MapPartitionsRDD[1] at parquet at NativeMethodAccessorImpl.java:0) (first 15 tasks are for partitions Vector(0))
[2025-03-20T12:56:29.302+0000] {subprocess.py:93} INFO - 25/03/20 12:56:29 INFO TaskSchedulerImpl: Adding task set 0.0 with 1 tasks resource profile 0
[2025-03-20T12:56:29.427+0000] {subprocess.py:93} INFO - 25/03/20 12:56:29 INFO TaskSetManager: Starting task 0.0 in stage 0.0 (TID 0) (172.18.0.6, executor 0, partition 0, PROCESS_LOCAL, 7831 bytes)
[2025-03-20T12:56:30.188+0000] {subprocess.py:93} INFO - 25/03/20 12:56:30 INFO BlockManagerInfo: Added broadcast_0_piece0 in memory on 172.18.0.6:36319 (size: 37.2 KiB, free: 366.3 MiB)
[2025-03-20T12:56:34.056+0000] {subprocess.py:93} INFO - 25/03/20 12:56:34 INFO TaskSetManager: Finished task 0.0 in stage 0.0 (TID 0) in 4655 ms on 172.18.0.6 (executor 0) (1/1)
[2025-03-20T12:56:34.062+0000] {subprocess.py:93} INFO - 25/03/20 12:56:34 INFO TaskSchedulerImpl: Removed TaskSet 0.0, whose tasks have all completed, from pool
[2025-03-20T12:56:34.074+0000] {subprocess.py:93} INFO - 25/03/20 12:56:34 INFO DAGScheduler: ResultStage 0 (parquet at NativeMethodAccessorImpl.java:0) finished in 5.131 s
[2025-03-20T12:56:34.082+0000] {subprocess.py:93} INFO - 25/03/20 12:56:34 INFO DAGScheduler: Job 0 is finished. Cancelling potential speculative or zombie tasks for this job
[2025-03-20T12:56:34.083+0000] {subprocess.py:93} INFO - 25/03/20 12:56:34 INFO TaskSchedulerImpl: Killing all running tasks in stage 0: Stage finished
[2025-03-20T12:56:34.121+0000] {subprocess.py:93} INFO - 25/03/20 12:56:34 INFO DAGScheduler: Job 0 finished: parquet at NativeMethodAccessorImpl.java:0, took 5.351118 s
[2025-03-20T12:56:34.852+0000] {subprocess.py:93} INFO - 25/03/20 12:56:34 INFO BlockManagerInfo: Removed broadcast_0_piece0 on bcc1e3430c31:43003 in memory (size: 37.2 KiB, free: 366.3 MiB)
[2025-03-20T12:56:34.862+0000] {subprocess.py:93} INFO - 25/03/20 12:56:34 INFO BlockManagerInfo: Removed broadcast_0_piece0 on 172.18.0.6:36319 in memory (size: 37.2 KiB, free: 366.3 MiB)
[2025-03-20T12:56:36.250+0000] {subprocess.py:93} INFO - Error: 'DataFrame' object has no attribute 'amount'
[2025-03-20T12:56:36.252+0000] {subprocess.py:93} INFO - 25/03/20 12:56:36 INFO SparkContext: SparkContext is stopping with exitCode 0.
[2025-03-20T12:56:36.276+0000] {subprocess.py:93} INFO - 25/03/20 12:56:36 INFO SparkUI: Stopped Spark web UI at http://bcc1e3430c31:4040
[2025-03-20T12:56:36.288+0000] {subprocess.py:93} INFO - 25/03/20 12:56:36 INFO StandaloneSchedulerBackend: Shutting down all executors
[2025-03-20T12:56:36.289+0000] {subprocess.py:93} INFO - 25/03/20 12:56:36 INFO StandaloneSchedulerBackend$StandaloneDriverEndpoint: Asking each executor to shut down
[2025-03-20T12:56:36.334+0000] {subprocess.py:93} INFO - 25/03/20 12:56:36 INFO MapOutputTrackerMasterEndpoint: MapOutputTrackerMasterEndpoint stopped!
[2025-03-20T12:56:36.425+0000] {subprocess.py:93} INFO - 25/03/20 12:56:36 INFO MemoryStore: MemoryStore cleared
[2025-03-20T12:56:36.426+0000] {subprocess.py:93} INFO - 25/03/20 12:56:36 INFO BlockManager: BlockManager stopped
[2025-03-20T12:56:36.432+0000] {subprocess.py:93} INFO - 25/03/20 12:56:36 INFO BlockManagerMaster: BlockManagerMaster stopped
[2025-03-20T12:56:36.437+0000] {subprocess.py:93} INFO - 25/03/20 12:56:36 INFO OutputCommitCoordinator$OutputCommitCoordinatorEndpoint: OutputCommitCoordinator stopped!
[2025-03-20T12:56:36.449+0000] {subprocess.py:93} INFO - 25/03/20 12:56:36 INFO SparkContext: Successfully stopped SparkContext
[2025-03-20T12:56:36.944+0000] {subprocess.py:93} INFO - Traceback (most recent call last):
[2025-03-20T12:56:36.945+0000] {subprocess.py:93} INFO -   File "/hive/scripts/detect_fraud.py", line 18, in <module>
[2025-03-20T12:56:36.948+0000] {subprocess.py:93} INFO -     df_fraud = df_transactions.filter(df_transactions.amount > 1000) \
[2025-03-20T12:56:36.949+0000] {subprocess.py:93} INFO -   File "/opt/spark-3.5.0-bin-hadoop3/python/lib/pyspark.zip/pyspark/sql/dataframe.py", line 3123, in __getattr__
[2025-03-20T12:56:36.950+0000] {subprocess.py:93} INFO - AttributeError: 'DataFrame' object has no attribute 'amount'
[2025-03-20T12:56:36.999+0000] {subprocess.py:93} INFO - 25/03/20 12:56:36 INFO ShutdownHookManager: Shutdown hook called
[2025-03-20T12:56:37.000+0000] {subprocess.py:93} INFO - 25/03/20 12:56:36 INFO ShutdownHookManager: Deleting directory /tmp/spark-a83dae84-cec5-4ae0-9b7b-1994571ac9b9/pyspark-e08a8b05-37d3-47a9-99f5-39525f89e15f
[2025-03-20T12:56:37.004+0000] {subprocess.py:93} INFO - 25/03/20 12:56:37 INFO ShutdownHookManager: Deleting directory /tmp/spark-1f9b7abe-5f29-4286-97b8-6765bc9e3f13
[2025-03-20T12:56:37.011+0000] {subprocess.py:93} INFO - 25/03/20 12:56:37 INFO ShutdownHookManager: Deleting directory /tmp/spark-a83dae84-cec5-4ae0-9b7b-1994571ac9b9
[2025-03-20T12:56:37.093+0000] {subprocess.py:97} INFO - Command exited with return code 1
[2025-03-20T12:56:37.107+0000] {taskinstance.py:1935} ERROR - Task failed with exception
Traceback (most recent call last):
  File "/home/airflow/.local/lib/python3.8/site-packages/airflow/operators/bash.py", line 210, in execute
    raise AirflowException(
airflow.exceptions.AirflowException: Bash command failed. The command returned a non-zero exit code 1.
[2025-03-20T12:56:37.115+0000] {taskinstance.py:1398} INFO - Marking task as FAILED. dag_id=transactions_pipeline, task_id=detect_fraud, execution_date=20250320T125553, start_date=20250320T125613, end_date=20250320T125637
[2025-03-20T12:56:37.134+0000] {standard_task_runner.py:104} ERROR - Failed to execute job 308 for task detect_fraud (Bash command failed. The command returned a non-zero exit code 1.; 1081)
[2025-03-20T12:56:37.180+0000] {local_task_job_runner.py:228} INFO - Task exited with return code 1
[2025-03-20T12:56:37.204+0000] {taskinstance.py:2776} INFO - 0 downstream tasks scheduled from follow-on schedule check
