[2025-03-20T13:03:07.961+0000] {taskinstance.py:1157} INFO - Dependencies all met for dep_context=non-requeueable deps ti=<TaskInstance: transactions_pipeline.detect_fraud manual__2025-03-20T13:02:49.546381+00:00 [queued]>
[2025-03-20T13:03:07.973+0000] {taskinstance.py:1157} INFO - Dependencies all met for dep_context=requeueable deps ti=<TaskInstance: transactions_pipeline.detect_fraud manual__2025-03-20T13:02:49.546381+00:00 [queued]>
[2025-03-20T13:03:07.975+0000] {taskinstance.py:1359} INFO - Starting attempt 1 of 1
[2025-03-20T13:03:07.995+0000] {taskinstance.py:1380} INFO - Executing <Task(BashOperator): detect_fraud> on 2025-03-20 13:02:49.546381+00:00
[2025-03-20T13:03:08.005+0000] {standard_task_runner.py:57} INFO - Started process 1227 to run task
[2025-03-20T13:03:08.008+0000] {standard_task_runner.py:84} INFO - Running: ['***', 'tasks', 'run', 'transactions_pipeline', 'detect_fraud', 'manual__2025-03-20T13:02:49.546381+00:00', '--job-id', '313', '--raw', '--subdir', 'DAGS_FOLDER/fraud_detection_pipeline.py', '--cfg-path', '/tmp/tmpivytll7e']
[2025-03-20T13:03:08.011+0000] {standard_task_runner.py:85} INFO - Job 313: Subtask detect_fraud
[2025-03-20T13:03:08.073+0000] {task_command.py:415} INFO - Running <TaskInstance: transactions_pipeline.detect_fraud manual__2025-03-20T13:02:49.546381+00:00 [running]> on host 3938a1dd8bd9
[2025-03-20T13:03:08.184+0000] {taskinstance.py:1660} INFO - Exporting env vars: AIRFLOW_CTX_DAG_OWNER='***' AIRFLOW_CTX_DAG_ID='transactions_pipeline' AIRFLOW_CTX_TASK_ID='detect_fraud' AIRFLOW_CTX_EXECUTION_DATE='2025-03-20T13:02:49.546381+00:00' AIRFLOW_CTX_TRY_NUMBER='1' AIRFLOW_CTX_DAG_RUN_ID='manual__2025-03-20T13:02:49.546381+00:00'
[2025-03-20T13:03:08.187+0000] {subprocess.py:63} INFO - Tmp dir root location: /tmp
[2025-03-20T13:03:08.189+0000] {subprocess.py:75} INFO - Running command: ['/bin/bash', '-c', '\n    docker exec hive spark-submit --master spark://localhost:7077 /hive/scripts/detect_fraud.py "batch_20250320_130155"\n    ']
[2025-03-20T13:03:08.205+0000] {subprocess.py:86} INFO - Output:
[2025-03-20T13:03:11.263+0000] {subprocess.py:93} INFO - 25/03/20 13:03:11 INFO SparkContext: Running Spark version 3.5.0
[2025-03-20T13:03:11.266+0000] {subprocess.py:93} INFO - 25/03/20 13:03:11 INFO SparkContext: OS info Linux, 5.15.167.4-microsoft-standard-WSL2, amd64
[2025-03-20T13:03:11.267+0000] {subprocess.py:93} INFO - 25/03/20 13:03:11 INFO SparkContext: Java version 1.8.0_342
[2025-03-20T13:03:11.347+0000] {subprocess.py:93} INFO - 25/03/20 13:03:11 WARN NativeCodeLoader: Unable to load native-hadoop library for your platform... using builtin-java classes where applicable
[2025-03-20T13:03:11.442+0000] {subprocess.py:93} INFO - 25/03/20 13:03:11 INFO ResourceUtils: ==============================================================
[2025-03-20T13:03:11.443+0000] {subprocess.py:93} INFO - 25/03/20 13:03:11 INFO ResourceUtils: No custom resources configured for spark.driver.
[2025-03-20T13:03:11.444+0000] {subprocess.py:93} INFO - 25/03/20 13:03:11 INFO ResourceUtils: ==============================================================
[2025-03-20T13:03:11.445+0000] {subprocess.py:93} INFO - 25/03/20 13:03:11 INFO SparkContext: Submitted application: FraudDetection
[2025-03-20T13:03:11.479+0000] {subprocess.py:93} INFO - 25/03/20 13:03:11 INFO ResourceProfile: Default ResourceProfile created, executor resources: Map(memory -> name: memory, amount: 1024, script: , vendor: , offHeap -> name: offHeap, amount: 0, script: , vendor: ), task resources: Map(cpus -> name: cpus, amount: 1.0)
[2025-03-20T13:03:11.504+0000] {subprocess.py:93} INFO - 25/03/20 13:03:11 INFO ResourceProfile: Limiting resource is cpu
[2025-03-20T13:03:11.505+0000] {subprocess.py:93} INFO - 25/03/20 13:03:11 INFO ResourceProfileManager: Added ResourceProfile id: 0
[2025-03-20T13:03:11.565+0000] {subprocess.py:93} INFO - 25/03/20 13:03:11 INFO SecurityManager: Changing view acls to: root
[2025-03-20T13:03:11.568+0000] {subprocess.py:93} INFO - 25/03/20 13:03:11 INFO SecurityManager: Changing modify acls to: root
[2025-03-20T13:03:11.570+0000] {subprocess.py:93} INFO - 25/03/20 13:03:11 INFO SecurityManager: Changing view acls groups to:
[2025-03-20T13:03:11.570+0000] {subprocess.py:93} INFO - 25/03/20 13:03:11 INFO SecurityManager: Changing modify acls groups to:
[2025-03-20T13:03:11.571+0000] {subprocess.py:93} INFO - 25/03/20 13:03:11 INFO SecurityManager: SecurityManager: authentication disabled; ui acls disabled; users with view permissions: root; groups with view permissions: EMPTY; users with modify permissions: root; groups with modify permissions: EMPTY
[2025-03-20T13:03:11.842+0000] {subprocess.py:93} INFO - 25/03/20 13:03:11 INFO Utils: Successfully started service 'sparkDriver' on port 40399.
[2025-03-20T13:03:11.883+0000] {subprocess.py:93} INFO - 25/03/20 13:03:11 INFO SparkEnv: Registering MapOutputTracker
[2025-03-20T13:03:11.933+0000] {subprocess.py:93} INFO - 25/03/20 13:03:11 INFO SparkEnv: Registering BlockManagerMaster
[2025-03-20T13:03:11.956+0000] {subprocess.py:93} INFO - 25/03/20 13:03:11 INFO BlockManagerMasterEndpoint: Using org.apache.spark.storage.DefaultTopologyMapper for getting topology information
[2025-03-20T13:03:11.957+0000] {subprocess.py:93} INFO - 25/03/20 13:03:11 INFO BlockManagerMasterEndpoint: BlockManagerMasterEndpoint up
[2025-03-20T13:03:11.962+0000] {subprocess.py:93} INFO - 25/03/20 13:03:11 INFO SparkEnv: Registering BlockManagerMasterHeartbeat
[2025-03-20T13:03:12.052+0000] {subprocess.py:93} INFO - 25/03/20 13:03:12 INFO DiskBlockManager: Created local directory at /tmp/blockmgr-ac09238a-f022-4d73-b309-9a5d5790262c
[2025-03-20T13:03:12.070+0000] {subprocess.py:93} INFO - 25/03/20 13:03:12 INFO MemoryStore: MemoryStore started with capacity 366.3 MiB
[2025-03-20T13:03:12.089+0000] {subprocess.py:93} INFO - 25/03/20 13:03:12 INFO SparkEnv: Registering OutputCommitCoordinator
[2025-03-20T13:03:12.238+0000] {subprocess.py:93} INFO - 25/03/20 13:03:12 INFO JettyUtils: Start Jetty 0.0.0.0:4040 for SparkUI
[2025-03-20T13:03:12.311+0000] {subprocess.py:93} INFO - 25/03/20 13:03:12 INFO Utils: Successfully started service 'SparkUI' on port 4040.
[2025-03-20T13:03:12.545+0000] {subprocess.py:93} INFO - 25/03/20 13:03:12 INFO StandaloneAppClient$ClientEndpoint: Connecting to master spark://localhost:7077...
[2025-03-20T13:03:12.654+0000] {subprocess.py:93} INFO - 25/03/20 13:03:12 INFO TransportClientFactory: Successfully created connection to localhost/127.0.0.1:7077 after 78 ms (0 ms spent in bootstraps)
[2025-03-20T13:03:12.842+0000] {subprocess.py:93} INFO - 25/03/20 13:03:12 INFO StandaloneSchedulerBackend: Connected to Spark cluster with app ID app-20250320130312-0008
[2025-03-20T13:03:12.845+0000] {subprocess.py:93} INFO - 25/03/20 13:03:12 INFO StandaloneAppClient$ClientEndpoint: Executor added: app-20250320130312-0008/0 on worker-20250320120146-172.18.0.6-34145 (172.18.0.6:34145) with 2 core(s)
[2025-03-20T13:03:12.847+0000] {subprocess.py:93} INFO - 25/03/20 13:03:12 INFO StandaloneSchedulerBackend: Granted executor ID app-20250320130312-0008/0 on hostPort 172.18.0.6:34145 with 2 core(s), 1024.0 MiB RAM
[2025-03-20T13:03:12.863+0000] {subprocess.py:93} INFO - 25/03/20 13:03:12 INFO Utils: Successfully started service 'org.apache.spark.network.netty.NettyBlockTransferService' on port 41375.
[2025-03-20T13:03:12.864+0000] {subprocess.py:93} INFO - 25/03/20 13:03:12 INFO NettyBlockTransferService: Server created on bcc1e3430c31:41375
[2025-03-20T13:03:12.866+0000] {subprocess.py:93} INFO - 25/03/20 13:03:12 INFO BlockManager: Using org.apache.spark.storage.RandomBlockReplicationPolicy for block replication policy
[2025-03-20T13:03:12.924+0000] {subprocess.py:93} INFO - 25/03/20 13:03:12 INFO BlockManagerMaster: Registering BlockManager BlockManagerId(driver, bcc1e3430c31, 41375, None)
[2025-03-20T13:03:12.932+0000] {subprocess.py:93} INFO - 25/03/20 13:03:12 INFO BlockManagerMasterEndpoint: Registering block manager bcc1e3430c31:41375 with 366.3 MiB RAM, BlockManagerId(driver, bcc1e3430c31, 41375, None)
[2025-03-20T13:03:12.940+0000] {subprocess.py:93} INFO - 25/03/20 13:03:12 INFO BlockManagerMaster: Registered BlockManager BlockManagerId(driver, bcc1e3430c31, 41375, None)
[2025-03-20T13:03:12.941+0000] {subprocess.py:93} INFO - 25/03/20 13:03:12 INFO BlockManager: Initialized BlockManager: BlockManagerId(driver, bcc1e3430c31, 41375, None)
[2025-03-20T13:03:13.045+0000] {subprocess.py:93} INFO - 25/03/20 13:03:13 INFO StandaloneAppClient$ClientEndpoint: Executor updated: app-20250320130312-0008/0 is now RUNNING
[2025-03-20T13:03:14.357+0000] {subprocess.py:93} INFO - 25/03/20 13:03:14 INFO StandaloneSchedulerBackend: SchedulerBackend is ready for scheduling beginning after reached minRegisteredResourcesRatio: 0.0
[2025-03-20T13:03:14.870+0000] {subprocess.py:93} INFO - Spark version: 3.5.0
[2025-03-20T13:03:15.139+0000] {subprocess.py:93} INFO - 25/03/20 13:03:15 INFO SharedState: Setting hive.metastore.warehouse.dir ('null') to the value of spark.sql.warehouse.dir.
[2025-03-20T13:03:17.063+0000] {subprocess.py:93} INFO - 25/03/20 13:03:17 INFO SharedState: Warehouse path is 'hdfs://localhost:9000/data/warehouse'.
[2025-03-20T13:03:23.158+0000] {subprocess.py:93} INFO - 25/03/20 13:03:23 INFO InMemoryFileIndex: It took 418 ms to list leaf files for 1 paths.
[2025-03-20T13:03:23.666+0000] {subprocess.py:93} INFO - 25/03/20 13:03:23 INFO StandaloneSchedulerBackend$StandaloneDriverEndpoint: Registered executor NettyRpcEndpointRef(spark-client://Executor) (172.18.0.6:43490) with ID 0,  ResourceProfileId 0
[2025-03-20T13:03:24.342+0000] {subprocess.py:93} INFO - 25/03/20 13:03:24 INFO BlockManagerMasterEndpoint: Registering block manager 172.18.0.6:41281 with 366.3 MiB RAM, BlockManagerId(0, 172.18.0.6, 41281, None)
[2025-03-20T13:03:26.640+0000] {subprocess.py:93} INFO - 25/03/20 13:03:26 INFO SparkContext: Starting job: parquet at NativeMethodAccessorImpl.java:0
[2025-03-20T13:03:26.743+0000] {subprocess.py:93} INFO - 25/03/20 13:03:26 INFO DAGScheduler: Got job 0 (parquet at NativeMethodAccessorImpl.java:0) with 1 output partitions
[2025-03-20T13:03:26.744+0000] {subprocess.py:93} INFO - 25/03/20 13:03:26 INFO DAGScheduler: Final stage: ResultStage 0 (parquet at NativeMethodAccessorImpl.java:0)
[2025-03-20T13:03:26.747+0000] {subprocess.py:93} INFO - 25/03/20 13:03:26 INFO DAGScheduler: Parents of final stage: List()
[2025-03-20T13:03:26.751+0000] {subprocess.py:93} INFO - 25/03/20 13:03:26 INFO DAGScheduler: Missing parents: List()
[2025-03-20T13:03:26.771+0000] {subprocess.py:93} INFO - 25/03/20 13:03:26 INFO DAGScheduler: Submitting ResultStage 0 (MapPartitionsRDD[1] at parquet at NativeMethodAccessorImpl.java:0), which has no missing parents
[2025-03-20T13:03:27.151+0000] {subprocess.py:93} INFO - 25/03/20 13:03:27 INFO MemoryStore: Block broadcast_0 stored as values in memory (estimated size 103.3 KiB, free 366.2 MiB)
[2025-03-20T13:03:27.267+0000] {subprocess.py:93} INFO - 25/03/20 13:03:27 INFO MemoryStore: Block broadcast_0_piece0 stored as bytes in memory (estimated size 37.2 KiB, free 366.2 MiB)
[2025-03-20T13:03:27.272+0000] {subprocess.py:93} INFO - 25/03/20 13:03:27 INFO BlockManagerInfo: Added broadcast_0_piece0 in memory on bcc1e3430c31:41375 (size: 37.2 KiB, free: 366.3 MiB)
[2025-03-20T13:03:27.284+0000] {subprocess.py:93} INFO - 25/03/20 13:03:27 INFO SparkContext: Created broadcast 0 from broadcast at DAGScheduler.scala:1580
[2025-03-20T13:03:27.355+0000] {subprocess.py:93} INFO - 25/03/20 13:03:27 INFO DAGScheduler: Submitting 1 missing tasks from ResultStage 0 (MapPartitionsRDD[1] at parquet at NativeMethodAccessorImpl.java:0) (first 15 tasks are for partitions Vector(0))
[2025-03-20T13:03:27.358+0000] {subprocess.py:93} INFO - 25/03/20 13:03:27 INFO TaskSchedulerImpl: Adding task set 0.0 with 1 tasks resource profile 0
[2025-03-20T13:03:27.431+0000] {subprocess.py:93} INFO - 25/03/20 13:03:27 INFO TaskSetManager: Starting task 0.0 in stage 0.0 (TID 0) (172.18.0.6, executor 0, partition 0, PROCESS_LOCAL, 7831 bytes)
[2025-03-20T13:03:27.865+0000] {subprocess.py:93} INFO - 25/03/20 13:03:27 INFO BlockManagerInfo: Added broadcast_0_piece0 in memory on 172.18.0.6:41281 (size: 37.2 KiB, free: 366.3 MiB)
[2025-03-20T13:03:35.259+0000] {subprocess.py:93} INFO - 25/03/20 13:03:35 INFO TaskSetManager: Finished task 0.0 in stage 0.0 (TID 0) in 7874 ms on 172.18.0.6 (executor 0) (1/1)
[2025-03-20T13:03:35.262+0000] {subprocess.py:93} INFO - 25/03/20 13:03:35 INFO TaskSchedulerImpl: Removed TaskSet 0.0, whose tasks have all completed, from pool
[2025-03-20T13:03:35.270+0000] {subprocess.py:93} INFO - 25/03/20 13:03:35 INFO DAGScheduler: ResultStage 0 (parquet at NativeMethodAccessorImpl.java:0) finished in 8.408 s
[2025-03-20T13:03:35.278+0000] {subprocess.py:93} INFO - 25/03/20 13:03:35 INFO DAGScheduler: Job 0 is finished. Cancelling potential speculative or zombie tasks for this job
[2025-03-20T13:03:35.279+0000] {subprocess.py:93} INFO - 25/03/20 13:03:35 INFO TaskSchedulerImpl: Killing all running tasks in stage 0: Stage finished
[2025-03-20T13:03:35.283+0000] {subprocess.py:93} INFO - 25/03/20 13:03:35 INFO DAGScheduler: Job 0 finished: parquet at NativeMethodAccessorImpl.java:0, took 8.642206 s
[2025-03-20T13:03:36.530+0000] {subprocess.py:93} INFO - 25/03/20 13:03:36 INFO BlockManagerInfo: Removed broadcast_0_piece0 on bcc1e3430c31:41375 in memory (size: 37.2 KiB, free: 366.3 MiB)
[2025-03-20T13:03:36.549+0000] {subprocess.py:93} INFO - 25/03/20 13:03:36 INFO BlockManagerInfo: Removed broadcast_0_piece0 on 172.18.0.6:41281 in memory (size: 37.2 KiB, free: 366.3 MiB)
[2025-03-20T13:03:37.688+0000] {subprocess.py:93} INFO - 25/03/20 13:03:37 INFO FileSourceStrategy: Pushed Filters: IsNotNull(amount),GreaterThan(amount,1000.0)
[2025-03-20T13:03:37.693+0000] {subprocess.py:93} INFO - 25/03/20 13:03:37 INFO FileSourceStrategy: Post-Scan Filters: isnotnull(amount#2),(amount#2 > 1000.0)
[2025-03-20T13:03:38.050+0000] {subprocess.py:93} INFO - 25/03/20 13:03:38 INFO ParquetUtils: Using default output committer for Parquet: org.apache.parquet.hadoop.ParquetOutputCommitter
[2025-03-20T13:03:38.078+0000] {subprocess.py:93} INFO - 25/03/20 13:03:38 INFO FileOutputCommitter: File Output Committer Algorithm version is 1
[2025-03-20T13:03:38.079+0000] {subprocess.py:93} INFO - 25/03/20 13:03:38 INFO FileOutputCommitter: FileOutputCommitter skip cleanup _temporary folders under output directory:false, ignore cleanup failures: false
[2025-03-20T13:03:38.080+0000] {subprocess.py:93} INFO - 25/03/20 13:03:38 INFO SQLHadoopMapReduceCommitProtocol: Using user defined output committer class org.apache.parquet.hadoop.ParquetOutputCommitter
[2025-03-20T13:03:38.081+0000] {subprocess.py:93} INFO - 25/03/20 13:03:38 INFO FileOutputCommitter: File Output Committer Algorithm version is 1
[2025-03-20T13:03:38.082+0000] {subprocess.py:93} INFO - 25/03/20 13:03:38 INFO FileOutputCommitter: FileOutputCommitter skip cleanup _temporary folders under output directory:false, ignore cleanup failures: false
[2025-03-20T13:03:38.084+0000] {subprocess.py:93} INFO - 25/03/20 13:03:38 INFO SQLHadoopMapReduceCommitProtocol: Using output committer class org.apache.parquet.hadoop.ParquetOutputCommitter
[2025-03-20T13:03:39.278+0000] {subprocess.py:93} INFO - 25/03/20 13:03:39 INFO CodeGenerator: Code generated in 919.562205 ms
[2025-03-20T13:03:39.345+0000] {subprocess.py:93} INFO - 25/03/20 13:03:39 INFO MemoryStore: Block broadcast_1 stored as values in memory (estimated size 357.5 KiB, free 366.0 MiB)
[2025-03-20T13:03:39.363+0000] {subprocess.py:93} INFO - 25/03/20 13:03:39 INFO MemoryStore: Block broadcast_1_piece0 stored as bytes in memory (estimated size 35.2 KiB, free 365.9 MiB)
[2025-03-20T13:03:39.364+0000] {subprocess.py:93} INFO - 25/03/20 13:03:39 INFO BlockManagerInfo: Added broadcast_1_piece0 in memory on bcc1e3430c31:41375 (size: 35.2 KiB, free: 366.3 MiB)
[2025-03-20T13:03:39.365+0000] {subprocess.py:93} INFO - 25/03/20 13:03:39 INFO SparkContext: Created broadcast 1 from parquet at NativeMethodAccessorImpl.java:0
[2025-03-20T13:03:39.442+0000] {subprocess.py:93} INFO - 25/03/20 13:03:39 INFO FileSourceScanExec: Planning scan with bin packing, max size: 4194304 bytes, open cost is considered as scanning 4194304 bytes.
[2025-03-20T13:03:39.555+0000] {subprocess.py:93} INFO - 25/03/20 13:03:39 INFO SparkContext: Starting job: parquet at NativeMethodAccessorImpl.java:0
[2025-03-20T13:03:39.558+0000] {subprocess.py:93} INFO - 25/03/20 13:03:39 INFO DAGScheduler: Got job 1 (parquet at NativeMethodAccessorImpl.java:0) with 1 output partitions
[2025-03-20T13:03:39.559+0000] {subprocess.py:93} INFO - 25/03/20 13:03:39 INFO DAGScheduler: Final stage: ResultStage 1 (parquet at NativeMethodAccessorImpl.java:0)
[2025-03-20T13:03:39.560+0000] {subprocess.py:93} INFO - 25/03/20 13:03:39 INFO DAGScheduler: Parents of final stage: List()
[2025-03-20T13:03:39.562+0000] {subprocess.py:93} INFO - 25/03/20 13:03:39 INFO DAGScheduler: Missing parents: List()
[2025-03-20T13:03:39.563+0000] {subprocess.py:93} INFO - 25/03/20 13:03:39 INFO DAGScheduler: Submitting ResultStage 1 (MapPartitionsRDD[5] at parquet at NativeMethodAccessorImpl.java:0), which has no missing parents
[2025-03-20T13:03:39.779+0000] {subprocess.py:93} INFO - 25/03/20 13:03:39 INFO MemoryStore: Block broadcast_2 stored as values in memory (estimated size 219.2 KiB, free 365.7 MiB)
[2025-03-20T13:03:39.840+0000] {subprocess.py:93} INFO - 25/03/20 13:03:39 INFO MemoryStore: Block broadcast_2_piece0 stored as bytes in memory (estimated size 77.5 KiB, free 365.6 MiB)
[2025-03-20T13:03:39.843+0000] {subprocess.py:93} INFO - 25/03/20 13:03:39 INFO BlockManagerInfo: Added broadcast_2_piece0 in memory on bcc1e3430c31:41375 (size: 77.5 KiB, free: 366.2 MiB)
[2025-03-20T13:03:39.845+0000] {subprocess.py:93} INFO - 25/03/20 13:03:39 INFO SparkContext: Created broadcast 2 from broadcast at DAGScheduler.scala:1580
[2025-03-20T13:03:39.848+0000] {subprocess.py:93} INFO - 25/03/20 13:03:39 INFO DAGScheduler: Submitting 1 missing tasks from ResultStage 1 (MapPartitionsRDD[5] at parquet at NativeMethodAccessorImpl.java:0) (first 15 tasks are for partitions Vector(0))
[2025-03-20T13:03:39.849+0000] {subprocess.py:93} INFO - 25/03/20 13:03:39 INFO TaskSchedulerImpl: Adding task set 1.0 with 1 tasks resource profile 0
[2025-03-20T13:03:39.862+0000] {subprocess.py:93} INFO - 25/03/20 13:03:39 INFO TaskSetManager: Starting task 0.0 in stage 1.0 (TID 1) (172.18.0.6, executor 0, partition 0, ANY, 8299 bytes)
[2025-03-20T13:03:40.131+0000] {subprocess.py:93} INFO - 25/03/20 13:03:40 INFO BlockManagerInfo: Added broadcast_2_piece0 in memory on 172.18.0.6:41281 (size: 77.5 KiB, free: 366.2 MiB)
[2025-03-20T13:03:46.484+0000] {subprocess.py:93} INFO - 25/03/20 13:03:46 INFO BlockManagerInfo: Added broadcast_1_piece0 in memory on 172.18.0.6:41281 (size: 35.2 KiB, free: 366.2 MiB)
[2025-03-20T13:03:48.875+0000] {subprocess.py:93} INFO - 25/03/20 13:03:48 INFO TaskSetManager: Finished task 0.0 in stage 1.0 (TID 1) in 9020 ms on 172.18.0.6 (executor 0) (1/1)
[2025-03-20T13:03:48.876+0000] {subprocess.py:93} INFO - 25/03/20 13:03:48 INFO TaskSchedulerImpl: Removed TaskSet 1.0, whose tasks have all completed, from pool
[2025-03-20T13:03:48.877+0000] {subprocess.py:93} INFO - 25/03/20 13:03:48 INFO DAGScheduler: ResultStage 1 (parquet at NativeMethodAccessorImpl.java:0) finished in 9.242 s
[2025-03-20T13:03:48.878+0000] {subprocess.py:93} INFO - 25/03/20 13:03:48 INFO DAGScheduler: Job 1 is finished. Cancelling potential speculative or zombie tasks for this job
[2025-03-20T13:03:48.879+0000] {subprocess.py:93} INFO - 25/03/20 13:03:48 INFO TaskSchedulerImpl: Killing all running tasks in stage 1: Stage finished
[2025-03-20T13:03:48.880+0000] {subprocess.py:93} INFO - 25/03/20 13:03:48 INFO DAGScheduler: Job 1 finished: parquet at NativeMethodAccessorImpl.java:0, took 9.208267 s
[2025-03-20T13:03:48.882+0000] {subprocess.py:93} INFO - 25/03/20 13:03:48 INFO FileFormatWriter: Start to commit write Job a04a104c-7401-429c-aa39-8fad80cadee8.
[2025-03-20T13:03:48.958+0000] {subprocess.py:93} INFO - 25/03/20 13:03:48 INFO FileFormatWriter: Write Job a04a104c-7401-429c-aa39-8fad80cadee8 committed. Elapsed time: 74 ms.
[2025-03-20T13:03:48.962+0000] {subprocess.py:93} INFO - 25/03/20 13:03:48 INFO FileFormatWriter: Finished processing stats for write job a04a104c-7401-429c-aa39-8fad80cadee8.
[2025-03-20T13:03:48.969+0000] {subprocess.py:93} INFO - 25/03/20 13:03:48 INFO SparkContext: SparkContext is stopping with exitCode 0.
[2025-03-20T13:03:48.982+0000] {subprocess.py:93} INFO - 25/03/20 13:03:48 INFO SparkUI: Stopped Spark web UI at http://bcc1e3430c31:4040
[2025-03-20T13:03:48.998+0000] {subprocess.py:93} INFO - 25/03/20 13:03:48 INFO StandaloneSchedulerBackend: Shutting down all executors
[2025-03-20T13:03:48.999+0000] {subprocess.py:93} INFO - 25/03/20 13:03:48 INFO StandaloneSchedulerBackend$StandaloneDriverEndpoint: Asking each executor to shut down
[2025-03-20T13:03:49.052+0000] {subprocess.py:93} INFO - 25/03/20 13:03:49 INFO MapOutputTrackerMasterEndpoint: MapOutputTrackerMasterEndpoint stopped!
[2025-03-20T13:03:49.070+0000] {subprocess.py:93} INFO - 25/03/20 13:03:49 INFO MemoryStore: MemoryStore cleared
[2025-03-20T13:03:49.071+0000] {subprocess.py:93} INFO - 25/03/20 13:03:49 INFO BlockManager: BlockManager stopped
[2025-03-20T13:03:49.077+0000] {subprocess.py:93} INFO - 25/03/20 13:03:49 INFO BlockManagerMaster: BlockManagerMaster stopped
[2025-03-20T13:03:49.083+0000] {subprocess.py:93} INFO - 25/03/20 13:03:49 INFO OutputCommitCoordinator$OutputCommitCoordinatorEndpoint: OutputCommitCoordinator stopped!
[2025-03-20T13:03:49.152+0000] {subprocess.py:93} INFO - 25/03/20 13:03:49 INFO SparkContext: Successfully stopped SparkContext
[2025-03-20T13:03:49.312+0000] {subprocess.py:93} INFO - 25/03/20 13:03:49 INFO ShutdownHookManager: Shutdown hook called
[2025-03-20T13:03:49.313+0000] {subprocess.py:93} INFO - 25/03/20 13:03:49 INFO ShutdownHookManager: Deleting directory /tmp/spark-e59bcbad-36c7-4fdf-959c-9552c7213928
[2025-03-20T13:03:49.318+0000] {subprocess.py:93} INFO - 25/03/20 13:03:49 INFO ShutdownHookManager: Deleting directory /tmp/spark-ee75e2d0-cb90-4dae-8aeb-275271fb596d/pyspark-b51284e3-b26e-4479-b32f-bec436db7de8
[2025-03-20T13:03:49.323+0000] {subprocess.py:93} INFO - 25/03/20 13:03:49 INFO ShutdownHookManager: Deleting directory /tmp/spark-ee75e2d0-cb90-4dae-8aeb-275271fb596d
[2025-03-20T13:03:49.599+0000] {subprocess.py:97} INFO - Command exited with return code 0
[2025-03-20T13:03:49.643+0000] {taskinstance.py:1398} INFO - Marking task as SUCCESS. dag_id=transactions_pipeline, task_id=detect_fraud, execution_date=20250320T130249, start_date=20250320T130307, end_date=20250320T130349
[2025-03-20T13:03:49.709+0000] {local_task_job_runner.py:228} INFO - Task exited with return code 0
[2025-03-20T13:03:49.744+0000] {taskinstance.py:2776} INFO - 0 downstream tasks scheduled from follow-on schedule check
