[2025-03-21T12:52:06.359+0000] {taskinstance.py:1157} INFO - Dependencies all met for dep_context=non-requeueable deps ti=<TaskInstance: transactions_pipeline.create_fraud_table_batch_20250320_144447 scheduled__2025-03-21T12:46:37.951160+00:00 [queued]>
[2025-03-21T12:52:06.379+0000] {taskinstance.py:1157} INFO - Dependencies all met for dep_context=requeueable deps ti=<TaskInstance: transactions_pipeline.create_fraud_table_batch_20250320_144447 scheduled__2025-03-21T12:46:37.951160+00:00 [queued]>
[2025-03-21T12:52:06.381+0000] {taskinstance.py:1359} INFO - Starting attempt 1 of 1
[2025-03-21T12:52:06.410+0000] {taskinstance.py:1380} INFO - Executing <Task(BashOperator): create_fraud_table_batch_20250320_144447> on 2025-03-21 12:46:37.951160+00:00
[2025-03-21T12:52:06.419+0000] {standard_task_runner.py:57} INFO - Started process 513 to run task
[2025-03-21T12:52:06.423+0000] {standard_task_runner.py:84} INFO - Running: ['***', 'tasks', 'run', 'transactions_pipeline', 'create_fraud_table_batch_20250320_144447', 'scheduled__2025-03-21T12:46:37.951160+00:00', '--job-id', '539', '--raw', '--subdir', 'DAGS_FOLDER/fraud_detection_pipeline.py', '--cfg-path', '/tmp/tmp2un9zayi']
[2025-03-21T12:52:06.426+0000] {standard_task_runner.py:85} INFO - Job 539: Subtask create_fraud_table_batch_20250320_144447
[2025-03-21T12:52:06.488+0000] {task_command.py:415} INFO - Running <TaskInstance: transactions_pipeline.create_fraud_table_batch_20250320_144447 scheduled__2025-03-21T12:46:37.951160+00:00 [running]> on host 1b7c3466167a
[2025-03-21T12:52:06.614+0000] {taskinstance.py:1660} INFO - Exporting env vars: AIRFLOW_CTX_DAG_EMAIL='rabiizahnoune7@gmail.com' AIRFLOW_CTX_DAG_OWNER='***' AIRFLOW_CTX_DAG_ID='transactions_pipeline' AIRFLOW_CTX_TASK_ID='create_fraud_table_batch_20250320_144447' AIRFLOW_CTX_EXECUTION_DATE='2025-03-21T12:46:37.951160+00:00' AIRFLOW_CTX_TRY_NUMBER='1' AIRFLOW_CTX_DAG_RUN_ID='scheduled__2025-03-21T12:46:37.951160+00:00'
[2025-03-21T12:52:06.617+0000] {subprocess.py:63} INFO - Tmp dir root location: /tmp
[2025-03-21T12:52:06.619+0000] {subprocess.py:75} INFO - Running command: ['/bin/bash', '-c', '\n            docker exec hive beeline -u "jdbc:hive2://localhost:10000" -e "\n            CREATE EXTERNAL TABLE IF NOT EXISTS fraud_detections (\n                transaction_id STRING,\n                date_time STRING,\n                amount DOUBLE,\n                customer_id STRING,\n                location STRING,\n                fraud_reason STRING\n            )\n            STORED AS PARQUET\n            LOCATION \'/data/fraud_detections\';"\n            ']
[2025-03-21T12:52:06.636+0000] {subprocess.py:86} INFO - Output:
[2025-03-21T12:52:08.125+0000] {subprocess.py:93} INFO - SLF4J: Class path contains multiple SLF4J bindings.
[2025-03-21T12:52:08.127+0000] {subprocess.py:93} INFO - SLF4J: Found binding in [jar:file:/opt/hive/lib/log4j-slf4j-impl-2.17.1.jar!/org/slf4j/impl/StaticLoggerBinder.class]
[2025-03-21T12:52:08.128+0000] {subprocess.py:93} INFO - SLF4J: Found binding in [jar:file:/opt/hadoop/share/hadoop/common/lib/slf4j-log4j12-1.7.25.jar!/org/slf4j/impl/StaticLoggerBinder.class]
[2025-03-21T12:52:08.129+0000] {subprocess.py:93} INFO - SLF4J: See http://www.slf4j.org/codes.html#multiple_bindings for an explanation.
[2025-03-21T12:52:08.533+0000] {subprocess.py:93} INFO - SLF4J: Actual binding is of type [org.apache.logging.slf4j.Log4jLoggerFactory]
[2025-03-21T12:52:11.311+0000] {subprocess.py:93} INFO - Connecting to jdbc:hive2://localhost:10000
[2025-03-21T12:52:12.127+0000] {subprocess.py:93} INFO - Connected to: Apache Hive (version 3.1.3)
[2025-03-21T12:52:12.128+0000] {subprocess.py:93} INFO - Driver: Hive JDBC (version 3.1.3)
[2025-03-21T12:52:12.129+0000] {subprocess.py:93} INFO - Transaction isolation: TRANSACTION_REPEATABLE_READ
[2025-03-21T12:52:12.402+0000] {subprocess.py:93} INFO - INFO  : Compiling command(queryId=root_20250321125212_3cca4d81-63ca-4e64-89aa-59e3d8992110): CREATE EXTERNAL TABLE IF NOT EXISTS fraud_detections (
[2025-03-21T12:52:12.403+0000] {subprocess.py:93} INFO -                 transaction_id STRING,
[2025-03-21T12:52:12.404+0000] {subprocess.py:93} INFO -                 date_time STRING,
[2025-03-21T12:52:12.405+0000] {subprocess.py:93} INFO -                 amount DOUBLE,
[2025-03-21T12:52:12.406+0000] {subprocess.py:93} INFO -                 customer_id STRING,
[2025-03-21T12:52:12.407+0000] {subprocess.py:93} INFO -                 location STRING,
[2025-03-21T12:52:12.408+0000] {subprocess.py:93} INFO -                 fraud_reason STRING
[2025-03-21T12:52:12.411+0000] {subprocess.py:93} INFO -             )
[2025-03-21T12:52:12.413+0000] {subprocess.py:93} INFO -             STORED AS PARQUET
[2025-03-21T12:52:12.416+0000] {subprocess.py:93} INFO -             LOCATION '/data/fraud_detections'
[2025-03-21T12:52:12.418+0000] {subprocess.py:93} INFO - INFO  : Concurrency mode is disabled, not creating a lock manager
[2025-03-21T12:52:12.419+0000] {subprocess.py:93} INFO - INFO  : Semantic Analysis Completed (retrial = false)
[2025-03-21T12:52:12.420+0000] {subprocess.py:93} INFO - INFO  : Returning Hive schema: Schema(fieldSchemas:null, properties:null)
[2025-03-21T12:52:12.421+0000] {subprocess.py:93} INFO - INFO  : Completed compiling command(queryId=root_20250321125212_3cca4d81-63ca-4e64-89aa-59e3d8992110); Time taken: 0.022 seconds
[2025-03-21T12:52:12.422+0000] {subprocess.py:93} INFO - INFO  : Concurrency mode is disabled, not creating a lock manager
[2025-03-21T12:52:12.422+0000] {subprocess.py:93} INFO - INFO  : Executing command(queryId=root_20250321125212_3cca4d81-63ca-4e64-89aa-59e3d8992110): CREATE EXTERNAL TABLE IF NOT EXISTS fraud_detections (
[2025-03-21T12:52:12.425+0000] {subprocess.py:93} INFO -                 transaction_id STRING,
[2025-03-21T12:52:12.427+0000] {subprocess.py:93} INFO -                 date_time STRING,
[2025-03-21T12:52:12.428+0000] {subprocess.py:93} INFO -                 amount DOUBLE,
[2025-03-21T12:52:12.429+0000] {subprocess.py:93} INFO -                 customer_id STRING,
[2025-03-21T12:52:12.430+0000] {subprocess.py:93} INFO -                 location STRING,
[2025-03-21T12:52:12.431+0000] {subprocess.py:93} INFO -                 fraud_reason STRING
[2025-03-21T12:52:12.432+0000] {subprocess.py:93} INFO -             )
[2025-03-21T12:52:12.433+0000] {subprocess.py:93} INFO -             STORED AS PARQUET
[2025-03-21T12:52:12.434+0000] {subprocess.py:93} INFO -             LOCATION '/data/fraud_detections'
[2025-03-21T12:52:12.435+0000] {subprocess.py:93} INFO - INFO  : Completed executing command(queryId=root_20250321125212_3cca4d81-63ca-4e64-89aa-59e3d8992110); Time taken: 0.001 seconds
[2025-03-21T12:52:12.436+0000] {subprocess.py:93} INFO - INFO  : OK
[2025-03-21T12:52:12.436+0000] {subprocess.py:93} INFO - INFO  : Concurrency mode is disabled, not creating a lock manager
[2025-03-21T12:52:12.437+0000] {subprocess.py:93} INFO - No rows affected (0.203 seconds)
[2025-03-21T12:52:12.438+0000] {subprocess.py:93} INFO - Beeline version 3.1.3 by Apache Hive
[2025-03-21T12:52:12.438+0000] {subprocess.py:93} INFO - Closing: 0: jdbc:hive2://localhost:10000
[2025-03-21T12:52:12.554+0000] {subprocess.py:97} INFO - Command exited with return code 0
[2025-03-21T12:52:12.586+0000] {taskinstance.py:1398} INFO - Marking task as SUCCESS. dag_id=transactions_pipeline, task_id=create_fraud_table_batch_20250320_144447, execution_date=20250321T124637, start_date=20250321T125206, end_date=20250321T125212
[2025-03-21T12:52:12.624+0000] {local_task_job_runner.py:228} INFO - Task exited with return code 0
[2025-03-21T12:52:12.662+0000] {taskinstance.py:2776} INFO - 1 downstream tasks scheduled from follow-on schedule check
