[2025-03-20T14:45:17.742+0000] {taskinstance.py:1157} INFO - Dependencies all met for dep_context=non-requeueable deps ti=<TaskInstance: transactions_pipeline.create_hive_table manual__2025-03-20T14:45:07.280505+00:00 [queued]>
[2025-03-20T14:45:17.753+0000] {taskinstance.py:1157} INFO - Dependencies all met for dep_context=requeueable deps ti=<TaskInstance: transactions_pipeline.create_hive_table manual__2025-03-20T14:45:07.280505+00:00 [queued]>
[2025-03-20T14:45:17.754+0000] {taskinstance.py:1359} INFO - Starting attempt 1 of 1
[2025-03-20T14:45:17.773+0000] {taskinstance.py:1380} INFO - Executing <Task(BashOperator): create_hive_table> on 2025-03-20 14:45:07.280505+00:00
[2025-03-20T14:45:17.780+0000] {standard_task_runner.py:57} INFO - Started process 2840 to run task
[2025-03-20T14:45:17.783+0000] {standard_task_runner.py:84} INFO - Running: ['***', 'tasks', 'run', 'transactions_pipeline', 'create_hive_table', 'manual__2025-03-20T14:45:07.280505+00:00', '--job-id', '355', '--raw', '--subdir', 'DAGS_FOLDER/fraud_detection_pipeline.py', '--cfg-path', '/tmp/tmp9oyv65l7']
[2025-03-20T14:45:17.787+0000] {standard_task_runner.py:85} INFO - Job 355: Subtask create_hive_table
[2025-03-20T14:45:17.842+0000] {task_command.py:415} INFO - Running <TaskInstance: transactions_pipeline.create_hive_table manual__2025-03-20T14:45:07.280505+00:00 [running]> on host 3938a1dd8bd9
[2025-03-20T14:45:17.985+0000] {taskinstance.py:1660} INFO - Exporting env vars: AIRFLOW_CTX_DAG_OWNER='***' AIRFLOW_CTX_DAG_ID='transactions_pipeline' AIRFLOW_CTX_TASK_ID='create_hive_table' AIRFLOW_CTX_EXECUTION_DATE='2025-03-20T14:45:07.280505+00:00' AIRFLOW_CTX_TRY_NUMBER='1' AIRFLOW_CTX_DAG_RUN_ID='manual__2025-03-20T14:45:07.280505+00:00'
[2025-03-20T14:45:17.987+0000] {subprocess.py:63} INFO - Tmp dir root location: /tmp
[2025-03-20T14:45:17.988+0000] {subprocess.py:75} INFO - Running command: ['/bin/bash', '-c', '\n    docker exec hive beeline -u "jdbc:hive2://localhost:10000" --hiveconf hive.exec.dynamic.partition.mode=nonstrict -e "\n    CREATE EXTERNAL TABLE IF NOT EXISTS transactions (\n        transaction_id STRING,\n        date_time STRING,\n        amount DOUBLE,\n        currency STRING,\n        merchant_details STRING,\n        customer_id STRING,\n        transaction_type STRING,\n        location STRING\n    )\n    PARTITIONED BY (batch_id STRING)\n    STORED AS PARQUET;\n    ALTER TABLE transactions ADD IF NOT EXISTS PARTITION (batch_id=\'batch_20250320_144447\') LOCATION \'/data/transactions/transactions_batch_20250320_144447\';"\n    ']
[2025-03-20T14:45:17.999+0000] {subprocess.py:86} INFO - Output:
[2025-03-20T14:45:19.545+0000] {subprocess.py:93} INFO - SLF4J: Class path contains multiple SLF4J bindings.
[2025-03-20T14:45:19.546+0000] {subprocess.py:93} INFO - SLF4J: Found binding in [jar:file:/opt/hive/lib/log4j-slf4j-impl-2.17.1.jar!/org/slf4j/impl/StaticLoggerBinder.class]
[2025-03-20T14:45:19.547+0000] {subprocess.py:93} INFO - SLF4J: Found binding in [jar:file:/opt/hadoop/share/hadoop/common/lib/slf4j-log4j12-1.7.25.jar!/org/slf4j/impl/StaticLoggerBinder.class]
[2025-03-20T14:45:19.547+0000] {subprocess.py:93} INFO - SLF4J: See http://www.slf4j.org/codes.html#multiple_bindings for an explanation.
[2025-03-20T14:45:19.693+0000] {subprocess.py:93} INFO - SLF4J: Actual binding is of type [org.apache.logging.slf4j.Log4jLoggerFactory]
[2025-03-20T14:45:20.955+0000] {subprocess.py:93} INFO - Connecting to jdbc:hive2://localhost:10000
[2025-03-20T14:45:21.229+0000] {subprocess.py:93} INFO - Connected to: Apache Hive (version 3.1.3)
[2025-03-20T14:45:21.230+0000] {subprocess.py:93} INFO - Driver: Hive JDBC (version 3.1.3)
[2025-03-20T14:45:21.232+0000] {subprocess.py:93} INFO - Transaction isolation: TRANSACTION_REPEATABLE_READ
[2025-03-20T14:45:21.326+0000] {subprocess.py:93} INFO - INFO  : Compiling command(queryId=root_20250320144521_0c3398e2-f266-4df7-9213-a4f6e8091df9): CREATE EXTERNAL TABLE IF NOT EXISTS transactions (
[2025-03-20T14:45:21.327+0000] {subprocess.py:93} INFO -         transaction_id STRING,
[2025-03-20T14:45:21.327+0000] {subprocess.py:93} INFO -         date_time STRING,
[2025-03-20T14:45:21.328+0000] {subprocess.py:93} INFO -         amount DOUBLE,
[2025-03-20T14:45:21.329+0000] {subprocess.py:93} INFO -         currency STRING,
[2025-03-20T14:45:21.329+0000] {subprocess.py:93} INFO -         merchant_details STRING,
[2025-03-20T14:45:21.330+0000] {subprocess.py:93} INFO -         customer_id STRING,
[2025-03-20T14:45:21.331+0000] {subprocess.py:93} INFO -         transaction_type STRING,
[2025-03-20T14:45:21.331+0000] {subprocess.py:93} INFO -         location STRING
[2025-03-20T14:45:21.332+0000] {subprocess.py:93} INFO -     )
[2025-03-20T14:45:21.332+0000] {subprocess.py:93} INFO -     PARTITIONED BY (batch_id STRING)
[2025-03-20T14:45:21.333+0000] {subprocess.py:93} INFO -     STORED AS PARQUET
[2025-03-20T14:45:21.333+0000] {subprocess.py:93} INFO - INFO  : Concurrency mode is disabled, not creating a lock manager
[2025-03-20T14:45:21.334+0000] {subprocess.py:93} INFO - INFO  : Semantic Analysis Completed (retrial = false)
[2025-03-20T14:45:21.334+0000] {subprocess.py:93} INFO - INFO  : Returning Hive schema: Schema(fieldSchemas:null, properties:null)
[2025-03-20T14:45:21.334+0000] {subprocess.py:93} INFO - INFO  : Completed compiling command(queryId=root_20250320144521_0c3398e2-f266-4df7-9213-a4f6e8091df9); Time taken: 0.016 seconds
[2025-03-20T14:45:21.335+0000] {subprocess.py:93} INFO - INFO  : Concurrency mode is disabled, not creating a lock manager
[2025-03-20T14:45:21.335+0000] {subprocess.py:93} INFO - INFO  : Executing command(queryId=root_20250320144521_0c3398e2-f266-4df7-9213-a4f6e8091df9): CREATE EXTERNAL TABLE IF NOT EXISTS transactions (
[2025-03-20T14:45:21.336+0000] {subprocess.py:93} INFO -         transaction_id STRING,
[2025-03-20T14:45:21.336+0000] {subprocess.py:93} INFO -         date_time STRING,
[2025-03-20T14:45:21.336+0000] {subprocess.py:93} INFO -         amount DOUBLE,
[2025-03-20T14:45:21.337+0000] {subprocess.py:93} INFO -         currency STRING,
[2025-03-20T14:45:21.337+0000] {subprocess.py:93} INFO -         merchant_details STRING,
[2025-03-20T14:45:21.338+0000] {subprocess.py:93} INFO -         customer_id STRING,
[2025-03-20T14:45:21.338+0000] {subprocess.py:93} INFO -         transaction_type STRING,
[2025-03-20T14:45:21.338+0000] {subprocess.py:93} INFO -         location STRING
[2025-03-20T14:45:21.339+0000] {subprocess.py:93} INFO -     )
[2025-03-20T14:45:21.339+0000] {subprocess.py:93} INFO -     PARTITIONED BY (batch_id STRING)
[2025-03-20T14:45:21.340+0000] {subprocess.py:93} INFO -     STORED AS PARQUET
[2025-03-20T14:45:21.340+0000] {subprocess.py:93} INFO - INFO  : Completed executing command(queryId=root_20250320144521_0c3398e2-f266-4df7-9213-a4f6e8091df9); Time taken: 0.001 seconds
[2025-03-20T14:45:21.341+0000] {subprocess.py:93} INFO - INFO  : OK
[2025-03-20T14:45:21.341+0000] {subprocess.py:93} INFO - INFO  : Concurrency mode is disabled, not creating a lock manager
[2025-03-20T14:45:21.341+0000] {subprocess.py:93} INFO - No rows affected (0.073 seconds)
[2025-03-20T14:45:21.462+0000] {subprocess.py:93} INFO - INFO  : Compiling command(queryId=root_20250320144521_103ddf64-333a-4699-958c-3c03d593991a): ALTER TABLE transactions ADD IF NOT EXISTS PARTITION (batch_id='batch_20250320_144447') LOCATION '/data/transactions/transactions_batch_20250320_144447'
[2025-03-20T14:45:21.463+0000] {subprocess.py:93} INFO - INFO  : Concurrency mode is disabled, not creating a lock manager
[2025-03-20T14:45:21.464+0000] {subprocess.py:93} INFO - INFO  : Semantic Analysis Completed (retrial = false)
[2025-03-20T14:45:21.465+0000] {subprocess.py:93} INFO - INFO  : Returning Hive schema: Schema(fieldSchemas:null, properties:null)
[2025-03-20T14:45:21.466+0000] {subprocess.py:93} INFO - INFO  : Completed compiling command(queryId=root_20250320144521_103ddf64-333a-4699-958c-3c03d593991a); Time taken: 0.019 seconds
[2025-03-20T14:45:21.466+0000] {subprocess.py:93} INFO - INFO  : Concurrency mode is disabled, not creating a lock manager
[2025-03-20T14:45:21.467+0000] {subprocess.py:93} INFO - INFO  : Executing command(queryId=root_20250320144521_103ddf64-333a-4699-958c-3c03d593991a): ALTER TABLE transactions ADD IF NOT EXISTS PARTITION (batch_id='batch_20250320_144447') LOCATION '/data/transactions/transactions_batch_20250320_144447'
[2025-03-20T14:45:21.468+0000] {subprocess.py:93} INFO - INFO  : Starting task [Stage-0:DDL] in serial mode
[2025-03-20T14:45:21.468+0000] {subprocess.py:93} INFO - INFO  : Completed executing command(queryId=root_20250320144521_103ddf64-333a-4699-958c-3c03d593991a); Time taken: 0.091 seconds
[2025-03-20T14:45:21.469+0000] {subprocess.py:93} INFO - INFO  : OK
[2025-03-20T14:45:21.469+0000] {subprocess.py:93} INFO - INFO  : Concurrency mode is disabled, not creating a lock manager
[2025-03-20T14:45:21.470+0000] {subprocess.py:93} INFO - No rows affected (0.122 seconds)
[2025-03-20T14:45:21.470+0000] {subprocess.py:93} INFO - Beeline version 3.1.3 by Apache Hive
[2025-03-20T14:45:21.475+0000] {subprocess.py:93} INFO - Closing: 0: jdbc:hive2://localhost:10000
[2025-03-20T14:45:21.513+0000] {subprocess.py:97} INFO - Command exited with return code 0
[2025-03-20T14:45:21.544+0000] {taskinstance.py:1398} INFO - Marking task as SUCCESS. dag_id=transactions_pipeline, task_id=create_hive_table, execution_date=20250320T144507, start_date=20250320T144517, end_date=20250320T144521
[2025-03-20T14:45:21.576+0000] {local_task_job_runner.py:228} INFO - Task exited with return code 0
[2025-03-20T14:45:21.605+0000] {taskinstance.py:2776} INFO - 1 downstream tasks scheduled from follow-on schedule check
