[2025-03-20T13:14:53.074+0000] {taskinstance.py:1157} INFO - Dependencies all met for dep_context=non-requeueable deps ti=<TaskInstance: transactions_pipeline.create_hive_table manual__2025-03-20T13:14:42.773264+00:00 [queued]>
[2025-03-20T13:14:53.086+0000] {taskinstance.py:1157} INFO - Dependencies all met for dep_context=requeueable deps ti=<TaskInstance: transactions_pipeline.create_hive_table manual__2025-03-20T13:14:42.773264+00:00 [queued]>
[2025-03-20T13:14:53.087+0000] {taskinstance.py:1359} INFO - Starting attempt 1 of 1
[2025-03-20T13:14:53.106+0000] {taskinstance.py:1380} INFO - Executing <Task(BashOperator): create_hive_table> on 2025-03-20 13:14:42.773264+00:00
[2025-03-20T13:14:53.113+0000] {standard_task_runner.py:57} INFO - Started process 1464 to run task
[2025-03-20T13:14:53.117+0000] {standard_task_runner.py:84} INFO - Running: ['***', 'tasks', 'run', 'transactions_pipeline', 'create_hive_table', 'manual__2025-03-20T13:14:42.773264+00:00', '--job-id', '321', '--raw', '--subdir', 'DAGS_FOLDER/fraud_detection_pipeline.py', '--cfg-path', '/tmp/tmprvtyk4hq']
[2025-03-20T13:14:53.120+0000] {standard_task_runner.py:85} INFO - Job 321: Subtask create_hive_table
[2025-03-20T13:14:53.179+0000] {task_command.py:415} INFO - Running <TaskInstance: transactions_pipeline.create_hive_table manual__2025-03-20T13:14:42.773264+00:00 [running]> on host 3938a1dd8bd9
[2025-03-20T13:14:53.329+0000] {taskinstance.py:1660} INFO - Exporting env vars: AIRFLOW_CTX_DAG_OWNER='***' AIRFLOW_CTX_DAG_ID='transactions_pipeline' AIRFLOW_CTX_TASK_ID='create_hive_table' AIRFLOW_CTX_EXECUTION_DATE='2025-03-20T13:14:42.773264+00:00' AIRFLOW_CTX_TRY_NUMBER='1' AIRFLOW_CTX_DAG_RUN_ID='manual__2025-03-20T13:14:42.773264+00:00'
[2025-03-20T13:14:53.332+0000] {subprocess.py:63} INFO - Tmp dir root location: /tmp
[2025-03-20T13:14:53.334+0000] {subprocess.py:75} INFO - Running command: ['/bin/bash', '-c', '\n    docker exec hive beeline -u "jdbc:hive2://localhost:10000" --hiveconf hive.exec.dynamic.partition.mode=nonstrict -e "\n    CREATE EXTERNAL TABLE IF NOT EXISTS transactions (\n        transaction_id STRING,\n        date_time STRING,\n        amount DOUBLE,\n        currency STRING,\n        merchant_details STRING,\n        customer_id STRING,\n        transaction_type STRING,\n        location STRING\n    )\n    PARTITIONED BY (batch_id STRING)\n    STORED AS PARQUET;\n    ALTER TABLE transactions ADD IF NOT EXISTS PARTITION (batch_id=\'batch_20250320_130944\') LOCATION \'/data/transactions/transactions_batch_20250320_130944\';"\n    ']
[2025-03-20T13:14:53.351+0000] {subprocess.py:86} INFO - Output:
[2025-03-20T13:14:54.515+0000] {subprocess.py:93} INFO - SLF4J: Class path contains multiple SLF4J bindings.
[2025-03-20T13:14:54.517+0000] {subprocess.py:93} INFO - SLF4J: Found binding in [jar:file:/opt/hive/lib/log4j-slf4j-impl-2.17.1.jar!/org/slf4j/impl/StaticLoggerBinder.class]
[2025-03-20T13:14:54.517+0000] {subprocess.py:93} INFO - SLF4J: Found binding in [jar:file:/opt/hadoop/share/hadoop/common/lib/slf4j-log4j12-1.7.25.jar!/org/slf4j/impl/StaticLoggerBinder.class]
[2025-03-20T13:14:54.518+0000] {subprocess.py:93} INFO - SLF4J: See http://www.slf4j.org/codes.html#multiple_bindings for an explanation.
[2025-03-20T13:14:54.678+0000] {subprocess.py:93} INFO - SLF4J: Actual binding is of type [org.apache.logging.slf4j.Log4jLoggerFactory]
[2025-03-20T13:14:55.822+0000] {subprocess.py:93} INFO - Connecting to jdbc:hive2://localhost:10000
[2025-03-20T13:14:56.030+0000] {subprocess.py:93} INFO - Connected to: Apache Hive (version 3.1.3)
[2025-03-20T13:14:56.031+0000] {subprocess.py:93} INFO - Driver: Hive JDBC (version 3.1.3)
[2025-03-20T13:14:56.032+0000] {subprocess.py:93} INFO - Transaction isolation: TRANSACTION_REPEATABLE_READ
[2025-03-20T13:14:56.169+0000] {subprocess.py:93} INFO - INFO  : Compiling command(queryId=root_20250320131456_5a1f0de5-969e-4744-81b4-04aecc6d2b8d): CREATE EXTERNAL TABLE IF NOT EXISTS transactions (
[2025-03-20T13:14:56.170+0000] {subprocess.py:93} INFO -         transaction_id STRING,
[2025-03-20T13:14:56.170+0000] {subprocess.py:93} INFO -         date_time STRING,
[2025-03-20T13:14:56.171+0000] {subprocess.py:93} INFO -         amount DOUBLE,
[2025-03-20T13:14:56.171+0000] {subprocess.py:93} INFO -         currency STRING,
[2025-03-20T13:14:56.172+0000] {subprocess.py:93} INFO -         merchant_details STRING,
[2025-03-20T13:14:56.172+0000] {subprocess.py:93} INFO -         customer_id STRING,
[2025-03-20T13:14:56.172+0000] {subprocess.py:93} INFO -         transaction_type STRING,
[2025-03-20T13:14:56.173+0000] {subprocess.py:93} INFO -         location STRING
[2025-03-20T13:14:56.173+0000] {subprocess.py:93} INFO -     )
[2025-03-20T13:14:56.174+0000] {subprocess.py:93} INFO -     PARTITIONED BY (batch_id STRING)
[2025-03-20T13:14:56.174+0000] {subprocess.py:93} INFO -     STORED AS PARQUET
[2025-03-20T13:14:56.174+0000] {subprocess.py:93} INFO - INFO  : Concurrency mode is disabled, not creating a lock manager
[2025-03-20T13:14:56.175+0000] {subprocess.py:93} INFO - INFO  : Semantic Analysis Completed (retrial = false)
[2025-03-20T13:14:56.175+0000] {subprocess.py:93} INFO - INFO  : Returning Hive schema: Schema(fieldSchemas:null, properties:null)
[2025-03-20T13:14:56.175+0000] {subprocess.py:93} INFO - INFO  : Completed compiling command(queryId=root_20250320131456_5a1f0de5-969e-4744-81b4-04aecc6d2b8d); Time taken: 0.034 seconds
[2025-03-20T13:14:56.176+0000] {subprocess.py:93} INFO - INFO  : Concurrency mode is disabled, not creating a lock manager
[2025-03-20T13:14:56.176+0000] {subprocess.py:93} INFO - INFO  : Executing command(queryId=root_20250320131456_5a1f0de5-969e-4744-81b4-04aecc6d2b8d): CREATE EXTERNAL TABLE IF NOT EXISTS transactions (
[2025-03-20T13:14:56.176+0000] {subprocess.py:93} INFO -         transaction_id STRING,
[2025-03-20T13:14:56.177+0000] {subprocess.py:93} INFO -         date_time STRING,
[2025-03-20T13:14:56.177+0000] {subprocess.py:93} INFO -         amount DOUBLE,
[2025-03-20T13:14:56.177+0000] {subprocess.py:93} INFO -         currency STRING,
[2025-03-20T13:14:56.178+0000] {subprocess.py:93} INFO -         merchant_details STRING,
[2025-03-20T13:14:56.178+0000] {subprocess.py:93} INFO -         customer_id STRING,
[2025-03-20T13:14:56.179+0000] {subprocess.py:93} INFO -         transaction_type STRING,
[2025-03-20T13:14:56.179+0000] {subprocess.py:93} INFO -         location STRING
[2025-03-20T13:14:56.179+0000] {subprocess.py:93} INFO -     )
[2025-03-20T13:14:56.180+0000] {subprocess.py:93} INFO -     PARTITIONED BY (batch_id STRING)
[2025-03-20T13:14:56.180+0000] {subprocess.py:93} INFO -     STORED AS PARQUET
[2025-03-20T13:14:56.180+0000] {subprocess.py:93} INFO - INFO  : Completed executing command(queryId=root_20250320131456_5a1f0de5-969e-4744-81b4-04aecc6d2b8d); Time taken: 0.002 seconds
[2025-03-20T13:14:56.181+0000] {subprocess.py:93} INFO - INFO  : OK
[2025-03-20T13:14:56.181+0000] {subprocess.py:93} INFO - INFO  : Concurrency mode is disabled, not creating a lock manager
[2025-03-20T13:14:56.181+0000] {subprocess.py:93} INFO - No rows affected (0.114 seconds)
[2025-03-20T13:14:56.269+0000] {subprocess.py:93} INFO - INFO  : Compiling command(queryId=root_20250320131456_ef1f5eb0-4ba4-41da-9e50-e6a5490d47ee): ALTER TABLE transactions ADD IF NOT EXISTS PARTITION (batch_id='batch_20250320_130944') LOCATION '/data/transactions/transactions_batch_20250320_130944'
[2025-03-20T13:14:56.270+0000] {subprocess.py:93} INFO - INFO  : Concurrency mode is disabled, not creating a lock manager
[2025-03-20T13:14:56.271+0000] {subprocess.py:93} INFO - INFO  : Semantic Analysis Completed (retrial = false)
[2025-03-20T13:14:56.272+0000] {subprocess.py:93} INFO - INFO  : Returning Hive schema: Schema(fieldSchemas:null, properties:null)
[2025-03-20T13:14:56.273+0000] {subprocess.py:93} INFO - INFO  : Completed compiling command(queryId=root_20250320131456_ef1f5eb0-4ba4-41da-9e50-e6a5490d47ee); Time taken: 0.01 seconds
[2025-03-20T13:14:56.274+0000] {subprocess.py:93} INFO - INFO  : Concurrency mode is disabled, not creating a lock manager
[2025-03-20T13:14:56.274+0000] {subprocess.py:93} INFO - INFO  : Executing command(queryId=root_20250320131456_ef1f5eb0-4ba4-41da-9e50-e6a5490d47ee): ALTER TABLE transactions ADD IF NOT EXISTS PARTITION (batch_id='batch_20250320_130944') LOCATION '/data/transactions/transactions_batch_20250320_130944'
[2025-03-20T13:14:56.275+0000] {subprocess.py:93} INFO - INFO  : Starting task [Stage-0:DDL] in serial mode
[2025-03-20T13:14:56.276+0000] {subprocess.py:93} INFO - INFO  : Completed executing command(queryId=root_20250320131456_ef1f5eb0-4ba4-41da-9e50-e6a5490d47ee); Time taken: 0.05 seconds
[2025-03-20T13:14:56.276+0000] {subprocess.py:93} INFO - INFO  : OK
[2025-03-20T13:14:56.277+0000] {subprocess.py:93} INFO - INFO  : Concurrency mode is disabled, not creating a lock manager
[2025-03-20T13:14:56.278+0000] {subprocess.py:93} INFO - No rows affected (0.089 seconds)
[2025-03-20T13:14:56.278+0000] {subprocess.py:93} INFO - Beeline version 3.1.3 by Apache Hive
[2025-03-20T13:14:56.284+0000] {subprocess.py:93} INFO - Closing: 0: jdbc:hive2://localhost:10000
[2025-03-20T13:14:56.325+0000] {subprocess.py:97} INFO - Command exited with return code 0
[2025-03-20T13:14:56.357+0000] {taskinstance.py:1398} INFO - Marking task as SUCCESS. dag_id=transactions_pipeline, task_id=create_hive_table, execution_date=20250320T131442, start_date=20250320T131453, end_date=20250320T131456
[2025-03-20T13:14:56.390+0000] {local_task_job_runner.py:228} INFO - Task exited with return code 0
[2025-03-20T13:14:56.423+0000] {taskinstance.py:2776} INFO - 1 downstream tasks scheduled from follow-on schedule check
