[2025-03-21T13:23:09.673+0000] {taskinstance.py:1157} INFO - Dependencies all met for dep_context=non-requeueable deps ti=<TaskInstance: transactions_pipeline.create_hive_table_batch_20250321_131702 manual__2025-03-21T13:22:01.068828+00:00 [queued]>
[2025-03-21T13:23:09.707+0000] {taskinstance.py:1157} INFO - Dependencies all met for dep_context=requeueable deps ti=<TaskInstance: transactions_pipeline.create_hive_table_batch_20250321_131702 manual__2025-03-21T13:22:01.068828+00:00 [queued]>
[2025-03-21T13:23:09.709+0000] {taskinstance.py:1359} INFO - Starting attempt 1 of 1
[2025-03-21T13:23:09.759+0000] {taskinstance.py:1380} INFO - Executing <Task(BashOperator): create_hive_table_batch_20250321_131702> on 2025-03-21 13:22:01.068828+00:00
[2025-03-21T13:23:09.776+0000] {standard_task_runner.py:57} INFO - Started process 747 to run task
[2025-03-21T13:23:09.785+0000] {standard_task_runner.py:84} INFO - Running: ['***', 'tasks', 'run', 'transactions_pipeline', 'create_hive_table_batch_20250321_131702', 'manual__2025-03-21T13:22:01.068828+00:00', '--job-id', '585', '--raw', '--subdir', 'DAGS_FOLDER/fraud_detection_pipeline.py', '--cfg-path', '/tmp/tmp1dhlzn95']
[2025-03-21T13:23:09.800+0000] {standard_task_runner.py:85} INFO - Job 585: Subtask create_hive_table_batch_20250321_131702
[2025-03-21T13:23:09.994+0000] {task_command.py:415} INFO - Running <TaskInstance: transactions_pipeline.create_hive_table_batch_20250321_131702 manual__2025-03-21T13:22:01.068828+00:00 [running]> on host 1b7c3466167a
[2025-03-21T13:23:10.349+0000] {taskinstance.py:1660} INFO - Exporting env vars: AIRFLOW_CTX_DAG_EMAIL='rabiizahnoune7@gmail.com' AIRFLOW_CTX_DAG_OWNER='***' AIRFLOW_CTX_DAG_ID='transactions_pipeline' AIRFLOW_CTX_TASK_ID='create_hive_table_batch_20250321_131702' AIRFLOW_CTX_EXECUTION_DATE='2025-03-21T13:22:01.068828+00:00' AIRFLOW_CTX_TRY_NUMBER='1' AIRFLOW_CTX_DAG_RUN_ID='manual__2025-03-21T13:22:01.068828+00:00'
[2025-03-21T13:23:10.356+0000] {subprocess.py:63} INFO - Tmp dir root location: /tmp
[2025-03-21T13:23:10.365+0000] {subprocess.py:75} INFO - Running command: ['/bin/bash', '-c', '\n            docker exec hive beeline -u "jdbc:hive2://localhost:10000" --hiveconf hive.exec.dynamic.partition.mode=nonstrict -e "\n            CREATE EXTERNAL TABLE IF NOT EXISTS transactions (\n                transaction_id STRING,\n                date_time STRING,\n                amount DOUBLE,\n                currency STRING,\n                merchant_details STRING,\n                customer_id STRING,\n                transaction_type STRING,\n                location STRING\n            )\n            PARTITIONED BY (batch_id STRING)\n            STORED AS PARQUET;\n            ALTER TABLE transactions ADD IF NOT EXISTS PARTITION (batch_id=\'batch_20250321_131702\') LOCATION \'/data/transactions/transactions_batch_20250321_131702\';"\n            ']
[2025-03-21T13:23:10.396+0000] {subprocess.py:86} INFO - Output:
[2025-03-21T13:23:20.149+0000] {subprocess.py:93} INFO - SLF4J: Class path contains multiple SLF4J bindings.
[2025-03-21T13:23:20.150+0000] {subprocess.py:93} INFO - SLF4J: Found binding in [jar:file:/opt/hive/lib/log4j-slf4j-impl-2.17.1.jar!/org/slf4j/impl/StaticLoggerBinder.class]
[2025-03-21T13:23:20.151+0000] {subprocess.py:93} INFO - SLF4J: Found binding in [jar:file:/opt/hadoop/share/hadoop/common/lib/slf4j-log4j12-1.7.25.jar!/org/slf4j/impl/StaticLoggerBinder.class]
[2025-03-21T13:23:20.152+0000] {subprocess.py:93} INFO - SLF4J: See http://www.slf4j.org/codes.html#multiple_bindings for an explanation.
[2025-03-21T13:23:23.462+0000] {subprocess.py:93} INFO - SLF4J: Actual binding is of type [org.apache.logging.slf4j.Log4jLoggerFactory]
[2025-03-21T13:23:41.540+0000] {subprocess.py:93} INFO - Connecting to jdbc:hive2://localhost:10000
[2025-03-21T13:23:42.631+0000] {subprocess.py:93} INFO - Connected to: Apache Hive (version 3.1.3)
[2025-03-21T13:23:42.633+0000] {subprocess.py:93} INFO - Driver: Hive JDBC (version 3.1.3)
[2025-03-21T13:23:42.634+0000] {subprocess.py:93} INFO - Transaction isolation: TRANSACTION_REPEATABLE_READ
[2025-03-21T13:23:44.424+0000] {subprocess.py:93} INFO - INFO  : Compiling command(queryId=root_20250321132343_8e0f69be-25ac-424d-b28d-fd9080d0975e): CREATE EXTERNAL TABLE IF NOT EXISTS transactions (
[2025-03-21T13:23:44.425+0000] {subprocess.py:93} INFO -                 transaction_id STRING,
[2025-03-21T13:23:44.426+0000] {subprocess.py:93} INFO -                 date_time STRING,
[2025-03-21T13:23:44.427+0000] {subprocess.py:93} INFO -                 amount DOUBLE,
[2025-03-21T13:23:44.427+0000] {subprocess.py:93} INFO -                 currency STRING,
[2025-03-21T13:23:44.428+0000] {subprocess.py:93} INFO -                 merchant_details STRING,
[2025-03-21T13:23:44.428+0000] {subprocess.py:93} INFO -                 customer_id STRING,
[2025-03-21T13:23:44.429+0000] {subprocess.py:93} INFO -                 transaction_type STRING,
[2025-03-21T13:23:44.430+0000] {subprocess.py:93} INFO -                 location STRING
[2025-03-21T13:23:44.430+0000] {subprocess.py:93} INFO -             )
[2025-03-21T13:23:44.430+0000] {subprocess.py:93} INFO -             PARTITIONED BY (batch_id STRING)
[2025-03-21T13:23:44.431+0000] {subprocess.py:93} INFO -             STORED AS PARQUET
[2025-03-21T13:23:44.431+0000] {subprocess.py:93} INFO - INFO  : Concurrency mode is disabled, not creating a lock manager
[2025-03-21T13:23:44.432+0000] {subprocess.py:93} INFO - INFO  : Semantic Analysis Completed (retrial = false)
[2025-03-21T13:23:44.432+0000] {subprocess.py:93} INFO - INFO  : Returning Hive schema: Schema(fieldSchemas:null, properties:null)
[2025-03-21T13:23:44.433+0000] {subprocess.py:93} INFO - INFO  : Completed compiling command(queryId=root_20250321132343_8e0f69be-25ac-424d-b28d-fd9080d0975e); Time taken: 0.134 seconds
[2025-03-21T13:23:44.434+0000] {subprocess.py:93} INFO - INFO  : Concurrency mode is disabled, not creating a lock manager
[2025-03-21T13:23:44.434+0000] {subprocess.py:93} INFO - INFO  : Executing command(queryId=root_20250321132343_8e0f69be-25ac-424d-b28d-fd9080d0975e): CREATE EXTERNAL TABLE IF NOT EXISTS transactions (
[2025-03-21T13:23:44.436+0000] {subprocess.py:93} INFO -                 transaction_id STRING,
[2025-03-21T13:23:44.436+0000] {subprocess.py:93} INFO -                 date_time STRING,
[2025-03-21T13:23:44.437+0000] {subprocess.py:93} INFO -                 amount DOUBLE,
[2025-03-21T13:23:44.437+0000] {subprocess.py:93} INFO -                 currency STRING,
[2025-03-21T13:23:44.438+0000] {subprocess.py:93} INFO -                 merchant_details STRING,
[2025-03-21T13:23:44.438+0000] {subprocess.py:93} INFO -                 customer_id STRING,
[2025-03-21T13:23:44.439+0000] {subprocess.py:93} INFO -                 transaction_type STRING,
[2025-03-21T13:23:44.439+0000] {subprocess.py:93} INFO -                 location STRING
[2025-03-21T13:23:44.440+0000] {subprocess.py:93} INFO -             )
[2025-03-21T13:23:44.440+0000] {subprocess.py:93} INFO -             PARTITIONED BY (batch_id STRING)
[2025-03-21T13:23:44.441+0000] {subprocess.py:93} INFO -             STORED AS PARQUET
[2025-03-21T13:23:44.441+0000] {subprocess.py:93} INFO - INFO  : Completed executing command(queryId=root_20250321132343_8e0f69be-25ac-424d-b28d-fd9080d0975e); Time taken: 0.08 seconds
[2025-03-21T13:23:44.441+0000] {subprocess.py:93} INFO - INFO  : OK
[2025-03-21T13:23:44.442+0000] {subprocess.py:93} INFO - INFO  : Concurrency mode is disabled, not creating a lock manager
[2025-03-21T13:23:44.442+0000] {subprocess.py:93} INFO - No rows affected (1.512 seconds)
[2025-03-21T13:23:45.634+0000] {subprocess.py:93} INFO - INFO  : Compiling command(queryId=root_20250321132344_628f062b-e62a-462d-ae1e-49f91791c01d): ALTER TABLE transactions ADD IF NOT EXISTS PARTITION (batch_id='batch_20250321_131702') LOCATION '/data/transactions/transactions_batch_20250321_131702'
[2025-03-21T13:23:45.638+0000] {subprocess.py:93} INFO - INFO  : Concurrency mode is disabled, not creating a lock manager
[2025-03-21T13:23:45.639+0000] {subprocess.py:93} INFO - INFO  : Semantic Analysis Completed (retrial = false)
[2025-03-21T13:23:45.641+0000] {subprocess.py:93} INFO - INFO  : Returning Hive schema: Schema(fieldSchemas:null, properties:null)
[2025-03-21T13:23:45.643+0000] {subprocess.py:93} INFO - INFO  : Completed compiling command(queryId=root_20250321132344_628f062b-e62a-462d-ae1e-49f91791c01d); Time taken: 0.168 seconds
[2025-03-21T13:23:45.644+0000] {subprocess.py:93} INFO - INFO  : Concurrency mode is disabled, not creating a lock manager
[2025-03-21T13:23:45.644+0000] {subprocess.py:93} INFO - INFO  : Executing command(queryId=root_20250321132344_628f062b-e62a-462d-ae1e-49f91791c01d): ALTER TABLE transactions ADD IF NOT EXISTS PARTITION (batch_id='batch_20250321_131702') LOCATION '/data/transactions/transactions_batch_20250321_131702'
[2025-03-21T13:23:45.645+0000] {subprocess.py:93} INFO - INFO  : Starting task [Stage-0:DDL] in serial mode
[2025-03-21T13:23:45.703+0000] {subprocess.py:93} INFO - INFO  : Completed executing command(queryId=root_20250321132344_628f062b-e62a-462d-ae1e-49f91791c01d); Time taken: 0.519 seconds
[2025-03-21T13:23:45.709+0000] {subprocess.py:93} INFO - INFO  : OK
[2025-03-21T13:23:45.713+0000] {subprocess.py:93} INFO - INFO  : Concurrency mode is disabled, not creating a lock manager
[2025-03-21T13:23:45.715+0000] {subprocess.py:93} INFO - No rows affected (1.107 seconds)
[2025-03-21T13:23:45.728+0000] {subprocess.py:93} INFO - Beeline version 3.1.3 by Apache Hive
[2025-03-21T13:23:45.816+0000] {subprocess.py:93} INFO - Closing: 0: jdbc:hive2://localhost:10000
[2025-03-21T13:23:46.022+0000] {subprocess.py:97} INFO - Command exited with return code 0
[2025-03-21T13:23:46.084+0000] {taskinstance.py:1398} INFO - Marking task as SUCCESS. dag_id=transactions_pipeline, task_id=create_hive_table_batch_20250321_131702, execution_date=20250321T132201, start_date=20250321T132309, end_date=20250321T132346
[2025-03-21T13:23:46.125+0000] {local_task_job_runner.py:228} INFO - Task exited with return code 0
[2025-03-21T13:23:46.181+0000] {taskinstance.py:2776} INFO - 1 downstream tasks scheduled from follow-on schedule check
