[2025-03-21T13:32:51.740+0000] {taskinstance.py:1157} INFO - Dependencies all met for dep_context=non-requeueable deps ti=<TaskInstance: transactions_pipeline.create_hive_table_batch_20250321_131820 manual__2025-03-21T13:31:53.143260+00:00 [queued]>
[2025-03-21T13:32:51.814+0000] {taskinstance.py:1157} INFO - Dependencies all met for dep_context=requeueable deps ti=<TaskInstance: transactions_pipeline.create_hive_table_batch_20250321_131820 manual__2025-03-21T13:31:53.143260+00:00 [queued]>
[2025-03-21T13:32:51.815+0000] {taskinstance.py:1359} INFO - Starting attempt 1 of 1
[2025-03-21T13:32:51.904+0000] {taskinstance.py:1380} INFO - Executing <Task(BashOperator): create_hive_table_batch_20250321_131820> on 2025-03-21 13:31:53.143260+00:00
[2025-03-21T13:32:51.921+0000] {standard_task_runner.py:57} INFO - Started process 2446 to run task
[2025-03-21T13:32:51.952+0000] {standard_task_runner.py:84} INFO - Running: ['***', 'tasks', 'run', 'transactions_pipeline', 'create_hive_table_batch_20250321_131820', 'manual__2025-03-21T13:31:53.143260+00:00', '--job-id', '641', '--raw', '--subdir', 'DAGS_FOLDER/fraud_detection_pipeline.py', '--cfg-path', '/tmp/tmpzjxcnlf1']
[2025-03-21T13:32:51.978+0000] {standard_task_runner.py:85} INFO - Job 641: Subtask create_hive_table_batch_20250321_131820
[2025-03-21T13:32:52.226+0000] {task_command.py:415} INFO - Running <TaskInstance: transactions_pipeline.create_hive_table_batch_20250321_131820 manual__2025-03-21T13:31:53.143260+00:00 [running]> on host 1b7c3466167a
[2025-03-21T13:32:52.847+0000] {taskinstance.py:1660} INFO - Exporting env vars: AIRFLOW_CTX_DAG_EMAIL='rabiizahnoune7@gmail.com' AIRFLOW_CTX_DAG_OWNER='***' AIRFLOW_CTX_DAG_ID='transactions_pipeline' AIRFLOW_CTX_TASK_ID='create_hive_table_batch_20250321_131820' AIRFLOW_CTX_EXECUTION_DATE='2025-03-21T13:31:53.143260+00:00' AIRFLOW_CTX_TRY_NUMBER='1' AIRFLOW_CTX_DAG_RUN_ID='manual__2025-03-21T13:31:53.143260+00:00'
[2025-03-21T13:32:52.867+0000] {subprocess.py:63} INFO - Tmp dir root location: /tmp
[2025-03-21T13:32:52.877+0000] {subprocess.py:75} INFO - Running command: ['/bin/bash', '-c', '\n            docker exec hive beeline -u "jdbc:hive2://localhost:10000" --hiveconf hive.exec.dynamic.partition.mode=nonstrict -e "\n            CREATE EXTERNAL TABLE IF NOT EXISTS transactions (\n                transaction_id STRING,\n                date_time STRING,\n                amount DOUBLE,\n                currency STRING,\n                merchant_details STRING,\n                customer_id STRING,\n                transaction_type STRING,\n                location STRING\n            )\n            PARTITIONED BY (batch_id STRING)\n            STORED AS PARQUET;\n            ALTER TABLE transactions ADD IF NOT EXISTS PARTITION (batch_id=\'batch_20250321_131820\') LOCATION \'/data/transactions/transactions_batch_20250321_131820\';"\n            ']
[2025-03-21T13:32:52.930+0000] {subprocess.py:86} INFO - Output:
[2025-03-21T13:33:23.037+0000] {subprocess.py:93} INFO - SLF4J: Class path contains multiple SLF4J bindings.
[2025-03-21T13:33:23.041+0000] {subprocess.py:93} INFO - SLF4J: Found binding in [jar:file:/opt/hive/lib/log4j-slf4j-impl-2.17.1.jar!/org/slf4j/impl/StaticLoggerBinder.class]
[2025-03-21T13:33:23.047+0000] {subprocess.py:93} INFO - SLF4J: Found binding in [jar:file:/opt/hadoop/share/hadoop/common/lib/slf4j-log4j12-1.7.25.jar!/org/slf4j/impl/StaticLoggerBinder.class]
[2025-03-21T13:33:23.048+0000] {subprocess.py:93} INFO - SLF4J: See http://www.slf4j.org/codes.html#multiple_bindings for an explanation.
[2025-03-21T13:33:25.833+0000] {subprocess.py:93} INFO - SLF4J: Actual binding is of type [org.apache.logging.slf4j.Log4jLoggerFactory]
[2025-03-21T13:33:42.447+0000] {subprocess.py:93} INFO - Connecting to jdbc:hive2://localhost:10000
[2025-03-21T13:33:46.309+0000] {subprocess.py:93} INFO - Connected to: Apache Hive (version 3.1.3)
[2025-03-21T13:33:46.328+0000] {subprocess.py:93} INFO - Driver: Hive JDBC (version 3.1.3)
[2025-03-21T13:33:46.338+0000] {subprocess.py:93} INFO - Transaction isolation: TRANSACTION_REPEATABLE_READ
[2025-03-21T13:33:48.322+0000] {subprocess.py:93} INFO - INFO  : Compiling command(queryId=root_20250321133346_a748b4ec-2ab8-4093-aae0-a03e9c8d61ad): CREATE EXTERNAL TABLE IF NOT EXISTS transactions (
[2025-03-21T13:33:48.323+0000] {subprocess.py:93} INFO -                 transaction_id STRING,
[2025-03-21T13:33:48.323+0000] {subprocess.py:93} INFO -                 date_time STRING,
[2025-03-21T13:33:48.324+0000] {subprocess.py:93} INFO -                 amount DOUBLE,
[2025-03-21T13:33:48.325+0000] {subprocess.py:93} INFO -                 currency STRING,
[2025-03-21T13:33:48.338+0000] {subprocess.py:93} INFO -                 merchant_details STRING,
[2025-03-21T13:33:48.339+0000] {subprocess.py:93} INFO -                 customer_id STRING,
[2025-03-21T13:33:48.340+0000] {subprocess.py:93} INFO -                 transaction_type STRING,
[2025-03-21T13:33:48.341+0000] {subprocess.py:93} INFO -                 location STRING
[2025-03-21T13:33:48.342+0000] {subprocess.py:93} INFO -             )
[2025-03-21T13:33:48.343+0000] {subprocess.py:93} INFO -             PARTITIONED BY (batch_id STRING)
[2025-03-21T13:33:48.343+0000] {subprocess.py:93} INFO -             STORED AS PARQUET
[2025-03-21T13:33:48.348+0000] {subprocess.py:93} INFO - INFO  : Concurrency mode is disabled, not creating a lock manager
[2025-03-21T13:33:48.351+0000] {subprocess.py:93} INFO - INFO  : Semantic Analysis Completed (retrial = false)
[2025-03-21T13:33:48.439+0000] {subprocess.py:93} INFO - INFO  : Returning Hive schema: Schema(fieldSchemas:null, properties:null)
[2025-03-21T13:33:48.480+0000] {subprocess.py:93} INFO - INFO  : Completed compiling command(queryId=root_20250321133346_a748b4ec-2ab8-4093-aae0-a03e9c8d61ad); Time taken: 0.166 seconds
[2025-03-21T13:33:48.496+0000] {subprocess.py:93} INFO - INFO  : Concurrency mode is disabled, not creating a lock manager
[2025-03-21T13:33:48.498+0000] {subprocess.py:93} INFO - INFO  : Executing command(queryId=root_20250321133346_a748b4ec-2ab8-4093-aae0-a03e9c8d61ad): CREATE EXTERNAL TABLE IF NOT EXISTS transactions (
[2025-03-21T13:33:48.513+0000] {subprocess.py:93} INFO -                 transaction_id STRING,
[2025-03-21T13:33:48.515+0000] {subprocess.py:93} INFO -                 date_time STRING,
[2025-03-21T13:33:48.517+0000] {subprocess.py:93} INFO -                 amount DOUBLE,
[2025-03-21T13:33:48.533+0000] {subprocess.py:93} INFO -                 currency STRING,
[2025-03-21T13:33:48.563+0000] {subprocess.py:93} INFO -                 merchant_details STRING,
[2025-03-21T13:33:48.571+0000] {subprocess.py:93} INFO -                 customer_id STRING,
[2025-03-21T13:33:48.580+0000] {subprocess.py:93} INFO -                 transaction_type STRING,
[2025-03-21T13:33:48.598+0000] {subprocess.py:93} INFO -                 location STRING
[2025-03-21T13:33:48.615+0000] {subprocess.py:93} INFO -             )
[2025-03-21T13:33:48.616+0000] {subprocess.py:93} INFO -             PARTITIONED BY (batch_id STRING)
[2025-03-21T13:33:48.627+0000] {subprocess.py:93} INFO -             STORED AS PARQUET
[2025-03-21T13:33:48.629+0000] {subprocess.py:93} INFO - INFO  : Completed executing command(queryId=root_20250321133346_a748b4ec-2ab8-4093-aae0-a03e9c8d61ad); Time taken: 0.0 seconds
[2025-03-21T13:33:48.631+0000] {subprocess.py:93} INFO - INFO  : OK
[2025-03-21T13:33:48.632+0000] {subprocess.py:93} INFO - INFO  : Concurrency mode is disabled, not creating a lock manager
[2025-03-21T13:33:48.633+0000] {subprocess.py:93} INFO - No rows affected (1.788 seconds)
[2025-03-21T13:33:50.199+0000] {subprocess.py:93} INFO - INFO  : Compiling command(queryId=root_20250321133348_4fa6ebfc-5b3b-4d22-907e-7c0f4d9598cc): ALTER TABLE transactions ADD IF NOT EXISTS PARTITION (batch_id='batch_20250321_131820') LOCATION '/data/transactions/transactions_batch_20250321_131820'
[2025-03-21T13:33:50.203+0000] {subprocess.py:93} INFO - INFO  : Concurrency mode is disabled, not creating a lock manager
[2025-03-21T13:33:50.204+0000] {subprocess.py:93} INFO - INFO  : Semantic Analysis Completed (retrial = false)
[2025-03-21T13:33:50.210+0000] {subprocess.py:93} INFO - INFO  : Returning Hive schema: Schema(fieldSchemas:null, properties:null)
[2025-03-21T13:33:50.219+0000] {subprocess.py:93} INFO - INFO  : Completed compiling command(queryId=root_20250321133348_4fa6ebfc-5b3b-4d22-907e-7c0f4d9598cc); Time taken: 0.348 seconds
[2025-03-21T13:33:50.221+0000] {subprocess.py:93} INFO - INFO  : Concurrency mode is disabled, not creating a lock manager
[2025-03-21T13:33:50.222+0000] {subprocess.py:93} INFO - INFO  : Executing command(queryId=root_20250321133348_4fa6ebfc-5b3b-4d22-907e-7c0f4d9598cc): ALTER TABLE transactions ADD IF NOT EXISTS PARTITION (batch_id='batch_20250321_131820') LOCATION '/data/transactions/transactions_batch_20250321_131820'
[2025-03-21T13:33:50.228+0000] {subprocess.py:93} INFO - INFO  : Starting task [Stage-0:DDL] in serial mode
[2025-03-21T13:33:50.232+0000] {subprocess.py:93} INFO - INFO  : Completed executing command(queryId=root_20250321133348_4fa6ebfc-5b3b-4d22-907e-7c0f4d9598cc); Time taken: 0.467 seconds
[2025-03-21T13:33:50.236+0000] {subprocess.py:93} INFO - INFO  : OK
[2025-03-21T13:33:50.237+0000] {subprocess.py:93} INFO - INFO  : Concurrency mode is disabled, not creating a lock manager
[2025-03-21T13:33:50.294+0000] {subprocess.py:93} INFO - No rows affected (1.691 seconds)
[2025-03-21T13:33:50.326+0000] {subprocess.py:93} INFO - Beeline version 3.1.3 by Apache Hive
[2025-03-21T13:33:50.496+0000] {subprocess.py:93} INFO - Closing: 0: jdbc:hive2://localhost:10000
[2025-03-21T13:33:51.104+0000] {subprocess.py:97} INFO - Command exited with return code 0
[2025-03-21T13:33:51.202+0000] {taskinstance.py:1398} INFO - Marking task as SUCCESS. dag_id=transactions_pipeline, task_id=create_hive_table_batch_20250321_131820, execution_date=20250321T133153, start_date=20250321T133251, end_date=20250321T133351
[2025-03-21T13:33:51.294+0000] {local_task_job_runner.py:228} INFO - Task exited with return code 0
[2025-03-21T13:33:51.426+0000] {taskinstance.py:2776} INFO - 1 downstream tasks scheduled from follow-on schedule check
