[2025-03-21T13:23:09.701+0000] {taskinstance.py:1157} INFO - Dependencies all met for dep_context=non-requeueable deps ti=<TaskInstance: transactions_pipeline.create_hive_table_batch_20250321_131820 manual__2025-03-21T13:22:01.068828+00:00 [queued]>
[2025-03-21T13:23:09.728+0000] {taskinstance.py:1157} INFO - Dependencies all met for dep_context=requeueable deps ti=<TaskInstance: transactions_pipeline.create_hive_table_batch_20250321_131820 manual__2025-03-21T13:22:01.068828+00:00 [queued]>
[2025-03-21T13:23:09.731+0000] {taskinstance.py:1359} INFO - Starting attempt 1 of 1
[2025-03-21T13:23:09.837+0000] {taskinstance.py:1380} INFO - Executing <Task(BashOperator): create_hive_table_batch_20250321_131820> on 2025-03-21 13:22:01.068828+00:00
[2025-03-21T13:23:09.855+0000] {standard_task_runner.py:57} INFO - Started process 751 to run task
[2025-03-21T13:23:09.864+0000] {standard_task_runner.py:84} INFO - Running: ['***', 'tasks', 'run', 'transactions_pipeline', 'create_hive_table_batch_20250321_131820', 'manual__2025-03-21T13:22:01.068828+00:00', '--job-id', '584', '--raw', '--subdir', 'DAGS_FOLDER/fraud_detection_pipeline.py', '--cfg-path', '/tmp/tmpfthi6kpd']
[2025-03-21T13:23:09.882+0000] {standard_task_runner.py:85} INFO - Job 584: Subtask create_hive_table_batch_20250321_131820
[2025-03-21T13:23:10.100+0000] {task_command.py:415} INFO - Running <TaskInstance: transactions_pipeline.create_hive_table_batch_20250321_131820 manual__2025-03-21T13:22:01.068828+00:00 [running]> on host 1b7c3466167a
[2025-03-21T13:23:10.454+0000] {taskinstance.py:1660} INFO - Exporting env vars: AIRFLOW_CTX_DAG_EMAIL='rabiizahnoune7@gmail.com' AIRFLOW_CTX_DAG_OWNER='***' AIRFLOW_CTX_DAG_ID='transactions_pipeline' AIRFLOW_CTX_TASK_ID='create_hive_table_batch_20250321_131820' AIRFLOW_CTX_EXECUTION_DATE='2025-03-21T13:22:01.068828+00:00' AIRFLOW_CTX_TRY_NUMBER='1' AIRFLOW_CTX_DAG_RUN_ID='manual__2025-03-21T13:22:01.068828+00:00'
[2025-03-21T13:23:10.461+0000] {subprocess.py:63} INFO - Tmp dir root location: /tmp
[2025-03-21T13:23:10.465+0000] {subprocess.py:75} INFO - Running command: ['/bin/bash', '-c', '\n            docker exec hive beeline -u "jdbc:hive2://localhost:10000" --hiveconf hive.exec.dynamic.partition.mode=nonstrict -e "\n            CREATE EXTERNAL TABLE IF NOT EXISTS transactions (\n                transaction_id STRING,\n                date_time STRING,\n                amount DOUBLE,\n                currency STRING,\n                merchant_details STRING,\n                customer_id STRING,\n                transaction_type STRING,\n                location STRING\n            )\n            PARTITIONED BY (batch_id STRING)\n            STORED AS PARQUET;\n            ALTER TABLE transactions ADD IF NOT EXISTS PARTITION (batch_id=\'batch_20250321_131820\') LOCATION \'/data/transactions/transactions_batch_20250321_131820\';"\n            ']
[2025-03-21T13:23:10.501+0000] {subprocess.py:86} INFO - Output:
[2025-03-21T13:23:19.948+0000] {subprocess.py:93} INFO - SLF4J: Class path contains multiple SLF4J bindings.
[2025-03-21T13:23:19.963+0000] {subprocess.py:93} INFO - SLF4J: Found binding in [jar:file:/opt/hive/lib/log4j-slf4j-impl-2.17.1.jar!/org/slf4j/impl/StaticLoggerBinder.class]
[2025-03-21T13:23:19.964+0000] {subprocess.py:93} INFO - SLF4J: Found binding in [jar:file:/opt/hadoop/share/hadoop/common/lib/slf4j-log4j12-1.7.25.jar!/org/slf4j/impl/StaticLoggerBinder.class]
[2025-03-21T13:23:19.965+0000] {subprocess.py:93} INFO - SLF4J: See http://www.slf4j.org/codes.html#multiple_bindings for an explanation.
[2025-03-21T13:23:23.058+0000] {subprocess.py:93} INFO - SLF4J: Actual binding is of type [org.apache.logging.slf4j.Log4jLoggerFactory]
[2025-03-21T13:23:40.459+0000] {subprocess.py:93} INFO - Connecting to jdbc:hive2://localhost:10000
[2025-03-21T13:23:42.715+0000] {subprocess.py:93} INFO - Connected to: Apache Hive (version 3.1.3)
[2025-03-21T13:23:42.717+0000] {subprocess.py:93} INFO - Driver: Hive JDBC (version 3.1.3)
[2025-03-21T13:23:42.718+0000] {subprocess.py:93} INFO - Transaction isolation: TRANSACTION_REPEATABLE_READ
[2025-03-21T13:23:44.310+0000] {subprocess.py:93} INFO - INFO  : Compiling command(queryId=root_20250321132343_3297ec2e-348a-4a4d-8e30-7953fab9faf1): CREATE EXTERNAL TABLE IF NOT EXISTS transactions (
[2025-03-21T13:23:44.315+0000] {subprocess.py:93} INFO -                 transaction_id STRING,
[2025-03-21T13:23:44.317+0000] {subprocess.py:93} INFO -                 date_time STRING,
[2025-03-21T13:23:44.319+0000] {subprocess.py:93} INFO -                 amount DOUBLE,
[2025-03-21T13:23:44.321+0000] {subprocess.py:93} INFO -                 currency STRING,
[2025-03-21T13:23:44.322+0000] {subprocess.py:93} INFO -                 merchant_details STRING,
[2025-03-21T13:23:44.324+0000] {subprocess.py:93} INFO -                 customer_id STRING,
[2025-03-21T13:23:44.325+0000] {subprocess.py:93} INFO -                 transaction_type STRING,
[2025-03-21T13:23:44.327+0000] {subprocess.py:93} INFO -                 location STRING
[2025-03-21T13:23:44.328+0000] {subprocess.py:93} INFO -             )
[2025-03-21T13:23:44.330+0000] {subprocess.py:93} INFO -             PARTITIONED BY (batch_id STRING)
[2025-03-21T13:23:44.333+0000] {subprocess.py:93} INFO -             STORED AS PARQUET
[2025-03-21T13:23:44.333+0000] {subprocess.py:93} INFO - INFO  : Concurrency mode is disabled, not creating a lock manager
[2025-03-21T13:23:44.334+0000] {subprocess.py:93} INFO - INFO  : Semantic Analysis Completed (retrial = false)
[2025-03-21T13:23:44.335+0000] {subprocess.py:93} INFO - INFO  : Returning Hive schema: Schema(fieldSchemas:null, properties:null)
[2025-03-21T13:23:44.336+0000] {subprocess.py:93} INFO - INFO  : Completed compiling command(queryId=root_20250321132343_3297ec2e-348a-4a4d-8e30-7953fab9faf1); Time taken: 0.114 seconds
[2025-03-21T13:23:44.337+0000] {subprocess.py:93} INFO - INFO  : Concurrency mode is disabled, not creating a lock manager
[2025-03-21T13:23:44.338+0000] {subprocess.py:93} INFO - INFO  : Executing command(queryId=root_20250321132343_3297ec2e-348a-4a4d-8e30-7953fab9faf1): CREATE EXTERNAL TABLE IF NOT EXISTS transactions (
[2025-03-21T13:23:44.339+0000] {subprocess.py:93} INFO -                 transaction_id STRING,
[2025-03-21T13:23:44.339+0000] {subprocess.py:93} INFO -                 date_time STRING,
[2025-03-21T13:23:44.340+0000] {subprocess.py:93} INFO -                 amount DOUBLE,
[2025-03-21T13:23:44.341+0000] {subprocess.py:93} INFO -                 currency STRING,
[2025-03-21T13:23:44.342+0000] {subprocess.py:93} INFO -                 merchant_details STRING,
[2025-03-21T13:23:44.343+0000] {subprocess.py:93} INFO -                 customer_id STRING,
[2025-03-21T13:23:44.343+0000] {subprocess.py:93} INFO -                 transaction_type STRING,
[2025-03-21T13:23:44.344+0000] {subprocess.py:93} INFO -                 location STRING
[2025-03-21T13:23:44.345+0000] {subprocess.py:93} INFO -             )
[2025-03-21T13:23:44.346+0000] {subprocess.py:93} INFO -             PARTITIONED BY (batch_id STRING)
[2025-03-21T13:23:44.346+0000] {subprocess.py:93} INFO -             STORED AS PARQUET
[2025-03-21T13:23:44.347+0000] {subprocess.py:93} INFO - INFO  : Completed executing command(queryId=root_20250321132343_3297ec2e-348a-4a4d-8e30-7953fab9faf1); Time taken: 0.009 seconds
[2025-03-21T13:23:44.348+0000] {subprocess.py:93} INFO - INFO  : OK
[2025-03-21T13:23:44.349+0000] {subprocess.py:93} INFO - INFO  : Concurrency mode is disabled, not creating a lock manager
[2025-03-21T13:23:44.350+0000] {subprocess.py:93} INFO - No rows affected (1.402 seconds)
[2025-03-21T13:23:45.513+0000] {subprocess.py:93} INFO - INFO  : Compiling command(queryId=root_20250321132344_f163a23c-a710-4f49-8b0a-74576219bab1): ALTER TABLE transactions ADD IF NOT EXISTS PARTITION (batch_id='batch_20250321_131820') LOCATION '/data/transactions/transactions_batch_20250321_131820'
[2025-03-21T13:23:45.516+0000] {subprocess.py:93} INFO - INFO  : Concurrency mode is disabled, not creating a lock manager
[2025-03-21T13:23:45.518+0000] {subprocess.py:93} INFO - INFO  : Semantic Analysis Completed (retrial = false)
[2025-03-21T13:23:45.519+0000] {subprocess.py:93} INFO - INFO  : Returning Hive schema: Schema(fieldSchemas:null, properties:null)
[2025-03-21T13:23:45.520+0000] {subprocess.py:93} INFO - INFO  : Completed compiling command(queryId=root_20250321132344_f163a23c-a710-4f49-8b0a-74576219bab1); Time taken: 0.102 seconds
[2025-03-21T13:23:45.525+0000] {subprocess.py:93} INFO - INFO  : Concurrency mode is disabled, not creating a lock manager
[2025-03-21T13:23:45.528+0000] {subprocess.py:93} INFO - INFO  : Executing command(queryId=root_20250321132344_f163a23c-a710-4f49-8b0a-74576219bab1): ALTER TABLE transactions ADD IF NOT EXISTS PARTITION (batch_id='batch_20250321_131820') LOCATION '/data/transactions/transactions_batch_20250321_131820'
[2025-03-21T13:23:45.529+0000] {subprocess.py:93} INFO - INFO  : Starting task [Stage-0:DDL] in serial mode
[2025-03-21T13:23:45.531+0000] {subprocess.py:93} INFO - INFO  : Completed executing command(queryId=root_20250321132344_f163a23c-a710-4f49-8b0a-74576219bab1); Time taken: 0.578 seconds
[2025-03-21T13:23:45.534+0000] {subprocess.py:93} INFO - INFO  : OK
[2025-03-21T13:23:45.535+0000] {subprocess.py:93} INFO - INFO  : Concurrency mode is disabled, not creating a lock manager
[2025-03-21T13:23:45.536+0000] {subprocess.py:93} INFO - No rows affected (1.101 seconds)
[2025-03-21T13:23:45.609+0000] {subprocess.py:93} INFO - Beeline version 3.1.3 by Apache Hive
[2025-03-21T13:23:45.752+0000] {subprocess.py:93} INFO - Closing: 0: jdbc:hive2://localhost:10000
[2025-03-21T13:23:45.935+0000] {subprocess.py:97} INFO - Command exited with return code 0
[2025-03-21T13:23:45.977+0000] {taskinstance.py:1398} INFO - Marking task as SUCCESS. dag_id=transactions_pipeline, task_id=create_hive_table_batch_20250321_131820, execution_date=20250321T132201, start_date=20250321T132309, end_date=20250321T132345
[2025-03-21T13:23:46.032+0000] {local_task_job_runner.py:228} INFO - Task exited with return code 0
[2025-03-21T13:23:46.086+0000] {taskinstance.py:2776} INFO - 1 downstream tasks scheduled from follow-on schedule check
