[2025-03-20T10:33:27.545+0000] {taskinstance.py:1157} INFO - Dependencies all met for dep_context=non-requeueable deps ti=<TaskInstance: transactions_pipeline.create_hive_table scheduled__2025-03-20T09:43:15.476240+00:00 [queued]>
[2025-03-20T10:33:27.563+0000] {taskinstance.py:1157} INFO - Dependencies all met for dep_context=requeueable deps ti=<TaskInstance: transactions_pipeline.create_hive_table scheduled__2025-03-20T09:43:15.476240+00:00 [queued]>
[2025-03-20T10:33:27.564+0000] {taskinstance.py:1359} INFO - Starting attempt 1 of 1
[2025-03-20T10:33:27.588+0000] {taskinstance.py:1380} INFO - Executing <Task(BashOperator): create_hive_table> on 2025-03-20 09:43:15.476240+00:00
[2025-03-20T10:33:27.597+0000] {standard_task_runner.py:57} INFO - Started process 403 to run task
[2025-03-20T10:33:27.603+0000] {standard_task_runner.py:84} INFO - Running: ['***', 'tasks', 'run', 'transactions_pipeline', 'create_hive_table', 'scheduled__2025-03-20T09:43:15.476240+00:00', '--job-id', '250', '--raw', '--subdir', 'DAGS_FOLDER/fraud_detection_pipeline.py', '--cfg-path', '/tmp/tmpamakqbkq']
[2025-03-20T10:33:27.614+0000] {standard_task_runner.py:85} INFO - Job 250: Subtask create_hive_table
[2025-03-20T10:33:27.730+0000] {task_command.py:415} INFO - Running <TaskInstance: transactions_pipeline.create_hive_table scheduled__2025-03-20T09:43:15.476240+00:00 [running]> on host bb4292cadea3
[2025-03-20T10:33:27.814+0000] {logging_mixin.py:151} WARNING - /home/***/.local/lib/python3.8/site-packages/***/utils/context.py:206 AirflowContextDeprecationWarning: Accessing 'execution_date' from the template is deprecated and will be removed in a future version. Please use 'data_interval_start' or 'logical_date' instead.
[2025-03-20T10:33:27.911+0000] {taskinstance.py:1660} INFO - Exporting env vars: AIRFLOW_CTX_DAG_OWNER='***' AIRFLOW_CTX_DAG_ID='transactions_pipeline' AIRFLOW_CTX_TASK_ID='create_hive_table' AIRFLOW_CTX_EXECUTION_DATE='2025-03-20T09:43:15.476240+00:00' AIRFLOW_CTX_TRY_NUMBER='1' AIRFLOW_CTX_DAG_RUN_ID='scheduled__2025-03-20T09:43:15.476240+00:00'
[2025-03-20T10:33:27.915+0000] {subprocess.py:63} INFO - Tmp dir root location: /tmp
[2025-03-20T10:33:27.916+0000] {subprocess.py:75} INFO - Running command: ['/bin/bash', '-c', '\n    docker exec hive beeline -u "jdbc:hive2://localhost:10000" --hiveconf hive.exec.dynamic.partition.mode=nonstrict -e "\n    CREATE EXTERNAL TABLE IF NOT EXISTS transactions (\n        transaction_id STRING,\n        date_time STRING,\n        amount DOUBLE,\n        currency STRING,\n        merchant_details STRING,\n        customer_id STRING,\n        transaction_type STRING,\n        location STRING\n    )\n    PARTITIONED BY (batch_id STRING)\n    STORED AS PARQUET\n    LOCATION \'/data/transactions/transactions_batch_0\';\n    ALTER TABLE transactions ADD IF NOT EXISTS PARTITION (batch_id=\'batch_20250320_094315\') LOCATION \'/data/transactions/transactions_batch_0\';"\n    ']
[2025-03-20T10:33:27.959+0000] {subprocess.py:86} INFO - Output:
[2025-03-20T10:33:29.581+0000] {subprocess.py:93} INFO - SLF4J: Class path contains multiple SLF4J bindings.
[2025-03-20T10:33:29.583+0000] {subprocess.py:93} INFO - SLF4J: Found binding in [jar:file:/opt/hive/lib/log4j-slf4j-impl-2.17.1.jar!/org/slf4j/impl/StaticLoggerBinder.class]
[2025-03-20T10:33:29.583+0000] {subprocess.py:93} INFO - SLF4J: Found binding in [jar:file:/opt/hadoop/share/hadoop/common/lib/slf4j-log4j12-1.7.25.jar!/org/slf4j/impl/StaticLoggerBinder.class]
[2025-03-20T10:33:29.584+0000] {subprocess.py:93} INFO - SLF4J: See http://www.slf4j.org/codes.html#multiple_bindings for an explanation.
[2025-03-20T10:33:29.738+0000] {subprocess.py:93} INFO - SLF4J: Actual binding is of type [org.apache.logging.slf4j.Log4jLoggerFactory]
[2025-03-20T10:33:31.031+0000] {subprocess.py:93} INFO - Connecting to jdbc:hive2://localhost:10000
[2025-03-20T10:33:31.283+0000] {subprocess.py:93} INFO - Connected to: Apache Hive (version 3.1.3)
[2025-03-20T10:33:31.284+0000] {subprocess.py:93} INFO - Driver: Hive JDBC (version 3.1.3)
[2025-03-20T10:33:31.285+0000] {subprocess.py:93} INFO - Transaction isolation: TRANSACTION_REPEATABLE_READ
[2025-03-20T10:33:31.435+0000] {subprocess.py:93} INFO - INFO  : Compiling command(queryId=root_20250320103331_424dfe75-847b-4811-8950-c1382e29050c): CREATE EXTERNAL TABLE IF NOT EXISTS transactions (
[2025-03-20T10:33:31.436+0000] {subprocess.py:93} INFO -         transaction_id STRING,
[2025-03-20T10:33:31.437+0000] {subprocess.py:93} INFO -         date_time STRING,
[2025-03-20T10:33:31.438+0000] {subprocess.py:93} INFO -         amount DOUBLE,
[2025-03-20T10:33:31.438+0000] {subprocess.py:93} INFO -         currency STRING,
[2025-03-20T10:33:31.439+0000] {subprocess.py:93} INFO -         merchant_details STRING,
[2025-03-20T10:33:31.440+0000] {subprocess.py:93} INFO -         customer_id STRING,
[2025-03-20T10:33:31.441+0000] {subprocess.py:93} INFO -         transaction_type STRING,
[2025-03-20T10:33:31.442+0000] {subprocess.py:93} INFO -         location STRING
[2025-03-20T10:33:31.444+0000] {subprocess.py:93} INFO -     )
[2025-03-20T10:33:31.445+0000] {subprocess.py:93} INFO -     PARTITIONED BY (batch_id STRING)
[2025-03-20T10:33:31.445+0000] {subprocess.py:93} INFO -     STORED AS PARQUET
[2025-03-20T10:33:31.446+0000] {subprocess.py:93} INFO -     LOCATION '/data/transactions/transactions_batch_0'
[2025-03-20T10:33:31.447+0000] {subprocess.py:93} INFO - INFO  : Concurrency mode is disabled, not creating a lock manager
[2025-03-20T10:33:31.447+0000] {subprocess.py:93} INFO - INFO  : Semantic Analysis Completed (retrial = false)
[2025-03-20T10:33:31.448+0000] {subprocess.py:93} INFO - INFO  : Returning Hive schema: Schema(fieldSchemas:null, properties:null)
[2025-03-20T10:33:31.449+0000] {subprocess.py:93} INFO - INFO  : Completed compiling command(queryId=root_20250320103331_424dfe75-847b-4811-8950-c1382e29050c); Time taken: 0.036 seconds
[2025-03-20T10:33:31.449+0000] {subprocess.py:93} INFO - INFO  : Concurrency mode is disabled, not creating a lock manager
[2025-03-20T10:33:31.450+0000] {subprocess.py:93} INFO - INFO  : Executing command(queryId=root_20250320103331_424dfe75-847b-4811-8950-c1382e29050c): CREATE EXTERNAL TABLE IF NOT EXISTS transactions (
[2025-03-20T10:33:31.450+0000] {subprocess.py:93} INFO -         transaction_id STRING,
[2025-03-20T10:33:31.451+0000] {subprocess.py:93} INFO -         date_time STRING,
[2025-03-20T10:33:31.451+0000] {subprocess.py:93} INFO -         amount DOUBLE,
[2025-03-20T10:33:31.451+0000] {subprocess.py:93} INFO -         currency STRING,
[2025-03-20T10:33:31.452+0000] {subprocess.py:93} INFO -         merchant_details STRING,
[2025-03-20T10:33:31.452+0000] {subprocess.py:93} INFO -         customer_id STRING,
[2025-03-20T10:33:31.452+0000] {subprocess.py:93} INFO -         transaction_type STRING,
[2025-03-20T10:33:31.453+0000] {subprocess.py:93} INFO -         location STRING
[2025-03-20T10:33:31.453+0000] {subprocess.py:93} INFO -     )
[2025-03-20T10:33:31.454+0000] {subprocess.py:93} INFO -     PARTITIONED BY (batch_id STRING)
[2025-03-20T10:33:31.455+0000] {subprocess.py:93} INFO -     STORED AS PARQUET
[2025-03-20T10:33:31.455+0000] {subprocess.py:93} INFO -     LOCATION '/data/transactions/transactions_batch_0'
[2025-03-20T10:33:31.456+0000] {subprocess.py:93} INFO - INFO  : Completed executing command(queryId=root_20250320103331_424dfe75-847b-4811-8950-c1382e29050c); Time taken: 0.002 seconds
[2025-03-20T10:33:31.457+0000] {subprocess.py:93} INFO - INFO  : OK
[2025-03-20T10:33:31.457+0000] {subprocess.py:93} INFO - INFO  : Concurrency mode is disabled, not creating a lock manager
[2025-03-20T10:33:31.460+0000] {subprocess.py:93} INFO - No rows affected (0.128 seconds)
[2025-03-20T10:33:31.590+0000] {subprocess.py:93} INFO - INFO  : Compiling command(queryId=root_20250320103331_7275b979-5612-427a-b6a7-22936f02eb0c): ALTER TABLE transactions ADD IF NOT EXISTS PARTITION (batch_id='batch_20250320_094315') LOCATION '/data/transactions/transactions_batch_0'
[2025-03-20T10:33:31.592+0000] {subprocess.py:93} INFO - INFO  : Concurrency mode is disabled, not creating a lock manager
[2025-03-20T10:33:31.592+0000] {subprocess.py:93} INFO - INFO  : Semantic Analysis Completed (retrial = false)
[2025-03-20T10:33:31.594+0000] {subprocess.py:93} INFO - INFO  : Returning Hive schema: Schema(fieldSchemas:null, properties:null)
[2025-03-20T10:33:31.595+0000] {subprocess.py:93} INFO - INFO  : Completed compiling command(queryId=root_20250320103331_7275b979-5612-427a-b6a7-22936f02eb0c); Time taken: 0.03 seconds
[2025-03-20T10:33:31.596+0000] {subprocess.py:93} INFO - INFO  : Concurrency mode is disabled, not creating a lock manager
[2025-03-20T10:33:31.596+0000] {subprocess.py:93} INFO - INFO  : Executing command(queryId=root_20250320103331_7275b979-5612-427a-b6a7-22936f02eb0c): ALTER TABLE transactions ADD IF NOT EXISTS PARTITION (batch_id='batch_20250320_094315') LOCATION '/data/transactions/transactions_batch_0'
[2025-03-20T10:33:31.598+0000] {subprocess.py:93} INFO - INFO  : Starting task [Stage-0:DDL] in serial mode
[2025-03-20T10:33:31.599+0000] {subprocess.py:93} INFO - INFO  : Completed executing command(queryId=root_20250320103331_7275b979-5612-427a-b6a7-22936f02eb0c); Time taken: 0.091 seconds
[2025-03-20T10:33:31.601+0000] {subprocess.py:93} INFO - INFO  : OK
[2025-03-20T10:33:31.601+0000] {subprocess.py:93} INFO - INFO  : Concurrency mode is disabled, not creating a lock manager
[2025-03-20T10:33:31.603+0000] {subprocess.py:93} INFO - No rows affected (0.138 seconds)
[2025-03-20T10:33:31.604+0000] {subprocess.py:93} INFO - Beeline version 3.1.3 by Apache Hive
[2025-03-20T10:33:31.610+0000] {subprocess.py:93} INFO - Closing: 0: jdbc:hive2://localhost:10000
[2025-03-20T10:33:31.646+0000] {subprocess.py:97} INFO - Command exited with return code 0
[2025-03-20T10:33:31.674+0000] {taskinstance.py:1398} INFO - Marking task as SUCCESS. dag_id=transactions_pipeline, task_id=create_hive_table, execution_date=20250320T094315, start_date=20250320T103327, end_date=20250320T103331
[2025-03-20T10:33:31.729+0000] {local_task_job_runner.py:228} INFO - Task exited with return code 0
[2025-03-20T10:33:31.765+0000] {taskinstance.py:2776} INFO - 1 downstream tasks scheduled from follow-on schedule check
