[2025-03-21T14:05:53.155+0000] {taskinstance.py:1157} INFO - Dependencies all met for dep_context=non-requeueable deps ti=<TaskInstance: transactions_pipeline.create_fraud_table_batch_20250321_140431 manual__2025-03-21T14:05:25.008554+00:00 [queued]>
[2025-03-21T14:05:53.181+0000] {taskinstance.py:1157} INFO - Dependencies all met for dep_context=requeueable deps ti=<TaskInstance: transactions_pipeline.create_fraud_table_batch_20250321_140431 manual__2025-03-21T14:05:25.008554+00:00 [queued]>
[2025-03-21T14:05:53.182+0000] {taskinstance.py:1359} INFO - Starting attempt 1 of 1
[2025-03-21T14:05:53.204+0000] {taskinstance.py:1380} INFO - Executing <Task(BashOperator): create_fraud_table_batch_20250321_140431> on 2025-03-21 14:05:25.008554+00:00
[2025-03-21T14:05:53.214+0000] {standard_task_runner.py:57} INFO - Started process 2575 to run task
[2025-03-21T14:05:53.220+0000] {standard_task_runner.py:84} INFO - Running: ['***', 'tasks', 'run', 'transactions_pipeline', 'create_fraud_table_batch_20250321_140431', 'manual__2025-03-21T14:05:25.008554+00:00', '--job-id', '763', '--raw', '--subdir', 'DAGS_FOLDER/fraud_detection_pipeline.py', '--cfg-path', '/tmp/tmp41nqg1ud']
[2025-03-21T14:05:53.224+0000] {standard_task_runner.py:85} INFO - Job 763: Subtask create_fraud_table_batch_20250321_140431
[2025-03-21T14:05:53.296+0000] {task_command.py:415} INFO - Running <TaskInstance: transactions_pipeline.create_fraud_table_batch_20250321_140431 manual__2025-03-21T14:05:25.008554+00:00 [running]> on host e95638583d4d
[2025-03-21T14:05:53.445+0000] {taskinstance.py:1660} INFO - Exporting env vars: AIRFLOW_CTX_DAG_EMAIL='rabiizahnoune7@gmail.com' AIRFLOW_CTX_DAG_OWNER='***' AIRFLOW_CTX_DAG_ID='transactions_pipeline' AIRFLOW_CTX_TASK_ID='create_fraud_table_batch_20250321_140431' AIRFLOW_CTX_EXECUTION_DATE='2025-03-21T14:05:25.008554+00:00' AIRFLOW_CTX_TRY_NUMBER='1' AIRFLOW_CTX_DAG_RUN_ID='manual__2025-03-21T14:05:25.008554+00:00'
[2025-03-21T14:05:53.448+0000] {subprocess.py:63} INFO - Tmp dir root location: /tmp
[2025-03-21T14:05:53.449+0000] {subprocess.py:75} INFO - Running command: ['/bin/bash', '-c', '\n            docker exec hive beeline -u "jdbc:hive2://localhost:10000" -e "\n            CREATE EXTERNAL TABLE IF NOT EXISTS fraud_detections (\n                transaction_id STRING,\n                date_time STRING,\n                amount DOUBLE,\n                customer_id STRING,\n                location STRING,\n                fraud_reason STRING\n            )\n            STORED AS PARQUET\n            LOCATION \'/data/fraud_detections\';"\n            ']
[2025-03-21T14:05:53.463+0000] {subprocess.py:86} INFO - Output:
[2025-03-21T14:05:54.208+0000] {subprocess.py:93} INFO - SLF4J: Class path contains multiple SLF4J bindings.
[2025-03-21T14:05:54.209+0000] {subprocess.py:93} INFO - SLF4J: Found binding in [jar:file:/opt/hive/lib/log4j-slf4j-impl-2.17.1.jar!/org/slf4j/impl/StaticLoggerBinder.class]
[2025-03-21T14:05:54.209+0000] {subprocess.py:93} INFO - SLF4J: Found binding in [jar:file:/opt/hadoop/share/hadoop/common/lib/slf4j-log4j12-1.7.25.jar!/org/slf4j/impl/StaticLoggerBinder.class]
[2025-03-21T14:05:54.210+0000] {subprocess.py:93} INFO - SLF4J: See http://www.slf4j.org/codes.html#multiple_bindings for an explanation.
[2025-03-21T14:05:54.712+0000] {subprocess.py:93} INFO - SLF4J: Actual binding is of type [org.apache.logging.slf4j.Log4jLoggerFactory]
[2025-03-21T14:05:57.424+0000] {subprocess.py:93} INFO - Connecting to jdbc:hive2://localhost:10000
[2025-03-21T14:05:58.028+0000] {subprocess.py:93} INFO - Connected to: Apache Hive (version 3.1.3)
[2025-03-21T14:05:58.029+0000] {subprocess.py:93} INFO - Driver: Hive JDBC (version 3.1.3)
[2025-03-21T14:05:58.030+0000] {subprocess.py:93} INFO - Transaction isolation: TRANSACTION_REPEATABLE_READ
[2025-03-21T14:05:58.240+0000] {subprocess.py:93} INFO - INFO  : Compiling command(queryId=root_20250321140558_4d4d6751-26b9-4d06-ac56-a0fc45d8e3cb): CREATE EXTERNAL TABLE IF NOT EXISTS fraud_detections (
[2025-03-21T14:05:58.241+0000] {subprocess.py:93} INFO -                 transaction_id STRING,
[2025-03-21T14:05:58.242+0000] {subprocess.py:93} INFO -                 date_time STRING,
[2025-03-21T14:05:58.243+0000] {subprocess.py:93} INFO -                 amount DOUBLE,
[2025-03-21T14:05:58.244+0000] {subprocess.py:93} INFO -                 customer_id STRING,
[2025-03-21T14:05:58.244+0000] {subprocess.py:93} INFO -                 location STRING,
[2025-03-21T14:05:58.244+0000] {subprocess.py:93} INFO -                 fraud_reason STRING
[2025-03-21T14:05:58.245+0000] {subprocess.py:93} INFO -             )
[2025-03-21T14:05:58.245+0000] {subprocess.py:93} INFO -             STORED AS PARQUET
[2025-03-21T14:05:58.245+0000] {subprocess.py:93} INFO -             LOCATION '/data/fraud_detections'
[2025-03-21T14:05:58.246+0000] {subprocess.py:93} INFO - INFO  : Concurrency mode is disabled, not creating a lock manager
[2025-03-21T14:05:58.246+0000] {subprocess.py:93} INFO - INFO  : Semantic Analysis Completed (retrial = false)
[2025-03-21T14:05:58.246+0000] {subprocess.py:93} INFO - INFO  : Returning Hive schema: Schema(fieldSchemas:null, properties:null)
[2025-03-21T14:05:58.247+0000] {subprocess.py:93} INFO - INFO  : Completed compiling command(queryId=root_20250321140558_4d4d6751-26b9-4d06-ac56-a0fc45d8e3cb); Time taken: 0.082 seconds
[2025-03-21T14:05:58.247+0000] {subprocess.py:93} INFO - INFO  : Concurrency mode is disabled, not creating a lock manager
[2025-03-21T14:05:58.247+0000] {subprocess.py:93} INFO - INFO  : Executing command(queryId=root_20250321140558_4d4d6751-26b9-4d06-ac56-a0fc45d8e3cb): CREATE EXTERNAL TABLE IF NOT EXISTS fraud_detections (
[2025-03-21T14:05:58.248+0000] {subprocess.py:93} INFO -                 transaction_id STRING,
[2025-03-21T14:05:58.248+0000] {subprocess.py:93} INFO -                 date_time STRING,
[2025-03-21T14:05:58.248+0000] {subprocess.py:93} INFO -                 amount DOUBLE,
[2025-03-21T14:05:58.249+0000] {subprocess.py:93} INFO -                 customer_id STRING,
[2025-03-21T14:05:58.287+0000] {subprocess.py:93} INFO -                 location STRING,
[2025-03-21T14:05:58.288+0000] {subprocess.py:93} INFO -                 fraud_reason STRING
[2025-03-21T14:05:58.289+0000] {subprocess.py:93} INFO -             )
[2025-03-21T14:05:58.291+0000] {subprocess.py:93} INFO -             STORED AS PARQUET
[2025-03-21T14:05:58.292+0000] {subprocess.py:93} INFO -             LOCATION '/data/fraud_detections'
[2025-03-21T14:05:58.294+0000] {subprocess.py:93} INFO - INFO  : Completed executing command(queryId=root_20250321140558_4d4d6751-26b9-4d06-ac56-a0fc45d8e3cb); Time taken: 0.001 seconds
[2025-03-21T14:05:58.295+0000] {subprocess.py:93} INFO - INFO  : OK
[2025-03-21T14:05:58.296+0000] {subprocess.py:93} INFO - INFO  : Concurrency mode is disabled, not creating a lock manager
[2025-03-21T14:05:58.297+0000] {subprocess.py:93} INFO - No rows affected (0.238 seconds)
[2025-03-21T14:05:58.309+0000] {subprocess.py:93} INFO - Beeline version 3.1.3 by Apache Hive
[2025-03-21T14:05:58.316+0000] {subprocess.py:93} INFO - Closing: 0: jdbc:hive2://localhost:10000
[2025-03-21T14:05:58.422+0000] {subprocess.py:97} INFO - Command exited with return code 0
[2025-03-21T14:05:58.460+0000] {taskinstance.py:1398} INFO - Marking task as SUCCESS. dag_id=transactions_pipeline, task_id=create_fraud_table_batch_20250321_140431, execution_date=20250321T140525, start_date=20250321T140553, end_date=20250321T140558
[2025-03-21T14:05:58.491+0000] {local_task_job_runner.py:228} INFO - Task exited with return code 0
[2025-03-21T14:05:58.524+0000] {taskinstance.py:2776} INFO - 1 downstream tasks scheduled from follow-on schedule check
