[2025-03-19T16:56:45.933+0000] {taskinstance.py:1157} INFO - Dependencies all met for dep_context=non-requeueable deps ti=<TaskInstance: transactions_pipeline.copy_to_hdfs manual__2025-03-19T16:56:41.895273+00:00 [queued]>
[2025-03-19T16:56:45.946+0000] {taskinstance.py:1157} INFO - Dependencies all met for dep_context=requeueable deps ti=<TaskInstance: transactions_pipeline.copy_to_hdfs manual__2025-03-19T16:56:41.895273+00:00 [queued]>
[2025-03-19T16:56:45.947+0000] {taskinstance.py:1359} INFO - Starting attempt 1 of 1
[2025-03-19T16:56:45.968+0000] {taskinstance.py:1380} INFO - Executing <Task(BashOperator): copy_to_hdfs> on 2025-03-19 16:56:41.895273+00:00
[2025-03-19T16:56:45.975+0000] {standard_task_runner.py:57} INFO - Started process 1901 to run task
[2025-03-19T16:56:45.979+0000] {standard_task_runner.py:84} INFO - Running: ['***', 'tasks', 'run', 'transactions_pipeline', 'copy_to_hdfs', 'manual__2025-03-19T16:56:41.895273+00:00', '--job-id', '63', '--raw', '--subdir', 'DAGS_FOLDER/fraud_detection_pipeline.py', '--cfg-path', '/tmp/tmpfqii6h89']
[2025-03-19T16:56:45.982+0000] {standard_task_runner.py:85} INFO - Job 63: Subtask copy_to_hdfs
[2025-03-19T16:56:46.045+0000] {task_command.py:415} INFO - Running <TaskInstance: transactions_pipeline.copy_to_hdfs manual__2025-03-19T16:56:41.895273+00:00 [running]> on host f76c4cf6a8a2
[2025-03-19T16:56:46.164+0000] {taskinstance.py:1660} INFO - Exporting env vars: AIRFLOW_CTX_DAG_OWNER='***' AIRFLOW_CTX_DAG_ID='transactions_pipeline' AIRFLOW_CTX_TASK_ID='copy_to_hdfs' AIRFLOW_CTX_EXECUTION_DATE='2025-03-19T16:56:41.895273+00:00' AIRFLOW_CTX_TRY_NUMBER='1' AIRFLOW_CTX_DAG_RUN_ID='manual__2025-03-19T16:56:41.895273+00:00'
[2025-03-19T16:56:46.169+0000] {subprocess.py:63} INFO - Tmp dir root location: /tmp
[2025-03-19T16:56:46.174+0000] {subprocess.py:75} INFO - Running command: ['/bin/bash', '-c', 'docker exec -u root hive hdfs dfs -put -f /data/transactions/transactions_batch_None.parquet /data/transactions/']
[2025-03-19T16:56:46.194+0000] {subprocess.py:86} INFO - Output:
[2025-03-19T16:56:48.097+0000] {subprocess.py:93} INFO - put: `/data/transactions/transactions_batch_None.parquet': No such file or directory
[2025-03-19T16:56:48.595+0000] {subprocess.py:97} INFO - Command exited with return code 1
[2025-03-19T16:56:48.610+0000] {taskinstance.py:1935} ERROR - Task failed with exception
Traceback (most recent call last):
  File "/home/airflow/.local/lib/python3.8/site-packages/airflow/operators/bash.py", line 210, in execute
    raise AirflowException(
airflow.exceptions.AirflowException: Bash command failed. The command returned a non-zero exit code 1.
[2025-03-19T16:56:48.613+0000] {taskinstance.py:1398} INFO - Marking task as FAILED. dag_id=transactions_pipeline, task_id=copy_to_hdfs, execution_date=20250319T165641, start_date=20250319T165645, end_date=20250319T165648
[2025-03-19T16:56:48.630+0000] {standard_task_runner.py:104} ERROR - Failed to execute job 63 for task copy_to_hdfs (Bash command failed. The command returned a non-zero exit code 1.; 1901)
[2025-03-19T16:56:48.678+0000] {local_task_job_runner.py:228} INFO - Task exited with return code 1
[2025-03-19T16:56:48.707+0000] {taskinstance.py:2776} INFO - 0 downstream tasks scheduled from follow-on schedule check
