[2025-03-19T20:31:43.339+0000] {taskinstance.py:1157} INFO - Dependencies all met for dep_context=non-requeueable deps ti=<TaskInstance: transactions_pipeline.detect_fraud manual__2025-03-19T20:31:22.765572+00:00 [queued]>
[2025-03-19T20:31:43.355+0000] {taskinstance.py:1157} INFO - Dependencies all met for dep_context=requeueable deps ti=<TaskInstance: transactions_pipeline.detect_fraud manual__2025-03-19T20:31:22.765572+00:00 [queued]>
[2025-03-19T20:31:43.356+0000] {taskinstance.py:1359} INFO - Starting attempt 1 of 1
[2025-03-19T20:31:43.375+0000] {taskinstance.py:1380} INFO - Executing <Task(BashOperator): detect_fraud> on 2025-03-19 20:31:22.765572+00:00
[2025-03-19T20:31:43.381+0000] {standard_task_runner.py:57} INFO - Started process 254 to run task
[2025-03-19T20:31:43.385+0000] {standard_task_runner.py:84} INFO - Running: ['***', 'tasks', 'run', 'transactions_pipeline', 'detect_fraud', 'manual__2025-03-19T20:31:22.765572+00:00', '--job-id', '170', '--raw', '--subdir', 'DAGS_FOLDER/fraud_detection_pipeline.py', '--cfg-path', '/tmp/tmpbtaxciki']
[2025-03-19T20:31:43.391+0000] {standard_task_runner.py:85} INFO - Job 170: Subtask detect_fraud
[2025-03-19T20:31:43.481+0000] {task_command.py:415} INFO - Running <TaskInstance: transactions_pipeline.detect_fraud manual__2025-03-19T20:31:22.765572+00:00 [running]> on host 94b82ef3515c
[2025-03-19T20:31:43.648+0000] {taskinstance.py:1660} INFO - Exporting env vars: AIRFLOW_CTX_DAG_OWNER='***' AIRFLOW_CTX_DAG_ID='transactions_pipeline' AIRFLOW_CTX_TASK_ID='detect_fraud' AIRFLOW_CTX_EXECUTION_DATE='2025-03-19T20:31:22.765572+00:00' AIRFLOW_CTX_TRY_NUMBER='1' AIRFLOW_CTX_DAG_RUN_ID='manual__2025-03-19T20:31:22.765572+00:00'
[2025-03-19T20:31:43.651+0000] {subprocess.py:63} INFO - Tmp dir root location: /tmp
[2025-03-19T20:31:43.653+0000] {subprocess.py:75} INFO - Running command: ['/bin/bash', '-c', '\n    docker exec hive beeline -u "jdbc:hive2://localhost:10000" --hiveconf hive.exec.dynamic.partition.mode=nonstrict -e"\n    CREATE TABLE IF NOT EXISTS fraud_detections (\n        transaction_id STRING,\n        date_time STRING,\n        amount DOUBLE,\n        customer_id STRING,\n        location STRING,\n        fraud_reason STRING\n    )\n    STORED AS PARQUET\n    LOCATION \'/data/fraud_detections\';\n    INSERT INTO TABLE fraud_detections\n    SELECT\n        t.transaction_id,\n        t.date_time,\n        t.amount,\n        t.customer_id,\n        t.location,\n        \'High Amount\' AS fraud_reason\n    FROM transactions t\n    WHERE t.batch_id = \'batch_0\'\n    AND t.amount > 1000;"\n    ']
[2025-03-19T20:31:43.671+0000] {subprocess.py:86} INFO - Output:
[2025-03-19T20:31:45.242+0000] {subprocess.py:93} INFO - SLF4J: Class path contains multiple SLF4J bindings.
[2025-03-19T20:31:45.243+0000] {subprocess.py:93} INFO - SLF4J: Found binding in [jar:file:/opt/hive/lib/log4j-slf4j-impl-2.17.1.jar!/org/slf4j/impl/StaticLoggerBinder.class]
[2025-03-19T20:31:45.244+0000] {subprocess.py:93} INFO - SLF4J: Found binding in [jar:file:/opt/hadoop/share/hadoop/common/lib/slf4j-log4j12-1.7.25.jar!/org/slf4j/impl/StaticLoggerBinder.class]
[2025-03-19T20:31:45.245+0000] {subprocess.py:93} INFO - SLF4J: See http://www.slf4j.org/codes.html#multiple_bindings for an explanation.
[2025-03-19T20:31:45.442+0000] {subprocess.py:93} INFO - SLF4J: Actual binding is of type [org.apache.logging.slf4j.Log4jLoggerFactory]
[2025-03-19T20:31:46.851+0000] {subprocess.py:93} INFO - Connecting to jdbc:hive2://localhost:10000
[2025-03-19T20:31:47.138+0000] {subprocess.py:93} INFO - Connected to: Apache Hive (version 3.1.3)
[2025-03-19T20:31:47.139+0000] {subprocess.py:93} INFO - Driver: Hive JDBC (version 3.1.3)
[2025-03-19T20:31:47.141+0000] {subprocess.py:93} INFO - Transaction isolation: TRANSACTION_REPEATABLE_READ
[2025-03-19T20:31:47.413+0000] {subprocess.py:93} INFO - INFO  : Compiling command(queryId=root_20250319203147_a50c1e1e-4da3-497a-bdc7-4ab1fa4a93dd): CREATE TABLE IF NOT EXISTS fraud_detections (
[2025-03-19T20:31:47.414+0000] {subprocess.py:93} INFO -         transaction_id STRING,
[2025-03-19T20:31:47.415+0000] {subprocess.py:93} INFO -         date_time STRING,
[2025-03-19T20:31:47.416+0000] {subprocess.py:93} INFO -         amount DOUBLE,
[2025-03-19T20:31:47.416+0000] {subprocess.py:93} INFO -         customer_id STRING,
[2025-03-19T20:31:47.417+0000] {subprocess.py:93} INFO -         location STRING,
[2025-03-19T20:31:47.418+0000] {subprocess.py:93} INFO -         fraud_reason STRING
[2025-03-19T20:31:47.418+0000] {subprocess.py:93} INFO -     )
[2025-03-19T20:31:47.419+0000] {subprocess.py:93} INFO -     STORED AS PARQUET
[2025-03-19T20:31:47.419+0000] {subprocess.py:93} INFO -     LOCATION '/data/fraud_detections'
[2025-03-19T20:31:47.420+0000] {subprocess.py:93} INFO - INFO  : Concurrency mode is disabled, not creating a lock manager
[2025-03-19T20:31:47.421+0000] {subprocess.py:93} INFO - INFO  : Semantic Analysis Completed (retrial = false)
[2025-03-19T20:31:47.421+0000] {subprocess.py:93} INFO - INFO  : Returning Hive schema: Schema(fieldSchemas:null, properties:null)
[2025-03-19T20:31:47.422+0000] {subprocess.py:93} INFO - INFO  : Completed compiling command(queryId=root_20250319203147_a50c1e1e-4da3-497a-bdc7-4ab1fa4a93dd); Time taken: 0.011 seconds
[2025-03-19T20:31:47.422+0000] {subprocess.py:93} INFO - INFO  : Concurrency mode is disabled, not creating a lock manager
[2025-03-19T20:31:47.423+0000] {subprocess.py:93} INFO - INFO  : Executing command(queryId=root_20250319203147_a50c1e1e-4da3-497a-bdc7-4ab1fa4a93dd): CREATE TABLE IF NOT EXISTS fraud_detections (
[2025-03-19T20:31:47.423+0000] {subprocess.py:93} INFO -         transaction_id STRING,
[2025-03-19T20:31:47.424+0000] {subprocess.py:93} INFO -         date_time STRING,
[2025-03-19T20:31:47.425+0000] {subprocess.py:93} INFO -         amount DOUBLE,
[2025-03-19T20:31:47.426+0000] {subprocess.py:93} INFO -         customer_id STRING,
[2025-03-19T20:31:47.426+0000] {subprocess.py:93} INFO -         location STRING,
[2025-03-19T20:31:47.427+0000] {subprocess.py:93} INFO -         fraud_reason STRING
[2025-03-19T20:31:47.428+0000] {subprocess.py:93} INFO -     )
[2025-03-19T20:31:47.430+0000] {subprocess.py:93} INFO -     STORED AS PARQUET
[2025-03-19T20:31:47.430+0000] {subprocess.py:93} INFO -     LOCATION '/data/fraud_detections'
[2025-03-19T20:31:47.431+0000] {subprocess.py:93} INFO - INFO  : Starting task [Stage-0:DDL] in serial mode
[2025-03-19T20:31:47.432+0000] {subprocess.py:93} INFO - INFO  : Completed executing command(queryId=root_20250319203147_a50c1e1e-4da3-497a-bdc7-4ab1fa4a93dd); Time taken: 0.19 seconds
[2025-03-19T20:31:47.432+0000] {subprocess.py:93} INFO - INFO  : OK
[2025-03-19T20:31:47.433+0000] {subprocess.py:93} INFO - INFO  : Concurrency mode is disabled, not creating a lock manager
[2025-03-19T20:31:47.434+0000] {subprocess.py:93} INFO - No rows affected (0.257 seconds)
[2025-03-19T20:31:51.780+0000] {subprocess.py:93} INFO - INFO  : Compiling command(queryId=root_20250319203147_0afac3b7-141e-4f2b-9eae-27930ac079c5): INSERT INTO TABLE fraud_detections
[2025-03-19T20:31:51.782+0000] {subprocess.py:93} INFO -     SELECT
[2025-03-19T20:31:51.784+0000] {subprocess.py:93} INFO -         t.transaction_id,
[2025-03-19T20:31:51.785+0000] {subprocess.py:93} INFO -         t.date_time,
[2025-03-19T20:31:51.786+0000] {subprocess.py:93} INFO -         t.amount,
[2025-03-19T20:31:51.786+0000] {subprocess.py:93} INFO -         t.customer_id,
[2025-03-19T20:31:51.787+0000] {subprocess.py:93} INFO -         t.location,
[2025-03-19T20:31:51.788+0000] {subprocess.py:93} INFO -         'High Amount' AS fraud_reason
[2025-03-19T20:31:51.789+0000] {subprocess.py:93} INFO -     FROM transactions t
[2025-03-19T20:31:51.789+0000] {subprocess.py:93} INFO -     WHERE t.batch_id = 'batch_0'
[2025-03-19T20:31:51.790+0000] {subprocess.py:93} INFO -     AND t.amount > 1000
[2025-03-19T20:31:51.791+0000] {subprocess.py:93} INFO - INFO  : Concurrency mode is disabled, not creating a lock manager
[2025-03-19T20:31:51.791+0000] {subprocess.py:93} INFO - INFO  : Semantic Analysis Completed (retrial = false)
[2025-03-19T20:31:51.792+0000] {subprocess.py:93} INFO - INFO  : Returning Hive schema: Schema(fieldSchemas:[FieldSchema(name:t.transaction_id, type:string, comment:null), FieldSchema(name:t.date_time, type:string, comment:null), FieldSchema(name:t.amount, type:double, comment:null), FieldSchema(name:t.customer_id, type:string, comment:null), FieldSchema(name:t.location, type:string, comment:null), FieldSchema(name:fraud_reason, type:string, comment:null)], properties:null)
[2025-03-19T20:31:51.792+0000] {subprocess.py:93} INFO - INFO  : Completed compiling command(queryId=root_20250319203147_0afac3b7-141e-4f2b-9eae-27930ac079c5); Time taken: 3.811 seconds
[2025-03-19T20:31:51.793+0000] {subprocess.py:93} INFO - INFO  : Concurrency mode is disabled, not creating a lock manager
[2025-03-19T20:31:51.796+0000] {subprocess.py:93} INFO - INFO  : Executing command(queryId=root_20250319203147_0afac3b7-141e-4f2b-9eae-27930ac079c5): INSERT INTO TABLE fraud_detections
[2025-03-19T20:31:51.798+0000] {subprocess.py:93} INFO -     SELECT
[2025-03-19T20:31:51.799+0000] {subprocess.py:93} INFO -         t.transaction_id,
[2025-03-19T20:31:51.801+0000] {subprocess.py:93} INFO -         t.date_time,
[2025-03-19T20:31:51.802+0000] {subprocess.py:93} INFO -         t.amount,
[2025-03-19T20:31:51.803+0000] {subprocess.py:93} INFO -         t.customer_id,
[2025-03-19T20:31:51.804+0000] {subprocess.py:93} INFO -         t.location,
[2025-03-19T20:31:51.805+0000] {subprocess.py:93} INFO -         'High Amount' AS fraud_reason
[2025-03-19T20:31:51.806+0000] {subprocess.py:93} INFO -     FROM transactions t
[2025-03-19T20:31:51.807+0000] {subprocess.py:93} INFO -     WHERE t.batch_id = 'batch_0'
[2025-03-19T20:31:51.808+0000] {subprocess.py:93} INFO -     AND t.amount > 1000
[2025-03-19T20:31:51.808+0000] {subprocess.py:93} INFO - WARN  : Hive-on-MR is deprecated in Hive 2 and may not be available in the future versions. Consider using a different execution engine (i.e. spark, tez) or using Hive 1.X releases.
[2025-03-19T20:31:51.809+0000] {subprocess.py:93} INFO - INFO  : Query ID = root_20250319203147_0afac3b7-141e-4f2b-9eae-27930ac079c5
[2025-03-19T20:31:51.810+0000] {subprocess.py:93} INFO - INFO  : Total jobs = 3
[2025-03-19T20:31:51.811+0000] {subprocess.py:93} INFO - INFO  : Launching Job 1 out of 3
[2025-03-19T20:31:51.812+0000] {subprocess.py:93} INFO - INFO  : Starting task [Stage-1:MAPRED] in serial mode
[2025-03-19T20:31:51.814+0000] {subprocess.py:93} INFO - INFO  : Number of reduce tasks determined at compile time: 1
[2025-03-19T20:31:51.815+0000] {subprocess.py:93} INFO - INFO  : In order to change the average load for a reducer (in bytes):
[2025-03-19T20:31:51.815+0000] {subprocess.py:93} INFO - INFO  :   set hive.exec.reducers.bytes.per.reducer=<number>
[2025-03-19T20:31:51.816+0000] {subprocess.py:93} INFO - INFO  : In order to limit the maximum number of reducers:
[2025-03-19T20:31:51.817+0000] {subprocess.py:93} INFO - INFO  :   set hive.exec.reducers.max=<number>
[2025-03-19T20:31:51.817+0000] {subprocess.py:93} INFO - INFO  : In order to set a constant number of reducers:
[2025-03-19T20:31:51.818+0000] {subprocess.py:93} INFO - INFO  :   set mapreduce.job.reduces=<number>
[2025-03-19T20:31:53.804+0000] {subprocess.py:93} INFO - INFO  : number of splits:1
[2025-03-19T20:31:53.805+0000] {subprocess.py:93} INFO - INFO  : Submitting tokens for job: job_local356673584_0001
[2025-03-19T20:31:53.806+0000] {subprocess.py:93} INFO - INFO  : Executing with tokens: []
[2025-03-19T20:31:53.807+0000] {subprocess.py:93} INFO - INFO  : The url to track the job: http://localhost:8080/
[2025-03-19T20:31:53.807+0000] {subprocess.py:93} INFO - INFO  : Job running in-process (local Hadoop)
[2025-03-19T20:31:55.207+0000] {subprocess.py:93} INFO - INFO  : 2025-03-19 20:31:55,073 Stage-1 map = 0%,  reduce = 0%
[2025-03-19T20:31:55.208+0000] {subprocess.py:93} INFO - ERROR : Ended Job = job_local356673584_0001 with errors
[2025-03-19T20:31:55.209+0000] {subprocess.py:93} INFO - ERROR : FAILED: Execution Error, return code 2 from org.apache.hadoop.hive.ql.exec.mr.MapRedTask
[2025-03-19T20:31:55.210+0000] {subprocess.py:93} INFO - INFO  : MapReduce Jobs Launched:
[2025-03-19T20:31:55.211+0000] {subprocess.py:93} INFO - INFO  : Stage-Stage-1:  HDFS Read: 0 HDFS Write: 0 FAIL
[2025-03-19T20:31:55.211+0000] {subprocess.py:93} INFO - INFO  : Total MapReduce CPU Time Spent: 0 msec
[2025-03-19T20:31:55.214+0000] {subprocess.py:93} INFO - INFO  : Completed executing command(queryId=root_20250319203147_0afac3b7-141e-4f2b-9eae-27930ac079c5); Time taken: 3.907 seconds
[2025-03-19T20:31:55.216+0000] {subprocess.py:93} INFO - INFO  : Concurrency mode is disabled, not creating a lock manager
[2025-03-19T20:31:55.229+0000] {subprocess.py:93} INFO - Error: Error while processing statement: FAILED: Execution Error, return code 2 from org.apache.hadoop.hive.ql.exec.mr.MapRedTask (state=08S01,code=2)
[2025-03-19T20:31:55.238+0000] {subprocess.py:93} INFO - Closing: 0: jdbc:hive2://localhost:10000
[2025-03-19T20:31:55.305+0000] {subprocess.py:97} INFO - Command exited with return code 1
[2025-03-19T20:31:55.325+0000] {taskinstance.py:1935} ERROR - Task failed with exception
Traceback (most recent call last):
  File "/home/airflow/.local/lib/python3.8/site-packages/airflow/operators/bash.py", line 210, in execute
    raise AirflowException(
airflow.exceptions.AirflowException: Bash command failed. The command returned a non-zero exit code 1.
[2025-03-19T20:31:55.333+0000] {taskinstance.py:1398} INFO - Marking task as FAILED. dag_id=transactions_pipeline, task_id=detect_fraud, execution_date=20250319T203122, start_date=20250319T203143, end_date=20250319T203155
[2025-03-19T20:31:55.359+0000] {standard_task_runner.py:104} ERROR - Failed to execute job 170 for task detect_fraud (Bash command failed. The command returned a non-zero exit code 1.; 254)
[2025-03-19T20:31:55.390+0000] {local_task_job_runner.py:228} INFO - Task exited with return code 1
[2025-03-19T20:31:55.416+0000] {taskinstance.py:2776} INFO - 0 downstream tasks scheduled from follow-on schedule check
