[2025-03-20T12:56:09.133+0000] {taskinstance.py:1157} INFO - Dependencies all met for dep_context=non-requeueable deps ti=<TaskInstance: transactions_pipeline.create_fraud_table manual__2025-03-20T12:55:53.203262+00:00 [queued]>
[2025-03-20T12:56:09.143+0000] {taskinstance.py:1157} INFO - Dependencies all met for dep_context=requeueable deps ti=<TaskInstance: transactions_pipeline.create_fraud_table manual__2025-03-20T12:55:53.203262+00:00 [queued]>
[2025-03-20T12:56:09.144+0000] {taskinstance.py:1359} INFO - Starting attempt 1 of 1
[2025-03-20T12:56:09.161+0000] {taskinstance.py:1380} INFO - Executing <Task(BashOperator): create_fraud_table> on 2025-03-20 12:55:53.203262+00:00
[2025-03-20T12:56:09.169+0000] {standard_task_runner.py:57} INFO - Started process 1067 to run task
[2025-03-20T12:56:09.173+0000] {standard_task_runner.py:84} INFO - Running: ['***', 'tasks', 'run', 'transactions_pipeline', 'create_fraud_table', 'manual__2025-03-20T12:55:53.203262+00:00', '--job-id', '307', '--raw', '--subdir', 'DAGS_FOLDER/fraud_detection_pipeline.py', '--cfg-path', '/tmp/tmpgj_9akr4']
[2025-03-20T12:56:09.176+0000] {standard_task_runner.py:85} INFO - Job 307: Subtask create_fraud_table
[2025-03-20T12:56:09.256+0000] {task_command.py:415} INFO - Running <TaskInstance: transactions_pipeline.create_fraud_table manual__2025-03-20T12:55:53.203262+00:00 [running]> on host 3938a1dd8bd9
[2025-03-20T12:56:09.369+0000] {taskinstance.py:1660} INFO - Exporting env vars: AIRFLOW_CTX_DAG_OWNER='***' AIRFLOW_CTX_DAG_ID='transactions_pipeline' AIRFLOW_CTX_TASK_ID='create_fraud_table' AIRFLOW_CTX_EXECUTION_DATE='2025-03-20T12:55:53.203262+00:00' AIRFLOW_CTX_TRY_NUMBER='1' AIRFLOW_CTX_DAG_RUN_ID='manual__2025-03-20T12:55:53.203262+00:00'
[2025-03-20T12:56:09.371+0000] {subprocess.py:63} INFO - Tmp dir root location: /tmp
[2025-03-20T12:56:09.372+0000] {subprocess.py:75} INFO - Running command: ['/bin/bash', '-c', '\n    docker exec hive beeline -u "jdbc:hive2://localhost:10000" -e "\n    CREATE EXTERNAL TABLE IF NOT EXISTS fraud_detections (\n        transaction_id STRING,\n        date_time STRING,\n        amount DOUBLE,\n        customer_id STRING,\n        location STRING,\n        fraud_reason STRING\n    )\n    STORED AS PARQUET\n    LOCATION \'/data/fraud_detections\';"\n    ']
[2025-03-20T12:56:09.388+0000] {subprocess.py:86} INFO - Output:
[2025-03-20T12:56:10.705+0000] {subprocess.py:93} INFO - SLF4J: Class path contains multiple SLF4J bindings.
[2025-03-20T12:56:10.706+0000] {subprocess.py:93} INFO - SLF4J: Found binding in [jar:file:/opt/hive/lib/log4j-slf4j-impl-2.17.1.jar!/org/slf4j/impl/StaticLoggerBinder.class]
[2025-03-20T12:56:10.706+0000] {subprocess.py:93} INFO - SLF4J: Found binding in [jar:file:/opt/hadoop/share/hadoop/common/lib/slf4j-log4j12-1.7.25.jar!/org/slf4j/impl/StaticLoggerBinder.class]
[2025-03-20T12:56:10.707+0000] {subprocess.py:93} INFO - SLF4J: See http://www.slf4j.org/codes.html#multiple_bindings for an explanation.
[2025-03-20T12:56:10.855+0000] {subprocess.py:93} INFO - SLF4J: Actual binding is of type [org.apache.logging.slf4j.Log4jLoggerFactory]
[2025-03-20T12:56:11.845+0000] {subprocess.py:93} INFO - Connecting to jdbc:hive2://localhost:10000
[2025-03-20T12:56:12.197+0000] {subprocess.py:93} INFO - Connected to: Apache Hive (version 3.1.3)
[2025-03-20T12:56:12.198+0000] {subprocess.py:93} INFO - Driver: Hive JDBC (version 3.1.3)
[2025-03-20T12:56:12.198+0000] {subprocess.py:93} INFO - Transaction isolation: TRANSACTION_REPEATABLE_READ
[2025-03-20T12:56:12.284+0000] {subprocess.py:93} INFO - INFO  : Compiling command(queryId=root_20250320125612_fba68643-74d9-4a63-8cc2-e6aee59179ce): CREATE EXTERNAL TABLE IF NOT EXISTS fraud_detections (
[2025-03-20T12:56:12.285+0000] {subprocess.py:93} INFO -         transaction_id STRING,
[2025-03-20T12:56:12.285+0000] {subprocess.py:93} INFO -         date_time STRING,
[2025-03-20T12:56:12.286+0000] {subprocess.py:93} INFO -         amount DOUBLE,
[2025-03-20T12:56:12.287+0000] {subprocess.py:93} INFO -         customer_id STRING,
[2025-03-20T12:56:12.288+0000] {subprocess.py:93} INFO -         location STRING,
[2025-03-20T12:56:12.289+0000] {subprocess.py:93} INFO -         fraud_reason STRING
[2025-03-20T12:56:12.290+0000] {subprocess.py:93} INFO -     )
[2025-03-20T12:56:12.291+0000] {subprocess.py:93} INFO -     STORED AS PARQUET
[2025-03-20T12:56:12.291+0000] {subprocess.py:93} INFO -     LOCATION '/data/fraud_detections'
[2025-03-20T12:56:12.292+0000] {subprocess.py:93} INFO - INFO  : Concurrency mode is disabled, not creating a lock manager
[2025-03-20T12:56:12.293+0000] {subprocess.py:93} INFO - INFO  : Semantic Analysis Completed (retrial = false)
[2025-03-20T12:56:12.293+0000] {subprocess.py:93} INFO - INFO  : Returning Hive schema: Schema(fieldSchemas:null, properties:null)
[2025-03-20T12:56:12.294+0000] {subprocess.py:93} INFO - INFO  : Completed compiling command(queryId=root_20250320125612_fba68643-74d9-4a63-8cc2-e6aee59179ce); Time taken: 0.017 seconds
[2025-03-20T12:56:12.295+0000] {subprocess.py:93} INFO - INFO  : Concurrency mode is disabled, not creating a lock manager
[2025-03-20T12:56:12.295+0000] {subprocess.py:93} INFO - INFO  : Executing command(queryId=root_20250320125612_fba68643-74d9-4a63-8cc2-e6aee59179ce): CREATE EXTERNAL TABLE IF NOT EXISTS fraud_detections (
[2025-03-20T12:56:12.296+0000] {subprocess.py:93} INFO -         transaction_id STRING,
[2025-03-20T12:56:12.297+0000] {subprocess.py:93} INFO -         date_time STRING,
[2025-03-20T12:56:12.298+0000] {subprocess.py:93} INFO -         amount DOUBLE,
[2025-03-20T12:56:12.298+0000] {subprocess.py:93} INFO -         customer_id STRING,
[2025-03-20T12:56:12.299+0000] {subprocess.py:93} INFO -         location STRING,
[2025-03-20T12:56:12.299+0000] {subprocess.py:93} INFO -         fraud_reason STRING
[2025-03-20T12:56:12.300+0000] {subprocess.py:93} INFO -     )
[2025-03-20T12:56:12.301+0000] {subprocess.py:93} INFO -     STORED AS PARQUET
[2025-03-20T12:56:12.301+0000] {subprocess.py:93} INFO -     LOCATION '/data/fraud_detections'
[2025-03-20T12:56:12.302+0000] {subprocess.py:93} INFO - INFO  : Completed executing command(queryId=root_20250320125612_fba68643-74d9-4a63-8cc2-e6aee59179ce); Time taken: 0.0 seconds
[2025-03-20T12:56:12.303+0000] {subprocess.py:93} INFO - INFO  : OK
[2025-03-20T12:56:12.305+0000] {subprocess.py:93} INFO - INFO  : Concurrency mode is disabled, not creating a lock manager
[2025-03-20T12:56:12.306+0000] {subprocess.py:93} INFO - No rows affected (0.072 seconds)
[2025-03-20T12:56:12.307+0000] {subprocess.py:93} INFO - Beeline version 3.1.3 by Apache Hive
[2025-03-20T12:56:12.310+0000] {subprocess.py:93} INFO - Closing: 0: jdbc:hive2://localhost:10000
[2025-03-20T12:56:12.355+0000] {subprocess.py:97} INFO - Command exited with return code 0
[2025-03-20T12:56:12.383+0000] {taskinstance.py:1398} INFO - Marking task as SUCCESS. dag_id=transactions_pipeline, task_id=create_fraud_table, execution_date=20250320T125553, start_date=20250320T125609, end_date=20250320T125612
[2025-03-20T12:56:12.414+0000] {local_task_job_runner.py:228} INFO - Task exited with return code 0
[2025-03-20T12:56:12.449+0000] {taskinstance.py:2776} INFO - 1 downstream tasks scheduled from follow-on schedule check
