[2025-03-19T19:59:20.810+0000] {taskinstance.py:1157} INFO - Dependencies all met for dep_context=non-requeueable deps ti=<TaskInstance: transactions_pipeline.detect_fraud manual__2025-03-19T19:58:56.070162+00:00 [queued]>
[2025-03-19T19:59:20.829+0000] {taskinstance.py:1157} INFO - Dependencies all met for dep_context=requeueable deps ti=<TaskInstance: transactions_pipeline.detect_fraud manual__2025-03-19T19:58:56.070162+00:00 [queued]>
[2025-03-19T19:59:20.830+0000] {taskinstance.py:1359} INFO - Starting attempt 1 of 1
[2025-03-19T19:59:20.857+0000] {taskinstance.py:1380} INFO - Executing <Task(BashOperator): detect_fraud> on 2025-03-19 19:58:56.070162+00:00
[2025-03-19T19:59:20.868+0000] {standard_task_runner.py:57} INFO - Started process 231 to run task
[2025-03-19T19:59:20.872+0000] {standard_task_runner.py:84} INFO - Running: ['***', 'tasks', 'run', 'transactions_pipeline', 'detect_fraud', 'manual__2025-03-19T19:58:56.070162+00:00', '--job-id', '152', '--raw', '--subdir', 'DAGS_FOLDER/fraud_detection_pipeline.py', '--cfg-path', '/tmp/tmp3x73pywq']
[2025-03-19T19:59:20.875+0000] {standard_task_runner.py:85} INFO - Job 152: Subtask detect_fraud
[2025-03-19T19:59:20.996+0000] {task_command.py:415} INFO - Running <TaskInstance: transactions_pipeline.detect_fraud manual__2025-03-19T19:58:56.070162+00:00 [running]> on host 0e4ef2b1f1f9
[2025-03-19T19:59:21.145+0000] {taskinstance.py:1660} INFO - Exporting env vars: AIRFLOW_CTX_DAG_OWNER='***' AIRFLOW_CTX_DAG_ID='transactions_pipeline' AIRFLOW_CTX_TASK_ID='detect_fraud' AIRFLOW_CTX_EXECUTION_DATE='2025-03-19T19:58:56.070162+00:00' AIRFLOW_CTX_TRY_NUMBER='1' AIRFLOW_CTX_DAG_RUN_ID='manual__2025-03-19T19:58:56.070162+00:00'
[2025-03-19T19:59:21.151+0000] {subprocess.py:63} INFO - Tmp dir root location: /tmp
[2025-03-19T19:59:21.154+0000] {subprocess.py:75} INFO - Running command: ['/bin/bash', '-c', '\n    docker exec hive beeline -u "jdbc:hive2://localhost:10000" -e "\n    CREATE TABLE IF NOT EXISTS fraud_detections (\n        transaction_id STRING,\n        date_time STRING,\n        amount DOUBLE,\n        customer_id STRING,\n        location STRING,\n        fraud_reason STRING\n    )\n    STORED AS PARQUET\n    LOCATION \'/data/fraud_detections\';\n    INSERT INTO TABLE fraud_detections\n    SELECT\n        t.transaction_id,\n        t.date_time,\n        t.amount,\n        t.customer_id,\n        t.location,\n        \'High Amount\' AS fraud_reason\n    FROM transactions t\n    WHERE t.batch_id = \'batch_0\'\n    AND t.amount > 1000;"\n    ']
[2025-03-19T19:59:21.169+0000] {subprocess.py:86} INFO - Output:
[2025-03-19T19:59:22.515+0000] {subprocess.py:93} INFO - SLF4J: Class path contains multiple SLF4J bindings.
[2025-03-19T19:59:22.516+0000] {subprocess.py:93} INFO - SLF4J: Found binding in [jar:file:/opt/hive/lib/log4j-slf4j-impl-2.17.1.jar!/org/slf4j/impl/StaticLoggerBinder.class]
[2025-03-19T19:59:22.517+0000] {subprocess.py:93} INFO - SLF4J: Found binding in [jar:file:/opt/hadoop/share/hadoop/common/lib/slf4j-log4j12-1.7.25.jar!/org/slf4j/impl/StaticLoggerBinder.class]
[2025-03-19T19:59:22.518+0000] {subprocess.py:93} INFO - SLF4J: See http://www.slf4j.org/codes.html#multiple_bindings for an explanation.
[2025-03-19T19:59:22.717+0000] {subprocess.py:93} INFO - SLF4J: Actual binding is of type [org.apache.logging.slf4j.Log4jLoggerFactory]
[2025-03-19T19:59:24.245+0000] {subprocess.py:93} INFO - Connecting to jdbc:hive2://localhost:10000
[2025-03-19T19:59:24.581+0000] {subprocess.py:93} INFO - Connected to: Apache Hive (version 3.1.3)
[2025-03-19T19:59:24.582+0000] {subprocess.py:93} INFO - Driver: Hive JDBC (version 3.1.3)
[2025-03-19T19:59:24.583+0000] {subprocess.py:93} INFO - Transaction isolation: TRANSACTION_REPEATABLE_READ
[2025-03-19T19:59:24.927+0000] {subprocess.py:93} INFO - INFO  : Compiling command(queryId=root_20250319195924_7bb23c99-4d8d-4943-814c-277abff59c61): CREATE TABLE IF NOT EXISTS fraud_detections (
[2025-03-19T19:59:24.928+0000] {subprocess.py:93} INFO -         transaction_id STRING,
[2025-03-19T19:59:24.929+0000] {subprocess.py:93} INFO -         date_time STRING,
[2025-03-19T19:59:24.930+0000] {subprocess.py:93} INFO -         amount DOUBLE,
[2025-03-19T19:59:24.930+0000] {subprocess.py:93} INFO -         customer_id STRING,
[2025-03-19T19:59:24.931+0000] {subprocess.py:93} INFO -         location STRING,
[2025-03-19T19:59:24.932+0000] {subprocess.py:93} INFO -         fraud_reason STRING
[2025-03-19T19:59:24.933+0000] {subprocess.py:93} INFO -     )
[2025-03-19T19:59:24.933+0000] {subprocess.py:93} INFO -     STORED AS PARQUET
[2025-03-19T19:59:24.934+0000] {subprocess.py:93} INFO -     LOCATION '/data/fraud_detections'
[2025-03-19T19:59:24.935+0000] {subprocess.py:93} INFO - INFO  : Concurrency mode is disabled, not creating a lock manager
[2025-03-19T19:59:24.935+0000] {subprocess.py:93} INFO - INFO  : Semantic Analysis Completed (retrial = false)
[2025-03-19T19:59:24.936+0000] {subprocess.py:93} INFO - INFO  : Returning Hive schema: Schema(fieldSchemas:null, properties:null)
[2025-03-19T19:59:24.937+0000] {subprocess.py:93} INFO - INFO  : Completed compiling command(queryId=root_20250319195924_7bb23c99-4d8d-4943-814c-277abff59c61); Time taken: 0.009 seconds
[2025-03-19T19:59:24.938+0000] {subprocess.py:93} INFO - INFO  : Concurrency mode is disabled, not creating a lock manager
[2025-03-19T19:59:24.939+0000] {subprocess.py:93} INFO - INFO  : Executing command(queryId=root_20250319195924_7bb23c99-4d8d-4943-814c-277abff59c61): CREATE TABLE IF NOT EXISTS fraud_detections (
[2025-03-19T19:59:24.940+0000] {subprocess.py:93} INFO -         transaction_id STRING,
[2025-03-19T19:59:24.941+0000] {subprocess.py:93} INFO -         date_time STRING,
[2025-03-19T19:59:24.942+0000] {subprocess.py:93} INFO -         amount DOUBLE,
[2025-03-19T19:59:24.943+0000] {subprocess.py:93} INFO -         customer_id STRING,
[2025-03-19T19:59:24.943+0000] {subprocess.py:93} INFO -         location STRING,
[2025-03-19T19:59:24.944+0000] {subprocess.py:93} INFO -         fraud_reason STRING
[2025-03-19T19:59:24.945+0000] {subprocess.py:93} INFO -     )
[2025-03-19T19:59:24.945+0000] {subprocess.py:93} INFO -     STORED AS PARQUET
[2025-03-19T19:59:24.946+0000] {subprocess.py:93} INFO -     LOCATION '/data/fraud_detections'
[2025-03-19T19:59:24.947+0000] {subprocess.py:93} INFO - INFO  : Starting task [Stage-0:DDL] in serial mode
[2025-03-19T19:59:24.947+0000] {subprocess.py:93} INFO - INFO  : Completed executing command(queryId=root_20250319195924_7bb23c99-4d8d-4943-814c-277abff59c61); Time taken: 0.256 seconds
[2025-03-19T19:59:24.948+0000] {subprocess.py:93} INFO - INFO  : OK
[2025-03-19T19:59:24.949+0000] {subprocess.py:93} INFO - INFO  : Concurrency mode is disabled, not creating a lock manager
[2025-03-19T19:59:24.949+0000] {subprocess.py:93} INFO - No rows affected (0.326 seconds)
[2025-03-19T19:59:30.074+0000] {subprocess.py:93} INFO - INFO  : Compiling command(queryId=root_20250319195924_18339210-0d90-4d61-a289-d7550ec939e8): INSERT INTO TABLE fraud_detections
[2025-03-19T19:59:30.075+0000] {subprocess.py:93} INFO -     SELECT
[2025-03-19T19:59:30.076+0000] {subprocess.py:93} INFO -         t.transaction_id,
[2025-03-19T19:59:30.077+0000] {subprocess.py:93} INFO -         t.date_time,
[2025-03-19T19:59:30.078+0000] {subprocess.py:93} INFO -         t.amount,
[2025-03-19T19:59:30.081+0000] {subprocess.py:93} INFO -         t.customer_id,
[2025-03-19T19:59:30.082+0000] {subprocess.py:93} INFO -         t.location,
[2025-03-19T19:59:30.083+0000] {subprocess.py:93} INFO -         'High Amount' AS fraud_reason
[2025-03-19T19:59:30.084+0000] {subprocess.py:93} INFO -     FROM transactions t
[2025-03-19T19:59:30.085+0000] {subprocess.py:93} INFO -     WHERE t.batch_id = 'batch_0'
[2025-03-19T19:59:30.085+0000] {subprocess.py:93} INFO -     AND t.amount > 1000
[2025-03-19T19:59:30.087+0000] {subprocess.py:93} INFO - INFO  : Concurrency mode is disabled, not creating a lock manager
[2025-03-19T19:59:30.087+0000] {subprocess.py:93} INFO - INFO  : Semantic Analysis Completed (retrial = false)
[2025-03-19T19:59:30.088+0000] {subprocess.py:93} INFO - INFO  : Returning Hive schema: Schema(fieldSchemas:[FieldSchema(name:t.transaction_id, type:string, comment:null), FieldSchema(name:t.date_time, type:string, comment:null), FieldSchema(name:t.amount, type:double, comment:null), FieldSchema(name:t.customer_id, type:string, comment:null), FieldSchema(name:t.location, type:string, comment:null), FieldSchema(name:fraud_reason, type:string, comment:null)], properties:null)
[2025-03-19T19:59:30.089+0000] {subprocess.py:93} INFO - INFO  : Completed compiling command(queryId=root_20250319195924_18339210-0d90-4d61-a289-d7550ec939e8); Time taken: 4.61 seconds
[2025-03-19T19:59:30.089+0000] {subprocess.py:93} INFO - INFO  : Concurrency mode is disabled, not creating a lock manager
[2025-03-19T19:59:30.090+0000] {subprocess.py:93} INFO - INFO  : Executing command(queryId=root_20250319195924_18339210-0d90-4d61-a289-d7550ec939e8): INSERT INTO TABLE fraud_detections
[2025-03-19T19:59:30.091+0000] {subprocess.py:93} INFO -     SELECT
[2025-03-19T19:59:30.091+0000] {subprocess.py:93} INFO -         t.transaction_id,
[2025-03-19T19:59:30.092+0000] {subprocess.py:93} INFO -         t.date_time,
[2025-03-19T19:59:30.093+0000] {subprocess.py:93} INFO -         t.amount,
[2025-03-19T19:59:30.093+0000] {subprocess.py:93} INFO -         t.customer_id,
[2025-03-19T19:59:30.094+0000] {subprocess.py:93} INFO -         t.location,
[2025-03-19T19:59:30.094+0000] {subprocess.py:93} INFO -         'High Amount' AS fraud_reason
[2025-03-19T19:59:30.095+0000] {subprocess.py:93} INFO -     FROM transactions t
[2025-03-19T19:59:30.099+0000] {subprocess.py:93} INFO -     WHERE t.batch_id = 'batch_0'
[2025-03-19T19:59:30.100+0000] {subprocess.py:93} INFO -     AND t.amount > 1000
[2025-03-19T19:59:30.101+0000] {subprocess.py:93} INFO - WARN  : Hive-on-MR is deprecated in Hive 2 and may not be available in the future versions. Consider using a different execution engine (i.e. spark, tez) or using Hive 1.X releases.
[2025-03-19T19:59:30.102+0000] {subprocess.py:93} INFO - INFO  : Query ID = root_20250319195924_18339210-0d90-4d61-a289-d7550ec939e8
[2025-03-19T19:59:30.103+0000] {subprocess.py:93} INFO - INFO  : Total jobs = 3
[2025-03-19T19:59:30.103+0000] {subprocess.py:93} INFO - INFO  : Launching Job 1 out of 3
[2025-03-19T19:59:30.104+0000] {subprocess.py:93} INFO - INFO  : Starting task [Stage-1:MAPRED] in serial mode
[2025-03-19T19:59:30.104+0000] {subprocess.py:93} INFO - INFO  : Number of reduce tasks determined at compile time: 1
[2025-03-19T19:59:30.105+0000] {subprocess.py:93} INFO - INFO  : In order to change the average load for a reducer (in bytes):
[2025-03-19T19:59:30.106+0000] {subprocess.py:93} INFO - INFO  :   set hive.exec.reducers.bytes.per.reducer=<number>
[2025-03-19T19:59:30.106+0000] {subprocess.py:93} INFO - INFO  : In order to limit the maximum number of reducers:
[2025-03-19T19:59:30.107+0000] {subprocess.py:93} INFO - INFO  :   set hive.exec.reducers.max=<number>
[2025-03-19T19:59:30.107+0000] {subprocess.py:93} INFO - INFO  : In order to set a constant number of reducers:
[2025-03-19T19:59:30.108+0000] {subprocess.py:93} INFO - INFO  :   set mapreduce.job.reduces=<number>
[2025-03-19T19:59:32.125+0000] {subprocess.py:93} INFO - INFO  : number of splits:1
[2025-03-19T19:59:32.126+0000] {subprocess.py:93} INFO - INFO  : Submitting tokens for job: job_local302193104_0001
[2025-03-19T19:59:32.127+0000] {subprocess.py:93} INFO - INFO  : Executing with tokens: []
[2025-03-19T19:59:33.478+0000] {subprocess.py:93} INFO - INFO  : The url to track the job: http://localhost:8080/
[2025-03-19T19:59:33.480+0000] {subprocess.py:93} INFO - INFO  : Job running in-process (local Hadoop)
[2025-03-19T19:59:33.614+0000] {subprocess.py:93} INFO - INFO  : 2025-03-19 19:59:33,480 Stage-1 map = 0%,  reduce = 0%
[2025-03-19T19:59:33.618+0000] {subprocess.py:93} INFO - ERROR : Ended Job = job_local302193104_0001 with errors
[2025-03-19T19:59:33.619+0000] {subprocess.py:93} INFO - ERROR : FAILED: Execution Error, return code 2 from org.apache.hadoop.hive.ql.exec.mr.MapRedTask
[2025-03-19T19:59:33.620+0000] {subprocess.py:93} INFO - INFO  : MapReduce Jobs Launched:
[2025-03-19T19:59:33.621+0000] {subprocess.py:93} INFO - INFO  : Stage-Stage-1:  HDFS Read: 0 HDFS Write: 0 FAIL
[2025-03-19T19:59:33.621+0000] {subprocess.py:93} INFO - INFO  : Total MapReduce CPU Time Spent: 0 msec
[2025-03-19T19:59:33.622+0000] {subprocess.py:93} INFO - INFO  : Completed executing command(queryId=root_20250319195924_18339210-0d90-4d61-a289-d7550ec939e8); Time taken: 4.011 seconds
[2025-03-19T19:59:33.622+0000] {subprocess.py:93} INFO - INFO  : Concurrency mode is disabled, not creating a lock manager
[2025-03-19T19:59:33.631+0000] {subprocess.py:93} INFO - Error: Error while processing statement: FAILED: Execution Error, return code 2 from org.apache.hadoop.hive.ql.exec.mr.MapRedTask (state=08S01,code=2)
[2025-03-19T19:59:33.640+0000] {subprocess.py:93} INFO - Closing: 0: jdbc:hive2://localhost:10000
[2025-03-19T19:59:33.703+0000] {subprocess.py:97} INFO - Command exited with return code 1
[2025-03-19T19:59:33.721+0000] {taskinstance.py:1935} ERROR - Task failed with exception
Traceback (most recent call last):
  File "/home/airflow/.local/lib/python3.8/site-packages/airflow/operators/bash.py", line 210, in execute
    raise AirflowException(
airflow.exceptions.AirflowException: Bash command failed. The command returned a non-zero exit code 1.
[2025-03-19T19:59:33.730+0000] {taskinstance.py:1398} INFO - Marking task as FAILED. dag_id=transactions_pipeline, task_id=detect_fraud, execution_date=20250319T195856, start_date=20250319T195920, end_date=20250319T195933
[2025-03-19T19:59:33.758+0000] {standard_task_runner.py:104} ERROR - Failed to execute job 152 for task detect_fraud (Bash command failed. The command returned a non-zero exit code 1.; 231)
[2025-03-19T19:59:33.779+0000] {local_task_job_runner.py:228} INFO - Task exited with return code 1
[2025-03-19T19:59:33.817+0000] {taskinstance.py:2776} INFO - 0 downstream tasks scheduled from follow-on schedule check
