[2025-03-21T12:51:58.987+0000] {taskinstance.py:1157} INFO - Dependencies all met for dep_context=non-requeueable deps ti=<TaskInstance: transactions_pipeline.create_hive_table_batch_20250320_144447 scheduled__2025-03-21T12:46:37.951160+00:00 [queued]>
[2025-03-21T12:51:59.017+0000] {taskinstance.py:1157} INFO - Dependencies all met for dep_context=requeueable deps ti=<TaskInstance: transactions_pipeline.create_hive_table_batch_20250320_144447 scheduled__2025-03-21T12:46:37.951160+00:00 [queued]>
[2025-03-21T12:51:59.072+0000] {taskinstance.py:1359} INFO - Starting attempt 1 of 1
[2025-03-21T12:51:59.195+0000] {taskinstance.py:1380} INFO - Executing <Task(BashOperator): create_hive_table_batch_20250320_144447> on 2025-03-21 12:46:37.951160+00:00
[2025-03-21T12:51:59.207+0000] {standard_task_runner.py:57} INFO - Started process 477 to run task
[2025-03-21T12:51:59.226+0000] {standard_task_runner.py:84} INFO - Running: ['***', 'tasks', 'run', 'transactions_pipeline', 'create_hive_table_batch_20250320_144447', 'scheduled__2025-03-21T12:46:37.951160+00:00', '--job-id', '537', '--raw', '--subdir', 'DAGS_FOLDER/fraud_detection_pipeline.py', '--cfg-path', '/tmp/tmph303_6wm']
[2025-03-21T12:51:59.231+0000] {standard_task_runner.py:85} INFO - Job 537: Subtask create_hive_table_batch_20250320_144447
[2025-03-21T12:51:59.344+0000] {task_command.py:415} INFO - Running <TaskInstance: transactions_pipeline.create_hive_table_batch_20250320_144447 scheduled__2025-03-21T12:46:37.951160+00:00 [running]> on host 1b7c3466167a
[2025-03-21T12:51:59.485+0000] {taskinstance.py:1660} INFO - Exporting env vars: AIRFLOW_CTX_DAG_EMAIL='rabiizahnoune7@gmail.com' AIRFLOW_CTX_DAG_OWNER='***' AIRFLOW_CTX_DAG_ID='transactions_pipeline' AIRFLOW_CTX_TASK_ID='create_hive_table_batch_20250320_144447' AIRFLOW_CTX_EXECUTION_DATE='2025-03-21T12:46:37.951160+00:00' AIRFLOW_CTX_TRY_NUMBER='1' AIRFLOW_CTX_DAG_RUN_ID='scheduled__2025-03-21T12:46:37.951160+00:00'
[2025-03-21T12:51:59.488+0000] {subprocess.py:63} INFO - Tmp dir root location: /tmp
[2025-03-21T12:51:59.489+0000] {subprocess.py:75} INFO - Running command: ['/bin/bash', '-c', '\n            docker exec hive beeline -u "jdbc:hive2://localhost:10000" --hiveconf hive.exec.dynamic.partition.mode=nonstrict -e "\n            CREATE EXTERNAL TABLE IF NOT EXISTS transactions (\n                transaction_id STRING,\n                date_time STRING,\n                amount DOUBLE,\n                currency STRING,\n                merchant_details STRING,\n                customer_id STRING,\n                transaction_type STRING,\n                location STRING\n            )\n            PARTITIONED BY (batch_id STRING)\n            STORED AS PARQUET;\n            ALTER TABLE transactions ADD IF NOT EXISTS PARTITION (batch_id=\'batch_20250320_144447\') LOCATION \'/data/transactions/transactions_batch_20250320_144447\';"\n            ']
[2025-03-21T12:51:59.506+0000] {subprocess.py:86} INFO - Output:
[2025-03-21T12:52:01.315+0000] {subprocess.py:93} INFO - SLF4J: Class path contains multiple SLF4J bindings.
[2025-03-21T12:52:01.316+0000] {subprocess.py:93} INFO - SLF4J: Found binding in [jar:file:/opt/hive/lib/log4j-slf4j-impl-2.17.1.jar!/org/slf4j/impl/StaticLoggerBinder.class]
[2025-03-21T12:52:01.317+0000] {subprocess.py:93} INFO - SLF4J: Found binding in [jar:file:/opt/hadoop/share/hadoop/common/lib/slf4j-log4j12-1.7.25.jar!/org/slf4j/impl/StaticLoggerBinder.class]
[2025-03-21T12:52:01.317+0000] {subprocess.py:93} INFO - SLF4J: See http://www.slf4j.org/codes.html#multiple_bindings for an explanation.
[2025-03-21T12:52:01.783+0000] {subprocess.py:93} INFO - SLF4J: Actual binding is of type [org.apache.logging.slf4j.Log4jLoggerFactory]
[2025-03-21T12:52:05.035+0000] {subprocess.py:93} INFO - Connecting to jdbc:hive2://localhost:10000
[2025-03-21T12:52:05.550+0000] {subprocess.py:93} INFO - Connected to: Apache Hive (version 3.1.3)
[2025-03-21T12:52:05.551+0000] {subprocess.py:93} INFO - Driver: Hive JDBC (version 3.1.3)
[2025-03-21T12:52:05.552+0000] {subprocess.py:93} INFO - Transaction isolation: TRANSACTION_REPEATABLE_READ
[2025-03-21T12:52:05.895+0000] {subprocess.py:93} INFO - INFO  : Compiling command(queryId=root_20250321125205_a2795b2d-bfc0-40d0-b36f-f1a2f9814c47): CREATE EXTERNAL TABLE IF NOT EXISTS transactions (
[2025-03-21T12:52:05.897+0000] {subprocess.py:93} INFO -                 transaction_id STRING,
[2025-03-21T12:52:05.899+0000] {subprocess.py:93} INFO -                 date_time STRING,
[2025-03-21T12:52:05.901+0000] {subprocess.py:93} INFO -                 amount DOUBLE,
[2025-03-21T12:52:05.903+0000] {subprocess.py:93} INFO -                 currency STRING,
[2025-03-21T12:52:05.904+0000] {subprocess.py:93} INFO -                 merchant_details STRING,
[2025-03-21T12:52:05.905+0000] {subprocess.py:93} INFO -                 customer_id STRING,
[2025-03-21T12:52:05.906+0000] {subprocess.py:93} INFO -                 transaction_type STRING,
[2025-03-21T12:52:05.907+0000] {subprocess.py:93} INFO -                 location STRING
[2025-03-21T12:52:05.908+0000] {subprocess.py:93} INFO -             )
[2025-03-21T12:52:05.908+0000] {subprocess.py:93} INFO -             PARTITIONED BY (batch_id STRING)
[2025-03-21T12:52:05.909+0000] {subprocess.py:93} INFO -             STORED AS PARQUET
[2025-03-21T12:52:05.910+0000] {subprocess.py:93} INFO - INFO  : Concurrency mode is disabled, not creating a lock manager
[2025-03-21T12:52:05.911+0000] {subprocess.py:93} INFO - INFO  : Semantic Analysis Completed (retrial = false)
[2025-03-21T12:52:05.911+0000] {subprocess.py:93} INFO - INFO  : Returning Hive schema: Schema(fieldSchemas:null, properties:null)
[2025-03-21T12:52:05.912+0000] {subprocess.py:93} INFO - INFO  : Completed compiling command(queryId=root_20250321125205_a2795b2d-bfc0-40d0-b36f-f1a2f9814c47); Time taken: 0.104 seconds
[2025-03-21T12:52:05.914+0000] {subprocess.py:93} INFO - INFO  : Concurrency mode is disabled, not creating a lock manager
[2025-03-21T12:52:05.915+0000] {subprocess.py:93} INFO - INFO  : Executing command(queryId=root_20250321125205_a2795b2d-bfc0-40d0-b36f-f1a2f9814c47): CREATE EXTERNAL TABLE IF NOT EXISTS transactions (
[2025-03-21T12:52:05.916+0000] {subprocess.py:93} INFO -                 transaction_id STRING,
[2025-03-21T12:52:05.917+0000] {subprocess.py:93} INFO -                 date_time STRING,
[2025-03-21T12:52:05.919+0000] {subprocess.py:93} INFO -                 amount DOUBLE,
[2025-03-21T12:52:05.920+0000] {subprocess.py:93} INFO -                 currency STRING,
[2025-03-21T12:52:05.921+0000] {subprocess.py:93} INFO -                 merchant_details STRING,
[2025-03-21T12:52:05.922+0000] {subprocess.py:93} INFO -                 customer_id STRING,
[2025-03-21T12:52:05.923+0000] {subprocess.py:93} INFO -                 transaction_type STRING,
[2025-03-21T12:52:05.924+0000] {subprocess.py:93} INFO -                 location STRING
[2025-03-21T12:52:05.924+0000] {subprocess.py:93} INFO -             )
[2025-03-21T12:52:05.925+0000] {subprocess.py:93} INFO -             PARTITIONED BY (batch_id STRING)
[2025-03-21T12:52:05.926+0000] {subprocess.py:93} INFO -             STORED AS PARQUET
[2025-03-21T12:52:05.926+0000] {subprocess.py:93} INFO - INFO  : Completed executing command(queryId=root_20250321125205_a2795b2d-bfc0-40d0-b36f-f1a2f9814c47); Time taken: 0.001 seconds
[2025-03-21T12:52:05.927+0000] {subprocess.py:93} INFO - INFO  : OK
[2025-03-21T12:52:05.928+0000] {subprocess.py:93} INFO - INFO  : Concurrency mode is disabled, not creating a lock manager
[2025-03-21T12:52:05.929+0000] {subprocess.py:93} INFO - No rows affected (0.301 seconds)
[2025-03-21T12:52:06.183+0000] {subprocess.py:93} INFO - INFO  : Compiling command(queryId=root_20250321125205_8e6a8249-92b4-455d-92a2-39d42e7353ff): ALTER TABLE transactions ADD IF NOT EXISTS PARTITION (batch_id='batch_20250320_144447') LOCATION '/data/transactions/transactions_batch_20250320_144447'
[2025-03-21T12:52:06.184+0000] {subprocess.py:93} INFO - INFO  : Concurrency mode is disabled, not creating a lock manager
[2025-03-21T12:52:06.185+0000] {subprocess.py:93} INFO - INFO  : Semantic Analysis Completed (retrial = false)
[2025-03-21T12:52:06.185+0000] {subprocess.py:93} INFO - INFO  : Returning Hive schema: Schema(fieldSchemas:null, properties:null)
[2025-03-21T12:52:06.186+0000] {subprocess.py:93} INFO - INFO  : Completed compiling command(queryId=root_20250321125205_8e6a8249-92b4-455d-92a2-39d42e7353ff); Time taken: 0.053 seconds
[2025-03-21T12:52:06.186+0000] {subprocess.py:93} INFO - INFO  : Concurrency mode is disabled, not creating a lock manager
[2025-03-21T12:52:06.187+0000] {subprocess.py:93} INFO - INFO  : Executing command(queryId=root_20250321125205_8e6a8249-92b4-455d-92a2-39d42e7353ff): ALTER TABLE transactions ADD IF NOT EXISTS PARTITION (batch_id='batch_20250320_144447') LOCATION '/data/transactions/transactions_batch_20250320_144447'
[2025-03-21T12:52:06.187+0000] {subprocess.py:93} INFO - INFO  : Starting task [Stage-0:DDL] in serial mode
[2025-03-21T12:52:06.187+0000] {subprocess.py:93} INFO - INFO  : Completed executing command(queryId=root_20250321125205_8e6a8249-92b4-455d-92a2-39d42e7353ff); Time taken: 0.142 seconds
[2025-03-21T12:52:06.188+0000] {subprocess.py:93} INFO - INFO  : OK
[2025-03-21T12:52:06.189+0000] {subprocess.py:93} INFO - INFO  : Concurrency mode is disabled, not creating a lock manager
[2025-03-21T12:52:06.189+0000] {subprocess.py:93} INFO - No rows affected (0.26 seconds)
[2025-03-21T12:52:06.190+0000] {subprocess.py:93} INFO - Beeline version 3.1.3 by Apache Hive
[2025-03-21T12:52:06.199+0000] {subprocess.py:93} INFO - Closing: 0: jdbc:hive2://localhost:10000
[2025-03-21T12:52:06.293+0000] {subprocess.py:97} INFO - Command exited with return code 0
[2025-03-21T12:52:06.342+0000] {taskinstance.py:1398} INFO - Marking task as SUCCESS. dag_id=transactions_pipeline, task_id=create_hive_table_batch_20250320_144447, execution_date=20250321T124637, start_date=20250321T125158, end_date=20250321T125206
[2025-03-21T12:52:06.405+0000] {local_task_job_runner.py:228} INFO - Task exited with return code 0
[2025-03-21T12:52:06.448+0000] {taskinstance.py:2776} INFO - 1 downstream tasks scheduled from follow-on schedule check
