[2025-03-21T13:48:42.461+0000] {taskinstance.py:1157} INFO - Dependencies all met for dep_context=non-requeueable deps ti=<TaskInstance: transactions_pipeline.create_hive_table_batch_20250321_131702 scheduled__2025-03-21T13:42:39.231672+00:00 [queued]>
[2025-03-21T13:48:42.486+0000] {taskinstance.py:1157} INFO - Dependencies all met for dep_context=requeueable deps ti=<TaskInstance: transactions_pipeline.create_hive_table_batch_20250321_131702 scheduled__2025-03-21T13:42:39.231672+00:00 [queued]>
[2025-03-21T13:48:42.490+0000] {taskinstance.py:1359} INFO - Starting attempt 1 of 1
[2025-03-21T13:48:42.536+0000] {taskinstance.py:1380} INFO - Executing <Task(BashOperator): create_hive_table_batch_20250321_131702> on 2025-03-21 13:42:39.231672+00:00
[2025-03-21T13:48:42.550+0000] {standard_task_runner.py:57} INFO - Started process 579 to run task
[2025-03-21T13:48:42.560+0000] {standard_task_runner.py:84} INFO - Running: ['***', 'tasks', 'run', 'transactions_pipeline', 'create_hive_table_batch_20250321_131702', 'scheduled__2025-03-21T13:42:39.231672+00:00', '--job-id', '711', '--raw', '--subdir', 'DAGS_FOLDER/fraud_detection_pipeline.py', '--cfg-path', '/tmp/tmpawppl400']
[2025-03-21T13:48:42.565+0000] {standard_task_runner.py:85} INFO - Job 711: Subtask create_hive_table_batch_20250321_131702
[2025-03-21T13:48:42.703+0000] {task_command.py:415} INFO - Running <TaskInstance: transactions_pipeline.create_hive_table_batch_20250321_131702 scheduled__2025-03-21T13:42:39.231672+00:00 [running]> on host e95638583d4d
[2025-03-21T13:48:43.015+0000] {taskinstance.py:1660} INFO - Exporting env vars: AIRFLOW_CTX_DAG_EMAIL='rabiizahnoune7@gmail.com' AIRFLOW_CTX_DAG_OWNER='***' AIRFLOW_CTX_DAG_ID='transactions_pipeline' AIRFLOW_CTX_TASK_ID='create_hive_table_batch_20250321_131702' AIRFLOW_CTX_EXECUTION_DATE='2025-03-21T13:42:39.231672+00:00' AIRFLOW_CTX_TRY_NUMBER='1' AIRFLOW_CTX_DAG_RUN_ID='scheduled__2025-03-21T13:42:39.231672+00:00'
[2025-03-21T13:48:43.019+0000] {subprocess.py:63} INFO - Tmp dir root location: /tmp
[2025-03-21T13:48:43.025+0000] {subprocess.py:75} INFO - Running command: ['/bin/bash', '-c', '\n            docker exec hive beeline -u "jdbc:hive2://localhost:10000" --hiveconf hive.exec.dynamic.partition.mode=nonstrict -e "\n            CREATE EXTERNAL TABLE IF NOT EXISTS transactions (\n                transaction_id STRING,\n                date_time STRING,\n                amount DOUBLE,\n                currency STRING,\n                merchant_details STRING,\n                customer_id STRING,\n                transaction_type STRING,\n                location STRING\n            )\n            PARTITIONED BY (batch_id STRING)\n            STORED AS PARQUET;\n            ALTER TABLE transactions ADD IF NOT EXISTS PARTITION (batch_id=\'batch_20250321_131702\') LOCATION \'/data/transactions/transactions_batch_20250321_131702\';"\n            ']
[2025-03-21T13:48:43.055+0000] {subprocess.py:86} INFO - Output:
[2025-03-21T13:48:53.250+0000] {subprocess.py:93} INFO - SLF4J: Class path contains multiple SLF4J bindings.
[2025-03-21T13:48:53.252+0000] {subprocess.py:93} INFO - SLF4J: Found binding in [jar:file:/opt/hive/lib/log4j-slf4j-impl-2.17.1.jar!/org/slf4j/impl/StaticLoggerBinder.class]
[2025-03-21T13:48:53.253+0000] {subprocess.py:93} INFO - SLF4J: Found binding in [jar:file:/opt/hadoop/share/hadoop/common/lib/slf4j-log4j12-1.7.25.jar!/org/slf4j/impl/StaticLoggerBinder.class]
[2025-03-21T13:48:53.254+0000] {subprocess.py:93} INFO - SLF4J: See http://www.slf4j.org/codes.html#multiple_bindings for an explanation.
[2025-03-21T13:48:56.749+0000] {subprocess.py:93} INFO - SLF4J: Actual binding is of type [org.apache.logging.slf4j.Log4jLoggerFactory]
[2025-03-21T13:49:10.901+0000] {subprocess.py:93} INFO - Connecting to jdbc:hive2://localhost:10000
[2025-03-21T13:49:13.486+0000] {subprocess.py:93} INFO - Connected to: Apache Hive (version 3.1.3)
[2025-03-21T13:49:13.488+0000] {subprocess.py:93} INFO - Driver: Hive JDBC (version 3.1.3)
[2025-03-21T13:49:13.492+0000] {subprocess.py:93} INFO - Transaction isolation: TRANSACTION_REPEATABLE_READ
[2025-03-21T13:49:18.595+0000] {subprocess.py:93} INFO - INFO  : Compiling command(queryId=root_20250321134914_55714ddd-1356-444a-a435-5ef0807a33ff): CREATE EXTERNAL TABLE IF NOT EXISTS transactions (
[2025-03-21T13:49:18.598+0000] {subprocess.py:93} INFO -                 transaction_id STRING,
[2025-03-21T13:49:18.599+0000] {subprocess.py:93} INFO -                 date_time STRING,
[2025-03-21T13:49:18.600+0000] {subprocess.py:93} INFO -                 amount DOUBLE,
[2025-03-21T13:49:18.603+0000] {subprocess.py:93} INFO -                 currency STRING,
[2025-03-21T13:49:18.605+0000] {subprocess.py:93} INFO -                 merchant_details STRING,
[2025-03-21T13:49:18.605+0000] {subprocess.py:93} INFO -                 customer_id STRING,
[2025-03-21T13:49:18.606+0000] {subprocess.py:93} INFO -                 transaction_type STRING,
[2025-03-21T13:49:18.607+0000] {subprocess.py:93} INFO -                 location STRING
[2025-03-21T13:49:18.608+0000] {subprocess.py:93} INFO -             )
[2025-03-21T13:49:18.609+0000] {subprocess.py:93} INFO -             PARTITIONED BY (batch_id STRING)
[2025-03-21T13:49:18.610+0000] {subprocess.py:93} INFO -             STORED AS PARQUET
[2025-03-21T13:49:18.610+0000] {subprocess.py:93} INFO - INFO  : Concurrency mode is disabled, not creating a lock manager
[2025-03-21T13:49:18.611+0000] {subprocess.py:93} INFO - INFO  : Semantic Analysis Completed (retrial = false)
[2025-03-21T13:49:18.612+0000] {subprocess.py:93} INFO - INFO  : Returning Hive schema: Schema(fieldSchemas:null, properties:null)
[2025-03-21T13:49:18.613+0000] {subprocess.py:93} INFO - INFO  : Completed compiling command(queryId=root_20250321134914_55714ddd-1356-444a-a435-5ef0807a33ff); Time taken: 2.772 seconds
[2025-03-21T13:49:18.614+0000] {subprocess.py:93} INFO - INFO  : Concurrency mode is disabled, not creating a lock manager
[2025-03-21T13:49:18.615+0000] {subprocess.py:93} INFO - INFO  : Executing command(queryId=root_20250321134914_55714ddd-1356-444a-a435-5ef0807a33ff): CREATE EXTERNAL TABLE IF NOT EXISTS transactions (
[2025-03-21T13:49:18.615+0000] {subprocess.py:93} INFO -                 transaction_id STRING,
[2025-03-21T13:49:18.616+0000] {subprocess.py:93} INFO -                 date_time STRING,
[2025-03-21T13:49:18.617+0000] {subprocess.py:93} INFO -                 amount DOUBLE,
[2025-03-21T13:49:18.618+0000] {subprocess.py:93} INFO -                 currency STRING,
[2025-03-21T13:49:18.619+0000] {subprocess.py:93} INFO -                 merchant_details STRING,
[2025-03-21T13:49:18.619+0000] {subprocess.py:93} INFO -                 customer_id STRING,
[2025-03-21T13:49:18.620+0000] {subprocess.py:93} INFO -                 transaction_type STRING,
[2025-03-21T13:49:18.620+0000] {subprocess.py:93} INFO -                 location STRING
[2025-03-21T13:49:18.621+0000] {subprocess.py:93} INFO -             )
[2025-03-21T13:49:18.621+0000] {subprocess.py:93} INFO -             PARTITIONED BY (batch_id STRING)
[2025-03-21T13:49:18.622+0000] {subprocess.py:93} INFO -             STORED AS PARQUET
[2025-03-21T13:49:18.622+0000] {subprocess.py:93} INFO - INFO  : Starting task [Stage-0:DDL] in serial mode
[2025-03-21T13:49:21.099+0000] {subprocess.py:93} INFO - INFO  : Completed executing command(queryId=root_20250321134914_55714ddd-1356-444a-a435-5ef0807a33ff); Time taken: 3.638 seconds
[2025-03-21T13:49:21.103+0000] {subprocess.py:93} INFO - INFO  : OK
[2025-03-21T13:49:21.107+0000] {subprocess.py:93} INFO - INFO  : Concurrency mode is disabled, not creating a lock manager
[2025-03-21T13:49:21.112+0000] {subprocess.py:93} INFO - No rows affected (7.317 seconds)
[2025-03-21T13:49:22.124+0000] {subprocess.py:93} INFO - INFO  : Compiling command(queryId=root_20250321134921_f9075f85-94ee-4717-b3d5-9d9cb50ee27b): ALTER TABLE transactions ADD IF NOT EXISTS PARTITION (batch_id='batch_20250321_131702') LOCATION '/data/transactions/transactions_batch_20250321_131702'
[2025-03-21T13:49:22.126+0000] {subprocess.py:93} INFO - INFO  : Concurrency mode is disabled, not creating a lock manager
[2025-03-21T13:49:22.128+0000] {subprocess.py:93} INFO - INFO  : Semantic Analysis Completed (retrial = false)
[2025-03-21T13:49:22.129+0000] {subprocess.py:93} INFO - INFO  : Returning Hive schema: Schema(fieldSchemas:null, properties:null)
[2025-03-21T13:49:22.129+0000] {subprocess.py:93} INFO - INFO  : Completed compiling command(queryId=root_20250321134921_f9075f85-94ee-4717-b3d5-9d9cb50ee27b); Time taken: 0.091 seconds
[2025-03-21T13:49:22.130+0000] {subprocess.py:93} INFO - INFO  : Concurrency mode is disabled, not creating a lock manager
[2025-03-21T13:49:22.131+0000] {subprocess.py:93} INFO - INFO  : Executing command(queryId=root_20250321134921_f9075f85-94ee-4717-b3d5-9d9cb50ee27b): ALTER TABLE transactions ADD IF NOT EXISTS PARTITION (batch_id='batch_20250321_131702') LOCATION '/data/transactions/transactions_batch_20250321_131702'
[2025-03-21T13:49:22.131+0000] {subprocess.py:93} INFO - INFO  : Starting task [Stage-0:DDL] in serial mode
[2025-03-21T13:49:22.132+0000] {subprocess.py:93} INFO - INFO  : Completed executing command(queryId=root_20250321134921_f9075f85-94ee-4717-b3d5-9d9cb50ee27b); Time taken: 0.493 seconds
[2025-03-21T13:49:22.132+0000] {subprocess.py:93} INFO - INFO  : OK
[2025-03-21T13:49:22.133+0000] {subprocess.py:93} INFO - INFO  : Concurrency mode is disabled, not creating a lock manager
[2025-03-21T13:49:22.200+0000] {subprocess.py:93} INFO - No rows affected (0.976 seconds)
[2025-03-21T13:49:22.296+0000] {subprocess.py:93} INFO - Beeline version 3.1.3 by Apache Hive
[2025-03-21T13:49:22.404+0000] {subprocess.py:93} INFO - Closing: 0: jdbc:hive2://localhost:10000
[2025-03-21T13:49:22.743+0000] {subprocess.py:97} INFO - Command exited with return code 0
[2025-03-21T13:49:22.792+0000] {taskinstance.py:1398} INFO - Marking task as SUCCESS. dag_id=transactions_pipeline, task_id=create_hive_table_batch_20250321_131702, execution_date=20250321T134239, start_date=20250321T134842, end_date=20250321T134922
[2025-03-21T13:49:22.893+0000] {local_task_job_runner.py:228} INFO - Task exited with return code 0
[2025-03-21T13:49:23.006+0000] {taskinstance.py:2776} INFO - 1 downstream tasks scheduled from follow-on schedule check
