[2025-03-21T09:39:07.816+0000] {taskinstance.py:1157} INFO - Dependencies all met for dep_context=non-requeueable deps ti=<TaskInstance: transactions_pipeline.create_hive_table scheduled__2025-03-21T08:48:20.392492+00:00 [queued]>
[2025-03-21T09:39:07.840+0000] {taskinstance.py:1157} INFO - Dependencies all met for dep_context=requeueable deps ti=<TaskInstance: transactions_pipeline.create_hive_table scheduled__2025-03-21T08:48:20.392492+00:00 [queued]>
[2025-03-21T09:39:07.842+0000] {taskinstance.py:1359} INFO - Starting attempt 1 of 2
[2025-03-21T09:39:07.873+0000] {taskinstance.py:1380} INFO - Executing <Task(BashOperator): create_hive_table> on 2025-03-21 08:48:20.392492+00:00
[2025-03-21T09:39:07.885+0000] {standard_task_runner.py:57} INFO - Started process 3509 to run task
[2025-03-21T09:39:07.891+0000] {standard_task_runner.py:84} INFO - Running: ['***', 'tasks', 'run', 'transactions_pipeline', 'create_hive_table', 'scheduled__2025-03-21T08:48:20.392492+00:00', '--job-id', '473', '--raw', '--subdir', 'DAGS_FOLDER/fraud_detection_pipeline.py', '--cfg-path', '/tmp/tmpj1k5d46e']
[2025-03-21T09:39:07.897+0000] {standard_task_runner.py:85} INFO - Job 473: Subtask create_hive_table
[2025-03-21T09:39:07.976+0000] {task_command.py:415} INFO - Running <TaskInstance: transactions_pipeline.create_hive_table scheduled__2025-03-21T08:48:20.392492+00:00 [running]> on host 6688e233cb20
[2025-03-21T09:39:08.230+0000] {taskinstance.py:1660} INFO - Exporting env vars: AIRFLOW_CTX_DAG_EMAIL='rabiizahnoune7@gmail.com' AIRFLOW_CTX_DAG_OWNER='***' AIRFLOW_CTX_DAG_ID='transactions_pipeline' AIRFLOW_CTX_TASK_ID='create_hive_table' AIRFLOW_CTX_EXECUTION_DATE='2025-03-21T08:48:20.392492+00:00' AIRFLOW_CTX_TRY_NUMBER='1' AIRFLOW_CTX_DAG_RUN_ID='scheduled__2025-03-21T08:48:20.392492+00:00'
[2025-03-21T09:39:08.236+0000] {subprocess.py:63} INFO - Tmp dir root location: /tmp
[2025-03-21T09:39:08.243+0000] {subprocess.py:75} INFO - Running command: ['/bin/bash', '-c', '\n        docker exec hive beeline -u "jdbc:hive2://localhost:10000" --hiveconf hive.exec.dynamic.partition.mode=nonstrict -e "\n        CREATE EXTERNAL TABLE IF NOT EXISTS transactions (\n            transaction_id STRING,\n            date_time STRING,\n            amount DOUBLE,\n            currency STRING,\n            merchant_details STRING,\n            customer_id STRING,\n            transaction_type STRING,\n            location STRING\n        )\n        PARTITIONED BY (batch_id STRING)\n        STORED AS PARQUET;\n        ALTER TABLE transactions ADD IF NOT EXISTS PARTITION (batch_id=\'batch_20250320_144447\') LOCATION \'/data/transactions/transactions_batch_20250320_144447\';"\n        ']
[2025-03-21T09:39:08.277+0000] {subprocess.py:86} INFO - Output:
[2025-03-21T09:39:13.865+0000] {subprocess.py:93} INFO - SLF4J: Class path contains multiple SLF4J bindings.
[2025-03-21T09:39:13.866+0000] {subprocess.py:93} INFO - SLF4J: Found binding in [jar:file:/opt/hive/lib/log4j-slf4j-impl-2.17.1.jar!/org/slf4j/impl/StaticLoggerBinder.class]
[2025-03-21T09:39:13.867+0000] {subprocess.py:93} INFO - SLF4J: Found binding in [jar:file:/opt/hadoop/share/hadoop/common/lib/slf4j-log4j12-1.7.25.jar!/org/slf4j/impl/StaticLoggerBinder.class]
[2025-03-21T09:39:13.868+0000] {subprocess.py:93} INFO - SLF4J: See http://www.slf4j.org/codes.html#multiple_bindings for an explanation.
[2025-03-21T09:39:14.582+0000] {subprocess.py:93} INFO - SLF4J: Actual binding is of type [org.apache.logging.slf4j.Log4jLoggerFactory]
[2025-03-21T09:39:20.083+0000] {subprocess.py:93} INFO - Connecting to jdbc:hive2://localhost:10000
[2025-03-21T09:39:20.690+0000] {subprocess.py:93} INFO - Connected to: Apache Hive (version 3.1.3)
[2025-03-21T09:39:20.691+0000] {subprocess.py:93} INFO - Driver: Hive JDBC (version 3.1.3)
[2025-03-21T09:39:20.692+0000] {subprocess.py:93} INFO - Transaction isolation: TRANSACTION_REPEATABLE_READ
[2025-03-21T09:39:20.829+0000] {subprocess.py:93} INFO - INFO  : Compiling command(queryId=root_20250321093920_73543d5b-c58f-4bc7-acdf-6d4f8204802f): CREATE EXTERNAL TABLE IF NOT EXISTS transactions (
[2025-03-21T09:39:20.830+0000] {subprocess.py:93} INFO -             transaction_id STRING,
[2025-03-21T09:39:20.831+0000] {subprocess.py:93} INFO -             date_time STRING,
[2025-03-21T09:39:20.831+0000] {subprocess.py:93} INFO -             amount DOUBLE,
[2025-03-21T09:39:20.832+0000] {subprocess.py:93} INFO -             currency STRING,
[2025-03-21T09:39:20.832+0000] {subprocess.py:93} INFO -             merchant_details STRING,
[2025-03-21T09:39:20.833+0000] {subprocess.py:93} INFO -             customer_id STRING,
[2025-03-21T09:39:20.833+0000] {subprocess.py:93} INFO -             transaction_type STRING,
[2025-03-21T09:39:20.833+0000] {subprocess.py:93} INFO -             location STRING
[2025-03-21T09:39:20.834+0000] {subprocess.py:93} INFO -         )
[2025-03-21T09:39:20.834+0000] {subprocess.py:93} INFO -         PARTITIONED BY (batch_id STRING)
[2025-03-21T09:39:20.834+0000] {subprocess.py:93} INFO -         STORED AS PARQUET
[2025-03-21T09:39:20.835+0000] {subprocess.py:93} INFO - INFO  : Concurrency mode is disabled, not creating a lock manager
[2025-03-21T09:39:20.835+0000] {subprocess.py:93} INFO - INFO  : Semantic Analysis Completed (retrial = false)
[2025-03-21T09:39:20.836+0000] {subprocess.py:93} INFO - INFO  : Returning Hive schema: Schema(fieldSchemas:null, properties:null)
[2025-03-21T09:39:20.836+0000] {subprocess.py:93} INFO - INFO  : Completed compiling command(queryId=root_20250321093920_73543d5b-c58f-4bc7-acdf-6d4f8204802f); Time taken: 0.023 seconds
[2025-03-21T09:39:20.837+0000] {subprocess.py:93} INFO - INFO  : Concurrency mode is disabled, not creating a lock manager
[2025-03-21T09:39:20.837+0000] {subprocess.py:93} INFO - INFO  : Executing command(queryId=root_20250321093920_73543d5b-c58f-4bc7-acdf-6d4f8204802f): CREATE EXTERNAL TABLE IF NOT EXISTS transactions (
[2025-03-21T09:39:20.837+0000] {subprocess.py:93} INFO -             transaction_id STRING,
[2025-03-21T09:39:20.837+0000] {subprocess.py:93} INFO -             date_time STRING,
[2025-03-21T09:39:20.838+0000] {subprocess.py:93} INFO -             amount DOUBLE,
[2025-03-21T09:39:20.838+0000] {subprocess.py:93} INFO -             currency STRING,
[2025-03-21T09:39:20.839+0000] {subprocess.py:93} INFO -             merchant_details STRING,
[2025-03-21T09:39:20.839+0000] {subprocess.py:93} INFO -             customer_id STRING,
[2025-03-21T09:39:20.840+0000] {subprocess.py:93} INFO -             transaction_type STRING,
[2025-03-21T09:39:20.840+0000] {subprocess.py:93} INFO -             location STRING
[2025-03-21T09:39:20.840+0000] {subprocess.py:93} INFO -         )
[2025-03-21T09:39:20.841+0000] {subprocess.py:93} INFO -         PARTITIONED BY (batch_id STRING)
[2025-03-21T09:39:20.841+0000] {subprocess.py:93} INFO -         STORED AS PARQUET
[2025-03-21T09:39:20.841+0000] {subprocess.py:93} INFO - INFO  : Completed executing command(queryId=root_20250321093920_73543d5b-c58f-4bc7-acdf-6d4f8204802f); Time taken: 0.001 seconds
[2025-03-21T09:39:20.842+0000] {subprocess.py:93} INFO - INFO  : OK
[2025-03-21T09:39:20.842+0000] {subprocess.py:93} INFO - INFO  : Concurrency mode is disabled, not creating a lock manager
[2025-03-21T09:39:20.842+0000] {subprocess.py:93} INFO - No rows affected (0.114 seconds)
[2025-03-21T09:39:20.918+0000] {subprocess.py:93} INFO - INFO  : Compiling command(queryId=root_20250321093920_80fc7005-52e2-4155-bd55-1760181004c9): ALTER TABLE transactions ADD IF NOT EXISTS PARTITION (batch_id='batch_20250320_144447') LOCATION '/data/transactions/transactions_batch_20250320_144447'
[2025-03-21T09:39:20.919+0000] {subprocess.py:93} INFO - INFO  : Concurrency mode is disabled, not creating a lock manager
[2025-03-21T09:39:20.920+0000] {subprocess.py:93} INFO - INFO  : Semantic Analysis Completed (retrial = false)
[2025-03-21T09:39:20.921+0000] {subprocess.py:93} INFO - INFO  : Returning Hive schema: Schema(fieldSchemas:null, properties:null)
[2025-03-21T09:39:20.921+0000] {subprocess.py:93} INFO - INFO  : Completed compiling command(queryId=root_20250321093920_80fc7005-52e2-4155-bd55-1760181004c9); Time taken: 0.014 seconds
[2025-03-21T09:39:20.922+0000] {subprocess.py:93} INFO - INFO  : Concurrency mode is disabled, not creating a lock manager
[2025-03-21T09:39:20.922+0000] {subprocess.py:93} INFO - INFO  : Executing command(queryId=root_20250321093920_80fc7005-52e2-4155-bd55-1760181004c9): ALTER TABLE transactions ADD IF NOT EXISTS PARTITION (batch_id='batch_20250320_144447') LOCATION '/data/transactions/transactions_batch_20250320_144447'
[2025-03-21T09:39:20.923+0000] {subprocess.py:93} INFO - INFO  : Starting task [Stage-0:DDL] in serial mode
[2025-03-21T09:39:20.923+0000] {subprocess.py:93} INFO - INFO  : Completed executing command(queryId=root_20250321093920_80fc7005-52e2-4155-bd55-1760181004c9); Time taken: 0.036 seconds
[2025-03-21T09:39:20.923+0000] {subprocess.py:93} INFO - INFO  : OK
[2025-03-21T09:39:20.924+0000] {subprocess.py:93} INFO - INFO  : Concurrency mode is disabled, not creating a lock manager
[2025-03-21T09:39:20.924+0000] {subprocess.py:93} INFO - No rows affected (0.064 seconds)
[2025-03-21T09:39:20.925+0000] {subprocess.py:93} INFO - Beeline version 3.1.3 by Apache Hive
[2025-03-21T09:39:20.933+0000] {subprocess.py:93} INFO - Closing: 0: jdbc:hive2://localhost:10000
[2025-03-21T09:39:21.019+0000] {subprocess.py:97} INFO - Command exited with return code 0
[2025-03-21T09:39:21.077+0000] {taskinstance.py:1398} INFO - Marking task as SUCCESS. dag_id=transactions_pipeline, task_id=create_hive_table, execution_date=20250321T084820, start_date=20250321T093907, end_date=20250321T093921
[2025-03-21T09:39:21.167+0000] {local_task_job_runner.py:228} INFO - Task exited with return code 0
[2025-03-21T09:39:21.242+0000] {taskinstance.py:2776} INFO - 0 downstream tasks scheduled from follow-on schedule check
