[2025-03-20T10:59:24.564+0000] {taskinstance.py:1157} INFO - Dependencies all met for dep_context=non-requeueable deps ti=<TaskInstance: transactions_pipeline.detect_fraud manual__2025-03-20T10:59:01.493325+00:00 [queued]>
[2025-03-20T10:59:24.577+0000] {taskinstance.py:1157} INFO - Dependencies all met for dep_context=requeueable deps ti=<TaskInstance: transactions_pipeline.detect_fraud manual__2025-03-20T10:59:01.493325+00:00 [queued]>
[2025-03-20T10:59:24.578+0000] {taskinstance.py:1359} INFO - Starting attempt 1 of 1
[2025-03-20T10:59:24.597+0000] {taskinstance.py:1380} INFO - Executing <Task(BashOperator): detect_fraud> on 2025-03-20 10:59:01.493325+00:00
[2025-03-20T10:59:24.609+0000] {standard_task_runner.py:57} INFO - Started process 237 to run task
[2025-03-20T10:59:24.616+0000] {standard_task_runner.py:84} INFO - Running: ['***', 'tasks', 'run', 'transactions_pipeline', 'detect_fraud', 'manual__2025-03-20T10:59:01.493325+00:00', '--job-id', '261', '--raw', '--subdir', 'DAGS_FOLDER/fraud_detection_pipeline.py', '--cfg-path', '/tmp/tmpe3ktrnyd']
[2025-03-20T10:59:24.634+0000] {standard_task_runner.py:85} INFO - Job 261: Subtask detect_fraud
[2025-03-20T10:59:24.739+0000] {task_command.py:415} INFO - Running <TaskInstance: transactions_pipeline.detect_fraud manual__2025-03-20T10:59:01.493325+00:00 [running]> on host 5f87c1f3f5e2
[2025-03-20T10:59:24.876+0000] {taskinstance.py:1660} INFO - Exporting env vars: AIRFLOW_CTX_DAG_OWNER='***' AIRFLOW_CTX_DAG_ID='transactions_pipeline' AIRFLOW_CTX_TASK_ID='detect_fraud' AIRFLOW_CTX_EXECUTION_DATE='2025-03-20T10:59:01.493325+00:00' AIRFLOW_CTX_TRY_NUMBER='1' AIRFLOW_CTX_DAG_RUN_ID='manual__2025-03-20T10:59:01.493325+00:00'
[2025-03-20T10:59:24.879+0000] {subprocess.py:63} INFO - Tmp dir root location: /tmp
[2025-03-20T10:59:24.881+0000] {subprocess.py:75} INFO - Running command: ['/bin/bash', '-c', '\n    docker exec hive beeline -u "jdbc:hive2://localhost:10000" --hiveconf hive.exec.dynamic.partition.mode=nonstrict -e"\n    CREATE TABLE IF NOT EXISTS fraud_detections (\n        transaction_id STRING,\n        date_time STRING,\n        amount DOUBLE,\n        customer_id STRING,\n        location STRING,\n        fraud_reason STRING\n    )\n    STORED AS PARQUET\n    LOCATION \'/data/fraud_detections\';\n    INSERT INTO TABLE fraud_detections\n    SELECT\n        t.transaction_id,\n        t.date_time,\n        t.amount,\n        t.customer_id,\n        t.location,\n        \'High Amount\' AS fraud_reason\n    FROM transactions t\n    WHERE t.batch_id = \'batch_0\'\n    AND t.amount > 1000;"\n    ']
[2025-03-20T10:59:24.913+0000] {subprocess.py:86} INFO - Output:
[2025-03-20T10:59:26.536+0000] {subprocess.py:93} INFO - SLF4J: Class path contains multiple SLF4J bindings.
[2025-03-20T10:59:26.537+0000] {subprocess.py:93} INFO - SLF4J: Found binding in [jar:file:/opt/hive/lib/log4j-slf4j-impl-2.17.1.jar!/org/slf4j/impl/StaticLoggerBinder.class]
[2025-03-20T10:59:26.538+0000] {subprocess.py:93} INFO - SLF4J: Found binding in [jar:file:/opt/hadoop/share/hadoop/common/lib/slf4j-log4j12-1.7.25.jar!/org/slf4j/impl/StaticLoggerBinder.class]
[2025-03-20T10:59:26.539+0000] {subprocess.py:93} INFO - SLF4J: See http://www.slf4j.org/codes.html#multiple_bindings for an explanation.
[2025-03-20T10:59:26.703+0000] {subprocess.py:93} INFO - SLF4J: Actual binding is of type [org.apache.logging.slf4j.Log4jLoggerFactory]
[2025-03-20T10:59:28.107+0000] {subprocess.py:93} INFO - Connecting to jdbc:hive2://localhost:10000
[2025-03-20T10:59:28.380+0000] {subprocess.py:93} INFO - Connected to: Apache Hive (version 3.1.3)
[2025-03-20T10:59:28.382+0000] {subprocess.py:93} INFO - Driver: Hive JDBC (version 3.1.3)
[2025-03-20T10:59:28.382+0000] {subprocess.py:93} INFO - Transaction isolation: TRANSACTION_REPEATABLE_READ
[2025-03-20T10:59:28.667+0000] {subprocess.py:93} INFO - INFO  : Compiling command(queryId=root_20250320105928_d29b05cf-9ff8-4210-80ee-1d5dfd4ffc0d): CREATE TABLE IF NOT EXISTS fraud_detections (
[2025-03-20T10:59:28.668+0000] {subprocess.py:93} INFO -         transaction_id STRING,
[2025-03-20T10:59:28.669+0000] {subprocess.py:93} INFO -         date_time STRING,
[2025-03-20T10:59:28.669+0000] {subprocess.py:93} INFO -         amount DOUBLE,
[2025-03-20T10:59:28.670+0000] {subprocess.py:93} INFO -         customer_id STRING,
[2025-03-20T10:59:28.671+0000] {subprocess.py:93} INFO -         location STRING,
[2025-03-20T10:59:28.672+0000] {subprocess.py:93} INFO -         fraud_reason STRING
[2025-03-20T10:59:28.672+0000] {subprocess.py:93} INFO -     )
[2025-03-20T10:59:28.673+0000] {subprocess.py:93} INFO -     STORED AS PARQUET
[2025-03-20T10:59:28.673+0000] {subprocess.py:93} INFO -     LOCATION '/data/fraud_detections'
[2025-03-20T10:59:28.673+0000] {subprocess.py:93} INFO - INFO  : Concurrency mode is disabled, not creating a lock manager
[2025-03-20T10:59:28.674+0000] {subprocess.py:93} INFO - INFO  : Semantic Analysis Completed (retrial = false)
[2025-03-20T10:59:28.674+0000] {subprocess.py:93} INFO - INFO  : Returning Hive schema: Schema(fieldSchemas:null, properties:null)
[2025-03-20T10:59:28.674+0000] {subprocess.py:93} INFO - INFO  : Completed compiling command(queryId=root_20250320105928_d29b05cf-9ff8-4210-80ee-1d5dfd4ffc0d); Time taken: 0.012 seconds
[2025-03-20T10:59:28.675+0000] {subprocess.py:93} INFO - INFO  : Concurrency mode is disabled, not creating a lock manager
[2025-03-20T10:59:28.675+0000] {subprocess.py:93} INFO - INFO  : Executing command(queryId=root_20250320105928_d29b05cf-9ff8-4210-80ee-1d5dfd4ffc0d): CREATE TABLE IF NOT EXISTS fraud_detections (
[2025-03-20T10:59:28.676+0000] {subprocess.py:93} INFO -         transaction_id STRING,
[2025-03-20T10:59:28.676+0000] {subprocess.py:93} INFO -         date_time STRING,
[2025-03-20T10:59:28.677+0000] {subprocess.py:93} INFO -         amount DOUBLE,
[2025-03-20T10:59:28.678+0000] {subprocess.py:93} INFO -         customer_id STRING,
[2025-03-20T10:59:28.679+0000] {subprocess.py:93} INFO -         location STRING,
[2025-03-20T10:59:28.680+0000] {subprocess.py:93} INFO -         fraud_reason STRING
[2025-03-20T10:59:28.681+0000] {subprocess.py:93} INFO -     )
[2025-03-20T10:59:28.682+0000] {subprocess.py:93} INFO -     STORED AS PARQUET
[2025-03-20T10:59:28.683+0000] {subprocess.py:93} INFO -     LOCATION '/data/fraud_detections'
[2025-03-20T10:59:28.684+0000] {subprocess.py:93} INFO - INFO  : Starting task [Stage-0:DDL] in serial mode
[2025-03-20T10:59:28.685+0000] {subprocess.py:93} INFO - INFO  : Completed executing command(queryId=root_20250320105928_d29b05cf-9ff8-4210-80ee-1d5dfd4ffc0d); Time taken: 0.198 seconds
[2025-03-20T10:59:28.685+0000] {subprocess.py:93} INFO - INFO  : OK
[2025-03-20T10:59:28.686+0000] {subprocess.py:93} INFO - INFO  : Concurrency mode is disabled, not creating a lock manager
[2025-03-20T10:59:28.687+0000] {subprocess.py:93} INFO - No rows affected (0.265 seconds)
[2025-03-20T10:59:33.798+0000] {subprocess.py:93} INFO - INFO  : Compiling command(queryId=root_20250320105928_56f91679-aca0-4849-a2bb-3584addb414d): INSERT INTO TABLE fraud_detections
[2025-03-20T10:59:33.800+0000] {subprocess.py:93} INFO -     SELECT
[2025-03-20T10:59:33.801+0000] {subprocess.py:93} INFO -         t.transaction_id,
[2025-03-20T10:59:33.802+0000] {subprocess.py:93} INFO -         t.date_time,
[2025-03-20T10:59:33.803+0000] {subprocess.py:93} INFO -         t.amount,
[2025-03-20T10:59:33.804+0000] {subprocess.py:93} INFO -         t.customer_id,
[2025-03-20T10:59:33.806+0000] {subprocess.py:93} INFO -         t.location,
[2025-03-20T10:59:33.807+0000] {subprocess.py:93} INFO -         'High Amount' AS fraud_reason
[2025-03-20T10:59:33.808+0000] {subprocess.py:93} INFO -     FROM transactions t
[2025-03-20T10:59:33.810+0000] {subprocess.py:93} INFO -     WHERE t.batch_id = 'batch_0'
[2025-03-20T10:59:33.812+0000] {subprocess.py:93} INFO -     AND t.amount > 1000
[2025-03-20T10:59:33.813+0000] {subprocess.py:93} INFO - INFO  : Concurrency mode is disabled, not creating a lock manager
[2025-03-20T10:59:33.814+0000] {subprocess.py:93} INFO - INFO  : Semantic Analysis Completed (retrial = false)
[2025-03-20T10:59:33.814+0000] {subprocess.py:93} INFO - INFO  : Returning Hive schema: Schema(fieldSchemas:[FieldSchema(name:t.transaction_id, type:string, comment:null), FieldSchema(name:t.date_time, type:string, comment:null), FieldSchema(name:t.amount, type:double, comment:null), FieldSchema(name:t.customer_id, type:string, comment:null), FieldSchema(name:t.location, type:string, comment:null), FieldSchema(name:fraud_reason, type:string, comment:null)], properties:null)
[2025-03-20T10:59:33.815+0000] {subprocess.py:93} INFO - INFO  : Completed compiling command(queryId=root_20250320105928_56f91679-aca0-4849-a2bb-3584addb414d); Time taken: 4.083 seconds
[2025-03-20T10:59:33.816+0000] {subprocess.py:93} INFO - INFO  : Concurrency mode is disabled, not creating a lock manager
[2025-03-20T10:59:33.816+0000] {subprocess.py:93} INFO - INFO  : Executing command(queryId=root_20250320105928_56f91679-aca0-4849-a2bb-3584addb414d): INSERT INTO TABLE fraud_detections
[2025-03-20T10:59:33.817+0000] {subprocess.py:93} INFO -     SELECT
[2025-03-20T10:59:33.817+0000] {subprocess.py:93} INFO -         t.transaction_id,
[2025-03-20T10:59:33.818+0000] {subprocess.py:93} INFO -         t.date_time,
[2025-03-20T10:59:33.819+0000] {subprocess.py:93} INFO -         t.amount,
[2025-03-20T10:59:33.819+0000] {subprocess.py:93} INFO -         t.customer_id,
[2025-03-20T10:59:33.820+0000] {subprocess.py:93} INFO -         t.location,
[2025-03-20T10:59:33.821+0000] {subprocess.py:93} INFO -         'High Amount' AS fraud_reason
[2025-03-20T10:59:33.822+0000] {subprocess.py:93} INFO -     FROM transactions t
[2025-03-20T10:59:33.822+0000] {subprocess.py:93} INFO -     WHERE t.batch_id = 'batch_0'
[2025-03-20T10:59:33.823+0000] {subprocess.py:93} INFO -     AND t.amount > 1000
[2025-03-20T10:59:33.829+0000] {subprocess.py:93} INFO - INFO  : Query ID = root_20250320105928_56f91679-aca0-4849-a2bb-3584addb414d
[2025-03-20T10:59:33.831+0000] {subprocess.py:93} INFO - INFO  : Total jobs = 1
[2025-03-20T10:59:33.832+0000] {subprocess.py:93} INFO - INFO  : Launching Job 1 out of 1
[2025-03-20T10:59:33.833+0000] {subprocess.py:93} INFO - INFO  : Starting task [Stage-1:MAPRED] in serial mode
[2025-03-20T10:59:47.346+0000] {subprocess.py:93} INFO - ERROR : Failed to monitor Job[-1] with exception 'java.lang.IllegalStateException(Connection to remote Spark driver was lost)' Last known state = SENT
[2025-03-20T10:59:47.348+0000] {subprocess.py:93} INFO - java.lang.IllegalStateException: Connection to remote Spark driver was lost
[2025-03-20T10:59:47.349+0000] {subprocess.py:93} INFO - 	at com.google.common.base.Preconditions.checkState(Preconditions.java:174)
[2025-03-20T10:59:47.350+0000] {subprocess.py:93} INFO - 	at org.apache.hadoop.hive.ql.exec.spark.status.RemoteSparkJobMonitor.startMonitor(RemoteSparkJobMonitor.java:70)
[2025-03-20T10:59:47.351+0000] {subprocess.py:93} INFO - 	at org.apache.hadoop.hive.ql.exec.spark.status.impl.RemoteSparkJobRef.monitorJob(RemoteSparkJobRef.java:60)
[2025-03-20T10:59:47.351+0000] {subprocess.py:93} INFO - 	at org.apache.hadoop.hive.ql.exec.spark.SparkTask.execute(SparkTask.java:146)
[2025-03-20T10:59:47.352+0000] {subprocess.py:93} INFO - 	at org.apache.hadoop.hive.ql.exec.Task.executeTask(Task.java:205)
[2025-03-20T10:59:47.353+0000] {subprocess.py:93} INFO - 	at org.apache.hadoop.hive.ql.exec.TaskRunner.runSequential(TaskRunner.java:97)
[2025-03-20T10:59:47.353+0000] {subprocess.py:93} INFO - 	at org.apache.hadoop.hive.ql.Driver.launchTask(Driver.java:2664)
[2025-03-20T10:59:47.354+0000] {subprocess.py:93} INFO - 	at org.apache.hadoop.hive.ql.Driver.execute(Driver.java:2335)
[2025-03-20T10:59:47.355+0000] {subprocess.py:93} INFO - 	at org.apache.hadoop.hive.ql.Driver.runInternal(Driver.java:2011)
[2025-03-20T10:59:47.355+0000] {subprocess.py:93} INFO - 	at org.apache.hadoop.hive.ql.Driver.run(Driver.java:1709)
[2025-03-20T10:59:47.356+0000] {subprocess.py:93} INFO - 	at org.apache.hadoop.hive.ql.Driver.run(Driver.java:1703)
[2025-03-20T10:59:47.356+0000] {subprocess.py:93} INFO - 	at org.apache.hadoop.hive.ql.reexec.ReExecDriver.run(ReExecDriver.java:157)
[2025-03-20T10:59:47.357+0000] {subprocess.py:93} INFO - 	at org.apache.hive.service.cli.operation.SQLOperation.runQuery(SQLOperation.java:224)
[2025-03-20T10:59:47.358+0000] {subprocess.py:93} INFO - 	at org.apache.hive.service.cli.operation.SQLOperation.access$700(SQLOperation.java:87)
[2025-03-20T10:59:47.358+0000] {subprocess.py:93} INFO - 	at org.apache.hive.service.cli.operation.SQLOperation$BackgroundWork$1.run(SQLOperation.java:316)
[2025-03-20T10:59:47.359+0000] {subprocess.py:93} INFO - 	at java.security.AccessController.doPrivileged(Native Method)
[2025-03-20T10:59:47.359+0000] {subprocess.py:93} INFO - 	at javax.security.auth.Subject.doAs(Subject.java:422)
[2025-03-20T10:59:47.360+0000] {subprocess.py:93} INFO - 	at org.apache.hadoop.security.UserGroupInformation.doAs(UserGroupInformation.java:1682)
[2025-03-20T10:59:47.361+0000] {subprocess.py:93} INFO - 	at org.apache.hive.service.cli.operation.SQLOperation$BackgroundWork.run(SQLOperation.java:329)
[2025-03-20T10:59:47.361+0000] {subprocess.py:93} INFO - 	at java.util.concurrent.Executors$RunnableAdapter.call(Executors.java:511)
[2025-03-20T10:59:47.362+0000] {subprocess.py:93} INFO - 	at java.util.concurrent.FutureTask.run(FutureTask.java:266)
[2025-03-20T10:59:47.362+0000] {subprocess.py:93} INFO - 	at java.util.concurrent.ThreadPoolExecutor.runWorker(ThreadPoolExecutor.java:1149)
[2025-03-20T10:59:47.364+0000] {subprocess.py:93} INFO - 	at java.util.concurrent.ThreadPoolExecutor$Worker.run(ThreadPoolExecutor.java:624)
[2025-03-20T10:59:47.364+0000] {subprocess.py:93} INFO - 	at java.lang.Thread.run(Thread.java:750)
[2025-03-20T10:59:47.365+0000] {subprocess.py:93} INFO - 
[2025-03-20T10:59:47.366+0000] {subprocess.py:93} INFO - ERROR : FAILED: Execution Error, return code 1 from org.apache.hadoop.hive.ql.exec.spark.SparkTask. RPC channel is closed.
[2025-03-20T10:59:47.366+0000] {subprocess.py:93} INFO - INFO  : Completed executing command(queryId=root_20250320105928_56f91679-aca0-4849-a2bb-3584addb414d); Time taken: 14.545 seconds
[2025-03-20T10:59:47.367+0000] {subprocess.py:93} INFO - INFO  : Concurrency mode is disabled, not creating a lock manager
[2025-03-20T10:59:47.369+0000] {subprocess.py:93} INFO - Error: Error while processing statement: FAILED: Execution Error, return code 1 from org.apache.hadoop.hive.ql.exec.spark.SparkTask. RPC channel is closed. (state=08S01,code=1)
[2025-03-20T10:59:47.375+0000] {subprocess.py:93} INFO - Closing: 0: jdbc:hive2://localhost:10000
[2025-03-20T10:59:47.433+0000] {subprocess.py:97} INFO - Command exited with return code 1
[2025-03-20T10:59:47.455+0000] {taskinstance.py:1935} ERROR - Task failed with exception
Traceback (most recent call last):
  File "/home/airflow/.local/lib/python3.8/site-packages/airflow/operators/bash.py", line 210, in execute
    raise AirflowException(
airflow.exceptions.AirflowException: Bash command failed. The command returned a non-zero exit code 1.
[2025-03-20T10:59:47.463+0000] {taskinstance.py:1398} INFO - Marking task as FAILED. dag_id=transactions_pipeline, task_id=detect_fraud, execution_date=20250320T105901, start_date=20250320T105924, end_date=20250320T105947
[2025-03-20T10:59:47.517+0000] {standard_task_runner.py:104} ERROR - Failed to execute job 261 for task detect_fraud (Bash command failed. The command returned a non-zero exit code 1.; 237)
[2025-03-20T10:59:47.559+0000] {local_task_job_runner.py:228} INFO - Task exited with return code 1
[2025-03-20T10:59:47.607+0000] {taskinstance.py:2776} INFO - 0 downstream tasks scheduled from follow-on schedule check
