[2025-03-21T11:00:31.366+0000] {taskinstance.py:1157} INFO - Dependencies all met for dep_context=non-requeueable deps ti=<TaskInstance: transactions_pipeline.create_fraud_table scheduled__2025-03-21T09:44:58.540079+00:00 [queued]>
[2025-03-21T11:00:31.375+0000] {taskinstance.py:1157} INFO - Dependencies all met for dep_context=requeueable deps ti=<TaskInstance: transactions_pipeline.create_fraud_table scheduled__2025-03-21T09:44:58.540079+00:00 [queued]>
[2025-03-21T11:00:31.376+0000] {taskinstance.py:1359} INFO - Starting attempt 1 of 2
[2025-03-21T11:00:31.392+0000] {taskinstance.py:1380} INFO - Executing <Task(BashOperator): create_fraud_table> on 2025-03-21 09:44:58.540079+00:00
[2025-03-21T11:00:31.401+0000] {standard_task_runner.py:57} INFO - Started process 4333 to run task
[2025-03-21T11:00:31.405+0000] {standard_task_runner.py:84} INFO - Running: ['***', 'tasks', 'run', 'transactions_pipeline', 'create_fraud_table', 'scheduled__2025-03-21T09:44:58.540079+00:00', '--job-id', '493', '--raw', '--subdir', 'DAGS_FOLDER/fraud_detection_pipeline.py', '--cfg-path', '/tmp/tmp41hx2vep']
[2025-03-21T11:00:31.408+0000] {standard_task_runner.py:85} INFO - Job 493: Subtask create_fraud_table
[2025-03-21T11:00:31.469+0000] {task_command.py:415} INFO - Running <TaskInstance: transactions_pipeline.create_fraud_table scheduled__2025-03-21T09:44:58.540079+00:00 [running]> on host 6688e233cb20
[2025-03-21T11:00:31.549+0000] {taskinstance.py:1660} INFO - Exporting env vars: AIRFLOW_CTX_DAG_EMAIL='rabiizahnoune7@gmail.com' AIRFLOW_CTX_DAG_OWNER='***' AIRFLOW_CTX_DAG_ID='transactions_pipeline' AIRFLOW_CTX_TASK_ID='create_fraud_table' AIRFLOW_CTX_EXECUTION_DATE='2025-03-21T09:44:58.540079+00:00' AIRFLOW_CTX_TRY_NUMBER='1' AIRFLOW_CTX_DAG_RUN_ID='scheduled__2025-03-21T09:44:58.540079+00:00'
[2025-03-21T11:00:31.551+0000] {subprocess.py:63} INFO - Tmp dir root location: /tmp
[2025-03-21T11:00:31.553+0000] {subprocess.py:75} INFO - Running command: ['/bin/bash', '-c', '\n        docker exec hive beeline -u "jdbc:hive2://localhost:10000" -e "\n        CREATE EXTERNAL TABLE IF NOT EXISTS fraud_detections (\n            transaction_id STRING,\n            date_time STRING,\n            amount DOUBLE,\n            customer_id STRING,\n            location STRING,\n            fraud_reason STRING\n        )\n        STORED AS PARQUET\n        LOCATION \'/data/fraud_detections\';"\n        ']
[2025-03-21T11:00:31.565+0000] {subprocess.py:86} INFO - Output:
[2025-03-21T11:00:32.455+0000] {subprocess.py:93} INFO - SLF4J: Class path contains multiple SLF4J bindings.
[2025-03-21T11:00:32.457+0000] {subprocess.py:93} INFO - SLF4J: Found binding in [jar:file:/opt/hive/lib/log4j-slf4j-impl-2.17.1.jar!/org/slf4j/impl/StaticLoggerBinder.class]
[2025-03-21T11:00:32.458+0000] {subprocess.py:93} INFO - SLF4J: Found binding in [jar:file:/opt/hadoop/share/hadoop/common/lib/slf4j-log4j12-1.7.25.jar!/org/slf4j/impl/StaticLoggerBinder.class]
[2025-03-21T11:00:32.458+0000] {subprocess.py:93} INFO - SLF4J: See http://www.slf4j.org/codes.html#multiple_bindings for an explanation.
[2025-03-21T11:00:32.576+0000] {subprocess.py:93} INFO - SLF4J: Actual binding is of type [org.apache.logging.slf4j.Log4jLoggerFactory]
[2025-03-21T11:00:33.522+0000] {subprocess.py:93} INFO - Connecting to jdbc:hive2://localhost:10000
[2025-03-21T11:00:33.724+0000] {subprocess.py:93} INFO - Connected to: Apache Hive (version 3.1.3)
[2025-03-21T11:00:33.725+0000] {subprocess.py:93} INFO - Driver: Hive JDBC (version 3.1.3)
[2025-03-21T11:00:33.726+0000] {subprocess.py:93} INFO - Transaction isolation: TRANSACTION_REPEATABLE_READ
[2025-03-21T11:00:33.812+0000] {subprocess.py:93} INFO - INFO  : Compiling command(queryId=root_20250321110033_e34815f8-6e40-4ec6-bc4c-c95c744e71e4): CREATE EXTERNAL TABLE IF NOT EXISTS fraud_detections (
[2025-03-21T11:00:33.813+0000] {subprocess.py:93} INFO -             transaction_id STRING,
[2025-03-21T11:00:33.814+0000] {subprocess.py:93} INFO -             date_time STRING,
[2025-03-21T11:00:33.815+0000] {subprocess.py:93} INFO -             amount DOUBLE,
[2025-03-21T11:00:33.816+0000] {subprocess.py:93} INFO -             customer_id STRING,
[2025-03-21T11:00:33.816+0000] {subprocess.py:93} INFO -             location STRING,
[2025-03-21T11:00:33.817+0000] {subprocess.py:93} INFO -             fraud_reason STRING
[2025-03-21T11:00:33.818+0000] {subprocess.py:93} INFO -         )
[2025-03-21T11:00:33.818+0000] {subprocess.py:93} INFO -         STORED AS PARQUET
[2025-03-21T11:00:33.819+0000] {subprocess.py:93} INFO -         LOCATION '/data/fraud_detections'
[2025-03-21T11:00:33.820+0000] {subprocess.py:93} INFO - INFO  : Concurrency mode is disabled, not creating a lock manager
[2025-03-21T11:00:33.820+0000] {subprocess.py:93} INFO - INFO  : Semantic Analysis Completed (retrial = false)
[2025-03-21T11:00:33.821+0000] {subprocess.py:93} INFO - INFO  : Returning Hive schema: Schema(fieldSchemas:null, properties:null)
[2025-03-21T11:00:33.821+0000] {subprocess.py:93} INFO - INFO  : Completed compiling command(queryId=root_20250321110033_e34815f8-6e40-4ec6-bc4c-c95c744e71e4); Time taken: 0.013 seconds
[2025-03-21T11:00:33.822+0000] {subprocess.py:93} INFO - INFO  : Concurrency mode is disabled, not creating a lock manager
[2025-03-21T11:00:33.822+0000] {subprocess.py:93} INFO - INFO  : Executing command(queryId=root_20250321110033_e34815f8-6e40-4ec6-bc4c-c95c744e71e4): CREATE EXTERNAL TABLE IF NOT EXISTS fraud_detections (
[2025-03-21T11:00:33.823+0000] {subprocess.py:93} INFO -             transaction_id STRING,
[2025-03-21T11:00:33.823+0000] {subprocess.py:93} INFO -             date_time STRING,
[2025-03-21T11:00:33.824+0000] {subprocess.py:93} INFO -             amount DOUBLE,
[2025-03-21T11:00:33.825+0000] {subprocess.py:93} INFO -             customer_id STRING,
[2025-03-21T11:00:33.825+0000] {subprocess.py:93} INFO -             location STRING,
[2025-03-21T11:00:33.826+0000] {subprocess.py:93} INFO -             fraud_reason STRING
[2025-03-21T11:00:33.827+0000] {subprocess.py:93} INFO -         )
[2025-03-21T11:00:33.828+0000] {subprocess.py:93} INFO -         STORED AS PARQUET
[2025-03-21T11:00:33.828+0000] {subprocess.py:93} INFO -         LOCATION '/data/fraud_detections'
[2025-03-21T11:00:33.829+0000] {subprocess.py:93} INFO - INFO  : Completed executing command(queryId=root_20250321110033_e34815f8-6e40-4ec6-bc4c-c95c744e71e4); Time taken: 0.001 seconds
[2025-03-21T11:00:33.829+0000] {subprocess.py:93} INFO - INFO  : OK
[2025-03-21T11:00:33.830+0000] {subprocess.py:93} INFO - INFO  : Concurrency mode is disabled, not creating a lock manager
[2025-03-21T11:00:33.831+0000] {subprocess.py:93} INFO - No rows affected (0.075 seconds)
[2025-03-21T11:00:33.832+0000] {subprocess.py:93} INFO - Beeline version 3.1.3 by Apache Hive
[2025-03-21T11:00:33.836+0000] {subprocess.py:93} INFO - Closing: 0: jdbc:hive2://localhost:10000
[2025-03-21T11:00:33.875+0000] {subprocess.py:97} INFO - Command exited with return code 0
[2025-03-21T11:00:33.904+0000] {taskinstance.py:1398} INFO - Marking task as SUCCESS. dag_id=transactions_pipeline, task_id=create_fraud_table, execution_date=20250321T094458, start_date=20250321T110031, end_date=20250321T110033
[2025-03-21T11:00:33.961+0000] {local_task_job_runner.py:228} INFO - Task exited with return code 0
[2025-03-21T11:00:33.988+0000] {taskinstance.py:2776} INFO - 1 downstream tasks scheduled from follow-on schedule check
