[2025-03-21T03:00:42.452+0000] {taskinstance.py:1157} INFO - Dependencies all met for dep_context=non-requeueable deps ti=<TaskInstance: transactions_pipeline.create_hive_table scheduled__2025-03-21T02:10:32.992418+00:00 [queued]>
[2025-03-21T03:00:42.461+0000] {taskinstance.py:1157} INFO - Dependencies all met for dep_context=requeueable deps ti=<TaskInstance: transactions_pipeline.create_hive_table scheduled__2025-03-21T02:10:32.992418+00:00 [queued]>
[2025-03-21T03:00:42.462+0000] {taskinstance.py:1359} INFO - Starting attempt 1 of 2
[2025-03-21T03:00:42.476+0000] {taskinstance.py:1380} INFO - Executing <Task(BashOperator): create_hive_table> on 2025-03-21 02:10:32.992418+00:00
[2025-03-21T03:00:42.484+0000] {standard_task_runner.py:57} INFO - Started process 2721 to run task
[2025-03-21T03:00:42.487+0000] {standard_task_runner.py:84} INFO - Running: ['***', 'tasks', 'run', 'transactions_pipeline', 'create_hive_table', 'scheduled__2025-03-21T02:10:32.992418+00:00', '--job-id', '456', '--raw', '--subdir', 'DAGS_FOLDER/fraud_detection_pipeline.py', '--cfg-path', '/tmp/tmp46rtkjxx']
[2025-03-21T03:00:42.490+0000] {standard_task_runner.py:85} INFO - Job 456: Subtask create_hive_table
[2025-03-21T03:00:42.546+0000] {task_command.py:415} INFO - Running <TaskInstance: transactions_pipeline.create_hive_table scheduled__2025-03-21T02:10:32.992418+00:00 [running]> on host 6688e233cb20
[2025-03-21T03:00:42.668+0000] {taskinstance.py:1660} INFO - Exporting env vars: AIRFLOW_CTX_DAG_EMAIL='rabiizahnoune7@gmail.com' AIRFLOW_CTX_DAG_OWNER='***' AIRFLOW_CTX_DAG_ID='transactions_pipeline' AIRFLOW_CTX_TASK_ID='create_hive_table' AIRFLOW_CTX_EXECUTION_DATE='2025-03-21T02:10:32.992418+00:00' AIRFLOW_CTX_TRY_NUMBER='1' AIRFLOW_CTX_DAG_RUN_ID='scheduled__2025-03-21T02:10:32.992418+00:00'
[2025-03-21T03:00:42.670+0000] {subprocess.py:63} INFO - Tmp dir root location: /tmp
[2025-03-21T03:00:42.671+0000] {subprocess.py:75} INFO - Running command: ['/bin/bash', '-c', '\n        docker exec hive beeline -u "jdbc:hive2://localhost:10000" --hiveconf hive.exec.dynamic.partition.mode=nonstrict -e "\n        CREATE EXTERNAL TABLE IF NOT EXISTS transactions (\n            transaction_id STRING,\n            date_time STRING,\n            amount DOUBLE,\n            currency STRING,\n            merchant_details STRING,\n            customer_id STRING,\n            transaction_type STRING,\n            location STRING\n        )\n        PARTITIONED BY (batch_id STRING)\n        STORED AS PARQUET;\n        ALTER TABLE transactions ADD IF NOT EXISTS PARTITION (batch_id=\'batch_20250320_144447\') LOCATION \'/data/transactions/transactions_batch_20250320_144447\';"\n        ']
[2025-03-21T03:00:42.685+0000] {subprocess.py:86} INFO - Output:
[2025-03-21T03:00:43.656+0000] {subprocess.py:93} INFO - SLF4J: Class path contains multiple SLF4J bindings.
[2025-03-21T03:00:43.657+0000] {subprocess.py:93} INFO - SLF4J: Found binding in [jar:file:/opt/hive/lib/log4j-slf4j-impl-2.17.1.jar!/org/slf4j/impl/StaticLoggerBinder.class]
[2025-03-21T03:00:43.658+0000] {subprocess.py:93} INFO - SLF4J: Found binding in [jar:file:/opt/hadoop/share/hadoop/common/lib/slf4j-log4j12-1.7.25.jar!/org/slf4j/impl/StaticLoggerBinder.class]
[2025-03-21T03:00:43.659+0000] {subprocess.py:93} INFO - SLF4J: See http://www.slf4j.org/codes.html#multiple_bindings for an explanation.
[2025-03-21T03:00:43.808+0000] {subprocess.py:93} INFO - SLF4J: Actual binding is of type [org.apache.logging.slf4j.Log4jLoggerFactory]
[2025-03-21T03:00:44.834+0000] {subprocess.py:93} INFO - Connecting to jdbc:hive2://localhost:10000
[2025-03-21T03:00:45.005+0000] {subprocess.py:93} INFO - Connected to: Apache Hive (version 3.1.3)
[2025-03-21T03:00:45.006+0000] {subprocess.py:93} INFO - Driver: Hive JDBC (version 3.1.3)
[2025-03-21T03:00:45.007+0000] {subprocess.py:93} INFO - Transaction isolation: TRANSACTION_REPEATABLE_READ
[2025-03-21T03:00:45.092+0000] {subprocess.py:93} INFO - INFO  : Compiling command(queryId=root_20250321030045_ed3f1de2-c9fd-44ac-968f-b8454ee84aeb): CREATE EXTERNAL TABLE IF NOT EXISTS transactions (
[2025-03-21T03:00:45.093+0000] {subprocess.py:93} INFO -             transaction_id STRING,
[2025-03-21T03:00:45.094+0000] {subprocess.py:93} INFO -             date_time STRING,
[2025-03-21T03:00:45.094+0000] {subprocess.py:93} INFO -             amount DOUBLE,
[2025-03-21T03:00:45.095+0000] {subprocess.py:93} INFO -             currency STRING,
[2025-03-21T03:00:45.096+0000] {subprocess.py:93} INFO -             merchant_details STRING,
[2025-03-21T03:00:45.097+0000] {subprocess.py:93} INFO -             customer_id STRING,
[2025-03-21T03:00:45.097+0000] {subprocess.py:93} INFO -             transaction_type STRING,
[2025-03-21T03:00:45.098+0000] {subprocess.py:93} INFO -             location STRING
[2025-03-21T03:00:45.098+0000] {subprocess.py:93} INFO -         )
[2025-03-21T03:00:45.100+0000] {subprocess.py:93} INFO -         PARTITIONED BY (batch_id STRING)
[2025-03-21T03:00:45.101+0000] {subprocess.py:93} INFO -         STORED AS PARQUET
[2025-03-21T03:00:45.101+0000] {subprocess.py:93} INFO - INFO  : Concurrency mode is disabled, not creating a lock manager
[2025-03-21T03:00:45.101+0000] {subprocess.py:93} INFO - INFO  : Semantic Analysis Completed (retrial = false)
[2025-03-21T03:00:45.102+0000] {subprocess.py:93} INFO - INFO  : Returning Hive schema: Schema(fieldSchemas:null, properties:null)
[2025-03-21T03:00:45.102+0000] {subprocess.py:93} INFO - INFO  : Completed compiling command(queryId=root_20250321030045_ed3f1de2-c9fd-44ac-968f-b8454ee84aeb); Time taken: 0.019 seconds
[2025-03-21T03:00:45.103+0000] {subprocess.py:93} INFO - INFO  : Concurrency mode is disabled, not creating a lock manager
[2025-03-21T03:00:45.104+0000] {subprocess.py:93} INFO - INFO  : Executing command(queryId=root_20250321030045_ed3f1de2-c9fd-44ac-968f-b8454ee84aeb): CREATE EXTERNAL TABLE IF NOT EXISTS transactions (
[2025-03-21T03:00:45.104+0000] {subprocess.py:93} INFO -             transaction_id STRING,
[2025-03-21T03:00:45.105+0000] {subprocess.py:93} INFO -             date_time STRING,
[2025-03-21T03:00:45.105+0000] {subprocess.py:93} INFO -             amount DOUBLE,
[2025-03-21T03:00:45.106+0000] {subprocess.py:93} INFO -             currency STRING,
[2025-03-21T03:00:45.106+0000] {subprocess.py:93} INFO -             merchant_details STRING,
[2025-03-21T03:00:45.107+0000] {subprocess.py:93} INFO -             customer_id STRING,
[2025-03-21T03:00:45.107+0000] {subprocess.py:93} INFO -             transaction_type STRING,
[2025-03-21T03:00:45.108+0000] {subprocess.py:93} INFO -             location STRING
[2025-03-21T03:00:45.108+0000] {subprocess.py:93} INFO -         )
[2025-03-21T03:00:45.108+0000] {subprocess.py:93} INFO -         PARTITIONED BY (batch_id STRING)
[2025-03-21T03:00:45.109+0000] {subprocess.py:93} INFO -         STORED AS PARQUET
[2025-03-21T03:00:45.109+0000] {subprocess.py:93} INFO - INFO  : Completed executing command(queryId=root_20250321030045_ed3f1de2-c9fd-44ac-968f-b8454ee84aeb); Time taken: 0.001 seconds
[2025-03-21T03:00:45.110+0000] {subprocess.py:93} INFO - INFO  : OK
[2025-03-21T03:00:45.111+0000] {subprocess.py:93} INFO - INFO  : Concurrency mode is disabled, not creating a lock manager
[2025-03-21T03:00:45.111+0000] {subprocess.py:93} INFO - No rows affected (0.074 seconds)
[2025-03-21T03:00:45.183+0000] {subprocess.py:93} INFO - INFO  : Compiling command(queryId=root_20250321030045_0fe340b2-23f8-4709-875a-5c4105244398): ALTER TABLE transactions ADD IF NOT EXISTS PARTITION (batch_id='batch_20250320_144447') LOCATION '/data/transactions/transactions_batch_20250320_144447'
[2025-03-21T03:00:45.184+0000] {subprocess.py:93} INFO - INFO  : Concurrency mode is disabled, not creating a lock manager
[2025-03-21T03:00:45.185+0000] {subprocess.py:93} INFO - INFO  : Semantic Analysis Completed (retrial = false)
[2025-03-21T03:00:45.185+0000] {subprocess.py:93} INFO - INFO  : Returning Hive schema: Schema(fieldSchemas:null, properties:null)
[2025-03-21T03:00:45.186+0000] {subprocess.py:93} INFO - INFO  : Completed compiling command(queryId=root_20250321030045_0fe340b2-23f8-4709-875a-5c4105244398); Time taken: 0.01 seconds
[2025-03-21T03:00:45.186+0000] {subprocess.py:93} INFO - INFO  : Concurrency mode is disabled, not creating a lock manager
[2025-03-21T03:00:45.187+0000] {subprocess.py:93} INFO - INFO  : Executing command(queryId=root_20250321030045_0fe340b2-23f8-4709-875a-5c4105244398): ALTER TABLE transactions ADD IF NOT EXISTS PARTITION (batch_id='batch_20250320_144447') LOCATION '/data/transactions/transactions_batch_20250320_144447'
[2025-03-21T03:00:45.188+0000] {subprocess.py:93} INFO - INFO  : Starting task [Stage-0:DDL] in serial mode
[2025-03-21T03:00:45.189+0000] {subprocess.py:93} INFO - INFO  : Completed executing command(queryId=root_20250321030045_0fe340b2-23f8-4709-875a-5c4105244398); Time taken: 0.033 seconds
[2025-03-21T03:00:45.189+0000] {subprocess.py:93} INFO - INFO  : OK
[2025-03-21T03:00:45.190+0000] {subprocess.py:93} INFO - INFO  : Concurrency mode is disabled, not creating a lock manager
[2025-03-21T03:00:45.190+0000] {subprocess.py:93} INFO - No rows affected (0.078 seconds)
[2025-03-21T03:00:45.191+0000] {subprocess.py:93} INFO - Beeline version 3.1.3 by Apache Hive
[2025-03-21T03:00:45.193+0000] {subprocess.py:93} INFO - Closing: 0: jdbc:hive2://localhost:10000
[2025-03-21T03:00:45.231+0000] {subprocess.py:97} INFO - Command exited with return code 0
[2025-03-21T03:00:45.255+0000] {taskinstance.py:1398} INFO - Marking task as SUCCESS. dag_id=transactions_pipeline, task_id=create_hive_table, execution_date=20250321T021032, start_date=20250321T030042, end_date=20250321T030045
[2025-03-21T03:00:45.313+0000] {local_task_job_runner.py:228} INFO - Task exited with return code 0
[2025-03-21T03:00:45.340+0000] {taskinstance.py:2776} INFO - 1 downstream tasks scheduled from follow-on schedule check
