[2025-03-19T19:52:28.216+0000] {taskinstance.py:1157} INFO - Dependencies all met for dep_context=non-requeueable deps ti=<TaskInstance: transactions_pipeline.create_hive_table manual__2025-03-19T19:52:19.178060+00:00 [queued]>
[2025-03-19T19:52:28.232+0000] {taskinstance.py:1157} INFO - Dependencies all met for dep_context=requeueable deps ti=<TaskInstance: transactions_pipeline.create_hive_table manual__2025-03-19T19:52:19.178060+00:00 [queued]>
[2025-03-19T19:52:28.233+0000] {taskinstance.py:1359} INFO - Starting attempt 1 of 1
[2025-03-19T19:52:28.255+0000] {taskinstance.py:1380} INFO - Executing <Task(BashOperator): create_hive_table> on 2025-03-19 19:52:19.178060+00:00
[2025-03-19T19:52:28.264+0000] {standard_task_runner.py:57} INFO - Started process 2826 to run task
[2025-03-19T19:52:28.270+0000] {standard_task_runner.py:84} INFO - Running: ['***', 'tasks', 'run', 'transactions_pipeline', 'create_hive_table', 'manual__2025-03-19T19:52:19.178060+00:00', '--job-id', '142', '--raw', '--subdir', 'DAGS_FOLDER/fraud_detection_pipeline.py', '--cfg-path', '/tmp/tmpa248uuej']
[2025-03-19T19:52:28.273+0000] {standard_task_runner.py:85} INFO - Job 142: Subtask create_hive_table
[2025-03-19T19:52:28.372+0000] {task_command.py:415} INFO - Running <TaskInstance: transactions_pipeline.create_hive_table manual__2025-03-19T19:52:19.178060+00:00 [running]> on host 347688f31140
[2025-03-19T19:52:28.482+0000] {logging_mixin.py:151} WARNING - /home/***/.local/lib/python3.8/site-packages/***/utils/context.py:206 AirflowContextDeprecationWarning: Accessing 'execution_date' from the template is deprecated and will be removed in a future version. Please use 'data_interval_start' or 'logical_date' instead.
[2025-03-19T19:52:28.542+0000] {taskinstance.py:1660} INFO - Exporting env vars: AIRFLOW_CTX_DAG_OWNER='***' AIRFLOW_CTX_DAG_ID='transactions_pipeline' AIRFLOW_CTX_TASK_ID='create_hive_table' AIRFLOW_CTX_EXECUTION_DATE='2025-03-19T19:52:19.178060+00:00' AIRFLOW_CTX_TRY_NUMBER='1' AIRFLOW_CTX_DAG_RUN_ID='manual__2025-03-19T19:52:19.178060+00:00'
[2025-03-19T19:52:28.545+0000] {subprocess.py:63} INFO - Tmp dir root location: /tmp
[2025-03-19T19:52:28.548+0000] {subprocess.py:75} INFO - Running command: ['/bin/bash', '-c', '\n    docker exec hive beeline -u "jdbc:hive2://localhost:10000" --hiveconf hive.exec.dynamic.partition.mode=nonstrict -e "\n    CREATE EXTERNAL TABLE IF NOT EXISTS transactions (\n        transaction_id STRING,\n        date_time STRING,\n        amount DOUBLE,\n        currency STRING,\n        merchant_details STRING,\n        customer_id STRING,\n        transaction_type STRING,\n        location STRING\n    )\n    PARTITIONED BY (batch_id STRING)\n    STORED AS PARQUET\n    LOCATION \'/data/transactions/transactions_batch_0\';\n    ALTER TABLE transactions ADD IF NOT EXISTS PARTITION (batch_id=\'batch_20250319_195219\') LOCATION \'/data/transactions/transactions_batch_0\';"\n    ']
[2025-03-19T19:52:28.561+0000] {subprocess.py:86} INFO - Output:
[2025-03-19T19:52:30.023+0000] {subprocess.py:93} INFO - SLF4J: Class path contains multiple SLF4J bindings.
[2025-03-19T19:52:30.024+0000] {subprocess.py:93} INFO - SLF4J: Found binding in [jar:file:/opt/hive/lib/log4j-slf4j-impl-2.17.1.jar!/org/slf4j/impl/StaticLoggerBinder.class]
[2025-03-19T19:52:30.025+0000] {subprocess.py:93} INFO - SLF4J: Found binding in [jar:file:/opt/hadoop/share/hadoop/common/lib/slf4j-log4j12-1.7.25.jar!/org/slf4j/impl/StaticLoggerBinder.class]
[2025-03-19T19:52:30.027+0000] {subprocess.py:93} INFO - SLF4J: See http://www.slf4j.org/codes.html#multiple_bindings for an explanation.
[2025-03-19T19:52:30.229+0000] {subprocess.py:93} INFO - SLF4J: Actual binding is of type [org.apache.logging.slf4j.Log4jLoggerFactory]
[2025-03-19T19:52:31.889+0000] {subprocess.py:93} INFO - Connecting to jdbc:hive2://localhost:10000
[2025-03-19T19:52:32.244+0000] {subprocess.py:93} INFO - Connected to: Apache Hive (version 3.1.3)
[2025-03-19T19:52:32.251+0000] {subprocess.py:93} INFO - Driver: Hive JDBC (version 3.1.3)
[2025-03-19T19:52:32.252+0000] {subprocess.py:93} INFO - Transaction isolation: TRANSACTION_REPEATABLE_READ
[2025-03-19T19:52:32.370+0000] {subprocess.py:93} INFO - INFO  : Compiling command(queryId=root_20250319195232_46e375ff-447e-4285-b54d-08fb88b38310): CREATE EXTERNAL TABLE IF NOT EXISTS transactions (
[2025-03-19T19:52:32.374+0000] {subprocess.py:93} INFO -         transaction_id STRING,
[2025-03-19T19:52:32.375+0000] {subprocess.py:93} INFO -         date_time STRING,
[2025-03-19T19:52:32.376+0000] {subprocess.py:93} INFO -         amount DOUBLE,
[2025-03-19T19:52:32.377+0000] {subprocess.py:93} INFO -         currency STRING,
[2025-03-19T19:52:32.378+0000] {subprocess.py:93} INFO -         merchant_details STRING,
[2025-03-19T19:52:32.379+0000] {subprocess.py:93} INFO -         customer_id STRING,
[2025-03-19T19:52:32.380+0000] {subprocess.py:93} INFO -         transaction_type STRING,
[2025-03-19T19:52:32.380+0000] {subprocess.py:93} INFO -         location STRING
[2025-03-19T19:52:32.381+0000] {subprocess.py:93} INFO -     )
[2025-03-19T19:52:32.382+0000] {subprocess.py:93} INFO -     PARTITIONED BY (batch_id STRING)
[2025-03-19T19:52:32.383+0000] {subprocess.py:93} INFO -     STORED AS PARQUET
[2025-03-19T19:52:32.383+0000] {subprocess.py:93} INFO -     LOCATION '/data/transactions/transactions_batch_0'
[2025-03-19T19:52:32.384+0000] {subprocess.py:93} INFO - INFO  : Concurrency mode is disabled, not creating a lock manager
[2025-03-19T19:52:32.385+0000] {subprocess.py:93} INFO - INFO  : Semantic Analysis Completed (retrial = false)
[2025-03-19T19:52:32.385+0000] {subprocess.py:93} INFO - INFO  : Returning Hive schema: Schema(fieldSchemas:null, properties:null)
[2025-03-19T19:52:32.386+0000] {subprocess.py:93} INFO - INFO  : Completed compiling command(queryId=root_20250319195232_46e375ff-447e-4285-b54d-08fb88b38310); Time taken: 0.014 seconds
[2025-03-19T19:52:32.387+0000] {subprocess.py:93} INFO - INFO  : Concurrency mode is disabled, not creating a lock manager
[2025-03-19T19:52:32.388+0000] {subprocess.py:93} INFO - INFO  : Executing command(queryId=root_20250319195232_46e375ff-447e-4285-b54d-08fb88b38310): CREATE EXTERNAL TABLE IF NOT EXISTS transactions (
[2025-03-19T19:52:32.390+0000] {subprocess.py:93} INFO -         transaction_id STRING,
[2025-03-19T19:52:32.392+0000] {subprocess.py:93} INFO -         date_time STRING,
[2025-03-19T19:52:32.393+0000] {subprocess.py:93} INFO -         amount DOUBLE,
[2025-03-19T19:52:32.394+0000] {subprocess.py:93} INFO -         currency STRING,
[2025-03-19T19:52:32.395+0000] {subprocess.py:93} INFO -         merchant_details STRING,
[2025-03-19T19:52:32.396+0000] {subprocess.py:93} INFO -         customer_id STRING,
[2025-03-19T19:52:32.396+0000] {subprocess.py:93} INFO -         transaction_type STRING,
[2025-03-19T19:52:32.397+0000] {subprocess.py:93} INFO -         location STRING
[2025-03-19T19:52:32.398+0000] {subprocess.py:93} INFO -     )
[2025-03-19T19:52:32.399+0000] {subprocess.py:93} INFO -     PARTITIONED BY (batch_id STRING)
[2025-03-19T19:52:32.400+0000] {subprocess.py:93} INFO -     STORED AS PARQUET
[2025-03-19T19:52:32.401+0000] {subprocess.py:93} INFO -     LOCATION '/data/transactions/transactions_batch_0'
[2025-03-19T19:52:32.401+0000] {subprocess.py:93} INFO - INFO  : Completed executing command(queryId=root_20250319195232_46e375ff-447e-4285-b54d-08fb88b38310); Time taken: 0.0 seconds
[2025-03-19T19:52:32.402+0000] {subprocess.py:93} INFO - INFO  : OK
[2025-03-19T19:52:32.403+0000] {subprocess.py:93} INFO - INFO  : Concurrency mode is disabled, not creating a lock manager
[2025-03-19T19:52:32.404+0000] {subprocess.py:93} INFO - No rows affected (0.09 seconds)
[2025-03-19T19:52:32.478+0000] {subprocess.py:93} INFO - INFO  : Compiling command(queryId=root_20250319195232_c7e4ebc7-4d77-45a4-a9f1-5b2d76bfb582): ALTER TABLE transactions ADD IF NOT EXISTS PARTITION (batch_id='batch_20250319_195219') LOCATION '/data/transactions/transactions_batch_0'
[2025-03-19T19:52:32.481+0000] {subprocess.py:93} INFO - INFO  : Concurrency mode is disabled, not creating a lock manager
[2025-03-19T19:52:32.482+0000] {subprocess.py:93} INFO - INFO  : Semantic Analysis Completed (retrial = false)
[2025-03-19T19:52:32.484+0000] {subprocess.py:93} INFO - INFO  : Returning Hive schema: Schema(fieldSchemas:null, properties:null)
[2025-03-19T19:52:32.484+0000] {subprocess.py:93} INFO - INFO  : Completed compiling command(queryId=root_20250319195232_c7e4ebc7-4d77-45a4-a9f1-5b2d76bfb582); Time taken: 0.014 seconds
[2025-03-19T19:52:32.486+0000] {subprocess.py:93} INFO - INFO  : Concurrency mode is disabled, not creating a lock manager
[2025-03-19T19:52:32.487+0000] {subprocess.py:93} INFO - INFO  : Executing command(queryId=root_20250319195232_c7e4ebc7-4d77-45a4-a9f1-5b2d76bfb582): ALTER TABLE transactions ADD IF NOT EXISTS PARTITION (batch_id='batch_20250319_195219') LOCATION '/data/transactions/transactions_batch_0'
[2025-03-19T19:52:32.488+0000] {subprocess.py:93} INFO - INFO  : Starting task [Stage-0:DDL] in serial mode
[2025-03-19T19:52:32.489+0000] {subprocess.py:93} INFO - INFO  : Completed executing command(queryId=root_20250319195232_c7e4ebc7-4d77-45a4-a9f1-5b2d76bfb582); Time taken: 0.052 seconds
[2025-03-19T19:52:32.490+0000] {subprocess.py:93} INFO - INFO  : OK
[2025-03-19T19:52:32.491+0000] {subprocess.py:93} INFO - INFO  : Concurrency mode is disabled, not creating a lock manager
[2025-03-19T19:52:32.492+0000] {subprocess.py:93} INFO - No rows affected (0.083 seconds)
[2025-03-19T19:52:32.493+0000] {subprocess.py:93} INFO - Beeline version 3.1.3 by Apache Hive
[2025-03-19T19:52:32.506+0000] {subprocess.py:93} INFO - Closing: 0: jdbc:hive2://localhost:10000
[2025-03-19T19:52:32.557+0000] {subprocess.py:97} INFO - Command exited with return code 0
[2025-03-19T19:52:32.592+0000] {taskinstance.py:1398} INFO - Marking task as SUCCESS. dag_id=transactions_pipeline, task_id=create_hive_table, execution_date=20250319T195219, start_date=20250319T195228, end_date=20250319T195232
[2025-03-19T19:52:32.639+0000] {local_task_job_runner.py:228} INFO - Task exited with return code 0
[2025-03-19T19:52:32.673+0000] {taskinstance.py:2776} INFO - 1 downstream tasks scheduled from follow-on schedule check
