[2025-03-21T13:32:53.433+0000] {taskinstance.py:1157} INFO - Dependencies all met for dep_context=non-requeueable deps ti=<TaskInstance: transactions_pipeline.create_hive_table_batch_20250321_131546 manual__2025-03-21T13:31:53.143260+00:00 [queued]>
[2025-03-21T13:32:53.486+0000] {taskinstance.py:1157} INFO - Dependencies all met for dep_context=requeueable deps ti=<TaskInstance: transactions_pipeline.create_hive_table_batch_20250321_131546 manual__2025-03-21T13:31:53.143260+00:00 [queued]>
[2025-03-21T13:32:53.487+0000] {taskinstance.py:1359} INFO - Starting attempt 1 of 1
[2025-03-21T13:32:53.515+0000] {taskinstance.py:1380} INFO - Executing <Task(BashOperator): create_hive_table_batch_20250321_131546> on 2025-03-21 13:31:53.143260+00:00
[2025-03-21T13:32:53.525+0000] {standard_task_runner.py:57} INFO - Started process 2509 to run task
[2025-03-21T13:32:53.536+0000] {standard_task_runner.py:84} INFO - Running: ['***', 'tasks', 'run', 'transactions_pipeline', 'create_hive_table_batch_20250321_131546', 'manual__2025-03-21T13:31:53.143260+00:00', '--job-id', '643', '--raw', '--subdir', 'DAGS_FOLDER/fraud_detection_pipeline.py', '--cfg-path', '/tmp/tmp8qtzzxnc']
[2025-03-21T13:32:53.540+0000] {standard_task_runner.py:85} INFO - Job 643: Subtask create_hive_table_batch_20250321_131546
[2025-03-21T13:32:53.675+0000] {task_command.py:415} INFO - Running <TaskInstance: transactions_pipeline.create_hive_table_batch_20250321_131546 manual__2025-03-21T13:31:53.143260+00:00 [running]> on host 1b7c3466167a
[2025-03-21T13:32:53.900+0000] {taskinstance.py:1660} INFO - Exporting env vars: AIRFLOW_CTX_DAG_EMAIL='rabiizahnoune7@gmail.com' AIRFLOW_CTX_DAG_OWNER='***' AIRFLOW_CTX_DAG_ID='transactions_pipeline' AIRFLOW_CTX_TASK_ID='create_hive_table_batch_20250321_131546' AIRFLOW_CTX_EXECUTION_DATE='2025-03-21T13:31:53.143260+00:00' AIRFLOW_CTX_TRY_NUMBER='1' AIRFLOW_CTX_DAG_RUN_ID='manual__2025-03-21T13:31:53.143260+00:00'
[2025-03-21T13:32:53.902+0000] {subprocess.py:63} INFO - Tmp dir root location: /tmp
[2025-03-21T13:32:53.904+0000] {subprocess.py:75} INFO - Running command: ['/bin/bash', '-c', '\n            docker exec hive beeline -u "jdbc:hive2://localhost:10000" --hiveconf hive.exec.dynamic.partition.mode=nonstrict -e "\n            CREATE EXTERNAL TABLE IF NOT EXISTS transactions (\n                transaction_id STRING,\n                date_time STRING,\n                amount DOUBLE,\n                currency STRING,\n                merchant_details STRING,\n                customer_id STRING,\n                transaction_type STRING,\n                location STRING\n            )\n            PARTITIONED BY (batch_id STRING)\n            STORED AS PARQUET;\n            ALTER TABLE transactions ADD IF NOT EXISTS PARTITION (batch_id=\'batch_20250321_131546\') LOCATION \'/data/transactions/transactions_batch_20250321_131546\';"\n            ']
[2025-03-21T13:32:53.921+0000] {subprocess.py:86} INFO - Output:
[2025-03-21T13:33:23.436+0000] {subprocess.py:93} INFO - SLF4J: Class path contains multiple SLF4J bindings.
[2025-03-21T13:33:23.439+0000] {subprocess.py:93} INFO - SLF4J: Found binding in [jar:file:/opt/hive/lib/log4j-slf4j-impl-2.17.1.jar!/org/slf4j/impl/StaticLoggerBinder.class]
[2025-03-21T13:33:23.440+0000] {subprocess.py:93} INFO - SLF4J: Found binding in [jar:file:/opt/hadoop/share/hadoop/common/lib/slf4j-log4j12-1.7.25.jar!/org/slf4j/impl/StaticLoggerBinder.class]
[2025-03-21T13:33:23.441+0000] {subprocess.py:93} INFO - SLF4J: See http://www.slf4j.org/codes.html#multiple_bindings for an explanation.
[2025-03-21T13:33:25.850+0000] {subprocess.py:93} INFO - SLF4J: Actual binding is of type [org.apache.logging.slf4j.Log4jLoggerFactory]
[2025-03-21T13:33:42.440+0000] {subprocess.py:93} INFO - Connecting to jdbc:hive2://localhost:10000
[2025-03-21T13:33:46.702+0000] {subprocess.py:93} INFO - Connected to: Apache Hive (version 3.1.3)
[2025-03-21T13:33:46.705+0000] {subprocess.py:93} INFO - Driver: Hive JDBC (version 3.1.3)
[2025-03-21T13:33:46.706+0000] {subprocess.py:93} INFO - Transaction isolation: TRANSACTION_REPEATABLE_READ
[2025-03-21T13:33:49.214+0000] {subprocess.py:93} INFO - INFO  : Compiling command(queryId=root_20250321133347_44415403-904b-4ed3-8552-a3e5c3acbbb8): CREATE EXTERNAL TABLE IF NOT EXISTS transactions (
[2025-03-21T13:33:49.221+0000] {subprocess.py:93} INFO -                 transaction_id STRING,
[2025-03-21T13:33:49.222+0000] {subprocess.py:93} INFO -                 date_time STRING,
[2025-03-21T13:33:49.223+0000] {subprocess.py:93} INFO -                 amount DOUBLE,
[2025-03-21T13:33:49.224+0000] {subprocess.py:93} INFO -                 currency STRING,
[2025-03-21T13:33:49.224+0000] {subprocess.py:93} INFO -                 merchant_details STRING,
[2025-03-21T13:33:49.225+0000] {subprocess.py:93} INFO -                 customer_id STRING,
[2025-03-21T13:33:49.225+0000] {subprocess.py:93} INFO -                 transaction_type STRING,
[2025-03-21T13:33:49.226+0000] {subprocess.py:93} INFO -                 location STRING
[2025-03-21T13:33:49.293+0000] {subprocess.py:93} INFO -             )
[2025-03-21T13:33:49.294+0000] {subprocess.py:93} INFO -             PARTITIONED BY (batch_id STRING)
[2025-03-21T13:33:49.300+0000] {subprocess.py:93} INFO -             STORED AS PARQUET
[2025-03-21T13:33:49.305+0000] {subprocess.py:93} INFO - INFO  : Concurrency mode is disabled, not creating a lock manager
[2025-03-21T13:33:49.307+0000] {subprocess.py:93} INFO - INFO  : Semantic Analysis Completed (retrial = false)
[2025-03-21T13:33:49.308+0000] {subprocess.py:93} INFO - INFO  : Returning Hive schema: Schema(fieldSchemas:null, properties:null)
[2025-03-21T13:33:49.309+0000] {subprocess.py:93} INFO - INFO  : Completed compiling command(queryId=root_20250321133347_44415403-904b-4ed3-8552-a3e5c3acbbb8); Time taken: 0.22 seconds
[2025-03-21T13:33:49.311+0000] {subprocess.py:93} INFO - INFO  : Concurrency mode is disabled, not creating a lock manager
[2025-03-21T13:33:49.324+0000] {subprocess.py:93} INFO - INFO  : Executing command(queryId=root_20250321133347_44415403-904b-4ed3-8552-a3e5c3acbbb8): CREATE EXTERNAL TABLE IF NOT EXISTS transactions (
[2025-03-21T13:33:49.330+0000] {subprocess.py:93} INFO -                 transaction_id STRING,
[2025-03-21T13:33:49.331+0000] {subprocess.py:93} INFO -                 date_time STRING,
[2025-03-21T13:33:49.332+0000] {subprocess.py:93} INFO -                 amount DOUBLE,
[2025-03-21T13:33:49.332+0000] {subprocess.py:93} INFO -                 currency STRING,
[2025-03-21T13:33:49.333+0000] {subprocess.py:93} INFO -                 merchant_details STRING,
[2025-03-21T13:33:49.333+0000] {subprocess.py:93} INFO -                 customer_id STRING,
[2025-03-21T13:33:49.334+0000] {subprocess.py:93} INFO -                 transaction_type STRING,
[2025-03-21T13:33:49.334+0000] {subprocess.py:93} INFO -                 location STRING
[2025-03-21T13:33:49.335+0000] {subprocess.py:93} INFO -             )
[2025-03-21T13:33:49.335+0000] {subprocess.py:93} INFO -             PARTITIONED BY (batch_id STRING)
[2025-03-21T13:33:49.335+0000] {subprocess.py:93} INFO -             STORED AS PARQUET
[2025-03-21T13:33:49.336+0000] {subprocess.py:93} INFO - INFO  : Completed executing command(queryId=root_20250321133347_44415403-904b-4ed3-8552-a3e5c3acbbb8); Time taken: 0.02 seconds
[2025-03-21T13:33:49.336+0000] {subprocess.py:93} INFO - INFO  : OK
[2025-03-21T13:33:49.337+0000] {subprocess.py:93} INFO - INFO  : Concurrency mode is disabled, not creating a lock manager
[2025-03-21T13:33:49.337+0000] {subprocess.py:93} INFO - No rows affected (2.28 seconds)
[2025-03-21T13:33:50.598+0000] {subprocess.py:93} INFO - INFO  : Compiling command(queryId=root_20250321133349_8559d31c-0c37-4b3f-9da8-ee500edc17a4): ALTER TABLE transactions ADD IF NOT EXISTS PARTITION (batch_id='batch_20250321_131546') LOCATION '/data/transactions/transactions_batch_20250321_131546'
[2025-03-21T13:33:50.600+0000] {subprocess.py:93} INFO - INFO  : Concurrency mode is disabled, not creating a lock manager
[2025-03-21T13:33:50.601+0000] {subprocess.py:93} INFO - INFO  : Semantic Analysis Completed (retrial = false)
[2025-03-21T13:33:50.602+0000] {subprocess.py:93} INFO - INFO  : Returning Hive schema: Schema(fieldSchemas:null, properties:null)
[2025-03-21T13:33:50.609+0000] {subprocess.py:93} INFO - INFO  : Completed compiling command(queryId=root_20250321133349_8559d31c-0c37-4b3f-9da8-ee500edc17a4); Time taken: 0.193 seconds
[2025-03-21T13:33:50.610+0000] {subprocess.py:93} INFO - INFO  : Concurrency mode is disabled, not creating a lock manager
[2025-03-21T13:33:50.617+0000] {subprocess.py:93} INFO - INFO  : Executing command(queryId=root_20250321133349_8559d31c-0c37-4b3f-9da8-ee500edc17a4): ALTER TABLE transactions ADD IF NOT EXISTS PARTITION (batch_id='batch_20250321_131546') LOCATION '/data/transactions/transactions_batch_20250321_131546'
[2025-03-21T13:33:50.619+0000] {subprocess.py:93} INFO - INFO  : Starting task [Stage-0:DDL] in serial mode
[2025-03-21T13:33:51.036+0000] {subprocess.py:93} INFO - INFO  : Completed executing command(queryId=root_20250321133349_8559d31c-0c37-4b3f-9da8-ee500edc17a4); Time taken: 0.76 seconds
[2025-03-21T13:33:51.044+0000] {subprocess.py:93} INFO - INFO  : OK
[2025-03-21T13:33:51.045+0000] {subprocess.py:93} INFO - INFO  : Concurrency mode is disabled, not creating a lock manager
[2025-03-21T13:33:51.046+0000] {subprocess.py:93} INFO - No rows affected (1.666 seconds)
[2025-03-21T13:33:51.138+0000] {subprocess.py:93} INFO - Beeline version 3.1.3 by Apache Hive
[2025-03-21T13:33:51.213+0000] {subprocess.py:93} INFO - Closing: 0: jdbc:hive2://localhost:10000
[2025-03-21T13:33:51.365+0000] {subprocess.py:97} INFO - Command exited with return code 0
[2025-03-21T13:33:51.463+0000] {taskinstance.py:1398} INFO - Marking task as SUCCESS. dag_id=transactions_pipeline, task_id=create_hive_table_batch_20250321_131546, execution_date=20250321T133153, start_date=20250321T133253, end_date=20250321T133351
[2025-03-21T13:33:51.552+0000] {local_task_job_runner.py:228} INFO - Task exited with return code 0
[2025-03-21T13:33:51.604+0000] {taskinstance.py:2776} INFO - 1 downstream tasks scheduled from follow-on schedule check
