[2025-03-20T11:29:52.411+0000] {taskinstance.py:1157} INFO - Dependencies all met for dep_context=non-requeueable deps ti=<TaskInstance: transactions_pipeline.create_hive_table manual__2025-03-20T11:29:38.835400+00:00 [queued]>
[2025-03-20T11:29:52.432+0000] {taskinstance.py:1157} INFO - Dependencies all met for dep_context=requeueable deps ti=<TaskInstance: transactions_pipeline.create_hive_table manual__2025-03-20T11:29:38.835400+00:00 [queued]>
[2025-03-20T11:29:52.434+0000] {taskinstance.py:1359} INFO - Starting attempt 1 of 1
[2025-03-20T11:29:52.463+0000] {taskinstance.py:1380} INFO - Executing <Task(BashOperator): create_hive_table> on 2025-03-20 11:29:38.835400+00:00
[2025-03-20T11:29:52.468+0000] {standard_task_runner.py:57} INFO - Started process 259 to run task
[2025-03-20T11:29:52.473+0000] {standard_task_runner.py:84} INFO - Running: ['***', 'tasks', 'run', 'transactions_pipeline', 'create_hive_table', 'manual__2025-03-20T11:29:38.835400+00:00', '--job-id', '273', '--raw', '--subdir', 'DAGS_FOLDER/fraud_detection_pipeline.py', '--cfg-path', '/tmp/tmpwerbn8kw']
[2025-03-20T11:29:52.476+0000] {standard_task_runner.py:85} INFO - Job 273: Subtask create_hive_table
[2025-03-20T11:29:52.554+0000] {task_command.py:415} INFO - Running <TaskInstance: transactions_pipeline.create_hive_table manual__2025-03-20T11:29:38.835400+00:00 [running]> on host 55cedf2473a4
[2025-03-20T11:29:52.642+0000] {logging_mixin.py:151} WARNING - /home/***/.local/lib/python3.8/site-packages/***/utils/context.py:206 AirflowContextDeprecationWarning: Accessing 'execution_date' from the template is deprecated and will be removed in a future version. Please use 'data_interval_start' or 'logical_date' instead.
[2025-03-20T11:29:52.708+0000] {taskinstance.py:1660} INFO - Exporting env vars: AIRFLOW_CTX_DAG_OWNER='***' AIRFLOW_CTX_DAG_ID='transactions_pipeline' AIRFLOW_CTX_TASK_ID='create_hive_table' AIRFLOW_CTX_EXECUTION_DATE='2025-03-20T11:29:38.835400+00:00' AIRFLOW_CTX_TRY_NUMBER='1' AIRFLOW_CTX_DAG_RUN_ID='manual__2025-03-20T11:29:38.835400+00:00'
[2025-03-20T11:29:52.710+0000] {subprocess.py:63} INFO - Tmp dir root location: /tmp
[2025-03-20T11:29:52.711+0000] {subprocess.py:75} INFO - Running command: ['/bin/bash', '-c', '\n    docker exec hive beeline -u "jdbc:hive2://localhost:10000" --hiveconf hive.exec.dynamic.partition.mode=nonstrict -e "\n    CREATE EXTERNAL TABLE IF NOT EXISTS transactions (\n        transaction_id STRING,\n        date_time STRING,\n        amount DOUBLE,\n        currency STRING,\n        merchant_details STRING,\n        customer_id STRING,\n        transaction_type STRING,\n        location STRING\n    )\n    PARTITIONED BY (batch_id STRING)\n    STORED AS PARQUET\n    LOCATION \'/data/transactions/transactions_batch_0\';\n    ALTER TABLE transactions ADD IF NOT EXISTS PARTITION (batch_id=\'batch_20250320_112938\') LOCATION \'/data/transactions/transactions_batch_0\';"\n    ']
[2025-03-20T11:29:52.724+0000] {subprocess.py:86} INFO - Output:
[2025-03-20T11:29:53.910+0000] {subprocess.py:93} INFO - SLF4J: Class path contains multiple SLF4J bindings.
[2025-03-20T11:29:53.911+0000] {subprocess.py:93} INFO - SLF4J: Found binding in [jar:file:/opt/hive/lib/log4j-slf4j-impl-2.17.1.jar!/org/slf4j/impl/StaticLoggerBinder.class]
[2025-03-20T11:29:53.912+0000] {subprocess.py:93} INFO - SLF4J: Found binding in [jar:file:/opt/hadoop/share/hadoop/common/lib/slf4j-log4j12-1.7.25.jar!/org/slf4j/impl/StaticLoggerBinder.class]
[2025-03-20T11:29:53.913+0000] {subprocess.py:93} INFO - SLF4J: See http://www.slf4j.org/codes.html#multiple_bindings for an explanation.
[2025-03-20T11:29:54.069+0000] {subprocess.py:93} INFO - SLF4J: Actual binding is of type [org.apache.logging.slf4j.Log4jLoggerFactory]
[2025-03-20T11:29:55.239+0000] {subprocess.py:93} INFO - Connecting to jdbc:hive2://localhost:10000
[2025-03-20T11:29:55.473+0000] {subprocess.py:93} INFO - Connected to: Apache Hive (version 3.1.3)
[2025-03-20T11:29:55.475+0000] {subprocess.py:93} INFO - Driver: Hive JDBC (version 3.1.3)
[2025-03-20T11:29:55.476+0000] {subprocess.py:93} INFO - Transaction isolation: TRANSACTION_REPEATABLE_READ
[2025-03-20T11:29:56.202+0000] {subprocess.py:93} INFO - INFO  : Compiling command(queryId=root_20250320112955_e28167f1-a27b-4d19-b76f-315896b41306): CREATE EXTERNAL TABLE IF NOT EXISTS transactions (
[2025-03-20T11:29:56.203+0000] {subprocess.py:93} INFO -         transaction_id STRING,
[2025-03-20T11:29:56.204+0000] {subprocess.py:93} INFO -         date_time STRING,
[2025-03-20T11:29:56.206+0000] {subprocess.py:93} INFO -         amount DOUBLE,
[2025-03-20T11:29:56.206+0000] {subprocess.py:93} INFO -         currency STRING,
[2025-03-20T11:29:56.207+0000] {subprocess.py:93} INFO -         merchant_details STRING,
[2025-03-20T11:29:56.207+0000] {subprocess.py:93} INFO -         customer_id STRING,
[2025-03-20T11:29:56.208+0000] {subprocess.py:93} INFO -         transaction_type STRING,
[2025-03-20T11:29:56.208+0000] {subprocess.py:93} INFO -         location STRING
[2025-03-20T11:29:56.209+0000] {subprocess.py:93} INFO -     )
[2025-03-20T11:29:56.209+0000] {subprocess.py:93} INFO -     PARTITIONED BY (batch_id STRING)
[2025-03-20T11:29:56.209+0000] {subprocess.py:93} INFO -     STORED AS PARQUET
[2025-03-20T11:29:56.210+0000] {subprocess.py:93} INFO -     LOCATION '/data/transactions/transactions_batch_0'
[2025-03-20T11:29:56.210+0000] {subprocess.py:93} INFO - INFO  : Concurrency mode is disabled, not creating a lock manager
[2025-03-20T11:29:56.211+0000] {subprocess.py:93} INFO - INFO  : Semantic Analysis Completed (retrial = false)
[2025-03-20T11:29:56.211+0000] {subprocess.py:93} INFO - INFO  : Returning Hive schema: Schema(fieldSchemas:null, properties:null)
[2025-03-20T11:29:56.211+0000] {subprocess.py:93} INFO - INFO  : Completed compiling command(queryId=root_20250320112955_e28167f1-a27b-4d19-b76f-315896b41306); Time taken: 0.2 seconds
[2025-03-20T11:29:56.212+0000] {subprocess.py:93} INFO - INFO  : Concurrency mode is disabled, not creating a lock manager
[2025-03-20T11:29:56.212+0000] {subprocess.py:93} INFO - INFO  : Executing command(queryId=root_20250320112955_e28167f1-a27b-4d19-b76f-315896b41306): CREATE EXTERNAL TABLE IF NOT EXISTS transactions (
[2025-03-20T11:29:56.213+0000] {subprocess.py:93} INFO -         transaction_id STRING,
[2025-03-20T11:29:56.213+0000] {subprocess.py:93} INFO -         date_time STRING,
[2025-03-20T11:29:56.214+0000] {subprocess.py:93} INFO -         amount DOUBLE,
[2025-03-20T11:29:56.214+0000] {subprocess.py:93} INFO -         currency STRING,
[2025-03-20T11:29:56.215+0000] {subprocess.py:93} INFO -         merchant_details STRING,
[2025-03-20T11:29:56.215+0000] {subprocess.py:93} INFO -         customer_id STRING,
[2025-03-20T11:29:56.215+0000] {subprocess.py:93} INFO -         transaction_type STRING,
[2025-03-20T11:29:56.216+0000] {subprocess.py:93} INFO -         location STRING
[2025-03-20T11:29:56.216+0000] {subprocess.py:93} INFO -     )
[2025-03-20T11:29:56.216+0000] {subprocess.py:93} INFO -     PARTITIONED BY (batch_id STRING)
[2025-03-20T11:29:56.217+0000] {subprocess.py:93} INFO -     STORED AS PARQUET
[2025-03-20T11:29:56.217+0000] {subprocess.py:93} INFO -     LOCATION '/data/transactions/transactions_batch_0'
[2025-03-20T11:29:56.217+0000] {subprocess.py:93} INFO - INFO  : Starting task [Stage-0:DDL] in serial mode
[2025-03-20T11:29:56.218+0000] {subprocess.py:93} INFO - INFO  : Completed executing command(queryId=root_20250320112955_e28167f1-a27b-4d19-b76f-315896b41306); Time taken: 0.454 seconds
[2025-03-20T11:29:56.218+0000] {subprocess.py:93} INFO - INFO  : OK
[2025-03-20T11:29:56.218+0000] {subprocess.py:93} INFO - INFO  : Concurrency mode is disabled, not creating a lock manager
[2025-03-20T11:29:56.219+0000] {subprocess.py:93} INFO - No rows affected (0.715 seconds)
[2025-03-20T11:29:56.642+0000] {subprocess.py:93} INFO - INFO  : Compiling command(queryId=root_20250320112956_83dc439b-df17-4d5b-ae89-927c0d502c2c): ALTER TABLE transactions ADD IF NOT EXISTS PARTITION (batch_id='batch_20250320_112938') LOCATION '/data/transactions/transactions_batch_0'
[2025-03-20T11:29:56.643+0000] {subprocess.py:93} INFO - INFO  : Concurrency mode is disabled, not creating a lock manager
[2025-03-20T11:29:56.644+0000] {subprocess.py:93} INFO - INFO  : Semantic Analysis Completed (retrial = false)
[2025-03-20T11:29:56.645+0000] {subprocess.py:93} INFO - INFO  : Returning Hive schema: Schema(fieldSchemas:null, properties:null)
[2025-03-20T11:29:56.645+0000] {subprocess.py:93} INFO - INFO  : Completed compiling command(queryId=root_20250320112956_83dc439b-df17-4d5b-ae89-927c0d502c2c); Time taken: 0.216 seconds
[2025-03-20T11:29:56.646+0000] {subprocess.py:93} INFO - INFO  : Concurrency mode is disabled, not creating a lock manager
[2025-03-20T11:29:56.647+0000] {subprocess.py:93} INFO - INFO  : Executing command(queryId=root_20250320112956_83dc439b-df17-4d5b-ae89-927c0d502c2c): ALTER TABLE transactions ADD IF NOT EXISTS PARTITION (batch_id='batch_20250320_112938') LOCATION '/data/transactions/transactions_batch_0'
[2025-03-20T11:29:56.647+0000] {subprocess.py:93} INFO - INFO  : Starting task [Stage-0:DDL] in serial mode
[2025-03-20T11:29:56.648+0000] {subprocess.py:93} INFO - INFO  : Completed executing command(queryId=root_20250320112956_83dc439b-df17-4d5b-ae89-927c0d502c2c); Time taken: 0.188 seconds
[2025-03-20T11:29:56.648+0000] {subprocess.py:93} INFO - INFO  : OK
[2025-03-20T11:29:56.649+0000] {subprocess.py:93} INFO - INFO  : Concurrency mode is disabled, not creating a lock manager
[2025-03-20T11:29:56.649+0000] {subprocess.py:93} INFO - No rows affected (0.428 seconds)
[2025-03-20T11:29:56.650+0000] {subprocess.py:93} INFO - Beeline version 3.1.3 by Apache Hive
[2025-03-20T11:29:56.658+0000] {subprocess.py:93} INFO - Closing: 0: jdbc:hive2://localhost:10000
[2025-03-20T11:29:56.734+0000] {subprocess.py:97} INFO - Command exited with return code 0
[2025-03-20T11:29:56.768+0000] {taskinstance.py:1398} INFO - Marking task as SUCCESS. dag_id=transactions_pipeline, task_id=create_hive_table, execution_date=20250320T112938, start_date=20250320T112952, end_date=20250320T112956
[2025-03-20T11:29:56.833+0000] {local_task_job_runner.py:228} INFO - Task exited with return code 0
[2025-03-20T11:29:56.873+0000] {taskinstance.py:2776} INFO - 1 downstream tasks scheduled from follow-on schedule check
