[2025-03-21T13:49:25.445+0000] {taskinstance.py:1157} INFO - Dependencies all met for dep_context=non-requeueable deps ti=<TaskInstance: transactions_pipeline.create_fraud_table_batch_20250321_131546 scheduled__2025-03-21T13:42:39.231672+00:00 [queued]>
[2025-03-21T13:49:25.476+0000] {taskinstance.py:1157} INFO - Dependencies all met for dep_context=requeueable deps ti=<TaskInstance: transactions_pipeline.create_fraud_table_batch_20250321_131546 scheduled__2025-03-21T13:42:39.231672+00:00 [queued]>
[2025-03-21T13:49:25.478+0000] {taskinstance.py:1359} INFO - Starting attempt 1 of 1
[2025-03-21T13:49:25.526+0000] {taskinstance.py:1380} INFO - Executing <Task(BashOperator): create_fraud_table_batch_20250321_131546> on 2025-03-21 13:42:39.231672+00:00
[2025-03-21T13:49:25.541+0000] {standard_task_runner.py:57} INFO - Started process 753 to run task
[2025-03-21T13:49:25.548+0000] {standard_task_runner.py:84} INFO - Running: ['***', 'tasks', 'run', 'transactions_pipeline', 'create_fraud_table_batch_20250321_131546', 'scheduled__2025-03-21T13:42:39.231672+00:00', '--job-id', '717', '--raw', '--subdir', 'DAGS_FOLDER/fraud_detection_pipeline.py', '--cfg-path', '/tmp/tmp1if_z7rp']
[2025-03-21T13:49:25.553+0000] {standard_task_runner.py:85} INFO - Job 717: Subtask create_fraud_table_batch_20250321_131546
[2025-03-21T13:49:25.666+0000] {task_command.py:415} INFO - Running <TaskInstance: transactions_pipeline.create_fraud_table_batch_20250321_131546 scheduled__2025-03-21T13:42:39.231672+00:00 [running]> on host e95638583d4d
[2025-03-21T13:49:25.858+0000] {taskinstance.py:1660} INFO - Exporting env vars: AIRFLOW_CTX_DAG_EMAIL='rabiizahnoune7@gmail.com' AIRFLOW_CTX_DAG_OWNER='***' AIRFLOW_CTX_DAG_ID='transactions_pipeline' AIRFLOW_CTX_TASK_ID='create_fraud_table_batch_20250321_131546' AIRFLOW_CTX_EXECUTION_DATE='2025-03-21T13:42:39.231672+00:00' AIRFLOW_CTX_TRY_NUMBER='1' AIRFLOW_CTX_DAG_RUN_ID='scheduled__2025-03-21T13:42:39.231672+00:00'
[2025-03-21T13:49:25.861+0000] {subprocess.py:63} INFO - Tmp dir root location: /tmp
[2025-03-21T13:49:25.863+0000] {subprocess.py:75} INFO - Running command: ['/bin/bash', '-c', '\n            docker exec hive beeline -u "jdbc:hive2://localhost:10000" -e "\n            CREATE EXTERNAL TABLE IF NOT EXISTS fraud_detections (\n                transaction_id STRING,\n                date_time STRING,\n                amount DOUBLE,\n                customer_id STRING,\n                location STRING,\n                fraud_reason STRING\n            )\n            STORED AS PARQUET\n            LOCATION \'/data/fraud_detections\';"\n            ']
[2025-03-21T13:49:25.883+0000] {subprocess.py:86} INFO - Output:
[2025-03-21T13:49:39.587+0000] {subprocess.py:93} INFO - SLF4J: Class path contains multiple SLF4J bindings.
[2025-03-21T13:49:39.590+0000] {subprocess.py:93} INFO - SLF4J: Found binding in [jar:file:/opt/hive/lib/log4j-slf4j-impl-2.17.1.jar!/org/slf4j/impl/StaticLoggerBinder.class]
[2025-03-21T13:49:39.593+0000] {subprocess.py:93} INFO - SLF4J: Found binding in [jar:file:/opt/hadoop/share/hadoop/common/lib/slf4j-log4j12-1.7.25.jar!/org/slf4j/impl/StaticLoggerBinder.class]
[2025-03-21T13:49:39.593+0000] {subprocess.py:93} INFO - SLF4J: See http://www.slf4j.org/codes.html#multiple_bindings for an explanation.
[2025-03-21T13:49:42.030+0000] {subprocess.py:93} INFO - SLF4J: Actual binding is of type [org.apache.logging.slf4j.Log4jLoggerFactory]
[2025-03-21T13:49:57.751+0000] {subprocess.py:93} INFO - Connecting to jdbc:hive2://localhost:10000
[2025-03-21T13:50:01.022+0000] {subprocess.py:93} INFO - Connected to: Apache Hive (version 3.1.3)
[2025-03-21T13:50:01.023+0000] {subprocess.py:93} INFO - Driver: Hive JDBC (version 3.1.3)
[2025-03-21T13:50:01.024+0000] {subprocess.py:93} INFO - Transaction isolation: TRANSACTION_REPEATABLE_READ
[2025-03-21T13:50:02.143+0000] {subprocess.py:93} INFO - INFO  : Compiling command(queryId=root_20250321135001_35a86128-be71-4dbc-aa43-40c12e445bb1): CREATE EXTERNAL TABLE IF NOT EXISTS fraud_detections (
[2025-03-21T13:50:02.144+0000] {subprocess.py:93} INFO -                 transaction_id STRING,
[2025-03-21T13:50:02.146+0000] {subprocess.py:93} INFO -                 date_time STRING,
[2025-03-21T13:50:02.147+0000] {subprocess.py:93} INFO -                 amount DOUBLE,
[2025-03-21T13:50:02.149+0000] {subprocess.py:93} INFO -                 customer_id STRING,
[2025-03-21T13:50:02.149+0000] {subprocess.py:93} INFO -                 location STRING,
[2025-03-21T13:50:02.150+0000] {subprocess.py:93} INFO -                 fraud_reason STRING
[2025-03-21T13:50:02.150+0000] {subprocess.py:93} INFO -             )
[2025-03-21T13:50:02.226+0000] {subprocess.py:93} INFO -             STORED AS PARQUET
[2025-03-21T13:50:02.235+0000] {subprocess.py:93} INFO -             LOCATION '/data/fraud_detections'
[2025-03-21T13:50:02.237+0000] {subprocess.py:93} INFO - INFO  : Concurrency mode is disabled, not creating a lock manager
[2025-03-21T13:50:02.240+0000] {subprocess.py:93} INFO - INFO  : Semantic Analysis Completed (retrial = false)
[2025-03-21T13:50:02.242+0000] {subprocess.py:93} INFO - INFO  : Returning Hive schema: Schema(fieldSchemas:null, properties:null)
[2025-03-21T13:50:02.253+0000] {subprocess.py:93} INFO - INFO  : Completed compiling command(queryId=root_20250321135001_35a86128-be71-4dbc-aa43-40c12e445bb1); Time taken: 0.278 seconds
[2025-03-21T13:50:02.254+0000] {subprocess.py:93} INFO - INFO  : Concurrency mode is disabled, not creating a lock manager
[2025-03-21T13:50:02.255+0000] {subprocess.py:93} INFO - INFO  : Executing command(queryId=root_20250321135001_35a86128-be71-4dbc-aa43-40c12e445bb1): CREATE EXTERNAL TABLE IF NOT EXISTS fraud_detections (
[2025-03-21T13:50:02.255+0000] {subprocess.py:93} INFO -                 transaction_id STRING,
[2025-03-21T13:50:02.256+0000] {subprocess.py:93} INFO -                 date_time STRING,
[2025-03-21T13:50:02.257+0000] {subprocess.py:93} INFO -                 amount DOUBLE,
[2025-03-21T13:50:02.257+0000] {subprocess.py:93} INFO -                 customer_id STRING,
[2025-03-21T13:50:02.258+0000] {subprocess.py:93} INFO -                 location STRING,
[2025-03-21T13:50:02.259+0000] {subprocess.py:93} INFO -                 fraud_reason STRING
[2025-03-21T13:50:02.260+0000] {subprocess.py:93} INFO -             )
[2025-03-21T13:50:02.261+0000] {subprocess.py:93} INFO -             STORED AS PARQUET
[2025-03-21T13:50:02.261+0000] {subprocess.py:93} INFO -             LOCATION '/data/fraud_detections'
[2025-03-21T13:50:02.262+0000] {subprocess.py:93} INFO - INFO  : Completed executing command(queryId=root_20250321135001_35a86128-be71-4dbc-aa43-40c12e445bb1); Time taken: 0.003 seconds
[2025-03-21T13:50:02.262+0000] {subprocess.py:93} INFO - INFO  : OK
[2025-03-21T13:50:02.263+0000] {subprocess.py:93} INFO - INFO  : Concurrency mode is disabled, not creating a lock manager
[2025-03-21T13:50:02.263+0000] {subprocess.py:93} INFO - No rows affected (0.927 seconds)
[2025-03-21T13:50:02.353+0000] {subprocess.py:93} INFO - Beeline version 3.1.3 by Apache Hive
[2025-03-21T13:50:02.533+0000] {subprocess.py:93} INFO - Closing: 0: jdbc:hive2://localhost:10000
[2025-03-21T13:50:02.759+0000] {subprocess.py:97} INFO - Command exited with return code 0
[2025-03-21T13:50:02.801+0000] {taskinstance.py:1398} INFO - Marking task as SUCCESS. dag_id=transactions_pipeline, task_id=create_fraud_table_batch_20250321_131546, execution_date=20250321T134239, start_date=20250321T134925, end_date=20250321T135002
[2025-03-21T13:50:02.839+0000] {local_task_job_runner.py:228} INFO - Task exited with return code 0
[2025-03-21T13:50:02.893+0000] {taskinstance.py:2776} INFO - 1 downstream tasks scheduled from follow-on schedule check
