[2025-03-21T13:48:42.437+0000] {taskinstance.py:1157} INFO - Dependencies all met for dep_context=non-requeueable deps ti=<TaskInstance: transactions_pipeline.create_hive_table_batch_20250321_131741 scheduled__2025-03-21T13:42:39.231672+00:00 [queued]>
[2025-03-21T13:48:42.454+0000] {taskinstance.py:1157} INFO - Dependencies all met for dep_context=requeueable deps ti=<TaskInstance: transactions_pipeline.create_hive_table_batch_20250321_131741 scheduled__2025-03-21T13:42:39.231672+00:00 [queued]>
[2025-03-21T13:48:42.456+0000] {taskinstance.py:1359} INFO - Starting attempt 1 of 1
[2025-03-21T13:48:42.491+0000] {taskinstance.py:1380} INFO - Executing <Task(BashOperator): create_hive_table_batch_20250321_131741> on 2025-03-21 13:42:39.231672+00:00
[2025-03-21T13:48:42.507+0000] {standard_task_runner.py:57} INFO - Started process 575 to run task
[2025-03-21T13:48:42.514+0000] {standard_task_runner.py:84} INFO - Running: ['***', 'tasks', 'run', 'transactions_pipeline', 'create_hive_table_batch_20250321_131741', 'scheduled__2025-03-21T13:42:39.231672+00:00', '--job-id', '709', '--raw', '--subdir', 'DAGS_FOLDER/fraud_detection_pipeline.py', '--cfg-path', '/tmp/tmp9v2jz1b9']
[2025-03-21T13:48:42.522+0000] {standard_task_runner.py:85} INFO - Job 709: Subtask create_hive_table_batch_20250321_131741
[2025-03-21T13:48:42.655+0000] {task_command.py:415} INFO - Running <TaskInstance: transactions_pipeline.create_hive_table_batch_20250321_131741 scheduled__2025-03-21T13:42:39.231672+00:00 [running]> on host e95638583d4d
[2025-03-21T13:48:42.987+0000] {taskinstance.py:1660} INFO - Exporting env vars: AIRFLOW_CTX_DAG_EMAIL='rabiizahnoune7@gmail.com' AIRFLOW_CTX_DAG_OWNER='***' AIRFLOW_CTX_DAG_ID='transactions_pipeline' AIRFLOW_CTX_TASK_ID='create_hive_table_batch_20250321_131741' AIRFLOW_CTX_EXECUTION_DATE='2025-03-21T13:42:39.231672+00:00' AIRFLOW_CTX_TRY_NUMBER='1' AIRFLOW_CTX_DAG_RUN_ID='scheduled__2025-03-21T13:42:39.231672+00:00'
[2025-03-21T13:48:42.990+0000] {subprocess.py:63} INFO - Tmp dir root location: /tmp
[2025-03-21T13:48:42.992+0000] {subprocess.py:75} INFO - Running command: ['/bin/bash', '-c', '\n            docker exec hive beeline -u "jdbc:hive2://localhost:10000" --hiveconf hive.exec.dynamic.partition.mode=nonstrict -e "\n            CREATE EXTERNAL TABLE IF NOT EXISTS transactions (\n                transaction_id STRING,\n                date_time STRING,\n                amount DOUBLE,\n                currency STRING,\n                merchant_details STRING,\n                customer_id STRING,\n                transaction_type STRING,\n                location STRING\n            )\n            PARTITIONED BY (batch_id STRING)\n            STORED AS PARQUET;\n            ALTER TABLE transactions ADD IF NOT EXISTS PARTITION (batch_id=\'batch_20250321_131741\') LOCATION \'/data/transactions/transactions_batch_20250321_131741\';"\n            ']
[2025-03-21T13:48:43.024+0000] {subprocess.py:86} INFO - Output:
[2025-03-21T13:48:52.239+0000] {subprocess.py:93} INFO - SLF4J: Class path contains multiple SLF4J bindings.
[2025-03-21T13:48:52.242+0000] {subprocess.py:93} INFO - SLF4J: Found binding in [jar:file:/opt/hive/lib/log4j-slf4j-impl-2.17.1.jar!/org/slf4j/impl/StaticLoggerBinder.class]
[2025-03-21T13:48:52.245+0000] {subprocess.py:93} INFO - SLF4J: Found binding in [jar:file:/opt/hadoop/share/hadoop/common/lib/slf4j-log4j12-1.7.25.jar!/org/slf4j/impl/StaticLoggerBinder.class]
[2025-03-21T13:48:52.253+0000] {subprocess.py:93} INFO - SLF4J: See http://www.slf4j.org/codes.html#multiple_bindings for an explanation.
[2025-03-21T13:48:53.843+0000] {subprocess.py:93} INFO - SLF4J: Actual binding is of type [org.apache.logging.slf4j.Log4jLoggerFactory]
[2025-03-21T13:49:08.346+0000] {subprocess.py:93} INFO - Connecting to jdbc:hive2://localhost:10000
[2025-03-21T13:49:13.393+0000] {subprocess.py:93} INFO - Connected to: Apache Hive (version 3.1.3)
[2025-03-21T13:49:13.405+0000] {subprocess.py:93} INFO - Driver: Hive JDBC (version 3.1.3)
[2025-03-21T13:49:13.406+0000] {subprocess.py:93} INFO - Transaction isolation: TRANSACTION_REPEATABLE_READ
[2025-03-21T13:49:18.585+0000] {subprocess.py:93} INFO - INFO  : Compiling command(queryId=root_20250321134914_b666200b-06f7-47e1-9c3e-750c2ad17fca): CREATE EXTERNAL TABLE IF NOT EXISTS transactions (
[2025-03-21T13:49:18.590+0000] {subprocess.py:93} INFO -                 transaction_id STRING,
[2025-03-21T13:49:18.592+0000] {subprocess.py:93} INFO -                 date_time STRING,
[2025-03-21T13:49:18.593+0000] {subprocess.py:93} INFO -                 amount DOUBLE,
[2025-03-21T13:49:18.594+0000] {subprocess.py:93} INFO -                 currency STRING,
[2025-03-21T13:49:18.596+0000] {subprocess.py:93} INFO -                 merchant_details STRING,
[2025-03-21T13:49:18.603+0000] {subprocess.py:93} INFO -                 customer_id STRING,
[2025-03-21T13:49:18.605+0000] {subprocess.py:93} INFO -                 transaction_type STRING,
[2025-03-21T13:49:18.605+0000] {subprocess.py:93} INFO -                 location STRING
[2025-03-21T13:49:18.606+0000] {subprocess.py:93} INFO -             )
[2025-03-21T13:49:18.607+0000] {subprocess.py:93} INFO -             PARTITIONED BY (batch_id STRING)
[2025-03-21T13:49:18.608+0000] {subprocess.py:93} INFO -             STORED AS PARQUET
[2025-03-21T13:49:18.608+0000] {subprocess.py:93} INFO - INFO  : Concurrency mode is disabled, not creating a lock manager
[2025-03-21T13:49:18.609+0000] {subprocess.py:93} INFO - INFO  : Semantic Analysis Completed (retrial = false)
[2025-03-21T13:49:18.610+0000] {subprocess.py:93} INFO - INFO  : Returning Hive schema: Schema(fieldSchemas:null, properties:null)
[2025-03-21T13:49:18.611+0000] {subprocess.py:93} INFO - INFO  : Completed compiling command(queryId=root_20250321134914_b666200b-06f7-47e1-9c3e-750c2ad17fca); Time taken: 0.026 seconds
[2025-03-21T13:49:18.611+0000] {subprocess.py:93} INFO - INFO  : Concurrency mode is disabled, not creating a lock manager
[2025-03-21T13:49:18.612+0000] {subprocess.py:93} INFO - INFO  : Executing command(queryId=root_20250321134914_b666200b-06f7-47e1-9c3e-750c2ad17fca): CREATE EXTERNAL TABLE IF NOT EXISTS transactions (
[2025-03-21T13:49:18.612+0000] {subprocess.py:93} INFO -                 transaction_id STRING,
[2025-03-21T13:49:18.613+0000] {subprocess.py:93} INFO -                 date_time STRING,
[2025-03-21T13:49:18.614+0000] {subprocess.py:93} INFO -                 amount DOUBLE,
[2025-03-21T13:49:18.615+0000] {subprocess.py:93} INFO -                 currency STRING,
[2025-03-21T13:49:18.615+0000] {subprocess.py:93} INFO -                 merchant_details STRING,
[2025-03-21T13:49:18.616+0000] {subprocess.py:93} INFO -                 customer_id STRING,
[2025-03-21T13:49:18.617+0000] {subprocess.py:93} INFO -                 transaction_type STRING,
[2025-03-21T13:49:18.617+0000] {subprocess.py:93} INFO -                 location STRING
[2025-03-21T13:49:18.618+0000] {subprocess.py:93} INFO -             )
[2025-03-21T13:49:18.618+0000] {subprocess.py:93} INFO -             PARTITIONED BY (batch_id STRING)
[2025-03-21T13:49:18.619+0000] {subprocess.py:93} INFO -             STORED AS PARQUET
[2025-03-21T13:49:18.620+0000] {subprocess.py:93} INFO - INFO  : Starting task [Stage-0:DDL] in serial mode
[2025-03-21T13:49:18.880+0000] {subprocess.py:93} INFO - INFO  : Completed executing command(queryId=root_20250321134914_b666200b-06f7-47e1-9c3e-750c2ad17fca); Time taken: 1.495 seconds
[2025-03-21T13:49:18.881+0000] {subprocess.py:93} INFO - INFO  : OK
[2025-03-21T13:49:18.882+0000] {subprocess.py:93} INFO - INFO  : Concurrency mode is disabled, not creating a lock manager
[2025-03-21T13:49:18.885+0000] {subprocess.py:93} INFO - No rows affected (5.002 seconds)
[2025-03-21T13:49:19.549+0000] {subprocess.py:93} INFO - INFO  : Compiling command(queryId=root_20250321134918_3bb87469-370f-4418-87aa-d4da6e18f979): ALTER TABLE transactions ADD IF NOT EXISTS PARTITION (batch_id='batch_20250321_131741') LOCATION '/data/transactions/transactions_batch_20250321_131741'
[2025-03-21T13:49:19.550+0000] {subprocess.py:93} INFO - INFO  : Concurrency mode is disabled, not creating a lock manager
[2025-03-21T13:49:19.551+0000] {subprocess.py:93} INFO - INFO  : Semantic Analysis Completed (retrial = false)
[2025-03-21T13:49:19.552+0000] {subprocess.py:93} INFO - INFO  : Returning Hive schema: Schema(fieldSchemas:null, properties:null)
[2025-03-21T13:49:19.552+0000] {subprocess.py:93} INFO - INFO  : Completed compiling command(queryId=root_20250321134918_3bb87469-370f-4418-87aa-d4da6e18f979); Time taken: 0.277 seconds
[2025-03-21T13:49:19.553+0000] {subprocess.py:93} INFO - INFO  : Concurrency mode is disabled, not creating a lock manager
[2025-03-21T13:49:19.553+0000] {subprocess.py:93} INFO - INFO  : Executing command(queryId=root_20250321134918_3bb87469-370f-4418-87aa-d4da6e18f979): ALTER TABLE transactions ADD IF NOT EXISTS PARTITION (batch_id='batch_20250321_131741') LOCATION '/data/transactions/transactions_batch_20250321_131741'
[2025-03-21T13:49:19.554+0000] {subprocess.py:93} INFO - INFO  : Starting task [Stage-0:DDL] in serial mode
[2025-03-21T13:49:19.555+0000] {subprocess.py:93} INFO - INFO  : Completed executing command(queryId=root_20250321134918_3bb87469-370f-4418-87aa-d4da6e18f979); Time taken: 0.259 seconds
[2025-03-21T13:49:19.555+0000] {subprocess.py:93} INFO - INFO  : OK
[2025-03-21T13:49:19.556+0000] {subprocess.py:93} INFO - INFO  : Concurrency mode is disabled, not creating a lock manager
[2025-03-21T13:49:19.556+0000] {subprocess.py:93} INFO - No rows affected (0.569 seconds)
[2025-03-21T13:49:19.606+0000] {subprocess.py:93} INFO - Beeline version 3.1.3 by Apache Hive
[2025-03-21T13:49:19.618+0000] {subprocess.py:93} INFO - Closing: 0: jdbc:hive2://localhost:10000
[2025-03-21T13:49:19.772+0000] {subprocess.py:97} INFO - Command exited with return code 0
[2025-03-21T13:49:19.826+0000] {taskinstance.py:1398} INFO - Marking task as SUCCESS. dag_id=transactions_pipeline, task_id=create_hive_table_batch_20250321_131741, execution_date=20250321T134239, start_date=20250321T134842, end_date=20250321T134919
[2025-03-21T13:49:19.906+0000] {local_task_job_runner.py:228} INFO - Task exited with return code 0
[2025-03-21T13:49:19.963+0000] {taskinstance.py:2776} INFO - 1 downstream tasks scheduled from follow-on schedule check
