[2025-03-19T19:17:56.778+0000] {taskinstance.py:1157} INFO - Dependencies all met for dep_context=non-requeueable deps ti=<TaskInstance: transactions_pipeline.detect_fraud manual__2025-03-19T19:17:36.327552+00:00 [queued]>
[2025-03-19T19:17:56.789+0000] {taskinstance.py:1157} INFO - Dependencies all met for dep_context=requeueable deps ti=<TaskInstance: transactions_pipeline.detect_fraud manual__2025-03-19T19:17:36.327552+00:00 [queued]>
[2025-03-19T19:17:56.792+0000] {taskinstance.py:1359} INFO - Starting attempt 1 of 1
[2025-03-19T19:17:56.813+0000] {taskinstance.py:1380} INFO - Executing <Task(BashOperator): detect_fraud> on 2025-03-19 19:17:36.327552+00:00
[2025-03-19T19:17:56.822+0000] {standard_task_runner.py:57} INFO - Started process 1630 to run task
[2025-03-19T19:17:56.829+0000] {standard_task_runner.py:84} INFO - Running: ['***', 'tasks', 'run', 'transactions_pipeline', 'detect_fraud', 'manual__2025-03-19T19:17:36.327552+00:00', '--job-id', '115', '--raw', '--subdir', 'DAGS_FOLDER/fraud_detection_pipeline.py', '--cfg-path', '/tmp/tmp21vqn6ni']
[2025-03-19T19:17:56.833+0000] {standard_task_runner.py:85} INFO - Job 115: Subtask detect_fraud
[2025-03-19T19:17:56.908+0000] {task_command.py:415} INFO - Running <TaskInstance: transactions_pipeline.detect_fraud manual__2025-03-19T19:17:36.327552+00:00 [running]> on host 347688f31140
[2025-03-19T19:17:56.976+0000] {logging_mixin.py:151} WARNING - /home/***/.local/lib/python3.8/site-packages/***/utils/context.py:206 AirflowContextDeprecationWarning: Accessing 'execution_date' from the template is deprecated and will be removed in a future version. Please use 'data_interval_start' or 'logical_date' instead.
[2025-03-19T19:17:57.024+0000] {taskinstance.py:1660} INFO - Exporting env vars: AIRFLOW_CTX_DAG_OWNER='***' AIRFLOW_CTX_DAG_ID='transactions_pipeline' AIRFLOW_CTX_TASK_ID='detect_fraud' AIRFLOW_CTX_EXECUTION_DATE='2025-03-19T19:17:36.327552+00:00' AIRFLOW_CTX_TRY_NUMBER='1' AIRFLOW_CTX_DAG_RUN_ID='manual__2025-03-19T19:17:36.327552+00:00'
[2025-03-19T19:17:57.028+0000] {subprocess.py:63} INFO - Tmp dir root location: /tmp
[2025-03-19T19:17:57.029+0000] {subprocess.py:75} INFO - Running command: ['/bin/bash', '-c', '\n    docker exec hive beeline -u "jdbc:hive2://localhost:10000" -e "\n    CREATE TABLE IF NOT EXISTS fraud_detections (\n        transaction_id STRING,\n        date_time STRING,\n        amount DOUBLE,\n        customer_id STRING,\n        location STRING,\n        fraud_reason STRING\n    )\n    STORED AS PARQUET\n    LOCATION \'/data/fraud_detections\';\n    INSERT INTO TABLE fraud_detections\n    SELECT\n        t.transaction_id,\n        t.date_time,\n        t.amount,\n        t.customer_id,\n        t.location,\n        CASE\n            WHEN t.amount > 1000 THEN \'High Amount\'\n            WHEN (SELECT COUNT(*) FROM transactions t2 WHERE t2.customer_id = t.customer_id AND t2.batch_id = \'batch_20250319_191736\') > 10 THEN \'High Frequency\'\n            WHEN t.location NOT IN (\'City1\', \'City2\', \'City3\') THEN \'Unusual Location\'\n            WHEN t.merchant_details LIKE \'%fraud%\' THEN \'Suspicious Merchant\'\n        END AS fraud_reason\n    FROM transactions t\n    WHERE t.batch_id = \'batch_20250319_191736\'\n    HAVING fraud_reason IS NOT NULL;"\n    ']
[2025-03-19T19:17:57.048+0000] {subprocess.py:86} INFO - Output:
[2025-03-19T19:17:58.481+0000] {subprocess.py:93} INFO - SLF4J: Class path contains multiple SLF4J bindings.
[2025-03-19T19:17:58.482+0000] {subprocess.py:93} INFO - SLF4J: Found binding in [jar:file:/opt/hive/lib/log4j-slf4j-impl-2.17.1.jar!/org/slf4j/impl/StaticLoggerBinder.class]
[2025-03-19T19:17:58.482+0000] {subprocess.py:93} INFO - SLF4J: Found binding in [jar:file:/opt/hadoop/share/hadoop/common/lib/slf4j-log4j12-1.7.25.jar!/org/slf4j/impl/StaticLoggerBinder.class]
[2025-03-19T19:17:58.483+0000] {subprocess.py:93} INFO - SLF4J: See http://www.slf4j.org/codes.html#multiple_bindings for an explanation.
[2025-03-19T19:17:58.652+0000] {subprocess.py:93} INFO - SLF4J: Actual binding is of type [org.apache.logging.slf4j.Log4jLoggerFactory]
[2025-03-19T19:17:59.988+0000] {subprocess.py:93} INFO - Connecting to jdbc:hive2://localhost:10000
[2025-03-19T19:18:00.293+0000] {subprocess.py:93} INFO - Connected to: Apache Hive (version 3.1.3)
[2025-03-19T19:18:00.295+0000] {subprocess.py:93} INFO - Driver: Hive JDBC (version 3.1.3)
[2025-03-19T19:18:00.296+0000] {subprocess.py:93} INFO - Transaction isolation: TRANSACTION_REPEATABLE_READ
[2025-03-19T19:18:00.450+0000] {subprocess.py:93} INFO - INFO  : Compiling command(queryId=root_20250319191800_227e438d-9db2-4a10-a481-864790c39031): CREATE TABLE IF NOT EXISTS fraud_detections (
[2025-03-19T19:18:00.451+0000] {subprocess.py:93} INFO -         transaction_id STRING,
[2025-03-19T19:18:00.454+0000] {subprocess.py:93} INFO -         date_time STRING,
[2025-03-19T19:18:00.455+0000] {subprocess.py:93} INFO -         amount DOUBLE,
[2025-03-19T19:18:00.456+0000] {subprocess.py:93} INFO -         customer_id STRING,
[2025-03-19T19:18:00.457+0000] {subprocess.py:93} INFO -         location STRING,
[2025-03-19T19:18:00.457+0000] {subprocess.py:93} INFO -         fraud_reason STRING
[2025-03-19T19:18:00.458+0000] {subprocess.py:93} INFO -     )
[2025-03-19T19:18:00.458+0000] {subprocess.py:93} INFO -     STORED AS PARQUET
[2025-03-19T19:18:00.459+0000] {subprocess.py:93} INFO -     LOCATION '/data/fraud_detections'
[2025-03-19T19:18:00.459+0000] {subprocess.py:93} INFO - INFO  : Concurrency mode is disabled, not creating a lock manager
[2025-03-19T19:18:00.460+0000] {subprocess.py:93} INFO - INFO  : Semantic Analysis Completed (retrial = false)
[2025-03-19T19:18:00.460+0000] {subprocess.py:93} INFO - INFO  : Returning Hive schema: Schema(fieldSchemas:null, properties:null)
[2025-03-19T19:18:00.461+0000] {subprocess.py:93} INFO - INFO  : Completed compiling command(queryId=root_20250319191800_227e438d-9db2-4a10-a481-864790c39031); Time taken: 0.007 seconds
[2025-03-19T19:18:00.461+0000] {subprocess.py:93} INFO - INFO  : Concurrency mode is disabled, not creating a lock manager
[2025-03-19T19:18:00.462+0000] {subprocess.py:93} INFO - INFO  : Executing command(queryId=root_20250319191800_227e438d-9db2-4a10-a481-864790c39031): CREATE TABLE IF NOT EXISTS fraud_detections (
[2025-03-19T19:18:00.462+0000] {subprocess.py:93} INFO -         transaction_id STRING,
[2025-03-19T19:18:00.463+0000] {subprocess.py:93} INFO -         date_time STRING,
[2025-03-19T19:18:00.463+0000] {subprocess.py:93} INFO -         amount DOUBLE,
[2025-03-19T19:18:00.464+0000] {subprocess.py:93} INFO -         customer_id STRING,
[2025-03-19T19:18:00.464+0000] {subprocess.py:93} INFO -         location STRING,
[2025-03-19T19:18:00.465+0000] {subprocess.py:93} INFO -         fraud_reason STRING
[2025-03-19T19:18:00.465+0000] {subprocess.py:93} INFO -     )
[2025-03-19T19:18:00.466+0000] {subprocess.py:93} INFO -     STORED AS PARQUET
[2025-03-19T19:18:00.466+0000] {subprocess.py:93} INFO -     LOCATION '/data/fraud_detections'
[2025-03-19T19:18:00.467+0000] {subprocess.py:93} INFO - INFO  : Starting task [Stage-0:DDL] in serial mode
[2025-03-19T19:18:00.467+0000] {subprocess.py:93} INFO - INFO  : Completed executing command(queryId=root_20250319191800_227e438d-9db2-4a10-a481-864790c39031); Time taken: 0.07 seconds
[2025-03-19T19:18:00.468+0000] {subprocess.py:93} INFO - INFO  : OK
[2025-03-19T19:18:00.468+0000] {subprocess.py:93} INFO - INFO  : Concurrency mode is disabled, not creating a lock manager
[2025-03-19T19:18:00.469+0000] {subprocess.py:93} INFO - No rows affected (0.134 seconds)
[2025-03-19T19:18:01.657+0000] {subprocess.py:93} INFO - Error: Error while compiling statement: FAILED: SemanticException HAVING specified without GROUP BY (state=42000,code=40000)
[2025-03-19T19:18:01.671+0000] {subprocess.py:93} INFO - Closing: 0: jdbc:hive2://localhost:10000
[2025-03-19T19:18:01.736+0000] {subprocess.py:97} INFO - Command exited with return code 1
[2025-03-19T19:18:01.760+0000] {taskinstance.py:1935} ERROR - Task failed with exception
Traceback (most recent call last):
  File "/home/airflow/.local/lib/python3.8/site-packages/airflow/operators/bash.py", line 210, in execute
    raise AirflowException(
airflow.exceptions.AirflowException: Bash command failed. The command returned a non-zero exit code 1.
[2025-03-19T19:18:01.773+0000] {taskinstance.py:1398} INFO - Marking task as FAILED. dag_id=transactions_pipeline, task_id=detect_fraud, execution_date=20250319T191736, start_date=20250319T191756, end_date=20250319T191801
[2025-03-19T19:18:01.804+0000] {standard_task_runner.py:104} ERROR - Failed to execute job 115 for task detect_fraud (Bash command failed. The command returned a non-zero exit code 1.; 1630)
[2025-03-19T19:18:01.865+0000] {local_task_job_runner.py:228} INFO - Task exited with return code 1
[2025-03-19T19:18:01.890+0000] {taskinstance.py:2776} INFO - 0 downstream tasks scheduled from follow-on schedule check
