[2025-03-21T01:20:48.581+0000] {taskinstance.py:1157} INFO - Dependencies all met for dep_context=non-requeueable deps ti=<TaskInstance: transactions_pipeline.create_fraud_table scheduled__2025-03-21T00:30:32.992418+00:00 [queued]>
[2025-03-21T01:20:48.590+0000] {taskinstance.py:1157} INFO - Dependencies all met for dep_context=requeueable deps ti=<TaskInstance: transactions_pipeline.create_fraud_table scheduled__2025-03-21T00:30:32.992418+00:00 [queued]>
[2025-03-21T01:20:48.591+0000] {taskinstance.py:1359} INFO - Starting attempt 1 of 2
[2025-03-21T01:20:48.607+0000] {taskinstance.py:1380} INFO - Executing <Task(BashOperator): create_fraud_table> on 2025-03-21 00:30:32.992418+00:00
[2025-03-21T01:20:48.614+0000] {standard_task_runner.py:57} INFO - Started process 1573 to run task
[2025-03-21T01:20:48.617+0000] {standard_task_runner.py:84} INFO - Running: ['***', 'tasks', 'run', 'transactions_pipeline', 'create_fraud_table', 'scheduled__2025-03-21T00:30:32.992418+00:00', '--job-id', '445', '--raw', '--subdir', 'DAGS_FOLDER/fraud_detection_pipeline.py', '--cfg-path', '/tmp/tmpbtjjb00s']
[2025-03-21T01:20:48.620+0000] {standard_task_runner.py:85} INFO - Job 445: Subtask create_fraud_table
[2025-03-21T01:20:48.670+0000] {task_command.py:415} INFO - Running <TaskInstance: transactions_pipeline.create_fraud_table scheduled__2025-03-21T00:30:32.992418+00:00 [running]> on host 6688e233cb20
[2025-03-21T01:20:48.752+0000] {taskinstance.py:1660} INFO - Exporting env vars: AIRFLOW_CTX_DAG_EMAIL='rabiizahnoune7@gmail.com' AIRFLOW_CTX_DAG_OWNER='***' AIRFLOW_CTX_DAG_ID='transactions_pipeline' AIRFLOW_CTX_TASK_ID='create_fraud_table' AIRFLOW_CTX_EXECUTION_DATE='2025-03-21T00:30:32.992418+00:00' AIRFLOW_CTX_TRY_NUMBER='1' AIRFLOW_CTX_DAG_RUN_ID='scheduled__2025-03-21T00:30:32.992418+00:00'
[2025-03-21T01:20:48.755+0000] {subprocess.py:63} INFO - Tmp dir root location: /tmp
[2025-03-21T01:20:48.756+0000] {subprocess.py:75} INFO - Running command: ['/bin/bash', '-c', '\n        docker exec hive beeline -u "jdbc:hive2://localhost:10000" -e "\n        CREATE EXTERNAL TABLE IF NOT EXISTS fraud_detections (\n            transaction_id STRING,\n            date_time STRING,\n            amount DOUBLE,\n            customer_id STRING,\n            location STRING,\n            fraud_reason STRING\n        )\n        STORED AS PARQUET\n        LOCATION \'/data/fraud_detections\';"\n        ']
[2025-03-21T01:20:48.771+0000] {subprocess.py:86} INFO - Output:
[2025-03-21T01:20:49.755+0000] {subprocess.py:93} INFO - SLF4J: Class path contains multiple SLF4J bindings.
[2025-03-21T01:20:49.756+0000] {subprocess.py:93} INFO - SLF4J: Found binding in [jar:file:/opt/hive/lib/log4j-slf4j-impl-2.17.1.jar!/org/slf4j/impl/StaticLoggerBinder.class]
[2025-03-21T01:20:49.757+0000] {subprocess.py:93} INFO - SLF4J: Found binding in [jar:file:/opt/hadoop/share/hadoop/common/lib/slf4j-log4j12-1.7.25.jar!/org/slf4j/impl/StaticLoggerBinder.class]
[2025-03-21T01:20:49.757+0000] {subprocess.py:93} INFO - SLF4J: See http://www.slf4j.org/codes.html#multiple_bindings for an explanation.
[2025-03-21T01:20:49.888+0000] {subprocess.py:93} INFO - SLF4J: Actual binding is of type [org.apache.logging.slf4j.Log4jLoggerFactory]
[2025-03-21T01:20:50.779+0000] {subprocess.py:93} INFO - Connecting to jdbc:hive2://localhost:10000
[2025-03-21T01:20:50.992+0000] {subprocess.py:93} INFO - Connected to: Apache Hive (version 3.1.3)
[2025-03-21T01:20:50.993+0000] {subprocess.py:93} INFO - Driver: Hive JDBC (version 3.1.3)
[2025-03-21T01:20:50.994+0000] {subprocess.py:93} INFO - Transaction isolation: TRANSACTION_REPEATABLE_READ
[2025-03-21T01:20:51.066+0000] {subprocess.py:93} INFO - INFO  : Compiling command(queryId=root_20250321012051_c85ff5ee-da69-49d4-a170-3e7908799db2): CREATE EXTERNAL TABLE IF NOT EXISTS fraud_detections (
[2025-03-21T01:20:51.067+0000] {subprocess.py:93} INFO -             transaction_id STRING,
[2025-03-21T01:20:51.067+0000] {subprocess.py:93} INFO -             date_time STRING,
[2025-03-21T01:20:51.068+0000] {subprocess.py:93} INFO -             amount DOUBLE,
[2025-03-21T01:20:51.068+0000] {subprocess.py:93} INFO -             customer_id STRING,
[2025-03-21T01:20:51.069+0000] {subprocess.py:93} INFO -             location STRING,
[2025-03-21T01:20:51.070+0000] {subprocess.py:93} INFO -             fraud_reason STRING
[2025-03-21T01:20:51.070+0000] {subprocess.py:93} INFO -         )
[2025-03-21T01:20:51.071+0000] {subprocess.py:93} INFO -         STORED AS PARQUET
[2025-03-21T01:20:51.072+0000] {subprocess.py:93} INFO -         LOCATION '/data/fraud_detections'
[2025-03-21T01:20:51.072+0000] {subprocess.py:93} INFO - INFO  : Concurrency mode is disabled, not creating a lock manager
[2025-03-21T01:20:51.073+0000] {subprocess.py:93} INFO - INFO  : Semantic Analysis Completed (retrial = false)
[2025-03-21T01:20:51.073+0000] {subprocess.py:93} INFO - INFO  : Returning Hive schema: Schema(fieldSchemas:null, properties:null)
[2025-03-21T01:20:51.074+0000] {subprocess.py:93} INFO - INFO  : Completed compiling command(queryId=root_20250321012051_c85ff5ee-da69-49d4-a170-3e7908799db2); Time taken: 0.015 seconds
[2025-03-21T01:20:51.074+0000] {subprocess.py:93} INFO - INFO  : Concurrency mode is disabled, not creating a lock manager
[2025-03-21T01:20:51.075+0000] {subprocess.py:93} INFO - INFO  : Executing command(queryId=root_20250321012051_c85ff5ee-da69-49d4-a170-3e7908799db2): CREATE EXTERNAL TABLE IF NOT EXISTS fraud_detections (
[2025-03-21T01:20:51.075+0000] {subprocess.py:93} INFO -             transaction_id STRING,
[2025-03-21T01:20:51.076+0000] {subprocess.py:93} INFO -             date_time STRING,
[2025-03-21T01:20:51.076+0000] {subprocess.py:93} INFO -             amount DOUBLE,
[2025-03-21T01:20:51.077+0000] {subprocess.py:93} INFO -             customer_id STRING,
[2025-03-21T01:20:51.078+0000] {subprocess.py:93} INFO -             location STRING,
[2025-03-21T01:20:51.079+0000] {subprocess.py:93} INFO -             fraud_reason STRING
[2025-03-21T01:20:51.079+0000] {subprocess.py:93} INFO -         )
[2025-03-21T01:20:51.080+0000] {subprocess.py:93} INFO -         STORED AS PARQUET
[2025-03-21T01:20:51.080+0000] {subprocess.py:93} INFO -         LOCATION '/data/fraud_detections'
[2025-03-21T01:20:51.081+0000] {subprocess.py:93} INFO - INFO  : Completed executing command(queryId=root_20250321012051_c85ff5ee-da69-49d4-a170-3e7908799db2); Time taken: 0.001 seconds
[2025-03-21T01:20:51.081+0000] {subprocess.py:93} INFO - INFO  : OK
[2025-03-21T01:20:51.082+0000] {subprocess.py:93} INFO - INFO  : Concurrency mode is disabled, not creating a lock manager
[2025-03-21T01:20:51.082+0000] {subprocess.py:93} INFO - No rows affected (0.06 seconds)
[2025-03-21T01:20:51.083+0000] {subprocess.py:93} INFO - Beeline version 3.1.3 by Apache Hive
[2025-03-21T01:20:51.084+0000] {subprocess.py:93} INFO - Closing: 0: jdbc:hive2://localhost:10000
[2025-03-21T01:20:51.123+0000] {subprocess.py:97} INFO - Command exited with return code 0
[2025-03-21T01:20:51.153+0000] {taskinstance.py:1398} INFO - Marking task as SUCCESS. dag_id=transactions_pipeline, task_id=create_fraud_table, execution_date=20250321T003032, start_date=20250321T012048, end_date=20250321T012051
[2025-03-21T01:20:51.202+0000] {local_task_job_runner.py:228} INFO - Task exited with return code 0
[2025-03-21T01:20:51.233+0000] {taskinstance.py:2776} INFO - 1 downstream tasks scheduled from follow-on schedule check
