[2025-03-20T12:56:04.106+0000] {taskinstance.py:1157} INFO - Dependencies all met for dep_context=non-requeueable deps ti=<TaskInstance: transactions_pipeline.create_hive_table manual__2025-03-20T12:55:53.203262+00:00 [queued]>
[2025-03-20T12:56:04.123+0000] {taskinstance.py:1157} INFO - Dependencies all met for dep_context=requeueable deps ti=<TaskInstance: transactions_pipeline.create_hive_table manual__2025-03-20T12:55:53.203262+00:00 [queued]>
[2025-03-20T12:56:04.124+0000] {taskinstance.py:1359} INFO - Starting attempt 1 of 1
[2025-03-20T12:56:04.145+0000] {taskinstance.py:1380} INFO - Executing <Task(BashOperator): create_hive_table> on 2025-03-20 12:55:53.203262+00:00
[2025-03-20T12:56:04.154+0000] {standard_task_runner.py:57} INFO - Started process 1054 to run task
[2025-03-20T12:56:04.158+0000] {standard_task_runner.py:84} INFO - Running: ['***', 'tasks', 'run', 'transactions_pipeline', 'create_hive_table', 'manual__2025-03-20T12:55:53.203262+00:00', '--job-id', '306', '--raw', '--subdir', 'DAGS_FOLDER/fraud_detection_pipeline.py', '--cfg-path', '/tmp/tmp07e58zz4']
[2025-03-20T12:56:04.163+0000] {standard_task_runner.py:85} INFO - Job 306: Subtask create_hive_table
[2025-03-20T12:56:04.226+0000] {task_command.py:415} INFO - Running <TaskInstance: transactions_pipeline.create_hive_table manual__2025-03-20T12:55:53.203262+00:00 [running]> on host 3938a1dd8bd9
[2025-03-20T12:56:04.343+0000] {taskinstance.py:1660} INFO - Exporting env vars: AIRFLOW_CTX_DAG_OWNER='***' AIRFLOW_CTX_DAG_ID='transactions_pipeline' AIRFLOW_CTX_TASK_ID='create_hive_table' AIRFLOW_CTX_EXECUTION_DATE='2025-03-20T12:55:53.203262+00:00' AIRFLOW_CTX_TRY_NUMBER='1' AIRFLOW_CTX_DAG_RUN_ID='manual__2025-03-20T12:55:53.203262+00:00'
[2025-03-20T12:56:04.346+0000] {subprocess.py:63} INFO - Tmp dir root location: /tmp
[2025-03-20T12:56:04.348+0000] {subprocess.py:75} INFO - Running command: ['/bin/bash', '-c', '\n    docker exec hive beeline -u "jdbc:hive2://localhost:10000" --hiveconf hive.exec.dynamic.partition.mode=nonstrict -e "\n    CREATE EXTERNAL TABLE IF NOT EXISTS transactions (\n        transaction_id STRING,\n        date_time STRING,\n        amount DOUBLE,\n        currency STRING,\n        merchant_details STRING,\n        customer_id STRING,\n        transaction_type STRING,\n        location STRING\n    )\n    PARTITIONED BY (batch_id STRING)\n    STORED AS PARQUET;\n    ALTER TABLE transactions ADD IF NOT EXISTS PARTITION (batch_id=\'batch_20250320_124846\') LOCATION \'/data/transactions/transactions_batch_20250320_124846\';"\n    ']
[2025-03-20T12:56:04.365+0000] {subprocess.py:86} INFO - Output:
[2025-03-20T12:56:05.377+0000] {subprocess.py:93} INFO - SLF4J: Class path contains multiple SLF4J bindings.
[2025-03-20T12:56:05.378+0000] {subprocess.py:93} INFO - SLF4J: Found binding in [jar:file:/opt/hive/lib/log4j-slf4j-impl-2.17.1.jar!/org/slf4j/impl/StaticLoggerBinder.class]
[2025-03-20T12:56:05.379+0000] {subprocess.py:93} INFO - SLF4J: Found binding in [jar:file:/opt/hadoop/share/hadoop/common/lib/slf4j-log4j12-1.7.25.jar!/org/slf4j/impl/StaticLoggerBinder.class]
[2025-03-20T12:56:05.380+0000] {subprocess.py:93} INFO - SLF4J: See http://www.slf4j.org/codes.html#multiple_bindings for an explanation.
[2025-03-20T12:56:05.541+0000] {subprocess.py:93} INFO - SLF4J: Actual binding is of type [org.apache.logging.slf4j.Log4jLoggerFactory]
[2025-03-20T12:56:06.932+0000] {subprocess.py:93} INFO - Connecting to jdbc:hive2://localhost:10000
[2025-03-20T12:56:07.202+0000] {subprocess.py:93} INFO - Connected to: Apache Hive (version 3.1.3)
[2025-03-20T12:56:07.203+0000] {subprocess.py:93} INFO - Driver: Hive JDBC (version 3.1.3)
[2025-03-20T12:56:07.204+0000] {subprocess.py:93} INFO - Transaction isolation: TRANSACTION_REPEATABLE_READ
[2025-03-20T12:56:07.437+0000] {subprocess.py:93} INFO - INFO  : Compiling command(queryId=root_20250320125607_9b789650-2ce3-4ff2-baaa-a7bf3baf0114): CREATE EXTERNAL TABLE IF NOT EXISTS transactions (
[2025-03-20T12:56:07.438+0000] {subprocess.py:93} INFO -         transaction_id STRING,
[2025-03-20T12:56:07.439+0000] {subprocess.py:93} INFO -         date_time STRING,
[2025-03-20T12:56:07.440+0000] {subprocess.py:93} INFO -         amount DOUBLE,
[2025-03-20T12:56:07.441+0000] {subprocess.py:93} INFO -         currency STRING,
[2025-03-20T12:56:07.441+0000] {subprocess.py:93} INFO -         merchant_details STRING,
[2025-03-20T12:56:07.441+0000] {subprocess.py:93} INFO -         customer_id STRING,
[2025-03-20T12:56:07.442+0000] {subprocess.py:93} INFO -         transaction_type STRING,
[2025-03-20T12:56:07.442+0000] {subprocess.py:93} INFO -         location STRING
[2025-03-20T12:56:07.443+0000] {subprocess.py:93} INFO -     )
[2025-03-20T12:56:07.443+0000] {subprocess.py:93} INFO -     PARTITIONED BY (batch_id STRING)
[2025-03-20T12:56:07.444+0000] {subprocess.py:93} INFO -     STORED AS PARQUET
[2025-03-20T12:56:07.444+0000] {subprocess.py:93} INFO - INFO  : Concurrency mode is disabled, not creating a lock manager
[2025-03-20T12:56:07.445+0000] {subprocess.py:93} INFO - INFO  : Semantic Analysis Completed (retrial = false)
[2025-03-20T12:56:07.447+0000] {subprocess.py:93} INFO - INFO  : Returning Hive schema: Schema(fieldSchemas:null, properties:null)
[2025-03-20T12:56:07.447+0000] {subprocess.py:93} INFO - INFO  : Completed compiling command(queryId=root_20250320125607_9b789650-2ce3-4ff2-baaa-a7bf3baf0114); Time taken: 0.014 seconds
[2025-03-20T12:56:07.448+0000] {subprocess.py:93} INFO - INFO  : Concurrency mode is disabled, not creating a lock manager
[2025-03-20T12:56:07.449+0000] {subprocess.py:93} INFO - INFO  : Executing command(queryId=root_20250320125607_9b789650-2ce3-4ff2-baaa-a7bf3baf0114): CREATE EXTERNAL TABLE IF NOT EXISTS transactions (
[2025-03-20T12:56:07.449+0000] {subprocess.py:93} INFO -         transaction_id STRING,
[2025-03-20T12:56:07.450+0000] {subprocess.py:93} INFO -         date_time STRING,
[2025-03-20T12:56:07.450+0000] {subprocess.py:93} INFO -         amount DOUBLE,
[2025-03-20T12:56:07.451+0000] {subprocess.py:93} INFO -         currency STRING,
[2025-03-20T12:56:07.451+0000] {subprocess.py:93} INFO -         merchant_details STRING,
[2025-03-20T12:56:07.452+0000] {subprocess.py:93} INFO -         customer_id STRING,
[2025-03-20T12:56:07.452+0000] {subprocess.py:93} INFO -         transaction_type STRING,
[2025-03-20T12:56:07.452+0000] {subprocess.py:93} INFO -         location STRING
[2025-03-20T12:56:07.453+0000] {subprocess.py:93} INFO -     )
[2025-03-20T12:56:07.453+0000] {subprocess.py:93} INFO -     PARTITIONED BY (batch_id STRING)
[2025-03-20T12:56:07.453+0000] {subprocess.py:93} INFO -     STORED AS PARQUET
[2025-03-20T12:56:07.454+0000] {subprocess.py:93} INFO - INFO  : Starting task [Stage-0:DDL] in serial mode
[2025-03-20T12:56:07.454+0000] {subprocess.py:93} INFO - INFO  : Completed executing command(queryId=root_20250320125607_9b789650-2ce3-4ff2-baaa-a7bf3baf0114); Time taken: 0.14 seconds
[2025-03-20T12:56:07.455+0000] {subprocess.py:93} INFO - INFO  : OK
[2025-03-20T12:56:07.455+0000] {subprocess.py:93} INFO - INFO  : Concurrency mode is disabled, not creating a lock manager
[2025-03-20T12:56:07.455+0000] {subprocess.py:93} INFO - No rows affected (0.217 seconds)
[2025-03-20T12:56:07.726+0000] {subprocess.py:93} INFO - INFO  : Compiling command(queryId=root_20250320125607_4e0f6f57-c69f-4c95-8b02-726a2ba2739b): ALTER TABLE transactions ADD IF NOT EXISTS PARTITION (batch_id='batch_20250320_124846') LOCATION '/data/transactions/transactions_batch_20250320_124846'
[2025-03-20T12:56:07.728+0000] {subprocess.py:93} INFO - INFO  : Concurrency mode is disabled, not creating a lock manager
[2025-03-20T12:56:07.729+0000] {subprocess.py:93} INFO - INFO  : Semantic Analysis Completed (retrial = false)
[2025-03-20T12:56:07.730+0000] {subprocess.py:93} INFO - INFO  : Returning Hive schema: Schema(fieldSchemas:null, properties:null)
[2025-03-20T12:56:07.731+0000] {subprocess.py:93} INFO - INFO  : Completed compiling command(queryId=root_20250320125607_4e0f6f57-c69f-4c95-8b02-726a2ba2739b); Time taken: 0.111 seconds
[2025-03-20T12:56:07.732+0000] {subprocess.py:93} INFO - INFO  : Concurrency mode is disabled, not creating a lock manager
[2025-03-20T12:56:07.732+0000] {subprocess.py:93} INFO - INFO  : Executing command(queryId=root_20250320125607_4e0f6f57-c69f-4c95-8b02-726a2ba2739b): ALTER TABLE transactions ADD IF NOT EXISTS PARTITION (batch_id='batch_20250320_124846') LOCATION '/data/transactions/transactions_batch_20250320_124846'
[2025-03-20T12:56:07.733+0000] {subprocess.py:93} INFO - INFO  : Starting task [Stage-0:DDL] in serial mode
[2025-03-20T12:56:07.734+0000] {subprocess.py:93} INFO - INFO  : Completed executing command(queryId=root_20250320125607_4e0f6f57-c69f-4c95-8b02-726a2ba2739b); Time taken: 0.121 seconds
[2025-03-20T12:56:07.734+0000] {subprocess.py:93} INFO - INFO  : OK
[2025-03-20T12:56:07.735+0000] {subprocess.py:93} INFO - INFO  : Concurrency mode is disabled, not creating a lock manager
[2025-03-20T12:56:07.735+0000] {subprocess.py:93} INFO - No rows affected (0.273 seconds)
[2025-03-20T12:56:07.736+0000] {subprocess.py:93} INFO - Beeline version 3.1.3 by Apache Hive
[2025-03-20T12:56:07.741+0000] {subprocess.py:93} INFO - Closing: 0: jdbc:hive2://localhost:10000
[2025-03-20T12:56:07.804+0000] {subprocess.py:97} INFO - Command exited with return code 0
[2025-03-20T12:56:07.856+0000] {taskinstance.py:1398} INFO - Marking task as SUCCESS. dag_id=transactions_pipeline, task_id=create_hive_table, execution_date=20250320T125553, start_date=20250320T125604, end_date=20250320T125607
[2025-03-20T12:56:07.912+0000] {local_task_job_runner.py:228} INFO - Task exited with return code 0
[2025-03-20T12:56:07.949+0000] {taskinstance.py:2776} INFO - 1 downstream tasks scheduled from follow-on schedule check
