[2025-03-21T14:20:53.744+0000] {taskinstance.py:1157} INFO - Dependencies all met for dep_context=non-requeueable deps ti=<TaskInstance: transactions_pipeline.create_hive_table_batch_20250321_141918 manual__2025-03-21T14:20:41.080891+00:00 [queued]>
[2025-03-21T14:20:53.754+0000] {taskinstance.py:1157} INFO - Dependencies all met for dep_context=requeueable deps ti=<TaskInstance: transactions_pipeline.create_hive_table_batch_20250321_141918 manual__2025-03-21T14:20:41.080891+00:00 [queued]>
[2025-03-21T14:20:53.756+0000] {taskinstance.py:1359} INFO - Starting attempt 1 of 1
[2025-03-21T14:20:53.776+0000] {taskinstance.py:1380} INFO - Executing <Task(BashOperator): create_hive_table_batch_20250321_141918> on 2025-03-21 14:20:41.080891+00:00
[2025-03-21T14:20:53.786+0000] {standard_task_runner.py:57} INFO - Started process 3425 to run task
[2025-03-21T14:20:53.790+0000] {standard_task_runner.py:84} INFO - Running: ['***', 'tasks', 'run', 'transactions_pipeline', 'create_hive_table_batch_20250321_141918', 'manual__2025-03-21T14:20:41.080891+00:00', '--job-id', '776', '--raw', '--subdir', 'DAGS_FOLDER/fraud_detection_pipeline.py', '--cfg-path', '/tmp/tmpdzg1febb']
[2025-03-21T14:20:53.794+0000] {standard_task_runner.py:85} INFO - Job 776: Subtask create_hive_table_batch_20250321_141918
[2025-03-21T14:20:53.871+0000] {task_command.py:415} INFO - Running <TaskInstance: transactions_pipeline.create_hive_table_batch_20250321_141918 manual__2025-03-21T14:20:41.080891+00:00 [running]> on host e95638583d4d
[2025-03-21T14:20:53.970+0000] {taskinstance.py:1660} INFO - Exporting env vars: AIRFLOW_CTX_DAG_EMAIL='rabiizahnoune7@gmail.com' AIRFLOW_CTX_DAG_OWNER='***' AIRFLOW_CTX_DAG_ID='transactions_pipeline' AIRFLOW_CTX_TASK_ID='create_hive_table_batch_20250321_141918' AIRFLOW_CTX_EXECUTION_DATE='2025-03-21T14:20:41.080891+00:00' AIRFLOW_CTX_TRY_NUMBER='1' AIRFLOW_CTX_DAG_RUN_ID='manual__2025-03-21T14:20:41.080891+00:00'
[2025-03-21T14:20:53.975+0000] {subprocess.py:63} INFO - Tmp dir root location: /tmp
[2025-03-21T14:20:53.976+0000] {subprocess.py:75} INFO - Running command: ['/bin/bash', '-c', '\n            docker exec hive beeline -u "jdbc:hive2://localhost:10000" --hiveconf hive.exec.dynamic.partition.mode=nonstrict -e "\n            CREATE EXTERNAL TABLE IF NOT EXISTS transactions (\n                transaction_id STRING,\n                date_time STRING,\n                amount DOUBLE,\n                currency STRING,\n                merchant_details STRING,\n                customer_id STRING,\n                transaction_type STRING,\n                location STRING\n            )\n            PARTITIONED BY (batch_id STRING)\n            STORED AS PARQUET;\n            ALTER TABLE transactions ADD IF NOT EXISTS PARTITION (batch_id=\'batch_20250321_141918\') LOCATION \'/data/transactions/transactions_batch_20250321_141918\';"\n            ']
[2025-03-21T14:20:53.994+0000] {subprocess.py:86} INFO - Output:
[2025-03-21T14:20:55.216+0000] {subprocess.py:93} INFO - SLF4J: Class path contains multiple SLF4J bindings.
[2025-03-21T14:20:55.217+0000] {subprocess.py:93} INFO - SLF4J: Found binding in [jar:file:/opt/hive/lib/log4j-slf4j-impl-2.17.1.jar!/org/slf4j/impl/StaticLoggerBinder.class]
[2025-03-21T14:20:55.218+0000] {subprocess.py:93} INFO - SLF4J: Found binding in [jar:file:/opt/hadoop/share/hadoop/common/lib/slf4j-log4j12-1.7.25.jar!/org/slf4j/impl/StaticLoggerBinder.class]
[2025-03-21T14:20:55.219+0000] {subprocess.py:93} INFO - SLF4J: See http://www.slf4j.org/codes.html#multiple_bindings for an explanation.
[2025-03-21T14:20:55.438+0000] {subprocess.py:93} INFO - SLF4J: Actual binding is of type [org.apache.logging.slf4j.Log4jLoggerFactory]
[2025-03-21T14:20:56.865+0000] {subprocess.py:93} INFO - Connecting to jdbc:hive2://localhost:10000
[2025-03-21T14:20:57.068+0000] {subprocess.py:93} INFO - Connected to: Apache Hive (version 3.1.3)
[2025-03-21T14:20:57.068+0000] {subprocess.py:93} INFO - Driver: Hive JDBC (version 3.1.3)
[2025-03-21T14:20:57.069+0000] {subprocess.py:93} INFO - Transaction isolation: TRANSACTION_REPEATABLE_READ
[2025-03-21T14:20:57.154+0000] {subprocess.py:93} INFO - INFO  : Compiling command(queryId=root_20250321142057_d0f58f50-06d5-41d1-b30f-c9ae1506dcb7): CREATE EXTERNAL TABLE IF NOT EXISTS transactions (
[2025-03-21T14:20:57.155+0000] {subprocess.py:93} INFO -                 transaction_id STRING,
[2025-03-21T14:20:57.155+0000] {subprocess.py:93} INFO -                 date_time STRING,
[2025-03-21T14:20:57.156+0000] {subprocess.py:93} INFO -                 amount DOUBLE,
[2025-03-21T14:20:57.157+0000] {subprocess.py:93} INFO -                 currency STRING,
[2025-03-21T14:20:57.158+0000] {subprocess.py:93} INFO -                 merchant_details STRING,
[2025-03-21T14:20:57.158+0000] {subprocess.py:93} INFO -                 customer_id STRING,
[2025-03-21T14:20:57.160+0000] {subprocess.py:93} INFO -                 transaction_type STRING,
[2025-03-21T14:20:57.161+0000] {subprocess.py:93} INFO -                 location STRING
[2025-03-21T14:20:57.163+0000] {subprocess.py:93} INFO -             )
[2025-03-21T14:20:57.164+0000] {subprocess.py:93} INFO -             PARTITIONED BY (batch_id STRING)
[2025-03-21T14:20:57.164+0000] {subprocess.py:93} INFO -             STORED AS PARQUET
[2025-03-21T14:20:57.165+0000] {subprocess.py:93} INFO - INFO  : Concurrency mode is disabled, not creating a lock manager
[2025-03-21T14:20:57.166+0000] {subprocess.py:93} INFO - INFO  : Semantic Analysis Completed (retrial = false)
[2025-03-21T14:20:57.167+0000] {subprocess.py:93} INFO - INFO  : Returning Hive schema: Schema(fieldSchemas:null, properties:null)
[2025-03-21T14:20:57.168+0000] {subprocess.py:93} INFO - INFO  : Completed compiling command(queryId=root_20250321142057_d0f58f50-06d5-41d1-b30f-c9ae1506dcb7); Time taken: 0.014 seconds
[2025-03-21T14:20:57.168+0000] {subprocess.py:93} INFO - INFO  : Concurrency mode is disabled, not creating a lock manager
[2025-03-21T14:20:57.169+0000] {subprocess.py:93} INFO - INFO  : Executing command(queryId=root_20250321142057_d0f58f50-06d5-41d1-b30f-c9ae1506dcb7): CREATE EXTERNAL TABLE IF NOT EXISTS transactions (
[2025-03-21T14:20:57.170+0000] {subprocess.py:93} INFO -                 transaction_id STRING,
[2025-03-21T14:20:57.171+0000] {subprocess.py:93} INFO -                 date_time STRING,
[2025-03-21T14:20:57.171+0000] {subprocess.py:93} INFO -                 amount DOUBLE,
[2025-03-21T14:20:57.172+0000] {subprocess.py:93} INFO -                 currency STRING,
[2025-03-21T14:20:57.173+0000] {subprocess.py:93} INFO -                 merchant_details STRING,
[2025-03-21T14:20:57.173+0000] {subprocess.py:93} INFO -                 customer_id STRING,
[2025-03-21T14:20:57.174+0000] {subprocess.py:93} INFO -                 transaction_type STRING,
[2025-03-21T14:20:57.175+0000] {subprocess.py:93} INFO -                 location STRING
[2025-03-21T14:20:57.175+0000] {subprocess.py:93} INFO -             )
[2025-03-21T14:20:57.176+0000] {subprocess.py:93} INFO -             PARTITIONED BY (batch_id STRING)
[2025-03-21T14:20:57.177+0000] {subprocess.py:93} INFO -             STORED AS PARQUET
[2025-03-21T14:20:57.178+0000] {subprocess.py:93} INFO - INFO  : Completed executing command(queryId=root_20250321142057_d0f58f50-06d5-41d1-b30f-c9ae1506dcb7); Time taken: 0.0 seconds
[2025-03-21T14:20:57.179+0000] {subprocess.py:93} INFO - INFO  : OK
[2025-03-21T14:20:57.180+0000] {subprocess.py:93} INFO - INFO  : Concurrency mode is disabled, not creating a lock manager
[2025-03-21T14:20:57.181+0000] {subprocess.py:93} INFO - No rows affected (0.073 seconds)
[2025-03-21T14:20:57.293+0000] {subprocess.py:93} INFO - INFO  : Compiling command(queryId=root_20250321142057_b70b0747-c69d-40da-a4e9-87a4dc6316ed): ALTER TABLE transactions ADD IF NOT EXISTS PARTITION (batch_id='batch_20250321_141918') LOCATION '/data/transactions/transactions_batch_20250321_141918'
[2025-03-21T14:20:57.294+0000] {subprocess.py:93} INFO - INFO  : Concurrency mode is disabled, not creating a lock manager
[2025-03-21T14:20:57.295+0000] {subprocess.py:93} INFO - INFO  : Semantic Analysis Completed (retrial = false)
[2025-03-21T14:20:57.296+0000] {subprocess.py:93} INFO - INFO  : Returning Hive schema: Schema(fieldSchemas:null, properties:null)
[2025-03-21T14:20:57.296+0000] {subprocess.py:93} INFO - INFO  : Completed compiling command(queryId=root_20250321142057_b70b0747-c69d-40da-a4e9-87a4dc6316ed); Time taken: 0.016 seconds
[2025-03-21T14:20:57.297+0000] {subprocess.py:93} INFO - INFO  : Concurrency mode is disabled, not creating a lock manager
[2025-03-21T14:20:57.297+0000] {subprocess.py:93} INFO - INFO  : Executing command(queryId=root_20250321142057_b70b0747-c69d-40da-a4e9-87a4dc6316ed): ALTER TABLE transactions ADD IF NOT EXISTS PARTITION (batch_id='batch_20250321_141918') LOCATION '/data/transactions/transactions_batch_20250321_141918'
[2025-03-21T14:20:57.298+0000] {subprocess.py:93} INFO - INFO  : Starting task [Stage-0:DDL] in serial mode
[2025-03-21T14:20:57.299+0000] {subprocess.py:93} INFO - INFO  : Completed executing command(queryId=root_20250321142057_b70b0747-c69d-40da-a4e9-87a4dc6316ed); Time taken: 0.091 seconds
[2025-03-21T14:20:57.302+0000] {subprocess.py:93} INFO - INFO  : OK
[2025-03-21T14:20:57.303+0000] {subprocess.py:93} INFO - INFO  : Concurrency mode is disabled, not creating a lock manager
[2025-03-21T14:20:57.304+0000] {subprocess.py:93} INFO - No rows affected (0.121 seconds)
[2025-03-21T14:20:57.305+0000] {subprocess.py:93} INFO - Beeline version 3.1.3 by Apache Hive
[2025-03-21T14:20:57.308+0000] {subprocess.py:93} INFO - Closing: 0: jdbc:hive2://localhost:10000
[2025-03-21T14:20:57.356+0000] {subprocess.py:97} INFO - Command exited with return code 0
[2025-03-21T14:20:57.389+0000] {taskinstance.py:1398} INFO - Marking task as SUCCESS. dag_id=transactions_pipeline, task_id=create_hive_table_batch_20250321_141918, execution_date=20250321T142041, start_date=20250321T142053, end_date=20250321T142057
[2025-03-21T14:20:57.456+0000] {local_task_job_runner.py:228} INFO - Task exited with return code 0
[2025-03-21T14:20:57.509+0000] {taskinstance.py:2776} INFO - 1 downstream tasks scheduled from follow-on schedule check
