[2025-03-19T21:10:17.213+0000] {taskinstance.py:1157} INFO - Dependencies all met for dep_context=non-requeueable deps ti=<TaskInstance: transactions_pipeline.detect_fraud manual__2025-03-19T21:09:54.519331+00:00 [queued]>
[2025-03-19T21:10:17.231+0000] {taskinstance.py:1157} INFO - Dependencies all met for dep_context=requeueable deps ti=<TaskInstance: transactions_pipeline.detect_fraud manual__2025-03-19T21:09:54.519331+00:00 [queued]>
[2025-03-19T21:10:17.232+0000] {taskinstance.py:1359} INFO - Starting attempt 1 of 1
[2025-03-19T21:10:17.253+0000] {taskinstance.py:1380} INFO - Executing <Task(BashOperator): detect_fraud> on 2025-03-19 21:09:54.519331+00:00
[2025-03-19T21:10:17.262+0000] {standard_task_runner.py:57} INFO - Started process 309 to run task
[2025-03-19T21:10:17.266+0000] {standard_task_runner.py:84} INFO - Running: ['***', 'tasks', 'run', 'transactions_pipeline', 'detect_fraud', 'manual__2025-03-19T21:09:54.519331+00:00', '--job-id', '184', '--raw', '--subdir', 'DAGS_FOLDER/fraud_detection_pipeline.py', '--cfg-path', '/tmp/tmpv8z10i1a']
[2025-03-19T21:10:17.270+0000] {standard_task_runner.py:85} INFO - Job 184: Subtask detect_fraud
[2025-03-19T21:10:17.336+0000] {task_command.py:415} INFO - Running <TaskInstance: transactions_pipeline.detect_fraud manual__2025-03-19T21:09:54.519331+00:00 [running]> on host 2b5af9d7d045
[2025-03-19T21:10:17.478+0000] {taskinstance.py:1660} INFO - Exporting env vars: AIRFLOW_CTX_DAG_OWNER='***' AIRFLOW_CTX_DAG_ID='transactions_pipeline' AIRFLOW_CTX_TASK_ID='detect_fraud' AIRFLOW_CTX_EXECUTION_DATE='2025-03-19T21:09:54.519331+00:00' AIRFLOW_CTX_TRY_NUMBER='1' AIRFLOW_CTX_DAG_RUN_ID='manual__2025-03-19T21:09:54.519331+00:00'
[2025-03-19T21:10:17.481+0000] {subprocess.py:63} INFO - Tmp dir root location: /tmp
[2025-03-19T21:10:17.482+0000] {subprocess.py:75} INFO - Running command: ['/bin/bash', '-c', '\n    docker exec hive beeline -u "jdbc:hive2://localhost:10000" --hiveconf hive.exec.dynamic.partition.mode=nonstrict -e"\n    CREATE TABLE IF NOT EXISTS fraud_detections (\n        transaction_id STRING,\n        date_time STRING,\n        amount DOUBLE,\n        customer_id STRING,\n        location STRING,\n        fraud_reason STRING\n    )\n    STORED AS PARQUET\n    LOCATION \'/data/fraud_detections\';\n    INSERT INTO TABLE fraud_detections\n    SELECT\n        t.transaction_id,\n        t.date_time,\n        t.amount,\n        t.customer_id,\n        t.location,\n        \'High Amount\' AS fraud_reason\n    FROM transactions t\n    WHERE t.batch_id = \'batch_0\'\n    AND t.amount > 1000;"\n    ']
[2025-03-19T21:10:17.498+0000] {subprocess.py:86} INFO - Output:
[2025-03-19T21:10:19.115+0000] {subprocess.py:93} INFO - SLF4J: Class path contains multiple SLF4J bindings.
[2025-03-19T21:10:19.120+0000] {subprocess.py:93} INFO - SLF4J: Found binding in [jar:file:/opt/hive/lib/log4j-slf4j-impl-2.17.1.jar!/org/slf4j/impl/StaticLoggerBinder.class]
[2025-03-19T21:10:19.121+0000] {subprocess.py:93} INFO - SLF4J: Found binding in [jar:file:/opt/hadoop/share/hadoop/common/lib/slf4j-log4j12-1.7.25.jar!/org/slf4j/impl/StaticLoggerBinder.class]
[2025-03-19T21:10:19.122+0000] {subprocess.py:93} INFO - SLF4J: See http://www.slf4j.org/codes.html#multiple_bindings for an explanation.
[2025-03-19T21:10:19.344+0000] {subprocess.py:93} INFO - SLF4J: Actual binding is of type [org.apache.logging.slf4j.Log4jLoggerFactory]
[2025-03-19T21:10:20.799+0000] {subprocess.py:93} INFO - Connecting to jdbc:hive2://localhost:10000
[2025-03-19T21:10:21.244+0000] {subprocess.py:93} INFO - Connected to: Apache Hive (version 3.1.3)
[2025-03-19T21:10:21.257+0000] {subprocess.py:93} INFO - Driver: Hive JDBC (version 3.1.3)
[2025-03-19T21:10:21.259+0000] {subprocess.py:93} INFO - Transaction isolation: TRANSACTION_REPEATABLE_READ
[2025-03-19T21:10:21.722+0000] {subprocess.py:93} INFO - INFO  : Compiling command(queryId=root_20250319211021_744ce189-8d70-49f4-a12b-acd7470a81df): CREATE TABLE IF NOT EXISTS fraud_detections (
[2025-03-19T21:10:21.723+0000] {subprocess.py:93} INFO -         transaction_id STRING,
[2025-03-19T21:10:21.724+0000] {subprocess.py:93} INFO -         date_time STRING,
[2025-03-19T21:10:21.725+0000] {subprocess.py:93} INFO -         amount DOUBLE,
[2025-03-19T21:10:21.726+0000] {subprocess.py:93} INFO -         customer_id STRING,
[2025-03-19T21:10:21.726+0000] {subprocess.py:93} INFO -         location STRING,
[2025-03-19T21:10:21.727+0000] {subprocess.py:93} INFO -         fraud_reason STRING
[2025-03-19T21:10:21.728+0000] {subprocess.py:93} INFO -     )
[2025-03-19T21:10:21.728+0000] {subprocess.py:93} INFO -     STORED AS PARQUET
[2025-03-19T21:10:21.729+0000] {subprocess.py:93} INFO -     LOCATION '/data/fraud_detections'
[2025-03-19T21:10:21.729+0000] {subprocess.py:93} INFO - INFO  : Concurrency mode is disabled, not creating a lock manager
[2025-03-19T21:10:21.729+0000] {subprocess.py:93} INFO - INFO  : Semantic Analysis Completed (retrial = false)
[2025-03-19T21:10:21.730+0000] {subprocess.py:93} INFO - INFO  : Returning Hive schema: Schema(fieldSchemas:null, properties:null)
[2025-03-19T21:10:21.730+0000] {subprocess.py:93} INFO - INFO  : Completed compiling command(queryId=root_20250319211021_744ce189-8d70-49f4-a12b-acd7470a81df); Time taken: 0.036 seconds
[2025-03-19T21:10:21.731+0000] {subprocess.py:93} INFO - INFO  : Concurrency mode is disabled, not creating a lock manager
[2025-03-19T21:10:21.731+0000] {subprocess.py:93} INFO - INFO  : Executing command(queryId=root_20250319211021_744ce189-8d70-49f4-a12b-acd7470a81df): CREATE TABLE IF NOT EXISTS fraud_detections (
[2025-03-19T21:10:21.731+0000] {subprocess.py:93} INFO -         transaction_id STRING,
[2025-03-19T21:10:21.732+0000] {subprocess.py:93} INFO -         date_time STRING,
[2025-03-19T21:10:21.734+0000] {subprocess.py:93} INFO -         amount DOUBLE,
[2025-03-19T21:10:21.734+0000] {subprocess.py:93} INFO -         customer_id STRING,
[2025-03-19T21:10:21.735+0000] {subprocess.py:93} INFO -         location STRING,
[2025-03-19T21:10:21.736+0000] {subprocess.py:93} INFO -         fraud_reason STRING
[2025-03-19T21:10:21.736+0000] {subprocess.py:93} INFO -     )
[2025-03-19T21:10:21.737+0000] {subprocess.py:93} INFO -     STORED AS PARQUET
[2025-03-19T21:10:21.737+0000] {subprocess.py:93} INFO -     LOCATION '/data/fraud_detections'
[2025-03-19T21:10:21.739+0000] {subprocess.py:93} INFO - INFO  : Starting task [Stage-0:DDL] in serial mode
[2025-03-19T21:10:21.740+0000] {subprocess.py:93} INFO - INFO  : Completed executing command(queryId=root_20250319211021_744ce189-8d70-49f4-a12b-acd7470a81df); Time taken: 0.342 seconds
[2025-03-19T21:10:21.740+0000] {subprocess.py:93} INFO - INFO  : OK
[2025-03-19T21:10:21.741+0000] {subprocess.py:93} INFO - INFO  : Concurrency mode is disabled, not creating a lock manager
[2025-03-19T21:10:21.742+0000] {subprocess.py:93} INFO - No rows affected (0.472 seconds)
[2025-03-19T21:10:24.607+0000] {subprocess.py:93} INFO - INFO  : Compiling command(queryId=root_20250319211021_e07cab2c-dcee-470d-9f62-91ec41348407): INSERT INTO TABLE fraud_detections
[2025-03-19T21:10:24.609+0000] {subprocess.py:93} INFO -     SELECT
[2025-03-19T21:10:24.610+0000] {subprocess.py:93} INFO -         t.transaction_id,
[2025-03-19T21:10:24.610+0000] {subprocess.py:93} INFO -         t.date_time,
[2025-03-19T21:10:24.611+0000] {subprocess.py:93} INFO -         t.amount,
[2025-03-19T21:10:24.612+0000] {subprocess.py:93} INFO -         t.customer_id,
[2025-03-19T21:10:24.613+0000] {subprocess.py:93} INFO -         t.location,
[2025-03-19T21:10:24.613+0000] {subprocess.py:93} INFO -         'High Amount' AS fraud_reason
[2025-03-19T21:10:24.614+0000] {subprocess.py:93} INFO -     FROM transactions t
[2025-03-19T21:10:24.614+0000] {subprocess.py:93} INFO -     WHERE t.batch_id = 'batch_0'
[2025-03-19T21:10:24.615+0000] {subprocess.py:93} INFO -     AND t.amount > 1000
[2025-03-19T21:10:24.616+0000] {subprocess.py:93} INFO - INFO  : Concurrency mode is disabled, not creating a lock manager
[2025-03-19T21:10:24.616+0000] {subprocess.py:93} INFO - INFO  : Semantic Analysis Completed (retrial = false)
[2025-03-19T21:10:24.617+0000] {subprocess.py:93} INFO - INFO  : Returning Hive schema: Schema(fieldSchemas:[FieldSchema(name:t.transaction_id, type:string, comment:null), FieldSchema(name:t.date_time, type:string, comment:null), FieldSchema(name:t.amount, type:double, comment:null), FieldSchema(name:t.customer_id, type:string, comment:null), FieldSchema(name:t.location, type:string, comment:null), FieldSchema(name:fraud_reason, type:string, comment:null)], properties:null)
[2025-03-19T21:10:24.617+0000] {subprocess.py:93} INFO - INFO  : Completed compiling command(queryId=root_20250319211021_e07cab2c-dcee-470d-9f62-91ec41348407); Time taken: 1.84 seconds
[2025-03-19T21:10:24.618+0000] {subprocess.py:93} INFO - INFO  : Concurrency mode is disabled, not creating a lock manager
[2025-03-19T21:10:24.619+0000] {subprocess.py:93} INFO - INFO  : Executing command(queryId=root_20250319211021_e07cab2c-dcee-470d-9f62-91ec41348407): INSERT INTO TABLE fraud_detections
[2025-03-19T21:10:24.620+0000] {subprocess.py:93} INFO -     SELECT
[2025-03-19T21:10:24.621+0000] {subprocess.py:93} INFO -         t.transaction_id,
[2025-03-19T21:10:24.621+0000] {subprocess.py:93} INFO -         t.date_time,
[2025-03-19T21:10:24.622+0000] {subprocess.py:93} INFO -         t.amount,
[2025-03-19T21:10:24.623+0000] {subprocess.py:93} INFO -         t.customer_id,
[2025-03-19T21:10:24.624+0000] {subprocess.py:93} INFO -         t.location,
[2025-03-19T21:10:24.624+0000] {subprocess.py:93} INFO -         'High Amount' AS fraud_reason
[2025-03-19T21:10:24.625+0000] {subprocess.py:93} INFO -     FROM transactions t
[2025-03-19T21:10:24.626+0000] {subprocess.py:93} INFO -     WHERE t.batch_id = 'batch_0'
[2025-03-19T21:10:24.627+0000] {subprocess.py:93} INFO -     AND t.amount > 1000
[2025-03-19T21:10:24.627+0000] {subprocess.py:93} INFO - WARN  : Hive-on-MR is deprecated in Hive 2 and may not be available in the future versions. Consider using a different execution engine (i.e. spark, tez) or using Hive 1.X releases.
[2025-03-19T21:10:24.628+0000] {subprocess.py:93} INFO - INFO  : Query ID = root_20250319211021_e07cab2c-dcee-470d-9f62-91ec41348407
[2025-03-19T21:10:24.628+0000] {subprocess.py:93} INFO - INFO  : Total jobs = 3
[2025-03-19T21:10:24.629+0000] {subprocess.py:93} INFO - INFO  : Launching Job 1 out of 3
[2025-03-19T21:10:24.630+0000] {subprocess.py:93} INFO - INFO  : Starting task [Stage-1:MAPRED] in serial mode
[2025-03-19T21:10:24.630+0000] {subprocess.py:93} INFO - INFO  : Number of reduce tasks determined at compile time: 1
[2025-03-19T21:10:24.631+0000] {subprocess.py:93} INFO - INFO  : In order to change the average load for a reducer (in bytes):
[2025-03-19T21:10:24.632+0000] {subprocess.py:93} INFO - INFO  :   set hive.exec.reducers.bytes.per.reducer=<number>
[2025-03-19T21:10:24.633+0000] {subprocess.py:93} INFO - INFO  : In order to limit the maximum number of reducers:
[2025-03-19T21:10:24.633+0000] {subprocess.py:93} INFO - INFO  :   set hive.exec.reducers.max=<number>
[2025-03-19T21:10:24.633+0000] {subprocess.py:93} INFO - INFO  : In order to set a constant number of reducers:
[2025-03-19T21:10:24.634+0000] {subprocess.py:93} INFO - INFO  :   set mapreduce.job.reduces=<number>
[2025-03-19T21:13:49.034+0000] {local_task_job_runner.py:294} WARNING - State of this instance has been externally set to upstream_failed. Terminating instance.
[2025-03-19T21:13:49.056+0000] {process_utils.py:131} INFO - Sending 15 to group 309. PIDs of all processes in the group: [310, 311, 309]
[2025-03-19T21:13:49.064+0000] {process_utils.py:86} INFO - Sending the signal 15 to group 309
[2025-03-19T21:13:49.067+0000] {taskinstance.py:1630} ERROR - Received SIGTERM. Terminating subprocesses.
[2025-03-19T21:13:49.069+0000] {subprocess.py:104} INFO - Sending SIGTERM signal to process group
[2025-03-19T21:13:49.174+0000] {process_utils.py:79} INFO - Process psutil.Process(pid=310, status='terminated', started='21:10:17') (310) terminated with exit code None
[2025-03-19T21:13:49.176+0000] {process_utils.py:79} INFO - Process psutil.Process(pid=311, status='terminated', started='21:10:17') (311) terminated with exit code None
[2025-03-19T21:13:49.177+0000] {process_utils.py:79} INFO - Process psutil.Process(pid=309, status='terminated', exitcode=0, started='21:10:17') (309) terminated with exit code 0
