[2025-03-21T13:49:48.894+0000] {taskinstance.py:1157} INFO - Dependencies all met for dep_context=non-requeueable deps ti=<TaskInstance: transactions_pipeline.detect_fraud_batch_20250321_131741 scheduled__2025-03-21T13:42:39.231672+00:00 [queued]>
[2025-03-21T13:49:48.924+0000] {taskinstance.py:1157} INFO - Dependencies all met for dep_context=requeueable deps ti=<TaskInstance: transactions_pipeline.detect_fraud_batch_20250321_131741 scheduled__2025-03-21T13:42:39.231672+00:00 [queued]>
[2025-03-21T13:49:48.945+0000] {taskinstance.py:1359} INFO - Starting attempt 1 of 1
[2025-03-21T13:49:48.979+0000] {taskinstance.py:1380} INFO - Executing <Task(BashOperator): detect_fraud_batch_20250321_131741> on 2025-03-21 13:42:39.231672+00:00
[2025-03-21T13:49:48.995+0000] {standard_task_runner.py:57} INFO - Started process 831 to run task
[2025-03-21T13:49:49.009+0000] {standard_task_runner.py:84} INFO - Running: ['***', 'tasks', 'run', 'transactions_pipeline', 'detect_fraud_batch_20250321_131741', 'scheduled__2025-03-21T13:42:39.231672+00:00', '--job-id', '719', '--raw', '--subdir', 'DAGS_FOLDER/fraud_detection_pipeline.py', '--cfg-path', '/tmp/tmprpt96vij']
[2025-03-21T13:49:49.047+0000] {standard_task_runner.py:85} INFO - Job 719: Subtask detect_fraud_batch_20250321_131741
[2025-03-21T13:49:49.247+0000] {task_command.py:415} INFO - Running <TaskInstance: transactions_pipeline.detect_fraud_batch_20250321_131741 scheduled__2025-03-21T13:42:39.231672+00:00 [running]> on host e95638583d4d
[2025-03-21T13:49:49.437+0000] {taskinstance.py:1660} INFO - Exporting env vars: AIRFLOW_CTX_DAG_EMAIL='rabiizahnoune7@gmail.com' AIRFLOW_CTX_DAG_OWNER='***' AIRFLOW_CTX_DAG_ID='transactions_pipeline' AIRFLOW_CTX_TASK_ID='detect_fraud_batch_20250321_131741' AIRFLOW_CTX_EXECUTION_DATE='2025-03-21T13:42:39.231672+00:00' AIRFLOW_CTX_TRY_NUMBER='1' AIRFLOW_CTX_DAG_RUN_ID='scheduled__2025-03-21T13:42:39.231672+00:00'
[2025-03-21T13:49:49.442+0000] {subprocess.py:63} INFO - Tmp dir root location: /tmp
[2025-03-21T13:49:49.446+0000] {subprocess.py:75} INFO - Running command: ['/bin/bash', '-c', '\n            docker exec hive spark-submit --master spark://localhost:7077 /hive/scripts/detect_fraud.py "batch_20250321_131741"\n            ']
[2025-03-21T13:49:49.472+0000] {subprocess.py:86} INFO - Output:
[2025-03-21T13:50:28.083+0000] {subprocess.py:93} INFO - 25/03/21 13:50:28 INFO SparkContext: Running Spark version 3.5.0
[2025-03-21T13:50:28.178+0000] {subprocess.py:93} INFO - 25/03/21 13:50:28 INFO SparkContext: OS info Linux, 5.15.167.4-microsoft-standard-WSL2, amd64
[2025-03-21T13:50:28.179+0000] {subprocess.py:93} INFO - 25/03/21 13:50:28 INFO SparkContext: Java version 1.8.0_342
[2025-03-21T13:50:29.791+0000] {subprocess.py:93} INFO - 25/03/21 13:50:29 WARN NativeCodeLoader: Unable to load native-hadoop library for your platform... using builtin-java classes where applicable
[2025-03-21T13:50:32.078+0000] {subprocess.py:93} INFO - 25/03/21 13:50:32 INFO ResourceUtils: ==============================================================
[2025-03-21T13:50:32.082+0000] {subprocess.py:93} INFO - 25/03/21 13:50:32 INFO ResourceUtils: No custom resources configured for spark.driver.
[2025-03-21T13:50:32.083+0000] {subprocess.py:93} INFO - 25/03/21 13:50:32 INFO ResourceUtils: ==============================================================
[2025-03-21T13:50:32.087+0000] {subprocess.py:93} INFO - 25/03/21 13:50:32 INFO SparkContext: Submitted application: FraudDetection
[2025-03-21T13:50:32.895+0000] {subprocess.py:93} INFO - 25/03/21 13:50:32 INFO ResourceProfile: Default ResourceProfile created, executor resources: Map(memory -> name: memory, amount: 1024, script: , vendor: , offHeap -> name: offHeap, amount: 0, script: , vendor: ), task resources: Map(cpus -> name: cpus, amount: 1.0)
[2025-03-21T13:50:33.097+0000] {subprocess.py:93} INFO - 25/03/21 13:50:33 INFO ResourceProfile: Limiting resource is cpu
[2025-03-21T13:50:33.175+0000] {subprocess.py:93} INFO - 25/03/21 13:50:33 INFO ResourceProfileManager: Added ResourceProfile id: 0
[2025-03-21T13:50:33.984+0000] {subprocess.py:93} INFO - 25/03/21 13:50:33 INFO SecurityManager: Changing view acls to: root
[2025-03-21T13:50:33.989+0000] {subprocess.py:93} INFO - 25/03/21 13:50:33 INFO SecurityManager: Changing modify acls to: root
[2025-03-21T13:50:33.997+0000] {subprocess.py:93} INFO - 25/03/21 13:50:33 INFO SecurityManager: Changing view acls groups to:
[2025-03-21T13:50:33.999+0000] {subprocess.py:93} INFO - 25/03/21 13:50:33 INFO SecurityManager: Changing modify acls groups to:
[2025-03-21T13:50:34.000+0000] {subprocess.py:93} INFO - 25/03/21 13:50:33 INFO SecurityManager: SecurityManager: authentication disabled; ui acls disabled; users with view permissions: root; groups with view permissions: EMPTY; users with modify permissions: root; groups with modify permissions: EMPTY
[2025-03-21T13:50:36.517+0000] {subprocess.py:93} INFO - 25/03/21 13:50:36 INFO Utils: Successfully started service 'sparkDriver' on port 32877.
[2025-03-21T13:50:37.196+0000] {subprocess.py:93} INFO - 25/03/21 13:50:37 INFO SparkEnv: Registering MapOutputTracker
[2025-03-21T13:50:37.602+0000] {subprocess.py:93} INFO - 25/03/21 13:50:37 INFO SparkEnv: Registering BlockManagerMaster
[2025-03-21T13:50:37.801+0000] {subprocess.py:93} INFO - 25/03/21 13:50:37 INFO BlockManagerMasterEndpoint: Using org.apache.spark.storage.DefaultTopologyMapper for getting topology information
[2025-03-21T13:50:37.803+0000] {subprocess.py:93} INFO - 25/03/21 13:50:37 INFO BlockManagerMasterEndpoint: BlockManagerMasterEndpoint up
[2025-03-21T13:50:37.818+0000] {subprocess.py:93} INFO - 25/03/21 13:50:37 INFO SparkEnv: Registering BlockManagerMasterHeartbeat
[2025-03-21T13:50:39.116+0000] {subprocess.py:93} INFO - 25/03/21 13:50:39 INFO DiskBlockManager: Created local directory at /tmp/blockmgr-dcdc70e6-ac25-47af-999e-0942bac1e76f
[2025-03-21T13:50:39.418+0000] {subprocess.py:93} INFO - 25/03/21 13:50:39 INFO MemoryStore: MemoryStore started with capacity 366.3 MiB
[2025-03-21T13:50:39.716+0000] {subprocess.py:93} INFO - 25/03/21 13:50:39 INFO SparkEnv: Registering OutputCommitCoordinator
[2025-03-21T13:50:42.502+0000] {subprocess.py:93} INFO - 25/03/21 13:50:42 INFO JettyUtils: Start Jetty 0.0.0.0:4040 for SparkUI
[2025-03-21T13:50:44.211+0000] {subprocess.py:93} INFO - 25/03/21 13:50:44 INFO Utils: Successfully started service 'SparkUI' on port 4040.
[2025-03-21T13:50:49.021+0000] {subprocess.py:93} INFO - 25/03/21 13:50:48 INFO StandaloneAppClient$ClientEndpoint: Connecting to master spark://localhost:7077...
[2025-03-21T13:50:50.619+0000] {subprocess.py:93} INFO - 25/03/21 13:50:50 INFO TransportClientFactory: Successfully created connection to localhost/127.0.0.1:7077 after 979 ms (0 ms spent in bootstraps)
[2025-03-21T13:50:55.308+0000] {subprocess.py:93} INFO - 25/03/21 13:50:55 INFO StandaloneSchedulerBackend: Connected to Spark cluster with app ID app-20250321135053-0000
[2025-03-21T13:50:55.600+0000] {subprocess.py:93} INFO - 25/03/21 13:50:55 INFO Utils: Successfully started service 'org.apache.spark.network.netty.NettyBlockTransferService' on port 36949.
[2025-03-21T13:50:55.602+0000] {subprocess.py:93} INFO - 25/03/21 13:50:55 INFO NettyBlockTransferService: Server created on e0b25feeb0e2:36949
[2025-03-21T13:50:55.605+0000] {subprocess.py:93} INFO - 25/03/21 13:50:55 INFO BlockManager: Using org.apache.spark.storage.RandomBlockReplicationPolicy for block replication policy
[2025-03-21T13:50:55.710+0000] {subprocess.py:93} INFO - 25/03/21 13:50:55 INFO BlockManagerMaster: Registering BlockManager BlockManagerId(driver, e0b25feeb0e2, 36949, None)
[2025-03-21T13:50:55.799+0000] {subprocess.py:93} INFO - 25/03/21 13:50:55 INFO BlockManagerMasterEndpoint: Registering block manager e0b25feeb0e2:36949 with 366.3 MiB RAM, BlockManagerId(driver, e0b25feeb0e2, 36949, None)
[2025-03-21T13:50:55.812+0000] {subprocess.py:93} INFO - 25/03/21 13:50:55 INFO BlockManagerMaster: Registered BlockManager BlockManagerId(driver, e0b25feeb0e2, 36949, None)
[2025-03-21T13:50:55.818+0000] {subprocess.py:93} INFO - 25/03/21 13:50:55 INFO BlockManager: Initialized BlockManager: BlockManagerId(driver, e0b25feeb0e2, 36949, None)
[2025-03-21T13:50:56.110+0000] {subprocess.py:93} INFO - 25/03/21 13:50:56 INFO StandaloneAppClient$ClientEndpoint: Executor added: app-20250321135053-0000/0 on worker-20250321134653-172.18.0.2-40107 (172.18.0.2:40107) with 2 core(s)
[2025-03-21T13:50:56.202+0000] {subprocess.py:93} INFO - 25/03/21 13:50:56 INFO StandaloneSchedulerBackend: Granted executor ID app-20250321135053-0000/0 on hostPort 172.18.0.2:40107 with 2 core(s), 1024.0 MiB RAM
[2025-03-21T13:51:01.804+0000] {subprocess.py:93} INFO - 25/03/21 13:51:01 INFO StandaloneAppClient$ClientEndpoint: Executor updated: app-20250321135053-0000/0 is now RUNNING
[2025-03-21T13:51:06.371+0000] {subprocess.py:93} INFO - 25/03/21 13:51:06 INFO StandaloneSchedulerBackend: SchedulerBackend is ready for scheduling beginning after reached minRegisteredResourcesRatio: 0.0
[2025-03-21T13:51:11.164+0000] {subprocess.py:93} INFO - Spark version: 3.5.0
[2025-03-21T13:51:13.149+0000] {subprocess.py:93} INFO - 25/03/21 13:51:13 INFO SharedState: Setting hive.metastore.warehouse.dir ('null') to the value of spark.sql.warehouse.dir.
[2025-03-21T13:51:26.566+0000] {subprocess.py:93} INFO - 25/03/21 13:51:26 INFO SharedState: Warehouse path is 'hdfs://localhost:9000/data/warehouse'.
[2025-03-21T13:51:53.004+0000] {subprocess.py:93} INFO - 25/03/21 13:51:52 INFO InMemoryFileIndex: It took 1475 ms to list leaf files for 1 paths.
[2025-03-21T13:51:54.311+0000] {subprocess.py:93} INFO - 25/03/21 13:51:54 INFO StandaloneSchedulerBackend$StandaloneDriverEndpoint: Registered executor NettyRpcEndpointRef(spark-client://Executor) (172.18.0.2:34812) with ID 0,  ResourceProfileId 0
[2025-03-21T13:51:57.499+0000] {subprocess.py:93} INFO - 25/03/21 13:51:57 INFO BlockManagerMasterEndpoint: Registering block manager 172.18.0.2:37155 with 366.3 MiB RAM, BlockManagerId(0, 172.18.0.2, 37155, None)
[2025-03-21T13:52:03.845+0000] {subprocess.py:93} INFO - 25/03/21 13:52:03 INFO SparkContext: Starting job: parquet at NativeMethodAccessorImpl.java:0
[2025-03-21T13:52:04.244+0000] {subprocess.py:93} INFO - 25/03/21 13:52:04 INFO DAGScheduler: Got job 0 (parquet at NativeMethodAccessorImpl.java:0) with 1 output partitions
[2025-03-21T13:52:04.253+0000] {subprocess.py:93} INFO - 25/03/21 13:52:04 INFO DAGScheduler: Final stage: ResultStage 0 (parquet at NativeMethodAccessorImpl.java:0)
[2025-03-21T13:52:04.255+0000] {subprocess.py:93} INFO - 25/03/21 13:52:04 INFO DAGScheduler: Parents of final stage: List()
[2025-03-21T13:52:04.358+0000] {subprocess.py:93} INFO - 25/03/21 13:52:04 INFO DAGScheduler: Missing parents: List()
[2025-03-21T13:52:04.468+0000] {subprocess.py:93} INFO - 25/03/21 13:52:04 INFO DAGScheduler: Submitting ResultStage 0 (MapPartitionsRDD[1] at parquet at NativeMethodAccessorImpl.java:0), which has no missing parents
[2025-03-21T13:52:05.461+0000] {subprocess.py:93} INFO - 25/03/21 13:52:05 INFO AsyncEventQueue: Process of event SparkListenerJobStart(0,1742565124353,WrappedArray(org.apache.spark.scheduler.StageInfo@745fbf7b),{spark.rdd.scope.noOverride=true, spark.rdd.scope={"id":"2","name":"collect"}}) by listener AppStatusListener took 1.0183711s.
[2025-03-21T13:52:05.952+0000] {subprocess.py:93} INFO - 25/03/21 13:52:05 INFO MemoryStore: Block broadcast_0 stored as values in memory (estimated size 103.3 KiB, free 366.2 MiB)
[2025-03-21T13:52:07.062+0000] {subprocess.py:93} INFO - 25/03/21 13:52:07 INFO MemoryStore: Block broadcast_0_piece0 stored as bytes in memory (estimated size 37.2 KiB, free 366.2 MiB)
[2025-03-21T13:52:07.255+0000] {subprocess.py:93} INFO - 25/03/21 13:52:07 INFO BlockManagerInfo: Added broadcast_0_piece0 in memory on e0b25feeb0e2:36949 (size: 37.2 KiB, free: 366.3 MiB)
[2025-03-21T13:52:07.346+0000] {subprocess.py:93} INFO - 25/03/21 13:52:07 INFO SparkContext: Created broadcast 0 from broadcast at DAGScheduler.scala:1580
[2025-03-21T13:52:07.659+0000] {subprocess.py:93} INFO - 25/03/21 13:52:07 INFO DAGScheduler: Submitting 1 missing tasks from ResultStage 0 (MapPartitionsRDD[1] at parquet at NativeMethodAccessorImpl.java:0) (first 15 tasks are for partitions Vector(0))
[2025-03-21T13:52:07.763+0000] {subprocess.py:93} INFO - 25/03/21 13:52:07 INFO TaskSchedulerImpl: Adding task set 0.0 with 1 tasks resource profile 0
[2025-03-21T13:52:08.261+0000] {subprocess.py:93} INFO - 25/03/21 13:52:08 INFO TaskSetManager: Starting task 0.0 in stage 0.0 (TID 0) (172.18.0.2, executor 0, partition 0, PROCESS_LOCAL, 7831 bytes)
[2025-03-21T13:52:09.883+0000] {subprocess.py:93} INFO - 25/03/21 13:52:09 INFO BlockManagerInfo: Added broadcast_0_piece0 in memory on 172.18.0.2:37155 (size: 37.2 KiB, free: 366.3 MiB)
[2025-03-21T13:52:14.629+0000] {subprocess.py:93} INFO - 25/03/21 13:52:14 INFO TaskSetManager: Finished task 0.0 in stage 0.0 (TID 0) in 6579 ms on 172.18.0.2 (executor 0) (1/1)
[2025-03-21T13:52:14.633+0000] {subprocess.py:93} INFO - 25/03/21 13:52:14 INFO TaskSchedulerImpl: Removed TaskSet 0.0, whose tasks have all completed, from pool
[2025-03-21T13:52:14.641+0000] {subprocess.py:93} INFO - 25/03/21 13:52:14 INFO DAGScheduler: ResultStage 0 (parquet at NativeMethodAccessorImpl.java:0) finished in 9.701 s
[2025-03-21T13:52:14.648+0000] {subprocess.py:93} INFO - 25/03/21 13:52:14 INFO DAGScheduler: Job 0 is finished. Cancelling potential speculative or zombie tasks for this job
[2025-03-21T13:52:14.649+0000] {subprocess.py:93} INFO - 25/03/21 13:52:14 INFO TaskSchedulerImpl: Killing all running tasks in stage 0: Stage finished
[2025-03-21T13:52:14.653+0000] {subprocess.py:93} INFO - 25/03/21 13:52:14 INFO DAGScheduler: Job 0 finished: parquet at NativeMethodAccessorImpl.java:0, took 10.816579 s
[2025-03-21T13:52:16.062+0000] {subprocess.py:93} INFO - 25/03/21 13:52:16 INFO BlockManagerInfo: Removed broadcast_0_piece0 on e0b25feeb0e2:36949 in memory (size: 37.2 KiB, free: 366.3 MiB)
[2025-03-21T13:52:16.081+0000] {subprocess.py:93} INFO - 25/03/21 13:52:16 INFO BlockManagerInfo: Removed broadcast_0_piece0 on 172.18.0.2:37155 in memory (size: 37.2 KiB, free: 366.3 MiB)
[2025-03-21T13:52:18.491+0000] {subprocess.py:93} INFO - 25/03/21 13:52:18 INFO FileSourceStrategy: Pushed Filters: IsNotNull(amount),GreaterThan(amount,1000.0)
[2025-03-21T13:52:18.499+0000] {subprocess.py:93} INFO - 25/03/21 13:52:18 INFO FileSourceStrategy: Post-Scan Filters: isnotnull(amount#2),(amount#2 > 1000.0)
[2025-03-21T13:52:18.871+0000] {subprocess.py:93} INFO - 25/03/21 13:52:18 INFO ParquetUtils: Using default output committer for Parquet: org.apache.parquet.hadoop.ParquetOutputCommitter
[2025-03-21T13:52:18.905+0000] {subprocess.py:93} INFO - 25/03/21 13:52:18 INFO FileOutputCommitter: File Output Committer Algorithm version is 1
[2025-03-21T13:52:18.906+0000] {subprocess.py:93} INFO - 25/03/21 13:52:18 INFO FileOutputCommitter: FileOutputCommitter skip cleanup _temporary folders under output directory:false, ignore cleanup failures: false
[2025-03-21T13:52:18.912+0000] {subprocess.py:93} INFO - 25/03/21 13:52:18 INFO SQLHadoopMapReduceCommitProtocol: Using user defined output committer class org.apache.parquet.hadoop.ParquetOutputCommitter
[2025-03-21T13:52:18.915+0000] {subprocess.py:93} INFO - 25/03/21 13:52:18 INFO FileOutputCommitter: File Output Committer Algorithm version is 1
[2025-03-21T13:52:18.917+0000] {subprocess.py:93} INFO - 25/03/21 13:52:18 INFO FileOutputCommitter: FileOutputCommitter skip cleanup _temporary folders under output directory:false, ignore cleanup failures: false
[2025-03-21T13:52:18.918+0000] {subprocess.py:93} INFO - 25/03/21 13:52:18 INFO SQLHadoopMapReduceCommitProtocol: Using output committer class org.apache.parquet.hadoop.ParquetOutputCommitter
[2025-03-21T13:52:19.543+0000] {subprocess.py:93} INFO - 25/03/21 13:52:19 INFO CodeGenerator: Code generated in 365.844475 ms
[2025-03-21T13:52:19.599+0000] {subprocess.py:93} INFO - 25/03/21 13:52:19 INFO MemoryStore: Block broadcast_1 stored as values in memory (estimated size 357.5 KiB, free 366.0 MiB)
[2025-03-21T13:52:19.621+0000] {subprocess.py:93} INFO - 25/03/21 13:52:19 INFO MemoryStore: Block broadcast_1_piece0 stored as bytes in memory (estimated size 35.2 KiB, free 365.9 MiB)
[2025-03-21T13:52:19.622+0000] {subprocess.py:93} INFO - 25/03/21 13:52:19 INFO BlockManagerInfo: Added broadcast_1_piece0 in memory on e0b25feeb0e2:36949 (size: 35.2 KiB, free: 366.3 MiB)
[2025-03-21T13:52:19.635+0000] {subprocess.py:93} INFO - 25/03/21 13:52:19 INFO SparkContext: Created broadcast 1 from parquet at NativeMethodAccessorImpl.java:0
[2025-03-21T13:52:19.663+0000] {subprocess.py:93} INFO - 25/03/21 13:52:19 INFO FileSourceScanExec: Planning scan with bin packing, max size: 4194304 bytes, open cost is considered as scanning 4194304 bytes.
[2025-03-21T13:52:19.725+0000] {subprocess.py:93} INFO - 25/03/21 13:52:19 INFO SparkContext: Starting job: parquet at NativeMethodAccessorImpl.java:0
[2025-03-21T13:52:19.727+0000] {subprocess.py:93} INFO - 25/03/21 13:52:19 INFO DAGScheduler: Got job 1 (parquet at NativeMethodAccessorImpl.java:0) with 1 output partitions
[2025-03-21T13:52:19.728+0000] {subprocess.py:93} INFO - 25/03/21 13:52:19 INFO DAGScheduler: Final stage: ResultStage 1 (parquet at NativeMethodAccessorImpl.java:0)
[2025-03-21T13:52:19.728+0000] {subprocess.py:93} INFO - 25/03/21 13:52:19 INFO DAGScheduler: Parents of final stage: List()
[2025-03-21T13:52:19.729+0000] {subprocess.py:93} INFO - 25/03/21 13:52:19 INFO DAGScheduler: Missing parents: List()
[2025-03-21T13:52:19.731+0000] {subprocess.py:93} INFO - 25/03/21 13:52:19 INFO DAGScheduler: Submitting ResultStage 1 (MapPartitionsRDD[5] at parquet at NativeMethodAccessorImpl.java:0), which has no missing parents
[2025-03-21T13:52:19.826+0000] {subprocess.py:93} INFO - 25/03/21 13:52:19 INFO MemoryStore: Block broadcast_2 stored as values in memory (estimated size 219.2 KiB, free 365.7 MiB)
[2025-03-21T13:52:19.838+0000] {subprocess.py:93} INFO - 25/03/21 13:52:19 INFO MemoryStore: Block broadcast_2_piece0 stored as bytes in memory (estimated size 77.4 KiB, free 365.6 MiB)
[2025-03-21T13:52:19.839+0000] {subprocess.py:93} INFO - 25/03/21 13:52:19 INFO BlockManagerInfo: Added broadcast_2_piece0 in memory on e0b25feeb0e2:36949 (size: 77.4 KiB, free: 366.2 MiB)
[2025-03-21T13:52:19.841+0000] {subprocess.py:93} INFO - 25/03/21 13:52:19 INFO SparkContext: Created broadcast 2 from broadcast at DAGScheduler.scala:1580
[2025-03-21T13:52:19.843+0000] {subprocess.py:93} INFO - 25/03/21 13:52:19 INFO DAGScheduler: Submitting 1 missing tasks from ResultStage 1 (MapPartitionsRDD[5] at parquet at NativeMethodAccessorImpl.java:0) (first 15 tasks are for partitions Vector(0))
[2025-03-21T13:52:19.844+0000] {subprocess.py:93} INFO - 25/03/21 13:52:19 INFO TaskSchedulerImpl: Adding task set 1.0 with 1 tasks resource profile 0
[2025-03-21T13:52:19.859+0000] {subprocess.py:93} INFO - 25/03/21 13:52:19 INFO TaskSetManager: Starting task 0.0 in stage 1.0 (TID 1) (172.18.0.2, executor 0, partition 0, ANY, 8299 bytes)
[2025-03-21T13:52:19.965+0000] {subprocess.py:93} INFO - 25/03/21 13:52:19 INFO BlockManagerInfo: Added broadcast_2_piece0 in memory on 172.18.0.2:37155 (size: 77.4 KiB, free: 366.2 MiB)
[2025-03-21T13:52:22.443+0000] {subprocess.py:93} INFO - 25/03/21 13:52:22 INFO BlockManagerInfo: Added broadcast_1_piece0 in memory on 172.18.0.2:37155 (size: 35.2 KiB, free: 366.2 MiB)
[2025-03-21T13:52:23.719+0000] {subprocess.py:93} INFO - 25/03/21 13:52:23 INFO TaskSetManager: Finished task 0.0 in stage 1.0 (TID 1) in 3866 ms on 172.18.0.2 (executor 0) (1/1)
[2025-03-21T13:52:23.720+0000] {subprocess.py:93} INFO - 25/03/21 13:52:23 INFO TaskSchedulerImpl: Removed TaskSet 1.0, whose tasks have all completed, from pool
[2025-03-21T13:52:23.722+0000] {subprocess.py:93} INFO - 25/03/21 13:52:23 INFO DAGScheduler: ResultStage 1 (parquet at NativeMethodAccessorImpl.java:0) finished in 3.982 s
[2025-03-21T13:52:23.723+0000] {subprocess.py:93} INFO - 25/03/21 13:52:23 INFO DAGScheduler: Job 1 is finished. Cancelling potential speculative or zombie tasks for this job
[2025-03-21T13:52:23.724+0000] {subprocess.py:93} INFO - 25/03/21 13:52:23 INFO TaskSchedulerImpl: Killing all running tasks in stage 1: Stage finished
[2025-03-21T13:52:23.726+0000] {subprocess.py:93} INFO - 25/03/21 13:52:23 INFO DAGScheduler: Job 1 finished: parquet at NativeMethodAccessorImpl.java:0, took 3.999556 s
[2025-03-21T13:52:23.729+0000] {subprocess.py:93} INFO - 25/03/21 13:52:23 INFO FileFormatWriter: Start to commit write Job cc4309b2-1141-4a4e-9bbd-d0cb148f1320.
[2025-03-21T13:52:23.840+0000] {subprocess.py:93} INFO - 25/03/21 13:52:23 INFO FileFormatWriter: Write Job cc4309b2-1141-4a4e-9bbd-d0cb148f1320 committed. Elapsed time: 108 ms.
[2025-03-21T13:52:23.849+0000] {subprocess.py:93} INFO - 25/03/21 13:52:23 INFO FileFormatWriter: Finished processing stats for write job cc4309b2-1141-4a4e-9bbd-d0cb148f1320.
[2025-03-21T13:52:23.858+0000] {subprocess.py:93} INFO - 25/03/21 13:52:23 INFO SparkContext: SparkContext is stopping with exitCode 0.
[2025-03-21T13:52:23.885+0000] {subprocess.py:93} INFO - 25/03/21 13:52:23 INFO SparkUI: Stopped Spark web UI at http://e0b25feeb0e2:4040
[2025-03-21T13:52:23.893+0000] {subprocess.py:93} INFO - 25/03/21 13:52:23 INFO StandaloneSchedulerBackend: Shutting down all executors
[2025-03-21T13:52:23.894+0000] {subprocess.py:93} INFO - 25/03/21 13:52:23 INFO StandaloneSchedulerBackend$StandaloneDriverEndpoint: Asking each executor to shut down
[2025-03-21T13:52:23.941+0000] {subprocess.py:93} INFO - 25/03/21 13:52:23 INFO MapOutputTrackerMasterEndpoint: MapOutputTrackerMasterEndpoint stopped!
[2025-03-21T13:52:23.975+0000] {subprocess.py:93} INFO - 25/03/21 13:52:23 INFO MemoryStore: MemoryStore cleared
[2025-03-21T13:52:23.977+0000] {subprocess.py:93} INFO - 25/03/21 13:52:23 INFO BlockManager: BlockManager stopped
[2025-03-21T13:52:24.041+0000] {subprocess.py:93} INFO - 25/03/21 13:52:24 INFO BlockManagerMaster: BlockManagerMaster stopped
[2025-03-21T13:52:24.047+0000] {subprocess.py:93} INFO - 25/03/21 13:52:24 INFO OutputCommitCoordinator$OutputCommitCoordinatorEndpoint: OutputCommitCoordinator stopped!
[2025-03-21T13:52:24.067+0000] {subprocess.py:93} INFO - 25/03/21 13:52:24 INFO SparkContext: Successfully stopped SparkContext
[2025-03-21T13:52:24.541+0000] {subprocess.py:93} INFO - 25/03/21 13:52:24 INFO ShutdownHookManager: Shutdown hook called
[2025-03-21T13:52:24.543+0000] {subprocess.py:93} INFO - 25/03/21 13:52:24 INFO ShutdownHookManager: Deleting directory /tmp/spark-fa10bf39-7c9d-41f9-8d73-4d11468ef290
[2025-03-21T13:52:24.549+0000] {subprocess.py:93} INFO - 25/03/21 13:52:24 INFO ShutdownHookManager: Deleting directory /tmp/spark-7895a4ad-7342-4967-b29e-cdaa31f3afd5
[2025-03-21T13:52:24.555+0000] {subprocess.py:93} INFO - 25/03/21 13:52:24 INFO ShutdownHookManager: Deleting directory /tmp/spark-7895a4ad-7342-4967-b29e-cdaa31f3afd5/pyspark-ca774d8d-3fa0-4cb3-a2bc-78b4f4704a76
[2025-03-21T13:52:24.669+0000] {subprocess.py:97} INFO - Command exited with return code 0
[2025-03-21T13:52:24.714+0000] {taskinstance.py:1398} INFO - Marking task as SUCCESS. dag_id=transactions_pipeline, task_id=detect_fraud_batch_20250321_131741, execution_date=20250321T134239, start_date=20250321T134948, end_date=20250321T135224
[2025-03-21T13:52:24.780+0000] {local_task_job_runner.py:228} INFO - Task exited with return code 0
[2025-03-21T13:52:24.836+0000] {taskinstance.py:2776} INFO - 1 downstream tasks scheduled from follow-on schedule check
