[2025-03-21T13:41:05.751+0000] {taskinstance.py:1157} INFO - Dependencies all met for dep_context=non-requeueable deps ti=<TaskInstance: transactions_pipeline.create_hive_table_batch_20250321_131702 scheduled__2025-03-21T13:32:39.231672+00:00 [queued]>
[2025-03-21T13:41:05.858+0000] {taskinstance.py:1157} INFO - Dependencies all met for dep_context=requeueable deps ti=<TaskInstance: transactions_pipeline.create_hive_table_batch_20250321_131702 scheduled__2025-03-21T13:32:39.231672+00:00 [queued]>
[2025-03-21T13:41:05.863+0000] {taskinstance.py:1359} INFO - Starting attempt 1 of 1
[2025-03-21T13:41:05.962+0000] {taskinstance.py:1380} INFO - Executing <Task(BashOperator): create_hive_table_batch_20250321_131702> on 2025-03-21 13:32:39.231672+00:00
[2025-03-21T13:41:05.982+0000] {standard_task_runner.py:57} INFO - Started process 3457 to run task
[2025-03-21T13:41:06.055+0000] {standard_task_runner.py:84} INFO - Running: ['***', 'tasks', 'run', 'transactions_pipeline', 'create_hive_table_batch_20250321_131702', 'scheduled__2025-03-21T13:32:39.231672+00:00', '--job-id', '672', '--raw', '--subdir', 'DAGS_FOLDER/fraud_detection_pipeline.py', '--cfg-path', '/tmp/tmp90e0lfke']
[2025-03-21T13:41:06.074+0000] {standard_task_runner.py:85} INFO - Job 672: Subtask create_hive_table_batch_20250321_131702
[2025-03-21T13:41:07.251+0000] {task_command.py:415} INFO - Running <TaskInstance: transactions_pipeline.create_hive_table_batch_20250321_131702 scheduled__2025-03-21T13:32:39.231672+00:00 [running]> on host 1b7c3466167a
[2025-03-21T13:41:07.750+0000] {taskinstance.py:1660} INFO - Exporting env vars: AIRFLOW_CTX_DAG_EMAIL='rabiizahnoune7@gmail.com' AIRFLOW_CTX_DAG_OWNER='***' AIRFLOW_CTX_DAG_ID='transactions_pipeline' AIRFLOW_CTX_TASK_ID='create_hive_table_batch_20250321_131702' AIRFLOW_CTX_EXECUTION_DATE='2025-03-21T13:32:39.231672+00:00' AIRFLOW_CTX_TRY_NUMBER='1' AIRFLOW_CTX_DAG_RUN_ID='scheduled__2025-03-21T13:32:39.231672+00:00'
[2025-03-21T13:41:07.756+0000] {subprocess.py:63} INFO - Tmp dir root location: /tmp
[2025-03-21T13:41:07.761+0000] {subprocess.py:75} INFO - Running command: ['/bin/bash', '-c', '\n            docker exec hive beeline -u "jdbc:hive2://localhost:10000" --hiveconf hive.exec.dynamic.partition.mode=nonstrict -e "\n            CREATE EXTERNAL TABLE IF NOT EXISTS transactions (\n                transaction_id STRING,\n                date_time STRING,\n                amount DOUBLE,\n                currency STRING,\n                merchant_details STRING,\n                customer_id STRING,\n                transaction_type STRING,\n                location STRING\n            )\n            PARTITIONED BY (batch_id STRING)\n            STORED AS PARQUET;\n            ALTER TABLE transactions ADD IF NOT EXISTS PARTITION (batch_id=\'batch_20250321_131702\') LOCATION \'/data/transactions/transactions_batch_20250321_131702\';"\n            ']
[2025-03-21T13:41:07.868+0000] {subprocess.py:86} INFO - Output:
[2025-03-21T13:41:25.875+0000] {subprocess.py:93} INFO - SLF4J: Class path contains multiple SLF4J bindings.
[2025-03-21T13:41:25.877+0000] {subprocess.py:93} INFO - SLF4J: Found binding in [jar:file:/opt/hive/lib/log4j-slf4j-impl-2.17.1.jar!/org/slf4j/impl/StaticLoggerBinder.class]
[2025-03-21T13:41:25.878+0000] {subprocess.py:93} INFO - SLF4J: Found binding in [jar:file:/opt/hadoop/share/hadoop/common/lib/slf4j-log4j12-1.7.25.jar!/org/slf4j/impl/StaticLoggerBinder.class]
[2025-03-21T13:41:25.879+0000] {subprocess.py:93} INFO - SLF4J: See http://www.slf4j.org/codes.html#multiple_bindings for an explanation.
[2025-03-21T13:41:29.185+0000] {subprocess.py:93} INFO - SLF4J: Actual binding is of type [org.apache.logging.slf4j.Log4jLoggerFactory]
[2025-03-21T13:41:49.468+0000] {subprocess.py:93} INFO - Connecting to jdbc:hive2://localhost:10000
[2025-03-21T13:41:57.549+0000] {subprocess.py:93} INFO - Connected to: Apache Hive (version 3.1.3)
[2025-03-21T13:41:57.550+0000] {subprocess.py:93} INFO - Driver: Hive JDBC (version 3.1.3)
[2025-03-21T13:41:57.551+0000] {subprocess.py:93} INFO - Transaction isolation: TRANSACTION_REPEATABLE_READ
[2025-03-21T13:41:59.972+0000] {subprocess.py:93} INFO - INFO  : Compiling command(queryId=root_20250321134158_ccd4e664-acfc-4af9-8e0b-cf818b22cb85): CREATE EXTERNAL TABLE IF NOT EXISTS transactions (
[2025-03-21T13:41:59.975+0000] {subprocess.py:93} INFO -                 transaction_id STRING,
[2025-03-21T13:41:59.980+0000] {subprocess.py:93} INFO -                 date_time STRING,
[2025-03-21T13:41:59.984+0000] {subprocess.py:93} INFO -                 amount DOUBLE,
[2025-03-21T13:41:59.985+0000] {subprocess.py:93} INFO -                 currency STRING,
[2025-03-21T13:41:59.986+0000] {subprocess.py:93} INFO -                 merchant_details STRING,
[2025-03-21T13:41:59.987+0000] {subprocess.py:93} INFO -                 customer_id STRING,
[2025-03-21T13:41:59.988+0000] {subprocess.py:93} INFO -                 transaction_type STRING,
[2025-03-21T13:41:59.989+0000] {subprocess.py:93} INFO -                 location STRING
[2025-03-21T13:41:59.990+0000] {subprocess.py:93} INFO -             )
[2025-03-21T13:41:59.991+0000] {subprocess.py:93} INFO -             PARTITIONED BY (batch_id STRING)
[2025-03-21T13:41:59.991+0000] {subprocess.py:93} INFO -             STORED AS PARQUET
[2025-03-21T13:41:59.992+0000] {subprocess.py:93} INFO - INFO  : Concurrency mode is disabled, not creating a lock manager
[2025-03-21T13:41:59.992+0000] {subprocess.py:93} INFO - INFO  : Semantic Analysis Completed (retrial = false)
[2025-03-21T13:41:59.993+0000] {subprocess.py:93} INFO - INFO  : Returning Hive schema: Schema(fieldSchemas:null, properties:null)
[2025-03-21T13:41:59.994+0000] {subprocess.py:93} INFO - INFO  : Completed compiling command(queryId=root_20250321134158_ccd4e664-acfc-4af9-8e0b-cf818b22cb85); Time taken: 0.084 seconds
[2025-03-21T13:41:59.995+0000] {subprocess.py:93} INFO - INFO  : Concurrency mode is disabled, not creating a lock manager
[2025-03-21T13:41:59.995+0000] {subprocess.py:93} INFO - INFO  : Executing command(queryId=root_20250321134158_ccd4e664-acfc-4af9-8e0b-cf818b22cb85): CREATE EXTERNAL TABLE IF NOT EXISTS transactions (
[2025-03-21T13:41:59.996+0000] {subprocess.py:93} INFO -                 transaction_id STRING,
[2025-03-21T13:41:59.997+0000] {subprocess.py:93} INFO -                 date_time STRING,
[2025-03-21T13:41:59.997+0000] {subprocess.py:93} INFO -                 amount DOUBLE,
[2025-03-21T13:41:59.998+0000] {subprocess.py:93} INFO -                 currency STRING,
[2025-03-21T13:41:59.998+0000] {subprocess.py:93} INFO -                 merchant_details STRING,
[2025-03-21T13:41:59.999+0000] {subprocess.py:93} INFO -                 customer_id STRING,
[2025-03-21T13:41:59.999+0000] {subprocess.py:93} INFO -                 transaction_type STRING,
[2025-03-21T13:42:00.000+0000] {subprocess.py:93} INFO -                 location STRING
[2025-03-21T13:42:00.001+0000] {subprocess.py:93} INFO -             )
[2025-03-21T13:42:00.001+0000] {subprocess.py:93} INFO -             PARTITIONED BY (batch_id STRING)
[2025-03-21T13:42:00.002+0000] {subprocess.py:93} INFO -             STORED AS PARQUET
[2025-03-21T13:42:00.003+0000] {subprocess.py:93} INFO - INFO  : Completed executing command(queryId=root_20250321134158_ccd4e664-acfc-4af9-8e0b-cf818b22cb85); Time taken: 0.054 seconds
[2025-03-21T13:42:00.003+0000] {subprocess.py:93} INFO - INFO  : OK
[2025-03-21T13:42:00.005+0000] {subprocess.py:93} INFO - INFO  : Concurrency mode is disabled, not creating a lock manager
[2025-03-21T13:42:00.069+0000] {subprocess.py:93} INFO - No rows affected (2.173 seconds)
[2025-03-21T13:42:01.664+0000] {subprocess.py:93} INFO - INFO  : Compiling command(queryId=root_20250321134200_2c4bafe3-d32d-4baf-a9bc-12a0afbf480a): ALTER TABLE transactions ADD IF NOT EXISTS PARTITION (batch_id='batch_20250321_131702') LOCATION '/data/transactions/transactions_batch_20250321_131702'
[2025-03-21T13:42:01.673+0000] {subprocess.py:93} INFO - INFO  : Concurrency mode is disabled, not creating a lock manager
[2025-03-21T13:42:01.675+0000] {subprocess.py:93} INFO - INFO  : Semantic Analysis Completed (retrial = false)
[2025-03-21T13:42:01.676+0000] {subprocess.py:93} INFO - INFO  : Returning Hive schema: Schema(fieldSchemas:null, properties:null)
[2025-03-21T13:42:01.677+0000] {subprocess.py:93} INFO - INFO  : Completed compiling command(queryId=root_20250321134200_2c4bafe3-d32d-4baf-a9bc-12a0afbf480a); Time taken: 0.129 seconds
[2025-03-21T13:42:01.680+0000] {subprocess.py:93} INFO - INFO  : Concurrency mode is disabled, not creating a lock manager
[2025-03-21T13:42:01.683+0000] {subprocess.py:93} INFO - INFO  : Executing command(queryId=root_20250321134200_2c4bafe3-d32d-4baf-a9bc-12a0afbf480a): ALTER TABLE transactions ADD IF NOT EXISTS PARTITION (batch_id='batch_20250321_131702') LOCATION '/data/transactions/transactions_batch_20250321_131702'
[2025-03-21T13:42:01.684+0000] {subprocess.py:93} INFO - INFO  : Starting task [Stage-0:DDL] in serial mode
[2025-03-21T13:42:01.685+0000] {subprocess.py:93} INFO - INFO  : Completed executing command(queryId=root_20250321134200_2c4bafe3-d32d-4baf-a9bc-12a0afbf480a); Time taken: 0.498 seconds
[2025-03-21T13:42:01.686+0000] {subprocess.py:93} INFO - INFO  : OK
[2025-03-21T13:42:01.687+0000] {subprocess.py:93} INFO - INFO  : Concurrency mode is disabled, not creating a lock manager
[2025-03-21T13:42:01.688+0000] {subprocess.py:93} INFO - No rows affected (1.288 seconds)
[2025-03-21T13:42:01.850+0000] {subprocess.py:93} INFO - Beeline version 3.1.3 by Apache Hive
[2025-03-21T13:42:01.967+0000] {subprocess.py:93} INFO - Closing: 0: jdbc:hive2://localhost:10000
[2025-03-21T13:42:02.854+0000] {subprocess.py:97} INFO - Command exited with return code 0
[2025-03-21T13:42:02.986+0000] {taskinstance.py:1398} INFO - Marking task as SUCCESS. dag_id=transactions_pipeline, task_id=create_hive_table_batch_20250321_131702, execution_date=20250321T133239, start_date=20250321T134105, end_date=20250321T134202
[2025-03-21T13:42:03.267+0000] {local_task_job_runner.py:228} INFO - Task exited with return code 0
[2025-03-21T13:42:03.627+0000] {taskinstance.py:2776} INFO - 1 downstream tasks scheduled from follow-on schedule check
