[2025-03-20T10:29:36.254+0000] {taskinstance.py:1157} INFO - Dependencies all met for dep_context=non-requeueable deps ti=<TaskInstance: transactions_pipeline.detect_fraud manual__2025-03-20T10:29:12.926618+00:00 [queued]>
[2025-03-20T10:29:36.267+0000] {taskinstance.py:1157} INFO - Dependencies all met for dep_context=requeueable deps ti=<TaskInstance: transactions_pipeline.detect_fraud manual__2025-03-20T10:29:12.926618+00:00 [queued]>
[2025-03-20T10:29:36.268+0000] {taskinstance.py:1359} INFO - Starting attempt 1 of 1
[2025-03-20T10:29:36.293+0000] {taskinstance.py:1380} INFO - Executing <Task(BashOperator): detect_fraud> on 2025-03-20 10:29:12.926618+00:00
[2025-03-20T10:29:36.305+0000] {standard_task_runner.py:57} INFO - Started process 314 to run task
[2025-03-20T10:29:36.311+0000] {standard_task_runner.py:84} INFO - Running: ['***', 'tasks', 'run', 'transactions_pipeline', 'detect_fraud', 'manual__2025-03-20T10:29:12.926618+00:00', '--job-id', '247', '--raw', '--subdir', 'DAGS_FOLDER/fraud_detection_pipeline.py', '--cfg-path', '/tmp/tmp4vq2_x1x']
[2025-03-20T10:29:36.316+0000] {standard_task_runner.py:85} INFO - Job 247: Subtask detect_fraud
[2025-03-20T10:29:36.384+0000] {task_command.py:415} INFO - Running <TaskInstance: transactions_pipeline.detect_fraud manual__2025-03-20T10:29:12.926618+00:00 [running]> on host bb4292cadea3
[2025-03-20T10:29:36.502+0000] {taskinstance.py:1660} INFO - Exporting env vars: AIRFLOW_CTX_DAG_OWNER='***' AIRFLOW_CTX_DAG_ID='transactions_pipeline' AIRFLOW_CTX_TASK_ID='detect_fraud' AIRFLOW_CTX_EXECUTION_DATE='2025-03-20T10:29:12.926618+00:00' AIRFLOW_CTX_TRY_NUMBER='1' AIRFLOW_CTX_DAG_RUN_ID='manual__2025-03-20T10:29:12.926618+00:00'
[2025-03-20T10:29:36.505+0000] {subprocess.py:63} INFO - Tmp dir root location: /tmp
[2025-03-20T10:29:36.506+0000] {subprocess.py:75} INFO - Running command: ['/bin/bash', '-c', '\n    docker exec hive beeline -u "jdbc:hive2://localhost:10000" --hiveconf hive.exec.dynamic.partition.mode=nonstrict -e"\n    CREATE TABLE IF NOT EXISTS fraud_detections (\n        transaction_id STRING,\n        date_time STRING,\n        amount DOUBLE,\n        customer_id STRING,\n        location STRING,\n        fraud_reason STRING\n    )\n    STORED AS PARQUET\n    LOCATION \'/data/fraud_detections\';\n    INSERT INTO TABLE fraud_detections\n    SELECT\n        t.transaction_id,\n        t.date_time,\n        t.amount,\n        t.customer_id,\n        t.location,\n        \'High Amount\' AS fraud_reason\n    FROM transactions t\n    WHERE t.batch_id = \'batch_0\'\n    AND t.amount > 1000;"\n    ']
[2025-03-20T10:29:36.516+0000] {subprocess.py:86} INFO - Output:
[2025-03-20T10:29:37.702+0000] {subprocess.py:93} INFO - SLF4J: Class path contains multiple SLF4J bindings.
[2025-03-20T10:29:37.703+0000] {subprocess.py:93} INFO - SLF4J: Found binding in [jar:file:/opt/hive/lib/log4j-slf4j-impl-2.17.1.jar!/org/slf4j/impl/StaticLoggerBinder.class]
[2025-03-20T10:29:37.704+0000] {subprocess.py:93} INFO - SLF4J: Found binding in [jar:file:/opt/hadoop/share/hadoop/common/lib/slf4j-log4j12-1.7.25.jar!/org/slf4j/impl/StaticLoggerBinder.class]
[2025-03-20T10:29:37.705+0000] {subprocess.py:93} INFO - SLF4J: See http://www.slf4j.org/codes.html#multiple_bindings for an explanation.
[2025-03-20T10:29:37.922+0000] {subprocess.py:93} INFO - SLF4J: Actual binding is of type [org.apache.logging.slf4j.Log4jLoggerFactory]
[2025-03-20T10:29:39.254+0000] {subprocess.py:93} INFO - Connecting to jdbc:hive2://localhost:10000
[2025-03-20T10:29:39.461+0000] {subprocess.py:93} INFO - Connected to: Apache Hive (version 3.1.3)
[2025-03-20T10:29:39.462+0000] {subprocess.py:93} INFO - Driver: Hive JDBC (version 3.1.3)
[2025-03-20T10:29:39.463+0000] {subprocess.py:93} INFO - Transaction isolation: TRANSACTION_REPEATABLE_READ
[2025-03-20T10:29:39.711+0000] {subprocess.py:93} INFO - INFO  : Compiling command(queryId=root_20250320102939_2a5fc08e-28ec-4761-8693-0565fe6ed2b4): CREATE TABLE IF NOT EXISTS fraud_detections (
[2025-03-20T10:29:39.712+0000] {subprocess.py:93} INFO -         transaction_id STRING,
[2025-03-20T10:29:39.712+0000] {subprocess.py:93} INFO -         date_time STRING,
[2025-03-20T10:29:39.713+0000] {subprocess.py:93} INFO -         amount DOUBLE,
[2025-03-20T10:29:39.714+0000] {subprocess.py:93} INFO -         customer_id STRING,
[2025-03-20T10:29:39.715+0000] {subprocess.py:93} INFO -         location STRING,
[2025-03-20T10:29:39.716+0000] {subprocess.py:93} INFO -         fraud_reason STRING
[2025-03-20T10:29:39.717+0000] {subprocess.py:93} INFO -     )
[2025-03-20T10:29:39.717+0000] {subprocess.py:93} INFO -     STORED AS PARQUET
[2025-03-20T10:29:39.718+0000] {subprocess.py:93} INFO -     LOCATION '/data/fraud_detections'
[2025-03-20T10:29:39.718+0000] {subprocess.py:93} INFO - INFO  : Concurrency mode is disabled, not creating a lock manager
[2025-03-20T10:29:39.719+0000] {subprocess.py:93} INFO - INFO  : Semantic Analysis Completed (retrial = false)
[2025-03-20T10:29:39.719+0000] {subprocess.py:93} INFO - INFO  : Returning Hive schema: Schema(fieldSchemas:null, properties:null)
[2025-03-20T10:29:39.720+0000] {subprocess.py:93} INFO - INFO  : Completed compiling command(queryId=root_20250320102939_2a5fc08e-28ec-4761-8693-0565fe6ed2b4); Time taken: 0.009 seconds
[2025-03-20T10:29:39.721+0000] {subprocess.py:93} INFO - INFO  : Concurrency mode is disabled, not creating a lock manager
[2025-03-20T10:29:39.721+0000] {subprocess.py:93} INFO - INFO  : Executing command(queryId=root_20250320102939_2a5fc08e-28ec-4761-8693-0565fe6ed2b4): CREATE TABLE IF NOT EXISTS fraud_detections (
[2025-03-20T10:29:39.722+0000] {subprocess.py:93} INFO -         transaction_id STRING,
[2025-03-20T10:29:39.723+0000] {subprocess.py:93} INFO -         date_time STRING,
[2025-03-20T10:29:39.724+0000] {subprocess.py:93} INFO -         amount DOUBLE,
[2025-03-20T10:29:39.724+0000] {subprocess.py:93} INFO -         customer_id STRING,
[2025-03-20T10:29:39.725+0000] {subprocess.py:93} INFO -         location STRING,
[2025-03-20T10:29:39.726+0000] {subprocess.py:93} INFO -         fraud_reason STRING
[2025-03-20T10:29:39.726+0000] {subprocess.py:93} INFO -     )
[2025-03-20T10:29:39.727+0000] {subprocess.py:93} INFO -     STORED AS PARQUET
[2025-03-20T10:29:39.728+0000] {subprocess.py:93} INFO -     LOCATION '/data/fraud_detections'
[2025-03-20T10:29:39.728+0000] {subprocess.py:93} INFO - INFO  : Starting task [Stage-0:DDL] in serial mode
[2025-03-20T10:29:39.729+0000] {subprocess.py:93} INFO - INFO  : Completed executing command(queryId=root_20250320102939_2a5fc08e-28ec-4761-8693-0565fe6ed2b4); Time taken: 0.163 seconds
[2025-03-20T10:29:39.730+0000] {subprocess.py:93} INFO - INFO  : OK
[2025-03-20T10:29:39.730+0000] {subprocess.py:93} INFO - INFO  : Concurrency mode is disabled, not creating a lock manager
[2025-03-20T10:29:39.731+0000] {subprocess.py:93} INFO - No rows affected (0.231 seconds)
[2025-03-20T10:29:44.145+0000] {subprocess.py:93} INFO - INFO  : Compiling command(queryId=root_20250320102939_9c4102e7-86fd-4029-a07c-6114e8170ece): INSERT INTO TABLE fraud_detections
[2025-03-20T10:29:44.146+0000] {subprocess.py:93} INFO -     SELECT
[2025-03-20T10:29:44.147+0000] {subprocess.py:93} INFO -         t.transaction_id,
[2025-03-20T10:29:44.148+0000] {subprocess.py:93} INFO -         t.date_time,
[2025-03-20T10:29:44.149+0000] {subprocess.py:93} INFO -         t.amount,
[2025-03-20T10:29:44.149+0000] {subprocess.py:93} INFO -         t.customer_id,
[2025-03-20T10:29:44.150+0000] {subprocess.py:93} INFO -         t.location,
[2025-03-20T10:29:44.150+0000] {subprocess.py:93} INFO -         'High Amount' AS fraud_reason
[2025-03-20T10:29:44.151+0000] {subprocess.py:93} INFO -     FROM transactions t
[2025-03-20T10:29:44.152+0000] {subprocess.py:93} INFO -     WHERE t.batch_id = 'batch_0'
[2025-03-20T10:29:44.152+0000] {subprocess.py:93} INFO -     AND t.amount > 1000
[2025-03-20T10:29:44.153+0000] {subprocess.py:93} INFO - INFO  : Concurrency mode is disabled, not creating a lock manager
[2025-03-20T10:29:44.154+0000] {subprocess.py:93} INFO - INFO  : Semantic Analysis Completed (retrial = false)
[2025-03-20T10:29:44.154+0000] {subprocess.py:93} INFO - INFO  : Returning Hive schema: Schema(fieldSchemas:[FieldSchema(name:t.transaction_id, type:string, comment:null), FieldSchema(name:t.date_time, type:string, comment:null), FieldSchema(name:t.amount, type:double, comment:null), FieldSchema(name:t.customer_id, type:string, comment:null), FieldSchema(name:t.location, type:string, comment:null), FieldSchema(name:fraud_reason, type:string, comment:null)], properties:null)
[2025-03-20T10:29:44.155+0000] {subprocess.py:93} INFO - INFO  : Completed compiling command(queryId=root_20250320102939_9c4102e7-86fd-4029-a07c-6114e8170ece); Time taken: 3.39 seconds
[2025-03-20T10:29:44.155+0000] {subprocess.py:93} INFO - INFO  : Concurrency mode is disabled, not creating a lock manager
[2025-03-20T10:29:44.155+0000] {subprocess.py:93} INFO - INFO  : Executing command(queryId=root_20250320102939_9c4102e7-86fd-4029-a07c-6114e8170ece): INSERT INTO TABLE fraud_detections
[2025-03-20T10:29:44.156+0000] {subprocess.py:93} INFO -     SELECT
[2025-03-20T10:29:44.157+0000] {subprocess.py:93} INFO -         t.transaction_id,
[2025-03-20T10:29:44.158+0000] {subprocess.py:93} INFO -         t.date_time,
[2025-03-20T10:29:44.158+0000] {subprocess.py:93} INFO -         t.amount,
[2025-03-20T10:29:44.159+0000] {subprocess.py:93} INFO -         t.customer_id,
[2025-03-20T10:29:44.159+0000] {subprocess.py:93} INFO -         t.location,
[2025-03-20T10:29:44.160+0000] {subprocess.py:93} INFO -         'High Amount' AS fraud_reason
[2025-03-20T10:29:44.161+0000] {subprocess.py:93} INFO -     FROM transactions t
[2025-03-20T10:29:44.161+0000] {subprocess.py:93} INFO -     WHERE t.batch_id = 'batch_0'
[2025-03-20T10:29:44.162+0000] {subprocess.py:93} INFO -     AND t.amount > 1000
[2025-03-20T10:29:44.163+0000] {subprocess.py:93} INFO - INFO  : Query ID = root_20250320102939_9c4102e7-86fd-4029-a07c-6114e8170ece
[2025-03-20T10:29:44.163+0000] {subprocess.py:93} INFO - INFO  : Total jobs = 1
[2025-03-20T10:29:44.164+0000] {subprocess.py:93} INFO - INFO  : Launching Job 1 out of 1
[2025-03-20T10:29:44.164+0000] {subprocess.py:93} INFO - INFO  : Starting task [Stage-1:MAPRED] in serial mode
[2025-03-20T10:29:57.960+0000] {subprocess.py:93} INFO - ERROR : Failed to monitor Job[-1] with exception 'java.lang.IllegalStateException(Connection to remote Spark driver was lost)' Last known state = SENT
[2025-03-20T10:29:57.967+0000] {subprocess.py:93} INFO - java.lang.IllegalStateException: Connection to remote Spark driver was lost
[2025-03-20T10:29:57.970+0000] {subprocess.py:93} INFO - 	at com.google.common.base.Preconditions.checkState(Preconditions.java:174)
[2025-03-20T10:29:57.972+0000] {subprocess.py:93} INFO - 	at org.apache.hadoop.hive.ql.exec.spark.status.RemoteSparkJobMonitor.startMonitor(RemoteSparkJobMonitor.java:70)
[2025-03-20T10:29:57.973+0000] {subprocess.py:93} INFO - 	at org.apache.hadoop.hive.ql.exec.spark.status.impl.RemoteSparkJobRef.monitorJob(RemoteSparkJobRef.java:60)
[2025-03-20T10:29:57.974+0000] {subprocess.py:93} INFO - 	at org.apache.hadoop.hive.ql.exec.spark.SparkTask.execute(SparkTask.java:146)
[2025-03-20T10:29:57.976+0000] {subprocess.py:93} INFO - 	at org.apache.hadoop.hive.ql.exec.Task.executeTask(Task.java:205)
[2025-03-20T10:29:57.976+0000] {subprocess.py:93} INFO - 	at org.apache.hadoop.hive.ql.exec.TaskRunner.runSequential(TaskRunner.java:97)
[2025-03-20T10:29:57.977+0000] {subprocess.py:93} INFO - 	at org.apache.hadoop.hive.ql.Driver.launchTask(Driver.java:2664)
[2025-03-20T10:29:57.978+0000] {subprocess.py:93} INFO - 	at org.apache.hadoop.hive.ql.Driver.execute(Driver.java:2335)
[2025-03-20T10:29:57.979+0000] {subprocess.py:93} INFO - 	at org.apache.hadoop.hive.ql.Driver.runInternal(Driver.java:2011)
[2025-03-20T10:29:57.980+0000] {subprocess.py:93} INFO - 	at org.apache.hadoop.hive.ql.Driver.run(Driver.java:1709)
[2025-03-20T10:29:57.981+0000] {subprocess.py:93} INFO - 	at org.apache.hadoop.hive.ql.Driver.run(Driver.java:1703)
[2025-03-20T10:29:57.981+0000] {subprocess.py:93} INFO - 	at org.apache.hadoop.hive.ql.reexec.ReExecDriver.run(ReExecDriver.java:157)
[2025-03-20T10:29:57.982+0000] {subprocess.py:93} INFO - 	at org.apache.hive.service.cli.operation.SQLOperation.runQuery(SQLOperation.java:224)
[2025-03-20T10:29:57.983+0000] {subprocess.py:93} INFO - 	at org.apache.hive.service.cli.operation.SQLOperation.access$700(SQLOperation.java:87)
[2025-03-20T10:29:57.983+0000] {subprocess.py:93} INFO - 	at org.apache.hive.service.cli.operation.SQLOperation$BackgroundWork$1.run(SQLOperation.java:316)
[2025-03-20T10:29:57.984+0000] {subprocess.py:93} INFO - 	at java.security.AccessController.doPrivileged(Native Method)
[2025-03-20T10:29:57.985+0000] {subprocess.py:93} INFO - 	at javax.security.auth.Subject.doAs(Subject.java:422)
[2025-03-20T10:29:57.985+0000] {subprocess.py:93} INFO - 	at org.apache.hadoop.security.UserGroupInformation.doAs(UserGroupInformation.java:1682)
[2025-03-20T10:29:57.986+0000] {subprocess.py:93} INFO - 	at org.apache.hive.service.cli.operation.SQLOperation$BackgroundWork.run(SQLOperation.java:329)
[2025-03-20T10:29:57.987+0000] {subprocess.py:93} INFO - 	at java.util.concurrent.Executors$RunnableAdapter.call(Executors.java:511)
[2025-03-20T10:29:57.988+0000] {subprocess.py:93} INFO - 	at java.util.concurrent.FutureTask.run(FutureTask.java:266)
[2025-03-20T10:29:57.989+0000] {subprocess.py:93} INFO - 	at java.util.concurrent.ThreadPoolExecutor.runWorker(ThreadPoolExecutor.java:1149)
[2025-03-20T10:29:57.989+0000] {subprocess.py:93} INFO - 	at java.util.concurrent.ThreadPoolExecutor$Worker.run(ThreadPoolExecutor.java:624)
[2025-03-20T10:29:57.990+0000] {subprocess.py:93} INFO - 	at java.lang.Thread.run(Thread.java:750)
[2025-03-20T10:29:57.990+0000] {subprocess.py:93} INFO - 
[2025-03-20T10:29:57.991+0000] {subprocess.py:93} INFO - ERROR : FAILED: Execution Error, return code 1 from org.apache.hadoop.hive.ql.exec.spark.SparkTask. RPC channel is closed.
[2025-03-20T10:29:57.992+0000] {subprocess.py:93} INFO - INFO  : Completed executing command(queryId=root_20250320102939_9c4102e7-86fd-4029-a07c-6114e8170ece); Time taken: 14.797 seconds
[2025-03-20T10:29:57.993+0000] {subprocess.py:93} INFO - INFO  : Concurrency mode is disabled, not creating a lock manager
[2025-03-20T10:29:57.994+0000] {subprocess.py:93} INFO - Error: Error while processing statement: FAILED: Execution Error, return code 1 from org.apache.hadoop.hive.ql.exec.spark.SparkTask. RPC channel is closed. (state=08S01,code=1)
[2025-03-20T10:29:58.000+0000] {subprocess.py:93} INFO - Closing: 0: jdbc:hive2://localhost:10000
[2025-03-20T10:29:58.074+0000] {subprocess.py:97} INFO - Command exited with return code 1
[2025-03-20T10:29:58.088+0000] {taskinstance.py:1935} ERROR - Task failed with exception
Traceback (most recent call last):
  File "/home/airflow/.local/lib/python3.8/site-packages/airflow/operators/bash.py", line 210, in execute
    raise AirflowException(
airflow.exceptions.AirflowException: Bash command failed. The command returned a non-zero exit code 1.
[2025-03-20T10:29:58.094+0000] {taskinstance.py:1398} INFO - Marking task as FAILED. dag_id=transactions_pipeline, task_id=detect_fraud, execution_date=20250320T102912, start_date=20250320T102936, end_date=20250320T102958
[2025-03-20T10:29:58.117+0000] {standard_task_runner.py:104} ERROR - Failed to execute job 247 for task detect_fraud (Bash command failed. The command returned a non-zero exit code 1.; 314)
[2025-03-20T10:29:58.163+0000] {local_task_job_runner.py:228} INFO - Task exited with return code 1
[2025-03-20T10:29:58.181+0000] {taskinstance.py:2776} INFO - 0 downstream tasks scheduled from follow-on schedule check
