[2025-03-20T10:29:30.079+0000] {taskinstance.py:1157} INFO - Dependencies all met for dep_context=non-requeueable deps ti=<TaskInstance: transactions_pipeline.create_hive_table manual__2025-03-20T10:29:12.926618+00:00 [queued]>
[2025-03-20T10:29:30.095+0000] {taskinstance.py:1157} INFO - Dependencies all met for dep_context=requeueable deps ti=<TaskInstance: transactions_pipeline.create_hive_table manual__2025-03-20T10:29:12.926618+00:00 [queued]>
[2025-03-20T10:29:30.096+0000] {taskinstance.py:1359} INFO - Starting attempt 1 of 1
[2025-03-20T10:29:30.118+0000] {taskinstance.py:1380} INFO - Executing <Task(BashOperator): create_hive_table> on 2025-03-20 10:29:12.926618+00:00
[2025-03-20T10:29:30.129+0000] {standard_task_runner.py:57} INFO - Started process 300 to run task
[2025-03-20T10:29:30.133+0000] {standard_task_runner.py:84} INFO - Running: ['***', 'tasks', 'run', 'transactions_pipeline', 'create_hive_table', 'manual__2025-03-20T10:29:12.926618+00:00', '--job-id', '246', '--raw', '--subdir', 'DAGS_FOLDER/fraud_detection_pipeline.py', '--cfg-path', '/tmp/tmpm4c6ksin']
[2025-03-20T10:29:30.137+0000] {standard_task_runner.py:85} INFO - Job 246: Subtask create_hive_table
[2025-03-20T10:29:30.202+0000] {task_command.py:415} INFO - Running <TaskInstance: transactions_pipeline.create_hive_table manual__2025-03-20T10:29:12.926618+00:00 [running]> on host bb4292cadea3
[2025-03-20T10:29:30.272+0000] {logging_mixin.py:151} WARNING - /home/***/.local/lib/python3.8/site-packages/***/utils/context.py:206 AirflowContextDeprecationWarning: Accessing 'execution_date' from the template is deprecated and will be removed in a future version. Please use 'data_interval_start' or 'logical_date' instead.
[2025-03-20T10:29:30.338+0000] {taskinstance.py:1660} INFO - Exporting env vars: AIRFLOW_CTX_DAG_OWNER='***' AIRFLOW_CTX_DAG_ID='transactions_pipeline' AIRFLOW_CTX_TASK_ID='create_hive_table' AIRFLOW_CTX_EXECUTION_DATE='2025-03-20T10:29:12.926618+00:00' AIRFLOW_CTX_TRY_NUMBER='1' AIRFLOW_CTX_DAG_RUN_ID='manual__2025-03-20T10:29:12.926618+00:00'
[2025-03-20T10:29:30.342+0000] {subprocess.py:63} INFO - Tmp dir root location: /tmp
[2025-03-20T10:29:30.344+0000] {subprocess.py:75} INFO - Running command: ['/bin/bash', '-c', '\n    docker exec hive beeline -u "jdbc:hive2://localhost:10000" --hiveconf hive.exec.dynamic.partition.mode=nonstrict -e "\n    CREATE EXTERNAL TABLE IF NOT EXISTS transactions (\n        transaction_id STRING,\n        date_time STRING,\n        amount DOUBLE,\n        currency STRING,\n        merchant_details STRING,\n        customer_id STRING,\n        transaction_type STRING,\n        location STRING\n    )\n    PARTITIONED BY (batch_id STRING)\n    STORED AS PARQUET\n    LOCATION \'/data/transactions/transactions_batch_0\';\n    ALTER TABLE transactions ADD IF NOT EXISTS PARTITION (batch_id=\'batch_20250320_102912\') LOCATION \'/data/transactions/transactions_batch_0\';"\n    ']
[2025-03-20T10:29:30.362+0000] {subprocess.py:86} INFO - Output:
[2025-03-20T10:29:31.837+0000] {subprocess.py:93} INFO - SLF4J: Class path contains multiple SLF4J bindings.
[2025-03-20T10:29:31.838+0000] {subprocess.py:93} INFO - SLF4J: Found binding in [jar:file:/opt/hive/lib/log4j-slf4j-impl-2.17.1.jar!/org/slf4j/impl/StaticLoggerBinder.class]
[2025-03-20T10:29:31.839+0000] {subprocess.py:93} INFO - SLF4J: Found binding in [jar:file:/opt/hadoop/share/hadoop/common/lib/slf4j-log4j12-1.7.25.jar!/org/slf4j/impl/StaticLoggerBinder.class]
[2025-03-20T10:29:31.839+0000] {subprocess.py:93} INFO - SLF4J: See http://www.slf4j.org/codes.html#multiple_bindings for an explanation.
[2025-03-20T10:29:32.024+0000] {subprocess.py:93} INFO - SLF4J: Actual binding is of type [org.apache.logging.slf4j.Log4jLoggerFactory]
[2025-03-20T10:29:33.375+0000] {subprocess.py:93} INFO - Connecting to jdbc:hive2://localhost:10000
[2025-03-20T10:29:33.668+0000] {subprocess.py:93} INFO - Connected to: Apache Hive (version 3.1.3)
[2025-03-20T10:29:33.668+0000] {subprocess.py:93} INFO - Driver: Hive JDBC (version 3.1.3)
[2025-03-20T10:29:33.669+0000] {subprocess.py:93} INFO - Transaction isolation: TRANSACTION_REPEATABLE_READ
[2025-03-20T10:29:34.237+0000] {subprocess.py:93} INFO - INFO  : Compiling command(queryId=root_20250320102933_edd1af1e-2d99-45ec-897d-591bc5d1d116): CREATE EXTERNAL TABLE IF NOT EXISTS transactions (
[2025-03-20T10:29:34.239+0000] {subprocess.py:93} INFO -         transaction_id STRING,
[2025-03-20T10:29:34.240+0000] {subprocess.py:93} INFO -         date_time STRING,
[2025-03-20T10:29:34.241+0000] {subprocess.py:93} INFO -         amount DOUBLE,
[2025-03-20T10:29:34.242+0000] {subprocess.py:93} INFO -         currency STRING,
[2025-03-20T10:29:34.243+0000] {subprocess.py:93} INFO -         merchant_details STRING,
[2025-03-20T10:29:34.244+0000] {subprocess.py:93} INFO -         customer_id STRING,
[2025-03-20T10:29:34.244+0000] {subprocess.py:93} INFO -         transaction_type STRING,
[2025-03-20T10:29:34.245+0000] {subprocess.py:93} INFO -         location STRING
[2025-03-20T10:29:34.245+0000] {subprocess.py:93} INFO -     )
[2025-03-20T10:29:34.245+0000] {subprocess.py:93} INFO -     PARTITIONED BY (batch_id STRING)
[2025-03-20T10:29:34.246+0000] {subprocess.py:93} INFO -     STORED AS PARQUET
[2025-03-20T10:29:34.246+0000] {subprocess.py:93} INFO -     LOCATION '/data/transactions/transactions_batch_0'
[2025-03-20T10:29:34.247+0000] {subprocess.py:93} INFO - INFO  : Concurrency mode is disabled, not creating a lock manager
[2025-03-20T10:29:34.247+0000] {subprocess.py:93} INFO - INFO  : Semantic Analysis Completed (retrial = false)
[2025-03-20T10:29:34.247+0000] {subprocess.py:93} INFO - INFO  : Returning Hive schema: Schema(fieldSchemas:null, properties:null)
[2025-03-20T10:29:34.247+0000] {subprocess.py:93} INFO - INFO  : Completed compiling command(queryId=root_20250320102933_edd1af1e-2d99-45ec-897d-591bc5d1d116); Time taken: 0.176 seconds
[2025-03-20T10:29:34.248+0000] {subprocess.py:93} INFO - INFO  : Concurrency mode is disabled, not creating a lock manager
[2025-03-20T10:29:34.248+0000] {subprocess.py:93} INFO - INFO  : Executing command(queryId=root_20250320102933_edd1af1e-2d99-45ec-897d-591bc5d1d116): CREATE EXTERNAL TABLE IF NOT EXISTS transactions (
[2025-03-20T10:29:34.249+0000] {subprocess.py:93} INFO -         transaction_id STRING,
[2025-03-20T10:29:34.250+0000] {subprocess.py:93} INFO -         date_time STRING,
[2025-03-20T10:29:34.251+0000] {subprocess.py:93} INFO -         amount DOUBLE,
[2025-03-20T10:29:34.252+0000] {subprocess.py:93} INFO -         currency STRING,
[2025-03-20T10:29:34.252+0000] {subprocess.py:93} INFO -         merchant_details STRING,
[2025-03-20T10:29:34.252+0000] {subprocess.py:93} INFO -         customer_id STRING,
[2025-03-20T10:29:34.253+0000] {subprocess.py:93} INFO -         transaction_type STRING,
[2025-03-20T10:29:34.254+0000] {subprocess.py:93} INFO -         location STRING
[2025-03-20T10:29:34.254+0000] {subprocess.py:93} INFO -     )
[2025-03-20T10:29:34.254+0000] {subprocess.py:93} INFO -     PARTITIONED BY (batch_id STRING)
[2025-03-20T10:29:34.254+0000] {subprocess.py:93} INFO -     STORED AS PARQUET
[2025-03-20T10:29:34.255+0000] {subprocess.py:93} INFO -     LOCATION '/data/transactions/transactions_batch_0'
[2025-03-20T10:29:34.255+0000] {subprocess.py:93} INFO - INFO  : Starting task [Stage-0:DDL] in serial mode
[2025-03-20T10:29:34.255+0000] {subprocess.py:93} INFO - INFO  : Completed executing command(queryId=root_20250320102933_edd1af1e-2d99-45ec-897d-591bc5d1d116); Time taken: 0.315 seconds
[2025-03-20T10:29:34.256+0000] {subprocess.py:93} INFO - INFO  : OK
[2025-03-20T10:29:34.256+0000] {subprocess.py:93} INFO - INFO  : Concurrency mode is disabled, not creating a lock manager
[2025-03-20T10:29:34.256+0000] {subprocess.py:93} INFO - No rows affected (0.553 seconds)
[2025-03-20T10:29:34.734+0000] {subprocess.py:93} INFO - INFO  : Compiling command(queryId=root_20250320102934_a62cf952-ca28-47be-ae04-5a6e6f0ba352): ALTER TABLE transactions ADD IF NOT EXISTS PARTITION (batch_id='batch_20250320_102912') LOCATION '/data/transactions/transactions_batch_0'
[2025-03-20T10:29:34.736+0000] {subprocess.py:93} INFO - INFO  : Concurrency mode is disabled, not creating a lock manager
[2025-03-20T10:29:34.736+0000] {subprocess.py:93} INFO - INFO  : Semantic Analysis Completed (retrial = false)
[2025-03-20T10:29:34.737+0000] {subprocess.py:93} INFO - INFO  : Returning Hive schema: Schema(fieldSchemas:null, properties:null)
[2025-03-20T10:29:34.738+0000] {subprocess.py:93} INFO - INFO  : Completed compiling command(queryId=root_20250320102934_a62cf952-ca28-47be-ae04-5a6e6f0ba352); Time taken: 0.225 seconds
[2025-03-20T10:29:34.738+0000] {subprocess.py:93} INFO - INFO  : Concurrency mode is disabled, not creating a lock manager
[2025-03-20T10:29:34.739+0000] {subprocess.py:93} INFO - INFO  : Executing command(queryId=root_20250320102934_a62cf952-ca28-47be-ae04-5a6e6f0ba352): ALTER TABLE transactions ADD IF NOT EXISTS PARTITION (batch_id='batch_20250320_102912') LOCATION '/data/transactions/transactions_batch_0'
[2025-03-20T10:29:34.741+0000] {subprocess.py:93} INFO - INFO  : Starting task [Stage-0:DDL] in serial mode
[2025-03-20T10:29:34.742+0000] {subprocess.py:93} INFO - INFO  : Completed executing command(queryId=root_20250320102934_a62cf952-ca28-47be-ae04-5a6e6f0ba352); Time taken: 0.236 seconds
[2025-03-20T10:29:34.743+0000] {subprocess.py:93} INFO - INFO  : OK
[2025-03-20T10:29:34.744+0000] {subprocess.py:93} INFO - INFO  : Concurrency mode is disabled, not creating a lock manager
[2025-03-20T10:29:34.744+0000] {subprocess.py:93} INFO - No rows affected (0.479 seconds)
[2025-03-20T10:29:34.745+0000] {subprocess.py:93} INFO - Beeline version 3.1.3 by Apache Hive
[2025-03-20T10:29:34.748+0000] {subprocess.py:93} INFO - Closing: 0: jdbc:hive2://localhost:10000
[2025-03-20T10:29:34.805+0000] {subprocess.py:97} INFO - Command exited with return code 0
[2025-03-20T10:29:34.840+0000] {taskinstance.py:1398} INFO - Marking task as SUCCESS. dag_id=transactions_pipeline, task_id=create_hive_table, execution_date=20250320T102912, start_date=20250320T102930, end_date=20250320T102934
[2025-03-20T10:29:34.892+0000] {local_task_job_runner.py:228} INFO - Task exited with return code 0
[2025-03-20T10:29:34.937+0000] {taskinstance.py:2776} INFO - 1 downstream tasks scheduled from follow-on schedule check
