[2025-03-21T15:13:03.320+0000] {taskinstance.py:1157} INFO - Dependencies all met for dep_context=non-requeueable deps ti=<TaskInstance: transactions_pipeline.create_fraud_table_batch_20250321_151143 manual__2025-03-21T15:12:45.865451+00:00 [queued]>
[2025-03-21T15:13:03.329+0000] {taskinstance.py:1157} INFO - Dependencies all met for dep_context=requeueable deps ti=<TaskInstance: transactions_pipeline.create_fraud_table_batch_20250321_151143 manual__2025-03-21T15:12:45.865451+00:00 [queued]>
[2025-03-21T15:13:03.330+0000] {taskinstance.py:1359} INFO - Starting attempt 1 of 1
[2025-03-21T15:13:03.346+0000] {taskinstance.py:1380} INFO - Executing <Task(BashOperator): create_fraud_table_batch_20250321_151143> on 2025-03-21 15:12:45.865451+00:00
[2025-03-21T15:13:03.353+0000] {standard_task_runner.py:57} INFO - Started process 5529 to run task
[2025-03-21T15:13:03.356+0000] {standard_task_runner.py:84} INFO - Running: ['***', 'tasks', 'run', 'transactions_pipeline', 'create_fraud_table_batch_20250321_151143', 'manual__2025-03-21T15:12:45.865451+00:00', '--job-id', '796', '--raw', '--subdir', 'DAGS_FOLDER/fraud_detection_pipeline.py', '--cfg-path', '/tmp/tmpd3kcqn0e']
[2025-03-21T15:13:03.359+0000] {standard_task_runner.py:85} INFO - Job 796: Subtask create_fraud_table_batch_20250321_151143
[2025-03-21T15:13:03.413+0000] {task_command.py:415} INFO - Running <TaskInstance: transactions_pipeline.create_fraud_table_batch_20250321_151143 manual__2025-03-21T15:12:45.865451+00:00 [running]> on host e95638583d4d
[2025-03-21T15:13:03.547+0000] {taskinstance.py:1660} INFO - Exporting env vars: AIRFLOW_CTX_DAG_EMAIL='rabiizahnoune7@gmail.com' AIRFLOW_CTX_DAG_OWNER='***' AIRFLOW_CTX_DAG_ID='transactions_pipeline' AIRFLOW_CTX_TASK_ID='create_fraud_table_batch_20250321_151143' AIRFLOW_CTX_EXECUTION_DATE='2025-03-21T15:12:45.865451+00:00' AIRFLOW_CTX_TRY_NUMBER='1' AIRFLOW_CTX_DAG_RUN_ID='manual__2025-03-21T15:12:45.865451+00:00'
[2025-03-21T15:13:03.549+0000] {subprocess.py:63} INFO - Tmp dir root location: /tmp
[2025-03-21T15:13:03.551+0000] {subprocess.py:75} INFO - Running command: ['/bin/bash', '-c', '\n            docker exec hive beeline -u "jdbc:hive2://localhost:10000" --hiveconf hive.exec.dynamic.partition.mode=nonstrict -e "\n            CREATE EXTERNAL TABLE IF NOT EXISTS fraud_detections (\n                transaction_id STRING,\n                date_time STRING,\n                amount DOUBLE,\n                customer_id STRING,\n                location STRING,\n                fraud_reason STRING\n            )\n            PARTITIONED BY (batch_id STRING)\n            STORED AS PARQUET\n            LOCATION \'/data/fraud_detections\';"\n            ']
[2025-03-21T15:13:03.564+0000] {subprocess.py:86} INFO - Output:
[2025-03-21T15:13:04.645+0000] {subprocess.py:93} INFO - SLF4J: Class path contains multiple SLF4J bindings.
[2025-03-21T15:13:04.646+0000] {subprocess.py:93} INFO - SLF4J: Found binding in [jar:file:/opt/hive/lib/log4j-slf4j-impl-2.17.1.jar!/org/slf4j/impl/StaticLoggerBinder.class]
[2025-03-21T15:13:04.647+0000] {subprocess.py:93} INFO - SLF4J: Found binding in [jar:file:/opt/hadoop/share/hadoop/common/lib/slf4j-log4j12-1.7.25.jar!/org/slf4j/impl/StaticLoggerBinder.class]
[2025-03-21T15:13:04.647+0000] {subprocess.py:93} INFO - SLF4J: See http://www.slf4j.org/codes.html#multiple_bindings for an explanation.
[2025-03-21T15:13:04.795+0000] {subprocess.py:93} INFO - SLF4J: Actual binding is of type [org.apache.logging.slf4j.Log4jLoggerFactory]
[2025-03-21T15:13:06.202+0000] {subprocess.py:93} INFO - Connecting to jdbc:hive2://localhost:10000
[2025-03-21T15:13:06.516+0000] {subprocess.py:93} INFO - Connected to: Apache Hive (version 3.1.3)
[2025-03-21T15:13:06.517+0000] {subprocess.py:93} INFO - Driver: Hive JDBC (version 3.1.3)
[2025-03-21T15:13:06.517+0000] {subprocess.py:93} INFO - Transaction isolation: TRANSACTION_REPEATABLE_READ
[2025-03-21T15:13:06.738+0000] {subprocess.py:93} INFO - INFO  : Compiling command(queryId=root_20250321151306_67946963-cbc2-4ea3-8e55-f7a5e8f92b1b): CREATE EXTERNAL TABLE IF NOT EXISTS fraud_detections (
[2025-03-21T15:13:06.739+0000] {subprocess.py:93} INFO -                 transaction_id STRING,
[2025-03-21T15:13:06.739+0000] {subprocess.py:93} INFO -                 date_time STRING,
[2025-03-21T15:13:06.740+0000] {subprocess.py:93} INFO -                 amount DOUBLE,
[2025-03-21T15:13:06.741+0000] {subprocess.py:93} INFO -                 customer_id STRING,
[2025-03-21T15:13:06.742+0000] {subprocess.py:93} INFO -                 location STRING,
[2025-03-21T15:13:06.742+0000] {subprocess.py:93} INFO -                 fraud_reason STRING
[2025-03-21T15:13:06.743+0000] {subprocess.py:93} INFO -             )
[2025-03-21T15:13:06.743+0000] {subprocess.py:93} INFO -             PARTITIONED BY (batch_id STRING)
[2025-03-21T15:13:06.743+0000] {subprocess.py:93} INFO -             STORED AS PARQUET
[2025-03-21T15:13:06.743+0000] {subprocess.py:93} INFO -             LOCATION '/data/fraud_detections'
[2025-03-21T15:13:06.744+0000] {subprocess.py:93} INFO - INFO  : Concurrency mode is disabled, not creating a lock manager
[2025-03-21T15:13:06.744+0000] {subprocess.py:93} INFO - INFO  : Semantic Analysis Completed (retrial = false)
[2025-03-21T15:13:06.744+0000] {subprocess.py:93} INFO - INFO  : Returning Hive schema: Schema(fieldSchemas:null, properties:null)
[2025-03-21T15:13:06.745+0000] {subprocess.py:93} INFO - INFO  : Completed compiling command(queryId=root_20250321151306_67946963-cbc2-4ea3-8e55-f7a5e8f92b1b); Time taken: 0.008 seconds
[2025-03-21T15:13:06.745+0000] {subprocess.py:93} INFO - INFO  : Concurrency mode is disabled, not creating a lock manager
[2025-03-21T15:13:06.745+0000] {subprocess.py:93} INFO - INFO  : Executing command(queryId=root_20250321151306_67946963-cbc2-4ea3-8e55-f7a5e8f92b1b): CREATE EXTERNAL TABLE IF NOT EXISTS fraud_detections (
[2025-03-21T15:13:06.746+0000] {subprocess.py:93} INFO -                 transaction_id STRING,
[2025-03-21T15:13:06.746+0000] {subprocess.py:93} INFO -                 date_time STRING,
[2025-03-21T15:13:06.746+0000] {subprocess.py:93} INFO -                 amount DOUBLE,
[2025-03-21T15:13:06.747+0000] {subprocess.py:93} INFO -                 customer_id STRING,
[2025-03-21T15:13:06.747+0000] {subprocess.py:93} INFO -                 location STRING,
[2025-03-21T15:13:06.748+0000] {subprocess.py:93} INFO -                 fraud_reason STRING
[2025-03-21T15:13:06.748+0000] {subprocess.py:93} INFO -             )
[2025-03-21T15:13:06.748+0000] {subprocess.py:93} INFO -             PARTITIONED BY (batch_id STRING)
[2025-03-21T15:13:06.748+0000] {subprocess.py:93} INFO -             STORED AS PARQUET
[2025-03-21T15:13:06.749+0000] {subprocess.py:93} INFO -             LOCATION '/data/fraud_detections'
[2025-03-21T15:13:06.749+0000] {subprocess.py:93} INFO - INFO  : Starting task [Stage-0:DDL] in serial mode
[2025-03-21T15:13:06.749+0000] {subprocess.py:93} INFO - INFO  : Completed executing command(queryId=root_20250321151306_67946963-cbc2-4ea3-8e55-f7a5e8f92b1b); Time taken: 0.113 seconds
[2025-03-21T15:13:06.750+0000] {subprocess.py:93} INFO - INFO  : OK
[2025-03-21T15:13:06.750+0000] {subprocess.py:93} INFO - INFO  : Concurrency mode is disabled, not creating a lock manager
[2025-03-21T15:13:06.751+0000] {subprocess.py:93} INFO - No rows affected (0.183 seconds)
[2025-03-21T15:13:06.762+0000] {subprocess.py:93} INFO - Beeline version 3.1.3 by Apache Hive
[2025-03-21T15:13:06.767+0000] {subprocess.py:93} INFO - Closing: 0: jdbc:hive2://localhost:10000
[2025-03-21T15:13:06.811+0000] {subprocess.py:97} INFO - Command exited with return code 0
[2025-03-21T15:13:06.848+0000] {taskinstance.py:1398} INFO - Marking task as SUCCESS. dag_id=transactions_pipeline, task_id=create_fraud_table_batch_20250321_151143, execution_date=20250321T151245, start_date=20250321T151303, end_date=20250321T151306
[2025-03-21T15:13:06.907+0000] {local_task_job_runner.py:228} INFO - Task exited with return code 0
[2025-03-21T15:13:06.942+0000] {taskinstance.py:2776} INFO - 1 downstream tasks scheduled from follow-on schedule check
