[2025-03-20T14:45:27.990+0000] {taskinstance.py:1157} INFO - Dependencies all met for dep_context=non-requeueable deps ti=<TaskInstance: transactions_pipeline.detect_fraud manual__2025-03-20T14:45:07.280505+00:00 [queued]>
[2025-03-20T14:45:28.002+0000] {taskinstance.py:1157} INFO - Dependencies all met for dep_context=requeueable deps ti=<TaskInstance: transactions_pipeline.detect_fraud manual__2025-03-20T14:45:07.280505+00:00 [queued]>
[2025-03-20T14:45:28.003+0000] {taskinstance.py:1359} INFO - Starting attempt 1 of 1
[2025-03-20T14:45:28.021+0000] {taskinstance.py:1380} INFO - Executing <Task(BashOperator): detect_fraud> on 2025-03-20 14:45:07.280505+00:00
[2025-03-20T14:45:28.027+0000] {standard_task_runner.py:57} INFO - Started process 2868 to run task
[2025-03-20T14:45:28.032+0000] {standard_task_runner.py:84} INFO - Running: ['***', 'tasks', 'run', 'transactions_pipeline', 'detect_fraud', 'manual__2025-03-20T14:45:07.280505+00:00', '--job-id', '357', '--raw', '--subdir', 'DAGS_FOLDER/fraud_detection_pipeline.py', '--cfg-path', '/tmp/tmpcltgve9h']
[2025-03-20T14:45:28.036+0000] {standard_task_runner.py:85} INFO - Job 357: Subtask detect_fraud
[2025-03-20T14:45:28.105+0000] {task_command.py:415} INFO - Running <TaskInstance: transactions_pipeline.detect_fraud manual__2025-03-20T14:45:07.280505+00:00 [running]> on host 3938a1dd8bd9
[2025-03-20T14:45:28.236+0000] {taskinstance.py:1660} INFO - Exporting env vars: AIRFLOW_CTX_DAG_OWNER='***' AIRFLOW_CTX_DAG_ID='transactions_pipeline' AIRFLOW_CTX_TASK_ID='detect_fraud' AIRFLOW_CTX_EXECUTION_DATE='2025-03-20T14:45:07.280505+00:00' AIRFLOW_CTX_TRY_NUMBER='1' AIRFLOW_CTX_DAG_RUN_ID='manual__2025-03-20T14:45:07.280505+00:00'
[2025-03-20T14:45:28.239+0000] {subprocess.py:63} INFO - Tmp dir root location: /tmp
[2025-03-20T14:45:28.240+0000] {subprocess.py:75} INFO - Running command: ['/bin/bash', '-c', '\n    docker exec hive spark-submit --master spark://localhost:7077 /hive/scripts/detect_fraud.py "batch_20250320_144447"\n    ']
[2025-03-20T14:45:28.254+0000] {subprocess.py:86} INFO - Output:
[2025-03-20T14:45:31.446+0000] {subprocess.py:93} INFO - 25/03/20 14:45:31 INFO SparkContext: Running Spark version 3.5.0
[2025-03-20T14:45:31.451+0000] {subprocess.py:93} INFO - 25/03/20 14:45:31 INFO SparkContext: OS info Linux, 5.15.167.4-microsoft-standard-WSL2, amd64
[2025-03-20T14:45:31.452+0000] {subprocess.py:93} INFO - 25/03/20 14:45:31 INFO SparkContext: Java version 1.8.0_342
[2025-03-20T14:45:31.554+0000] {subprocess.py:93} INFO - 25/03/20 14:45:31 WARN NativeCodeLoader: Unable to load native-hadoop library for your platform... using builtin-java classes where applicable
[2025-03-20T14:45:31.664+0000] {subprocess.py:93} INFO - 25/03/20 14:45:31 INFO ResourceUtils: ==============================================================
[2025-03-20T14:45:31.667+0000] {subprocess.py:93} INFO - 25/03/20 14:45:31 INFO ResourceUtils: No custom resources configured for spark.driver.
[2025-03-20T14:45:31.667+0000] {subprocess.py:93} INFO - 25/03/20 14:45:31 INFO ResourceUtils: ==============================================================
[2025-03-20T14:45:31.668+0000] {subprocess.py:93} INFO - 25/03/20 14:45:31 INFO SparkContext: Submitted application: FraudDetection
[2025-03-20T14:45:31.714+0000] {subprocess.py:93} INFO - 25/03/20 14:45:31 INFO ResourceProfile: Default ResourceProfile created, executor resources: Map(memory -> name: memory, amount: 1024, script: , vendor: , offHeap -> name: offHeap, amount: 0, script: , vendor: ), task resources: Map(cpus -> name: cpus, amount: 1.0)
[2025-03-20T14:45:31.734+0000] {subprocess.py:93} INFO - 25/03/20 14:45:31 INFO ResourceProfile: Limiting resource is cpu
[2025-03-20T14:45:31.735+0000] {subprocess.py:93} INFO - 25/03/20 14:45:31 INFO ResourceProfileManager: Added ResourceProfile id: 0
[2025-03-20T14:45:31.793+0000] {subprocess.py:93} INFO - 25/03/20 14:45:31 INFO SecurityManager: Changing view acls to: root
[2025-03-20T14:45:31.794+0000] {subprocess.py:93} INFO - 25/03/20 14:45:31 INFO SecurityManager: Changing modify acls to: root
[2025-03-20T14:45:31.796+0000] {subprocess.py:93} INFO - 25/03/20 14:45:31 INFO SecurityManager: Changing view acls groups to:
[2025-03-20T14:45:31.799+0000] {subprocess.py:93} INFO - 25/03/20 14:45:31 INFO SecurityManager: Changing modify acls groups to:
[2025-03-20T14:45:31.800+0000] {subprocess.py:93} INFO - 25/03/20 14:45:31 INFO SecurityManager: SecurityManager: authentication disabled; ui acls disabled; users with view permissions: root; groups with view permissions: EMPTY; users with modify permissions: root; groups with modify permissions: EMPTY
[2025-03-20T14:45:32.155+0000] {subprocess.py:93} INFO - 25/03/20 14:45:32 INFO Utils: Successfully started service 'sparkDriver' on port 46651.
[2025-03-20T14:45:32.193+0000] {subprocess.py:93} INFO - 25/03/20 14:45:32 INFO SparkEnv: Registering MapOutputTracker
[2025-03-20T14:45:32.249+0000] {subprocess.py:93} INFO - 25/03/20 14:45:32 INFO SparkEnv: Registering BlockManagerMaster
[2025-03-20T14:45:32.281+0000] {subprocess.py:93} INFO - 25/03/20 14:45:32 INFO BlockManagerMasterEndpoint: Using org.apache.spark.storage.DefaultTopologyMapper for getting topology information
[2025-03-20T14:45:32.282+0000] {subprocess.py:93} INFO - 25/03/20 14:45:32 INFO BlockManagerMasterEndpoint: BlockManagerMasterEndpoint up
[2025-03-20T14:45:32.288+0000] {subprocess.py:93} INFO - 25/03/20 14:45:32 INFO SparkEnv: Registering BlockManagerMasterHeartbeat
[2025-03-20T14:45:32.387+0000] {subprocess.py:93} INFO - 25/03/20 14:45:32 INFO DiskBlockManager: Created local directory at /tmp/blockmgr-e4f13f87-319e-41c5-87f3-ab753fc74cdb
[2025-03-20T14:45:32.408+0000] {subprocess.py:93} INFO - 25/03/20 14:45:32 INFO MemoryStore: MemoryStore started with capacity 366.3 MiB
[2025-03-20T14:45:32.432+0000] {subprocess.py:93} INFO - 25/03/20 14:45:32 INFO SparkEnv: Registering OutputCommitCoordinator
[2025-03-20T14:45:32.633+0000] {subprocess.py:93} INFO - 25/03/20 14:45:32 INFO JettyUtils: Start Jetty 0.0.0.0:4040 for SparkUI
[2025-03-20T14:45:32.722+0000] {subprocess.py:93} INFO - 25/03/20 14:45:32 INFO Utils: Successfully started service 'SparkUI' on port 4040.
[2025-03-20T14:45:32.969+0000] {subprocess.py:93} INFO - 25/03/20 14:45:32 INFO StandaloneAppClient$ClientEndpoint: Connecting to master spark://localhost:7077...
[2025-03-20T14:45:33.050+0000] {subprocess.py:93} INFO - 25/03/20 14:45:33 INFO TransportClientFactory: Successfully created connection to localhost/127.0.0.1:7077 after 42 ms (0 ms spent in bootstraps)
[2025-03-20T14:45:33.180+0000] {subprocess.py:93} INFO - 25/03/20 14:45:33 INFO StandaloneSchedulerBackend: Connected to Spark cluster with app ID app-20250320144533-0016
[2025-03-20T14:45:33.184+0000] {subprocess.py:93} INFO - 25/03/20 14:45:33 INFO StandaloneAppClient$ClientEndpoint: Executor added: app-20250320144533-0016/0 on worker-20250320120146-172.18.0.6-34145 (172.18.0.6:34145) with 2 core(s)
[2025-03-20T14:45:33.188+0000] {subprocess.py:93} INFO - 25/03/20 14:45:33 INFO StandaloneSchedulerBackend: Granted executor ID app-20250320144533-0016/0 on hostPort 172.18.0.6:34145 with 2 core(s), 1024.0 MiB RAM
[2025-03-20T14:45:33.200+0000] {subprocess.py:93} INFO - 25/03/20 14:45:33 INFO Utils: Successfully started service 'org.apache.spark.network.netty.NettyBlockTransferService' on port 43577.
[2025-03-20T14:45:33.201+0000] {subprocess.py:93} INFO - 25/03/20 14:45:33 INFO NettyBlockTransferService: Server created on bcc1e3430c31:43577
[2025-03-20T14:45:33.203+0000] {subprocess.py:93} INFO - 25/03/20 14:45:33 INFO BlockManager: Using org.apache.spark.storage.RandomBlockReplicationPolicy for block replication policy
[2025-03-20T14:45:33.270+0000] {subprocess.py:93} INFO - 25/03/20 14:45:33 INFO BlockManagerMaster: Registering BlockManager BlockManagerId(driver, bcc1e3430c31, 43577, None)
[2025-03-20T14:45:33.279+0000] {subprocess.py:93} INFO - 25/03/20 14:45:33 INFO BlockManagerMasterEndpoint: Registering block manager bcc1e3430c31:43577 with 366.3 MiB RAM, BlockManagerId(driver, bcc1e3430c31, 43577, None)
[2025-03-20T14:45:33.284+0000] {subprocess.py:93} INFO - 25/03/20 14:45:33 INFO BlockManagerMaster: Registered BlockManager BlockManagerId(driver, bcc1e3430c31, 43577, None)
[2025-03-20T14:45:33.292+0000] {subprocess.py:93} INFO - 25/03/20 14:45:33 INFO BlockManager: Initialized BlockManager: BlockManagerId(driver, bcc1e3430c31, 43577, None)
[2025-03-20T14:45:33.366+0000] {subprocess.py:93} INFO - 25/03/20 14:45:33 INFO StandaloneAppClient$ClientEndpoint: Executor updated: app-20250320144533-0016/0 is now RUNNING
[2025-03-20T14:45:34.409+0000] {subprocess.py:93} INFO - 25/03/20 14:45:34 INFO StandaloneSchedulerBackend: SchedulerBackend is ready for scheduling beginning after reached minRegisteredResourcesRatio: 0.0
[2025-03-20T14:45:35.081+0000] {subprocess.py:93} INFO - Spark version: 3.5.0
[2025-03-20T14:45:35.381+0000] {subprocess.py:93} INFO - 25/03/20 14:45:35 INFO SharedState: Setting hive.metastore.warehouse.dir ('null') to the value of spark.sql.warehouse.dir.
[2025-03-20T14:45:36.911+0000] {subprocess.py:93} INFO - 25/03/20 14:45:36 INFO SharedState: Warehouse path is 'hdfs://localhost:9000/data/warehouse'.
[2025-03-20T14:45:40.562+0000] {subprocess.py:93} INFO - 25/03/20 14:45:40 INFO InMemoryFileIndex: It took 193 ms to list leaf files for 1 paths.
[2025-03-20T14:45:40.569+0000] {subprocess.py:93} INFO - 25/03/20 14:45:40 INFO StandaloneSchedulerBackend$StandaloneDriverEndpoint: Registered executor NettyRpcEndpointRef(spark-client://Executor) (172.18.0.6:51622) with ID 0,  ResourceProfileId 0
[2025-03-20T14:45:40.804+0000] {subprocess.py:93} INFO - 25/03/20 14:45:40 INFO BlockManagerMasterEndpoint: Registering block manager 172.18.0.6:43967 with 366.3 MiB RAM, BlockManagerId(0, 172.18.0.6, 43967, None)
[2025-03-20T14:45:42.020+0000] {subprocess.py:93} INFO - 25/03/20 14:45:42 INFO SparkContext: Starting job: parquet at NativeMethodAccessorImpl.java:0
[2025-03-20T14:45:42.086+0000] {subprocess.py:93} INFO - 25/03/20 14:45:42 INFO DAGScheduler: Got job 0 (parquet at NativeMethodAccessorImpl.java:0) with 1 output partitions
[2025-03-20T14:45:42.087+0000] {subprocess.py:93} INFO - 25/03/20 14:45:42 INFO DAGScheduler: Final stage: ResultStage 0 (parquet at NativeMethodAccessorImpl.java:0)
[2025-03-20T14:45:42.088+0000] {subprocess.py:93} INFO - 25/03/20 14:45:42 INFO DAGScheduler: Parents of final stage: List()
[2025-03-20T14:45:42.091+0000] {subprocess.py:93} INFO - 25/03/20 14:45:42 INFO DAGScheduler: Missing parents: List()
[2025-03-20T14:45:42.102+0000] {subprocess.py:93} INFO - 25/03/20 14:45:42 INFO DAGScheduler: Submitting ResultStage 0 (MapPartitionsRDD[1] at parquet at NativeMethodAccessorImpl.java:0), which has no missing parents
[2025-03-20T14:45:42.212+0000] {subprocess.py:93} INFO - 25/03/20 14:45:42 INFO MemoryStore: Block broadcast_0 stored as values in memory (estimated size 103.3 KiB, free 366.2 MiB)
[2025-03-20T14:45:42.310+0000] {subprocess.py:93} INFO - 25/03/20 14:45:42 INFO MemoryStore: Block broadcast_0_piece0 stored as bytes in memory (estimated size 37.2 KiB, free 366.2 MiB)
[2025-03-20T14:45:42.316+0000] {subprocess.py:93} INFO - 25/03/20 14:45:42 INFO BlockManagerInfo: Added broadcast_0_piece0 in memory on bcc1e3430c31:43577 (size: 37.2 KiB, free: 366.3 MiB)
[2025-03-20T14:45:42.323+0000] {subprocess.py:93} INFO - 25/03/20 14:45:42 INFO SparkContext: Created broadcast 0 from broadcast at DAGScheduler.scala:1580
[2025-03-20T14:45:42.345+0000] {subprocess.py:93} INFO - 25/03/20 14:45:42 INFO DAGScheduler: Submitting 1 missing tasks from ResultStage 0 (MapPartitionsRDD[1] at parquet at NativeMethodAccessorImpl.java:0) (first 15 tasks are for partitions Vector(0))
[2025-03-20T14:45:42.346+0000] {subprocess.py:93} INFO - 25/03/20 14:45:42 INFO TaskSchedulerImpl: Adding task set 0.0 with 1 tasks resource profile 0
[2025-03-20T14:45:42.420+0000] {subprocess.py:93} INFO - 25/03/20 14:45:42 INFO TaskSetManager: Starting task 0.0 in stage 0.0 (TID 0) (172.18.0.6, executor 0, partition 0, PROCESS_LOCAL, 7831 bytes)
[2025-03-20T14:45:43.020+0000] {subprocess.py:93} INFO - 25/03/20 14:45:43 INFO BlockManagerInfo: Added broadcast_0_piece0 in memory on 172.18.0.6:43967 (size: 37.2 KiB, free: 366.3 MiB)
[2025-03-20T14:45:45.690+0000] {subprocess.py:93} INFO - 25/03/20 14:45:45 INFO TaskSetManager: Finished task 0.0 in stage 0.0 (TID 0) in 3296 ms on 172.18.0.6 (executor 0) (1/1)
[2025-03-20T14:45:45.693+0000] {subprocess.py:93} INFO - 25/03/20 14:45:45 INFO TaskSchedulerImpl: Removed TaskSet 0.0, whose tasks have all completed, from pool
[2025-03-20T14:45:45.698+0000] {subprocess.py:93} INFO - 25/03/20 14:45:45 INFO DAGScheduler: ResultStage 0 (parquet at NativeMethodAccessorImpl.java:0) finished in 3.574 s
[2025-03-20T14:45:45.703+0000] {subprocess.py:93} INFO - 25/03/20 14:45:45 INFO DAGScheduler: Job 0 is finished. Cancelling potential speculative or zombie tasks for this job
[2025-03-20T14:45:45.704+0000] {subprocess.py:93} INFO - 25/03/20 14:45:45 INFO TaskSchedulerImpl: Killing all running tasks in stage 0: Stage finished
[2025-03-20T14:45:45.708+0000] {subprocess.py:93} INFO - 25/03/20 14:45:45 INFO DAGScheduler: Job 0 finished: parquet at NativeMethodAccessorImpl.java:0, took 3.627092 s
[2025-03-20T14:45:47.120+0000] {subprocess.py:93} INFO - 25/03/20 14:45:47 INFO BlockManagerInfo: Removed broadcast_0_piece0 on 172.18.0.6:43967 in memory (size: 37.2 KiB, free: 366.3 MiB)
[2025-03-20T14:45:47.136+0000] {subprocess.py:93} INFO - 25/03/20 14:45:47 INFO BlockManagerInfo: Removed broadcast_0_piece0 on bcc1e3430c31:43577 in memory (size: 37.2 KiB, free: 366.3 MiB)
[2025-03-20T14:45:47.995+0000] {subprocess.py:93} INFO - 25/03/20 14:45:47 INFO FileSourceStrategy: Pushed Filters: IsNotNull(amount),GreaterThan(amount,1000.0)
[2025-03-20T14:45:48.002+0000] {subprocess.py:93} INFO - 25/03/20 14:45:48 INFO FileSourceStrategy: Post-Scan Filters: isnotnull(amount#2),(amount#2 > 1000.0)
[2025-03-20T14:45:48.237+0000] {subprocess.py:93} INFO - 25/03/20 14:45:48 INFO ParquetUtils: Using default output committer for Parquet: org.apache.parquet.hadoop.ParquetOutputCommitter
[2025-03-20T14:45:48.269+0000] {subprocess.py:93} INFO - 25/03/20 14:45:48 INFO FileOutputCommitter: File Output Committer Algorithm version is 1
[2025-03-20T14:45:48.270+0000] {subprocess.py:93} INFO - 25/03/20 14:45:48 INFO FileOutputCommitter: FileOutputCommitter skip cleanup _temporary folders under output directory:false, ignore cleanup failures: false
[2025-03-20T14:45:48.271+0000] {subprocess.py:93} INFO - 25/03/20 14:45:48 INFO SQLHadoopMapReduceCommitProtocol: Using user defined output committer class org.apache.parquet.hadoop.ParquetOutputCommitter
[2025-03-20T14:45:48.271+0000] {subprocess.py:93} INFO - 25/03/20 14:45:48 INFO FileOutputCommitter: File Output Committer Algorithm version is 1
[2025-03-20T14:45:48.272+0000] {subprocess.py:93} INFO - 25/03/20 14:45:48 INFO FileOutputCommitter: FileOutputCommitter skip cleanup _temporary folders under output directory:false, ignore cleanup failures: false
[2025-03-20T14:45:48.273+0000] {subprocess.py:93} INFO - 25/03/20 14:45:48 INFO SQLHadoopMapReduceCommitProtocol: Using output committer class org.apache.parquet.hadoop.ParquetOutputCommitter
[2025-03-20T14:45:48.721+0000] {subprocess.py:93} INFO - 25/03/20 14:45:48 INFO CodeGenerator: Code generated in 283.17615 ms
[2025-03-20T14:45:48.747+0000] {subprocess.py:93} INFO - 25/03/20 14:45:48 INFO MemoryStore: Block broadcast_1 stored as values in memory (estimated size 357.5 KiB, free 366.0 MiB)
[2025-03-20T14:45:48.764+0000] {subprocess.py:93} INFO - 25/03/20 14:45:48 INFO MemoryStore: Block broadcast_1_piece0 stored as bytes in memory (estimated size 35.2 KiB, free 365.9 MiB)
[2025-03-20T14:45:48.765+0000] {subprocess.py:93} INFO - 25/03/20 14:45:48 INFO BlockManagerInfo: Added broadcast_1_piece0 in memory on bcc1e3430c31:43577 (size: 35.2 KiB, free: 366.3 MiB)
[2025-03-20T14:45:48.768+0000] {subprocess.py:93} INFO - 25/03/20 14:45:48 INFO SparkContext: Created broadcast 1 from parquet at NativeMethodAccessorImpl.java:0
[2025-03-20T14:45:48.790+0000] {subprocess.py:93} INFO - 25/03/20 14:45:48 INFO FileSourceScanExec: Planning scan with bin packing, max size: 4194304 bytes, open cost is considered as scanning 4194304 bytes.
[2025-03-20T14:45:48.871+0000] {subprocess.py:93} INFO - 25/03/20 14:45:48 INFO SparkContext: Starting job: parquet at NativeMethodAccessorImpl.java:0
[2025-03-20T14:45:48.872+0000] {subprocess.py:93} INFO - 25/03/20 14:45:48 INFO DAGScheduler: Got job 1 (parquet at NativeMethodAccessorImpl.java:0) with 1 output partitions
[2025-03-20T14:45:48.873+0000] {subprocess.py:93} INFO - 25/03/20 14:45:48 INFO DAGScheduler: Final stage: ResultStage 1 (parquet at NativeMethodAccessorImpl.java:0)
[2025-03-20T14:45:48.874+0000] {subprocess.py:93} INFO - 25/03/20 14:45:48 INFO DAGScheduler: Parents of final stage: List()
[2025-03-20T14:45:48.875+0000] {subprocess.py:93} INFO - 25/03/20 14:45:48 INFO DAGScheduler: Missing parents: List()
[2025-03-20T14:45:48.878+0000] {subprocess.py:93} INFO - 25/03/20 14:45:48 INFO DAGScheduler: Submitting ResultStage 1 (MapPartitionsRDD[5] at parquet at NativeMethodAccessorImpl.java:0), which has no missing parents
[2025-03-20T14:45:48.975+0000] {subprocess.py:93} INFO - 25/03/20 14:45:48 INFO MemoryStore: Block broadcast_2 stored as values in memory (estimated size 219.2 KiB, free 365.7 MiB)
[2025-03-20T14:45:48.981+0000] {subprocess.py:93} INFO - 25/03/20 14:45:48 INFO MemoryStore: Block broadcast_2_piece0 stored as bytes in memory (estimated size 77.4 KiB, free 365.6 MiB)
[2025-03-20T14:45:48.985+0000] {subprocess.py:93} INFO - 25/03/20 14:45:48 INFO BlockManagerInfo: Added broadcast_2_piece0 in memory on bcc1e3430c31:43577 (size: 77.4 KiB, free: 366.2 MiB)
[2025-03-20T14:45:48.986+0000] {subprocess.py:93} INFO - 25/03/20 14:45:48 INFO SparkContext: Created broadcast 2 from broadcast at DAGScheduler.scala:1580
[2025-03-20T14:45:48.987+0000] {subprocess.py:93} INFO - 25/03/20 14:45:48 INFO DAGScheduler: Submitting 1 missing tasks from ResultStage 1 (MapPartitionsRDD[5] at parquet at NativeMethodAccessorImpl.java:0) (first 15 tasks are for partitions Vector(0))
[2025-03-20T14:45:48.987+0000] {subprocess.py:93} INFO - 25/03/20 14:45:48 INFO TaskSchedulerImpl: Adding task set 1.0 with 1 tasks resource profile 0
[2025-03-20T14:45:48.998+0000] {subprocess.py:93} INFO - 25/03/20 14:45:48 INFO TaskSetManager: Starting task 0.0 in stage 1.0 (TID 1) (172.18.0.6, executor 0, partition 0, ANY, 8299 bytes)
[2025-03-20T14:45:49.076+0000] {subprocess.py:93} INFO - 25/03/20 14:45:49 INFO BlockManagerInfo: Added broadcast_2_piece0 in memory on 172.18.0.6:43967 (size: 77.4 KiB, free: 366.2 MiB)
[2025-03-20T14:45:50.486+0000] {subprocess.py:93} INFO - 25/03/20 14:45:50 INFO BlockManagerInfo: Added broadcast_1_piece0 in memory on 172.18.0.6:43967 (size: 35.2 KiB, free: 366.2 MiB)
[2025-03-20T14:45:51.236+0000] {subprocess.py:93} INFO - 25/03/20 14:45:51 INFO TaskSetManager: Finished task 0.0 in stage 1.0 (TID 1) in 2243 ms on 172.18.0.6 (executor 0) (1/1)
[2025-03-20T14:45:51.237+0000] {subprocess.py:93} INFO - 25/03/20 14:45:51 INFO TaskSchedulerImpl: Removed TaskSet 1.0, whose tasks have all completed, from pool
[2025-03-20T14:45:51.238+0000] {subprocess.py:93} INFO - 25/03/20 14:45:51 INFO DAGScheduler: ResultStage 1 (parquet at NativeMethodAccessorImpl.java:0) finished in 2.352 s
[2025-03-20T14:45:51.239+0000] {subprocess.py:93} INFO - 25/03/20 14:45:51 INFO DAGScheduler: Job 1 is finished. Cancelling potential speculative or zombie tasks for this job
[2025-03-20T14:45:51.240+0000] {subprocess.py:93} INFO - 25/03/20 14:45:51 INFO TaskSchedulerImpl: Killing all running tasks in stage 1: Stage finished
[2025-03-20T14:45:51.240+0000] {subprocess.py:93} INFO - 25/03/20 14:45:51 INFO DAGScheduler: Job 1 finished: parquet at NativeMethodAccessorImpl.java:0, took 2.369862 s
[2025-03-20T14:45:51.244+0000] {subprocess.py:93} INFO - 25/03/20 14:45:51 INFO FileFormatWriter: Start to commit write Job 61e64b73-2dd1-48bc-9b5c-d814360e244a.
[2025-03-20T14:45:51.333+0000] {subprocess.py:93} INFO - 25/03/20 14:45:51 INFO FileFormatWriter: Write Job 61e64b73-2dd1-48bc-9b5c-d814360e244a committed. Elapsed time: 85 ms.
[2025-03-20T14:45:51.336+0000] {subprocess.py:93} INFO - 25/03/20 14:45:51 INFO FileFormatWriter: Finished processing stats for write job 61e64b73-2dd1-48bc-9b5c-d814360e244a.
[2025-03-20T14:45:51.343+0000] {subprocess.py:93} INFO - 25/03/20 14:45:51 INFO SparkContext: SparkContext is stopping with exitCode 0.
[2025-03-20T14:45:51.360+0000] {subprocess.py:93} INFO - 25/03/20 14:45:51 INFO SparkUI: Stopped Spark web UI at http://bcc1e3430c31:4040
[2025-03-20T14:45:51.368+0000] {subprocess.py:93} INFO - 25/03/20 14:45:51 INFO StandaloneSchedulerBackend: Shutting down all executors
[2025-03-20T14:45:51.369+0000] {subprocess.py:93} INFO - 25/03/20 14:45:51 INFO StandaloneSchedulerBackend$StandaloneDriverEndpoint: Asking each executor to shut down
[2025-03-20T14:45:51.433+0000] {subprocess.py:93} INFO - 25/03/20 14:45:51 INFO MapOutputTrackerMasterEndpoint: MapOutputTrackerMasterEndpoint stopped!
[2025-03-20T14:45:51.452+0000] {subprocess.py:93} INFO - 25/03/20 14:45:51 INFO MemoryStore: MemoryStore cleared
[2025-03-20T14:45:51.453+0000] {subprocess.py:93} INFO - 25/03/20 14:45:51 INFO BlockManager: BlockManager stopped
[2025-03-20T14:45:51.459+0000] {subprocess.py:93} INFO - 25/03/20 14:45:51 INFO BlockManagerMaster: BlockManagerMaster stopped
[2025-03-20T14:45:51.465+0000] {subprocess.py:93} INFO - 25/03/20 14:45:51 INFO OutputCommitCoordinator$OutputCommitCoordinatorEndpoint: OutputCommitCoordinator stopped!
[2025-03-20T14:45:51.540+0000] {subprocess.py:93} INFO - 25/03/20 14:45:51 INFO SparkContext: Successfully stopped SparkContext
[2025-03-20T14:45:51.598+0000] {subprocess.py:93} INFO - 25/03/20 14:45:51 INFO ShutdownHookManager: Shutdown hook called
[2025-03-20T14:45:51.600+0000] {subprocess.py:93} INFO - 25/03/20 14:45:51 INFO ShutdownHookManager: Deleting directory /tmp/spark-c54af4fd-9b17-404a-bb41-ae0fe195dc9a/pyspark-ada37e3d-509a-4110-800f-dd393b1a82c7
[2025-03-20T14:45:51.604+0000] {subprocess.py:93} INFO - 25/03/20 14:45:51 INFO ShutdownHookManager: Deleting directory /tmp/spark-78f50d71-f6a5-44c2-8c48-dafec55c546b
[2025-03-20T14:45:51.608+0000] {subprocess.py:93} INFO - 25/03/20 14:45:51 INFO ShutdownHookManager: Deleting directory /tmp/spark-c54af4fd-9b17-404a-bb41-ae0fe195dc9a
[2025-03-20T14:45:51.671+0000] {subprocess.py:97} INFO - Command exited with return code 0
[2025-03-20T14:45:51.704+0000] {taskinstance.py:1398} INFO - Marking task as SUCCESS. dag_id=transactions_pipeline, task_id=detect_fraud, execution_date=20250320T144507, start_date=20250320T144527, end_date=20250320T144551
[2025-03-20T14:45:51.770+0000] {local_task_job_runner.py:228} INFO - Task exited with return code 0
[2025-03-20T14:45:51.796+0000] {taskinstance.py:2776} INFO - 0 downstream tasks scheduled from follow-on schedule check
