[2025-03-20T13:02:59.266+0000] {taskinstance.py:1157} INFO - Dependencies all met for dep_context=non-requeueable deps ti=<TaskInstance: transactions_pipeline.create_hive_table manual__2025-03-20T13:02:49.546381+00:00 [queued]>
[2025-03-20T13:02:59.281+0000] {taskinstance.py:1157} INFO - Dependencies all met for dep_context=requeueable deps ti=<TaskInstance: transactions_pipeline.create_hive_table manual__2025-03-20T13:02:49.546381+00:00 [queued]>
[2025-03-20T13:02:59.282+0000] {taskinstance.py:1359} INFO - Starting attempt 1 of 1
[2025-03-20T13:02:59.300+0000] {taskinstance.py:1380} INFO - Executing <Task(BashOperator): create_hive_table> on 2025-03-20 13:02:49.546381+00:00
[2025-03-20T13:02:59.306+0000] {standard_task_runner.py:57} INFO - Started process 1200 to run task
[2025-03-20T13:02:59.311+0000] {standard_task_runner.py:84} INFO - Running: ['***', 'tasks', 'run', 'transactions_pipeline', 'create_hive_table', 'manual__2025-03-20T13:02:49.546381+00:00', '--job-id', '311', '--raw', '--subdir', 'DAGS_FOLDER/fraud_detection_pipeline.py', '--cfg-path', '/tmp/tmp_7khu7y8']
[2025-03-20T13:02:59.315+0000] {standard_task_runner.py:85} INFO - Job 311: Subtask create_hive_table
[2025-03-20T13:02:59.381+0000] {task_command.py:415} INFO - Running <TaskInstance: transactions_pipeline.create_hive_table manual__2025-03-20T13:02:49.546381+00:00 [running]> on host 3938a1dd8bd9
[2025-03-20T13:02:59.514+0000] {taskinstance.py:1660} INFO - Exporting env vars: AIRFLOW_CTX_DAG_OWNER='***' AIRFLOW_CTX_DAG_ID='transactions_pipeline' AIRFLOW_CTX_TASK_ID='create_hive_table' AIRFLOW_CTX_EXECUTION_DATE='2025-03-20T13:02:49.546381+00:00' AIRFLOW_CTX_TRY_NUMBER='1' AIRFLOW_CTX_DAG_RUN_ID='manual__2025-03-20T13:02:49.546381+00:00'
[2025-03-20T13:02:59.517+0000] {subprocess.py:63} INFO - Tmp dir root location: /tmp
[2025-03-20T13:02:59.519+0000] {subprocess.py:75} INFO - Running command: ['/bin/bash', '-c', '\n    docker exec hive beeline -u "jdbc:hive2://localhost:10000" --hiveconf hive.exec.dynamic.partition.mode=nonstrict -e "\n    CREATE EXTERNAL TABLE IF NOT EXISTS transactions (\n        transaction_id STRING,\n        date_time STRING,\n        amount DOUBLE,\n        currency STRING,\n        merchant_details STRING,\n        customer_id STRING,\n        transaction_type STRING,\n        location STRING\n    )\n    PARTITIONED BY (batch_id STRING)\n    STORED AS PARQUET;\n    ALTER TABLE transactions ADD IF NOT EXISTS PARTITION (batch_id=\'batch_20250320_130155\') LOCATION \'/data/transactions/transactions_batch_20250320_130155\';"\n    ']
[2025-03-20T13:02:59.534+0000] {subprocess.py:86} INFO - Output:
[2025-03-20T13:03:00.766+0000] {subprocess.py:93} INFO - SLF4J: Class path contains multiple SLF4J bindings.
[2025-03-20T13:03:00.767+0000] {subprocess.py:93} INFO - SLF4J: Found binding in [jar:file:/opt/hive/lib/log4j-slf4j-impl-2.17.1.jar!/org/slf4j/impl/StaticLoggerBinder.class]
[2025-03-20T13:03:00.768+0000] {subprocess.py:93} INFO - SLF4J: Found binding in [jar:file:/opt/hadoop/share/hadoop/common/lib/slf4j-log4j12-1.7.25.jar!/org/slf4j/impl/StaticLoggerBinder.class]
[2025-03-20T13:03:00.768+0000] {subprocess.py:93} INFO - SLF4J: See http://www.slf4j.org/codes.html#multiple_bindings for an explanation.
[2025-03-20T13:03:00.918+0000] {subprocess.py:93} INFO - SLF4J: Actual binding is of type [org.apache.logging.slf4j.Log4jLoggerFactory]
[2025-03-20T13:03:02.075+0000] {subprocess.py:93} INFO - Connecting to jdbc:hive2://localhost:10000
[2025-03-20T13:03:02.289+0000] {subprocess.py:93} INFO - Connected to: Apache Hive (version 3.1.3)
[2025-03-20T13:03:02.290+0000] {subprocess.py:93} INFO - Driver: Hive JDBC (version 3.1.3)
[2025-03-20T13:03:02.290+0000] {subprocess.py:93} INFO - Transaction isolation: TRANSACTION_REPEATABLE_READ
[2025-03-20T13:03:02.386+0000] {subprocess.py:93} INFO - INFO  : Compiling command(queryId=root_20250320130302_bd65b3e1-0842-4ffc-9251-6808d8429381): CREATE EXTERNAL TABLE IF NOT EXISTS transactions (
[2025-03-20T13:03:02.387+0000] {subprocess.py:93} INFO -         transaction_id STRING,
[2025-03-20T13:03:02.388+0000] {subprocess.py:93} INFO -         date_time STRING,
[2025-03-20T13:03:02.388+0000] {subprocess.py:93} INFO -         amount DOUBLE,
[2025-03-20T13:03:02.389+0000] {subprocess.py:93} INFO -         currency STRING,
[2025-03-20T13:03:02.390+0000] {subprocess.py:93} INFO -         merchant_details STRING,
[2025-03-20T13:03:02.390+0000] {subprocess.py:93} INFO -         customer_id STRING,
[2025-03-20T13:03:02.391+0000] {subprocess.py:93} INFO -         transaction_type STRING,
[2025-03-20T13:03:02.392+0000] {subprocess.py:93} INFO -         location STRING
[2025-03-20T13:03:02.392+0000] {subprocess.py:93} INFO -     )
[2025-03-20T13:03:02.393+0000] {subprocess.py:93} INFO -     PARTITIONED BY (batch_id STRING)
[2025-03-20T13:03:02.393+0000] {subprocess.py:93} INFO -     STORED AS PARQUET
[2025-03-20T13:03:02.394+0000] {subprocess.py:93} INFO - INFO  : Concurrency mode is disabled, not creating a lock manager
[2025-03-20T13:03:02.394+0000] {subprocess.py:93} INFO - INFO  : Semantic Analysis Completed (retrial = false)
[2025-03-20T13:03:02.395+0000] {subprocess.py:93} INFO - INFO  : Returning Hive schema: Schema(fieldSchemas:null, properties:null)
[2025-03-20T13:03:02.395+0000] {subprocess.py:93} INFO - INFO  : Completed compiling command(queryId=root_20250320130302_bd65b3e1-0842-4ffc-9251-6808d8429381); Time taken: 0.024 seconds
[2025-03-20T13:03:02.396+0000] {subprocess.py:93} INFO - INFO  : Concurrency mode is disabled, not creating a lock manager
[2025-03-20T13:03:02.397+0000] {subprocess.py:93} INFO - INFO  : Executing command(queryId=root_20250320130302_bd65b3e1-0842-4ffc-9251-6808d8429381): CREATE EXTERNAL TABLE IF NOT EXISTS transactions (
[2025-03-20T13:03:02.397+0000] {subprocess.py:93} INFO -         transaction_id STRING,
[2025-03-20T13:03:02.398+0000] {subprocess.py:93} INFO -         date_time STRING,
[2025-03-20T13:03:02.398+0000] {subprocess.py:93} INFO -         amount DOUBLE,
[2025-03-20T13:03:02.399+0000] {subprocess.py:93} INFO -         currency STRING,
[2025-03-20T13:03:02.400+0000] {subprocess.py:93} INFO -         merchant_details STRING,
[2025-03-20T13:03:02.400+0000] {subprocess.py:93} INFO -         customer_id STRING,
[2025-03-20T13:03:02.401+0000] {subprocess.py:93} INFO -         transaction_type STRING,
[2025-03-20T13:03:02.401+0000] {subprocess.py:93} INFO -         location STRING
[2025-03-20T13:03:02.402+0000] {subprocess.py:93} INFO -     )
[2025-03-20T13:03:02.402+0000] {subprocess.py:93} INFO -     PARTITIONED BY (batch_id STRING)
[2025-03-20T13:03:02.403+0000] {subprocess.py:93} INFO -     STORED AS PARQUET
[2025-03-20T13:03:02.403+0000] {subprocess.py:93} INFO - INFO  : Completed executing command(queryId=root_20250320130302_bd65b3e1-0842-4ffc-9251-6808d8429381); Time taken: 0.001 seconds
[2025-03-20T13:03:02.404+0000] {subprocess.py:93} INFO - INFO  : OK
[2025-03-20T13:03:02.405+0000] {subprocess.py:93} INFO - INFO  : Concurrency mode is disabled, not creating a lock manager
[2025-03-20T13:03:02.405+0000] {subprocess.py:93} INFO - No rows affected (0.083 seconds)
[2025-03-20T13:03:02.536+0000] {subprocess.py:93} INFO - INFO  : Compiling command(queryId=root_20250320130302_cc1d8ba5-83e5-4981-b653-b6ca6c11a5f8): ALTER TABLE transactions ADD IF NOT EXISTS PARTITION (batch_id='batch_20250320_130155') LOCATION '/data/transactions/transactions_batch_20250320_130155'
[2025-03-20T13:03:02.537+0000] {subprocess.py:93} INFO - INFO  : Concurrency mode is disabled, not creating a lock manager
[2025-03-20T13:03:02.538+0000] {subprocess.py:93} INFO - INFO  : Semantic Analysis Completed (retrial = false)
[2025-03-20T13:03:02.539+0000] {subprocess.py:93} INFO - INFO  : Returning Hive schema: Schema(fieldSchemas:null, properties:null)
[2025-03-20T13:03:02.539+0000] {subprocess.py:93} INFO - INFO  : Completed compiling command(queryId=root_20250320130302_cc1d8ba5-83e5-4981-b653-b6ca6c11a5f8); Time taken: 0.013 seconds
[2025-03-20T13:03:02.540+0000] {subprocess.py:93} INFO - INFO  : Concurrency mode is disabled, not creating a lock manager
[2025-03-20T13:03:02.540+0000] {subprocess.py:93} INFO - INFO  : Executing command(queryId=root_20250320130302_cc1d8ba5-83e5-4981-b653-b6ca6c11a5f8): ALTER TABLE transactions ADD IF NOT EXISTS PARTITION (batch_id='batch_20250320_130155') LOCATION '/data/transactions/transactions_batch_20250320_130155'
[2025-03-20T13:03:02.541+0000] {subprocess.py:93} INFO - INFO  : Starting task [Stage-0:DDL] in serial mode
[2025-03-20T13:03:02.541+0000] {subprocess.py:93} INFO - INFO  : Completed executing command(queryId=root_20250320130302_cc1d8ba5-83e5-4981-b653-b6ca6c11a5f8); Time taken: 0.084 seconds
[2025-03-20T13:03:02.542+0000] {subprocess.py:93} INFO - INFO  : OK
[2025-03-20T13:03:02.542+0000] {subprocess.py:93} INFO - INFO  : Concurrency mode is disabled, not creating a lock manager
[2025-03-20T13:03:02.543+0000] {subprocess.py:93} INFO - No rows affected (0.112 seconds)
[2025-03-20T13:03:02.544+0000] {subprocess.py:93} INFO - Beeline version 3.1.3 by Apache Hive
[2025-03-20T13:03:02.551+0000] {subprocess.py:93} INFO - Closing: 0: jdbc:hive2://localhost:10000
[2025-03-20T13:03:02.592+0000] {subprocess.py:97} INFO - Command exited with return code 0
[2025-03-20T13:03:02.623+0000] {taskinstance.py:1398} INFO - Marking task as SUCCESS. dag_id=transactions_pipeline, task_id=create_hive_table, execution_date=20250320T130249, start_date=20250320T130259, end_date=20250320T130302
[2025-03-20T13:03:02.662+0000] {local_task_job_runner.py:228} INFO - Task exited with return code 0
[2025-03-20T13:03:02.701+0000] {taskinstance.py:2776} INFO - 1 downstream tasks scheduled from follow-on schedule check
