[2025-03-20T13:24:38.974+0000] {taskinstance.py:1157} INFO - Dependencies all met for dep_context=non-requeueable deps ti=<TaskInstance: transactions_pipeline.detect_fraud manual__2025-03-20T13:24:18.071357+00:00 [queued]>
[2025-03-20T13:24:38.996+0000] {taskinstance.py:1157} INFO - Dependencies all met for dep_context=requeueable deps ti=<TaskInstance: transactions_pipeline.detect_fraud manual__2025-03-20T13:24:18.071357+00:00 [queued]>
[2025-03-20T13:24:38.999+0000] {taskinstance.py:1359} INFO - Starting attempt 1 of 1
[2025-03-20T13:24:39.050+0000] {taskinstance.py:1380} INFO - Executing <Task(BashOperator): detect_fraud> on 2025-03-20 13:24:18.071357+00:00
[2025-03-20T13:24:39.078+0000] {standard_task_runner.py:57} INFO - Started process 1662 to run task
[2025-03-20T13:24:39.085+0000] {standard_task_runner.py:84} INFO - Running: ['***', 'tasks', 'run', 'transactions_pipeline', 'detect_fraud', 'manual__2025-03-20T13:24:18.071357+00:00', '--job-id', '328', '--raw', '--subdir', 'DAGS_FOLDER/fraud_detection_pipeline.py', '--cfg-path', '/tmp/tmpwcd6eohn']
[2025-03-20T13:24:39.104+0000] {standard_task_runner.py:85} INFO - Job 328: Subtask detect_fraud
[2025-03-20T13:24:39.282+0000] {task_command.py:415} INFO - Running <TaskInstance: transactions_pipeline.detect_fraud manual__2025-03-20T13:24:18.071357+00:00 [running]> on host 3938a1dd8bd9
[2025-03-20T13:24:39.464+0000] {taskinstance.py:1660} INFO - Exporting env vars: AIRFLOW_CTX_DAG_OWNER='***' AIRFLOW_CTX_DAG_ID='transactions_pipeline' AIRFLOW_CTX_TASK_ID='detect_fraud' AIRFLOW_CTX_EXECUTION_DATE='2025-03-20T13:24:18.071357+00:00' AIRFLOW_CTX_TRY_NUMBER='1' AIRFLOW_CTX_DAG_RUN_ID='manual__2025-03-20T13:24:18.071357+00:00'
[2025-03-20T13:24:39.466+0000] {subprocess.py:63} INFO - Tmp dir root location: /tmp
[2025-03-20T13:24:39.468+0000] {subprocess.py:75} INFO - Running command: ['/bin/bash', '-c', '\n    docker exec hive spark-submit --master spark://localhost:7077 /hive/scripts/detect_fraud.py "batch_20250320_130944"\n    ']
[2025-03-20T13:24:39.483+0000] {subprocess.py:86} INFO - Output:
[2025-03-20T13:24:43.512+0000] {subprocess.py:93} INFO - 25/03/20 13:24:43 INFO SparkContext: Running Spark version 3.5.0
[2025-03-20T13:24:43.516+0000] {subprocess.py:93} INFO - 25/03/20 13:24:43 INFO SparkContext: OS info Linux, 5.15.167.4-microsoft-standard-WSL2, amd64
[2025-03-20T13:24:43.517+0000] {subprocess.py:93} INFO - 25/03/20 13:24:43 INFO SparkContext: Java version 1.8.0_342
[2025-03-20T13:24:43.696+0000] {subprocess.py:93} INFO - 25/03/20 13:24:43 WARN NativeCodeLoader: Unable to load native-hadoop library for your platform... using builtin-java classes where applicable
[2025-03-20T13:24:43.883+0000] {subprocess.py:93} INFO - 25/03/20 13:24:43 INFO ResourceUtils: ==============================================================
[2025-03-20T13:24:43.883+0000] {subprocess.py:93} INFO - 25/03/20 13:24:43 INFO ResourceUtils: No custom resources configured for spark.driver.
[2025-03-20T13:24:43.884+0000] {subprocess.py:93} INFO - 25/03/20 13:24:43 INFO ResourceUtils: ==============================================================
[2025-03-20T13:24:43.885+0000] {subprocess.py:93} INFO - 25/03/20 13:24:43 INFO SparkContext: Submitted application: FraudDetection
[2025-03-20T13:24:43.933+0000] {subprocess.py:93} INFO - 25/03/20 13:24:43 INFO ResourceProfile: Default ResourceProfile created, executor resources: Map(memory -> name: memory, amount: 1024, script: , vendor: , offHeap -> name: offHeap, amount: 0, script: , vendor: ), task resources: Map(cpus -> name: cpus, amount: 1.0)
[2025-03-20T13:24:43.956+0000] {subprocess.py:93} INFO - 25/03/20 13:24:43 INFO ResourceProfile: Limiting resource is cpu
[2025-03-20T13:24:43.956+0000] {subprocess.py:93} INFO - 25/03/20 13:24:43 INFO ResourceProfileManager: Added ResourceProfile id: 0
[2025-03-20T13:24:44.020+0000] {subprocess.py:93} INFO - 25/03/20 13:24:44 INFO SecurityManager: Changing view acls to: root
[2025-03-20T13:24:44.021+0000] {subprocess.py:93} INFO - 25/03/20 13:24:44 INFO SecurityManager: Changing modify acls to: root
[2025-03-20T13:24:44.022+0000] {subprocess.py:93} INFO - 25/03/20 13:24:44 INFO SecurityManager: Changing view acls groups to:
[2025-03-20T13:24:44.024+0000] {subprocess.py:93} INFO - 25/03/20 13:24:44 INFO SecurityManager: Changing modify acls groups to:
[2025-03-20T13:24:44.025+0000] {subprocess.py:93} INFO - 25/03/20 13:24:44 INFO SecurityManager: SecurityManager: authentication disabled; ui acls disabled; users with view permissions: root; groups with view permissions: EMPTY; users with modify permissions: root; groups with modify permissions: EMPTY
[2025-03-20T13:24:44.446+0000] {subprocess.py:93} INFO - 25/03/20 13:24:44 INFO Utils: Successfully started service 'sparkDriver' on port 37889.
[2025-03-20T13:24:44.495+0000] {subprocess.py:93} INFO - 25/03/20 13:24:44 INFO SparkEnv: Registering MapOutputTracker
[2025-03-20T13:24:44.579+0000] {subprocess.py:93} INFO - 25/03/20 13:24:44 INFO SparkEnv: Registering BlockManagerMaster
[2025-03-20T13:24:44.622+0000] {subprocess.py:93} INFO - 25/03/20 13:24:44 INFO BlockManagerMasterEndpoint: Using org.apache.spark.storage.DefaultTopologyMapper for getting topology information
[2025-03-20T13:24:44.623+0000] {subprocess.py:93} INFO - 25/03/20 13:24:44 INFO BlockManagerMasterEndpoint: BlockManagerMasterEndpoint up
[2025-03-20T13:24:44.630+0000] {subprocess.py:93} INFO - 25/03/20 13:24:44 INFO SparkEnv: Registering BlockManagerMasterHeartbeat
[2025-03-20T13:24:44.731+0000] {subprocess.py:93} INFO - 25/03/20 13:24:44 INFO DiskBlockManager: Created local directory at /tmp/blockmgr-10b281b9-0636-469f-b07c-eb94e3e71a5b
[2025-03-20T13:24:44.754+0000] {subprocess.py:93} INFO - 25/03/20 13:24:44 INFO MemoryStore: MemoryStore started with capacity 366.3 MiB
[2025-03-20T13:24:44.779+0000] {subprocess.py:93} INFO - 25/03/20 13:24:44 INFO SparkEnv: Registering OutputCommitCoordinator
[2025-03-20T13:24:45.084+0000] {subprocess.py:93} INFO - 25/03/20 13:24:45 INFO JettyUtils: Start Jetty 0.0.0.0:4040 for SparkUI
[2025-03-20T13:24:45.225+0000] {subprocess.py:93} INFO - 25/03/20 13:24:45 INFO Utils: Successfully started service 'SparkUI' on port 4040.
[2025-03-20T13:24:45.541+0000] {subprocess.py:93} INFO - 25/03/20 13:24:45 INFO StandaloneAppClient$ClientEndpoint: Connecting to master spark://localhost:7077...
[2025-03-20T13:24:45.675+0000] {subprocess.py:93} INFO - 25/03/20 13:24:45 INFO TransportClientFactory: Successfully created connection to localhost/127.0.0.1:7077 after 91 ms (0 ms spent in bootstraps)
[2025-03-20T13:24:45.975+0000] {subprocess.py:93} INFO - 25/03/20 13:24:45 INFO StandaloneSchedulerBackend: Connected to Spark cluster with app ID app-20250320132445-0011
[2025-03-20T13:24:46.024+0000] {subprocess.py:93} INFO - 25/03/20 13:24:46 INFO StandaloneAppClient$ClientEndpoint: Executor added: app-20250320132445-0011/0 on worker-20250320120146-172.18.0.6-34145 (172.18.0.6:34145) with 2 core(s)
[2025-03-20T13:24:46.027+0000] {subprocess.py:93} INFO - 25/03/20 13:24:46 INFO StandaloneSchedulerBackend: Granted executor ID app-20250320132445-0011/0 on hostPort 172.18.0.6:34145 with 2 core(s), 1024.0 MiB RAM
[2025-03-20T13:24:46.145+0000] {subprocess.py:93} INFO - 25/03/20 13:24:46 INFO Utils: Successfully started service 'org.apache.spark.network.netty.NettyBlockTransferService' on port 41355.
[2025-03-20T13:24:46.151+0000] {subprocess.py:93} INFO - 25/03/20 13:24:46 INFO NettyBlockTransferService: Server created on bcc1e3430c31:41355
[2025-03-20T13:24:46.153+0000] {subprocess.py:93} INFO - 25/03/20 13:24:46 INFO BlockManager: Using org.apache.spark.storage.RandomBlockReplicationPolicy for block replication policy
[2025-03-20T13:24:46.244+0000] {subprocess.py:93} INFO - 25/03/20 13:24:46 INFO BlockManagerMaster: Registering BlockManager BlockManagerId(driver, bcc1e3430c31, 41355, None)
[2025-03-20T13:24:46.338+0000] {subprocess.py:93} INFO - 25/03/20 13:24:46 INFO BlockManagerMasterEndpoint: Registering block manager bcc1e3430c31:41355 with 366.3 MiB RAM, BlockManagerId(driver, bcc1e3430c31, 41355, None)
[2025-03-20T13:24:46.345+0000] {subprocess.py:93} INFO - 25/03/20 13:24:46 INFO BlockManagerMaster: Registered BlockManager BlockManagerId(driver, bcc1e3430c31, 41355, None)
[2025-03-20T13:24:46.351+0000] {subprocess.py:93} INFO - 25/03/20 13:24:46 INFO BlockManager: Initialized BlockManager: BlockManagerId(driver, bcc1e3430c31, 41355, None)
[2025-03-20T13:24:46.726+0000] {subprocess.py:93} INFO - 25/03/20 13:24:46 INFO StandaloneAppClient$ClientEndpoint: Executor updated: app-20250320132445-0011/0 is now RUNNING
[2025-03-20T13:24:49.437+0000] {subprocess.py:93} INFO - 25/03/20 13:24:49 INFO StandaloneSchedulerBackend: SchedulerBackend is ready for scheduling beginning after reached minRegisteredResourcesRatio: 0.0
[2025-03-20T13:24:50.235+0000] {subprocess.py:93} INFO - Spark version: 3.5.0
[2025-03-20T13:24:50.487+0000] {subprocess.py:93} INFO - 25/03/20 13:24:50 INFO SharedState: Setting hive.metastore.warehouse.dir ('null') to the value of spark.sql.warehouse.dir.
[2025-03-20T13:24:52.155+0000] {subprocess.py:93} INFO - 25/03/20 13:24:52 INFO SharedState: Warehouse path is 'hdfs://localhost:9000/data/warehouse'.
[2025-03-20T13:24:56.222+0000] {subprocess.py:93} INFO - 25/03/20 13:24:56 INFO InMemoryFileIndex: It took 392 ms to list leaf files for 1 paths.
[2025-03-20T13:24:56.434+0000] {subprocess.py:93} INFO - 25/03/20 13:24:56 INFO StandaloneSchedulerBackend$StandaloneDriverEndpoint: Registered executor NettyRpcEndpointRef(spark-client://Executor) (172.18.0.6:54896) with ID 0,  ResourceProfileId 0
[2025-03-20T13:24:56.827+0000] {subprocess.py:93} INFO - 25/03/20 13:24:56 INFO BlockManagerMasterEndpoint: Registering block manager 172.18.0.6:40717 with 366.3 MiB RAM, BlockManagerId(0, 172.18.0.6, 40717, None)
[2025-03-20T13:24:57.622+0000] {subprocess.py:93} INFO - 25/03/20 13:24:57 INFO SparkContext: Starting job: parquet at NativeMethodAccessorImpl.java:0
[2025-03-20T13:24:57.657+0000] {subprocess.py:93} INFO - 25/03/20 13:24:57 INFO DAGScheduler: Got job 0 (parquet at NativeMethodAccessorImpl.java:0) with 1 output partitions
[2025-03-20T13:24:57.658+0000] {subprocess.py:93} INFO - 25/03/20 13:24:57 INFO DAGScheduler: Final stage: ResultStage 0 (parquet at NativeMethodAccessorImpl.java:0)
[2025-03-20T13:24:57.660+0000] {subprocess.py:93} INFO - 25/03/20 13:24:57 INFO DAGScheduler: Parents of final stage: List()
[2025-03-20T13:24:57.663+0000] {subprocess.py:93} INFO - 25/03/20 13:24:57 INFO DAGScheduler: Missing parents: List()
[2025-03-20T13:24:57.674+0000] {subprocess.py:93} INFO - 25/03/20 13:24:57 INFO DAGScheduler: Submitting ResultStage 0 (MapPartitionsRDD[1] at parquet at NativeMethodAccessorImpl.java:0), which has no missing parents
[2025-03-20T13:24:57.840+0000] {subprocess.py:93} INFO - 25/03/20 13:24:57 INFO MemoryStore: Block broadcast_0 stored as values in memory (estimated size 103.3 KiB, free 366.2 MiB)
[2025-03-20T13:24:57.887+0000] {subprocess.py:93} INFO - 25/03/20 13:24:57 INFO MemoryStore: Block broadcast_0_piece0 stored as bytes in memory (estimated size 37.2 KiB, free 366.2 MiB)
[2025-03-20T13:24:57.891+0000] {subprocess.py:93} INFO - 25/03/20 13:24:57 INFO BlockManagerInfo: Added broadcast_0_piece0 in memory on bcc1e3430c31:41355 (size: 37.2 KiB, free: 366.3 MiB)
[2025-03-20T13:24:57.897+0000] {subprocess.py:93} INFO - 25/03/20 13:24:57 INFO SparkContext: Created broadcast 0 from broadcast at DAGScheduler.scala:1580
[2025-03-20T13:24:57.929+0000] {subprocess.py:93} INFO - 25/03/20 13:24:57 INFO DAGScheduler: Submitting 1 missing tasks from ResultStage 0 (MapPartitionsRDD[1] at parquet at NativeMethodAccessorImpl.java:0) (first 15 tasks are for partitions Vector(0))
[2025-03-20T13:24:57.930+0000] {subprocess.py:93} INFO - 25/03/20 13:24:57 INFO TaskSchedulerImpl: Adding task set 0.0 with 1 tasks resource profile 0
[2025-03-20T13:24:57.972+0000] {subprocess.py:93} INFO - 25/03/20 13:24:57 INFO TaskSetManager: Starting task 0.0 in stage 0.0 (TID 0) (172.18.0.6, executor 0, partition 0, PROCESS_LOCAL, 7831 bytes)
[2025-03-20T13:24:58.785+0000] {subprocess.py:93} INFO - 25/03/20 13:24:58 INFO BlockManagerInfo: Added broadcast_0_piece0 in memory on 172.18.0.6:40717 (size: 37.2 KiB, free: 366.3 MiB)
[2025-03-20T13:25:01.830+0000] {subprocess.py:93} INFO - 25/03/20 13:25:01 INFO TaskSetManager: Finished task 0.0 in stage 0.0 (TID 0) in 3872 ms on 172.18.0.6 (executor 0) (1/1)
[2025-03-20T13:25:01.836+0000] {subprocess.py:93} INFO - 25/03/20 13:25:01 INFO TaskSchedulerImpl: Removed TaskSet 0.0, whose tasks have all completed, from pool
[2025-03-20T13:25:01.846+0000] {subprocess.py:93} INFO - 25/03/20 13:25:01 INFO DAGScheduler: ResultStage 0 (parquet at NativeMethodAccessorImpl.java:0) finished in 4.119 s
[2025-03-20T13:25:01.855+0000] {subprocess.py:93} INFO - 25/03/20 13:25:01 INFO DAGScheduler: Job 0 is finished. Cancelling potential speculative or zombie tasks for this job
[2025-03-20T13:25:01.856+0000] {subprocess.py:93} INFO - 25/03/20 13:25:01 INFO TaskSchedulerImpl: Killing all running tasks in stage 0: Stage finished
[2025-03-20T13:25:01.860+0000] {subprocess.py:93} INFO - 25/03/20 13:25:01 INFO DAGScheduler: Job 0 finished: parquet at NativeMethodAccessorImpl.java:0, took 4.240950 s
[2025-03-20T13:25:02.908+0000] {subprocess.py:93} INFO - 25/03/20 13:25:02 INFO BlockManagerInfo: Removed broadcast_0_piece0 on bcc1e3430c31:41355 in memory (size: 37.2 KiB, free: 366.3 MiB)
[2025-03-20T13:25:02.923+0000] {subprocess.py:93} INFO - 25/03/20 13:25:02 INFO BlockManagerInfo: Removed broadcast_0_piece0 on 172.18.0.6:40717 in memory (size: 37.2 KiB, free: 366.3 MiB)
[2025-03-20T13:25:04.234+0000] {subprocess.py:93} INFO - 25/03/20 13:25:04 INFO FileSourceStrategy: Pushed Filters: IsNotNull(transaction_id)
[2025-03-20T13:25:04.238+0000] {subprocess.py:93} INFO - 25/03/20 13:25:04 INFO FileSourceStrategy: Post-Scan Filters: isnotnull(transaction_id#0),(from_json(StructField(amount,DoubleType,true), transaction_id#0, Some(Etc/UTC)).amount > 1000.0)
[2025-03-20T13:25:04.393+0000] {subprocess.py:93} INFO - 25/03/20 13:25:04 INFO ParquetUtils: Using default output committer for Parquet: org.apache.parquet.hadoop.ParquetOutputCommitter
[2025-03-20T13:25:04.416+0000] {subprocess.py:93} INFO - 25/03/20 13:25:04 INFO FileOutputCommitter: File Output Committer Algorithm version is 1
[2025-03-20T13:25:04.416+0000] {subprocess.py:93} INFO - 25/03/20 13:25:04 INFO FileOutputCommitter: FileOutputCommitter skip cleanup _temporary folders under output directory:false, ignore cleanup failures: false
[2025-03-20T13:25:04.417+0000] {subprocess.py:93} INFO - 25/03/20 13:25:04 INFO SQLHadoopMapReduceCommitProtocol: Using user defined output committer class org.apache.parquet.hadoop.ParquetOutputCommitter
[2025-03-20T13:25:04.418+0000] {subprocess.py:93} INFO - 25/03/20 13:25:04 INFO FileOutputCommitter: File Output Committer Algorithm version is 1
[2025-03-20T13:25:04.418+0000] {subprocess.py:93} INFO - 25/03/20 13:25:04 INFO FileOutputCommitter: FileOutputCommitter skip cleanup _temporary folders under output directory:false, ignore cleanup failures: false
[2025-03-20T13:25:04.420+0000] {subprocess.py:93} INFO - 25/03/20 13:25:04 INFO SQLHadoopMapReduceCommitProtocol: Using output committer class org.apache.parquet.hadoop.ParquetOutputCommitter
[2025-03-20T13:25:04.795+0000] {subprocess.py:93} INFO - 25/03/20 13:25:04 INFO CodeGenerator: Code generated in 252.409098 ms
[2025-03-20T13:25:04.837+0000] {subprocess.py:93} INFO - 25/03/20 13:25:04 INFO CodeGenerator: Code generated in 27.522341 ms
[2025-03-20T13:25:04.867+0000] {subprocess.py:93} INFO - 25/03/20 13:25:04 INFO MemoryStore: Block broadcast_1 stored as values in memory (estimated size 356.4 KiB, free 366.0 MiB)
[2025-03-20T13:25:04.887+0000] {subprocess.py:93} INFO - 25/03/20 13:25:04 INFO MemoryStore: Block broadcast_1_piece0 stored as bytes in memory (estimated size 35.0 KiB, free 365.9 MiB)
[2025-03-20T13:25:04.888+0000] {subprocess.py:93} INFO - 25/03/20 13:25:04 INFO BlockManagerInfo: Added broadcast_1_piece0 in memory on bcc1e3430c31:41355 (size: 35.0 KiB, free: 366.3 MiB)
[2025-03-20T13:25:04.891+0000] {subprocess.py:93} INFO - 25/03/20 13:25:04 INFO SparkContext: Created broadcast 1 from parquet at NativeMethodAccessorImpl.java:0
[2025-03-20T13:25:04.950+0000] {subprocess.py:93} INFO - 25/03/20 13:25:04 INFO FileSourceScanExec: Planning scan with bin packing, max size: 4194304 bytes, open cost is considered as scanning 4194304 bytes.
[2025-03-20T13:25:05.049+0000] {subprocess.py:93} INFO - 25/03/20 13:25:05 INFO SparkContext: Starting job: parquet at NativeMethodAccessorImpl.java:0
[2025-03-20T13:25:05.054+0000] {subprocess.py:93} INFO - 25/03/20 13:25:05 INFO DAGScheduler: Got job 1 (parquet at NativeMethodAccessorImpl.java:0) with 1 output partitions
[2025-03-20T13:25:05.055+0000] {subprocess.py:93} INFO - 25/03/20 13:25:05 INFO DAGScheduler: Final stage: ResultStage 1 (parquet at NativeMethodAccessorImpl.java:0)
[2025-03-20T13:25:05.056+0000] {subprocess.py:93} INFO - 25/03/20 13:25:05 INFO DAGScheduler: Parents of final stage: List()
[2025-03-20T13:25:05.057+0000] {subprocess.py:93} INFO - 25/03/20 13:25:05 INFO DAGScheduler: Missing parents: List()
[2025-03-20T13:25:05.058+0000] {subprocess.py:93} INFO - 25/03/20 13:25:05 INFO DAGScheduler: Submitting ResultStage 1 (MapPartitionsRDD[8] at parquet at NativeMethodAccessorImpl.java:0), which has no missing parents
[2025-03-20T13:25:05.228+0000] {subprocess.py:93} INFO - 25/03/20 13:25:05 INFO MemoryStore: Block broadcast_2 stored as values in memory (estimated size 231.4 KiB, free 365.7 MiB)
[2025-03-20T13:25:05.234+0000] {subprocess.py:93} INFO - 25/03/20 13:25:05 INFO MemoryStore: Block broadcast_2_piece0 stored as bytes in memory (estimated size 83.1 KiB, free 365.6 MiB)
[2025-03-20T13:25:05.235+0000] {subprocess.py:93} INFO - 25/03/20 13:25:05 INFO BlockManagerInfo: Added broadcast_2_piece0 in memory on bcc1e3430c31:41355 (size: 83.1 KiB, free: 366.2 MiB)
[2025-03-20T13:25:05.236+0000] {subprocess.py:93} INFO - 25/03/20 13:25:05 INFO SparkContext: Created broadcast 2 from broadcast at DAGScheduler.scala:1580
[2025-03-20T13:25:05.237+0000] {subprocess.py:93} INFO - 25/03/20 13:25:05 INFO DAGScheduler: Submitting 1 missing tasks from ResultStage 1 (MapPartitionsRDD[8] at parquet at NativeMethodAccessorImpl.java:0) (first 15 tasks are for partitions Vector(0))
[2025-03-20T13:25:05.238+0000] {subprocess.py:93} INFO - 25/03/20 13:25:05 INFO TaskSchedulerImpl: Adding task set 1.0 with 1 tasks resource profile 0
[2025-03-20T13:25:05.248+0000] {subprocess.py:93} INFO - 25/03/20 13:25:05 INFO TaskSetManager: Starting task 0.0 in stage 1.0 (TID 1) (172.18.0.6, executor 0, partition 0, ANY, 8299 bytes)
[2025-03-20T13:25:05.319+0000] {subprocess.py:93} INFO - 25/03/20 13:25:05 INFO BlockManagerInfo: Added broadcast_2_piece0 in memory on 172.18.0.6:40717 (size: 83.1 KiB, free: 366.2 MiB)
[2025-03-20T13:25:07.106+0000] {subprocess.py:93} INFO - 25/03/20 13:25:07 INFO BlockManagerInfo: Added broadcast_1_piece0 in memory on 172.18.0.6:40717 (size: 35.0 KiB, free: 366.2 MiB)
[2025-03-20T13:25:08.344+0000] {subprocess.py:93} INFO - 25/03/20 13:25:08 INFO TaskSetManager: Finished task 0.0 in stage 1.0 (TID 1) in 3101 ms on 172.18.0.6 (executor 0) (1/1)
[2025-03-20T13:25:08.345+0000] {subprocess.py:93} INFO - 25/03/20 13:25:08 INFO TaskSchedulerImpl: Removed TaskSet 1.0, whose tasks have all completed, from pool
[2025-03-20T13:25:08.346+0000] {subprocess.py:93} INFO - 25/03/20 13:25:08 INFO DAGScheduler: ResultStage 1 (parquet at NativeMethodAccessorImpl.java:0) finished in 3.279 s
[2025-03-20T13:25:08.347+0000] {subprocess.py:93} INFO - 25/03/20 13:25:08 INFO DAGScheduler: Job 1 is finished. Cancelling potential speculative or zombie tasks for this job
[2025-03-20T13:25:08.347+0000] {subprocess.py:93} INFO - 25/03/20 13:25:08 INFO TaskSchedulerImpl: Killing all running tasks in stage 1: Stage finished
[2025-03-20T13:25:08.349+0000] {subprocess.py:93} INFO - 25/03/20 13:25:08 INFO DAGScheduler: Job 1 finished: parquet at NativeMethodAccessorImpl.java:0, took 3.299804 s
[2025-03-20T13:25:08.355+0000] {subprocess.py:93} INFO - 25/03/20 13:25:08 INFO FileFormatWriter: Start to commit write Job cbcc5b65-ce66-4e4f-a017-a9e2cf2929e6.
[2025-03-20T13:25:08.486+0000] {subprocess.py:93} INFO - 25/03/20 13:25:08 INFO FileFormatWriter: Write Job cbcc5b65-ce66-4e4f-a017-a9e2cf2929e6 committed. Elapsed time: 129 ms.
[2025-03-20T13:25:08.491+0000] {subprocess.py:93} INFO - 25/03/20 13:25:08 INFO FileFormatWriter: Finished processing stats for write job cbcc5b65-ce66-4e4f-a017-a9e2cf2929e6.
[2025-03-20T13:25:08.501+0000] {subprocess.py:93} INFO - 25/03/20 13:25:08 INFO SparkContext: SparkContext is stopping with exitCode 0.
[2025-03-20T13:25:08.521+0000] {subprocess.py:93} INFO - 25/03/20 13:25:08 INFO SparkUI: Stopped Spark web UI at http://bcc1e3430c31:4040
[2025-03-20T13:25:08.531+0000] {subprocess.py:93} INFO - 25/03/20 13:25:08 INFO StandaloneSchedulerBackend: Shutting down all executors
[2025-03-20T13:25:08.533+0000] {subprocess.py:93} INFO - 25/03/20 13:25:08 INFO StandaloneSchedulerBackend$StandaloneDriverEndpoint: Asking each executor to shut down
[2025-03-20T13:25:08.572+0000] {subprocess.py:93} INFO - 25/03/20 13:25:08 INFO MapOutputTrackerMasterEndpoint: MapOutputTrackerMasterEndpoint stopped!
[2025-03-20T13:25:08.644+0000] {subprocess.py:93} INFO - 25/03/20 13:25:08 INFO MemoryStore: MemoryStore cleared
[2025-03-20T13:25:08.645+0000] {subprocess.py:93} INFO - 25/03/20 13:25:08 INFO BlockManager: BlockManager stopped
[2025-03-20T13:25:08.650+0000] {subprocess.py:93} INFO - 25/03/20 13:25:08 INFO BlockManagerMaster: BlockManagerMaster stopped
[2025-03-20T13:25:08.653+0000] {subprocess.py:93} INFO - 25/03/20 13:25:08 INFO OutputCommitCoordinator$OutputCommitCoordinatorEndpoint: OutputCommitCoordinator stopped!
[2025-03-20T13:25:08.661+0000] {subprocess.py:93} INFO - 25/03/20 13:25:08 INFO SparkContext: Successfully stopped SparkContext
[2025-03-20T13:25:08.748+0000] {subprocess.py:93} INFO - 25/03/20 13:25:08 INFO ShutdownHookManager: Shutdown hook called
[2025-03-20T13:25:08.749+0000] {subprocess.py:93} INFO - 25/03/20 13:25:08 INFO ShutdownHookManager: Deleting directory /tmp/spark-0c65a534-3374-4dec-9442-cd0040c154f1/pyspark-a22bb3ff-f956-4c6f-8e47-146442ac5f49
[2025-03-20T13:25:08.754+0000] {subprocess.py:93} INFO - 25/03/20 13:25:08 INFO ShutdownHookManager: Deleting directory /tmp/spark-310ae16a-7d80-48f1-9594-257b5811919b
[2025-03-20T13:25:08.758+0000] {subprocess.py:93} INFO - 25/03/20 13:25:08 INFO ShutdownHookManager: Deleting directory /tmp/spark-0c65a534-3374-4dec-9442-cd0040c154f1
[2025-03-20T13:25:08.819+0000] {subprocess.py:97} INFO - Command exited with return code 0
[2025-03-20T13:25:08.851+0000] {taskinstance.py:1398} INFO - Marking task as SUCCESS. dag_id=transactions_pipeline, task_id=detect_fraud, execution_date=20250320T132418, start_date=20250320T132438, end_date=20250320T132508
[2025-03-20T13:25:08.881+0000] {local_task_job_runner.py:228} INFO - Task exited with return code 0
[2025-03-20T13:25:08.899+0000] {taskinstance.py:2776} INFO - 0 downstream tasks scheduled from follow-on schedule check
