[2025-03-20T13:24:28.604+0000] {taskinstance.py:1157} INFO - Dependencies all met for dep_context=non-requeueable deps ti=<TaskInstance: transactions_pipeline.create_hive_table manual__2025-03-20T13:24:18.071357+00:00 [queued]>
[2025-03-20T13:24:28.617+0000] {taskinstance.py:1157} INFO - Dependencies all met for dep_context=requeueable deps ti=<TaskInstance: transactions_pipeline.create_hive_table manual__2025-03-20T13:24:18.071357+00:00 [queued]>
[2025-03-20T13:24:28.618+0000] {taskinstance.py:1359} INFO - Starting attempt 1 of 1
[2025-03-20T13:24:28.634+0000] {taskinstance.py:1380} INFO - Executing <Task(BashOperator): create_hive_table> on 2025-03-20 13:24:18.071357+00:00
[2025-03-20T13:24:28.644+0000] {standard_task_runner.py:57} INFO - Started process 1634 to run task
[2025-03-20T13:24:28.647+0000] {standard_task_runner.py:84} INFO - Running: ['***', 'tasks', 'run', 'transactions_pipeline', 'create_hive_table', 'manual__2025-03-20T13:24:18.071357+00:00', '--job-id', '326', '--raw', '--subdir', 'DAGS_FOLDER/fraud_detection_pipeline.py', '--cfg-path', '/tmp/tmps1tfq4aa']
[2025-03-20T13:24:28.650+0000] {standard_task_runner.py:85} INFO - Job 326: Subtask create_hive_table
[2025-03-20T13:24:28.701+0000] {task_command.py:415} INFO - Running <TaskInstance: transactions_pipeline.create_hive_table manual__2025-03-20T13:24:18.071357+00:00 [running]> on host 3938a1dd8bd9
[2025-03-20T13:24:28.819+0000] {taskinstance.py:1660} INFO - Exporting env vars: AIRFLOW_CTX_DAG_OWNER='***' AIRFLOW_CTX_DAG_ID='transactions_pipeline' AIRFLOW_CTX_TASK_ID='create_hive_table' AIRFLOW_CTX_EXECUTION_DATE='2025-03-20T13:24:18.071357+00:00' AIRFLOW_CTX_TRY_NUMBER='1' AIRFLOW_CTX_DAG_RUN_ID='manual__2025-03-20T13:24:18.071357+00:00'
[2025-03-20T13:24:28.823+0000] {subprocess.py:63} INFO - Tmp dir root location: /tmp
[2025-03-20T13:24:28.825+0000] {subprocess.py:75} INFO - Running command: ['/bin/bash', '-c', '\n    docker exec hive beeline -u "jdbc:hive2://localhost:10000" --hiveconf hive.exec.dynamic.partition.mode=nonstrict -e "\n    CREATE EXTERNAL TABLE IF NOT EXISTS transactions (\n        transaction_id STRING,\n        date_time STRING,\n        amount DOUBLE,\n        currency STRING,\n        merchant_details STRING,\n        customer_id STRING,\n        transaction_type STRING,\n        location STRING\n    )\n    PARTITIONED BY (batch_id STRING)\n    STORED AS PARQUET;\n    ALTER TABLE transactions ADD IF NOT EXISTS PARTITION (batch_id=\'batch_20250320_130944\') LOCATION \'/data/transactions/transactions_batch_20250320_130944\';"\n    ']
[2025-03-20T13:24:28.835+0000] {subprocess.py:86} INFO - Output:
[2025-03-20T13:24:30.139+0000] {subprocess.py:93} INFO - SLF4J: Class path contains multiple SLF4J bindings.
[2025-03-20T13:24:30.141+0000] {subprocess.py:93} INFO - SLF4J: Found binding in [jar:file:/opt/hive/lib/log4j-slf4j-impl-2.17.1.jar!/org/slf4j/impl/StaticLoggerBinder.class]
[2025-03-20T13:24:30.142+0000] {subprocess.py:93} INFO - SLF4J: Found binding in [jar:file:/opt/hadoop/share/hadoop/common/lib/slf4j-log4j12-1.7.25.jar!/org/slf4j/impl/StaticLoggerBinder.class]
[2025-03-20T13:24:30.143+0000] {subprocess.py:93} INFO - SLF4J: See http://www.slf4j.org/codes.html#multiple_bindings for an explanation.
[2025-03-20T13:24:30.274+0000] {subprocess.py:93} INFO - SLF4J: Actual binding is of type [org.apache.logging.slf4j.Log4jLoggerFactory]
[2025-03-20T13:24:31.620+0000] {subprocess.py:93} INFO - Connecting to jdbc:hive2://localhost:10000
[2025-03-20T13:24:31.918+0000] {subprocess.py:93} INFO - Connected to: Apache Hive (version 3.1.3)
[2025-03-20T13:24:31.919+0000] {subprocess.py:93} INFO - Driver: Hive JDBC (version 3.1.3)
[2025-03-20T13:24:31.920+0000] {subprocess.py:93} INFO - Transaction isolation: TRANSACTION_REPEATABLE_READ
[2025-03-20T13:24:32.147+0000] {subprocess.py:93} INFO - INFO  : Compiling command(queryId=root_20250320132431_15ee437e-ff56-4b87-ac13-fa128a0d9d4c): CREATE EXTERNAL TABLE IF NOT EXISTS transactions (
[2025-03-20T13:24:32.148+0000] {subprocess.py:93} INFO -         transaction_id STRING,
[2025-03-20T13:24:32.149+0000] {subprocess.py:93} INFO -         date_time STRING,
[2025-03-20T13:24:32.150+0000] {subprocess.py:93} INFO -         amount DOUBLE,
[2025-03-20T13:24:32.151+0000] {subprocess.py:93} INFO -         currency STRING,
[2025-03-20T13:24:32.151+0000] {subprocess.py:93} INFO -         merchant_details STRING,
[2025-03-20T13:24:32.152+0000] {subprocess.py:93} INFO -         customer_id STRING,
[2025-03-20T13:24:32.152+0000] {subprocess.py:93} INFO -         transaction_type STRING,
[2025-03-20T13:24:32.153+0000] {subprocess.py:93} INFO -         location STRING
[2025-03-20T13:24:32.154+0000] {subprocess.py:93} INFO -     )
[2025-03-20T13:24:32.156+0000] {subprocess.py:93} INFO -     PARTITIONED BY (batch_id STRING)
[2025-03-20T13:24:32.157+0000] {subprocess.py:93} INFO -     STORED AS PARQUET
[2025-03-20T13:24:32.158+0000] {subprocess.py:93} INFO - INFO  : Concurrency mode is disabled, not creating a lock manager
[2025-03-20T13:24:32.159+0000] {subprocess.py:93} INFO - INFO  : Semantic Analysis Completed (retrial = false)
[2025-03-20T13:24:32.159+0000] {subprocess.py:93} INFO - INFO  : Returning Hive schema: Schema(fieldSchemas:null, properties:null)
[2025-03-20T13:24:32.160+0000] {subprocess.py:93} INFO - INFO  : Completed compiling command(queryId=root_20250320132431_15ee437e-ff56-4b87-ac13-fa128a0d9d4c); Time taken: 0.008 seconds
[2025-03-20T13:24:32.160+0000] {subprocess.py:93} INFO - INFO  : Concurrency mode is disabled, not creating a lock manager
[2025-03-20T13:24:32.160+0000] {subprocess.py:93} INFO - INFO  : Executing command(queryId=root_20250320132431_15ee437e-ff56-4b87-ac13-fa128a0d9d4c): CREATE EXTERNAL TABLE IF NOT EXISTS transactions (
[2025-03-20T13:24:32.161+0000] {subprocess.py:93} INFO -         transaction_id STRING,
[2025-03-20T13:24:32.161+0000] {subprocess.py:93} INFO -         date_time STRING,
[2025-03-20T13:24:32.162+0000] {subprocess.py:93} INFO -         amount DOUBLE,
[2025-03-20T13:24:32.162+0000] {subprocess.py:93} INFO -         currency STRING,
[2025-03-20T13:24:32.163+0000] {subprocess.py:93} INFO -         merchant_details STRING,
[2025-03-20T13:24:32.163+0000] {subprocess.py:93} INFO -         customer_id STRING,
[2025-03-20T13:24:32.164+0000] {subprocess.py:93} INFO -         transaction_type STRING,
[2025-03-20T13:24:32.164+0000] {subprocess.py:93} INFO -         location STRING
[2025-03-20T13:24:32.165+0000] {subprocess.py:93} INFO -     )
[2025-03-20T13:24:32.165+0000] {subprocess.py:93} INFO -     PARTITIONED BY (batch_id STRING)
[2025-03-20T13:24:32.165+0000] {subprocess.py:93} INFO -     STORED AS PARQUET
[2025-03-20T13:24:32.166+0000] {subprocess.py:93} INFO - INFO  : Starting task [Stage-0:DDL] in serial mode
[2025-03-20T13:24:32.166+0000] {subprocess.py:93} INFO - INFO  : Completed executing command(queryId=root_20250320132431_15ee437e-ff56-4b87-ac13-fa128a0d9d4c); Time taken: 0.112 seconds
[2025-03-20T13:24:32.166+0000] {subprocess.py:93} INFO - INFO  : OK
[2025-03-20T13:24:32.167+0000] {subprocess.py:93} INFO - INFO  : Concurrency mode is disabled, not creating a lock manager
[2025-03-20T13:24:32.168+0000] {subprocess.py:93} INFO - No rows affected (0.215 seconds)
[2025-03-20T13:24:32.449+0000] {subprocess.py:93} INFO - INFO  : Compiling command(queryId=root_20250320132432_2661f3b5-83e9-4f0d-a3c4-5cf515717336): ALTER TABLE transactions ADD IF NOT EXISTS PARTITION (batch_id='batch_20250320_130944') LOCATION '/data/transactions/transactions_batch_20250320_130944'
[2025-03-20T13:24:32.450+0000] {subprocess.py:93} INFO - INFO  : Concurrency mode is disabled, not creating a lock manager
[2025-03-20T13:24:32.451+0000] {subprocess.py:93} INFO - INFO  : Semantic Analysis Completed (retrial = false)
[2025-03-20T13:24:32.451+0000] {subprocess.py:93} INFO - INFO  : Returning Hive schema: Schema(fieldSchemas:null, properties:null)
[2025-03-20T13:24:32.452+0000] {subprocess.py:93} INFO - INFO  : Completed compiling command(queryId=root_20250320132432_2661f3b5-83e9-4f0d-a3c4-5cf515717336); Time taken: 0.171 seconds
[2025-03-20T13:24:32.452+0000] {subprocess.py:93} INFO - INFO  : Concurrency mode is disabled, not creating a lock manager
[2025-03-20T13:24:32.453+0000] {subprocess.py:93} INFO - INFO  : Executing command(queryId=root_20250320132432_2661f3b5-83e9-4f0d-a3c4-5cf515717336): ALTER TABLE transactions ADD IF NOT EXISTS PARTITION (batch_id='batch_20250320_130944') LOCATION '/data/transactions/transactions_batch_20250320_130944'
[2025-03-20T13:24:32.455+0000] {subprocess.py:93} INFO - INFO  : Starting task [Stage-0:DDL] in serial mode
[2025-03-20T13:24:32.456+0000] {subprocess.py:93} INFO - INFO  : Completed executing command(queryId=root_20250320132432_2661f3b5-83e9-4f0d-a3c4-5cf515717336); Time taken: 0.098 seconds
[2025-03-20T13:24:32.456+0000] {subprocess.py:93} INFO - INFO  : OK
[2025-03-20T13:24:32.457+0000] {subprocess.py:93} INFO - INFO  : Concurrency mode is disabled, not creating a lock manager
[2025-03-20T13:24:32.457+0000] {subprocess.py:93} INFO - No rows affected (0.282 seconds)
[2025-03-20T13:24:32.458+0000] {subprocess.py:93} INFO - Beeline version 3.1.3 by Apache Hive
[2025-03-20T13:24:32.462+0000] {subprocess.py:93} INFO - Closing: 0: jdbc:hive2://localhost:10000
[2025-03-20T13:24:32.504+0000] {subprocess.py:97} INFO - Command exited with return code 0
[2025-03-20T13:24:32.542+0000] {taskinstance.py:1398} INFO - Marking task as SUCCESS. dag_id=transactions_pipeline, task_id=create_hive_table, execution_date=20250320T132418, start_date=20250320T132428, end_date=20250320T132432
[2025-03-20T13:24:32.605+0000] {local_task_job_runner.py:228} INFO - Task exited with return code 0
[2025-03-20T13:24:32.643+0000] {taskinstance.py:2776} INFO - 1 downstream tasks scheduled from follow-on schedule check
