[2025-03-19T19:59:13.207+0000] {taskinstance.py:1157} INFO - Dependencies all met for dep_context=non-requeueable deps ti=<TaskInstance: transactions_pipeline.create_hive_table manual__2025-03-19T19:58:56.070162+00:00 [queued]>
[2025-03-19T19:59:13.219+0000] {taskinstance.py:1157} INFO - Dependencies all met for dep_context=requeueable deps ti=<TaskInstance: transactions_pipeline.create_hive_table manual__2025-03-19T19:58:56.070162+00:00 [queued]>
[2025-03-19T19:59:13.220+0000] {taskinstance.py:1359} INFO - Starting attempt 1 of 1
[2025-03-19T19:59:13.242+0000] {taskinstance.py:1380} INFO - Executing <Task(BashOperator): create_hive_table> on 2025-03-19 19:58:56.070162+00:00
[2025-03-19T19:59:13.250+0000] {standard_task_runner.py:57} INFO - Started process 218 to run task
[2025-03-19T19:59:13.254+0000] {standard_task_runner.py:84} INFO - Running: ['***', 'tasks', 'run', 'transactions_pipeline', 'create_hive_table', 'manual__2025-03-19T19:58:56.070162+00:00', '--job-id', '151', '--raw', '--subdir', 'DAGS_FOLDER/fraud_detection_pipeline.py', '--cfg-path', '/tmp/tmp76ojllgo']
[2025-03-19T19:59:13.260+0000] {standard_task_runner.py:85} INFO - Job 151: Subtask create_hive_table
[2025-03-19T19:59:13.337+0000] {task_command.py:415} INFO - Running <TaskInstance: transactions_pipeline.create_hive_table manual__2025-03-19T19:58:56.070162+00:00 [running]> on host 0e4ef2b1f1f9
[2025-03-19T19:59:13.425+0000] {logging_mixin.py:151} WARNING - /home/***/.local/lib/python3.8/site-packages/***/utils/context.py:206 AirflowContextDeprecationWarning: Accessing 'execution_date' from the template is deprecated and will be removed in a future version. Please use 'data_interval_start' or 'logical_date' instead.
[2025-03-19T19:59:13.496+0000] {taskinstance.py:1660} INFO - Exporting env vars: AIRFLOW_CTX_DAG_OWNER='***' AIRFLOW_CTX_DAG_ID='transactions_pipeline' AIRFLOW_CTX_TASK_ID='create_hive_table' AIRFLOW_CTX_EXECUTION_DATE='2025-03-19T19:58:56.070162+00:00' AIRFLOW_CTX_TRY_NUMBER='1' AIRFLOW_CTX_DAG_RUN_ID='manual__2025-03-19T19:58:56.070162+00:00'
[2025-03-19T19:59:13.498+0000] {subprocess.py:63} INFO - Tmp dir root location: /tmp
[2025-03-19T19:59:13.500+0000] {subprocess.py:75} INFO - Running command: ['/bin/bash', '-c', '\n    docker exec hive beeline -u "jdbc:hive2://localhost:10000" --hiveconf hive.exec.dynamic.partition.mode=nonstrict -e "\n    CREATE EXTERNAL TABLE IF NOT EXISTS transactions (\n        transaction_id STRING,\n        date_time STRING,\n        amount DOUBLE,\n        currency STRING,\n        merchant_details STRING,\n        customer_id STRING,\n        transaction_type STRING,\n        location STRING\n    )\n    PARTITIONED BY (batch_id STRING)\n    STORED AS PARQUET\n    LOCATION \'/data/transactions/transactions_batch_0\';\n    ALTER TABLE transactions ADD IF NOT EXISTS PARTITION (batch_id=\'batch_20250319_195856\') LOCATION \'/data/transactions/transactions_batch_0\';"\n    ']
[2025-03-19T19:59:13.517+0000] {subprocess.py:86} INFO - Output:
[2025-03-19T19:59:15.528+0000] {subprocess.py:93} INFO - SLF4J: Class path contains multiple SLF4J bindings.
[2025-03-19T19:59:15.529+0000] {subprocess.py:93} INFO - SLF4J: Found binding in [jar:file:/opt/hive/lib/log4j-slf4j-impl-2.17.1.jar!/org/slf4j/impl/StaticLoggerBinder.class]
[2025-03-19T19:59:15.530+0000] {subprocess.py:93} INFO - SLF4J: Found binding in [jar:file:/opt/hadoop/share/hadoop/common/lib/slf4j-log4j12-1.7.25.jar!/org/slf4j/impl/StaticLoggerBinder.class]
[2025-03-19T19:59:15.532+0000] {subprocess.py:93} INFO - SLF4J: See http://www.slf4j.org/codes.html#multiple_bindings for an explanation.
[2025-03-19T19:59:15.768+0000] {subprocess.py:93} INFO - SLF4J: Actual binding is of type [org.apache.logging.slf4j.Log4jLoggerFactory]
[2025-03-19T19:59:15.350+0000] {subprocess.py:93} INFO - Connecting to jdbc:hive2://localhost:10000
[2025-03-19T19:59:15.883+0000] {subprocess.py:93} INFO - Connected to: Apache Hive (version 3.1.3)
[2025-03-19T19:59:15.884+0000] {subprocess.py:93} INFO - Driver: Hive JDBC (version 3.1.3)
[2025-03-19T19:59:15.885+0000] {subprocess.py:93} INFO - Transaction isolation: TRANSACTION_REPEATABLE_READ
[2025-03-19T19:59:18.417+0000] {subprocess.py:93} INFO - INFO  : Compiling command(queryId=root_20250319195915_ca362e19-dcb5-4489-a571-d4e9b0e57b8b): CREATE EXTERNAL TABLE IF NOT EXISTS transactions (
[2025-03-19T19:59:18.418+0000] {subprocess.py:93} INFO -         transaction_id STRING,
[2025-03-19T19:59:18.419+0000] {subprocess.py:93} INFO -         date_time STRING,
[2025-03-19T19:59:18.419+0000] {subprocess.py:93} INFO -         amount DOUBLE,
[2025-03-19T19:59:18.420+0000] {subprocess.py:93} INFO -         currency STRING,
[2025-03-19T19:59:18.420+0000] {subprocess.py:93} INFO -         merchant_details STRING,
[2025-03-19T19:59:18.421+0000] {subprocess.py:93} INFO -         customer_id STRING,
[2025-03-19T19:59:18.421+0000] {subprocess.py:93} INFO -         transaction_type STRING,
[2025-03-19T19:59:18.422+0000] {subprocess.py:93} INFO -         location STRING
[2025-03-19T19:59:18.423+0000] {subprocess.py:93} INFO -     )
[2025-03-19T19:59:18.424+0000] {subprocess.py:93} INFO -     PARTITIONED BY (batch_id STRING)
[2025-03-19T19:59:18.425+0000] {subprocess.py:93} INFO -     STORED AS PARQUET
[2025-03-19T19:59:18.426+0000] {subprocess.py:93} INFO -     LOCATION '/data/transactions/transactions_batch_0'
[2025-03-19T19:59:18.427+0000] {subprocess.py:93} INFO - INFO  : Concurrency mode is disabled, not creating a lock manager
[2025-03-19T19:59:18.427+0000] {subprocess.py:93} INFO - INFO  : Semantic Analysis Completed (retrial = false)
[2025-03-19T19:59:18.428+0000] {subprocess.py:93} INFO - INFO  : Returning Hive schema: Schema(fieldSchemas:null, properties:null)
[2025-03-19T19:59:18.429+0000] {subprocess.py:93} INFO - INFO  : Completed compiling command(queryId=root_20250319195915_ca362e19-dcb5-4489-a571-d4e9b0e57b8b); Time taken: 1.661 seconds
[2025-03-19T19:59:18.429+0000] {subprocess.py:93} INFO - INFO  : Concurrency mode is disabled, not creating a lock manager
[2025-03-19T19:59:18.430+0000] {subprocess.py:93} INFO - INFO  : Executing command(queryId=root_20250319195915_ca362e19-dcb5-4489-a571-d4e9b0e57b8b): CREATE EXTERNAL TABLE IF NOT EXISTS transactions (
[2025-03-19T19:59:18.430+0000] {subprocess.py:93} INFO -         transaction_id STRING,
[2025-03-19T19:59:18.430+0000] {subprocess.py:93} INFO -         date_time STRING,
[2025-03-19T19:59:18.431+0000] {subprocess.py:93} INFO -         amount DOUBLE,
[2025-03-19T19:59:18.431+0000] {subprocess.py:93} INFO -         currency STRING,
[2025-03-19T19:59:18.432+0000] {subprocess.py:93} INFO -         merchant_details STRING,
[2025-03-19T19:59:18.432+0000] {subprocess.py:93} INFO -         customer_id STRING,
[2025-03-19T19:59:18.433+0000] {subprocess.py:93} INFO -         transaction_type STRING,
[2025-03-19T19:59:18.433+0000] {subprocess.py:93} INFO -         location STRING
[2025-03-19T19:59:18.434+0000] {subprocess.py:93} INFO -     )
[2025-03-19T19:59:18.434+0000] {subprocess.py:93} INFO -     PARTITIONED BY (batch_id STRING)
[2025-03-19T19:59:18.435+0000] {subprocess.py:93} INFO -     STORED AS PARQUET
[2025-03-19T19:59:18.435+0000] {subprocess.py:93} INFO -     LOCATION '/data/transactions/transactions_batch_0'
[2025-03-19T19:59:18.435+0000] {subprocess.py:93} INFO - INFO  : Starting task [Stage-0:DDL] in serial mode
[2025-03-19T19:59:18.436+0000] {subprocess.py:93} INFO - INFO  : Completed executing command(queryId=root_20250319195915_ca362e19-dcb5-4489-a571-d4e9b0e57b8b); Time taken: 0.508 seconds
[2025-03-19T19:59:18.436+0000] {subprocess.py:93} INFO - INFO  : OK
[2025-03-19T19:59:18.436+0000] {subprocess.py:93} INFO - INFO  : Concurrency mode is disabled, not creating a lock manager
[2025-03-19T19:59:18.437+0000] {subprocess.py:93} INFO - No rows affected (2.478 seconds)
[2025-03-19T19:59:18.970+0000] {subprocess.py:93} INFO - INFO  : Compiling command(queryId=root_20250319195918_a58f6012-20bf-46b4-9901-fdea972b11b2): ALTER TABLE transactions ADD IF NOT EXISTS PARTITION (batch_id='batch_20250319_195856') LOCATION '/data/transactions/transactions_batch_0'
[2025-03-19T19:59:18.971+0000] {subprocess.py:93} INFO - INFO  : Concurrency mode is disabled, not creating a lock manager
[2025-03-19T19:59:18.972+0000] {subprocess.py:93} INFO - INFO  : Semantic Analysis Completed (retrial = false)
[2025-03-19T19:59:18.973+0000] {subprocess.py:93} INFO - INFO  : Returning Hive schema: Schema(fieldSchemas:null, properties:null)
[2025-03-19T19:59:18.974+0000] {subprocess.py:93} INFO - INFO  : Completed compiling command(queryId=root_20250319195918_a58f6012-20bf-46b4-9901-fdea972b11b2); Time taken: 0.299 seconds
[2025-03-19T19:59:18.974+0000] {subprocess.py:93} INFO - INFO  : Concurrency mode is disabled, not creating a lock manager
[2025-03-19T19:59:18.975+0000] {subprocess.py:93} INFO - INFO  : Executing command(queryId=root_20250319195918_a58f6012-20bf-46b4-9901-fdea972b11b2): ALTER TABLE transactions ADD IF NOT EXISTS PARTITION (batch_id='batch_20250319_195856') LOCATION '/data/transactions/transactions_batch_0'
[2025-03-19T19:59:18.975+0000] {subprocess.py:93} INFO - INFO  : Starting task [Stage-0:DDL] in serial mode
[2025-03-19T19:59:18.976+0000] {subprocess.py:93} INFO - INFO  : Completed executing command(queryId=root_20250319195918_a58f6012-20bf-46b4-9901-fdea972b11b2); Time taken: 0.192 seconds
[2025-03-19T19:59:18.976+0000] {subprocess.py:93} INFO - INFO  : OK
[2025-03-19T19:59:18.977+0000] {subprocess.py:93} INFO - INFO  : Concurrency mode is disabled, not creating a lock manager
[2025-03-19T19:59:18.978+0000] {subprocess.py:93} INFO - No rows affected (0.517 seconds)
[2025-03-19T19:59:18.978+0000] {subprocess.py:93} INFO - Beeline version 3.1.3 by Apache Hive
[2025-03-19T19:59:18.985+0000] {subprocess.py:93} INFO - Closing: 0: jdbc:hive2://localhost:10000
[2025-03-19T19:59:19.102+0000] {subprocess.py:97} INFO - Command exited with return code 0
[2025-03-19T19:59:19.144+0000] {taskinstance.py:1398} INFO - Marking task as SUCCESS. dag_id=transactions_pipeline, task_id=create_hive_table, execution_date=20250319T195856, start_date=20250319T195913, end_date=20250319T195919
[2025-03-19T19:59:19.206+0000] {local_task_job_runner.py:228} INFO - Task exited with return code 0
[2025-03-19T19:59:19.236+0000] {taskinstance.py:2776} INFO - 1 downstream tasks scheduled from follow-on schedule check
