[2025-03-21T00:30:42.161+0000] {taskinstance.py:1157} INFO - Dependencies all met for dep_context=non-requeueable deps ti=<TaskInstance: transactions_pipeline.create_hive_table scheduled__2025-03-20T23:40:32.992418+00:00 [queued]>
[2025-03-21T00:30:42.172+0000] {taskinstance.py:1157} INFO - Dependencies all met for dep_context=requeueable deps ti=<TaskInstance: transactions_pipeline.create_hive_table scheduled__2025-03-20T23:40:32.992418+00:00 [queued]>
[2025-03-21T00:30:42.173+0000] {taskinstance.py:1359} INFO - Starting attempt 1 of 2
[2025-03-21T00:30:42.190+0000] {taskinstance.py:1380} INFO - Executing <Task(BashOperator): create_hive_table> on 2025-03-20 23:40:32.992418+00:00
[2025-03-21T00:30:42.198+0000] {standard_task_runner.py:57} INFO - Started process 977 to run task
[2025-03-21T00:30:42.200+0000] {standard_task_runner.py:84} INFO - Running: ['***', 'tasks', 'run', 'transactions_pipeline', 'create_hive_table', 'scheduled__2025-03-20T23:40:32.992418+00:00', '--job-id', '438', '--raw', '--subdir', 'DAGS_FOLDER/fraud_detection_pipeline.py', '--cfg-path', '/tmp/tmp1g0cl30z']
[2025-03-21T00:30:42.203+0000] {standard_task_runner.py:85} INFO - Job 438: Subtask create_hive_table
[2025-03-21T00:30:42.261+0000] {task_command.py:415} INFO - Running <TaskInstance: transactions_pipeline.create_hive_table scheduled__2025-03-20T23:40:32.992418+00:00 [running]> on host 6688e233cb20
[2025-03-21T00:30:42.385+0000] {taskinstance.py:1660} INFO - Exporting env vars: AIRFLOW_CTX_DAG_EMAIL='rabiizahnoune7@gmail.com' AIRFLOW_CTX_DAG_OWNER='***' AIRFLOW_CTX_DAG_ID='transactions_pipeline' AIRFLOW_CTX_TASK_ID='create_hive_table' AIRFLOW_CTX_EXECUTION_DATE='2025-03-20T23:40:32.992418+00:00' AIRFLOW_CTX_TRY_NUMBER='1' AIRFLOW_CTX_DAG_RUN_ID='scheduled__2025-03-20T23:40:32.992418+00:00'
[2025-03-21T00:30:42.388+0000] {subprocess.py:63} INFO - Tmp dir root location: /tmp
[2025-03-21T00:30:42.391+0000] {subprocess.py:75} INFO - Running command: ['/bin/bash', '-c', '\n        docker exec hive beeline -u "jdbc:hive2://localhost:10000" --hiveconf hive.exec.dynamic.partition.mode=nonstrict -e "\n        CREATE EXTERNAL TABLE IF NOT EXISTS transactions (\n            transaction_id STRING,\n            date_time STRING,\n            amount DOUBLE,\n            currency STRING,\n            merchant_details STRING,\n            customer_id STRING,\n            transaction_type STRING,\n            location STRING\n        )\n        PARTITIONED BY (batch_id STRING)\n        STORED AS PARQUET;\n        ALTER TABLE transactions ADD IF NOT EXISTS PARTITION (batch_id=\'batch_20250320_144447\') LOCATION \'/data/transactions/transactions_batch_20250320_144447\';"\n        ']
[2025-03-21T00:30:42.409+0000] {subprocess.py:86} INFO - Output:
[2025-03-21T00:30:43.496+0000] {subprocess.py:93} INFO - SLF4J: Class path contains multiple SLF4J bindings.
[2025-03-21T00:30:43.497+0000] {subprocess.py:93} INFO - SLF4J: Found binding in [jar:file:/opt/hive/lib/log4j-slf4j-impl-2.17.1.jar!/org/slf4j/impl/StaticLoggerBinder.class]
[2025-03-21T00:30:43.498+0000] {subprocess.py:93} INFO - SLF4J: Found binding in [jar:file:/opt/hadoop/share/hadoop/common/lib/slf4j-log4j12-1.7.25.jar!/org/slf4j/impl/StaticLoggerBinder.class]
[2025-03-21T00:30:43.499+0000] {subprocess.py:93} INFO - SLF4J: See http://www.slf4j.org/codes.html#multiple_bindings for an explanation.
[2025-03-21T00:30:43.622+0000] {subprocess.py:93} INFO - SLF4J: Actual binding is of type [org.apache.logging.slf4j.Log4jLoggerFactory]
[2025-03-21T00:30:44.756+0000] {subprocess.py:93} INFO - Connecting to jdbc:hive2://localhost:10000
[2025-03-21T00:30:45.230+0000] {subprocess.py:93} INFO - Connected to: Apache Hive (version 3.1.3)
[2025-03-21T00:30:45.231+0000] {subprocess.py:93} INFO - Driver: Hive JDBC (version 3.1.3)
[2025-03-21T00:30:45.231+0000] {subprocess.py:93} INFO - Transaction isolation: TRANSACTION_REPEATABLE_READ
[2025-03-21T00:30:45.330+0000] {subprocess.py:93} INFO - INFO  : Compiling command(queryId=root_20250321003045_8833ed45-3415-4fdc-a152-704823d63ebd): CREATE EXTERNAL TABLE IF NOT EXISTS transactions (
[2025-03-21T00:30:45.331+0000] {subprocess.py:93} INFO -             transaction_id STRING,
[2025-03-21T00:30:45.332+0000] {subprocess.py:93} INFO -             date_time STRING,
[2025-03-21T00:30:45.333+0000] {subprocess.py:93} INFO -             amount DOUBLE,
[2025-03-21T00:30:45.334+0000] {subprocess.py:93} INFO -             currency STRING,
[2025-03-21T00:30:45.335+0000] {subprocess.py:93} INFO -             merchant_details STRING,
[2025-03-21T00:30:45.336+0000] {subprocess.py:93} INFO -             customer_id STRING,
[2025-03-21T00:30:45.337+0000] {subprocess.py:93} INFO -             transaction_type STRING,
[2025-03-21T00:30:45.338+0000] {subprocess.py:93} INFO -             location STRING
[2025-03-21T00:30:45.338+0000] {subprocess.py:93} INFO -         )
[2025-03-21T00:30:45.339+0000] {subprocess.py:93} INFO -         PARTITIONED BY (batch_id STRING)
[2025-03-21T00:30:45.340+0000] {subprocess.py:93} INFO -         STORED AS PARQUET
[2025-03-21T00:30:45.340+0000] {subprocess.py:93} INFO - INFO  : Concurrency mode is disabled, not creating a lock manager
[2025-03-21T00:30:45.341+0000] {subprocess.py:93} INFO - INFO  : Semantic Analysis Completed (retrial = false)
[2025-03-21T00:30:45.342+0000] {subprocess.py:93} INFO - INFO  : Returning Hive schema: Schema(fieldSchemas:null, properties:null)
[2025-03-21T00:30:45.342+0000] {subprocess.py:93} INFO - INFO  : Completed compiling command(queryId=root_20250321003045_8833ed45-3415-4fdc-a152-704823d63ebd); Time taken: 0.03 seconds
[2025-03-21T00:30:45.343+0000] {subprocess.py:93} INFO - INFO  : Concurrency mode is disabled, not creating a lock manager
[2025-03-21T00:30:45.343+0000] {subprocess.py:93} INFO - INFO  : Executing command(queryId=root_20250321003045_8833ed45-3415-4fdc-a152-704823d63ebd): CREATE EXTERNAL TABLE IF NOT EXISTS transactions (
[2025-03-21T00:30:45.344+0000] {subprocess.py:93} INFO -             transaction_id STRING,
[2025-03-21T00:30:45.345+0000] {subprocess.py:93} INFO -             date_time STRING,
[2025-03-21T00:30:45.345+0000] {subprocess.py:93} INFO -             amount DOUBLE,
[2025-03-21T00:30:45.346+0000] {subprocess.py:93} INFO -             currency STRING,
[2025-03-21T00:30:45.346+0000] {subprocess.py:93} INFO -             merchant_details STRING,
[2025-03-21T00:30:45.347+0000] {subprocess.py:93} INFO -             customer_id STRING,
[2025-03-21T00:30:45.347+0000] {subprocess.py:93} INFO -             transaction_type STRING,
[2025-03-21T00:30:45.348+0000] {subprocess.py:93} INFO -             location STRING
[2025-03-21T00:30:45.349+0000] {subprocess.py:93} INFO -         )
[2025-03-21T00:30:45.349+0000] {subprocess.py:93} INFO -         PARTITIONED BY (batch_id STRING)
[2025-03-21T00:30:45.350+0000] {subprocess.py:93} INFO -         STORED AS PARQUET
[2025-03-21T00:30:45.350+0000] {subprocess.py:93} INFO - INFO  : Completed executing command(queryId=root_20250321003045_8833ed45-3415-4fdc-a152-704823d63ebd); Time taken: 0.002 seconds
[2025-03-21T00:30:45.351+0000] {subprocess.py:93} INFO - INFO  : OK
[2025-03-21T00:30:45.351+0000] {subprocess.py:93} INFO - INFO  : Concurrency mode is disabled, not creating a lock manager
[2025-03-21T00:30:45.352+0000] {subprocess.py:93} INFO - No rows affected (0.094 seconds)
[2025-03-21T00:30:45.465+0000] {subprocess.py:93} INFO - INFO  : Compiling command(queryId=root_20250321003045_b15ba91c-8d27-4def-a3aa-b0a5e1226eef): ALTER TABLE transactions ADD IF NOT EXISTS PARTITION (batch_id='batch_20250320_144447') LOCATION '/data/transactions/transactions_batch_20250320_144447'
[2025-03-21T00:30:45.466+0000] {subprocess.py:93} INFO - INFO  : Concurrency mode is disabled, not creating a lock manager
[2025-03-21T00:30:45.467+0000] {subprocess.py:93} INFO - INFO  : Semantic Analysis Completed (retrial = false)
[2025-03-21T00:30:45.467+0000] {subprocess.py:93} INFO - INFO  : Returning Hive schema: Schema(fieldSchemas:null, properties:null)
[2025-03-21T00:30:45.468+0000] {subprocess.py:93} INFO - INFO  : Completed compiling command(queryId=root_20250321003045_b15ba91c-8d27-4def-a3aa-b0a5e1226eef); Time taken: 0.02 seconds
[2025-03-21T00:30:45.469+0000] {subprocess.py:93} INFO - INFO  : Concurrency mode is disabled, not creating a lock manager
[2025-03-21T00:30:45.470+0000] {subprocess.py:93} INFO - INFO  : Executing command(queryId=root_20250321003045_b15ba91c-8d27-4def-a3aa-b0a5e1226eef): ALTER TABLE transactions ADD IF NOT EXISTS PARTITION (batch_id='batch_20250320_144447') LOCATION '/data/transactions/transactions_batch_20250320_144447'
[2025-03-21T00:30:45.471+0000] {subprocess.py:93} INFO - INFO  : Starting task [Stage-0:DDL] in serial mode
[2025-03-21T00:30:45.471+0000] {subprocess.py:93} INFO - INFO  : Completed executing command(queryId=root_20250321003045_b15ba91c-8d27-4def-a3aa-b0a5e1226eef); Time taken: 0.073 seconds
[2025-03-21T00:30:45.472+0000] {subprocess.py:93} INFO - INFO  : OK
[2025-03-21T00:30:45.473+0000] {subprocess.py:93} INFO - INFO  : Concurrency mode is disabled, not creating a lock manager
[2025-03-21T00:30:45.474+0000] {subprocess.py:93} INFO - No rows affected (0.115 seconds)
[2025-03-21T00:30:45.474+0000] {subprocess.py:93} INFO - Beeline version 3.1.3 by Apache Hive
[2025-03-21T00:30:45.477+0000] {subprocess.py:93} INFO - Closing: 0: jdbc:hive2://localhost:10000
[2025-03-21T00:30:45.516+0000] {subprocess.py:97} INFO - Command exited with return code 0
[2025-03-21T00:30:45.545+0000] {taskinstance.py:1398} INFO - Marking task as SUCCESS. dag_id=transactions_pipeline, task_id=create_hive_table, execution_date=20250320T234032, start_date=20250321T003042, end_date=20250321T003045
[2025-03-21T00:30:45.589+0000] {local_task_job_runner.py:228} INFO - Task exited with return code 0
[2025-03-21T00:30:45.619+0000] {taskinstance.py:2776} INFO - 1 downstream tasks scheduled from follow-on schedule check
