[2025-03-19T19:43:16.568+0000] {taskinstance.py:1157} INFO - Dependencies all met for dep_context=non-requeueable deps ti=<TaskInstance: transactions_pipeline.detect_fraud manual__2025-03-19T19:43:00.710383+00:00 [queued]>
[2025-03-19T19:43:16.582+0000] {taskinstance.py:1157} INFO - Dependencies all met for dep_context=requeueable deps ti=<TaskInstance: transactions_pipeline.detect_fraud manual__2025-03-19T19:43:00.710383+00:00 [queued]>
[2025-03-19T19:43:16.583+0000] {taskinstance.py:1359} INFO - Starting attempt 1 of 1
[2025-03-19T19:43:16.605+0000] {taskinstance.py:1380} INFO - Executing <Task(BashOperator): detect_fraud> on 2025-03-19 19:43:00.710383+00:00
[2025-03-19T19:43:16.614+0000] {standard_task_runner.py:57} INFO - Started process 2524 to run task
[2025-03-19T19:43:16.617+0000] {standard_task_runner.py:84} INFO - Running: ['***', 'tasks', 'run', 'transactions_pipeline', 'detect_fraud', 'manual__2025-03-19T19:43:00.710383+00:00', '--job-id', '135', '--raw', '--subdir', 'DAGS_FOLDER/fraud_detection_pipeline.py', '--cfg-path', '/tmp/tmpku3l_2tj']
[2025-03-19T19:43:16.621+0000] {standard_task_runner.py:85} INFO - Job 135: Subtask detect_fraud
[2025-03-19T19:43:16.692+0000] {task_command.py:415} INFO - Running <TaskInstance: transactions_pipeline.detect_fraud manual__2025-03-19T19:43:00.710383+00:00 [running]> on host 347688f31140
[2025-03-19T19:43:16.767+0000] {logging_mixin.py:151} WARNING - /home/***/.local/lib/python3.8/site-packages/***/utils/context.py:206 AirflowContextDeprecationWarning: Accessing 'execution_date' from the template is deprecated and will be removed in a future version. Please use 'data_interval_start' or 'logical_date' instead.
[2025-03-19T19:43:16.841+0000] {taskinstance.py:1660} INFO - Exporting env vars: AIRFLOW_CTX_DAG_OWNER='***' AIRFLOW_CTX_DAG_ID='transactions_pipeline' AIRFLOW_CTX_TASK_ID='detect_fraud' AIRFLOW_CTX_EXECUTION_DATE='2025-03-19T19:43:00.710383+00:00' AIRFLOW_CTX_TRY_NUMBER='1' AIRFLOW_CTX_DAG_RUN_ID='manual__2025-03-19T19:43:00.710383+00:00'
[2025-03-19T19:43:16.845+0000] {subprocess.py:63} INFO - Tmp dir root location: /tmp
[2025-03-19T19:43:16.848+0000] {subprocess.py:75} INFO - Running command: ['/bin/bash', '-c', '\n    docker exec hive beeline -u "jdbc:hive2://localhost:10000" -e "\n    CREATE TABLE IF NOT EXISTS fraud_detections (\n        transaction_id STRING,\n        date_time STRING,\n        amount DOUBLE,\n        customer_id STRING,\n        location STRING,\n        fraud_reason STRING\n    )\n    STORED AS PARQUET\n    LOCATION \'/data/fraud_detections\';\n    INSERT INTO TABLE fraud_detections\n    SELECT\n        t.transaction_id,\n        t.date_time,\n        t.amount,\n        t.customer_id,\n        t.location,\n        CASE\n            WHEN t.amount > 1000 THEN \'High Amount\'\n            WHEN t.location NOT IN (\'City1\', \'City2\', \'City3\') THEN \'Unusual Location\'\n            WHEN t.merchant_details LIKE \'%fraud%\' THEN \'Suspicious Merchant\'\n        END AS fraud_reason\n    FROM transactions t\n    WHERE t.batch_id = \'batch_0\'\n    AND (\n        t.amount > 1000\n        OR t.location NOT IN (\'City1\', \'City2\', \'City3\')\n        OR t.merchant_details LIKE \'%fraud%\'\n    );"\n    ']
[2025-03-19T19:43:16.878+0000] {subprocess.py:86} INFO - Output:
[2025-03-19T19:43:18.167+0000] {subprocess.py:93} INFO - SLF4J: Class path contains multiple SLF4J bindings.
[2025-03-19T19:43:18.168+0000] {subprocess.py:93} INFO - SLF4J: Found binding in [jar:file:/opt/hive/lib/log4j-slf4j-impl-2.17.1.jar!/org/slf4j/impl/StaticLoggerBinder.class]
[2025-03-19T19:43:18.169+0000] {subprocess.py:93} INFO - SLF4J: Found binding in [jar:file:/opt/hadoop/share/hadoop/common/lib/slf4j-log4j12-1.7.25.jar!/org/slf4j/impl/StaticLoggerBinder.class]
[2025-03-19T19:43:18.169+0000] {subprocess.py:93} INFO - SLF4J: See http://www.slf4j.org/codes.html#multiple_bindings for an explanation.
[2025-03-19T19:43:18.408+0000] {subprocess.py:93} INFO - SLF4J: Actual binding is of type [org.apache.logging.slf4j.Log4jLoggerFactory]
[2025-03-19T19:43:19.611+0000] {subprocess.py:93} INFO - Connecting to jdbc:hive2://localhost:10000
[2025-03-19T19:43:19.886+0000] {subprocess.py:93} INFO - Connected to: Apache Hive (version 3.1.3)
[2025-03-19T19:43:19.887+0000] {subprocess.py:93} INFO - Driver: Hive JDBC (version 3.1.3)
[2025-03-19T19:43:19.889+0000] {subprocess.py:93} INFO - Transaction isolation: TRANSACTION_REPEATABLE_READ
[2025-03-19T19:43:20.006+0000] {subprocess.py:93} INFO - INFO  : Compiling command(queryId=root_20250319194319_0765c18c-1e51-4bd2-b0c2-00c0738896bc): CREATE TABLE IF NOT EXISTS fraud_detections (
[2025-03-19T19:43:20.007+0000] {subprocess.py:93} INFO -         transaction_id STRING,
[2025-03-19T19:43:20.007+0000] {subprocess.py:93} INFO -         date_time STRING,
[2025-03-19T19:43:20.008+0000] {subprocess.py:93} INFO -         amount DOUBLE,
[2025-03-19T19:43:20.009+0000] {subprocess.py:93} INFO -         customer_id STRING,
[2025-03-19T19:43:20.009+0000] {subprocess.py:93} INFO -         location STRING,
[2025-03-19T19:43:20.010+0000] {subprocess.py:93} INFO -         fraud_reason STRING
[2025-03-19T19:43:20.011+0000] {subprocess.py:93} INFO -     )
[2025-03-19T19:43:20.011+0000] {subprocess.py:93} INFO -     STORED AS PARQUET
[2025-03-19T19:43:20.012+0000] {subprocess.py:93} INFO -     LOCATION '/data/fraud_detections'
[2025-03-19T19:43:20.012+0000] {subprocess.py:93} INFO - INFO  : Concurrency mode is disabled, not creating a lock manager
[2025-03-19T19:43:20.012+0000] {subprocess.py:93} INFO - INFO  : Semantic Analysis Completed (retrial = false)
[2025-03-19T19:43:20.013+0000] {subprocess.py:93} INFO - INFO  : Returning Hive schema: Schema(fieldSchemas:null, properties:null)
[2025-03-19T19:43:20.014+0000] {subprocess.py:93} INFO - INFO  : Completed compiling command(queryId=root_20250319194319_0765c18c-1e51-4bd2-b0c2-00c0738896bc); Time taken: 0.004 seconds
[2025-03-19T19:43:20.015+0000] {subprocess.py:93} INFO - INFO  : Concurrency mode is disabled, not creating a lock manager
[2025-03-19T19:43:20.015+0000] {subprocess.py:93} INFO - INFO  : Executing command(queryId=root_20250319194319_0765c18c-1e51-4bd2-b0c2-00c0738896bc): CREATE TABLE IF NOT EXISTS fraud_detections (
[2025-03-19T19:43:20.016+0000] {subprocess.py:93} INFO -         transaction_id STRING,
[2025-03-19T19:43:20.017+0000] {subprocess.py:93} INFO -         date_time STRING,
[2025-03-19T19:43:20.017+0000] {subprocess.py:93} INFO -         amount DOUBLE,
[2025-03-19T19:43:20.018+0000] {subprocess.py:93} INFO -         customer_id STRING,
[2025-03-19T19:43:20.018+0000] {subprocess.py:93} INFO -         location STRING,
[2025-03-19T19:43:20.019+0000] {subprocess.py:93} INFO -         fraud_reason STRING
[2025-03-19T19:43:20.020+0000] {subprocess.py:93} INFO -     )
[2025-03-19T19:43:20.020+0000] {subprocess.py:93} INFO -     STORED AS PARQUET
[2025-03-19T19:43:20.021+0000] {subprocess.py:93} INFO -     LOCATION '/data/fraud_detections'
[2025-03-19T19:43:20.021+0000] {subprocess.py:93} INFO - INFO  : Starting task [Stage-0:DDL] in serial mode
[2025-03-19T19:43:20.022+0000] {subprocess.py:93} INFO - INFO  : Completed executing command(queryId=root_20250319194319_0765c18c-1e51-4bd2-b0c2-00c0738896bc); Time taken: 0.041 seconds
[2025-03-19T19:43:20.022+0000] {subprocess.py:93} INFO - INFO  : OK
[2025-03-19T19:43:20.023+0000] {subprocess.py:93} INFO - INFO  : Concurrency mode is disabled, not creating a lock manager
[2025-03-19T19:43:20.023+0000] {subprocess.py:93} INFO - No rows affected (0.102 seconds)
[2025-03-19T19:43:22.061+0000] {subprocess.py:93} INFO - INFO  : Compiling command(queryId=root_20250319194320_57dda3ae-527a-4e4f-a86f-577ec644bb1f): INSERT INTO TABLE fraud_detections
[2025-03-19T19:43:22.062+0000] {subprocess.py:93} INFO -     SELECT
[2025-03-19T19:43:22.063+0000] {subprocess.py:93} INFO -         t.transaction_id,
[2025-03-19T19:43:22.064+0000] {subprocess.py:93} INFO -         t.date_time,
[2025-03-19T19:43:22.064+0000] {subprocess.py:93} INFO -         t.amount,
[2025-03-19T19:43:22.065+0000] {subprocess.py:93} INFO -         t.customer_id,
[2025-03-19T19:43:22.065+0000] {subprocess.py:93} INFO -         t.location,
[2025-03-19T19:43:22.065+0000] {subprocess.py:93} INFO -         CASE
[2025-03-19T19:43:22.066+0000] {subprocess.py:93} INFO -             WHEN t.amount > 1000 THEN 'High Amount'
[2025-03-19T19:43:22.066+0000] {subprocess.py:93} INFO -             WHEN t.location NOT IN ('City1', 'City2', 'City3') THEN 'Unusual Location'
[2025-03-19T19:43:22.067+0000] {subprocess.py:93} INFO -             WHEN t.merchant_details LIKE '%fraud%' THEN 'Suspicious Merchant'
[2025-03-19T19:43:22.067+0000] {subprocess.py:93} INFO -         END AS fraud_reason
[2025-03-19T19:43:22.067+0000] {subprocess.py:93} INFO -     FROM transactions t
[2025-03-19T19:43:22.067+0000] {subprocess.py:93} INFO -     WHERE t.batch_id = 'batch_0'
[2025-03-19T19:43:22.068+0000] {subprocess.py:93} INFO -     AND (
[2025-03-19T19:43:22.068+0000] {subprocess.py:93} INFO -         t.amount > 1000
[2025-03-19T19:43:22.069+0000] {subprocess.py:93} INFO -         OR t.location NOT IN ('City1', 'City2', 'City3')
[2025-03-19T19:43:22.069+0000] {subprocess.py:93} INFO -         OR t.merchant_details LIKE '%fraud%'
[2025-03-19T19:43:22.070+0000] {subprocess.py:93} INFO -     )
[2025-03-19T19:43:22.071+0000] {subprocess.py:93} INFO - INFO  : Concurrency mode is disabled, not creating a lock manager
[2025-03-19T19:43:22.072+0000] {subprocess.py:93} INFO - INFO  : Semantic Analysis Completed (retrial = false)
[2025-03-19T19:43:22.072+0000] {subprocess.py:93} INFO - INFO  : Returning Hive schema: Schema(fieldSchemas:[FieldSchema(name:t.transaction_id, type:string, comment:null), FieldSchema(name:t.date_time, type:string, comment:null), FieldSchema(name:t.amount, type:double, comment:null), FieldSchema(name:t.customer_id, type:string, comment:null), FieldSchema(name:t.location, type:string, comment:null), FieldSchema(name:fraud_reason, type:string, comment:null)], properties:null)
[2025-03-19T19:43:22.073+0000] {subprocess.py:93} INFO - INFO  : Completed compiling command(queryId=root_20250319194320_57dda3ae-527a-4e4f-a86f-577ec644bb1f); Time taken: 0.481 seconds
[2025-03-19T19:43:22.073+0000] {subprocess.py:93} INFO - INFO  : Concurrency mode is disabled, not creating a lock manager
[2025-03-19T19:43:22.074+0000] {subprocess.py:93} INFO - INFO  : Executing command(queryId=root_20250319194320_57dda3ae-527a-4e4f-a86f-577ec644bb1f): INSERT INTO TABLE fraud_detections
[2025-03-19T19:43:22.074+0000] {subprocess.py:93} INFO -     SELECT
[2025-03-19T19:43:22.074+0000] {subprocess.py:93} INFO -         t.transaction_id,
[2025-03-19T19:43:22.075+0000] {subprocess.py:93} INFO -         t.date_time,
[2025-03-19T19:43:22.075+0000] {subprocess.py:93} INFO -         t.amount,
[2025-03-19T19:43:22.076+0000] {subprocess.py:93} INFO -         t.customer_id,
[2025-03-19T19:43:22.076+0000] {subprocess.py:93} INFO -         t.location,
[2025-03-19T19:43:22.077+0000] {subprocess.py:93} INFO -         CASE
[2025-03-19T19:43:22.077+0000] {subprocess.py:93} INFO -             WHEN t.amount > 1000 THEN 'High Amount'
[2025-03-19T19:43:22.078+0000] {subprocess.py:93} INFO -             WHEN t.location NOT IN ('City1', 'City2', 'City3') THEN 'Unusual Location'
[2025-03-19T19:43:22.078+0000] {subprocess.py:93} INFO -             WHEN t.merchant_details LIKE '%fraud%' THEN 'Suspicious Merchant'
[2025-03-19T19:43:22.078+0000] {subprocess.py:93} INFO -         END AS fraud_reason
[2025-03-19T19:43:22.079+0000] {subprocess.py:93} INFO -     FROM transactions t
[2025-03-19T19:43:22.079+0000] {subprocess.py:93} INFO -     WHERE t.batch_id = 'batch_0'
[2025-03-19T19:43:22.079+0000] {subprocess.py:93} INFO -     AND (
[2025-03-19T19:43:22.080+0000] {subprocess.py:93} INFO -         t.amount > 1000
[2025-03-19T19:43:22.080+0000] {subprocess.py:93} INFO -         OR t.location NOT IN ('City1', 'City2', 'City3')
[2025-03-19T19:43:22.080+0000] {subprocess.py:93} INFO -         OR t.merchant_details LIKE '%fraud%'
[2025-03-19T19:43:22.081+0000] {subprocess.py:93} INFO -     )
[2025-03-19T19:43:22.081+0000] {subprocess.py:93} INFO - WARN  : Hive-on-MR is deprecated in Hive 2 and may not be available in the future versions. Consider using a different execution engine (i.e. spark, tez) or using Hive 1.X releases.
[2025-03-19T19:43:22.081+0000] {subprocess.py:93} INFO - INFO  : Query ID = root_20250319194320_57dda3ae-527a-4e4f-a86f-577ec644bb1f
[2025-03-19T19:43:22.082+0000] {subprocess.py:93} INFO - INFO  : Total jobs = 3
[2025-03-19T19:43:22.082+0000] {subprocess.py:93} INFO - INFO  : Launching Job 1 out of 3
[2025-03-19T19:43:22.083+0000] {subprocess.py:93} INFO - INFO  : Starting task [Stage-1:MAPRED] in serial mode
[2025-03-19T19:43:22.083+0000] {subprocess.py:93} INFO - INFO  : Number of reduce tasks determined at compile time: 1
[2025-03-19T19:43:22.083+0000] {subprocess.py:93} INFO - INFO  : In order to change the average load for a reducer (in bytes):
[2025-03-19T19:43:22.083+0000] {subprocess.py:93} INFO - INFO  :   set hive.exec.reducers.bytes.per.reducer=<number>
[2025-03-19T19:43:22.084+0000] {subprocess.py:93} INFO - INFO  : In order to limit the maximum number of reducers:
[2025-03-19T19:43:22.084+0000] {subprocess.py:93} INFO - INFO  :   set hive.exec.reducers.max=<number>
[2025-03-19T19:43:22.084+0000] {subprocess.py:93} INFO - INFO  : In order to set a constant number of reducers:
[2025-03-19T19:43:22.085+0000] {subprocess.py:93} INFO - INFO  :   set mapreduce.job.reduces=<number>
[2025-03-19T19:43:22.085+0000] {subprocess.py:93} INFO - INFO  : number of splits:1
[2025-03-19T19:43:22.085+0000] {subprocess.py:93} INFO - INFO  : Submitting tokens for job: job_local804697250_0006
[2025-03-19T19:43:22.086+0000] {subprocess.py:93} INFO - INFO  : Executing with tokens: []
[2025-03-19T19:43:22.086+0000] {subprocess.py:93} INFO - INFO  : The url to track the job: http://localhost:8080/
[2025-03-19T19:43:22.086+0000] {subprocess.py:93} INFO - INFO  : Job running in-process (local Hadoop)
[2025-03-19T19:43:22.367+0000] {subprocess.py:93} INFO - INFO  : 2025-03-19 19:43:22,333 Stage-1 map = 0%,  reduce = 0%
[2025-03-19T19:43:22.368+0000] {subprocess.py:93} INFO - ERROR : Ended Job = job_local804697250_0006 with errors
[2025-03-19T19:43:22.369+0000] {subprocess.py:93} INFO - ERROR : FAILED: Execution Error, return code 2 from org.apache.hadoop.hive.ql.exec.mr.MapRedTask
[2025-03-19T19:43:22.370+0000] {subprocess.py:93} INFO - INFO  : MapReduce Jobs Launched:
[2025-03-19T19:43:22.371+0000] {subprocess.py:93} INFO - INFO  : Stage-Stage-1:  HDFS Read: 0 HDFS Write: 0 FAIL
[2025-03-19T19:43:22.371+0000] {subprocess.py:93} INFO - INFO  : Total MapReduce CPU Time Spent: 0 msec
[2025-03-19T19:43:22.372+0000] {subprocess.py:93} INFO - INFO  : Completed executing command(queryId=root_20250319194320_57dda3ae-527a-4e4f-a86f-577ec644bb1f); Time taken: 1.844 seconds
[2025-03-19T19:43:22.373+0000] {subprocess.py:93} INFO - INFO  : Concurrency mode is disabled, not creating a lock manager
[2025-03-19T19:43:22.382+0000] {subprocess.py:93} INFO - Error: Error while processing statement: FAILED: Execution Error, return code 2 from org.apache.hadoop.hive.ql.exec.mr.MapRedTask (state=08S01,code=2)
[2025-03-19T19:43:22.393+0000] {subprocess.py:93} INFO - Closing: 0: jdbc:hive2://localhost:10000
[2025-03-19T19:43:22.460+0000] {subprocess.py:97} INFO - Command exited with return code 1
[2025-03-19T19:43:22.476+0000] {taskinstance.py:1935} ERROR - Task failed with exception
Traceback (most recent call last):
  File "/home/airflow/.local/lib/python3.8/site-packages/airflow/operators/bash.py", line 210, in execute
    raise AirflowException(
airflow.exceptions.AirflowException: Bash command failed. The command returned a non-zero exit code 1.
[2025-03-19T19:43:22.481+0000] {taskinstance.py:1398} INFO - Marking task as FAILED. dag_id=transactions_pipeline, task_id=detect_fraud, execution_date=20250319T194300, start_date=20250319T194316, end_date=20250319T194322
[2025-03-19T19:43:22.500+0000] {standard_task_runner.py:104} ERROR - Failed to execute job 135 for task detect_fraud (Bash command failed. The command returned a non-zero exit code 1.; 2524)
[2025-03-19T19:43:22.527+0000] {local_task_job_runner.py:228} INFO - Task exited with return code 1
[2025-03-19T19:43:22.548+0000] {taskinstance.py:2776} INFO - 0 downstream tasks scheduled from follow-on schedule check
