[2025-03-21T13:50:04.963+0000] {taskinstance.py:1157} INFO - Dependencies all met for dep_context=non-requeueable deps ti=<TaskInstance: transactions_pipeline.detect_fraud_batch_20250321_131546 scheduled__2025-03-21T13:42:39.231672+00:00 [queued]>
[2025-03-21T13:50:04.997+0000] {taskinstance.py:1157} INFO - Dependencies all met for dep_context=requeueable deps ti=<TaskInstance: transactions_pipeline.detect_fraud_batch_20250321_131546 scheduled__2025-03-21T13:42:39.231672+00:00 [queued]>
[2025-03-21T13:50:05.000+0000] {taskinstance.py:1359} INFO - Starting attempt 1 of 1
[2025-03-21T13:50:05.102+0000] {taskinstance.py:1380} INFO - Executing <Task(BashOperator): detect_fraud_batch_20250321_131546> on 2025-03-21 13:42:39.231672+00:00
[2025-03-21T13:50:05.148+0000] {standard_task_runner.py:57} INFO - Started process 926 to run task
[2025-03-21T13:50:05.165+0000] {standard_task_runner.py:84} INFO - Running: ['***', 'tasks', 'run', 'transactions_pipeline', 'detect_fraud_batch_20250321_131546', 'scheduled__2025-03-21T13:42:39.231672+00:00', '--job-id', '722', '--raw', '--subdir', 'DAGS_FOLDER/fraud_detection_pipeline.py', '--cfg-path', '/tmp/tmpffoa3eus']
[2025-03-21T13:50:05.197+0000] {standard_task_runner.py:85} INFO - Job 722: Subtask detect_fraud_batch_20250321_131546
[2025-03-21T13:50:05.498+0000] {task_command.py:415} INFO - Running <TaskInstance: transactions_pipeline.detect_fraud_batch_20250321_131546 scheduled__2025-03-21T13:42:39.231672+00:00 [running]> on host e95638583d4d
[2025-03-21T13:50:05.886+0000] {taskinstance.py:1660} INFO - Exporting env vars: AIRFLOW_CTX_DAG_EMAIL='rabiizahnoune7@gmail.com' AIRFLOW_CTX_DAG_OWNER='***' AIRFLOW_CTX_DAG_ID='transactions_pipeline' AIRFLOW_CTX_TASK_ID='detect_fraud_batch_20250321_131546' AIRFLOW_CTX_EXECUTION_DATE='2025-03-21T13:42:39.231672+00:00' AIRFLOW_CTX_TRY_NUMBER='1' AIRFLOW_CTX_DAG_RUN_ID='scheduled__2025-03-21T13:42:39.231672+00:00'
[2025-03-21T13:50:05.890+0000] {subprocess.py:63} INFO - Tmp dir root location: /tmp
[2025-03-21T13:50:05.894+0000] {subprocess.py:75} INFO - Running command: ['/bin/bash', '-c', '\n            docker exec hive spark-submit --master spark://localhost:7077 /hive/scripts/detect_fraud.py "batch_20250321_131546"\n            ']
[2025-03-21T13:50:05.961+0000] {subprocess.py:86} INFO - Output:
[2025-03-21T13:50:39.520+0000] {subprocess.py:93} INFO - 25/03/21 13:50:39 INFO SparkContext: Running Spark version 3.5.0
[2025-03-21T13:50:39.604+0000] {subprocess.py:93} INFO - 25/03/21 13:50:39 INFO SparkContext: OS info Linux, 5.15.167.4-microsoft-standard-WSL2, amd64
[2025-03-21T13:50:39.614+0000] {subprocess.py:93} INFO - 25/03/21 13:50:39 INFO SparkContext: Java version 1.8.0_342
[2025-03-21T13:50:42.130+0000] {subprocess.py:93} INFO - 25/03/21 13:50:42 WARN NativeCodeLoader: Unable to load native-hadoop library for your platform... using builtin-java classes where applicable
[2025-03-21T13:50:43.817+0000] {subprocess.py:93} INFO - 25/03/21 13:50:43 INFO ResourceUtils: ==============================================================
[2025-03-21T13:50:43.819+0000] {subprocess.py:93} INFO - 25/03/21 13:50:43 INFO ResourceUtils: No custom resources configured for spark.driver.
[2025-03-21T13:50:43.822+0000] {subprocess.py:93} INFO - 25/03/21 13:50:43 INFO ResourceUtils: ==============================================================
[2025-03-21T13:50:43.825+0000] {subprocess.py:93} INFO - 25/03/21 13:50:43 INFO SparkContext: Submitted application: FraudDetection
[2025-03-21T13:50:45.009+0000] {subprocess.py:93} INFO - 25/03/21 13:50:45 INFO ResourceProfile: Default ResourceProfile created, executor resources: Map(memory -> name: memory, amount: 1024, script: , vendor: , offHeap -> name: offHeap, amount: 0, script: , vendor: ), task resources: Map(cpus -> name: cpus, amount: 1.0)
[2025-03-21T13:50:45.919+0000] {subprocess.py:93} INFO - 25/03/21 13:50:45 INFO ResourceProfile: Limiting resource is cpu
[2025-03-21T13:50:45.919+0000] {subprocess.py:93} INFO - 25/03/21 13:50:45 INFO ResourceProfileManager: Added ResourceProfile id: 0
[2025-03-21T13:50:46.820+0000] {subprocess.py:93} INFO - 25/03/21 13:50:46 INFO SecurityManager: Changing view acls to: root
[2025-03-21T13:50:46.821+0000] {subprocess.py:93} INFO - 25/03/21 13:50:46 INFO SecurityManager: Changing modify acls to: root
[2025-03-21T13:50:46.822+0000] {subprocess.py:93} INFO - 25/03/21 13:50:46 INFO SecurityManager: Changing view acls groups to:
[2025-03-21T13:50:47.008+0000] {subprocess.py:93} INFO - 25/03/21 13:50:47 INFO SecurityManager: Changing modify acls groups to:
[2025-03-21T13:50:47.017+0000] {subprocess.py:93} INFO - 25/03/21 13:50:47 INFO SecurityManager: SecurityManager: authentication disabled; ui acls disabled; users with view permissions: root; groups with view permissions: EMPTY; users with modify permissions: root; groups with modify permissions: EMPTY
[2025-03-21T13:50:52.420+0000] {subprocess.py:93} INFO - 25/03/21 13:50:52 INFO Utils: Successfully started service 'sparkDriver' on port 44909.
[2025-03-21T13:50:53.316+0000] {subprocess.py:93} INFO - 25/03/21 13:50:53 INFO SparkEnv: Registering MapOutputTracker
[2025-03-21T13:50:54.317+0000] {subprocess.py:93} INFO - 25/03/21 13:50:54 INFO SparkEnv: Registering BlockManagerMaster
[2025-03-21T13:50:54.706+0000] {subprocess.py:93} INFO - 25/03/21 13:50:54 INFO BlockManagerMasterEndpoint: Using org.apache.spark.storage.DefaultTopologyMapper for getting topology information
[2025-03-21T13:50:54.710+0000] {subprocess.py:93} INFO - 25/03/21 13:50:54 INFO BlockManagerMasterEndpoint: BlockManagerMasterEndpoint up
[2025-03-21T13:50:54.713+0000] {subprocess.py:93} INFO - 25/03/21 13:50:54 INFO SparkEnv: Registering BlockManagerMasterHeartbeat
[2025-03-21T13:50:57.096+0000] {subprocess.py:93} INFO - 25/03/21 13:50:57 INFO DiskBlockManager: Created local directory at /tmp/blockmgr-2bef4605-484c-41ab-b5b9-b8f3c611074f
[2025-03-21T13:50:57.416+0000] {subprocess.py:93} INFO - 25/03/21 13:50:57 INFO MemoryStore: MemoryStore started with capacity 366.3 MiB
[2025-03-21T13:50:58.522+0000] {subprocess.py:93} INFO - 25/03/21 13:50:58 INFO SparkEnv: Registering OutputCommitCoordinator
[2025-03-21T13:51:02.602+0000] {subprocess.py:93} INFO - 25/03/21 13:51:02 INFO JettyUtils: Start Jetty 0.0.0.0:4040 for SparkUI
[2025-03-21T13:51:04.706+0000] {subprocess.py:93} INFO - 25/03/21 13:51:04 WARN Utils: Service 'SparkUI' could not bind on port 4040. Attempting port 4041.
[2025-03-21T13:51:04.795+0000] {subprocess.py:93} INFO - 25/03/21 13:51:04 WARN Utils: Service 'SparkUI' could not bind on port 4041. Attempting port 4042.
[2025-03-21T13:51:04.801+0000] {subprocess.py:93} INFO - 25/03/21 13:51:04 WARN Utils: Service 'SparkUI' could not bind on port 4042. Attempting port 4043.
[2025-03-21T13:51:04.803+0000] {subprocess.py:93} INFO - 25/03/21 13:51:04 WARN Utils: Service 'SparkUI' could not bind on port 4043. Attempting port 4044.
[2025-03-21T13:51:04.805+0000] {subprocess.py:93} INFO - 25/03/21 13:51:04 WARN Utils: Service 'SparkUI' could not bind on port 4044. Attempting port 4045.
[2025-03-21T13:51:04.916+0000] {subprocess.py:93} INFO - 25/03/21 13:51:04 INFO Utils: Successfully started service 'SparkUI' on port 4045.
[2025-03-21T13:51:07.353+0000] {subprocess.py:93} INFO - 25/03/21 13:51:07 INFO StandaloneAppClient$ClientEndpoint: Connecting to master spark://localhost:7077...
[2025-03-21T13:51:09.573+0000] {subprocess.py:93} INFO - 25/03/21 13:51:09 INFO TransportClientFactory: Successfully created connection to localhost/127.0.0.1:7077 after 1102 ms (0 ms spent in bootstraps)
[2025-03-21T13:51:11.858+0000] {subprocess.py:93} INFO - 25/03/21 13:51:11 INFO StandaloneSchedulerBackend: Connected to Spark cluster with app ID app-20250321135111-0005
[2025-03-21T13:51:12.247+0000] {subprocess.py:93} INFO - 25/03/21 13:51:12 INFO Utils: Successfully started service 'org.apache.spark.network.netty.NettyBlockTransferService' on port 36475.
[2025-03-21T13:51:12.248+0000] {subprocess.py:93} INFO - 25/03/21 13:51:12 INFO NettyBlockTransferService: Server created on e0b25feeb0e2:36475
[2025-03-21T13:51:12.250+0000] {subprocess.py:93} INFO - 25/03/21 13:51:12 INFO BlockManager: Using org.apache.spark.storage.RandomBlockReplicationPolicy for block replication policy
[2025-03-21T13:51:12.443+0000] {subprocess.py:93} INFO - 25/03/21 13:51:12 INFO BlockManagerMaster: Registering BlockManager BlockManagerId(driver, e0b25feeb0e2, 36475, None)
[2025-03-21T13:51:12.458+0000] {subprocess.py:93} INFO - 25/03/21 13:51:12 INFO BlockManagerMasterEndpoint: Registering block manager e0b25feeb0e2:36475 with 366.3 MiB RAM, BlockManagerId(driver, e0b25feeb0e2, 36475, None)
[2025-03-21T13:51:12.469+0000] {subprocess.py:93} INFO - 25/03/21 13:51:12 INFO BlockManagerMaster: Registered BlockManager BlockManagerId(driver, e0b25feeb0e2, 36475, None)
[2025-03-21T13:51:12.473+0000] {subprocess.py:93} INFO - 25/03/21 13:51:12 INFO BlockManager: Initialized BlockManager: BlockManagerId(driver, e0b25feeb0e2, 36475, None)
[2025-03-21T13:51:22.167+0000] {subprocess.py:93} INFO - 25/03/21 13:51:22 INFO StandaloneSchedulerBackend: SchedulerBackend is ready for scheduling beginning after reached minRegisteredResourcesRatio: 0.0
[2025-03-21T13:51:28.849+0000] {subprocess.py:93} INFO - Spark version: 3.5.0
[2025-03-21T13:51:29.766+0000] {subprocess.py:93} INFO - 25/03/21 13:51:29 INFO SharedState: Setting hive.metastore.warehouse.dir ('null') to the value of spark.sql.warehouse.dir.
[2025-03-21T13:51:36.206+0000] {subprocess.py:93} INFO - 25/03/21 13:51:36 INFO SharedState: Warehouse path is 'hdfs://localhost:9000/data/warehouse'.
[2025-03-21T13:51:55.693+0000] {subprocess.py:93} INFO - 25/03/21 13:51:55 INFO InMemoryFileIndex: It took 1878 ms to list leaf files for 1 paths.
[2025-03-21T13:52:05.849+0000] {subprocess.py:93} INFO - 25/03/21 13:52:05 INFO SparkContext: Starting job: parquet at NativeMethodAccessorImpl.java:0
[2025-03-21T13:52:06.361+0000] {subprocess.py:93} INFO - 25/03/21 13:52:06 INFO DAGScheduler: Got job 0 (parquet at NativeMethodAccessorImpl.java:0) with 1 output partitions
[2025-03-21T13:52:06.363+0000] {subprocess.py:93} INFO - 25/03/21 13:52:06 INFO DAGScheduler: Final stage: ResultStage 0 (parquet at NativeMethodAccessorImpl.java:0)
[2025-03-21T13:52:06.364+0000] {subprocess.py:93} INFO - 25/03/21 13:52:06 INFO DAGScheduler: Parents of final stage: List()
[2025-03-21T13:52:06.442+0000] {subprocess.py:93} INFO - 25/03/21 13:52:06 INFO DAGScheduler: Missing parents: List()
[2025-03-21T13:52:06.664+0000] {subprocess.py:93} INFO - 25/03/21 13:52:06 INFO DAGScheduler: Submitting ResultStage 0 (MapPartitionsRDD[1] at parquet at NativeMethodAccessorImpl.java:0), which has no missing parents
[2025-03-21T13:52:07.953+0000] {subprocess.py:93} INFO - 25/03/21 13:52:07 INFO MemoryStore: Block broadcast_0 stored as values in memory (estimated size 103.3 KiB, free 366.2 MiB)
[2025-03-21T13:52:08.368+0000] {subprocess.py:93} INFO - 25/03/21 13:52:08 INFO MemoryStore: Block broadcast_0_piece0 stored as bytes in memory (estimated size 37.2 KiB, free 366.2 MiB)
[2025-03-21T13:52:08.442+0000] {subprocess.py:93} INFO - 25/03/21 13:52:08 INFO BlockManagerInfo: Added broadcast_0_piece0 in memory on e0b25feeb0e2:36475 (size: 37.2 KiB, free: 366.3 MiB)
[2025-03-21T13:52:08.462+0000] {subprocess.py:93} INFO - 25/03/21 13:52:08 INFO SparkContext: Created broadcast 0 from broadcast at DAGScheduler.scala:1580
[2025-03-21T13:52:08.642+0000] {subprocess.py:93} INFO - 25/03/21 13:52:08 INFO DAGScheduler: Submitting 1 missing tasks from ResultStage 0 (MapPartitionsRDD[1] at parquet at NativeMethodAccessorImpl.java:0) (first 15 tasks are for partitions Vector(0))
[2025-03-21T13:52:08.644+0000] {subprocess.py:93} INFO - 25/03/21 13:52:08 INFO TaskSchedulerImpl: Adding task set 0.0 with 1 tasks resource profile 0
[2025-03-21T13:52:23.746+0000] {subprocess.py:93} INFO - 25/03/21 13:52:23 WARN TaskSchedulerImpl: Initial job has not accepted any resources; check your cluster UI to ensure that workers are registered and have sufficient resources
[2025-03-21T13:52:38.743+0000] {subprocess.py:93} INFO - 25/03/21 13:52:38 WARN TaskSchedulerImpl: Initial job has not accepted any resources; check your cluster UI to ensure that workers are registered and have sufficient resources
[2025-03-21T13:52:53.827+0000] {subprocess.py:93} INFO - 25/03/21 13:52:53 WARN TaskSchedulerImpl: Initial job has not accepted any resources; check your cluster UI to ensure that workers are registered and have sufficient resources
[2025-03-21T13:53:08.744+0000] {subprocess.py:93} INFO - 25/03/21 13:53:08 WARN TaskSchedulerImpl: Initial job has not accepted any resources; check your cluster UI to ensure that workers are registered and have sufficient resources
[2025-03-21T13:53:23.752+0000] {subprocess.py:93} INFO - 25/03/21 13:53:23 WARN TaskSchedulerImpl: Initial job has not accepted any resources; check your cluster UI to ensure that workers are registered and have sufficient resources
[2025-03-21T13:53:38.807+0000] {subprocess.py:93} INFO - 25/03/21 13:53:38 WARN TaskSchedulerImpl: Initial job has not accepted any resources; check your cluster UI to ensure that workers are registered and have sufficient resources
[2025-03-21T13:53:53.745+0000] {subprocess.py:93} INFO - 25/03/21 13:53:53 WARN TaskSchedulerImpl: Initial job has not accepted any resources; check your cluster UI to ensure that workers are registered and have sufficient resources
[2025-03-21T13:54:08.816+0000] {subprocess.py:93} INFO - 25/03/21 13:54:08 WARN TaskSchedulerImpl: Initial job has not accepted any resources; check your cluster UI to ensure that workers are registered and have sufficient resources
[2025-03-21T13:54:23.759+0000] {subprocess.py:93} INFO - 25/03/21 13:54:23 WARN TaskSchedulerImpl: Initial job has not accepted any resources; check your cluster UI to ensure that workers are registered and have sufficient resources
[2025-03-21T13:54:38.766+0000] {subprocess.py:93} INFO - 25/03/21 13:54:38 WARN TaskSchedulerImpl: Initial job has not accepted any resources; check your cluster UI to ensure that workers are registered and have sufficient resources
[2025-03-21T13:54:53.788+0000] {subprocess.py:93} INFO - 25/03/21 13:54:53 WARN TaskSchedulerImpl: Initial job has not accepted any resources; check your cluster UI to ensure that workers are registered and have sufficient resources
[2025-03-21T13:55:08.819+0000] {subprocess.py:93} INFO - 25/03/21 13:55:08 WARN TaskSchedulerImpl: Initial job has not accepted any resources; check your cluster UI to ensure that workers are registered and have sufficient resources
[2025-03-21T13:55:23.764+0000] {subprocess.py:93} INFO - 25/03/21 13:55:23 WARN TaskSchedulerImpl: Initial job has not accepted any resources; check your cluster UI to ensure that workers are registered and have sufficient resources
[2025-03-21T13:55:25.163+0000] {subprocess.py:93} INFO - 25/03/21 13:55:25 INFO StandaloneAppClient$ClientEndpoint: Executor added: app-20250321135111-0005/0 on worker-20250321134653-172.18.0.2-40107 (172.18.0.2:40107) with 2 core(s)
[2025-03-21T13:55:25.176+0000] {subprocess.py:93} INFO - 25/03/21 13:55:25 INFO StandaloneSchedulerBackend: Granted executor ID app-20250321135111-0005/0 on hostPort 172.18.0.2:40107 with 2 core(s), 1024.0 MiB RAM
[2025-03-21T13:55:27.068+0000] {subprocess.py:93} INFO - 25/03/21 13:55:27 INFO StandaloneAppClient$ClientEndpoint: Executor updated: app-20250321135111-0005/0 is now RUNNING
[2025-03-21T13:55:35.396+0000] {subprocess.py:93} INFO - 25/03/21 13:55:35 INFO StandaloneSchedulerBackend$StandaloneDriverEndpoint: Registered executor NettyRpcEndpointRef(spark-client://Executor) (172.18.0.2:45774) with ID 0,  ResourceProfileId 0
[2025-03-21T13:55:35.533+0000] {subprocess.py:93} INFO - 25/03/21 13:55:35 INFO BlockManagerMasterEndpoint: Registering block manager 172.18.0.2:38085 with 366.3 MiB RAM, BlockManagerId(0, 172.18.0.2, 38085, None)
[2025-03-21T13:55:35.623+0000] {subprocess.py:93} INFO - 25/03/21 13:55:35 INFO TaskSetManager: Starting task 0.0 in stage 0.0 (TID 0) (172.18.0.2, executor 0, partition 0, PROCESS_LOCAL, 7831 bytes)
[2025-03-21T13:55:36.191+0000] {subprocess.py:93} INFO - 25/03/21 13:55:36 INFO BlockManagerInfo: Added broadcast_0_piece0 in memory on 172.18.0.2:38085 (size: 37.2 KiB, free: 366.3 MiB)
[2025-03-21T13:55:38.660+0000] {subprocess.py:93} INFO - 25/03/21 13:55:38 INFO TaskSetManager: Finished task 0.0 in stage 0.0 (TID 0) in 3054 ms on 172.18.0.2 (executor 0) (1/1)
[2025-03-21T13:55:38.671+0000] {subprocess.py:93} INFO - 25/03/21 13:55:38 INFO TaskSchedulerImpl: Removed TaskSet 0.0, whose tasks have all completed, from pool
[2025-03-21T13:55:38.689+0000] {subprocess.py:93} INFO - 25/03/21 13:55:38 INFO DAGScheduler: ResultStage 0 (parquet at NativeMethodAccessorImpl.java:0) finished in 211.827 s
[2025-03-21T13:55:38.697+0000] {subprocess.py:93} INFO - 25/03/21 13:55:38 INFO DAGScheduler: Job 0 is finished. Cancelling potential speculative or zombie tasks for this job
[2025-03-21T13:55:38.701+0000] {subprocess.py:93} INFO - 25/03/21 13:55:38 INFO TaskSchedulerImpl: Killing all running tasks in stage 0: Stage finished
[2025-03-21T13:55:38.707+0000] {subprocess.py:93} INFO - 25/03/21 13:55:38 INFO DAGScheduler: Job 0 finished: parquet at NativeMethodAccessorImpl.java:0, took 222.339557 s
[2025-03-21T13:55:40.166+0000] {subprocess.py:93} INFO - 25/03/21 13:55:40 INFO BlockManagerInfo: Removed broadcast_0_piece0 on e0b25feeb0e2:36475 in memory (size: 37.2 KiB, free: 366.3 MiB)
[2025-03-21T13:55:40.181+0000] {subprocess.py:93} INFO - 25/03/21 13:55:40 INFO BlockManagerInfo: Removed broadcast_0_piece0 on 172.18.0.2:38085 in memory (size: 37.2 KiB, free: 366.3 MiB)
[2025-03-21T13:55:41.581+0000] {subprocess.py:93} INFO - 25/03/21 13:55:41 INFO FileSourceStrategy: Pushed Filters: IsNotNull(amount),GreaterThan(amount,1000.0)
[2025-03-21T13:55:41.588+0000] {subprocess.py:93} INFO - 25/03/21 13:55:41 INFO FileSourceStrategy: Post-Scan Filters: isnotnull(amount#2),(amount#2 > 1000.0)
[2025-03-21T13:55:41.801+0000] {subprocess.py:93} INFO - 25/03/21 13:55:41 INFO ParquetUtils: Using default output committer for Parquet: org.apache.parquet.hadoop.ParquetOutputCommitter
[2025-03-21T13:55:41.827+0000] {subprocess.py:93} INFO - 25/03/21 13:55:41 INFO FileOutputCommitter: File Output Committer Algorithm version is 1
[2025-03-21T13:55:41.828+0000] {subprocess.py:93} INFO - 25/03/21 13:55:41 INFO FileOutputCommitter: FileOutputCommitter skip cleanup _temporary folders under output directory:false, ignore cleanup failures: false
[2025-03-21T13:55:41.829+0000] {subprocess.py:93} INFO - 25/03/21 13:55:41 INFO SQLHadoopMapReduceCommitProtocol: Using user defined output committer class org.apache.parquet.hadoop.ParquetOutputCommitter
[2025-03-21T13:55:41.829+0000] {subprocess.py:93} INFO - 25/03/21 13:55:41 INFO FileOutputCommitter: File Output Committer Algorithm version is 1
[2025-03-21T13:55:41.830+0000] {subprocess.py:93} INFO - 25/03/21 13:55:41 INFO FileOutputCommitter: FileOutputCommitter skip cleanup _temporary folders under output directory:false, ignore cleanup failures: false
[2025-03-21T13:55:41.831+0000] {subprocess.py:93} INFO - 25/03/21 13:55:41 INFO SQLHadoopMapReduceCommitProtocol: Using output committer class org.apache.parquet.hadoop.ParquetOutputCommitter
[2025-03-21T13:55:42.421+0000] {subprocess.py:93} INFO - 25/03/21 13:55:42 INFO CodeGenerator: Code generated in 452.28068 ms
[2025-03-21T13:55:42.449+0000] {subprocess.py:93} INFO - 25/03/21 13:55:42 INFO MemoryStore: Block broadcast_1 stored as values in memory (estimated size 357.5 KiB, free 366.0 MiB)
[2025-03-21T13:55:42.462+0000] {subprocess.py:93} INFO - 25/03/21 13:55:42 INFO MemoryStore: Block broadcast_1_piece0 stored as bytes in memory (estimated size 35.2 KiB, free 365.9 MiB)
[2025-03-21T13:55:42.463+0000] {subprocess.py:93} INFO - 25/03/21 13:55:42 INFO BlockManagerInfo: Added broadcast_1_piece0 in memory on e0b25feeb0e2:36475 (size: 35.2 KiB, free: 366.3 MiB)
[2025-03-21T13:55:42.465+0000] {subprocess.py:93} INFO - 25/03/21 13:55:42 INFO SparkContext: Created broadcast 1 from parquet at NativeMethodAccessorImpl.java:0
[2025-03-21T13:55:42.490+0000] {subprocess.py:93} INFO - 25/03/21 13:55:42 INFO FileSourceScanExec: Planning scan with bin packing, max size: 4194304 bytes, open cost is considered as scanning 4194304 bytes.
[2025-03-21T13:55:42.630+0000] {subprocess.py:93} INFO - 25/03/21 13:55:42 INFO SparkContext: Starting job: parquet at NativeMethodAccessorImpl.java:0
[2025-03-21T13:55:42.635+0000] {subprocess.py:93} INFO - 25/03/21 13:55:42 INFO DAGScheduler: Got job 1 (parquet at NativeMethodAccessorImpl.java:0) with 1 output partitions
[2025-03-21T13:55:42.637+0000] {subprocess.py:93} INFO - 25/03/21 13:55:42 INFO DAGScheduler: Final stage: ResultStage 1 (parquet at NativeMethodAccessorImpl.java:0)
[2025-03-21T13:55:42.638+0000] {subprocess.py:93} INFO - 25/03/21 13:55:42 INFO DAGScheduler: Parents of final stage: List()
[2025-03-21T13:55:42.639+0000] {subprocess.py:93} INFO - 25/03/21 13:55:42 INFO DAGScheduler: Missing parents: List()
[2025-03-21T13:55:42.639+0000] {subprocess.py:93} INFO - 25/03/21 13:55:42 INFO DAGScheduler: Submitting ResultStage 1 (MapPartitionsRDD[5] at parquet at NativeMethodAccessorImpl.java:0), which has no missing parents
[2025-03-21T13:55:42.761+0000] {subprocess.py:93} INFO - 25/03/21 13:55:42 INFO MemoryStore: Block broadcast_2 stored as values in memory (estimated size 219.2 KiB, free 365.7 MiB)
[2025-03-21T13:55:42.766+0000] {subprocess.py:93} INFO - 25/03/21 13:55:42 INFO MemoryStore: Block broadcast_2_piece0 stored as bytes in memory (estimated size 77.5 KiB, free 365.6 MiB)
[2025-03-21T13:55:42.769+0000] {subprocess.py:93} INFO - 25/03/21 13:55:42 INFO BlockManagerInfo: Added broadcast_2_piece0 in memory on e0b25feeb0e2:36475 (size: 77.5 KiB, free: 366.2 MiB)
[2025-03-21T13:55:42.771+0000] {subprocess.py:93} INFO - 25/03/21 13:55:42 INFO SparkContext: Created broadcast 2 from broadcast at DAGScheduler.scala:1580
[2025-03-21T13:55:42.777+0000] {subprocess.py:93} INFO - 25/03/21 13:55:42 INFO DAGScheduler: Submitting 1 missing tasks from ResultStage 1 (MapPartitionsRDD[5] at parquet at NativeMethodAccessorImpl.java:0) (first 15 tasks are for partitions Vector(0))
[2025-03-21T13:55:42.778+0000] {subprocess.py:93} INFO - 25/03/21 13:55:42 INFO TaskSchedulerImpl: Adding task set 1.0 with 1 tasks resource profile 0
[2025-03-21T13:55:42.790+0000] {subprocess.py:93} INFO - 25/03/21 13:55:42 INFO TaskSetManager: Starting task 0.0 in stage 1.0 (TID 1) (172.18.0.2, executor 0, partition 0, ANY, 8299 bytes)
[2025-03-21T13:55:42.889+0000] {subprocess.py:93} INFO - 25/03/21 13:55:42 INFO BlockManagerInfo: Added broadcast_2_piece0 in memory on 172.18.0.2:38085 (size: 77.5 KiB, free: 366.2 MiB)
[2025-03-21T13:55:44.441+0000] {subprocess.py:93} INFO - 25/03/21 13:55:44 INFO BlockManagerInfo: Added broadcast_1_piece0 in memory on 172.18.0.2:38085 (size: 35.2 KiB, free: 366.2 MiB)
[2025-03-21T13:55:45.209+0000] {subprocess.py:93} INFO - 25/03/21 13:55:45 INFO TaskSetManager: Finished task 0.0 in stage 1.0 (TID 1) in 2425 ms on 172.18.0.2 (executor 0) (1/1)
[2025-03-21T13:55:45.210+0000] {subprocess.py:93} INFO - 25/03/21 13:55:45 INFO TaskSchedulerImpl: Removed TaskSet 1.0, whose tasks have all completed, from pool
[2025-03-21T13:55:45.211+0000] {subprocess.py:93} INFO - 25/03/21 13:55:45 INFO DAGScheduler: ResultStage 1 (parquet at NativeMethodAccessorImpl.java:0) finished in 2.555 s
[2025-03-21T13:55:45.212+0000] {subprocess.py:93} INFO - 25/03/21 13:55:45 INFO DAGScheduler: Job 1 is finished. Cancelling potential speculative or zombie tasks for this job
[2025-03-21T13:55:45.213+0000] {subprocess.py:93} INFO - 25/03/21 13:55:45 INFO TaskSchedulerImpl: Killing all running tasks in stage 1: Stage finished
[2025-03-21T13:55:45.214+0000] {subprocess.py:93} INFO - 25/03/21 13:55:45 INFO DAGScheduler: Job 1 finished: parquet at NativeMethodAccessorImpl.java:0, took 2.584237 s
[2025-03-21T13:55:45.217+0000] {subprocess.py:93} INFO - 25/03/21 13:55:45 INFO FileFormatWriter: Start to commit write Job b5f2f56c-a047-44e4-a40f-db8dcbdb31b8.
[2025-03-21T13:55:45.330+0000] {subprocess.py:93} INFO - 25/03/21 13:55:45 INFO FileFormatWriter: Write Job b5f2f56c-a047-44e4-a40f-db8dcbdb31b8 committed. Elapsed time: 111 ms.
[2025-03-21T13:55:45.335+0000] {subprocess.py:93} INFO - 25/03/21 13:55:45 INFO FileFormatWriter: Finished processing stats for write job b5f2f56c-a047-44e4-a40f-db8dcbdb31b8.
[2025-03-21T13:55:45.342+0000] {subprocess.py:93} INFO - 25/03/21 13:55:45 INFO SparkContext: SparkContext is stopping with exitCode 0.
[2025-03-21T13:55:45.354+0000] {subprocess.py:93} INFO - 25/03/21 13:55:45 INFO SparkUI: Stopped Spark web UI at http://e0b25feeb0e2:4045
[2025-03-21T13:55:45.360+0000] {subprocess.py:93} INFO - 25/03/21 13:55:45 INFO StandaloneSchedulerBackend: Shutting down all executors
[2025-03-21T13:55:45.361+0000] {subprocess.py:93} INFO - 25/03/21 13:55:45 INFO StandaloneSchedulerBackend$StandaloneDriverEndpoint: Asking each executor to shut down
[2025-03-21T13:55:45.454+0000] {subprocess.py:93} INFO - 25/03/21 13:55:45 INFO MapOutputTrackerMasterEndpoint: MapOutputTrackerMasterEndpoint stopped!
[2025-03-21T13:55:45.486+0000] {subprocess.py:93} INFO - 25/03/21 13:55:45 INFO MemoryStore: MemoryStore cleared
[2025-03-21T13:55:45.487+0000] {subprocess.py:93} INFO - 25/03/21 13:55:45 INFO BlockManager: BlockManager stopped
[2025-03-21T13:55:45.556+0000] {subprocess.py:93} INFO - 25/03/21 13:55:45 INFO BlockManagerMaster: BlockManagerMaster stopped
[2025-03-21T13:55:45.561+0000] {subprocess.py:93} INFO - 25/03/21 13:55:45 INFO OutputCommitCoordinator$OutputCommitCoordinatorEndpoint: OutputCommitCoordinator stopped!
[2025-03-21T13:55:45.579+0000] {subprocess.py:93} INFO - 25/03/21 13:55:45 INFO SparkContext: Successfully stopped SparkContext
[2025-03-21T13:55:45.876+0000] {subprocess.py:93} INFO - 25/03/21 13:55:45 INFO ShutdownHookManager: Shutdown hook called
[2025-03-21T13:55:45.877+0000] {subprocess.py:93} INFO - 25/03/21 13:55:45 INFO ShutdownHookManager: Deleting directory /tmp/spark-926a4540-f82d-4904-8c06-6ef174451df2
[2025-03-21T13:55:45.881+0000] {subprocess.py:93} INFO - 25/03/21 13:55:45 INFO ShutdownHookManager: Deleting directory /tmp/spark-082c9025-7a1f-4326-bc67-8770cdbcf751
[2025-03-21T13:55:45.889+0000] {subprocess.py:93} INFO - 25/03/21 13:55:45 INFO ShutdownHookManager: Deleting directory /tmp/spark-926a4540-f82d-4904-8c06-6ef174451df2/pyspark-db19f829-4ad2-4059-b38f-486064680d41
[2025-03-21T13:55:46.032+0000] {subprocess.py:97} INFO - Command exited with return code 0
[2025-03-21T13:55:46.100+0000] {taskinstance.py:1398} INFO - Marking task as SUCCESS. dag_id=transactions_pipeline, task_id=detect_fraud_batch_20250321_131546, execution_date=20250321T134239, start_date=20250321T135004, end_date=20250321T135546
[2025-03-21T13:55:46.139+0000] {local_task_job_runner.py:228} INFO - Task exited with return code 0
[2025-03-21T13:55:46.193+0000] {taskinstance.py:2776} INFO - 1 downstream tasks scheduled from follow-on schedule check
