[2025-03-19T17:26:46.986+0000] {taskinstance.py:1157} INFO - Dependencies all met for dep_context=non-requeueable deps ti=<TaskInstance: transactions_pipeline.detect_fraud manual__2025-03-19T17:21:19.244980+00:00 [queued]>
[2025-03-19T17:26:47.000+0000] {taskinstance.py:1157} INFO - Dependencies all met for dep_context=requeueable deps ti=<TaskInstance: transactions_pipeline.detect_fraud manual__2025-03-19T17:21:19.244980+00:00 [queued]>
[2025-03-19T17:26:47.001+0000] {taskinstance.py:1359} INFO - Starting attempt 2 of 2
[2025-03-19T17:26:47.024+0000] {taskinstance.py:1380} INFO - Executing <Task(BashOperator): detect_fraud> on 2025-03-19 17:21:19.244980+00:00
[2025-03-19T17:26:47.035+0000] {standard_task_runner.py:57} INFO - Started process 574 to run task
[2025-03-19T17:26:47.042+0000] {standard_task_runner.py:84} INFO - Running: ['***', 'tasks', 'run', 'transactions_pipeline', 'detect_fraud', 'manual__2025-03-19T17:21:19.244980+00:00', '--job-id', '85', '--raw', '--subdir', 'DAGS_FOLDER/fraud_detection_pipeline.py', '--cfg-path', '/tmp/tmp3rg1se2w']
[2025-03-19T17:26:47.048+0000] {standard_task_runner.py:85} INFO - Job 85: Subtask detect_fraud
[2025-03-19T17:26:47.150+0000] {task_command.py:415} INFO - Running <TaskInstance: transactions_pipeline.detect_fraud manual__2025-03-19T17:21:19.244980+00:00 [running]> on host 347688f31140
[2025-03-19T17:26:47.280+0000] {logging_mixin.py:151} WARNING - /home/***/.local/lib/python3.8/site-packages/***/utils/context.py:206 AirflowContextDeprecationWarning: Accessing 'execution_date' from the template is deprecated and will be removed in a future version. Please use 'data_interval_start' or 'logical_date' instead.
[2025-03-19T17:26:47.348+0000] {taskinstance.py:1660} INFO - Exporting env vars: AIRFLOW_CTX_DAG_OWNER='***' AIRFLOW_CTX_DAG_ID='transactions_pipeline' AIRFLOW_CTX_TASK_ID='detect_fraud' AIRFLOW_CTX_EXECUTION_DATE='2025-03-19T17:21:19.244980+00:00' AIRFLOW_CTX_TRY_NUMBER='2' AIRFLOW_CTX_DAG_RUN_ID='manual__2025-03-19T17:21:19.244980+00:00'
[2025-03-19T17:26:47.352+0000] {subprocess.py:63} INFO - Tmp dir root location: /tmp
[2025-03-19T17:26:47.354+0000] {subprocess.py:75} INFO - Running command: ['/bin/bash', '-c', '\n    docker exec hive beeline -u "jdbc:hive2://localhost:10000" -e "\n    CREATE TABLE IF NOT EXISTS fraud_detections (\n        transaction_id STRING,\n        date_time STRING,\n        amount DOUBLE,\n        customer_id STRING,\n        location STRING,\n        fraud_reason STRING\n    )\n    STORED AS PARQUET;\n    INSERT INTO TABLE fraud_detections\n    SELECT\n        t.transaction_id,\n        t.date_time,\n        t.amount,\n        t.customer_id,\n        t.location,\n        CASE\n            WHEN t.amount > 1000 THEN \'High Amount\'\n            WHEN COUNT(*) OVER (PARTITION BY t.customer_id ORDER BY t.date_time RANGE BETWEEN INTERVAL \'1\' HOUR PRECEDING AND CURRENT ROW) > 10 THEN \'High Frequency\'\n            WHEN t.location NOT IN (\'City1\', \'City2\', \'City3\') THEN \'Unusual Location\'\n            WHEN t.merchant_details IN (SELECT merchant_id FROM blacklist) THEN \'Blacklisted Merchant\'\n            WHEN fr.fraud_count > 3 THEN \'High Fraud History\'\n        END AS fraud_reason\n    FROM transactions t\n    LEFT JOIN fraud_reports fr ON t.customer_id = fr.customer_id\n    WHERE t.batch_id = \'batch_20250319_172119\'\n    HAVING fraud_reason IS NOT NULL;"\n    ']
[2025-03-19T17:26:47.375+0000] {subprocess.py:86} INFO - Output:
[2025-03-19T17:26:48.610+0000] {subprocess.py:93} INFO - SLF4J: Class path contains multiple SLF4J bindings.
[2025-03-19T17:26:48.611+0000] {subprocess.py:93} INFO - SLF4J: Found binding in [jar:file:/opt/hive/lib/log4j-slf4j-impl-2.17.1.jar!/org/slf4j/impl/StaticLoggerBinder.class]
[2025-03-19T17:26:48.611+0000] {subprocess.py:93} INFO - SLF4J: Found binding in [jar:file:/opt/hadoop/share/hadoop/common/lib/slf4j-log4j12-1.7.25.jar!/org/slf4j/impl/StaticLoggerBinder.class]
[2025-03-19T17:26:48.612+0000] {subprocess.py:93} INFO - SLF4J: See http://www.slf4j.org/codes.html#multiple_bindings for an explanation.
[2025-03-19T17:26:48.795+0000] {subprocess.py:93} INFO - SLF4J: Actual binding is of type [org.apache.logging.slf4j.Log4jLoggerFactory]
[2025-03-19T17:26:50.480+0000] {subprocess.py:93} INFO - Connecting to jdbc:hive2://localhost:10000
[2025-03-19T17:26:50.822+0000] {subprocess.py:93} INFO - Connected to: Apache Hive (version 3.1.3)
[2025-03-19T17:26:50.826+0000] {subprocess.py:93} INFO - Driver: Hive JDBC (version 3.1.3)
[2025-03-19T17:26:50.830+0000] {subprocess.py:93} INFO - Transaction isolation: TRANSACTION_REPEATABLE_READ
[2025-03-19T17:26:50.946+0000] {subprocess.py:93} INFO - INFO  : Compiling command(queryId=root_20250319172650_32622e07-f6fa-4550-a9b2-fa4354f0afe2): CREATE TABLE IF NOT EXISTS fraud_detections (
[2025-03-19T17:26:50.947+0000] {subprocess.py:93} INFO -         transaction_id STRING,
[2025-03-19T17:26:50.948+0000] {subprocess.py:93} INFO -         date_time STRING,
[2025-03-19T17:26:50.949+0000] {subprocess.py:93} INFO -         amount DOUBLE,
[2025-03-19T17:26:50.950+0000] {subprocess.py:93} INFO -         customer_id STRING,
[2025-03-19T17:26:50.951+0000] {subprocess.py:93} INFO -         location STRING,
[2025-03-19T17:26:50.951+0000] {subprocess.py:93} INFO -         fraud_reason STRING
[2025-03-19T17:26:50.952+0000] {subprocess.py:93} INFO -     )
[2025-03-19T17:26:50.952+0000] {subprocess.py:93} INFO -     STORED AS PARQUET
[2025-03-19T17:26:50.953+0000] {subprocess.py:93} INFO - INFO  : Concurrency mode is disabled, not creating a lock manager
[2025-03-19T17:26:50.953+0000] {subprocess.py:93} INFO - INFO  : Semantic Analysis Completed (retrial = false)
[2025-03-19T17:26:50.954+0000] {subprocess.py:93} INFO - INFO  : Returning Hive schema: Schema(fieldSchemas:null, properties:null)
[2025-03-19T17:26:50.954+0000] {subprocess.py:93} INFO - INFO  : Completed compiling command(queryId=root_20250319172650_32622e07-f6fa-4550-a9b2-fa4354f0afe2); Time taken: 0.022 seconds
[2025-03-19T17:26:50.955+0000] {subprocess.py:93} INFO - INFO  : Concurrency mode is disabled, not creating a lock manager
[2025-03-19T17:26:50.958+0000] {subprocess.py:93} INFO - INFO  : Executing command(queryId=root_20250319172650_32622e07-f6fa-4550-a9b2-fa4354f0afe2): CREATE TABLE IF NOT EXISTS fraud_detections (
[2025-03-19T17:26:50.958+0000] {subprocess.py:93} INFO -         transaction_id STRING,
[2025-03-19T17:26:50.959+0000] {subprocess.py:93} INFO -         date_time STRING,
[2025-03-19T17:26:50.960+0000] {subprocess.py:93} INFO -         amount DOUBLE,
[2025-03-19T17:26:50.960+0000] {subprocess.py:93} INFO -         customer_id STRING,
[2025-03-19T17:26:50.961+0000] {subprocess.py:93} INFO -         location STRING,
[2025-03-19T17:26:50.962+0000] {subprocess.py:93} INFO -         fraud_reason STRING
[2025-03-19T17:26:50.962+0000] {subprocess.py:93} INFO -     )
[2025-03-19T17:26:50.963+0000] {subprocess.py:93} INFO -     STORED AS PARQUET
[2025-03-19T17:26:50.963+0000] {subprocess.py:93} INFO - INFO  : Completed executing command(queryId=root_20250319172650_32622e07-f6fa-4550-a9b2-fa4354f0afe2); Time taken: 0.001 seconds
[2025-03-19T17:26:50.964+0000] {subprocess.py:93} INFO - INFO  : OK
[2025-03-19T17:26:50.964+0000] {subprocess.py:93} INFO - INFO  : Concurrency mode is disabled, not creating a lock manager
[2025-03-19T17:26:50.965+0000] {subprocess.py:93} INFO - No rows affected (0.088 seconds)
[2025-03-19T17:26:50.983+0000] {subprocess.py:93} INFO - Error: Error while compiling statement: FAILED: ParseException line 10:94 cannot recognize input near 'INTERVAL' ''1'' 'HOUR' in windowframeboundary (state=42000,code=40000)
[2025-03-19T17:26:50.991+0000] {subprocess.py:93} INFO - Closing: 0: jdbc:hive2://localhost:10000
[2025-03-19T17:26:51.039+0000] {subprocess.py:97} INFO - Command exited with return code 1
[2025-03-19T17:26:51.056+0000] {taskinstance.py:1935} ERROR - Task failed with exception
Traceback (most recent call last):
  File "/home/airflow/.local/lib/python3.8/site-packages/airflow/operators/bash.py", line 210, in execute
    raise AirflowException(
airflow.exceptions.AirflowException: Bash command failed. The command returned a non-zero exit code 1.
[2025-03-19T17:26:51.066+0000] {taskinstance.py:1398} INFO - Marking task as FAILED. dag_id=transactions_pipeline, task_id=detect_fraud, execution_date=20250319T172119, start_date=20250319T172646, end_date=20250319T172651
[2025-03-19T17:26:51.092+0000] {standard_task_runner.py:104} ERROR - Failed to execute job 85 for task detect_fraud (Bash command failed. The command returned a non-zero exit code 1.; 574)
[2025-03-19T17:26:51.109+0000] {local_task_job_runner.py:228} INFO - Task exited with return code 1
[2025-03-19T17:26:51.163+0000] {taskinstance.py:2776} INFO - 0 downstream tasks scheduled from follow-on schedule check
