[2025-03-21T13:23:09.681+0000] {taskinstance.py:1157} INFO - Dependencies all met for dep_context=non-requeueable deps ti=<TaskInstance: transactions_pipeline.create_hive_table_batch_20250321_131741 manual__2025-03-21T13:22:01.068828+00:00 [queued]>
[2025-03-21T13:23:09.711+0000] {taskinstance.py:1157} INFO - Dependencies all met for dep_context=requeueable deps ti=<TaskInstance: transactions_pipeline.create_hive_table_batch_20250321_131741 manual__2025-03-21T13:22:01.068828+00:00 [queued]>
[2025-03-21T13:23:09.712+0000] {taskinstance.py:1359} INFO - Starting attempt 1 of 1
[2025-03-21T13:23:09.778+0000] {taskinstance.py:1380} INFO - Executing <Task(BashOperator): create_hive_table_batch_20250321_131741> on 2025-03-21 13:22:01.068828+00:00
[2025-03-21T13:23:09.798+0000] {standard_task_runner.py:57} INFO - Started process 748 to run task
[2025-03-21T13:23:09.814+0000] {standard_task_runner.py:84} INFO - Running: ['***', 'tasks', 'run', 'transactions_pipeline', 'create_hive_table_batch_20250321_131741', 'manual__2025-03-21T13:22:01.068828+00:00', '--job-id', '582', '--raw', '--subdir', 'DAGS_FOLDER/fraud_detection_pipeline.py', '--cfg-path', '/tmp/tmpjbls4sps']
[2025-03-21T13:23:09.819+0000] {standard_task_runner.py:85} INFO - Job 582: Subtask create_hive_table_batch_20250321_131741
[2025-03-21T13:23:09.990+0000] {task_command.py:415} INFO - Running <TaskInstance: transactions_pipeline.create_hive_table_batch_20250321_131741 manual__2025-03-21T13:22:01.068828+00:00 [running]> on host 1b7c3466167a
[2025-03-21T13:23:10.340+0000] {taskinstance.py:1660} INFO - Exporting env vars: AIRFLOW_CTX_DAG_EMAIL='rabiizahnoune7@gmail.com' AIRFLOW_CTX_DAG_OWNER='***' AIRFLOW_CTX_DAG_ID='transactions_pipeline' AIRFLOW_CTX_TASK_ID='create_hive_table_batch_20250321_131741' AIRFLOW_CTX_EXECUTION_DATE='2025-03-21T13:22:01.068828+00:00' AIRFLOW_CTX_TRY_NUMBER='1' AIRFLOW_CTX_DAG_RUN_ID='manual__2025-03-21T13:22:01.068828+00:00'
[2025-03-21T13:23:10.354+0000] {subprocess.py:63} INFO - Tmp dir root location: /tmp
[2025-03-21T13:23:10.359+0000] {subprocess.py:75} INFO - Running command: ['/bin/bash', '-c', '\n            docker exec hive beeline -u "jdbc:hive2://localhost:10000" --hiveconf hive.exec.dynamic.partition.mode=nonstrict -e "\n            CREATE EXTERNAL TABLE IF NOT EXISTS transactions (\n                transaction_id STRING,\n                date_time STRING,\n                amount DOUBLE,\n                currency STRING,\n                merchant_details STRING,\n                customer_id STRING,\n                transaction_type STRING,\n                location STRING\n            )\n            PARTITIONED BY (batch_id STRING)\n            STORED AS PARQUET;\n            ALTER TABLE transactions ADD IF NOT EXISTS PARTITION (batch_id=\'batch_20250321_131741\') LOCATION \'/data/transactions/transactions_batch_20250321_131741\';"\n            ']
[2025-03-21T13:23:10.403+0000] {subprocess.py:86} INFO - Output:
[2025-03-21T13:23:20.663+0000] {subprocess.py:93} INFO - SLF4J: Class path contains multiple SLF4J bindings.
[2025-03-21T13:23:20.745+0000] {subprocess.py:93} INFO - SLF4J: Found binding in [jar:file:/opt/hive/lib/log4j-slf4j-impl-2.17.1.jar!/org/slf4j/impl/StaticLoggerBinder.class]
[2025-03-21T13:23:20.746+0000] {subprocess.py:93} INFO - SLF4J: Found binding in [jar:file:/opt/hadoop/share/hadoop/common/lib/slf4j-log4j12-1.7.25.jar!/org/slf4j/impl/StaticLoggerBinder.class]
[2025-03-21T13:23:20.747+0000] {subprocess.py:93} INFO - SLF4J: See http://www.slf4j.org/codes.html#multiple_bindings for an explanation.
[2025-03-21T13:23:23.948+0000] {subprocess.py:93} INFO - SLF4J: Actual binding is of type [org.apache.logging.slf4j.Log4jLoggerFactory]
[2025-03-21T13:23:39.849+0000] {subprocess.py:93} INFO - Connecting to jdbc:hive2://localhost:10000
[2025-03-21T13:23:42.408+0000] {subprocess.py:93} INFO - Connected to: Apache Hive (version 3.1.3)
[2025-03-21T13:23:42.409+0000] {subprocess.py:93} INFO - Driver: Hive JDBC (version 3.1.3)
[2025-03-21T13:23:42.412+0000] {subprocess.py:93} INFO - Transaction isolation: TRANSACTION_REPEATABLE_READ
[2025-03-21T13:23:43.711+0000] {subprocess.py:93} INFO - INFO  : Compiling command(queryId=root_20250321132342_affdab98-e201-4f32-ae38-e66a456420e8): CREATE EXTERNAL TABLE IF NOT EXISTS transactions (
[2025-03-21T13:23:43.713+0000] {subprocess.py:93} INFO -                 transaction_id STRING,
[2025-03-21T13:23:43.714+0000] {subprocess.py:93} INFO -                 date_time STRING,
[2025-03-21T13:23:43.715+0000] {subprocess.py:93} INFO -                 amount DOUBLE,
[2025-03-21T13:23:43.716+0000] {subprocess.py:93} INFO -                 currency STRING,
[2025-03-21T13:23:43.717+0000] {subprocess.py:93} INFO -                 merchant_details STRING,
[2025-03-21T13:23:43.721+0000] {subprocess.py:93} INFO -                 customer_id STRING,
[2025-03-21T13:23:43.725+0000] {subprocess.py:93} INFO -                 transaction_type STRING,
[2025-03-21T13:23:43.726+0000] {subprocess.py:93} INFO -                 location STRING
[2025-03-21T13:23:43.727+0000] {subprocess.py:93} INFO -             )
[2025-03-21T13:23:43.727+0000] {subprocess.py:93} INFO -             PARTITIONED BY (batch_id STRING)
[2025-03-21T13:23:43.728+0000] {subprocess.py:93} INFO -             STORED AS PARQUET
[2025-03-21T13:23:43.728+0000] {subprocess.py:93} INFO - INFO  : Concurrency mode is disabled, not creating a lock manager
[2025-03-21T13:23:43.729+0000] {subprocess.py:93} INFO - INFO  : Semantic Analysis Completed (retrial = false)
[2025-03-21T13:23:43.729+0000] {subprocess.py:93} INFO - INFO  : Returning Hive schema: Schema(fieldSchemas:null, properties:null)
[2025-03-21T13:23:43.730+0000] {subprocess.py:93} INFO - INFO  : Completed compiling command(queryId=root_20250321132342_affdab98-e201-4f32-ae38-e66a456420e8); Time taken: 0.664 seconds
[2025-03-21T13:23:43.730+0000] {subprocess.py:93} INFO - INFO  : Concurrency mode is disabled, not creating a lock manager
[2025-03-21T13:23:43.731+0000] {subprocess.py:93} INFO - INFO  : Executing command(queryId=root_20250321132342_affdab98-e201-4f32-ae38-e66a456420e8): CREATE EXTERNAL TABLE IF NOT EXISTS transactions (
[2025-03-21T13:23:43.731+0000] {subprocess.py:93} INFO -                 transaction_id STRING,
[2025-03-21T13:23:43.732+0000] {subprocess.py:93} INFO -                 date_time STRING,
[2025-03-21T13:23:43.732+0000] {subprocess.py:93} INFO -                 amount DOUBLE,
[2025-03-21T13:23:43.733+0000] {subprocess.py:93} INFO -                 currency STRING,
[2025-03-21T13:23:43.733+0000] {subprocess.py:93} INFO -                 merchant_details STRING,
[2025-03-21T13:23:43.734+0000] {subprocess.py:93} INFO -                 customer_id STRING,
[2025-03-21T13:23:43.734+0000] {subprocess.py:93} INFO -                 transaction_type STRING,
[2025-03-21T13:23:43.734+0000] {subprocess.py:93} INFO -                 location STRING
[2025-03-21T13:23:43.735+0000] {subprocess.py:93} INFO -             )
[2025-03-21T13:23:43.735+0000] {subprocess.py:93} INFO -             PARTITIONED BY (batch_id STRING)
[2025-03-21T13:23:43.735+0000] {subprocess.py:93} INFO -             STORED AS PARQUET
[2025-03-21T13:23:43.735+0000] {subprocess.py:93} INFO - INFO  : Completed executing command(queryId=root_20250321132342_affdab98-e201-4f32-ae38-e66a456420e8); Time taken: 0.004 seconds
[2025-03-21T13:23:43.736+0000] {subprocess.py:93} INFO - INFO  : OK
[2025-03-21T13:23:43.736+0000] {subprocess.py:93} INFO - INFO  : Concurrency mode is disabled, not creating a lock manager
[2025-03-21T13:23:43.736+0000] {subprocess.py:93} INFO - No rows affected (1.191 seconds)
[2025-03-21T13:23:45.121+0000] {subprocess.py:93} INFO - INFO  : Compiling command(queryId=root_20250321132343_75a84b79-ec77-4e25-84f1-67659fc68640): ALTER TABLE transactions ADD IF NOT EXISTS PARTITION (batch_id='batch_20250321_131741') LOCATION '/data/transactions/transactions_batch_20250321_131741'
[2025-03-21T13:23:45.122+0000] {subprocess.py:93} INFO - INFO  : Concurrency mode is disabled, not creating a lock manager
[2025-03-21T13:23:45.123+0000] {subprocess.py:93} INFO - INFO  : Semantic Analysis Completed (retrial = false)
[2025-03-21T13:23:45.123+0000] {subprocess.py:93} INFO - INFO  : Returning Hive schema: Schema(fieldSchemas:null, properties:null)
[2025-03-21T13:23:45.124+0000] {subprocess.py:93} INFO - INFO  : Completed compiling command(queryId=root_20250321132343_75a84b79-ec77-4e25-84f1-67659fc68640); Time taken: 0.128 seconds
[2025-03-21T13:23:45.125+0000] {subprocess.py:93} INFO - INFO  : Concurrency mode is disabled, not creating a lock manager
[2025-03-21T13:23:45.126+0000] {subprocess.py:93} INFO - INFO  : Executing command(queryId=root_20250321132343_75a84b79-ec77-4e25-84f1-67659fc68640): ALTER TABLE transactions ADD IF NOT EXISTS PARTITION (batch_id='batch_20250321_131741') LOCATION '/data/transactions/transactions_batch_20250321_131741'
[2025-03-21T13:23:45.127+0000] {subprocess.py:93} INFO - INFO  : Starting task [Stage-0:DDL] in serial mode
[2025-03-21T13:23:45.128+0000] {subprocess.py:93} INFO - INFO  : Completed executing command(queryId=root_20250321132343_75a84b79-ec77-4e25-84f1-67659fc68640); Time taken: 0.428 seconds
[2025-03-21T13:23:45.128+0000] {subprocess.py:93} INFO - INFO  : OK
[2025-03-21T13:23:45.129+0000] {subprocess.py:93} INFO - INFO  : Concurrency mode is disabled, not creating a lock manager
[2025-03-21T13:23:45.131+0000] {subprocess.py:93} INFO - No rows affected (1.294 seconds)
[2025-03-21T13:23:45.206+0000] {subprocess.py:93} INFO - Beeline version 3.1.3 by Apache Hive
[2025-03-21T13:23:45.309+0000] {subprocess.py:93} INFO - Closing: 0: jdbc:hive2://localhost:10000
[2025-03-21T13:23:45.636+0000] {subprocess.py:97} INFO - Command exited with return code 0
[2025-03-21T13:23:45.695+0000] {taskinstance.py:1398} INFO - Marking task as SUCCESS. dag_id=transactions_pipeline, task_id=create_hive_table_batch_20250321_131741, execution_date=20250321T132201, start_date=20250321T132309, end_date=20250321T132345
[2025-03-21T13:23:45.769+0000] {local_task_job_runner.py:228} INFO - Task exited with return code 0
[2025-03-21T13:23:45.838+0000] {taskinstance.py:2776} INFO - 1 downstream tasks scheduled from follow-on schedule check
