[2025-03-19T17:26:57.252+0000] {taskinstance.py:1157} INFO - Dependencies all met for dep_context=non-requeueable deps ti=<TaskInstance: transactions_pipeline.create_hive_table scheduled__2025-03-19T17:21:44.952163+00:00 [queued]>
[2025-03-19T17:26:57.266+0000] {taskinstance.py:1157} INFO - Dependencies all met for dep_context=requeueable deps ti=<TaskInstance: transactions_pipeline.create_hive_table scheduled__2025-03-19T17:21:44.952163+00:00 [queued]>
[2025-03-19T17:26:57.267+0000] {taskinstance.py:1359} INFO - Starting attempt 1 of 2
[2025-03-19T17:26:57.286+0000] {taskinstance.py:1380} INFO - Executing <Task(BashOperator): create_hive_table> on 2025-03-19 17:21:44.952163+00:00
[2025-03-19T17:26:57.294+0000] {standard_task_runner.py:57} INFO - Started process 651 to run task
[2025-03-19T17:26:57.298+0000] {standard_task_runner.py:84} INFO - Running: ['***', 'tasks', 'run', 'transactions_pipeline', 'create_hive_table', 'scheduled__2025-03-19T17:21:44.952163+00:00', '--job-id', '89', '--raw', '--subdir', 'DAGS_FOLDER/fraud_detection_pipeline.py', '--cfg-path', '/tmp/tmp_xe7s99l']
[2025-03-19T17:26:57.302+0000] {standard_task_runner.py:85} INFO - Job 89: Subtask create_hive_table
[2025-03-19T17:26:57.371+0000] {task_command.py:415} INFO - Running <TaskInstance: transactions_pipeline.create_hive_table scheduled__2025-03-19T17:21:44.952163+00:00 [running]> on host 347688f31140
[2025-03-19T17:26:57.473+0000] {logging_mixin.py:151} WARNING - /home/***/.local/lib/python3.8/site-packages/***/utils/context.py:206 AirflowContextDeprecationWarning: Accessing 'execution_date' from the template is deprecated and will be removed in a future version. Please use 'data_interval_start' or 'logical_date' instead.
[2025-03-19T17:26:57.556+0000] {taskinstance.py:1660} INFO - Exporting env vars: AIRFLOW_CTX_DAG_OWNER='***' AIRFLOW_CTX_DAG_ID='transactions_pipeline' AIRFLOW_CTX_TASK_ID='create_hive_table' AIRFLOW_CTX_EXECUTION_DATE='2025-03-19T17:21:44.952163+00:00' AIRFLOW_CTX_TRY_NUMBER='1' AIRFLOW_CTX_DAG_RUN_ID='scheduled__2025-03-19T17:21:44.952163+00:00'
[2025-03-19T17:26:57.561+0000] {subprocess.py:63} INFO - Tmp dir root location: /tmp
[2025-03-19T17:26:57.562+0000] {subprocess.py:75} INFO - Running command: ['/bin/bash', '-c', '\n    docker exec hive beeline -u "jdbc:hive2://localhost:10000" --hiveconf hive.exec.dynamic.partition.mode=nonstrict -e "\n    CREATE EXTERNAL TABLE IF NOT EXISTS transactions (\n        transaction_id STRING,\n        date_time STRING,\n        amount DOUBLE,\n        currency STRING,\n        merchant_details STRING,\n        customer_id STRING,\n        transaction_type STRING,\n        location STRING\n    )\n    PARTITIONED BY (batch_id STRING)\n    STORED AS PARQUET\n    LOCATION \'/data/transactions/\';\n    ALTER TABLE transactions ADD IF NOT EXISTS PARTITION (batch_id=\'batch_20250319_172144\') LOCATION \'/data/transactions/transactions_batch_0\';"\n    ']
[2025-03-19T17:26:57.583+0000] {subprocess.py:86} INFO - Output:
[2025-03-19T17:26:58.900+0000] {subprocess.py:93} INFO - SLF4J: Class path contains multiple SLF4J bindings.
[2025-03-19T17:26:58.901+0000] {subprocess.py:93} INFO - SLF4J: Found binding in [jar:file:/opt/hive/lib/log4j-slf4j-impl-2.17.1.jar!/org/slf4j/impl/StaticLoggerBinder.class]
[2025-03-19T17:26:58.902+0000] {subprocess.py:93} INFO - SLF4J: Found binding in [jar:file:/opt/hadoop/share/hadoop/common/lib/slf4j-log4j12-1.7.25.jar!/org/slf4j/impl/StaticLoggerBinder.class]
[2025-03-19T17:26:58.903+0000] {subprocess.py:93} INFO - SLF4J: See http://www.slf4j.org/codes.html#multiple_bindings for an explanation.
[2025-03-19T17:26:59.147+0000] {subprocess.py:93} INFO - SLF4J: Actual binding is of type [org.apache.logging.slf4j.Log4jLoggerFactory]
[2025-03-19T17:27:00.712+0000] {subprocess.py:93} INFO - Connecting to jdbc:hive2://localhost:10000
[2025-03-19T17:26:58.700+0000] {subprocess.py:93} INFO - Connected to: Apache Hive (version 3.1.3)
[2025-03-19T17:26:58.701+0000] {subprocess.py:93} INFO - Driver: Hive JDBC (version 3.1.3)
[2025-03-19T17:26:58.702+0000] {subprocess.py:93} INFO - Transaction isolation: TRANSACTION_REPEATABLE_READ
[2025-03-19T17:26:58.806+0000] {subprocess.py:93} INFO - INFO  : Compiling command(queryId=root_20250319172658_1d0a2c00-0ff6-4a3f-83ef-ed9f2ea51bd8): CREATE EXTERNAL TABLE IF NOT EXISTS transactions (
[2025-03-19T17:26:58.808+0000] {subprocess.py:93} INFO -         transaction_id STRING,
[2025-03-19T17:26:58.809+0000] {subprocess.py:93} INFO -         date_time STRING,
[2025-03-19T17:26:58.810+0000] {subprocess.py:93} INFO -         amount DOUBLE,
[2025-03-19T17:26:58.811+0000] {subprocess.py:93} INFO -         currency STRING,
[2025-03-19T17:26:58.811+0000] {subprocess.py:93} INFO -         merchant_details STRING,
[2025-03-19T17:26:58.812+0000] {subprocess.py:93} INFO -         customer_id STRING,
[2025-03-19T17:26:58.812+0000] {subprocess.py:93} INFO -         transaction_type STRING,
[2025-03-19T17:26:58.814+0000] {subprocess.py:93} INFO -         location STRING
[2025-03-19T17:26:58.815+0000] {subprocess.py:93} INFO -     )
[2025-03-19T17:26:58.815+0000] {subprocess.py:93} INFO -     PARTITIONED BY (batch_id STRING)
[2025-03-19T17:26:58.816+0000] {subprocess.py:93} INFO -     STORED AS PARQUET
[2025-03-19T17:26:58.816+0000] {subprocess.py:93} INFO -     LOCATION '/data/transactions/'
[2025-03-19T17:26:58.817+0000] {subprocess.py:93} INFO - INFO  : Concurrency mode is disabled, not creating a lock manager
[2025-03-19T17:26:58.817+0000] {subprocess.py:93} INFO - INFO  : Semantic Analysis Completed (retrial = false)
[2025-03-19T17:26:58.818+0000] {subprocess.py:93} INFO - INFO  : Returning Hive schema: Schema(fieldSchemas:null, properties:null)
[2025-03-19T17:26:58.818+0000] {subprocess.py:93} INFO - INFO  : Completed compiling command(queryId=root_20250319172658_1d0a2c00-0ff6-4a3f-83ef-ed9f2ea51bd8); Time taken: 0.017 seconds
[2025-03-19T17:26:58.818+0000] {subprocess.py:93} INFO - INFO  : Concurrency mode is disabled, not creating a lock manager
[2025-03-19T17:26:58.819+0000] {subprocess.py:93} INFO - INFO  : Executing command(queryId=root_20250319172658_1d0a2c00-0ff6-4a3f-83ef-ed9f2ea51bd8): CREATE EXTERNAL TABLE IF NOT EXISTS transactions (
[2025-03-19T17:26:58.819+0000] {subprocess.py:93} INFO -         transaction_id STRING,
[2025-03-19T17:26:58.820+0000] {subprocess.py:93} INFO -         date_time STRING,
[2025-03-19T17:26:58.820+0000] {subprocess.py:93} INFO -         amount DOUBLE,
[2025-03-19T17:26:58.821+0000] {subprocess.py:93} INFO -         currency STRING,
[2025-03-19T17:26:58.821+0000] {subprocess.py:93} INFO -         merchant_details STRING,
[2025-03-19T17:26:58.823+0000] {subprocess.py:93} INFO -         customer_id STRING,
[2025-03-19T17:26:58.823+0000] {subprocess.py:93} INFO -         transaction_type STRING,
[2025-03-19T17:26:58.824+0000] {subprocess.py:93} INFO -         location STRING
[2025-03-19T17:26:58.824+0000] {subprocess.py:93} INFO -     )
[2025-03-19T17:26:58.825+0000] {subprocess.py:93} INFO -     PARTITIONED BY (batch_id STRING)
[2025-03-19T17:26:58.825+0000] {subprocess.py:93} INFO -     STORED AS PARQUET
[2025-03-19T17:26:58.826+0000] {subprocess.py:93} INFO -     LOCATION '/data/transactions/'
[2025-03-19T17:26:58.827+0000] {subprocess.py:93} INFO - INFO  : Completed executing command(queryId=root_20250319172658_1d0a2c00-0ff6-4a3f-83ef-ed9f2ea51bd8); Time taken: 0.001 seconds
[2025-03-19T17:26:58.828+0000] {subprocess.py:93} INFO - INFO  : OK
[2025-03-19T17:26:58.828+0000] {subprocess.py:93} INFO - INFO  : Concurrency mode is disabled, not creating a lock manager
[2025-03-19T17:26:58.829+0000] {subprocess.py:93} INFO - No rows affected (0.087 seconds)
[2025-03-19T17:26:58.916+0000] {subprocess.py:93} INFO - INFO  : Compiling command(queryId=root_20250319172658_1fef3dae-3ea0-4ad6-8b89-b4e49e9e424c): ALTER TABLE transactions ADD IF NOT EXISTS PARTITION (batch_id='batch_20250319_172144') LOCATION '/data/transactions/transactions_batch_0'
[2025-03-19T17:26:58.917+0000] {subprocess.py:93} INFO - INFO  : Concurrency mode is disabled, not creating a lock manager
[2025-03-19T17:26:58.918+0000] {subprocess.py:93} INFO - INFO  : Semantic Analysis Completed (retrial = false)
[2025-03-19T17:26:58.919+0000] {subprocess.py:93} INFO - INFO  : Returning Hive schema: Schema(fieldSchemas:null, properties:null)
[2025-03-19T17:26:58.919+0000] {subprocess.py:93} INFO - INFO  : Completed compiling command(queryId=root_20250319172658_1fef3dae-3ea0-4ad6-8b89-b4e49e9e424c); Time taken: 0.016 seconds
[2025-03-19T17:26:58.920+0000] {subprocess.py:93} INFO - INFO  : Concurrency mode is disabled, not creating a lock manager
[2025-03-19T17:26:58.920+0000] {subprocess.py:93} INFO - INFO  : Executing command(queryId=root_20250319172658_1fef3dae-3ea0-4ad6-8b89-b4e49e9e424c): ALTER TABLE transactions ADD IF NOT EXISTS PARTITION (batch_id='batch_20250319_172144') LOCATION '/data/transactions/transactions_batch_0'
[2025-03-19T17:26:58.921+0000] {subprocess.py:93} INFO - INFO  : Starting task [Stage-0:DDL] in serial mode
[2025-03-19T17:26:58.922+0000] {subprocess.py:93} INFO - INFO  : Completed executing command(queryId=root_20250319172658_1fef3dae-3ea0-4ad6-8b89-b4e49e9e424c); Time taken: 0.058 seconds
[2025-03-19T17:26:58.922+0000] {subprocess.py:93} INFO - INFO  : OK
[2025-03-19T17:26:58.923+0000] {subprocess.py:93} INFO - INFO  : Concurrency mode is disabled, not creating a lock manager
[2025-03-19T17:26:58.923+0000] {subprocess.py:93} INFO - No rows affected (0.091 seconds)
[2025-03-19T17:26:58.924+0000] {subprocess.py:93} INFO - Beeline version 3.1.3 by Apache Hive
[2025-03-19T17:26:58.930+0000] {subprocess.py:93} INFO - Closing: 0: jdbc:hive2://localhost:10000
[2025-03-19T17:26:58.979+0000] {subprocess.py:97} INFO - Command exited with return code 0
[2025-03-19T17:26:59.004+0000] {taskinstance.py:1398} INFO - Marking task as SUCCESS. dag_id=transactions_pipeline, task_id=create_hive_table, execution_date=20250319T172144, start_date=20250319T172657, end_date=20250319T172659
[2025-03-19T17:26:59.054+0000] {local_task_job_runner.py:228} INFO - Task exited with return code 0
[2025-03-19T17:26:59.082+0000] {taskinstance.py:2776} INFO - 1 downstream tasks scheduled from follow-on schedule check
