[2025-03-21T14:06:49.817+0000] {taskinstance.py:1157} INFO - Dependencies all met for dep_context=non-requeueable deps ti=<TaskInstance: transactions_pipeline.create_fraud_table_batch_20250321_140549 manual__2025-03-21T14:05:25.008554+00:00 [queued]>
[2025-03-21T14:06:49.841+0000] {taskinstance.py:1157} INFO - Dependencies all met for dep_context=requeueable deps ti=<TaskInstance: transactions_pipeline.create_fraud_table_batch_20250321_140549 manual__2025-03-21T14:05:25.008554+00:00 [queued]>
[2025-03-21T14:06:49.844+0000] {taskinstance.py:1359} INFO - Starting attempt 1 of 1
[2025-03-21T14:06:49.880+0000] {taskinstance.py:1380} INFO - Executing <Task(BashOperator): create_fraud_table_batch_20250321_140549> on 2025-03-21 14:05:25.008554+00:00
[2025-03-21T14:06:49.897+0000] {standard_task_runner.py:57} INFO - Started process 2767 to run task
[2025-03-21T14:06:49.909+0000] {standard_task_runner.py:84} INFO - Running: ['***', 'tasks', 'run', 'transactions_pipeline', 'create_fraud_table_batch_20250321_140549', 'manual__2025-03-21T14:05:25.008554+00:00', '--job-id', '768', '--raw', '--subdir', 'DAGS_FOLDER/fraud_detection_pipeline.py', '--cfg-path', '/tmp/tmpoe2y8mnq']
[2025-03-21T14:06:49.915+0000] {standard_task_runner.py:85} INFO - Job 768: Subtask create_fraud_table_batch_20250321_140549
[2025-03-21T14:06:50.025+0000] {task_command.py:415} INFO - Running <TaskInstance: transactions_pipeline.create_fraud_table_batch_20250321_140549 manual__2025-03-21T14:05:25.008554+00:00 [running]> on host e95638583d4d
[2025-03-21T14:06:50.149+0000] {taskinstance.py:1660} INFO - Exporting env vars: AIRFLOW_CTX_DAG_EMAIL='rabiizahnoune7@gmail.com' AIRFLOW_CTX_DAG_OWNER='***' AIRFLOW_CTX_DAG_ID='transactions_pipeline' AIRFLOW_CTX_TASK_ID='create_fraud_table_batch_20250321_140549' AIRFLOW_CTX_EXECUTION_DATE='2025-03-21T14:05:25.008554+00:00' AIRFLOW_CTX_TRY_NUMBER='1' AIRFLOW_CTX_DAG_RUN_ID='manual__2025-03-21T14:05:25.008554+00:00'
[2025-03-21T14:06:50.152+0000] {subprocess.py:63} INFO - Tmp dir root location: /tmp
[2025-03-21T14:06:50.154+0000] {subprocess.py:75} INFO - Running command: ['/bin/bash', '-c', '\n            docker exec hive beeline -u "jdbc:hive2://localhost:10000" -e "\n            CREATE EXTERNAL TABLE IF NOT EXISTS fraud_detections (\n                transaction_id STRING,\n                date_time STRING,\n                amount DOUBLE,\n                customer_id STRING,\n                location STRING,\n                fraud_reason STRING\n            )\n            STORED AS PARQUET\n            LOCATION \'/data/fraud_detections\';"\n            ']
[2025-03-21T14:06:50.169+0000] {subprocess.py:86} INFO - Output:
[2025-03-21T14:06:51.755+0000] {subprocess.py:93} INFO - SLF4J: Class path contains multiple SLF4J bindings.
[2025-03-21T14:06:51.757+0000] {subprocess.py:93} INFO - SLF4J: Found binding in [jar:file:/opt/hive/lib/log4j-slf4j-impl-2.17.1.jar!/org/slf4j/impl/StaticLoggerBinder.class]
[2025-03-21T14:06:51.757+0000] {subprocess.py:93} INFO - SLF4J: Found binding in [jar:file:/opt/hadoop/share/hadoop/common/lib/slf4j-log4j12-1.7.25.jar!/org/slf4j/impl/StaticLoggerBinder.class]
[2025-03-21T14:06:51.758+0000] {subprocess.py:93} INFO - SLF4J: See http://www.slf4j.org/codes.html#multiple_bindings for an explanation.
[2025-03-21T14:06:52.091+0000] {subprocess.py:93} INFO - SLF4J: Actual binding is of type [org.apache.logging.slf4j.Log4jLoggerFactory]
[2025-03-21T14:06:55.453+0000] {subprocess.py:93} INFO - Connecting to jdbc:hive2://localhost:10000
[2025-03-21T14:06:56.151+0000] {subprocess.py:93} INFO - Connected to: Apache Hive (version 3.1.3)
[2025-03-21T14:06:56.152+0000] {subprocess.py:93} INFO - Driver: Hive JDBC (version 3.1.3)
[2025-03-21T14:06:56.157+0000] {subprocess.py:93} INFO - Transaction isolation: TRANSACTION_REPEATABLE_READ
[2025-03-21T14:06:56.548+0000] {subprocess.py:93} INFO - INFO  : Compiling command(queryId=root_20250321140656_b261fe78-5b93-4cd7-b5fb-b0a4b9b13a6d): CREATE EXTERNAL TABLE IF NOT EXISTS fraud_detections (
[2025-03-21T14:06:56.551+0000] {subprocess.py:93} INFO -                 transaction_id STRING,
[2025-03-21T14:06:56.553+0000] {subprocess.py:93} INFO -                 date_time STRING,
[2025-03-21T14:06:56.554+0000] {subprocess.py:93} INFO -                 amount DOUBLE,
[2025-03-21T14:06:56.555+0000] {subprocess.py:93} INFO -                 customer_id STRING,
[2025-03-21T14:06:56.557+0000] {subprocess.py:93} INFO -                 location STRING,
[2025-03-21T14:06:56.557+0000] {subprocess.py:93} INFO -                 fraud_reason STRING
[2025-03-21T14:06:56.558+0000] {subprocess.py:93} INFO -             )
[2025-03-21T14:06:56.559+0000] {subprocess.py:93} INFO -             STORED AS PARQUET
[2025-03-21T14:06:56.559+0000] {subprocess.py:93} INFO -             LOCATION '/data/fraud_detections'
[2025-03-21T14:06:56.560+0000] {subprocess.py:93} INFO - INFO  : Concurrency mode is disabled, not creating a lock manager
[2025-03-21T14:06:56.561+0000] {subprocess.py:93} INFO - INFO  : Semantic Analysis Completed (retrial = false)
[2025-03-21T14:06:56.561+0000] {subprocess.py:93} INFO - INFO  : Returning Hive schema: Schema(fieldSchemas:null, properties:null)
[2025-03-21T14:06:56.562+0000] {subprocess.py:93} INFO - INFO  : Completed compiling command(queryId=root_20250321140656_b261fe78-5b93-4cd7-b5fb-b0a4b9b13a6d); Time taken: 0.032 seconds
[2025-03-21T14:06:56.562+0000] {subprocess.py:93} INFO - INFO  : Concurrency mode is disabled, not creating a lock manager
[2025-03-21T14:06:56.563+0000] {subprocess.py:93} INFO - INFO  : Executing command(queryId=root_20250321140656_b261fe78-5b93-4cd7-b5fb-b0a4b9b13a6d): CREATE EXTERNAL TABLE IF NOT EXISTS fraud_detections (
[2025-03-21T14:06:56.563+0000] {subprocess.py:93} INFO -                 transaction_id STRING,
[2025-03-21T14:06:56.564+0000] {subprocess.py:93} INFO -                 date_time STRING,
[2025-03-21T14:06:56.565+0000] {subprocess.py:93} INFO -                 amount DOUBLE,
[2025-03-21T14:06:56.565+0000] {subprocess.py:93} INFO -                 customer_id STRING,
[2025-03-21T14:06:56.565+0000] {subprocess.py:93} INFO -                 location STRING,
[2025-03-21T14:06:56.566+0000] {subprocess.py:93} INFO -                 fraud_reason STRING
[2025-03-21T14:06:56.566+0000] {subprocess.py:93} INFO -             )
[2025-03-21T14:06:56.567+0000] {subprocess.py:93} INFO -             STORED AS PARQUET
[2025-03-21T14:06:56.568+0000] {subprocess.py:93} INFO -             LOCATION '/data/fraud_detections'
[2025-03-21T14:06:56.568+0000] {subprocess.py:93} INFO - INFO  : Completed executing command(queryId=root_20250321140656_b261fe78-5b93-4cd7-b5fb-b0a4b9b13a6d); Time taken: 0.001 seconds
[2025-03-21T14:06:56.569+0000] {subprocess.py:93} INFO - INFO  : OK
[2025-03-21T14:06:56.570+0000] {subprocess.py:93} INFO - INFO  : Concurrency mode is disabled, not creating a lock manager
[2025-03-21T14:06:56.571+0000] {subprocess.py:93} INFO - No rows affected (0.357 seconds)
[2025-03-21T14:06:56.571+0000] {subprocess.py:93} INFO - Beeline version 3.1.3 by Apache Hive
[2025-03-21T14:06:56.576+0000] {subprocess.py:93} INFO - Closing: 0: jdbc:hive2://localhost:10000
[2025-03-21T14:06:56.786+0000] {subprocess.py:97} INFO - Command exited with return code 0
[2025-03-21T14:06:56.829+0000] {taskinstance.py:1398} INFO - Marking task as SUCCESS. dag_id=transactions_pipeline, task_id=create_fraud_table_batch_20250321_140549, execution_date=20250321T140525, start_date=20250321T140649, end_date=20250321T140656
[2025-03-21T14:06:56.881+0000] {local_task_job_runner.py:228} INFO - Task exited with return code 0
[2025-03-21T14:06:56.916+0000] {taskinstance.py:2776} INFO - 1 downstream tasks scheduled from follow-on schedule check
