[2025-03-19T19:47:22.774+0000] {taskinstance.py:1157} INFO - Dependencies all met for dep_context=non-requeueable deps ti=<TaskInstance: transactions_pipeline.create_hive_table manual__2025-03-19T19:47:11.532199+00:00 [queued]>
[2025-03-19T19:47:22.805+0000] {taskinstance.py:1157} INFO - Dependencies all met for dep_context=requeueable deps ti=<TaskInstance: transactions_pipeline.create_hive_table manual__2025-03-19T19:47:11.532199+00:00 [queued]>
[2025-03-19T19:47:22.806+0000] {taskinstance.py:1359} INFO - Starting attempt 1 of 1
[2025-03-19T19:47:22.840+0000] {taskinstance.py:1380} INFO - Executing <Task(BashOperator): create_hive_table> on 2025-03-19 19:47:11.532199+00:00
[2025-03-19T19:47:22.849+0000] {standard_task_runner.py:57} INFO - Started process 2672 to run task
[2025-03-19T19:47:22.857+0000] {standard_task_runner.py:84} INFO - Running: ['***', 'tasks', 'run', 'transactions_pipeline', 'create_hive_table', 'manual__2025-03-19T19:47:11.532199+00:00', '--job-id', '138', '--raw', '--subdir', 'DAGS_FOLDER/fraud_detection_pipeline.py', '--cfg-path', '/tmp/tmpmdgo1ixl']
[2025-03-19T19:47:22.862+0000] {standard_task_runner.py:85} INFO - Job 138: Subtask create_hive_table
[2025-03-19T19:47:22.951+0000] {task_command.py:415} INFO - Running <TaskInstance: transactions_pipeline.create_hive_table manual__2025-03-19T19:47:11.532199+00:00 [running]> on host 347688f31140
[2025-03-19T19:47:23.045+0000] {logging_mixin.py:151} WARNING - /home/***/.local/lib/python3.8/site-packages/***/utils/context.py:206 AirflowContextDeprecationWarning: Accessing 'execution_date' from the template is deprecated and will be removed in a future version. Please use 'data_interval_start' or 'logical_date' instead.
[2025-03-19T19:47:23.112+0000] {taskinstance.py:1660} INFO - Exporting env vars: AIRFLOW_CTX_DAG_OWNER='***' AIRFLOW_CTX_DAG_ID='transactions_pipeline' AIRFLOW_CTX_TASK_ID='create_hive_table' AIRFLOW_CTX_EXECUTION_DATE='2025-03-19T19:47:11.532199+00:00' AIRFLOW_CTX_TRY_NUMBER='1' AIRFLOW_CTX_DAG_RUN_ID='manual__2025-03-19T19:47:11.532199+00:00'
[2025-03-19T19:47:23.114+0000] {subprocess.py:63} INFO - Tmp dir root location: /tmp
[2025-03-19T19:47:23.116+0000] {subprocess.py:75} INFO - Running command: ['/bin/bash', '-c', '\n    docker exec hive beeline -u "jdbc:hive2://localhost:10000" --hiveconf hive.exec.dynamic.partition.mode=nonstrict -e "\n    CREATE EXTERNAL TABLE IF NOT EXISTS transactions (\n        transaction_id STRING,\n        date_time STRING,\n        amount DOUBLE,\n        currency STRING,\n        merchant_details STRING,\n        customer_id STRING,\n        transaction_type STRING,\n        location STRING\n    )\n    PARTITIONED BY (batch_id STRING)\n    STORED AS PARQUET\n    LOCATION \'/data/transactions/transactions_batch_0\';\n    ALTER TABLE transactions ADD IF NOT EXISTS PARTITION (batch_id=\'batch_20250319_194711\') LOCATION \'/data/transactions/transactions_batch_0\';"\n    ']
[2025-03-19T19:47:23.130+0000] {subprocess.py:86} INFO - Output:
[2025-03-19T19:47:25.096+0000] {subprocess.py:93} INFO - SLF4J: Class path contains multiple SLF4J bindings.
[2025-03-19T19:47:25.097+0000] {subprocess.py:93} INFO - SLF4J: Found binding in [jar:file:/opt/hive/lib/log4j-slf4j-impl-2.17.1.jar!/org/slf4j/impl/StaticLoggerBinder.class]
[2025-03-19T19:47:25.097+0000] {subprocess.py:93} INFO - SLF4J: Found binding in [jar:file:/opt/hadoop/share/hadoop/common/lib/slf4j-log4j12-1.7.25.jar!/org/slf4j/impl/StaticLoggerBinder.class]
[2025-03-19T19:47:25.098+0000] {subprocess.py:93} INFO - SLF4J: See http://www.slf4j.org/codes.html#multiple_bindings for an explanation.
[2025-03-19T19:47:25.283+0000] {subprocess.py:93} INFO - SLF4J: Actual binding is of type [org.apache.logging.slf4j.Log4jLoggerFactory]
[2025-03-19T19:47:26.898+0000] {subprocess.py:93} INFO - Connecting to jdbc:hive2://localhost:10000
[2025-03-19T19:47:27.150+0000] {subprocess.py:93} INFO - Connected to: Apache Hive (version 3.1.3)
[2025-03-19T19:47:27.151+0000] {subprocess.py:93} INFO - Driver: Hive JDBC (version 3.1.3)
[2025-03-19T19:47:27.152+0000] {subprocess.py:93} INFO - Transaction isolation: TRANSACTION_REPEATABLE_READ
[2025-03-19T19:47:27.279+0000] {subprocess.py:93} INFO - INFO  : Compiling command(queryId=root_20250319194727_8ad5e9fc-97eb-45f8-8e64-8df58f69d9f4): CREATE EXTERNAL TABLE IF NOT EXISTS transactions (
[2025-03-19T19:47:27.281+0000] {subprocess.py:93} INFO -         transaction_id STRING,
[2025-03-19T19:47:27.282+0000] {subprocess.py:93} INFO -         date_time STRING,
[2025-03-19T19:47:27.282+0000] {subprocess.py:93} INFO -         amount DOUBLE,
[2025-03-19T19:47:27.283+0000] {subprocess.py:93} INFO -         currency STRING,
[2025-03-19T19:47:27.283+0000] {subprocess.py:93} INFO -         merchant_details STRING,
[2025-03-19T19:47:27.284+0000] {subprocess.py:93} INFO -         customer_id STRING,
[2025-03-19T19:47:27.285+0000] {subprocess.py:93} INFO -         transaction_type STRING,
[2025-03-19T19:47:27.285+0000] {subprocess.py:93} INFO -         location STRING
[2025-03-19T19:47:27.286+0000] {subprocess.py:93} INFO -     )
[2025-03-19T19:47:27.286+0000] {subprocess.py:93} INFO -     PARTITIONED BY (batch_id STRING)
[2025-03-19T19:47:27.287+0000] {subprocess.py:93} INFO -     STORED AS PARQUET
[2025-03-19T19:47:27.287+0000] {subprocess.py:93} INFO -     LOCATION '/data/transactions/transactions_batch_0'
[2025-03-19T19:47:27.287+0000] {subprocess.py:93} INFO - INFO  : Concurrency mode is disabled, not creating a lock manager
[2025-03-19T19:47:27.288+0000] {subprocess.py:93} INFO - INFO  : Semantic Analysis Completed (retrial = false)
[2025-03-19T19:47:27.288+0000] {subprocess.py:93} INFO - INFO  : Returning Hive schema: Schema(fieldSchemas:null, properties:null)
[2025-03-19T19:47:27.289+0000] {subprocess.py:93} INFO - INFO  : Completed compiling command(queryId=root_20250319194727_8ad5e9fc-97eb-45f8-8e64-8df58f69d9f4); Time taken: 0.029 seconds
[2025-03-19T19:47:27.289+0000] {subprocess.py:93} INFO - INFO  : Concurrency mode is disabled, not creating a lock manager
[2025-03-19T19:47:27.290+0000] {subprocess.py:93} INFO - INFO  : Executing command(queryId=root_20250319194727_8ad5e9fc-97eb-45f8-8e64-8df58f69d9f4): CREATE EXTERNAL TABLE IF NOT EXISTS transactions (
[2025-03-19T19:47:27.291+0000] {subprocess.py:93} INFO -         transaction_id STRING,
[2025-03-19T19:47:27.293+0000] {subprocess.py:93} INFO -         date_time STRING,
[2025-03-19T19:47:27.293+0000] {subprocess.py:93} INFO -         amount DOUBLE,
[2025-03-19T19:47:27.294+0000] {subprocess.py:93} INFO -         currency STRING,
[2025-03-19T19:47:27.295+0000] {subprocess.py:93} INFO -         merchant_details STRING,
[2025-03-19T19:47:27.295+0000] {subprocess.py:93} INFO -         customer_id STRING,
[2025-03-19T19:47:27.296+0000] {subprocess.py:93} INFO -         transaction_type STRING,
[2025-03-19T19:47:27.296+0000] {subprocess.py:93} INFO -         location STRING
[2025-03-19T19:47:27.297+0000] {subprocess.py:93} INFO -     )
[2025-03-19T19:47:27.297+0000] {subprocess.py:93} INFO -     PARTITIONED BY (batch_id STRING)
[2025-03-19T19:47:27.297+0000] {subprocess.py:93} INFO -     STORED AS PARQUET
[2025-03-19T19:47:27.298+0000] {subprocess.py:93} INFO -     LOCATION '/data/transactions/transactions_batch_0'
[2025-03-19T19:47:27.298+0000] {subprocess.py:93} INFO - INFO  : Completed executing command(queryId=root_20250319194727_8ad5e9fc-97eb-45f8-8e64-8df58f69d9f4); Time taken: 0.0 seconds
[2025-03-19T19:47:27.298+0000] {subprocess.py:93} INFO - INFO  : OK
[2025-03-19T19:47:27.299+0000] {subprocess.py:93} INFO - INFO  : Concurrency mode is disabled, not creating a lock manager
[2025-03-19T19:47:27.299+0000] {subprocess.py:93} INFO - No rows affected (0.111 seconds)
[2025-03-19T19:47:27.386+0000] {subprocess.py:93} INFO - INFO  : Compiling command(queryId=root_20250319194727_cbbdf521-f8bf-463f-bbbc-1610e7f95823): ALTER TABLE transactions ADD IF NOT EXISTS PARTITION (batch_id='batch_20250319_194711') LOCATION '/data/transactions/transactions_batch_0'
[2025-03-19T19:47:27.387+0000] {subprocess.py:93} INFO - INFO  : Concurrency mode is disabled, not creating a lock manager
[2025-03-19T19:47:27.388+0000] {subprocess.py:93} INFO - INFO  : Semantic Analysis Completed (retrial = false)
[2025-03-19T19:47:27.389+0000] {subprocess.py:93} INFO - INFO  : Returning Hive schema: Schema(fieldSchemas:null, properties:null)
[2025-03-19T19:47:27.389+0000] {subprocess.py:93} INFO - INFO  : Completed compiling command(queryId=root_20250319194727_cbbdf521-f8bf-463f-bbbc-1610e7f95823); Time taken: 0.017 seconds
[2025-03-19T19:47:27.390+0000] {subprocess.py:93} INFO - INFO  : Concurrency mode is disabled, not creating a lock manager
[2025-03-19T19:47:27.391+0000] {subprocess.py:93} INFO - INFO  : Executing command(queryId=root_20250319194727_cbbdf521-f8bf-463f-bbbc-1610e7f95823): ALTER TABLE transactions ADD IF NOT EXISTS PARTITION (batch_id='batch_20250319_194711') LOCATION '/data/transactions/transactions_batch_0'
[2025-03-19T19:47:27.391+0000] {subprocess.py:93} INFO - INFO  : Starting task [Stage-0:DDL] in serial mode
[2025-03-19T19:47:27.392+0000] {subprocess.py:93} INFO - INFO  : Completed executing command(queryId=root_20250319194727_cbbdf521-f8bf-463f-bbbc-1610e7f95823); Time taken: 0.057 seconds
[2025-03-19T19:47:27.393+0000] {subprocess.py:93} INFO - INFO  : OK
[2025-03-19T19:47:27.393+0000] {subprocess.py:93} INFO - INFO  : Concurrency mode is disabled, not creating a lock manager
[2025-03-19T19:47:27.394+0000] {subprocess.py:93} INFO - No rows affected (0.087 seconds)
[2025-03-19T19:47:27.395+0000] {subprocess.py:93} INFO - Beeline version 3.1.3 by Apache Hive
[2025-03-19T19:47:27.406+0000] {subprocess.py:93} INFO - Closing: 0: jdbc:hive2://localhost:10000
[2025-03-19T19:47:27.465+0000] {subprocess.py:97} INFO - Command exited with return code 0
[2025-03-19T19:47:27.504+0000] {taskinstance.py:1398} INFO - Marking task as SUCCESS. dag_id=transactions_pipeline, task_id=create_hive_table, execution_date=20250319T194711, start_date=20250319T194722, end_date=20250319T194727
[2025-03-19T19:47:27.555+0000] {local_task_job_runner.py:228} INFO - Task exited with return code 0
[2025-03-19T19:47:27.587+0000] {taskinstance.py:2776} INFO - 1 downstream tasks scheduled from follow-on schedule check
