[2025-03-21T13:49:25.471+0000] {taskinstance.py:1157} INFO - Dependencies all met for dep_context=non-requeueable deps ti=<TaskInstance: transactions_pipeline.create_fraud_table_batch_20250321_131702 scheduled__2025-03-21T13:42:39.231672+00:00 [queued]>
[2025-03-21T13:49:25.507+0000] {taskinstance.py:1157} INFO - Dependencies all met for dep_context=requeueable deps ti=<TaskInstance: transactions_pipeline.create_fraud_table_batch_20250321_131702 scheduled__2025-03-21T13:42:39.231672+00:00 [queued]>
[2025-03-21T13:49:25.509+0000] {taskinstance.py:1359} INFO - Starting attempt 1 of 1
[2025-03-21T13:49:25.551+0000] {taskinstance.py:1380} INFO - Executing <Task(BashOperator): create_fraud_table_batch_20250321_131702> on 2025-03-21 13:42:39.231672+00:00
[2025-03-21T13:49:25.562+0000] {standard_task_runner.py:57} INFO - Started process 754 to run task
[2025-03-21T13:49:25.569+0000] {standard_task_runner.py:84} INFO - Running: ['***', 'tasks', 'run', 'transactions_pipeline', 'create_fraud_table_batch_20250321_131702', 'scheduled__2025-03-21T13:42:39.231672+00:00', '--job-id', '718', '--raw', '--subdir', 'DAGS_FOLDER/fraud_detection_pipeline.py', '--cfg-path', '/tmp/tmpceehvs1u']
[2025-03-21T13:49:25.574+0000] {standard_task_runner.py:85} INFO - Job 718: Subtask create_fraud_table_batch_20250321_131702
[2025-03-21T13:49:25.705+0000] {task_command.py:415} INFO - Running <TaskInstance: transactions_pipeline.create_fraud_table_batch_20250321_131702 scheduled__2025-03-21T13:42:39.231672+00:00 [running]> on host e95638583d4d
[2025-03-21T13:49:25.903+0000] {taskinstance.py:1660} INFO - Exporting env vars: AIRFLOW_CTX_DAG_EMAIL='rabiizahnoune7@gmail.com' AIRFLOW_CTX_DAG_OWNER='***' AIRFLOW_CTX_DAG_ID='transactions_pipeline' AIRFLOW_CTX_TASK_ID='create_fraud_table_batch_20250321_131702' AIRFLOW_CTX_EXECUTION_DATE='2025-03-21T13:42:39.231672+00:00' AIRFLOW_CTX_TRY_NUMBER='1' AIRFLOW_CTX_DAG_RUN_ID='scheduled__2025-03-21T13:42:39.231672+00:00'
[2025-03-21T13:49:25.906+0000] {subprocess.py:63} INFO - Tmp dir root location: /tmp
[2025-03-21T13:49:25.908+0000] {subprocess.py:75} INFO - Running command: ['/bin/bash', '-c', '\n            docker exec hive beeline -u "jdbc:hive2://localhost:10000" -e "\n            CREATE EXTERNAL TABLE IF NOT EXISTS fraud_detections (\n                transaction_id STRING,\n                date_time STRING,\n                amount DOUBLE,\n                customer_id STRING,\n                location STRING,\n                fraud_reason STRING\n            )\n            STORED AS PARQUET\n            LOCATION \'/data/fraud_detections\';"\n            ']
[2025-03-21T13:49:25.950+0000] {subprocess.py:86} INFO - Output:
[2025-03-21T13:49:39.605+0000] {subprocess.py:93} INFO - SLF4J: Class path contains multiple SLF4J bindings.
[2025-03-21T13:49:39.607+0000] {subprocess.py:93} INFO - SLF4J: Found binding in [jar:file:/opt/hive/lib/log4j-slf4j-impl-2.17.1.jar!/org/slf4j/impl/StaticLoggerBinder.class]
[2025-03-21T13:49:39.608+0000] {subprocess.py:93} INFO - SLF4J: Found binding in [jar:file:/opt/hadoop/share/hadoop/common/lib/slf4j-log4j12-1.7.25.jar!/org/slf4j/impl/StaticLoggerBinder.class]
[2025-03-21T13:49:39.610+0000] {subprocess.py:93} INFO - SLF4J: See http://www.slf4j.org/codes.html#multiple_bindings for an explanation.
[2025-03-21T13:49:41.027+0000] {subprocess.py:93} INFO - SLF4J: Actual binding is of type [org.apache.logging.slf4j.Log4jLoggerFactory]
[2025-03-21T13:49:58.027+0000] {subprocess.py:93} INFO - Connecting to jdbc:hive2://localhost:10000
[2025-03-21T13:50:01.428+0000] {subprocess.py:93} INFO - Connected to: Apache Hive (version 3.1.3)
[2025-03-21T13:50:01.430+0000] {subprocess.py:93} INFO - Driver: Hive JDBC (version 3.1.3)
[2025-03-21T13:50:01.431+0000] {subprocess.py:93} INFO - Transaction isolation: TRANSACTION_REPEATABLE_READ
[2025-03-21T13:50:02.444+0000] {subprocess.py:93} INFO - INFO  : Compiling command(queryId=root_20250321135001_6d62d221-ac4a-4c44-a107-281d9bc45476): CREATE EXTERNAL TABLE IF NOT EXISTS fraud_detections (
[2025-03-21T13:50:02.446+0000] {subprocess.py:93} INFO -                 transaction_id STRING,
[2025-03-21T13:50:02.448+0000] {subprocess.py:93} INFO -                 date_time STRING,
[2025-03-21T13:50:02.449+0000] {subprocess.py:93} INFO -                 amount DOUBLE,
[2025-03-21T13:50:02.450+0000] {subprocess.py:93} INFO -                 customer_id STRING,
[2025-03-21T13:50:02.450+0000] {subprocess.py:93} INFO -                 location STRING,
[2025-03-21T13:50:02.451+0000] {subprocess.py:93} INFO -                 fraud_reason STRING
[2025-03-21T13:50:02.452+0000] {subprocess.py:93} INFO -             )
[2025-03-21T13:50:02.452+0000] {subprocess.py:93} INFO -             STORED AS PARQUET
[2025-03-21T13:50:02.453+0000] {subprocess.py:93} INFO -             LOCATION '/data/fraud_detections'
[2025-03-21T13:50:02.453+0000] {subprocess.py:93} INFO - INFO  : Concurrency mode is disabled, not creating a lock manager
[2025-03-21T13:50:02.454+0000] {subprocess.py:93} INFO - INFO  : Semantic Analysis Completed (retrial = false)
[2025-03-21T13:50:02.454+0000] {subprocess.py:93} INFO - INFO  : Returning Hive schema: Schema(fieldSchemas:null, properties:null)
[2025-03-21T13:50:02.455+0000] {subprocess.py:93} INFO - INFO  : Completed compiling command(queryId=root_20250321135001_6d62d221-ac4a-4c44-a107-281d9bc45476); Time taken: 0.29 seconds
[2025-03-21T13:50:02.528+0000] {subprocess.py:93} INFO - INFO  : Concurrency mode is disabled, not creating a lock manager
[2025-03-21T13:50:02.533+0000] {subprocess.py:93} INFO - INFO  : Executing command(queryId=root_20250321135001_6d62d221-ac4a-4c44-a107-281d9bc45476): CREATE EXTERNAL TABLE IF NOT EXISTS fraud_detections (
[2025-03-21T13:50:02.534+0000] {subprocess.py:93} INFO -                 transaction_id STRING,
[2025-03-21T13:50:02.535+0000] {subprocess.py:93} INFO -                 date_time STRING,
[2025-03-21T13:50:02.538+0000] {subprocess.py:93} INFO -                 amount DOUBLE,
[2025-03-21T13:50:02.542+0000] {subprocess.py:93} INFO -                 customer_id STRING,
[2025-03-21T13:50:02.543+0000] {subprocess.py:93} INFO -                 location STRING,
[2025-03-21T13:50:02.544+0000] {subprocess.py:93} INFO -                 fraud_reason STRING
[2025-03-21T13:50:02.545+0000] {subprocess.py:93} INFO -             )
[2025-03-21T13:50:02.546+0000] {subprocess.py:93} INFO -             STORED AS PARQUET
[2025-03-21T13:50:02.547+0000] {subprocess.py:93} INFO -             LOCATION '/data/fraud_detections'
[2025-03-21T13:50:02.547+0000] {subprocess.py:93} INFO - INFO  : Completed executing command(queryId=root_20250321135001_6d62d221-ac4a-4c44-a107-281d9bc45476); Time taken: 0.001 seconds
[2025-03-21T13:50:02.548+0000] {subprocess.py:93} INFO - INFO  : OK
[2025-03-21T13:50:02.549+0000] {subprocess.py:93} INFO - INFO  : Concurrency mode is disabled, not creating a lock manager
[2025-03-21T13:50:02.550+0000] {subprocess.py:93} INFO - No rows affected (0.979 seconds)
[2025-03-21T13:50:02.623+0000] {subprocess.py:93} INFO - Beeline version 3.1.3 by Apache Hive
[2025-03-21T13:50:02.727+0000] {subprocess.py:93} INFO - Closing: 0: jdbc:hive2://localhost:10000
[2025-03-21T13:50:03.161+0000] {subprocess.py:97} INFO - Command exited with return code 0
[2025-03-21T13:50:03.218+0000] {taskinstance.py:1398} INFO - Marking task as SUCCESS. dag_id=transactions_pipeline, task_id=create_fraud_table_batch_20250321_131702, execution_date=20250321T134239, start_date=20250321T134925, end_date=20250321T135003
[2025-03-21T13:50:03.285+0000] {local_task_job_runner.py:228} INFO - Task exited with return code 0
[2025-03-21T13:50:03.340+0000] {taskinstance.py:2776} INFO - 0 downstream tasks scheduled from follow-on schedule check
