[2025-03-19T19:15:22.976+0000] {taskinstance.py:1157} INFO - Dependencies all met for dep_context=non-requeueable deps ti=<TaskInstance: transactions_pipeline.create_hive_table scheduled__2025-03-19T18:19:57.268858+00:00 [queued]>
[2025-03-19T19:15:23.011+0000] {taskinstance.py:1157} INFO - Dependencies all met for dep_context=requeueable deps ti=<TaskInstance: transactions_pipeline.create_hive_table scheduled__2025-03-19T18:19:57.268858+00:00 [queued]>
[2025-03-19T19:15:23.012+0000] {taskinstance.py:1359} INFO - Starting attempt 1 of 1
[2025-03-19T19:15:23.076+0000] {taskinstance.py:1380} INFO - Executing <Task(BashOperator): create_hive_table> on 2025-03-19 18:19:57.268858+00:00
[2025-03-19T19:15:23.098+0000] {standard_task_runner.py:57} INFO - Started process 1448 to run task
[2025-03-19T19:15:23.104+0000] {standard_task_runner.py:84} INFO - Running: ['***', 'tasks', 'run', 'transactions_pipeline', 'create_hive_table', 'scheduled__2025-03-19T18:19:57.268858+00:00', '--job-id', '110', '--raw', '--subdir', 'DAGS_FOLDER/fraud_detection_pipeline.py', '--cfg-path', '/tmp/tmpib0u9fgx']
[2025-03-19T19:15:23.119+0000] {standard_task_runner.py:85} INFO - Job 110: Subtask create_hive_table
[2025-03-19T19:15:23.293+0000] {task_command.py:415} INFO - Running <TaskInstance: transactions_pipeline.create_hive_table scheduled__2025-03-19T18:19:57.268858+00:00 [running]> on host 347688f31140
[2025-03-19T19:15:23.545+0000] {logging_mixin.py:151} WARNING - /home/***/.local/lib/python3.8/site-packages/***/utils/context.py:206 AirflowContextDeprecationWarning: Accessing 'execution_date' from the template is deprecated and will be removed in a future version. Please use 'data_interval_start' or 'logical_date' instead.
[2025-03-19T19:15:23.707+0000] {taskinstance.py:1660} INFO - Exporting env vars: AIRFLOW_CTX_DAG_OWNER='***' AIRFLOW_CTX_DAG_ID='transactions_pipeline' AIRFLOW_CTX_TASK_ID='create_hive_table' AIRFLOW_CTX_EXECUTION_DATE='2025-03-19T18:19:57.268858+00:00' AIRFLOW_CTX_TRY_NUMBER='1' AIRFLOW_CTX_DAG_RUN_ID='scheduled__2025-03-19T18:19:57.268858+00:00'
[2025-03-19T19:15:23.717+0000] {subprocess.py:63} INFO - Tmp dir root location: /tmp
[2025-03-19T19:15:23.720+0000] {subprocess.py:75} INFO - Running command: ['/bin/bash', '-c', '\n    docker exec hive beeline -u "jdbc:hive2://localhost:10000" --hiveconf hive.exec.dynamic.partition.mode=nonstrict -e "\n    CREATE EXTERNAL TABLE IF NOT EXISTS transactions (\n        transaction_id STRING,\n        date_time STRING,\n        amount DOUBLE,\n        currency STRING,\n        merchant_details STRING,\n        customer_id STRING,\n        transaction_type STRING,\n        location STRING\n    )\n    PARTITIONED BY (batch_id STRING)\n    STORED AS PARQUET\n    LOCATION \'/data/transactions/transactions_batch_0\';\n    ALTER TABLE transactions ADD IF NOT EXISTS PARTITION (batch_id=\'batch_20250319_181957\') LOCATION \'/data/transactions/transactions_batch_0\';"\n    ']
[2025-03-19T19:15:23.760+0000] {subprocess.py:86} INFO - Output:
[2025-03-19T19:15:27.282+0000] {subprocess.py:93} INFO - SLF4J: Class path contains multiple SLF4J bindings.
[2025-03-19T19:15:27.322+0000] {subprocess.py:93} INFO - SLF4J: Found binding in [jar:file:/opt/hive/lib/log4j-slf4j-impl-2.17.1.jar!/org/slf4j/impl/StaticLoggerBinder.class]
[2025-03-19T19:15:27.341+0000] {subprocess.py:93} INFO - SLF4J: Found binding in [jar:file:/opt/hadoop/share/hadoop/common/lib/slf4j-log4j12-1.7.25.jar!/org/slf4j/impl/StaticLoggerBinder.class]
[2025-03-19T19:15:27.342+0000] {subprocess.py:93} INFO - SLF4J: See http://www.slf4j.org/codes.html#multiple_bindings for an explanation.
[2025-03-19T19:15:27.780+0000] {subprocess.py:93} INFO - SLF4J: Actual binding is of type [org.apache.logging.slf4j.Log4jLoggerFactory]
[2025-03-19T19:15:30.007+0000] {subprocess.py:93} INFO - Connecting to jdbc:hive2://localhost:10000
[2025-03-19T19:15:30.261+0000] {subprocess.py:93} INFO - Connected to: Apache Hive (version 3.1.3)
[2025-03-19T19:15:30.262+0000] {subprocess.py:93} INFO - Driver: Hive JDBC (version 3.1.3)
[2025-03-19T19:15:30.262+0000] {subprocess.py:93} INFO - Transaction isolation: TRANSACTION_REPEATABLE_READ
[2025-03-19T19:15:30.398+0000] {subprocess.py:93} INFO - INFO  : Compiling command(queryId=root_20250319191530_deac52fe-b289-419e-bc81-6921299e97ed): CREATE EXTERNAL TABLE IF NOT EXISTS transactions (
[2025-03-19T19:15:30.399+0000] {subprocess.py:93} INFO -         transaction_id STRING,
[2025-03-19T19:15:30.399+0000] {subprocess.py:93} INFO -         date_time STRING,
[2025-03-19T19:15:30.400+0000] {subprocess.py:93} INFO -         amount DOUBLE,
[2025-03-19T19:15:30.401+0000] {subprocess.py:93} INFO -         currency STRING,
[2025-03-19T19:15:30.401+0000] {subprocess.py:93} INFO -         merchant_details STRING,
[2025-03-19T19:15:30.402+0000] {subprocess.py:93} INFO -         customer_id STRING,
[2025-03-19T19:15:30.402+0000] {subprocess.py:93} INFO -         transaction_type STRING,
[2025-03-19T19:15:30.403+0000] {subprocess.py:93} INFO -         location STRING
[2025-03-19T19:15:30.403+0000] {subprocess.py:93} INFO -     )
[2025-03-19T19:15:30.404+0000] {subprocess.py:93} INFO -     PARTITIONED BY (batch_id STRING)
[2025-03-19T19:15:30.404+0000] {subprocess.py:93} INFO -     STORED AS PARQUET
[2025-03-19T19:15:30.404+0000] {subprocess.py:93} INFO -     LOCATION '/data/transactions/transactions_batch_0'
[2025-03-19T19:15:30.405+0000] {subprocess.py:93} INFO - INFO  : Concurrency mode is disabled, not creating a lock manager
[2025-03-19T19:15:30.405+0000] {subprocess.py:93} INFO - INFO  : Semantic Analysis Completed (retrial = false)
[2025-03-19T19:15:30.405+0000] {subprocess.py:93} INFO - INFO  : Returning Hive schema: Schema(fieldSchemas:null, properties:null)
[2025-03-19T19:15:30.406+0000] {subprocess.py:93} INFO - INFO  : Completed compiling command(queryId=root_20250319191530_deac52fe-b289-419e-bc81-6921299e97ed); Time taken: 0.062 seconds
[2025-03-19T19:15:30.406+0000] {subprocess.py:93} INFO - INFO  : Concurrency mode is disabled, not creating a lock manager
[2025-03-19T19:15:30.407+0000] {subprocess.py:93} INFO - INFO  : Executing command(queryId=root_20250319191530_deac52fe-b289-419e-bc81-6921299e97ed): CREATE EXTERNAL TABLE IF NOT EXISTS transactions (
[2025-03-19T19:15:30.407+0000] {subprocess.py:93} INFO -         transaction_id STRING,
[2025-03-19T19:15:30.408+0000] {subprocess.py:93} INFO -         date_time STRING,
[2025-03-19T19:15:30.409+0000] {subprocess.py:93} INFO -         amount DOUBLE,
[2025-03-19T19:15:30.409+0000] {subprocess.py:93} INFO -         currency STRING,
[2025-03-19T19:15:30.410+0000] {subprocess.py:93} INFO -         merchant_details STRING,
[2025-03-19T19:15:30.410+0000] {subprocess.py:93} INFO -         customer_id STRING,
[2025-03-19T19:15:30.411+0000] {subprocess.py:93} INFO -         transaction_type STRING,
[2025-03-19T19:15:30.411+0000] {subprocess.py:93} INFO -         location STRING
[2025-03-19T19:15:30.411+0000] {subprocess.py:93} INFO -     )
[2025-03-19T19:15:30.412+0000] {subprocess.py:93} INFO -     PARTITIONED BY (batch_id STRING)
[2025-03-19T19:15:30.412+0000] {subprocess.py:93} INFO -     STORED AS PARQUET
[2025-03-19T19:15:30.413+0000] {subprocess.py:93} INFO -     LOCATION '/data/transactions/transactions_batch_0'
[2025-03-19T19:15:30.413+0000] {subprocess.py:93} INFO - INFO  : Completed executing command(queryId=root_20250319191530_deac52fe-b289-419e-bc81-6921299e97ed); Time taken: 0.002 seconds
[2025-03-19T19:15:30.414+0000] {subprocess.py:93} INFO - INFO  : OK
[2025-03-19T19:15:30.415+0000] {subprocess.py:93} INFO - INFO  : Concurrency mode is disabled, not creating a lock manager
[2025-03-19T19:15:30.415+0000] {subprocess.py:93} INFO - No rows affected (0.119 seconds)
[2025-03-19T19:15:30.480+0000] {subprocess.py:93} INFO - INFO  : Compiling command(queryId=root_20250319191530_479b4870-1dcd-49c7-b077-8ff38ecd1fa9): ALTER TABLE transactions ADD IF NOT EXISTS PARTITION (batch_id='batch_20250319_181957') LOCATION '/data/transactions/transactions_batch_0'
[2025-03-19T19:15:30.481+0000] {subprocess.py:93} INFO - INFO  : Concurrency mode is disabled, not creating a lock manager
[2025-03-19T19:15:30.482+0000] {subprocess.py:93} INFO - INFO  : Semantic Analysis Completed (retrial = false)
[2025-03-19T19:15:30.482+0000] {subprocess.py:93} INFO - INFO  : Returning Hive schema: Schema(fieldSchemas:null, properties:null)
[2025-03-19T19:15:30.483+0000] {subprocess.py:93} INFO - INFO  : Completed compiling command(queryId=root_20250319191530_479b4870-1dcd-49c7-b077-8ff38ecd1fa9); Time taken: 0.011 seconds
[2025-03-19T19:15:30.483+0000] {subprocess.py:93} INFO - INFO  : Concurrency mode is disabled, not creating a lock manager
[2025-03-19T19:15:30.484+0000] {subprocess.py:93} INFO - INFO  : Executing command(queryId=root_20250319191530_479b4870-1dcd-49c7-b077-8ff38ecd1fa9): ALTER TABLE transactions ADD IF NOT EXISTS PARTITION (batch_id='batch_20250319_181957') LOCATION '/data/transactions/transactions_batch_0'
[2025-03-19T19:15:30.485+0000] {subprocess.py:93} INFO - INFO  : Starting task [Stage-0:DDL] in serial mode
[2025-03-19T19:15:30.486+0000] {subprocess.py:93} INFO - INFO  : Completed executing command(queryId=root_20250319191530_479b4870-1dcd-49c7-b077-8ff38ecd1fa9); Time taken: 0.045 seconds
[2025-03-19T19:15:30.486+0000] {subprocess.py:93} INFO - INFO  : OK
[2025-03-19T19:15:30.487+0000] {subprocess.py:93} INFO - INFO  : Concurrency mode is disabled, not creating a lock manager
[2025-03-19T19:15:30.488+0000] {subprocess.py:93} INFO - No rows affected (0.068 seconds)
[2025-03-19T19:15:30.488+0000] {subprocess.py:93} INFO - Beeline version 3.1.3 by Apache Hive
[2025-03-19T19:15:30.492+0000] {subprocess.py:93} INFO - Closing: 0: jdbc:hive2://localhost:10000
[2025-03-19T19:15:30.530+0000] {subprocess.py:97} INFO - Command exited with return code 0
[2025-03-19T19:15:30.565+0000] {taskinstance.py:1398} INFO - Marking task as SUCCESS. dag_id=transactions_pipeline, task_id=create_hive_table, execution_date=20250319T181957, start_date=20250319T191522, end_date=20250319T191530
[2025-03-19T19:15:30.614+0000] {local_task_job_runner.py:228} INFO - Task exited with return code 0
[2025-03-19T19:15:30.646+0000] {taskinstance.py:2776} INFO - 1 downstream tasks scheduled from follow-on schedule check
