[2025-03-21T13:49:58.797+0000] {taskinstance.py:1157} INFO - Dependencies all met for dep_context=non-requeueable deps ti=<TaskInstance: transactions_pipeline.detect_fraud_batch_20250321_131820 scheduled__2025-03-21T13:42:39.231672+00:00 [queued]>
[2025-03-21T13:49:58.813+0000] {taskinstance.py:1157} INFO - Dependencies all met for dep_context=requeueable deps ti=<TaskInstance: transactions_pipeline.detect_fraud_batch_20250321_131820 scheduled__2025-03-21T13:42:39.231672+00:00 [queued]>
[2025-03-21T13:49:58.814+0000] {taskinstance.py:1359} INFO - Starting attempt 1 of 1
[2025-03-21T13:49:58.858+0000] {taskinstance.py:1380} INFO - Executing <Task(BashOperator): detect_fraud_batch_20250321_131820> on 2025-03-21 13:42:39.231672+00:00
[2025-03-21T13:49:58.866+0000] {standard_task_runner.py:57} INFO - Started process 856 to run task
[2025-03-21T13:49:58.874+0000] {standard_task_runner.py:84} INFO - Running: ['***', 'tasks', 'run', 'transactions_pipeline', 'detect_fraud_batch_20250321_131820', 'scheduled__2025-03-21T13:42:39.231672+00:00', '--job-id', '720', '--raw', '--subdir', 'DAGS_FOLDER/fraud_detection_pipeline.py', '--cfg-path', '/tmp/tmp0orbgt7m']
[2025-03-21T13:49:58.878+0000] {standard_task_runner.py:85} INFO - Job 720: Subtask detect_fraud_batch_20250321_131820
[2025-03-21T13:49:58.967+0000] {task_command.py:415} INFO - Running <TaskInstance: transactions_pipeline.detect_fraud_batch_20250321_131820 scheduled__2025-03-21T13:42:39.231672+00:00 [running]> on host e95638583d4d
[2025-03-21T13:49:59.103+0000] {taskinstance.py:1660} INFO - Exporting env vars: AIRFLOW_CTX_DAG_EMAIL='rabiizahnoune7@gmail.com' AIRFLOW_CTX_DAG_OWNER='***' AIRFLOW_CTX_DAG_ID='transactions_pipeline' AIRFLOW_CTX_TASK_ID='detect_fraud_batch_20250321_131820' AIRFLOW_CTX_EXECUTION_DATE='2025-03-21T13:42:39.231672+00:00' AIRFLOW_CTX_TRY_NUMBER='1' AIRFLOW_CTX_DAG_RUN_ID='scheduled__2025-03-21T13:42:39.231672+00:00'
[2025-03-21T13:49:59.106+0000] {subprocess.py:63} INFO - Tmp dir root location: /tmp
[2025-03-21T13:49:59.108+0000] {subprocess.py:75} INFO - Running command: ['/bin/bash', '-c', '\n            docker exec hive spark-submit --master spark://localhost:7077 /hive/scripts/detect_fraud.py "batch_20250321_131820"\n            ']
[2025-03-21T13:49:59.141+0000] {subprocess.py:86} INFO - Output:
[2025-03-21T13:50:32.100+0000] {subprocess.py:93} INFO - 25/03/21 13:50:32 INFO SparkContext: Running Spark version 3.5.0
[2025-03-21T13:50:32.192+0000] {subprocess.py:93} INFO - 25/03/21 13:50:32 INFO SparkContext: OS info Linux, 5.15.167.4-microsoft-standard-WSL2, amd64
[2025-03-21T13:50:32.194+0000] {subprocess.py:93} INFO - 25/03/21 13:50:32 INFO SparkContext: Java version 1.8.0_342
[2025-03-21T13:50:33.693+0000] {subprocess.py:93} INFO - 25/03/21 13:50:33 WARN NativeCodeLoader: Unable to load native-hadoop library for your platform... using builtin-java classes where applicable
[2025-03-21T13:50:35.583+0000] {subprocess.py:93} INFO - 25/03/21 13:50:35 INFO ResourceUtils: ==============================================================
[2025-03-21T13:50:35.584+0000] {subprocess.py:93} INFO - 25/03/21 13:50:35 INFO ResourceUtils: No custom resources configured for spark.driver.
[2025-03-21T13:50:35.585+0000] {subprocess.py:93} INFO - 25/03/21 13:50:35 INFO ResourceUtils: ==============================================================
[2025-03-21T13:50:35.588+0000] {subprocess.py:93} INFO - 25/03/21 13:50:35 INFO SparkContext: Submitted application: FraudDetection
[2025-03-21T13:50:36.287+0000] {subprocess.py:93} INFO - 25/03/21 13:50:36 INFO ResourceProfile: Default ResourceProfile created, executor resources: Map(memory -> name: memory, amount: 1024, script: , vendor: , offHeap -> name: offHeap, amount: 0, script: , vendor: ), task resources: Map(cpus -> name: cpus, amount: 1.0)
[2025-03-21T13:50:36.698+0000] {subprocess.py:93} INFO - 25/03/21 13:50:36 INFO ResourceProfile: Limiting resource is cpu
[2025-03-21T13:50:36.699+0000] {subprocess.py:93} INFO - 25/03/21 13:50:36 INFO ResourceProfileManager: Added ResourceProfile id: 0
[2025-03-21T13:50:36.401+0000] {subprocess.py:93} INFO - 25/03/21 13:50:36 INFO SecurityManager: Changing view acls to: root
[2025-03-21T13:50:36.402+0000] {subprocess.py:93} INFO - 25/03/21 13:50:36 INFO SecurityManager: Changing modify acls to: root
[2025-03-21T13:50:36.403+0000] {subprocess.py:93} INFO - 25/03/21 13:50:36 INFO SecurityManager: Changing view acls groups to:
[2025-03-21T13:50:36.417+0000] {subprocess.py:93} INFO - 25/03/21 13:50:36 INFO SecurityManager: Changing modify acls groups to:
[2025-03-21T13:50:36.418+0000] {subprocess.py:93} INFO - 25/03/21 13:50:36 INFO SecurityManager: SecurityManager: authentication disabled; ui acls disabled; users with view permissions: root; groups with view permissions: EMPTY; users with modify permissions: root; groups with modify permissions: EMPTY
[2025-03-21T13:50:40.495+0000] {subprocess.py:93} INFO - 25/03/21 13:50:40 INFO Utils: Successfully started service 'sparkDriver' on port 42627.
[2025-03-21T13:50:41.743+0000] {subprocess.py:93} INFO - 25/03/21 13:50:41 INFO SparkEnv: Registering MapOutputTracker
[2025-03-21T13:50:42.506+0000] {subprocess.py:93} INFO - 25/03/21 13:50:42 INFO SparkEnv: Registering BlockManagerMaster
[2025-03-21T13:50:42.722+0000] {subprocess.py:93} INFO - 25/03/21 13:50:42 INFO BlockManagerMasterEndpoint: Using org.apache.spark.storage.DefaultTopologyMapper for getting topology information
[2025-03-21T13:50:42.806+0000] {subprocess.py:93} INFO - 25/03/21 13:50:42 INFO BlockManagerMasterEndpoint: BlockManagerMasterEndpoint up
[2025-03-21T13:50:42.812+0000] {subprocess.py:93} INFO - 25/03/21 13:50:42 INFO SparkEnv: Registering BlockManagerMasterHeartbeat
[2025-03-21T13:50:44.303+0000] {subprocess.py:93} INFO - 25/03/21 13:50:44 INFO DiskBlockManager: Created local directory at /tmp/blockmgr-cb596aa1-9fcb-4d54-a848-2c6da7c31f04
[2025-03-21T13:50:45.024+0000] {subprocess.py:93} INFO - 25/03/21 13:50:45 INFO MemoryStore: MemoryStore started with capacity 366.3 MiB
[2025-03-21T13:50:45.720+0000] {subprocess.py:93} INFO - 25/03/21 13:50:45 INFO SparkEnv: Registering OutputCommitCoordinator
[2025-03-21T13:50:49.807+0000] {subprocess.py:93} INFO - 25/03/21 13:50:49 INFO JettyUtils: Start Jetty 0.0.0.0:4040 for SparkUI
[2025-03-21T13:50:50.800+0000] {subprocess.py:93} INFO - 25/03/21 13:50:50 WARN Utils: Service 'SparkUI' could not bind on port 4040. Attempting port 4041.
[2025-03-21T13:50:50.907+0000] {subprocess.py:93} INFO - 25/03/21 13:50:50 INFO Utils: Successfully started service 'SparkUI' on port 4041.
[2025-03-21T13:50:54.125+0000] {subprocess.py:93} INFO - 25/03/21 13:50:53 INFO StandaloneAppClient$ClientEndpoint: Connecting to master spark://localhost:7077...
[2025-03-21T13:50:55.900+0000] {subprocess.py:93} INFO - 25/03/21 13:50:55 INFO TransportClientFactory: Successfully created connection to localhost/127.0.0.1:7077 after 1175 ms (0 ms spent in bootstraps)
[2025-03-21T13:50:58.209+0000] {subprocess.py:93} INFO - 25/03/21 13:50:58 INFO StandaloneSchedulerBackend: Connected to Spark cluster with app ID app-20250321135058-0001
[2025-03-21T13:50:58.800+0000] {subprocess.py:93} INFO - 25/03/21 13:50:58 INFO Utils: Successfully started service 'org.apache.spark.network.netty.NettyBlockTransferService' on port 41043.
[2025-03-21T13:50:58.803+0000] {subprocess.py:93} INFO - 25/03/21 13:50:58 INFO NettyBlockTransferService: Server created on e0b25feeb0e2:41043
[2025-03-21T13:50:58.808+0000] {subprocess.py:93} INFO - 25/03/21 13:50:58 INFO BlockManager: Using org.apache.spark.storage.RandomBlockReplicationPolicy for block replication policy
[2025-03-21T13:50:59.113+0000] {subprocess.py:93} INFO - 25/03/21 13:50:59 INFO BlockManagerMaster: Registering BlockManager BlockManagerId(driver, e0b25feeb0e2, 41043, None)
[2025-03-21T13:50:59.207+0000] {subprocess.py:93} INFO - 25/03/21 13:50:59 INFO BlockManagerMasterEndpoint: Registering block manager e0b25feeb0e2:41043 with 366.3 MiB RAM, BlockManagerId(driver, e0b25feeb0e2, 41043, None)
[2025-03-21T13:50:59.325+0000] {subprocess.py:93} INFO - 25/03/21 13:50:59 INFO BlockManagerMaster: Registered BlockManager BlockManagerId(driver, e0b25feeb0e2, 41043, None)
[2025-03-21T13:50:59.328+0000] {subprocess.py:93} INFO - 25/03/21 13:50:59 INFO BlockManager: Initialized BlockManager: BlockManagerId(driver, e0b25feeb0e2, 41043, None)
[2025-03-21T13:51:07.568+0000] {subprocess.py:93} INFO - 25/03/21 13:51:07 INFO AsyncEventQueue: Process of event SparkListenerResourceProfileAdded(Profile: id = 0, executor resources: memory -> name: memory, amount: 1024, script: , vendor: ,offHeap -> name: offHeap, amount: 0, script: , vendor: , task resources: cpus -> name: cpus, amount: 1.0) by listener HeartbeatReceiver took 2.395766524s.
[2025-03-21T13:51:07.859+0000] {subprocess.py:93} INFO - 25/03/21 13:51:07 INFO AsyncEventQueue: Process of event SparkListenerResourceProfileAdded(Profile: id = 0, executor resources: memory -> name: memory, amount: 1024, script: , vendor: ,offHeap -> name: offHeap, amount: 0, script: , vendor: , task resources: cpus -> name: cpus, amount: 1.0) by listener AppStatusListener took 2.692104138s.
[2025-03-21T13:51:08.754+0000] {subprocess.py:93} INFO - 25/03/21 13:51:08 INFO StandaloneSchedulerBackend: SchedulerBackend is ready for scheduling beginning after reached minRegisteredResourcesRatio: 0.0
[2025-03-21T13:51:12.455+0000] {subprocess.py:93} INFO - Spark version: 3.5.0
[2025-03-21T13:51:14.268+0000] {subprocess.py:93} INFO - 25/03/21 13:51:14 INFO SharedState: Setting hive.metastore.warehouse.dir ('null') to the value of spark.sql.warehouse.dir.
[2025-03-21T13:51:26.548+0000] {subprocess.py:93} INFO - 25/03/21 13:51:26 INFO SharedState: Warehouse path is 'hdfs://localhost:9000/data/warehouse'.
[2025-03-21T13:51:53.002+0000] {subprocess.py:93} INFO - 25/03/21 13:51:52 INFO InMemoryFileIndex: It took 1677 ms to list leaf files for 1 paths.
[2025-03-21T13:52:03.845+0000] {subprocess.py:93} INFO - 25/03/21 13:52:03 INFO SparkContext: Starting job: parquet at NativeMethodAccessorImpl.java:0
[2025-03-21T13:52:04.152+0000] {subprocess.py:93} INFO - 25/03/21 13:52:04 INFO DAGScheduler: Got job 0 (parquet at NativeMethodAccessorImpl.java:0) with 1 output partitions
[2025-03-21T13:52:04.155+0000] {subprocess.py:93} INFO - 25/03/21 13:52:04 INFO DAGScheduler: Final stage: ResultStage 0 (parquet at NativeMethodAccessorImpl.java:0)
[2025-03-21T13:52:04.247+0000] {subprocess.py:93} INFO - 25/03/21 13:52:04 INFO DAGScheduler: Parents of final stage: List()
[2025-03-21T13:52:04.261+0000] {subprocess.py:93} INFO - 25/03/21 13:52:04 INFO DAGScheduler: Missing parents: List()
[2025-03-21T13:52:04.449+0000] {subprocess.py:93} INFO - 25/03/21 13:52:04 INFO DAGScheduler: Submitting ResultStage 0 (MapPartitionsRDD[1] at parquet at NativeMethodAccessorImpl.java:0), which has no missing parents
[2025-03-21T13:52:05.364+0000] {subprocess.py:93} INFO - 25/03/21 13:52:05 INFO AsyncEventQueue: Process of event SparkListenerJobStart(0,1742565124257,WrappedArray(org.apache.spark.scheduler.StageInfo@4dfd4357),{spark.rdd.scope.noOverride=true, spark.rdd.scope={"id":"2","name":"collect"}}) by listener AppStatusListener took 1.016964364s.
[2025-03-21T13:52:06.052+0000] {subprocess.py:93} INFO - 25/03/21 13:52:06 INFO MemoryStore: Block broadcast_0 stored as values in memory (estimated size 103.3 KiB, free 366.2 MiB)
[2025-03-21T13:52:06.944+0000] {subprocess.py:93} INFO - 25/03/21 13:52:06 INFO MemoryStore: Block broadcast_0_piece0 stored as bytes in memory (estimated size 37.2 KiB, free 366.2 MiB)
[2025-03-21T13:52:06.956+0000] {subprocess.py:93} INFO - 25/03/21 13:52:06 INFO BlockManagerInfo: Added broadcast_0_piece0 in memory on e0b25feeb0e2:41043 (size: 37.2 KiB, free: 366.3 MiB)
[2025-03-21T13:52:07.155+0000] {subprocess.py:93} INFO - 25/03/21 13:52:07 INFO SparkContext: Created broadcast 0 from broadcast at DAGScheduler.scala:1580
[2025-03-21T13:52:07.747+0000] {subprocess.py:93} INFO - 25/03/21 13:52:07 INFO DAGScheduler: Submitting 1 missing tasks from ResultStage 0 (MapPartitionsRDD[1] at parquet at NativeMethodAccessorImpl.java:0) (first 15 tasks are for partitions Vector(0))
[2025-03-21T13:52:07.749+0000] {subprocess.py:93} INFO - 25/03/21 13:52:07 INFO TaskSchedulerImpl: Adding task set 0.0 with 1 tasks resource profile 0
[2025-03-21T13:52:22.961+0000] {subprocess.py:93} INFO - 25/03/21 13:52:22 WARN TaskSchedulerImpl: Initial job has not accepted any resources; check your cluster UI to ensure that workers are registered and have sufficient resources
[2025-03-21T13:52:24.429+0000] {subprocess.py:93} INFO - 25/03/21 13:52:24 INFO StandaloneAppClient$ClientEndpoint: Executor added: app-20250321135058-0001/0 on worker-20250321134653-172.18.0.2-40107 (172.18.0.2:40107) with 2 core(s)
[2025-03-21T13:52:24.433+0000] {subprocess.py:93} INFO - 25/03/21 13:52:24 INFO StandaloneSchedulerBackend: Granted executor ID app-20250321135058-0001/0 on hostPort 172.18.0.2:40107 with 2 core(s), 1024.0 MiB RAM
[2025-03-21T13:52:25.056+0000] {subprocess.py:93} INFO - 25/03/21 13:52:25 INFO StandaloneAppClient$ClientEndpoint: Executor updated: app-20250321135058-0001/0 is now RUNNING
[2025-03-21T13:52:31.475+0000] {subprocess.py:93} INFO - 25/03/21 13:52:31 INFO StandaloneSchedulerBackend$StandaloneDriverEndpoint: Registered executor NettyRpcEndpointRef(spark-client://Executor) (172.18.0.2:40384) with ID 0,  ResourceProfileId 0
[2025-03-21T13:52:31.646+0000] {subprocess.py:93} INFO - 25/03/21 13:52:31 INFO BlockManagerMasterEndpoint: Registering block manager 172.18.0.2:33195 with 366.3 MiB RAM, BlockManagerId(0, 172.18.0.2, 33195, None)
[2025-03-21T13:52:31.215+0000] {subprocess.py:93} INFO - 25/03/21 13:52:31 INFO TaskSetManager: Starting task 0.0 in stage 0.0 (TID 0) (172.18.0.2, executor 0, partition 0, PROCESS_LOCAL, 7831 bytes)
[2025-03-21T13:52:30.892+0000] {subprocess.py:93} INFO - 25/03/21 13:52:30 INFO BlockManagerInfo: Added broadcast_0_piece0 in memory on 172.18.0.2:33195 (size: 37.2 KiB, free: 366.3 MiB)
[2025-03-21T13:52:33.626+0000] {subprocess.py:93} INFO - 25/03/21 13:52:33 INFO TaskSetManager: Finished task 0.0 in stage 0.0 (TID 0) in 1853 ms on 172.18.0.2 (executor 0) (1/1)
[2025-03-21T13:52:33.631+0000] {subprocess.py:93} INFO - 25/03/21 13:52:33 INFO TaskSchedulerImpl: Removed TaskSet 0.0, whose tasks have all completed, from pool
[2025-03-21T13:52:33.641+0000] {subprocess.py:93} INFO - 25/03/21 13:52:33 INFO DAGScheduler: ResultStage 0 (parquet at NativeMethodAccessorImpl.java:0) finished in 28.698 s
[2025-03-21T13:52:33.650+0000] {subprocess.py:93} INFO - 25/03/21 13:52:33 INFO DAGScheduler: Job 0 is finished. Cancelling potential speculative or zombie tasks for this job
[2025-03-21T13:52:33.651+0000] {subprocess.py:93} INFO - 25/03/21 13:52:33 INFO TaskSchedulerImpl: Killing all running tasks in stage 0: Stage finished
[2025-03-21T13:52:33.654+0000] {subprocess.py:93} INFO - 25/03/21 13:52:33 INFO DAGScheduler: Job 0 finished: parquet at NativeMethodAccessorImpl.java:0, took 31.134176 s
[2025-03-21T13:52:34.858+0000] {subprocess.py:93} INFO - 25/03/21 13:52:34 INFO BlockManagerInfo: Removed broadcast_0_piece0 on e0b25feeb0e2:41043 in memory (size: 37.2 KiB, free: 366.3 MiB)
[2025-03-21T13:52:34.868+0000] {subprocess.py:93} INFO - 25/03/21 13:52:34 INFO BlockManagerInfo: Removed broadcast_0_piece0 on 172.18.0.2:33195 in memory (size: 37.2 KiB, free: 366.3 MiB)
[2025-03-21T13:52:36.359+0000] {subprocess.py:93} INFO - 25/03/21 13:52:36 INFO FileSourceStrategy: Pushed Filters: IsNotNull(amount),GreaterThan(amount,1000.0)
[2025-03-21T13:52:36.363+0000] {subprocess.py:93} INFO - 25/03/21 13:52:36 INFO FileSourceStrategy: Post-Scan Filters: isnotnull(amount#2),(amount#2 > 1000.0)
[2025-03-21T13:52:36.575+0000] {subprocess.py:93} INFO - 25/03/21 13:52:36 INFO ParquetUtils: Using default output committer for Parquet: org.apache.parquet.hadoop.ParquetOutputCommitter
[2025-03-21T13:52:36.596+0000] {subprocess.py:93} INFO - 25/03/21 13:52:36 INFO FileOutputCommitter: File Output Committer Algorithm version is 1
[2025-03-21T13:52:36.597+0000] {subprocess.py:93} INFO - 25/03/21 13:52:36 INFO FileOutputCommitter: FileOutputCommitter skip cleanup _temporary folders under output directory:false, ignore cleanup failures: false
[2025-03-21T13:52:36.598+0000] {subprocess.py:93} INFO - 25/03/21 13:52:36 INFO SQLHadoopMapReduceCommitProtocol: Using user defined output committer class org.apache.parquet.hadoop.ParquetOutputCommitter
[2025-03-21T13:52:36.599+0000] {subprocess.py:93} INFO - 25/03/21 13:52:36 INFO FileOutputCommitter: File Output Committer Algorithm version is 1
[2025-03-21T13:52:36.600+0000] {subprocess.py:93} INFO - 25/03/21 13:52:36 INFO FileOutputCommitter: FileOutputCommitter skip cleanup _temporary folders under output directory:false, ignore cleanup failures: false
[2025-03-21T13:52:36.601+0000] {subprocess.py:93} INFO - 25/03/21 13:52:36 INFO SQLHadoopMapReduceCommitProtocol: Using output committer class org.apache.parquet.hadoop.ParquetOutputCommitter
[2025-03-21T13:52:37.119+0000] {subprocess.py:93} INFO - 25/03/21 13:52:37 INFO CodeGenerator: Code generated in 368.765843 ms
[2025-03-21T13:52:37.146+0000] {subprocess.py:93} INFO - 25/03/21 13:52:37 INFO MemoryStore: Block broadcast_1 stored as values in memory (estimated size 357.5 KiB, free 366.0 MiB)
[2025-03-21T13:52:37.162+0000] {subprocess.py:93} INFO - 25/03/21 13:52:37 INFO MemoryStore: Block broadcast_1_piece0 stored as bytes in memory (estimated size 35.2 KiB, free 365.9 MiB)
[2025-03-21T13:52:37.163+0000] {subprocess.py:93} INFO - 25/03/21 13:52:37 INFO BlockManagerInfo: Added broadcast_1_piece0 in memory on e0b25feeb0e2:41043 (size: 35.2 KiB, free: 366.3 MiB)
[2025-03-21T13:52:37.165+0000] {subprocess.py:93} INFO - 25/03/21 13:52:37 INFO SparkContext: Created broadcast 1 from parquet at NativeMethodAccessorImpl.java:0
[2025-03-21T13:52:37.185+0000] {subprocess.py:93} INFO - 25/03/21 13:52:37 INFO FileSourceScanExec: Planning scan with bin packing, max size: 4194304 bytes, open cost is considered as scanning 4194304 bytes.
[2025-03-21T13:52:37.241+0000] {subprocess.py:93} INFO - 25/03/21 13:52:37 INFO SparkContext: Starting job: parquet at NativeMethodAccessorImpl.java:0
[2025-03-21T13:52:37.244+0000] {subprocess.py:93} INFO - 25/03/21 13:52:37 INFO DAGScheduler: Got job 1 (parquet at NativeMethodAccessorImpl.java:0) with 1 output partitions
[2025-03-21T13:52:37.245+0000] {subprocess.py:93} INFO - 25/03/21 13:52:37 INFO DAGScheduler: Final stage: ResultStage 1 (parquet at NativeMethodAccessorImpl.java:0)
[2025-03-21T13:52:37.246+0000] {subprocess.py:93} INFO - 25/03/21 13:52:37 INFO DAGScheduler: Parents of final stage: List()
[2025-03-21T13:52:37.247+0000] {subprocess.py:93} INFO - 25/03/21 13:52:37 INFO DAGScheduler: Missing parents: List()
[2025-03-21T13:52:37.248+0000] {subprocess.py:93} INFO - 25/03/21 13:52:37 INFO DAGScheduler: Submitting ResultStage 1 (MapPartitionsRDD[5] at parquet at NativeMethodAccessorImpl.java:0), which has no missing parents
[2025-03-21T13:52:37.340+0000] {subprocess.py:93} INFO - 25/03/21 13:52:37 INFO MemoryStore: Block broadcast_2 stored as values in memory (estimated size 219.2 KiB, free 365.7 MiB)
[2025-03-21T13:52:37.347+0000] {subprocess.py:93} INFO - 25/03/21 13:52:37 INFO MemoryStore: Block broadcast_2_piece0 stored as bytes in memory (estimated size 77.4 KiB, free 365.6 MiB)
[2025-03-21T13:52:37.348+0000] {subprocess.py:93} INFO - 25/03/21 13:52:37 INFO BlockManagerInfo: Added broadcast_2_piece0 in memory on e0b25feeb0e2:41043 (size: 77.4 KiB, free: 366.2 MiB)
[2025-03-21T13:52:37.349+0000] {subprocess.py:93} INFO - 25/03/21 13:52:37 INFO SparkContext: Created broadcast 2 from broadcast at DAGScheduler.scala:1580
[2025-03-21T13:52:37.351+0000] {subprocess.py:93} INFO - 25/03/21 13:52:37 INFO DAGScheduler: Submitting 1 missing tasks from ResultStage 1 (MapPartitionsRDD[5] at parquet at NativeMethodAccessorImpl.java:0) (first 15 tasks are for partitions Vector(0))
[2025-03-21T13:52:37.352+0000] {subprocess.py:93} INFO - 25/03/21 13:52:37 INFO TaskSchedulerImpl: Adding task set 1.0 with 1 tasks resource profile 0
[2025-03-21T13:52:37.361+0000] {subprocess.py:93} INFO - 25/03/21 13:52:37 INFO TaskSetManager: Starting task 0.0 in stage 1.0 (TID 1) (172.18.0.2, executor 0, partition 0, ANY, 8299 bytes)
[2025-03-21T13:52:37.435+0000] {subprocess.py:93} INFO - 25/03/21 13:52:37 INFO BlockManagerInfo: Added broadcast_2_piece0 in memory on 172.18.0.2:33195 (size: 77.4 KiB, free: 366.2 MiB)
[2025-03-21T13:52:38.991+0000] {subprocess.py:93} INFO - 25/03/21 13:52:38 INFO BlockManagerInfo: Added broadcast_1_piece0 in memory on 172.18.0.2:33195 (size: 35.2 KiB, free: 366.2 MiB)
[2025-03-21T13:52:39.599+0000] {subprocess.py:93} INFO - 25/03/21 13:52:39 INFO TaskSetManager: Finished task 0.0 in stage 1.0 (TID 1) in 2240 ms on 172.18.0.2 (executor 0) (1/1)
[2025-03-21T13:52:39.601+0000] {subprocess.py:93} INFO - 25/03/21 13:52:39 INFO TaskSchedulerImpl: Removed TaskSet 1.0, whose tasks have all completed, from pool
[2025-03-21T13:52:39.603+0000] {subprocess.py:93} INFO - 25/03/21 13:52:39 INFO DAGScheduler: ResultStage 1 (parquet at NativeMethodAccessorImpl.java:0) finished in 2.344 s
[2025-03-21T13:52:39.604+0000] {subprocess.py:93} INFO - 25/03/21 13:52:39 INFO DAGScheduler: Job 1 is finished. Cancelling potential speculative or zombie tasks for this job
[2025-03-21T13:52:39.605+0000] {subprocess.py:93} INFO - 25/03/21 13:52:39 INFO TaskSchedulerImpl: Killing all running tasks in stage 1: Stage finished
[2025-03-21T13:52:39.629+0000] {subprocess.py:93} INFO - 25/03/21 13:52:39 INFO DAGScheduler: Job 1 finished: parquet at NativeMethodAccessorImpl.java:0, took 2.361680 s
[2025-03-21T13:52:39.630+0000] {subprocess.py:93} INFO - 25/03/21 13:52:39 INFO FileFormatWriter: Start to commit write Job 5ef98d7c-714d-4a5c-b2e5-c1fb06228307.
[2025-03-21T13:52:39.721+0000] {subprocess.py:93} INFO - 25/03/21 13:52:39 INFO FileFormatWriter: Write Job 5ef98d7c-714d-4a5c-b2e5-c1fb06228307 committed. Elapsed time: 100 ms.
[2025-03-21T13:52:39.726+0000] {subprocess.py:93} INFO - 25/03/21 13:52:39 INFO FileFormatWriter: Finished processing stats for write job 5ef98d7c-714d-4a5c-b2e5-c1fb06228307.
[2025-03-21T13:52:39.735+0000] {subprocess.py:93} INFO - 25/03/21 13:52:39 INFO SparkContext: SparkContext is stopping with exitCode 0.
[2025-03-21T13:52:39.746+0000] {subprocess.py:93} INFO - 25/03/21 13:52:39 INFO SparkUI: Stopped Spark web UI at http://e0b25feeb0e2:4041
[2025-03-21T13:52:39.754+0000] {subprocess.py:93} INFO - 25/03/21 13:52:39 INFO StandaloneSchedulerBackend: Shutting down all executors
[2025-03-21T13:52:39.755+0000] {subprocess.py:93} INFO - 25/03/21 13:52:39 INFO StandaloneSchedulerBackend$StandaloneDriverEndpoint: Asking each executor to shut down
[2025-03-21T13:52:39.823+0000] {subprocess.py:93} INFO - 25/03/21 13:52:39 INFO MapOutputTrackerMasterEndpoint: MapOutputTrackerMasterEndpoint stopped!
[2025-03-21T13:52:39.848+0000] {subprocess.py:93} INFO - 25/03/21 13:52:39 INFO MemoryStore: MemoryStore cleared
[2025-03-21T13:52:39.849+0000] {subprocess.py:93} INFO - 25/03/21 13:52:39 INFO BlockManager: BlockManager stopped
[2025-03-21T13:52:39.928+0000] {subprocess.py:93} INFO - 25/03/21 13:52:39 INFO BlockManagerMaster: BlockManagerMaster stopped
[2025-03-21T13:52:39.931+0000] {subprocess.py:93} INFO - 25/03/21 13:52:39 INFO OutputCommitCoordinator$OutputCommitCoordinatorEndpoint: OutputCommitCoordinator stopped!
[2025-03-21T13:52:39.952+0000] {subprocess.py:93} INFO - 25/03/21 13:52:39 INFO SparkContext: Successfully stopped SparkContext
[2025-03-21T13:52:40.144+0000] {subprocess.py:93} INFO - 25/03/21 13:52:40 INFO ShutdownHookManager: Shutdown hook called
[2025-03-21T13:52:40.145+0000] {subprocess.py:93} INFO - 25/03/21 13:52:40 INFO ShutdownHookManager: Deleting directory /tmp/spark-0aa7778e-8c02-47de-a96c-d68e4fb2db60/pyspark-832af8b4-6eaf-4bf3-874e-5d05809a0d87
[2025-03-21T13:52:40.151+0000] {subprocess.py:93} INFO - 25/03/21 13:52:40 INFO ShutdownHookManager: Deleting directory /tmp/spark-0aa7778e-8c02-47de-a96c-d68e4fb2db60
[2025-03-21T13:52:40.156+0000] {subprocess.py:93} INFO - 25/03/21 13:52:40 INFO ShutdownHookManager: Deleting directory /tmp/spark-0cb4b5c7-f7bf-413c-9b9c-a9b7ab41e188
[2025-03-21T13:52:40.347+0000] {subprocess.py:97} INFO - Command exited with return code 0
[2025-03-21T13:52:40.407+0000] {taskinstance.py:1398} INFO - Marking task as SUCCESS. dag_id=transactions_pipeline, task_id=detect_fraud_batch_20250321_131820, execution_date=20250321T134239, start_date=20250321T134958, end_date=20250321T135240
[2025-03-21T13:52:40.471+0000] {local_task_job_runner.py:228} INFO - Task exited with return code 0
[2025-03-21T13:52:40.513+0000] {taskinstance.py:2776} INFO - 1 downstream tasks scheduled from follow-on schedule check
