[2025-03-20T11:29:58.107+0000] {taskinstance.py:1157} INFO - Dependencies all met for dep_context=non-requeueable deps ti=<TaskInstance: transactions_pipeline.detect_fraud manual__2025-03-20T11:29:38.835400+00:00 [queued]>
[2025-03-20T11:29:58.119+0000] {taskinstance.py:1157} INFO - Dependencies all met for dep_context=requeueable deps ti=<TaskInstance: transactions_pipeline.detect_fraud manual__2025-03-20T11:29:38.835400+00:00 [queued]>
[2025-03-20T11:29:58.120+0000] {taskinstance.py:1359} INFO - Starting attempt 1 of 1
[2025-03-20T11:29:58.145+0000] {taskinstance.py:1380} INFO - Executing <Task(BashOperator): detect_fraud> on 2025-03-20 11:29:38.835400+00:00
[2025-03-20T11:29:58.157+0000] {standard_task_runner.py:57} INFO - Started process 273 to run task
[2025-03-20T11:29:58.163+0000] {standard_task_runner.py:84} INFO - Running: ['***', 'tasks', 'run', 'transactions_pipeline', 'detect_fraud', 'manual__2025-03-20T11:29:38.835400+00:00', '--job-id', '274', '--raw', '--subdir', 'DAGS_FOLDER/fraud_detection_pipeline.py', '--cfg-path', '/tmp/tmpj689a8d9']
[2025-03-20T11:29:58.168+0000] {standard_task_runner.py:85} INFO - Job 274: Subtask detect_fraud
[2025-03-20T11:29:58.265+0000] {task_command.py:415} INFO - Running <TaskInstance: transactions_pipeline.detect_fraud manual__2025-03-20T11:29:38.835400+00:00 [running]> on host 55cedf2473a4
[2025-03-20T11:29:58.403+0000] {taskinstance.py:1660} INFO - Exporting env vars: AIRFLOW_CTX_DAG_OWNER='***' AIRFLOW_CTX_DAG_ID='transactions_pipeline' AIRFLOW_CTX_TASK_ID='detect_fraud' AIRFLOW_CTX_EXECUTION_DATE='2025-03-20T11:29:38.835400+00:00' AIRFLOW_CTX_TRY_NUMBER='1' AIRFLOW_CTX_DAG_RUN_ID='manual__2025-03-20T11:29:38.835400+00:00'
[2025-03-20T11:29:58.405+0000] {subprocess.py:63} INFO - Tmp dir root location: /tmp
[2025-03-20T11:29:58.407+0000] {subprocess.py:75} INFO - Running command: ['/bin/bash', '-c', '\n    docker exec hive beeline -u "jdbc:hive2://localhost:10000" --hiveconf hive.exec.dynamic.partition.mode=nonstrict -e"\n    CREATE TABLE IF NOT EXISTS fraud_detections (\n        transaction_id STRING,\n        date_time STRING,\n        amount DOUBLE,\n        customer_id STRING,\n        location STRING,\n        fraud_reason STRING\n    )\n    STORED AS PARQUET\n    LOCATION \'/data/fraud_detections\';\n    INSERT INTO TABLE fraud_detections\n    SELECT\n        t.transaction_id,\n        t.date_time,\n        t.amount,\n        t.customer_id,\n        t.location,\n        \'High Amount\' AS fraud_reason\n    FROM transactions t\n    WHERE t.batch_id = \'batch_0\'\n    AND t.amount > 1000;"\n    ']
[2025-03-20T11:29:58.421+0000] {subprocess.py:86} INFO - Output:
[2025-03-20T11:29:59.530+0000] {subprocess.py:93} INFO - SLF4J: Class path contains multiple SLF4J bindings.
[2025-03-20T11:29:59.530+0000] {subprocess.py:93} INFO - SLF4J: Found binding in [jar:file:/opt/hive/lib/log4j-slf4j-impl-2.17.1.jar!/org/slf4j/impl/StaticLoggerBinder.class]
[2025-03-20T11:29:59.531+0000] {subprocess.py:93} INFO - SLF4J: Found binding in [jar:file:/opt/hadoop/share/hadoop/common/lib/slf4j-log4j12-1.7.25.jar!/org/slf4j/impl/StaticLoggerBinder.class]
[2025-03-20T11:29:59.532+0000] {subprocess.py:93} INFO - SLF4J: See http://www.slf4j.org/codes.html#multiple_bindings for an explanation.
[2025-03-20T11:29:59.772+0000] {subprocess.py:93} INFO - SLF4J: Actual binding is of type [org.apache.logging.slf4j.Log4jLoggerFactory]
[2025-03-20T11:30:01.009+0000] {subprocess.py:93} INFO - Connecting to jdbc:hive2://localhost:10000
[2025-03-20T11:30:01.233+0000] {subprocess.py:93} INFO - Connected to: Apache Hive (version 3.1.3)
[2025-03-20T11:30:01.233+0000] {subprocess.py:93} INFO - Driver: Hive JDBC (version 3.1.3)
[2025-03-20T11:30:01.234+0000] {subprocess.py:93} INFO - Transaction isolation: TRANSACTION_REPEATABLE_READ
[2025-03-20T11:30:01.522+0000] {subprocess.py:93} INFO - INFO  : Compiling command(queryId=root_20250320113001_f33f0651-eeed-4c41-a934-bf22a40e0982): CREATE TABLE IF NOT EXISTS fraud_detections (
[2025-03-20T11:30:01.524+0000] {subprocess.py:93} INFO -         transaction_id STRING,
[2025-03-20T11:30:01.524+0000] {subprocess.py:93} INFO -         date_time STRING,
[2025-03-20T11:30:01.525+0000] {subprocess.py:93} INFO -         amount DOUBLE,
[2025-03-20T11:30:01.526+0000] {subprocess.py:93} INFO -         customer_id STRING,
[2025-03-20T11:30:01.526+0000] {subprocess.py:93} INFO -         location STRING,
[2025-03-20T11:30:01.527+0000] {subprocess.py:93} INFO -         fraud_reason STRING
[2025-03-20T11:30:01.527+0000] {subprocess.py:93} INFO -     )
[2025-03-20T11:30:01.528+0000] {subprocess.py:93} INFO -     STORED AS PARQUET
[2025-03-20T11:30:01.528+0000] {subprocess.py:93} INFO -     LOCATION '/data/fraud_detections'
[2025-03-20T11:30:01.529+0000] {subprocess.py:93} INFO - INFO  : Concurrency mode is disabled, not creating a lock manager
[2025-03-20T11:30:01.529+0000] {subprocess.py:93} INFO - INFO  : Semantic Analysis Completed (retrial = false)
[2025-03-20T11:30:01.530+0000] {subprocess.py:93} INFO - INFO  : Returning Hive schema: Schema(fieldSchemas:null, properties:null)
[2025-03-20T11:30:01.530+0000] {subprocess.py:93} INFO - INFO  : Completed compiling command(queryId=root_20250320113001_f33f0651-eeed-4c41-a934-bf22a40e0982); Time taken: 0.007 seconds
[2025-03-20T11:30:01.530+0000] {subprocess.py:93} INFO - INFO  : Concurrency mode is disabled, not creating a lock manager
[2025-03-20T11:30:01.531+0000] {subprocess.py:93} INFO - INFO  : Executing command(queryId=root_20250320113001_f33f0651-eeed-4c41-a934-bf22a40e0982): CREATE TABLE IF NOT EXISTS fraud_detections (
[2025-03-20T11:30:01.531+0000] {subprocess.py:93} INFO -         transaction_id STRING,
[2025-03-20T11:30:01.532+0000] {subprocess.py:93} INFO -         date_time STRING,
[2025-03-20T11:30:01.532+0000] {subprocess.py:93} INFO -         amount DOUBLE,
[2025-03-20T11:30:01.533+0000] {subprocess.py:93} INFO -         customer_id STRING,
[2025-03-20T11:30:01.533+0000] {subprocess.py:93} INFO -         location STRING,
[2025-03-20T11:30:01.533+0000] {subprocess.py:93} INFO -         fraud_reason STRING
[2025-03-20T11:30:01.534+0000] {subprocess.py:93} INFO -     )
[2025-03-20T11:30:01.534+0000] {subprocess.py:93} INFO -     STORED AS PARQUET
[2025-03-20T11:30:01.535+0000] {subprocess.py:93} INFO -     LOCATION '/data/fraud_detections'
[2025-03-20T11:30:01.536+0000] {subprocess.py:93} INFO - INFO  : Starting task [Stage-0:DDL] in serial mode
[2025-03-20T11:30:01.537+0000] {subprocess.py:93} INFO - INFO  : Completed executing command(queryId=root_20250320113001_f33f0651-eeed-4c41-a934-bf22a40e0982); Time taken: 0.206 seconds
[2025-03-20T11:30:01.537+0000] {subprocess.py:93} INFO - INFO  : OK
[2025-03-20T11:30:01.538+0000] {subprocess.py:93} INFO - INFO  : Concurrency mode is disabled, not creating a lock manager
[2025-03-20T11:30:01.539+0000] {subprocess.py:93} INFO - No rows affected (0.274 seconds)
[2025-03-20T11:30:05.655+0000] {subprocess.py:93} INFO - INFO  : Compiling command(queryId=root_20250320113001_e85efa3f-ec4f-417c-9e4e-a1c506ff8844): INSERT INTO TABLE fraud_detections
[2025-03-20T11:30:05.656+0000] {subprocess.py:93} INFO -     SELECT
[2025-03-20T11:30:05.657+0000] {subprocess.py:93} INFO -         t.transaction_id,
[2025-03-20T11:30:05.658+0000] {subprocess.py:93} INFO -         t.date_time,
[2025-03-20T11:30:05.658+0000] {subprocess.py:93} INFO -         t.amount,
[2025-03-20T11:30:05.659+0000] {subprocess.py:93} INFO -         t.customer_id,
[2025-03-20T11:30:05.661+0000] {subprocess.py:93} INFO -         t.location,
[2025-03-20T11:30:05.661+0000] {subprocess.py:93} INFO -         'High Amount' AS fraud_reason
[2025-03-20T11:30:05.662+0000] {subprocess.py:93} INFO -     FROM transactions t
[2025-03-20T11:30:05.663+0000] {subprocess.py:93} INFO -     WHERE t.batch_id = 'batch_0'
[2025-03-20T11:30:05.663+0000] {subprocess.py:93} INFO -     AND t.amount > 1000
[2025-03-20T11:30:05.664+0000] {subprocess.py:93} INFO - INFO  : Concurrency mode is disabled, not creating a lock manager
[2025-03-20T11:30:05.664+0000] {subprocess.py:93} INFO - INFO  : Semantic Analysis Completed (retrial = false)
[2025-03-20T11:30:05.665+0000] {subprocess.py:93} INFO - INFO  : Returning Hive schema: Schema(fieldSchemas:[FieldSchema(name:t.transaction_id, type:string, comment:null), FieldSchema(name:t.date_time, type:string, comment:null), FieldSchema(name:t.amount, type:double, comment:null), FieldSchema(name:t.customer_id, type:string, comment:null), FieldSchema(name:t.location, type:string, comment:null), FieldSchema(name:fraud_reason, type:string, comment:null)], properties:null)
[2025-03-20T11:30:05.666+0000] {subprocess.py:93} INFO - INFO  : Completed compiling command(queryId=root_20250320113001_e85efa3f-ec4f-417c-9e4e-a1c506ff8844); Time taken: 3.597 seconds
[2025-03-20T11:30:05.666+0000] {subprocess.py:93} INFO - INFO  : Concurrency mode is disabled, not creating a lock manager
[2025-03-20T11:30:05.666+0000] {subprocess.py:93} INFO - INFO  : Executing command(queryId=root_20250320113001_e85efa3f-ec4f-417c-9e4e-a1c506ff8844): INSERT INTO TABLE fraud_detections
[2025-03-20T11:30:05.667+0000] {subprocess.py:93} INFO -     SELECT
[2025-03-20T11:30:05.668+0000] {subprocess.py:93} INFO -         t.transaction_id,
[2025-03-20T11:30:05.668+0000] {subprocess.py:93} INFO -         t.date_time,
[2025-03-20T11:30:05.669+0000] {subprocess.py:93} INFO -         t.amount,
[2025-03-20T11:30:05.669+0000] {subprocess.py:93} INFO -         t.customer_id,
[2025-03-20T11:30:05.670+0000] {subprocess.py:93} INFO -         t.location,
[2025-03-20T11:30:05.671+0000] {subprocess.py:93} INFO -         'High Amount' AS fraud_reason
[2025-03-20T11:30:05.671+0000] {subprocess.py:93} INFO -     FROM transactions t
[2025-03-20T11:30:05.672+0000] {subprocess.py:93} INFO -     WHERE t.batch_id = 'batch_0'
[2025-03-20T11:30:05.672+0000] {subprocess.py:93} INFO -     AND t.amount > 1000
[2025-03-20T11:30:05.673+0000] {subprocess.py:93} INFO - INFO  : Query ID = root_20250320113001_e85efa3f-ec4f-417c-9e4e-a1c506ff8844
[2025-03-20T11:30:05.673+0000] {subprocess.py:93} INFO - INFO  : Total jobs = 1
[2025-03-20T11:30:05.674+0000] {subprocess.py:93} INFO - INFO  : Launching Job 1 out of 1
[2025-03-20T11:30:05.674+0000] {subprocess.py:93} INFO - INFO  : Starting task [Stage-1:MAPRED] in serial mode
[2025-03-20T11:30:09.426+0000] {subprocess.py:93} INFO - ERROR : FAILED: Execution Error, return code 30041 from org.apache.hadoop.hive.ql.exec.spark.SparkTask. Failed to create Spark client for Spark session 9ec30d03-4987-4b83-a6de-a577cc648ef7
[2025-03-20T11:30:09.427+0000] {subprocess.py:93} INFO - INFO  : Completed executing command(queryId=root_20250320113001_e85efa3f-ec4f-417c-9e4e-a1c506ff8844); Time taken: 4.258 seconds
[2025-03-20T11:30:09.428+0000] {subprocess.py:93} INFO - INFO  : Concurrency mode is disabled, not creating a lock manager
[2025-03-20T11:30:09.439+0000] {subprocess.py:93} INFO - Error: Error while processing statement: FAILED: Execution Error, return code 30041 from org.apache.hadoop.hive.ql.exec.spark.SparkTask. Failed to create Spark client for Spark session 9ec30d03-4987-4b83-a6de-a577cc648ef7 (state=42000,code=30041)
[2025-03-20T11:30:09.448+0000] {subprocess.py:93} INFO - Closing: 0: jdbc:hive2://localhost:10000
[2025-03-20T11:30:09.524+0000] {subprocess.py:97} INFO - Command exited with return code 1
[2025-03-20T11:30:09.540+0000] {taskinstance.py:1935} ERROR - Task failed with exception
Traceback (most recent call last):
  File "/home/airflow/.local/lib/python3.8/site-packages/airflow/operators/bash.py", line 210, in execute
    raise AirflowException(
airflow.exceptions.AirflowException: Bash command failed. The command returned a non-zero exit code 1.
[2025-03-20T11:30:09.545+0000] {taskinstance.py:1398} INFO - Marking task as FAILED. dag_id=transactions_pipeline, task_id=detect_fraud, execution_date=20250320T112938, start_date=20250320T112958, end_date=20250320T113009
[2025-03-20T11:30:09.564+0000] {standard_task_runner.py:104} ERROR - Failed to execute job 274 for task detect_fraud (Bash command failed. The command returned a non-zero exit code 1.; 273)
[2025-03-20T11:30:09.574+0000] {local_task_job_runner.py:228} INFO - Task exited with return code 1
[2025-03-20T11:30:09.600+0000] {taskinstance.py:2776} INFO - 0 downstream tasks scheduled from follow-on schedule check
