[2025-03-19T19:43:10.591+0000] {taskinstance.py:1157} INFO - Dependencies all met for dep_context=non-requeueable deps ti=<TaskInstance: transactions_pipeline.create_hive_table manual__2025-03-19T19:43:00.710383+00:00 [queued]>
[2025-03-19T19:43:10.608+0000] {taskinstance.py:1157} INFO - Dependencies all met for dep_context=requeueable deps ti=<TaskInstance: transactions_pipeline.create_hive_table manual__2025-03-19T19:43:00.710383+00:00 [queued]>
[2025-03-19T19:43:10.609+0000] {taskinstance.py:1359} INFO - Starting attempt 1 of 1
[2025-03-19T19:43:10.635+0000] {taskinstance.py:1380} INFO - Executing <Task(BashOperator): create_hive_table> on 2025-03-19 19:43:00.710383+00:00
[2025-03-19T19:43:10.643+0000] {standard_task_runner.py:57} INFO - Started process 2505 to run task
[2025-03-19T19:43:10.647+0000] {standard_task_runner.py:84} INFO - Running: ['***', 'tasks', 'run', 'transactions_pipeline', 'create_hive_table', 'manual__2025-03-19T19:43:00.710383+00:00', '--job-id', '134', '--raw', '--subdir', 'DAGS_FOLDER/fraud_detection_pipeline.py', '--cfg-path', '/tmp/tmp9qsizpvg']
[2025-03-19T19:43:10.652+0000] {standard_task_runner.py:85} INFO - Job 134: Subtask create_hive_table
[2025-03-19T19:43:10.721+0000] {task_command.py:415} INFO - Running <TaskInstance: transactions_pipeline.create_hive_table manual__2025-03-19T19:43:00.710383+00:00 [running]> on host 347688f31140
[2025-03-19T19:43:10.807+0000] {logging_mixin.py:151} WARNING - /home/***/.local/lib/python3.8/site-packages/***/utils/context.py:206 AirflowContextDeprecationWarning: Accessing 'execution_date' from the template is deprecated and will be removed in a future version. Please use 'data_interval_start' or 'logical_date' instead.
[2025-03-19T19:43:10.871+0000] {taskinstance.py:1660} INFO - Exporting env vars: AIRFLOW_CTX_DAG_OWNER='***' AIRFLOW_CTX_DAG_ID='transactions_pipeline' AIRFLOW_CTX_TASK_ID='create_hive_table' AIRFLOW_CTX_EXECUTION_DATE='2025-03-19T19:43:00.710383+00:00' AIRFLOW_CTX_TRY_NUMBER='1' AIRFLOW_CTX_DAG_RUN_ID='manual__2025-03-19T19:43:00.710383+00:00'
[2025-03-19T19:43:10.874+0000] {subprocess.py:63} INFO - Tmp dir root location: /tmp
[2025-03-19T19:43:10.876+0000] {subprocess.py:75} INFO - Running command: ['/bin/bash', '-c', '\n    docker exec hive beeline -u "jdbc:hive2://localhost:10000" --hiveconf hive.exec.dynamic.partition.mode=nonstrict -e "\n    CREATE EXTERNAL TABLE IF NOT EXISTS transactions (\n        transaction_id STRING,\n        date_time STRING,\n        amount DOUBLE,\n        currency STRING,\n        merchant_details STRING,\n        customer_id STRING,\n        transaction_type STRING,\n        location STRING\n    )\n    PARTITIONED BY (batch_id STRING)\n    STORED AS PARQUET\n    LOCATION \'/data/transactions/transactions_batch_0\';\n    ALTER TABLE transactions ADD IF NOT EXISTS PARTITION (batch_id=\'batch_20250319_194300\') LOCATION \'/data/transactions/transactions_batch_0\';"\n    ']
[2025-03-19T19:43:10.897+0000] {subprocess.py:86} INFO - Output:
[2025-03-19T19:43:12.647+0000] {subprocess.py:93} INFO - SLF4J: Class path contains multiple SLF4J bindings.
[2025-03-19T19:43:12.649+0000] {subprocess.py:93} INFO - SLF4J: Found binding in [jar:file:/opt/hive/lib/log4j-slf4j-impl-2.17.1.jar!/org/slf4j/impl/StaticLoggerBinder.class]
[2025-03-19T19:43:12.650+0000] {subprocess.py:93} INFO - SLF4J: Found binding in [jar:file:/opt/hadoop/share/hadoop/common/lib/slf4j-log4j12-1.7.25.jar!/org/slf4j/impl/StaticLoggerBinder.class]
[2025-03-19T19:43:12.651+0000] {subprocess.py:93} INFO - SLF4J: See http://www.slf4j.org/codes.html#multiple_bindings for an explanation.
[2025-03-19T19:43:12.894+0000] {subprocess.py:93} INFO - SLF4J: Actual binding is of type [org.apache.logging.slf4j.Log4jLoggerFactory]
[2025-03-19T19:43:14.605+0000] {subprocess.py:93} INFO - Connecting to jdbc:hive2://localhost:10000
[2025-03-19T19:43:14.898+0000] {subprocess.py:93} INFO - Connected to: Apache Hive (version 3.1.3)
[2025-03-19T19:43:14.899+0000] {subprocess.py:93} INFO - Driver: Hive JDBC (version 3.1.3)
[2025-03-19T19:43:14.899+0000] {subprocess.py:93} INFO - Transaction isolation: TRANSACTION_REPEATABLE_READ
[2025-03-19T19:43:15.058+0000] {subprocess.py:93} INFO - INFO  : Compiling command(queryId=root_20250319194314_3c65dc30-14ce-4fc4-9629-59ed8cd397b5): CREATE EXTERNAL TABLE IF NOT EXISTS transactions (
[2025-03-19T19:43:15.060+0000] {subprocess.py:93} INFO -         transaction_id STRING,
[2025-03-19T19:43:15.061+0000] {subprocess.py:93} INFO -         date_time STRING,
[2025-03-19T19:43:15.062+0000] {subprocess.py:93} INFO -         amount DOUBLE,
[2025-03-19T19:43:15.063+0000] {subprocess.py:93} INFO -         currency STRING,
[2025-03-19T19:43:15.063+0000] {subprocess.py:93} INFO -         merchant_details STRING,
[2025-03-19T19:43:15.064+0000] {subprocess.py:93} INFO -         customer_id STRING,
[2025-03-19T19:43:15.065+0000] {subprocess.py:93} INFO -         transaction_type STRING,
[2025-03-19T19:43:15.065+0000] {subprocess.py:93} INFO -         location STRING
[2025-03-19T19:43:15.066+0000] {subprocess.py:93} INFO -     )
[2025-03-19T19:43:15.066+0000] {subprocess.py:93} INFO -     PARTITIONED BY (batch_id STRING)
[2025-03-19T19:43:15.067+0000] {subprocess.py:93} INFO -     STORED AS PARQUET
[2025-03-19T19:43:15.067+0000] {subprocess.py:93} INFO -     LOCATION '/data/transactions/transactions_batch_0'
[2025-03-19T19:43:15.068+0000] {subprocess.py:93} INFO - INFO  : Concurrency mode is disabled, not creating a lock manager
[2025-03-19T19:43:15.069+0000] {subprocess.py:93} INFO - INFO  : Semantic Analysis Completed (retrial = false)
[2025-03-19T19:43:15.069+0000] {subprocess.py:93} INFO - INFO  : Returning Hive schema: Schema(fieldSchemas:null, properties:null)
[2025-03-19T19:43:15.070+0000] {subprocess.py:93} INFO - INFO  : Completed compiling command(queryId=root_20250319194314_3c65dc30-14ce-4fc4-9629-59ed8cd397b5); Time taken: 0.005 seconds
[2025-03-19T19:43:15.071+0000] {subprocess.py:93} INFO - INFO  : Concurrency mode is disabled, not creating a lock manager
[2025-03-19T19:43:15.072+0000] {subprocess.py:93} INFO - INFO  : Executing command(queryId=root_20250319194314_3c65dc30-14ce-4fc4-9629-59ed8cd397b5): CREATE EXTERNAL TABLE IF NOT EXISTS transactions (
[2025-03-19T19:43:15.073+0000] {subprocess.py:93} INFO -         transaction_id STRING,
[2025-03-19T19:43:15.074+0000] {subprocess.py:93} INFO -         date_time STRING,
[2025-03-19T19:43:15.074+0000] {subprocess.py:93} INFO -         amount DOUBLE,
[2025-03-19T19:43:15.075+0000] {subprocess.py:93} INFO -         currency STRING,
[2025-03-19T19:43:15.075+0000] {subprocess.py:93} INFO -         merchant_details STRING,
[2025-03-19T19:43:15.076+0000] {subprocess.py:93} INFO -         customer_id STRING,
[2025-03-19T19:43:15.076+0000] {subprocess.py:93} INFO -         transaction_type STRING,
[2025-03-19T19:43:15.077+0000] {subprocess.py:93} INFO -         location STRING
[2025-03-19T19:43:15.077+0000] {subprocess.py:93} INFO -     )
[2025-03-19T19:43:15.078+0000] {subprocess.py:93} INFO -     PARTITIONED BY (batch_id STRING)
[2025-03-19T19:43:15.078+0000] {subprocess.py:93} INFO -     STORED AS PARQUET
[2025-03-19T19:43:15.079+0000] {subprocess.py:93} INFO -     LOCATION '/data/transactions/transactions_batch_0'
[2025-03-19T19:43:15.079+0000] {subprocess.py:93} INFO - INFO  : Starting task [Stage-0:DDL] in serial mode
[2025-03-19T19:43:15.080+0000] {subprocess.py:93} INFO - INFO  : Completed executing command(queryId=root_20250319194314_3c65dc30-14ce-4fc4-9629-59ed8cd397b5); Time taken: 0.076 seconds
[2025-03-19T19:43:15.081+0000] {subprocess.py:93} INFO - INFO  : OK
[2025-03-19T19:43:15.081+0000] {subprocess.py:93} INFO - INFO  : Concurrency mode is disabled, not creating a lock manager
[2025-03-19T19:43:15.082+0000] {subprocess.py:93} INFO - No rows affected (0.147 seconds)
[2025-03-19T19:43:15.201+0000] {subprocess.py:93} INFO - INFO  : Compiling command(queryId=root_20250319194315_ca680fb8-50ea-433b-bbe0-8c916d1e1321): ALTER TABLE transactions ADD IF NOT EXISTS PARTITION (batch_id='batch_20250319_194300') LOCATION '/data/transactions/transactions_batch_0'
[2025-03-19T19:43:15.202+0000] {subprocess.py:93} INFO - INFO  : Concurrency mode is disabled, not creating a lock manager
[2025-03-19T19:43:15.203+0000] {subprocess.py:93} INFO - INFO  : Semantic Analysis Completed (retrial = false)
[2025-03-19T19:43:15.204+0000] {subprocess.py:93} INFO - INFO  : Returning Hive schema: Schema(fieldSchemas:null, properties:null)
[2025-03-19T19:43:15.204+0000] {subprocess.py:93} INFO - INFO  : Completed compiling command(queryId=root_20250319194315_ca680fb8-50ea-433b-bbe0-8c916d1e1321); Time taken: 0.023 seconds
[2025-03-19T19:43:15.205+0000] {subprocess.py:93} INFO - INFO  : Concurrency mode is disabled, not creating a lock manager
[2025-03-19T19:43:15.205+0000] {subprocess.py:93} INFO - INFO  : Executing command(queryId=root_20250319194315_ca680fb8-50ea-433b-bbe0-8c916d1e1321): ALTER TABLE transactions ADD IF NOT EXISTS PARTITION (batch_id='batch_20250319_194300') LOCATION '/data/transactions/transactions_batch_0'
[2025-03-19T19:43:15.206+0000] {subprocess.py:93} INFO - INFO  : Starting task [Stage-0:DDL] in serial mode
[2025-03-19T19:43:15.207+0000] {subprocess.py:93} INFO - INFO  : Completed executing command(queryId=root_20250319194315_ca680fb8-50ea-433b-bbe0-8c916d1e1321); Time taken: 0.079 seconds
[2025-03-19T19:43:15.208+0000] {subprocess.py:93} INFO - INFO  : OK
[2025-03-19T19:43:15.208+0000] {subprocess.py:93} INFO - INFO  : Concurrency mode is disabled, not creating a lock manager
[2025-03-19T19:43:15.209+0000] {subprocess.py:93} INFO - No rows affected (0.116 seconds)
[2025-03-19T19:43:15.209+0000] {subprocess.py:93} INFO - Beeline version 3.1.3 by Apache Hive
[2025-03-19T19:43:15.216+0000] {subprocess.py:93} INFO - Closing: 0: jdbc:hive2://localhost:10000
[2025-03-19T19:43:15.267+0000] {subprocess.py:97} INFO - Command exited with return code 0
[2025-03-19T19:43:15.302+0000] {taskinstance.py:1398} INFO - Marking task as SUCCESS. dag_id=transactions_pipeline, task_id=create_hive_table, execution_date=20250319T194300, start_date=20250319T194310, end_date=20250319T194315
[2025-03-19T19:43:15.343+0000] {local_task_job_runner.py:228} INFO - Task exited with return code 0
[2025-03-19T19:43:15.381+0000] {taskinstance.py:2776} INFO - 1 downstream tasks scheduled from follow-on schedule check
