[2025-03-21T15:33:54.352+0000] {taskinstance.py:1157} INFO - Dependencies all met for dep_context=non-requeueable deps ti=<TaskInstance: transactions_pipeline.list_unprocessed_files manual__2025-03-21T15:33:50.136756+00:00 [queued]>
[2025-03-21T15:33:54.370+0000] {taskinstance.py:1157} INFO - Dependencies all met for dep_context=requeueable deps ti=<TaskInstance: transactions_pipeline.list_unprocessed_files manual__2025-03-21T15:33:50.136756+00:00 [queued]>
[2025-03-21T15:33:54.371+0000] {taskinstance.py:1359} INFO - Starting attempt 1 of 1
[2025-03-21T15:33:54.403+0000] {taskinstance.py:1380} INFO - Executing <Task(PythonOperator): list_unprocessed_files> on 2025-03-21 15:33:50.136756+00:00
[2025-03-21T15:33:54.413+0000] {standard_task_runner.py:57} INFO - Started process 7071 to run task
[2025-03-21T15:33:54.417+0000] {standard_task_runner.py:84} INFO - Running: ['***', 'tasks', 'run', 'transactions_pipeline', 'list_unprocessed_files', 'manual__2025-03-21T15:33:50.136756+00:00', '--job-id', '827', '--raw', '--subdir', 'DAGS_FOLDER/fraud_detection_pipeline.py', '--cfg-path', '/tmp/tmp6qtoz5ab']
[2025-03-21T15:33:54.420+0000] {standard_task_runner.py:85} INFO - Job 827: Subtask list_unprocessed_files
[2025-03-21T15:33:54.482+0000] {task_command.py:415} INFO - Running <TaskInstance: transactions_pipeline.list_unprocessed_files manual__2025-03-21T15:33:50.136756+00:00 [running]> on host e95638583d4d
[2025-03-21T15:33:54.612+0000] {taskinstance.py:1660} INFO - Exporting env vars: AIRFLOW_CTX_DAG_OWNER='***' AIRFLOW_CTX_DAG_ID='transactions_pipeline' AIRFLOW_CTX_TASK_ID='list_unprocessed_files' AIRFLOW_CTX_EXECUTION_DATE='2025-03-21T15:33:50.136756+00:00' AIRFLOW_CTX_TRY_NUMBER='1' AIRFLOW_CTX_DAG_RUN_ID='manual__2025-03-21T15:33:50.136756+00:00'
[2025-03-21T15:33:54.614+0000] {fraud_detection_pipeline.py:53} INFO - Listing files in /data/transactions
[2025-03-21T15:33:54.735+0000] {fraud_detection_pipeline.py:60} INFO - Command stdout: ''
[2025-03-21T15:33:54.736+0000] {fraud_detection_pipeline.py:61} INFO - Command stderr: ''
[2025-03-21T15:33:54.736+0000] {fraud_detection_pipeline.py:62} INFO - Command return code: 2
[2025-03-21T15:33:54.737+0000] {fraud_detection_pipeline.py:66} WARNING - Command failed with return code 2. Treating as no files found.
[2025-03-21T15:34:23.260+0000] {fraud_detection_pipeline.py:53} INFO - Listing files in /data/transactions
[2025-03-21T15:34:23.379+0000] {fraud_detection_pipeline.py:60} INFO - Command stdout: ''
[2025-03-21T15:34:23.379+0000] {fraud_detection_pipeline.py:61} INFO - Command stderr: ''
[2025-03-21T15:34:23.380+0000] {fraud_detection_pipeline.py:62} INFO - Command return code: 2
[2025-03-21T15:34:23.380+0000] {fraud_detection_pipeline.py:66} WARNING - Command failed with return code 2. Treating as no files found.
[2025-03-21T15:34:51.891+0000] {fraud_detection_pipeline.py:53} INFO - Listing files in /data/transactions
[2025-03-21T15:34:52.128+0000] {fraud_detection_pipeline.py:60} INFO - Command stdout: ''
[2025-03-21T15:34:52.129+0000] {fraud_detection_pipeline.py:61} INFO - Command stderr: ''
[2025-03-21T15:34:52.130+0000] {fraud_detection_pipeline.py:62} INFO - Command return code: 2
[2025-03-21T15:34:52.130+0000] {fraud_detection_pipeline.py:66} WARNING - Command failed with return code 2. Treating as no files found.
[2025-03-21T15:35:20.657+0000] {fraud_detection_pipeline.py:53} INFO - Listing files in /data/transactions
[2025-03-21T15:35:20.787+0000] {fraud_detection_pipeline.py:60} INFO - Command stdout: ''
[2025-03-21T15:35:20.788+0000] {fraud_detection_pipeline.py:61} INFO - Command stderr: ''
[2025-03-21T15:35:20.789+0000] {fraud_detection_pipeline.py:62} INFO - Command return code: 2
[2025-03-21T15:35:20.789+0000] {fraud_detection_pipeline.py:66} WARNING - Command failed with return code 2. Treating as no files found.
[2025-03-21T15:35:49.317+0000] {fraud_detection_pipeline.py:94} INFO - No batch files found in /data/transactions after waiting 120 seconds, skipping...
[2025-03-21T15:35:49.318+0000] {python.py:194} INFO - Done. Returned value was: []
[2025-03-21T15:35:49.376+0000] {taskinstance.py:1398} INFO - Marking task as SUCCESS. dag_id=transactions_pipeline, task_id=list_unprocessed_files, execution_date=20250321T153350, start_date=20250321T153354, end_date=20250321T153549
[2025-03-21T15:35:49.442+0000] {local_task_job_runner.py:228} INFO - Task exited with return code 0
[2025-03-21T15:35:49.466+0000] {taskinstance.py:2776} INFO - 0 downstream tasks scheduled from follow-on schedule check
