[2025-03-21T13:25:48.290+0000] {taskinstance.py:1157} INFO - Dependencies all met for dep_context=non-requeueable deps ti=<TaskInstance: transactions_pipeline.create_hive_table_batch_20250321_131741 scheduled__2025-03-21T13:18:54.061628+00:00 [queued]>
[2025-03-21T13:25:48.307+0000] {taskinstance.py:1157} INFO - Dependencies all met for dep_context=requeueable deps ti=<TaskInstance: transactions_pipeline.create_hive_table_batch_20250321_131741 scheduled__2025-03-21T13:18:54.061628+00:00 [queued]>
[2025-03-21T13:25:48.308+0000] {taskinstance.py:1359} INFO - Starting attempt 1 of 1
[2025-03-21T13:25:48.343+0000] {taskinstance.py:1380} INFO - Executing <Task(BashOperator): create_hive_table_batch_20250321_131741> on 2025-03-21 13:18:54.061628+00:00
[2025-03-21T13:25:48.356+0000] {standard_task_runner.py:57} INFO - Started process 1589 to run task
[2025-03-21T13:25:48.364+0000] {standard_task_runner.py:84} INFO - Running: ['***', 'tasks', 'run', 'transactions_pipeline', 'create_hive_table_batch_20250321_131741', 'scheduled__2025-03-21T13:18:54.061628+00:00', '--job-id', '617', '--raw', '--subdir', 'DAGS_FOLDER/fraud_detection_pipeline.py', '--cfg-path', '/tmp/tmpgmy73otu']
[2025-03-21T13:25:48.372+0000] {standard_task_runner.py:85} INFO - Job 617: Subtask create_hive_table_batch_20250321_131741
[2025-03-21T13:25:48.494+0000] {task_command.py:415} INFO - Running <TaskInstance: transactions_pipeline.create_hive_table_batch_20250321_131741 scheduled__2025-03-21T13:18:54.061628+00:00 [running]> on host 1b7c3466167a
[2025-03-21T13:25:48.885+0000] {taskinstance.py:1660} INFO - Exporting env vars: AIRFLOW_CTX_DAG_EMAIL='rabiizahnoune7@gmail.com' AIRFLOW_CTX_DAG_OWNER='***' AIRFLOW_CTX_DAG_ID='transactions_pipeline' AIRFLOW_CTX_TASK_ID='create_hive_table_batch_20250321_131741' AIRFLOW_CTX_EXECUTION_DATE='2025-03-21T13:18:54.061628+00:00' AIRFLOW_CTX_TRY_NUMBER='1' AIRFLOW_CTX_DAG_RUN_ID='scheduled__2025-03-21T13:18:54.061628+00:00'
[2025-03-21T13:25:48.892+0000] {subprocess.py:63} INFO - Tmp dir root location: /tmp
[2025-03-21T13:25:48.895+0000] {subprocess.py:75} INFO - Running command: ['/bin/bash', '-c', '\n            docker exec hive beeline -u "jdbc:hive2://localhost:10000" --hiveconf hive.exec.dynamic.partition.mode=nonstrict -e "\n            CREATE EXTERNAL TABLE IF NOT EXISTS transactions (\n                transaction_id STRING,\n                date_time STRING,\n                amount DOUBLE,\n                currency STRING,\n                merchant_details STRING,\n                customer_id STRING,\n                transaction_type STRING,\n                location STRING\n            )\n            PARTITIONED BY (batch_id STRING)\n            STORED AS PARQUET;\n            ALTER TABLE transactions ADD IF NOT EXISTS PARTITION (batch_id=\'batch_20250321_131741\') LOCATION \'/data/transactions/transactions_batch_20250321_131741\';"\n            ']
[2025-03-21T13:25:48.945+0000] {subprocess.py:86} INFO - Output:
[2025-03-21T13:26:13.636+0000] {subprocess.py:93} INFO - SLF4J: Class path contains multiple SLF4J bindings.
[2025-03-21T13:26:13.637+0000] {subprocess.py:93} INFO - SLF4J: Found binding in [jar:file:/opt/hive/lib/log4j-slf4j-impl-2.17.1.jar!/org/slf4j/impl/StaticLoggerBinder.class]
[2025-03-21T13:26:13.638+0000] {subprocess.py:93} INFO - SLF4J: Found binding in [jar:file:/opt/hadoop/share/hadoop/common/lib/slf4j-log4j12-1.7.25.jar!/org/slf4j/impl/StaticLoggerBinder.class]
[2025-03-21T13:26:13.638+0000] {subprocess.py:93} INFO - SLF4J: See http://www.slf4j.org/codes.html#multiple_bindings for an explanation.
[2025-03-21T13:26:19.626+0000] {subprocess.py:93} INFO - SLF4J: Actual binding is of type [org.apache.logging.slf4j.Log4jLoggerFactory]
[2025-03-21T13:26:58.591+0000] {subprocess.py:93} INFO - Connecting to jdbc:hive2://localhost:10000
[2025-03-21T13:27:14.173+0000] {job.py:219} ERROR - Job heartbeat got an exception
Traceback (most recent call last):
  File "/home/airflow/.local/lib/python3.8/site-packages/sqlalchemy/engine/base.py", line 3371, in _wrap_pool_connect
    return fn()
  File "/home/airflow/.local/lib/python3.8/site-packages/sqlalchemy/pool/base.py", line 327, in connect
    return _ConnectionFairy._checkout(self)
  File "/home/airflow/.local/lib/python3.8/site-packages/sqlalchemy/pool/base.py", line 894, in _checkout
    fairy = _ConnectionRecord.checkout(pool)
  File "/home/airflow/.local/lib/python3.8/site-packages/sqlalchemy/pool/base.py", line 493, in checkout
    rec = pool._do_get()
  File "/home/airflow/.local/lib/python3.8/site-packages/sqlalchemy/pool/impl.py", line 256, in _do_get
    return self._create_connection()
  File "/home/airflow/.local/lib/python3.8/site-packages/sqlalchemy/pool/base.py", line 273, in _create_connection
    return _ConnectionRecord(self)
  File "/home/airflow/.local/lib/python3.8/site-packages/sqlalchemy/pool/base.py", line 388, in __init__
    self.__connect()
  File "/home/airflow/.local/lib/python3.8/site-packages/sqlalchemy/pool/base.py", line 691, in __connect
    pool.logger.debug("Error on connect(): %s", e)
  File "/home/airflow/.local/lib/python3.8/site-packages/sqlalchemy/util/langhelpers.py", line 70, in __exit__
    compat.raise_(
  File "/home/airflow/.local/lib/python3.8/site-packages/sqlalchemy/util/compat.py", line 211, in raise_
    raise exception
  File "/home/airflow/.local/lib/python3.8/site-packages/sqlalchemy/pool/base.py", line 686, in __connect
    self.dbapi_connection = connection = pool._invoke_creator(self)
  File "/home/airflow/.local/lib/python3.8/site-packages/sqlalchemy/engine/create.py", line 574, in connect
    return dialect.connect(*cargs, **cparams)
  File "/home/airflow/.local/lib/python3.8/site-packages/sqlalchemy/engine/default.py", line 598, in connect
    return self.dbapi.connect(*cargs, **cparams)
  File "/home/airflow/.local/lib/python3.8/site-packages/psycopg2/__init__.py", line 122, in connect
    conn = _connect(dsn, connection_factory=connection_factory, **kwasync)
psycopg2.OperationalError: could not translate host name "postgres" to address: Temporary failure in name resolution


The above exception was the direct cause of the following exception:

Traceback (most recent call last):
  File "/home/airflow/.local/lib/python3.8/site-packages/airflow/jobs/job.py", line 215, in heartbeat
    heartbeat_callback(session)
  File "/home/airflow/.local/lib/python3.8/site-packages/airflow/utils/session.py", line 74, in wrapper
    return func(*args, **kwargs)
  File "/home/airflow/.local/lib/python3.8/site-packages/airflow/jobs/local_task_job_runner.py", line 246, in heartbeat_callback
    self.task_instance.refresh_from_db()
  File "/home/airflow/.local/lib/python3.8/site-packages/airflow/utils/session.py", line 77, in wrapper
    return func(*args, session=session, **kwargs)
  File "/home/airflow/.local/lib/python3.8/site-packages/airflow/models/taskinstance.py", line 864, in refresh_from_db
    ti = qry.one_or_none()
  File "/home/airflow/.local/lib/python3.8/site-packages/sqlalchemy/orm/query.py", line 2850, in one_or_none
    return self._iter().one_or_none()
  File "/home/airflow/.local/lib/python3.8/site-packages/sqlalchemy/orm/query.py", line 2916, in _iter
    result = self.session.execute(
  File "/home/airflow/.local/lib/python3.8/site-packages/sqlalchemy/orm/session.py", line 1716, in execute
    conn = self._connection_for_bind(bind)
  File "/home/airflow/.local/lib/python3.8/site-packages/sqlalchemy/orm/session.py", line 1555, in _connection_for_bind
    return self._transaction._connection_for_bind(
  File "/home/airflow/.local/lib/python3.8/site-packages/sqlalchemy/orm/session.py", line 750, in _connection_for_bind
    conn = bind.connect()
  File "/home/airflow/.local/lib/python3.8/site-packages/sqlalchemy/future/engine.py", line 406, in connect
    return super(Engine, self).connect()
  File "/home/airflow/.local/lib/python3.8/site-packages/sqlalchemy/engine/base.py", line 3325, in connect
    return self._connection_cls(self, close_with_result=close_with_result)
  File "/home/airflow/.local/lib/python3.8/site-packages/sqlalchemy/engine/base.py", line 96, in __init__
    else engine.raw_connection()
  File "/home/airflow/.local/lib/python3.8/site-packages/sqlalchemy/engine/base.py", line 3404, in raw_connection
    return self._wrap_pool_connect(self.pool.connect, _connection)
  File "/home/airflow/.local/lib/python3.8/site-packages/sqlalchemy/engine/base.py", line 3374, in _wrap_pool_connect
    Connection._handle_dbapi_exception_noconnection(
  File "/home/airflow/.local/lib/python3.8/site-packages/sqlalchemy/engine/base.py", line 2208, in _handle_dbapi_exception_noconnection
    util.raise_(
  File "/home/airflow/.local/lib/python3.8/site-packages/sqlalchemy/util/compat.py", line 211, in raise_
    raise exception
  File "/home/airflow/.local/lib/python3.8/site-packages/sqlalchemy/engine/base.py", line 3371, in _wrap_pool_connect
    return fn()
  File "/home/airflow/.local/lib/python3.8/site-packages/sqlalchemy/pool/base.py", line 327, in connect
    return _ConnectionFairy._checkout(self)
  File "/home/airflow/.local/lib/python3.8/site-packages/sqlalchemy/pool/base.py", line 894, in _checkout
    fairy = _ConnectionRecord.checkout(pool)
  File "/home/airflow/.local/lib/python3.8/site-packages/sqlalchemy/pool/base.py", line 493, in checkout
    rec = pool._do_get()
  File "/home/airflow/.local/lib/python3.8/site-packages/sqlalchemy/pool/impl.py", line 256, in _do_get
    return self._create_connection()
  File "/home/airflow/.local/lib/python3.8/site-packages/sqlalchemy/pool/base.py", line 273, in _create_connection
    return _ConnectionRecord(self)
  File "/home/airflow/.local/lib/python3.8/site-packages/sqlalchemy/pool/base.py", line 388, in __init__
    self.__connect()
  File "/home/airflow/.local/lib/python3.8/site-packages/sqlalchemy/pool/base.py", line 691, in __connect
    pool.logger.debug("Error on connect(): %s", e)
  File "/home/airflow/.local/lib/python3.8/site-packages/sqlalchemy/util/langhelpers.py", line 70, in __exit__
    compat.raise_(
  File "/home/airflow/.local/lib/python3.8/site-packages/sqlalchemy/util/compat.py", line 211, in raise_
    raise exception
  File "/home/airflow/.local/lib/python3.8/site-packages/sqlalchemy/pool/base.py", line 686, in __connect
    self.dbapi_connection = connection = pool._invoke_creator(self)
  File "/home/airflow/.local/lib/python3.8/site-packages/sqlalchemy/engine/create.py", line 574, in connect
    return dialect.connect(*cargs, **cparams)
  File "/home/airflow/.local/lib/python3.8/site-packages/sqlalchemy/engine/default.py", line 598, in connect
    return self.dbapi.connect(*cargs, **cparams)
  File "/home/airflow/.local/lib/python3.8/site-packages/psycopg2/__init__.py", line 122, in connect
    conn = _connect(dsn, connection_factory=connection_factory, **kwasync)
sqlalchemy.exc.OperationalError: (psycopg2.OperationalError) could not translate host name "postgres" to address: Temporary failure in name resolution

(Background on this error at: https://sqlalche.me/e/14/e3q8)
[2025-03-21T13:27:27.245+0000] {subprocess.py:93} INFO - Connected to: Apache Hive (version 3.1.3)
[2025-03-21T13:27:27.248+0000] {subprocess.py:93} INFO - Driver: Hive JDBC (version 3.1.3)
[2025-03-21T13:27:27.250+0000] {subprocess.py:93} INFO - Transaction isolation: TRANSACTION_REPEATABLE_READ
[2025-03-21T13:27:31.208+0000] {subprocess.py:93} INFO - INFO  : Compiling command(queryId=root_20250321132728_27f5dd74-2ba3-40de-a197-b5ca5d0b4a57): CREATE EXTERNAL TABLE IF NOT EXISTS transactions (
[2025-03-21T13:27:31.210+0000] {subprocess.py:93} INFO -                 transaction_id STRING,
[2025-03-21T13:27:31.211+0000] {subprocess.py:93} INFO -                 date_time STRING,
[2025-03-21T13:27:31.212+0000] {subprocess.py:93} INFO -                 amount DOUBLE,
[2025-03-21T13:27:31.222+0000] {subprocess.py:93} INFO -                 currency STRING,
[2025-03-21T13:27:31.224+0000] {subprocess.py:93} INFO -                 merchant_details STRING,
[2025-03-21T13:27:31.225+0000] {subprocess.py:93} INFO -                 customer_id STRING,
[2025-03-21T13:27:31.225+0000] {subprocess.py:93} INFO -                 transaction_type STRING,
[2025-03-21T13:27:31.226+0000] {subprocess.py:93} INFO -                 location STRING
[2025-03-21T13:27:31.227+0000] {subprocess.py:93} INFO -             )
[2025-03-21T13:27:31.227+0000] {subprocess.py:93} INFO -             PARTITIONED BY (batch_id STRING)
[2025-03-21T13:27:31.228+0000] {subprocess.py:93} INFO -             STORED AS PARQUET
[2025-03-21T13:27:31.228+0000] {subprocess.py:93} INFO - INFO  : Concurrency mode is disabled, not creating a lock manager
[2025-03-21T13:27:31.229+0000] {subprocess.py:93} INFO - INFO  : Semantic Analysis Completed (retrial = false)
[2025-03-21T13:27:31.229+0000] {subprocess.py:93} INFO - INFO  : Returning Hive schema: Schema(fieldSchemas:null, properties:null)
[2025-03-21T13:27:31.230+0000] {subprocess.py:93} INFO - INFO  : Completed compiling command(queryId=root_20250321132728_27f5dd74-2ba3-40de-a197-b5ca5d0b4a57); Time taken: 0.312 seconds
[2025-03-21T13:27:31.230+0000] {subprocess.py:93} INFO - INFO  : Concurrency mode is disabled, not creating a lock manager
[2025-03-21T13:27:31.231+0000] {subprocess.py:93} INFO - INFO  : Executing command(queryId=root_20250321132728_27f5dd74-2ba3-40de-a197-b5ca5d0b4a57): CREATE EXTERNAL TABLE IF NOT EXISTS transactions (
[2025-03-21T13:27:31.232+0000] {subprocess.py:93} INFO -                 transaction_id STRING,
[2025-03-21T13:27:31.233+0000] {subprocess.py:93} INFO -                 date_time STRING,
[2025-03-21T13:27:31.233+0000] {subprocess.py:93} INFO -                 amount DOUBLE,
[2025-03-21T13:27:31.234+0000] {subprocess.py:93} INFO -                 currency STRING,
[2025-03-21T13:27:31.234+0000] {subprocess.py:93} INFO -                 merchant_details STRING,
[2025-03-21T13:27:31.234+0000] {subprocess.py:93} INFO -                 customer_id STRING,
[2025-03-21T13:27:31.235+0000] {subprocess.py:93} INFO -                 transaction_type STRING,
[2025-03-21T13:27:31.235+0000] {subprocess.py:93} INFO -                 location STRING
[2025-03-21T13:27:31.235+0000] {subprocess.py:93} INFO -             )
[2025-03-21T13:27:31.235+0000] {subprocess.py:93} INFO -             PARTITIONED BY (batch_id STRING)
[2025-03-21T13:27:31.236+0000] {subprocess.py:93} INFO -             STORED AS PARQUET
[2025-03-21T13:27:31.236+0000] {subprocess.py:93} INFO - INFO  : Completed executing command(queryId=root_20250321132728_27f5dd74-2ba3-40de-a197-b5ca5d0b4a57); Time taken: 0.0 seconds
[2025-03-21T13:27:31.236+0000] {subprocess.py:93} INFO - INFO  : OK
[2025-03-21T13:27:31.237+0000] {subprocess.py:93} INFO - INFO  : Concurrency mode is disabled, not creating a lock manager
[2025-03-21T13:27:31.320+0000] {subprocess.py:93} INFO - No rows affected (3.667 seconds)
[2025-03-21T13:27:36.605+0000] {subprocess.py:93} INFO - INFO  : Compiling command(queryId=root_20250321132731_1c1f92c8-4f20-4be3-be4b-537df80afd91): ALTER TABLE transactions ADD IF NOT EXISTS PARTITION (batch_id='batch_20250321_131741') LOCATION '/data/transactions/transactions_batch_20250321_131741'
[2025-03-21T13:27:36.606+0000] {subprocess.py:93} INFO - INFO  : Concurrency mode is disabled, not creating a lock manager
[2025-03-21T13:27:36.607+0000] {subprocess.py:93} INFO - INFO  : Semantic Analysis Completed (retrial = false)
[2025-03-21T13:27:36.607+0000] {subprocess.py:93} INFO - INFO  : Returning Hive schema: Schema(fieldSchemas:null, properties:null)
[2025-03-21T13:27:36.608+0000] {subprocess.py:93} INFO - INFO  : Completed compiling command(queryId=root_20250321132731_1c1f92c8-4f20-4be3-be4b-537df80afd91); Time taken: 0.499 seconds
[2025-03-21T13:27:36.609+0000] {subprocess.py:93} INFO - INFO  : Concurrency mode is disabled, not creating a lock manager
[2025-03-21T13:27:36.609+0000] {subprocess.py:93} INFO - INFO  : Executing command(queryId=root_20250321132731_1c1f92c8-4f20-4be3-be4b-537df80afd91): ALTER TABLE transactions ADD IF NOT EXISTS PARTITION (batch_id='batch_20250321_131741') LOCATION '/data/transactions/transactions_batch_20250321_131741'
[2025-03-21T13:27:36.610+0000] {subprocess.py:93} INFO - INFO  : Starting task [Stage-0:DDL] in serial mode
[2025-03-21T13:27:38.084+0000] {subprocess.py:93} INFO - INFO  : Completed executing command(queryId=root_20250321132731_1c1f92c8-4f20-4be3-be4b-537df80afd91); Time taken: 4.796 seconds
[2025-03-21T13:27:38.087+0000] {subprocess.py:93} INFO - INFO  : OK
[2025-03-21T13:27:38.087+0000] {subprocess.py:93} INFO - INFO  : Concurrency mode is disabled, not creating a lock manager
[2025-03-21T13:27:38.088+0000] {subprocess.py:93} INFO - No rows affected (6.302 seconds)
[2025-03-21T13:27:38.427+0000] {subprocess.py:93} INFO - Beeline version 3.1.3 by Apache Hive
[2025-03-21T13:27:38.483+0000] {local_task_job_runner.py:294} WARNING - State of this instance has been externally set to removed. Terminating instance.
[2025-03-21T13:27:38.527+0000] {process_utils.py:131} INFO - Sending 15 to group 1589. PIDs of all processes in the group: [1614, 1615, 1589]
[2025-03-21T13:27:38.529+0000] {process_utils.py:86} INFO - Sending the signal 15 to group 1589
[2025-03-21T13:27:38.537+0000] {taskinstance.py:1630} ERROR - Received SIGTERM. Terminating subprocesses.
[2025-03-21T13:27:38.543+0000] {subprocess.py:104} INFO - Sending SIGTERM signal to process group
[2025-03-21T13:27:38.567+0000] {process_utils.py:79} INFO - Process psutil.Process(pid=1615, status='terminated', started='13:25:48') (1615) terminated with exit code None
[2025-03-21T13:27:38.822+0000] {process_utils.py:79} INFO - Process psutil.Process(pid=1589, status='terminated', exitcode=0, started='13:25:48') (1589) terminated with exit code 0
[2025-03-21T13:27:38.845+0000] {process_utils.py:79} INFO - Process psutil.Process(pid=1614, status='terminated', started='13:25:48') (1614) terminated with exit code None
