[2025-03-19T21:10:10.184+0000] {taskinstance.py:1157} INFO - Dependencies all met for dep_context=non-requeueable deps ti=<TaskInstance: transactions_pipeline.create_hive_table manual__2025-03-19T21:09:54.519331+00:00 [queued]>
[2025-03-19T21:10:10.212+0000] {taskinstance.py:1157} INFO - Dependencies all met for dep_context=requeueable deps ti=<TaskInstance: transactions_pipeline.create_hive_table manual__2025-03-19T21:09:54.519331+00:00 [queued]>
[2025-03-19T21:10:10.213+0000] {taskinstance.py:1359} INFO - Starting attempt 1 of 1
[2025-03-19T21:10:10.234+0000] {taskinstance.py:1380} INFO - Executing <Task(BashOperator): create_hive_table> on 2025-03-19 21:09:54.519331+00:00
[2025-03-19T21:10:10.240+0000] {standard_task_runner.py:57} INFO - Started process 290 to run task
[2025-03-19T21:10:10.247+0000] {standard_task_runner.py:84} INFO - Running: ['***', 'tasks', 'run', 'transactions_pipeline', 'create_hive_table', 'manual__2025-03-19T21:09:54.519331+00:00', '--job-id', '183', '--raw', '--subdir', 'DAGS_FOLDER/fraud_detection_pipeline.py', '--cfg-path', '/tmp/tmp961wj3ye']
[2025-03-19T21:10:10.251+0000] {standard_task_runner.py:85} INFO - Job 183: Subtask create_hive_table
[2025-03-19T21:10:10.338+0000] {task_command.py:415} INFO - Running <TaskInstance: transactions_pipeline.create_hive_table manual__2025-03-19T21:09:54.519331+00:00 [running]> on host 2b5af9d7d045
[2025-03-19T21:10:10.424+0000] {logging_mixin.py:151} WARNING - /home/***/.local/lib/python3.8/site-packages/***/utils/context.py:206 AirflowContextDeprecationWarning: Accessing 'execution_date' from the template is deprecated and will be removed in a future version. Please use 'data_interval_start' or 'logical_date' instead.
[2025-03-19T21:10:10.502+0000] {taskinstance.py:1660} INFO - Exporting env vars: AIRFLOW_CTX_DAG_OWNER='***' AIRFLOW_CTX_DAG_ID='transactions_pipeline' AIRFLOW_CTX_TASK_ID='create_hive_table' AIRFLOW_CTX_EXECUTION_DATE='2025-03-19T21:09:54.519331+00:00' AIRFLOW_CTX_TRY_NUMBER='1' AIRFLOW_CTX_DAG_RUN_ID='manual__2025-03-19T21:09:54.519331+00:00'
[2025-03-19T21:10:10.504+0000] {subprocess.py:63} INFO - Tmp dir root location: /tmp
[2025-03-19T21:10:10.505+0000] {subprocess.py:75} INFO - Running command: ['/bin/bash', '-c', '\n    docker exec hive beeline -u "jdbc:hive2://localhost:10000" --hiveconf hive.exec.dynamic.partition.mode=nonstrict -e "\n    CREATE EXTERNAL TABLE IF NOT EXISTS transactions (\n        transaction_id STRING,\n        date_time STRING,\n        amount DOUBLE,\n        currency STRING,\n        merchant_details STRING,\n        customer_id STRING,\n        transaction_type STRING,\n        location STRING\n    )\n    PARTITIONED BY (batch_id STRING)\n    STORED AS PARQUET\n    LOCATION \'/data/transactions/transactions_batch_0\';\n    ALTER TABLE transactions ADD IF NOT EXISTS PARTITION (batch_id=\'batch_20250319_210954\') LOCATION \'/data/transactions/transactions_batch_0\';"\n    ']
[2025-03-19T21:10:10.522+0000] {subprocess.py:86} INFO - Output:
[2025-03-19T21:10:12.372+0000] {subprocess.py:93} INFO - SLF4J: Class path contains multiple SLF4J bindings.
[2025-03-19T21:10:12.374+0000] {subprocess.py:93} INFO - SLF4J: Found binding in [jar:file:/opt/hive/lib/log4j-slf4j-impl-2.17.1.jar!/org/slf4j/impl/StaticLoggerBinder.class]
[2025-03-19T21:10:12.375+0000] {subprocess.py:93} INFO - SLF4J: Found binding in [jar:file:/opt/hadoop/share/hadoop/common/lib/slf4j-log4j12-1.7.25.jar!/org/slf4j/impl/StaticLoggerBinder.class]
[2025-03-19T21:10:12.376+0000] {subprocess.py:93} INFO - SLF4J: See http://www.slf4j.org/codes.html#multiple_bindings for an explanation.
[2025-03-19T21:10:12.619+0000] {subprocess.py:93} INFO - SLF4J: Actual binding is of type [org.apache.logging.slf4j.Log4jLoggerFactory]
[2025-03-19T21:10:14.250+0000] {subprocess.py:93} INFO - Connecting to jdbc:hive2://localhost:10000
[2025-03-19T21:10:14.566+0000] {subprocess.py:93} INFO - Connected to: Apache Hive (version 3.1.3)
[2025-03-19T21:10:14.567+0000] {subprocess.py:93} INFO - Driver: Hive JDBC (version 3.1.3)
[2025-03-19T21:10:14.568+0000] {subprocess.py:93} INFO - Transaction isolation: TRANSACTION_REPEATABLE_READ
[2025-03-19T21:10:15.197+0000] {subprocess.py:93} INFO - INFO  : Compiling command(queryId=root_20250319211014_fa2b4748-2be1-4e69-a108-4dcb3b45b33b): CREATE EXTERNAL TABLE IF NOT EXISTS transactions (
[2025-03-19T21:10:15.200+0000] {subprocess.py:93} INFO -         transaction_id STRING,
[2025-03-19T21:10:15.204+0000] {subprocess.py:93} INFO -         date_time STRING,
[2025-03-19T21:10:15.207+0000] {subprocess.py:93} INFO -         amount DOUBLE,
[2025-03-19T21:10:15.209+0000] {subprocess.py:93} INFO -         currency STRING,
[2025-03-19T21:10:15.210+0000] {subprocess.py:93} INFO -         merchant_details STRING,
[2025-03-19T21:10:15.211+0000] {subprocess.py:93} INFO -         customer_id STRING,
[2025-03-19T21:10:15.212+0000] {subprocess.py:93} INFO -         transaction_type STRING,
[2025-03-19T21:10:15.213+0000] {subprocess.py:93} INFO -         location STRING
[2025-03-19T21:10:15.213+0000] {subprocess.py:93} INFO -     )
[2025-03-19T21:10:15.215+0000] {subprocess.py:93} INFO -     PARTITIONED BY (batch_id STRING)
[2025-03-19T21:10:15.218+0000] {subprocess.py:93} INFO -     STORED AS PARQUET
[2025-03-19T21:10:15.219+0000] {subprocess.py:93} INFO -     LOCATION '/data/transactions/transactions_batch_0'
[2025-03-19T21:10:15.220+0000] {subprocess.py:93} INFO - INFO  : Concurrency mode is disabled, not creating a lock manager
[2025-03-19T21:10:15.222+0000] {subprocess.py:93} INFO - INFO  : Semantic Analysis Completed (retrial = false)
[2025-03-19T21:10:15.223+0000] {subprocess.py:93} INFO - INFO  : Returning Hive schema: Schema(fieldSchemas:null, properties:null)
[2025-03-19T21:10:15.223+0000] {subprocess.py:93} INFO - INFO  : Completed compiling command(queryId=root_20250319211014_fa2b4748-2be1-4e69-a108-4dcb3b45b33b); Time taken: 0.232 seconds
[2025-03-19T21:10:15.224+0000] {subprocess.py:93} INFO - INFO  : Concurrency mode is disabled, not creating a lock manager
[2025-03-19T21:10:15.225+0000] {subprocess.py:93} INFO - INFO  : Executing command(queryId=root_20250319211014_fa2b4748-2be1-4e69-a108-4dcb3b45b33b): CREATE EXTERNAL TABLE IF NOT EXISTS transactions (
[2025-03-19T21:10:15.225+0000] {subprocess.py:93} INFO -         transaction_id STRING,
[2025-03-19T21:10:15.226+0000] {subprocess.py:93} INFO -         date_time STRING,
[2025-03-19T21:10:15.227+0000] {subprocess.py:93} INFO -         amount DOUBLE,
[2025-03-19T21:10:15.227+0000] {subprocess.py:93} INFO -         currency STRING,
[2025-03-19T21:10:15.228+0000] {subprocess.py:93} INFO -         merchant_details STRING,
[2025-03-19T21:10:15.228+0000] {subprocess.py:93} INFO -         customer_id STRING,
[2025-03-19T21:10:15.229+0000] {subprocess.py:93} INFO -         transaction_type STRING,
[2025-03-19T21:10:15.230+0000] {subprocess.py:93} INFO -         location STRING
[2025-03-19T21:10:15.231+0000] {subprocess.py:93} INFO -     )
[2025-03-19T21:10:15.233+0000] {subprocess.py:93} INFO -     PARTITIONED BY (batch_id STRING)
[2025-03-19T21:10:15.234+0000] {subprocess.py:93} INFO -     STORED AS PARQUET
[2025-03-19T21:10:15.235+0000] {subprocess.py:93} INFO -     LOCATION '/data/transactions/transactions_batch_0'
[2025-03-19T21:10:15.236+0000] {subprocess.py:93} INFO - INFO  : Starting task [Stage-0:DDL] in serial mode
[2025-03-19T21:10:15.237+0000] {subprocess.py:93} INFO - INFO  : Completed executing command(queryId=root_20250319211014_fa2b4748-2be1-4e69-a108-4dcb3b45b33b); Time taken: 0.298 seconds
[2025-03-19T21:10:15.240+0000] {subprocess.py:93} INFO - INFO  : OK
[2025-03-19T21:10:15.241+0000] {subprocess.py:93} INFO - INFO  : Concurrency mode is disabled, not creating a lock manager
[2025-03-19T21:10:15.241+0000] {subprocess.py:93} INFO - No rows affected (0.611 seconds)
[2025-03-19T21:10:15.889+0000] {subprocess.py:93} INFO - INFO  : Compiling command(queryId=root_20250319211015_26ccb1ae-cfbb-47a0-bd93-31645cbfff90): ALTER TABLE transactions ADD IF NOT EXISTS PARTITION (batch_id='batch_20250319_210954') LOCATION '/data/transactions/transactions_batch_0'
[2025-03-19T21:10:15.890+0000] {subprocess.py:93} INFO - INFO  : Concurrency mode is disabled, not creating a lock manager
[2025-03-19T21:10:15.891+0000] {subprocess.py:93} INFO - INFO  : Semantic Analysis Completed (retrial = false)
[2025-03-19T21:10:15.892+0000] {subprocess.py:93} INFO - INFO  : Returning Hive schema: Schema(fieldSchemas:null, properties:null)
[2025-03-19T21:10:15.893+0000] {subprocess.py:93} INFO - INFO  : Completed compiling command(queryId=root_20250319211015_26ccb1ae-cfbb-47a0-bd93-31645cbfff90); Time taken: 0.312 seconds
[2025-03-19T21:10:15.894+0000] {subprocess.py:93} INFO - INFO  : Concurrency mode is disabled, not creating a lock manager
[2025-03-19T21:10:15.894+0000] {subprocess.py:93} INFO - INFO  : Executing command(queryId=root_20250319211015_26ccb1ae-cfbb-47a0-bd93-31645cbfff90): ALTER TABLE transactions ADD IF NOT EXISTS PARTITION (batch_id='batch_20250319_210954') LOCATION '/data/transactions/transactions_batch_0'
[2025-03-19T21:10:15.895+0000] {subprocess.py:93} INFO - INFO  : Starting task [Stage-0:DDL] in serial mode
[2025-03-19T21:10:15.895+0000] {subprocess.py:93} INFO - INFO  : Completed executing command(queryId=root_20250319211015_26ccb1ae-cfbb-47a0-bd93-31645cbfff90); Time taken: 0.326 seconds
[2025-03-19T21:10:15.896+0000] {subprocess.py:93} INFO - INFO  : OK
[2025-03-19T21:10:15.897+0000] {subprocess.py:93} INFO - INFO  : Concurrency mode is disabled, not creating a lock manager
[2025-03-19T21:10:15.898+0000] {subprocess.py:93} INFO - No rows affected (0.665 seconds)
[2025-03-19T21:10:15.899+0000] {subprocess.py:93} INFO - Beeline version 3.1.3 by Apache Hive
[2025-03-19T21:10:15.904+0000] {subprocess.py:93} INFO - Closing: 0: jdbc:hive2://localhost:10000
[2025-03-19T21:10:15.996+0000] {subprocess.py:97} INFO - Command exited with return code 0
[2025-03-19T21:10:16.032+0000] {taskinstance.py:1398} INFO - Marking task as SUCCESS. dag_id=transactions_pipeline, task_id=create_hive_table, execution_date=20250319T210954, start_date=20250319T211010, end_date=20250319T211016
[2025-03-19T21:10:16.071+0000] {local_task_job_runner.py:228} INFO - Task exited with return code 0
[2025-03-19T21:10:16.100+0000] {taskinstance.py:2776} INFO - 1 downstream tasks scheduled from follow-on schedule check
