[2025-03-21T13:42:13.778+0000] {taskinstance.py:1157} INFO - Dependencies all met for dep_context=non-requeueable deps ti=<TaskInstance: transactions_pipeline.create_fraud_table_batch_20250321_131741 scheduled__2025-03-21T13:32:39.231672+00:00 [queued]>
[2025-03-21T13:42:13.872+0000] {taskinstance.py:1157} INFO - Dependencies all met for dep_context=requeueable deps ti=<TaskInstance: transactions_pipeline.create_fraud_table_batch_20250321_131741 scheduled__2025-03-21T13:32:39.231672+00:00 [queued]>
[2025-03-21T13:42:13.875+0000] {taskinstance.py:1359} INFO - Starting attempt 1 of 1
[2025-03-21T13:42:14.231+0000] {taskinstance.py:1380} INFO - Executing <Task(BashOperator): create_fraud_table_batch_20250321_131741> on 2025-03-21 13:32:39.231672+00:00
[2025-03-21T13:42:14.289+0000] {standard_task_runner.py:57} INFO - Started process 3665 to run task
[2025-03-21T13:42:14.311+0000] {standard_task_runner.py:84} INFO - Running: ['***', 'tasks', 'run', 'transactions_pipeline', 'create_fraud_table_batch_20250321_131741', 'scheduled__2025-03-21T13:32:39.231672+00:00', '--job-id', '676', '--raw', '--subdir', 'DAGS_FOLDER/fraud_detection_pipeline.py', '--cfg-path', '/tmp/tmphk4nmwq_']
[2025-03-21T13:42:14.321+0000] {standard_task_runner.py:85} INFO - Job 676: Subtask create_fraud_table_batch_20250321_131741
[2025-03-21T13:42:14.834+0000] {task_command.py:415} INFO - Running <TaskInstance: transactions_pipeline.create_fraud_table_batch_20250321_131741 scheduled__2025-03-21T13:32:39.231672+00:00 [running]> on host 1b7c3466167a
[2025-03-21T13:42:15.498+0000] {taskinstance.py:1660} INFO - Exporting env vars: AIRFLOW_CTX_DAG_EMAIL='rabiizahnoune7@gmail.com' AIRFLOW_CTX_DAG_OWNER='***' AIRFLOW_CTX_DAG_ID='transactions_pipeline' AIRFLOW_CTX_TASK_ID='create_fraud_table_batch_20250321_131741' AIRFLOW_CTX_EXECUTION_DATE='2025-03-21T13:32:39.231672+00:00' AIRFLOW_CTX_TRY_NUMBER='1' AIRFLOW_CTX_DAG_RUN_ID='scheduled__2025-03-21T13:32:39.231672+00:00'
[2025-03-21T13:42:15.532+0000] {subprocess.py:63} INFO - Tmp dir root location: /tmp
[2025-03-21T13:42:14.174+0000] {subprocess.py:75} INFO - Running command: ['/bin/bash', '-c', '\n            docker exec hive beeline -u "jdbc:hive2://localhost:10000" -e "\n            CREATE EXTERNAL TABLE IF NOT EXISTS fraud_detections (\n                transaction_id STRING,\n                date_time STRING,\n                amount DOUBLE,\n                customer_id STRING,\n                location STRING,\n                fraud_reason STRING\n            )\n            STORED AS PARQUET\n            LOCATION \'/data/fraud_detections\';"\n            ']
[2025-03-21T13:42:14.303+0000] {subprocess.py:86} INFO - Output:
[2025-03-21T13:42:33.789+0000] {subprocess.py:93} INFO - SLF4J: Class path contains multiple SLF4J bindings.
[2025-03-21T13:42:33.790+0000] {subprocess.py:93} INFO - SLF4J: Found binding in [jar:file:/opt/hive/lib/log4j-slf4j-impl-2.17.1.jar!/org/slf4j/impl/StaticLoggerBinder.class]
[2025-03-21T13:42:33.791+0000] {subprocess.py:93} INFO - SLF4J: Found binding in [jar:file:/opt/hadoop/share/hadoop/common/lib/slf4j-log4j12-1.7.25.jar!/org/slf4j/impl/StaticLoggerBinder.class]
[2025-03-21T13:42:33.791+0000] {subprocess.py:93} INFO - SLF4J: See http://www.slf4j.org/codes.html#multiple_bindings for an explanation.
[2025-03-21T13:42:36.975+0000] {subprocess.py:93} INFO - SLF4J: Actual binding is of type [org.apache.logging.slf4j.Log4jLoggerFactory]
[2025-03-21T13:42:56.898+0000] {subprocess.py:93} INFO - Connecting to jdbc:hive2://localhost:10000
[2025-03-21T13:43:07.958+0000] {subprocess.py:93} INFO - Connected to: Apache Hive (version 3.1.3)
[2025-03-21T13:43:07.973+0000] {subprocess.py:93} INFO - Driver: Hive JDBC (version 3.1.3)
[2025-03-21T13:43:07.974+0000] {subprocess.py:93} INFO - Transaction isolation: TRANSACTION_REPEATABLE_READ
[2025-03-21T13:43:17.463+0000] {job.py:219} ERROR - Job heartbeat got an exception
Traceback (most recent call last):
  File "/home/airflow/.local/lib/python3.8/site-packages/sqlalchemy/engine/base.py", line 3371, in _wrap_pool_connect
    return fn()
  File "/home/airflow/.local/lib/python3.8/site-packages/sqlalchemy/pool/base.py", line 327, in connect
    return _ConnectionFairy._checkout(self)
  File "/home/airflow/.local/lib/python3.8/site-packages/sqlalchemy/pool/base.py", line 894, in _checkout
    fairy = _ConnectionRecord.checkout(pool)
  File "/home/airflow/.local/lib/python3.8/site-packages/sqlalchemy/pool/base.py", line 493, in checkout
    rec = pool._do_get()
  File "/home/airflow/.local/lib/python3.8/site-packages/sqlalchemy/pool/impl.py", line 256, in _do_get
    return self._create_connection()
  File "/home/airflow/.local/lib/python3.8/site-packages/sqlalchemy/pool/base.py", line 273, in _create_connection
    return _ConnectionRecord(self)
  File "/home/airflow/.local/lib/python3.8/site-packages/sqlalchemy/pool/base.py", line 388, in __init__
    self.__connect()
  File "/home/airflow/.local/lib/python3.8/site-packages/sqlalchemy/pool/base.py", line 691, in __connect
    pool.logger.debug("Error on connect(): %s", e)
  File "/home/airflow/.local/lib/python3.8/site-packages/sqlalchemy/util/langhelpers.py", line 70, in __exit__
    compat.raise_(
  File "/home/airflow/.local/lib/python3.8/site-packages/sqlalchemy/util/compat.py", line 211, in raise_
    raise exception
  File "/home/airflow/.local/lib/python3.8/site-packages/sqlalchemy/pool/base.py", line 686, in __connect
    self.dbapi_connection = connection = pool._invoke_creator(self)
  File "/home/airflow/.local/lib/python3.8/site-packages/sqlalchemy/engine/create.py", line 574, in connect
    return dialect.connect(*cargs, **cparams)
  File "/home/airflow/.local/lib/python3.8/site-packages/sqlalchemy/engine/default.py", line 598, in connect
    return self.dbapi.connect(*cargs, **cparams)
  File "/home/airflow/.local/lib/python3.8/site-packages/psycopg2/__init__.py", line 122, in connect
    conn = _connect(dsn, connection_factory=connection_factory, **kwasync)
psycopg2.OperationalError: could not translate host name "postgres" to address: Temporary failure in name resolution


The above exception was the direct cause of the following exception:

Traceback (most recent call last):
  File "/home/airflow/.local/lib/python3.8/site-packages/airflow/jobs/job.py", line 190, in heartbeat
    session.merge(self)
  File "/home/airflow/.local/lib/python3.8/site-packages/sqlalchemy/orm/session.py", line 3056, in merge
    return self._merge(
  File "/home/airflow/.local/lib/python3.8/site-packages/sqlalchemy/orm/session.py", line 3136, in _merge
    merged = self.get(
  File "/home/airflow/.local/lib/python3.8/site-packages/sqlalchemy/orm/session.py", line 2853, in get
    return self._get_impl(
  File "/home/airflow/.local/lib/python3.8/site-packages/sqlalchemy/orm/session.py", line 2975, in _get_impl
    return db_load_fn(
  File "/home/airflow/.local/lib/python3.8/site-packages/sqlalchemy/orm/loading.py", line 530, in load_on_pk_identity
    session.execute(
  File "/home/airflow/.local/lib/python3.8/site-packages/sqlalchemy/orm/session.py", line 1716, in execute
    conn = self._connection_for_bind(bind)
  File "/home/airflow/.local/lib/python3.8/site-packages/sqlalchemy/orm/session.py", line 1555, in _connection_for_bind
    return self._transaction._connection_for_bind(
  File "/home/airflow/.local/lib/python3.8/site-packages/sqlalchemy/orm/session.py", line 750, in _connection_for_bind
    conn = bind.connect()
  File "/home/airflow/.local/lib/python3.8/site-packages/sqlalchemy/future/engine.py", line 406, in connect
    return super(Engine, self).connect()
  File "/home/airflow/.local/lib/python3.8/site-packages/sqlalchemy/engine/base.py", line 3325, in connect
    return self._connection_cls(self, close_with_result=close_with_result)
  File "/home/airflow/.local/lib/python3.8/site-packages/sqlalchemy/engine/base.py", line 96, in __init__
    else engine.raw_connection()
  File "/home/airflow/.local/lib/python3.8/site-packages/sqlalchemy/engine/base.py", line 3404, in raw_connection
    return self._wrap_pool_connect(self.pool.connect, _connection)
  File "/home/airflow/.local/lib/python3.8/site-packages/sqlalchemy/engine/base.py", line 3374, in _wrap_pool_connect
    Connection._handle_dbapi_exception_noconnection(
  File "/home/airflow/.local/lib/python3.8/site-packages/sqlalchemy/engine/base.py", line 2208, in _handle_dbapi_exception_noconnection
    util.raise_(
  File "/home/airflow/.local/lib/python3.8/site-packages/sqlalchemy/util/compat.py", line 211, in raise_
    raise exception
  File "/home/airflow/.local/lib/python3.8/site-packages/sqlalchemy/engine/base.py", line 3371, in _wrap_pool_connect
    return fn()
  File "/home/airflow/.local/lib/python3.8/site-packages/sqlalchemy/pool/base.py", line 327, in connect
    return _ConnectionFairy._checkout(self)
  File "/home/airflow/.local/lib/python3.8/site-packages/sqlalchemy/pool/base.py", line 894, in _checkout
    fairy = _ConnectionRecord.checkout(pool)
  File "/home/airflow/.local/lib/python3.8/site-packages/sqlalchemy/pool/base.py", line 493, in checkout
    rec = pool._do_get()
  File "/home/airflow/.local/lib/python3.8/site-packages/sqlalchemy/pool/impl.py", line 256, in _do_get
    return self._create_connection()
  File "/home/airflow/.local/lib/python3.8/site-packages/sqlalchemy/pool/base.py", line 273, in _create_connection
    return _ConnectionRecord(self)
  File "/home/airflow/.local/lib/python3.8/site-packages/sqlalchemy/pool/base.py", line 388, in __init__
    self.__connect()
  File "/home/airflow/.local/lib/python3.8/site-packages/sqlalchemy/pool/base.py", line 691, in __connect
    pool.logger.debug("Error on connect(): %s", e)
  File "/home/airflow/.local/lib/python3.8/site-packages/sqlalchemy/util/langhelpers.py", line 70, in __exit__
    compat.raise_(
  File "/home/airflow/.local/lib/python3.8/site-packages/sqlalchemy/util/compat.py", line 211, in raise_
    raise exception
  File "/home/airflow/.local/lib/python3.8/site-packages/sqlalchemy/pool/base.py", line 686, in __connect
    self.dbapi_connection = connection = pool._invoke_creator(self)
  File "/home/airflow/.local/lib/python3.8/site-packages/sqlalchemy/engine/create.py", line 574, in connect
    return dialect.connect(*cargs, **cparams)
  File "/home/airflow/.local/lib/python3.8/site-packages/sqlalchemy/engine/default.py", line 598, in connect
    return self.dbapi.connect(*cargs, **cparams)
  File "/home/airflow/.local/lib/python3.8/site-packages/psycopg2/__init__.py", line 122, in connect
    conn = _connect(dsn, connection_factory=connection_factory, **kwasync)
sqlalchemy.exc.OperationalError: (psycopg2.OperationalError) could not translate host name "postgres" to address: Temporary failure in name resolution

(Background on this error at: https://sqlalche.me/e/14/e3q8)
[2025-03-21T13:43:26.315+0000] {subprocess.py:93} INFO - INFO  : Compiling command(queryId=root_20250321134307_452bf6ad-9144-45cf-ae19-5e47f47d4862): CREATE EXTERNAL TABLE IF NOT EXISTS fraud_detections (
[2025-03-21T13:43:26.316+0000] {subprocess.py:93} INFO -                 transaction_id STRING,
[2025-03-21T13:43:26.318+0000] {subprocess.py:93} INFO -                 date_time STRING,
[2025-03-21T13:43:26.319+0000] {subprocess.py:93} INFO -                 amount DOUBLE,
[2025-03-21T13:43:26.320+0000] {subprocess.py:93} INFO -                 customer_id STRING,
[2025-03-21T13:43:26.321+0000] {subprocess.py:93} INFO -                 location STRING,
[2025-03-21T13:43:26.321+0000] {subprocess.py:93} INFO -                 fraud_reason STRING
[2025-03-21T13:43:26.322+0000] {subprocess.py:93} INFO -             )
[2025-03-21T13:43:26.323+0000] {subprocess.py:93} INFO -             STORED AS PARQUET
[2025-03-21T13:43:26.323+0000] {subprocess.py:93} INFO -             LOCATION '/data/fraud_detections'
[2025-03-21T13:43:26.324+0000] {subprocess.py:93} INFO - INFO  : Concurrency mode is disabled, not creating a lock manager
[2025-03-21T13:43:26.324+0000] {subprocess.py:93} INFO - INFO  : Semantic Analysis Completed (retrial = false)
[2025-03-21T13:43:26.325+0000] {subprocess.py:93} INFO - INFO  : Returning Hive schema: Schema(fieldSchemas:null, properties:null)
[2025-03-21T13:43:26.332+0000] {subprocess.py:93} INFO - INFO  : Completed compiling command(queryId=root_20250321134307_452bf6ad-9144-45cf-ae19-5e47f47d4862); Time taken: 0.135 seconds
[2025-03-21T13:43:26.334+0000] {subprocess.py:93} INFO - INFO  : Concurrency mode is disabled, not creating a lock manager
[2025-03-21T13:43:26.338+0000] {subprocess.py:93} INFO - INFO  : Executing command(queryId=root_20250321134307_452bf6ad-9144-45cf-ae19-5e47f47d4862): CREATE EXTERNAL TABLE IF NOT EXISTS fraud_detections (
[2025-03-21T13:43:26.342+0000] {subprocess.py:93} INFO -                 transaction_id STRING,
[2025-03-21T13:43:26.345+0000] {subprocess.py:93} INFO -                 date_time STRING,
[2025-03-21T13:43:26.345+0000] {subprocess.py:93} INFO -                 amount DOUBLE,
[2025-03-21T13:43:26.346+0000] {subprocess.py:93} INFO -                 customer_id STRING,
[2025-03-21T13:43:26.347+0000] {subprocess.py:93} INFO -                 location STRING,
[2025-03-21T13:43:26.348+0000] {subprocess.py:93} INFO -                 fraud_reason STRING
[2025-03-21T13:43:26.348+0000] {subprocess.py:93} INFO -             )
[2025-03-21T13:43:26.349+0000] {subprocess.py:93} INFO -             STORED AS PARQUET
[2025-03-21T13:43:26.350+0000] {subprocess.py:93} INFO -             LOCATION '/data/fraud_detections'
[2025-03-21T13:43:26.350+0000] {subprocess.py:93} INFO - INFO  : Completed executing command(queryId=root_20250321134307_452bf6ad-9144-45cf-ae19-5e47f47d4862); Time taken: 0.007 seconds
[2025-03-21T13:43:26.351+0000] {subprocess.py:93} INFO - INFO  : OK
[2025-03-21T13:43:26.351+0000] {subprocess.py:93} INFO - INFO  : Concurrency mode is disabled, not creating a lock manager
[2025-03-21T13:43:26.351+0000] {subprocess.py:93} INFO - No rows affected (5.09 seconds)
[2025-03-21T13:43:26.352+0000] {subprocess.py:93} INFO - Beeline version 3.1.3 by Apache Hive
[2025-03-21T13:43:26.352+0000] {subprocess.py:93} INFO - Closing: 0: jdbc:hive2://localhost:10000
[2025-03-21T13:43:26.353+0000] {subprocess.py:93} INFO - 25/03/21 13:43:26 [Thread-1]: WARN util.ShutdownHookManager: ShutdownHook '' timeout, java.util.concurrent.TimeoutException
[2025-03-21T13:43:26.353+0000] {subprocess.py:93} INFO - java.util.concurrent.TimeoutException: null
[2025-03-21T13:43:26.353+0000] {subprocess.py:93} INFO - 	at java.util.concurrent.FutureTask.get(FutureTask.java:205) ~[?:1.8.0_342]
[2025-03-21T13:43:26.354+0000] {subprocess.py:93} INFO - 	at org.apache.hadoop.util.ShutdownHookManager$1.run(ShutdownHookManager.java:68) [hadoop-common-3.1.0.jar:?]
[2025-03-21T13:43:27.028+0000] {subprocess.py:97} INFO - Command exited with return code 0
[2025-03-21T13:43:27.157+0000] {taskinstance.py:1398} INFO - Marking task as SUCCESS. dag_id=transactions_pipeline, task_id=create_fraud_table_batch_20250321_131741, execution_date=20250321T133239, start_date=20250321T134213, end_date=20250321T134327
[2025-03-21T13:43:27.320+0000] {local_task_job_runner.py:228} INFO - Task exited with return code 0
[2025-03-21T13:43:27.521+0000] {taskinstance.py:2776} INFO - 1 downstream tasks scheduled from follow-on schedule check
