[2025-03-20T15:27:37.786+0000] {taskinstance.py:1157} INFO - Dependencies all met for dep_context=non-requeueable deps ti=<TaskInstance: transactions_pipeline.detect_fraud manual__2025-03-20T15:27:18.465074+00:00 [queued]>
[2025-03-20T15:27:37.799+0000] {taskinstance.py:1157} INFO - Dependencies all met for dep_context=requeueable deps ti=<TaskInstance: transactions_pipeline.detect_fraud manual__2025-03-20T15:27:18.465074+00:00 [queued]>
[2025-03-20T15:27:37.800+0000] {taskinstance.py:1359} INFO - Starting attempt 1 of 2
[2025-03-20T15:27:37.819+0000] {taskinstance.py:1380} INFO - Executing <Task(BashOperator): detect_fraud> on 2025-03-20 15:27:18.465074+00:00
[2025-03-20T15:27:37.828+0000] {standard_task_runner.py:57} INFO - Started process 3462 to run task
[2025-03-20T15:27:37.831+0000] {standard_task_runner.py:84} INFO - Running: ['***', 'tasks', 'run', 'transactions_pipeline', 'detect_fraud', 'manual__2025-03-20T15:27:18.465074+00:00', '--job-id', '367', '--raw', '--subdir', 'DAGS_FOLDER/fraud_detection_pipeline.py', '--cfg-path', '/tmp/tmpibyj4tbu']
[2025-03-20T15:27:37.834+0000] {standard_task_runner.py:85} INFO - Job 367: Subtask detect_fraud
[2025-03-20T15:27:37.890+0000] {task_command.py:415} INFO - Running <TaskInstance: transactions_pipeline.detect_fraud manual__2025-03-20T15:27:18.465074+00:00 [running]> on host 3938a1dd8bd9
[2025-03-20T15:27:38.015+0000] {taskinstance.py:1660} INFO - Exporting env vars: AIRFLOW_CTX_DAG_EMAIL='rabiizahnoune7@gmail.com' AIRFLOW_CTX_DAG_OWNER='***' AIRFLOW_CTX_DAG_ID='transactions_pipeline' AIRFLOW_CTX_TASK_ID='detect_fraud' AIRFLOW_CTX_EXECUTION_DATE='2025-03-20T15:27:18.465074+00:00' AIRFLOW_CTX_TRY_NUMBER='1' AIRFLOW_CTX_DAG_RUN_ID='manual__2025-03-20T15:27:18.465074+00:00'
[2025-03-20T15:27:38.018+0000] {subprocess.py:63} INFO - Tmp dir root location: /tmp
[2025-03-20T15:27:38.022+0000] {subprocess.py:75} INFO - Running command: ['/bin/bash', '-c', '\n        docker exec hive spark-submit --master spark://localhost:7077 /hive/scripts/detect_fraud.py "batch_20250320_144447"\n        ']
[2025-03-20T15:27:38.049+0000] {subprocess.py:86} INFO - Output:
[2025-03-20T15:27:41.156+0000] {subprocess.py:93} INFO - 25/03/20 15:27:41 INFO SparkContext: Running Spark version 3.5.0
[2025-03-20T15:27:41.160+0000] {subprocess.py:93} INFO - 25/03/20 15:27:41 INFO SparkContext: OS info Linux, 5.15.167.4-microsoft-standard-WSL2, amd64
[2025-03-20T15:27:41.161+0000] {subprocess.py:93} INFO - 25/03/20 15:27:41 INFO SparkContext: Java version 1.8.0_342
[2025-03-20T15:27:41.258+0000] {subprocess.py:93} INFO - 25/03/20 15:27:41 WARN NativeCodeLoader: Unable to load native-hadoop library for your platform... using builtin-java classes where applicable
[2025-03-20T15:27:41.384+0000] {subprocess.py:93} INFO - 25/03/20 15:27:41 INFO ResourceUtils: ==============================================================
[2025-03-20T15:27:41.385+0000] {subprocess.py:93} INFO - 25/03/20 15:27:41 INFO ResourceUtils: No custom resources configured for spark.driver.
[2025-03-20T15:27:41.386+0000] {subprocess.py:93} INFO - 25/03/20 15:27:41 INFO ResourceUtils: ==============================================================
[2025-03-20T15:27:41.386+0000] {subprocess.py:93} INFO - 25/03/20 15:27:41 INFO SparkContext: Submitted application: FraudDetection
[2025-03-20T15:27:41.419+0000] {subprocess.py:93} INFO - 25/03/20 15:27:41 INFO ResourceProfile: Default ResourceProfile created, executor resources: Map(memory -> name: memory, amount: 1024, script: , vendor: , offHeap -> name: offHeap, amount: 0, script: , vendor: ), task resources: Map(cpus -> name: cpus, amount: 1.0)
[2025-03-20T15:27:41.447+0000] {subprocess.py:93} INFO - 25/03/20 15:27:41 INFO ResourceProfile: Limiting resource is cpu
[2025-03-20T15:27:41.448+0000] {subprocess.py:93} INFO - 25/03/20 15:27:41 INFO ResourceProfileManager: Added ResourceProfile id: 0
[2025-03-20T15:27:41.521+0000] {subprocess.py:93} INFO - 25/03/20 15:27:41 INFO SecurityManager: Changing view acls to: root
[2025-03-20T15:27:41.522+0000] {subprocess.py:93} INFO - 25/03/20 15:27:41 INFO SecurityManager: Changing modify acls to: root
[2025-03-20T15:27:41.524+0000] {subprocess.py:93} INFO - 25/03/20 15:27:41 INFO SecurityManager: Changing view acls groups to:
[2025-03-20T15:27:41.526+0000] {subprocess.py:93} INFO - 25/03/20 15:27:41 INFO SecurityManager: Changing modify acls groups to:
[2025-03-20T15:27:41.529+0000] {subprocess.py:93} INFO - 25/03/20 15:27:41 INFO SecurityManager: SecurityManager: authentication disabled; ui acls disabled; users with view permissions: root; groups with view permissions: EMPTY; users with modify permissions: root; groups with modify permissions: EMPTY
[2025-03-20T15:27:41.853+0000] {subprocess.py:93} INFO - 25/03/20 15:27:41 INFO Utils: Successfully started service 'sparkDriver' on port 36885.
[2025-03-20T15:27:41.890+0000] {subprocess.py:93} INFO - 25/03/20 15:27:41 INFO SparkEnv: Registering MapOutputTracker
[2025-03-20T15:27:41.950+0000] {subprocess.py:93} INFO - 25/03/20 15:27:41 INFO SparkEnv: Registering BlockManagerMaster
[2025-03-20T15:27:41.981+0000] {subprocess.py:93} INFO - 25/03/20 15:27:41 INFO BlockManagerMasterEndpoint: Using org.apache.spark.storage.DefaultTopologyMapper for getting topology information
[2025-03-20T15:27:41.983+0000] {subprocess.py:93} INFO - 25/03/20 15:27:41 INFO BlockManagerMasterEndpoint: BlockManagerMasterEndpoint up
[2025-03-20T15:27:41.989+0000] {subprocess.py:93} INFO - 25/03/20 15:27:41 INFO SparkEnv: Registering BlockManagerMasterHeartbeat
[2025-03-20T15:27:42.128+0000] {subprocess.py:93} INFO - 25/03/20 15:27:42 INFO DiskBlockManager: Created local directory at /tmp/blockmgr-b9deece4-534f-4ea7-a298-01d9adf91f41
[2025-03-20T15:27:42.155+0000] {subprocess.py:93} INFO - 25/03/20 15:27:42 INFO MemoryStore: MemoryStore started with capacity 366.3 MiB
[2025-03-20T15:27:42.184+0000] {subprocess.py:93} INFO - 25/03/20 15:27:42 INFO SparkEnv: Registering OutputCommitCoordinator
[2025-03-20T15:27:42.417+0000] {subprocess.py:93} INFO - 25/03/20 15:27:42 INFO JettyUtils: Start Jetty 0.0.0.0:4040 for SparkUI
[2025-03-20T15:27:42.493+0000] {subprocess.py:93} INFO - 25/03/20 15:27:42 INFO Utils: Successfully started service 'SparkUI' on port 4040.
[2025-03-20T15:27:42.706+0000] {subprocess.py:93} INFO - 25/03/20 15:27:42 INFO StandaloneAppClient$ClientEndpoint: Connecting to master spark://localhost:7077...
[2025-03-20T15:27:42.830+0000] {subprocess.py:93} INFO - 25/03/20 15:27:42 INFO TransportClientFactory: Successfully created connection to localhost/127.0.0.1:7077 after 45 ms (0 ms spent in bootstraps)
[2025-03-20T15:27:43.050+0000] {subprocess.py:93} INFO - 25/03/20 15:27:43 INFO StandaloneSchedulerBackend: Connected to Spark cluster with app ID app-20250320152743-0018
[2025-03-20T15:27:43.061+0000] {subprocess.py:93} INFO - 25/03/20 15:27:43 INFO StandaloneAppClient$ClientEndpoint: Executor added: app-20250320152743-0018/0 on worker-20250320120146-172.18.0.6-34145 (172.18.0.6:34145) with 2 core(s)
[2025-03-20T15:27:43.065+0000] {subprocess.py:93} INFO - 25/03/20 15:27:43 INFO StandaloneSchedulerBackend: Granted executor ID app-20250320152743-0018/0 on hostPort 172.18.0.6:34145 with 2 core(s), 1024.0 MiB RAM
[2025-03-20T15:27:43.084+0000] {subprocess.py:93} INFO - 25/03/20 15:27:43 INFO Utils: Successfully started service 'org.apache.spark.network.netty.NettyBlockTransferService' on port 36405.
[2025-03-20T15:27:43.086+0000] {subprocess.py:93} INFO - 25/03/20 15:27:43 INFO NettyBlockTransferService: Server created on bcc1e3430c31:36405
[2025-03-20T15:27:43.093+0000] {subprocess.py:93} INFO - 25/03/20 15:27:43 INFO BlockManager: Using org.apache.spark.storage.RandomBlockReplicationPolicy for block replication policy
[2025-03-20T15:27:43.162+0000] {subprocess.py:93} INFO - 25/03/20 15:27:43 INFO BlockManagerMaster: Registering BlockManager BlockManagerId(driver, bcc1e3430c31, 36405, None)
[2025-03-20T15:27:43.169+0000] {subprocess.py:93} INFO - 25/03/20 15:27:43 INFO BlockManagerMasterEndpoint: Registering block manager bcc1e3430c31:36405 with 366.3 MiB RAM, BlockManagerId(driver, bcc1e3430c31, 36405, None)
[2025-03-20T15:27:43.176+0000] {subprocess.py:93} INFO - 25/03/20 15:27:43 INFO BlockManagerMaster: Registered BlockManager BlockManagerId(driver, bcc1e3430c31, 36405, None)
[2025-03-20T15:27:43.179+0000] {subprocess.py:93} INFO - 25/03/20 15:27:43 INFO BlockManager: Initialized BlockManager: BlockManagerId(driver, bcc1e3430c31, 36405, None)
[2025-03-20T15:27:43.283+0000] {subprocess.py:93} INFO - 25/03/20 15:27:43 INFO StandaloneAppClient$ClientEndpoint: Executor updated: app-20250320152743-0018/0 is now RUNNING
[2025-03-20T15:27:44.449+0000] {subprocess.py:93} INFO - 25/03/20 15:27:44 INFO StandaloneSchedulerBackend: SchedulerBackend is ready for scheduling beginning after reached minRegisteredResourcesRatio: 0.0
[2025-03-20T15:27:45.054+0000] {subprocess.py:93} INFO - Spark version: 3.5.0
[2025-03-20T15:27:45.488+0000] {subprocess.py:93} INFO - 25/03/20 15:27:45 INFO SharedState: Setting hive.metastore.warehouse.dir ('null') to the value of spark.sql.warehouse.dir.
[2025-03-20T15:27:47.107+0000] {subprocess.py:93} INFO - 25/03/20 15:27:47 INFO SharedState: Warehouse path is 'hdfs://localhost:9000/data/warehouse'.
[2025-03-20T15:27:50.410+0000] {subprocess.py:93} INFO - 25/03/20 15:27:50 INFO InMemoryFileIndex: It took 119 ms to list leaf files for 1 paths.
[2025-03-20T15:27:50.507+0000] {subprocess.py:93} INFO - 25/03/20 15:27:50 INFO StandaloneSchedulerBackend$StandaloneDriverEndpoint: Registered executor NettyRpcEndpointRef(spark-client://Executor) (172.18.0.6:57868) with ID 0,  ResourceProfileId 0
[2025-03-20T15:27:50.887+0000] {subprocess.py:93} INFO - 25/03/20 15:27:50 INFO BlockManagerMasterEndpoint: Registering block manager 172.18.0.6:45603 with 366.3 MiB RAM, BlockManagerId(0, 172.18.0.6, 45603, None)
[2025-03-20T15:27:51.787+0000] {subprocess.py:93} INFO - 25/03/20 15:27:51 INFO SparkContext: Starting job: parquet at NativeMethodAccessorImpl.java:0
[2025-03-20T15:27:51.814+0000] {subprocess.py:93} INFO - 25/03/20 15:27:51 INFO DAGScheduler: Got job 0 (parquet at NativeMethodAccessorImpl.java:0) with 1 output partitions
[2025-03-20T15:27:51.815+0000] {subprocess.py:93} INFO - 25/03/20 15:27:51 INFO DAGScheduler: Final stage: ResultStage 0 (parquet at NativeMethodAccessorImpl.java:0)
[2025-03-20T15:27:51.816+0000] {subprocess.py:93} INFO - 25/03/20 15:27:51 INFO DAGScheduler: Parents of final stage: List()
[2025-03-20T15:27:51.819+0000] {subprocess.py:93} INFO - 25/03/20 15:27:51 INFO DAGScheduler: Missing parents: List()
[2025-03-20T15:27:51.827+0000] {subprocess.py:93} INFO - 25/03/20 15:27:51 INFO DAGScheduler: Submitting ResultStage 0 (MapPartitionsRDD[1] at parquet at NativeMethodAccessorImpl.java:0), which has no missing parents
[2025-03-20T15:27:52.009+0000] {subprocess.py:93} INFO - 25/03/20 15:27:52 INFO MemoryStore: Block broadcast_0 stored as values in memory (estimated size 103.3 KiB, free 366.2 MiB)
[2025-03-20T15:27:52.081+0000] {subprocess.py:93} INFO - 25/03/20 15:27:52 INFO MemoryStore: Block broadcast_0_piece0 stored as bytes in memory (estimated size 37.2 KiB, free 366.2 MiB)
[2025-03-20T15:27:52.088+0000] {subprocess.py:93} INFO - 25/03/20 15:27:52 INFO BlockManagerInfo: Added broadcast_0_piece0 in memory on bcc1e3430c31:36405 (size: 37.2 KiB, free: 366.3 MiB)
[2025-03-20T15:27:52.095+0000] {subprocess.py:93} INFO - 25/03/20 15:27:52 INFO SparkContext: Created broadcast 0 from broadcast at DAGScheduler.scala:1580
[2025-03-20T15:27:52.116+0000] {subprocess.py:93} INFO - 25/03/20 15:27:52 INFO DAGScheduler: Submitting 1 missing tasks from ResultStage 0 (MapPartitionsRDD[1] at parquet at NativeMethodAccessorImpl.java:0) (first 15 tasks are for partitions Vector(0))
[2025-03-20T15:27:52.117+0000] {subprocess.py:93} INFO - 25/03/20 15:27:52 INFO TaskSchedulerImpl: Adding task set 0.0 with 1 tasks resource profile 0
[2025-03-20T15:27:52.157+0000] {subprocess.py:93} INFO - 25/03/20 15:27:52 INFO TaskSetManager: Starting task 0.0 in stage 0.0 (TID 0) (172.18.0.6, executor 0, partition 0, PROCESS_LOCAL, 7831 bytes)
[2025-03-20T15:27:52.554+0000] {subprocess.py:93} INFO - 25/03/20 15:27:52 INFO BlockManagerInfo: Added broadcast_0_piece0 in memory on 172.18.0.6:45603 (size: 37.2 KiB, free: 366.3 MiB)
[2025-03-20T15:27:54.680+0000] {subprocess.py:93} INFO - 25/03/20 15:27:54 INFO TaskSetManager: Finished task 0.0 in stage 0.0 (TID 0) in 2536 ms on 172.18.0.6 (executor 0) (1/1)
[2025-03-20T15:27:54.685+0000] {subprocess.py:93} INFO - 25/03/20 15:27:54 INFO TaskSchedulerImpl: Removed TaskSet 0.0, whose tasks have all completed, from pool
[2025-03-20T15:27:54.696+0000] {subprocess.py:93} INFO - 25/03/20 15:27:54 INFO DAGScheduler: ResultStage 0 (parquet at NativeMethodAccessorImpl.java:0) finished in 2.802 s
[2025-03-20T15:27:54.704+0000] {subprocess.py:93} INFO - 25/03/20 15:27:54 INFO DAGScheduler: Job 0 is finished. Cancelling potential speculative or zombie tasks for this job
[2025-03-20T15:27:54.706+0000] {subprocess.py:93} INFO - 25/03/20 15:27:54 INFO TaskSchedulerImpl: Killing all running tasks in stage 0: Stage finished
[2025-03-20T15:27:54.711+0000] {subprocess.py:93} INFO - 25/03/20 15:27:54 INFO DAGScheduler: Job 0 finished: parquet at NativeMethodAccessorImpl.java:0, took 2.921439 s
[2025-03-20T15:27:55.024+0000] {subprocess.py:93} INFO - 25/03/20 15:27:55 INFO BlockManagerInfo: Removed broadcast_0_piece0 on bcc1e3430c31:36405 in memory (size: 37.2 KiB, free: 366.3 MiB)
[2025-03-20T15:27:55.042+0000] {subprocess.py:93} INFO - 25/03/20 15:27:55 INFO BlockManagerInfo: Removed broadcast_0_piece0 on 172.18.0.6:45603 in memory (size: 37.2 KiB, free: 366.3 MiB)
[2025-03-20T15:27:56.871+0000] {subprocess.py:93} INFO - 25/03/20 15:27:56 INFO FileSourceStrategy: Pushed Filters: IsNotNull(amount),GreaterThan(amount,1000.0)
[2025-03-20T15:27:56.877+0000] {subprocess.py:93} INFO - 25/03/20 15:27:56 INFO FileSourceStrategy: Post-Scan Filters: isnotnull(amount#2),(amount#2 > 1000.0)
[2025-03-20T15:27:57.055+0000] {subprocess.py:93} INFO - 25/03/20 15:27:57 INFO ParquetUtils: Using default output committer for Parquet: org.apache.parquet.hadoop.ParquetOutputCommitter
[2025-03-20T15:27:57.084+0000] {subprocess.py:93} INFO - 25/03/20 15:27:57 INFO FileOutputCommitter: File Output Committer Algorithm version is 1
[2025-03-20T15:27:57.085+0000] {subprocess.py:93} INFO - 25/03/20 15:27:57 INFO FileOutputCommitter: FileOutputCommitter skip cleanup _temporary folders under output directory:false, ignore cleanup failures: false
[2025-03-20T15:27:57.085+0000] {subprocess.py:93} INFO - 25/03/20 15:27:57 INFO SQLHadoopMapReduceCommitProtocol: Using user defined output committer class org.apache.parquet.hadoop.ParquetOutputCommitter
[2025-03-20T15:27:57.086+0000] {subprocess.py:93} INFO - 25/03/20 15:27:57 INFO FileOutputCommitter: File Output Committer Algorithm version is 1
[2025-03-20T15:27:57.087+0000] {subprocess.py:93} INFO - 25/03/20 15:27:57 INFO FileOutputCommitter: FileOutputCommitter skip cleanup _temporary folders under output directory:false, ignore cleanup failures: false
[2025-03-20T15:27:57.087+0000] {subprocess.py:93} INFO - 25/03/20 15:27:57 INFO SQLHadoopMapReduceCommitProtocol: Using output committer class org.apache.parquet.hadoop.ParquetOutputCommitter
[2025-03-20T15:27:57.629+0000] {subprocess.py:93} INFO - 25/03/20 15:27:57 INFO CodeGenerator: Code generated in 405.21524 ms
[2025-03-20T15:27:57.662+0000] {subprocess.py:93} INFO - 25/03/20 15:27:57 INFO MemoryStore: Block broadcast_1 stored as values in memory (estimated size 357.5 KiB, free 366.0 MiB)
[2025-03-20T15:27:57.686+0000] {subprocess.py:93} INFO - 25/03/20 15:27:57 INFO MemoryStore: Block broadcast_1_piece0 stored as bytes in memory (estimated size 35.1 KiB, free 365.9 MiB)
[2025-03-20T15:27:57.689+0000] {subprocess.py:93} INFO - 25/03/20 15:27:57 INFO BlockManagerInfo: Added broadcast_1_piece0 in memory on bcc1e3430c31:36405 (size: 35.1 KiB, free: 366.3 MiB)
[2025-03-20T15:27:57.692+0000] {subprocess.py:93} INFO - 25/03/20 15:27:57 INFO SparkContext: Created broadcast 1 from parquet at NativeMethodAccessorImpl.java:0
[2025-03-20T15:27:57.734+0000] {subprocess.py:93} INFO - 25/03/20 15:27:57 INFO FileSourceScanExec: Planning scan with bin packing, max size: 4194304 bytes, open cost is considered as scanning 4194304 bytes.
[2025-03-20T15:27:57.824+0000] {subprocess.py:93} INFO - 25/03/20 15:27:57 INFO SparkContext: Starting job: parquet at NativeMethodAccessorImpl.java:0
[2025-03-20T15:27:57.826+0000] {subprocess.py:93} INFO - 25/03/20 15:27:57 INFO DAGScheduler: Got job 1 (parquet at NativeMethodAccessorImpl.java:0) with 1 output partitions
[2025-03-20T15:27:57.827+0000] {subprocess.py:93} INFO - 25/03/20 15:27:57 INFO DAGScheduler: Final stage: ResultStage 1 (parquet at NativeMethodAccessorImpl.java:0)
[2025-03-20T15:27:57.828+0000] {subprocess.py:93} INFO - 25/03/20 15:27:57 INFO DAGScheduler: Parents of final stage: List()
[2025-03-20T15:27:57.829+0000] {subprocess.py:93} INFO - 25/03/20 15:27:57 INFO DAGScheduler: Missing parents: List()
[2025-03-20T15:27:57.830+0000] {subprocess.py:93} INFO - 25/03/20 15:27:57 INFO DAGScheduler: Submitting ResultStage 1 (MapPartitionsRDD[5] at parquet at NativeMethodAccessorImpl.java:0), which has no missing parents
[2025-03-20T15:27:57.925+0000] {subprocess.py:93} INFO - 25/03/20 15:27:57 INFO MemoryStore: Block broadcast_2 stored as values in memory (estimated size 219.2 KiB, free 365.7 MiB)
[2025-03-20T15:27:57.931+0000] {subprocess.py:93} INFO - 25/03/20 15:27:57 INFO MemoryStore: Block broadcast_2_piece0 stored as bytes in memory (estimated size 77.4 KiB, free 365.6 MiB)
[2025-03-20T15:27:57.933+0000] {subprocess.py:93} INFO - 25/03/20 15:27:57 INFO BlockManagerInfo: Added broadcast_2_piece0 in memory on bcc1e3430c31:36405 (size: 77.4 KiB, free: 366.2 MiB)
[2025-03-20T15:27:57.934+0000] {subprocess.py:93} INFO - 25/03/20 15:27:57 INFO SparkContext: Created broadcast 2 from broadcast at DAGScheduler.scala:1580
[2025-03-20T15:27:57.935+0000] {subprocess.py:93} INFO - 25/03/20 15:27:57 INFO DAGScheduler: Submitting 1 missing tasks from ResultStage 1 (MapPartitionsRDD[5] at parquet at NativeMethodAccessorImpl.java:0) (first 15 tasks are for partitions Vector(0))
[2025-03-20T15:27:57.936+0000] {subprocess.py:93} INFO - 25/03/20 15:27:57 INFO TaskSchedulerImpl: Adding task set 1.0 with 1 tasks resource profile 0
[2025-03-20T15:27:57.950+0000] {subprocess.py:93} INFO - 25/03/20 15:27:57 INFO TaskSetManager: Starting task 0.0 in stage 1.0 (TID 1) (172.18.0.6, executor 0, partition 0, ANY, 8299 bytes)
[2025-03-20T15:27:58.076+0000] {subprocess.py:93} INFO - 25/03/20 15:27:58 INFO BlockManagerInfo: Added broadcast_2_piece0 in memory on 172.18.0.6:45603 (size: 77.4 KiB, free: 366.2 MiB)
[2025-03-20T15:28:00.814+0000] {subprocess.py:93} INFO - 25/03/20 15:28:00 INFO BlockManagerInfo: Added broadcast_1_piece0 in memory on 172.18.0.6:45603 (size: 35.1 KiB, free: 366.2 MiB)
[2025-03-20T15:28:02.009+0000] {subprocess.py:93} INFO - 25/03/20 15:28:02 INFO TaskSetManager: Finished task 0.0 in stage 1.0 (TID 1) in 4059 ms on 172.18.0.6 (executor 0) (1/1)
[2025-03-20T15:28:02.015+0000] {subprocess.py:93} INFO - 25/03/20 15:28:02 INFO TaskSchedulerImpl: Removed TaskSet 1.0, whose tasks have all completed, from pool
[2025-03-20T15:28:02.016+0000] {subprocess.py:93} INFO - 25/03/20 15:28:02 INFO DAGScheduler: ResultStage 1 (parquet at NativeMethodAccessorImpl.java:0) finished in 4.171 s
[2025-03-20T15:28:02.017+0000] {subprocess.py:93} INFO - 25/03/20 15:28:02 INFO DAGScheduler: Job 1 is finished. Cancelling potential speculative or zombie tasks for this job
[2025-03-20T15:28:02.018+0000] {subprocess.py:93} INFO - 25/03/20 15:28:02 INFO TaskSchedulerImpl: Killing all running tasks in stage 1: Stage finished
[2025-03-20T15:28:02.019+0000] {subprocess.py:93} INFO - 25/03/20 15:28:02 INFO DAGScheduler: Job 1 finished: parquet at NativeMethodAccessorImpl.java:0, took 4.186966 s
[2025-03-20T15:28:02.019+0000] {subprocess.py:93} INFO - 25/03/20 15:28:02 INFO FileFormatWriter: Start to commit write Job 3897e3fe-b95e-4d07-9947-7def1eab9ccd.
[2025-03-20T15:28:02.168+0000] {subprocess.py:93} INFO - 25/03/20 15:28:02 INFO FileFormatWriter: Write Job 3897e3fe-b95e-4d07-9947-7def1eab9ccd committed. Elapsed time: 146 ms.
[2025-03-20T15:28:02.176+0000] {subprocess.py:93} INFO - 25/03/20 15:28:02 INFO FileFormatWriter: Finished processing stats for write job 3897e3fe-b95e-4d07-9947-7def1eab9ccd.
[2025-03-20T15:28:02.190+0000] {subprocess.py:93} INFO - 25/03/20 15:28:02 INFO SparkContext: SparkContext is stopping with exitCode 0.
[2025-03-20T15:28:02.220+0000] {subprocess.py:93} INFO - 25/03/20 15:28:02 INFO SparkUI: Stopped Spark web UI at http://bcc1e3430c31:4040
[2025-03-20T15:28:02.235+0000] {subprocess.py:93} INFO - 25/03/20 15:28:02 INFO StandaloneSchedulerBackend: Shutting down all executors
[2025-03-20T15:28:02.236+0000] {subprocess.py:93} INFO - 25/03/20 15:28:02 INFO StandaloneSchedulerBackend$StandaloneDriverEndpoint: Asking each executor to shut down
[2025-03-20T15:28:02.307+0000] {subprocess.py:93} INFO - 25/03/20 15:28:02 INFO MapOutputTrackerMasterEndpoint: MapOutputTrackerMasterEndpoint stopped!
[2025-03-20T15:28:02.390+0000] {subprocess.py:93} INFO - 25/03/20 15:28:02 INFO MemoryStore: MemoryStore cleared
[2025-03-20T15:28:02.392+0000] {subprocess.py:93} INFO - 25/03/20 15:28:02 INFO BlockManager: BlockManager stopped
[2025-03-20T15:28:02.398+0000] {subprocess.py:93} INFO - 25/03/20 15:28:02 INFO BlockManagerMaster: BlockManagerMaster stopped
[2025-03-20T15:28:02.407+0000] {subprocess.py:93} INFO - 25/03/20 15:28:02 INFO OutputCommitCoordinator$OutputCommitCoordinatorEndpoint: OutputCommitCoordinator stopped!
[2025-03-20T15:28:02.418+0000] {subprocess.py:93} INFO - 25/03/20 15:28:02 INFO SparkContext: Successfully stopped SparkContext
[2025-03-20T15:28:02.650+0000] {subprocess.py:93} INFO - 25/03/20 15:28:02 INFO ShutdownHookManager: Shutdown hook called
[2025-03-20T15:28:02.651+0000] {subprocess.py:93} INFO - 25/03/20 15:28:02 INFO ShutdownHookManager: Deleting directory /tmp/spark-1d5d7829-8d5e-4b9f-9bbc-64a48d261828
[2025-03-20T15:28:02.656+0000] {subprocess.py:93} INFO - 25/03/20 15:28:02 INFO ShutdownHookManager: Deleting directory /tmp/spark-3ca0c462-46de-4eaa-8a23-85b6b423a228
[2025-03-20T15:28:02.660+0000] {subprocess.py:93} INFO - 25/03/20 15:28:02 INFO ShutdownHookManager: Deleting directory /tmp/spark-3ca0c462-46de-4eaa-8a23-85b6b423a228/pyspark-a7e7bb48-e97e-4c4b-b76c-ecfbd1a3d60f
[2025-03-20T15:28:02.718+0000] {subprocess.py:97} INFO - Command exited with return code 0
[2025-03-20T15:28:02.753+0000] {taskinstance.py:1398} INFO - Marking task as SUCCESS. dag_id=transactions_pipeline, task_id=detect_fraud, execution_date=20250320T152718, start_date=20250320T152737, end_date=20250320T152802
[2025-03-20T15:28:02.804+0000] {local_task_job_runner.py:228} INFO - Task exited with return code 0
[2025-03-20T15:28:02.825+0000] {taskinstance.py:2776} INFO - 0 downstream tasks scheduled from follow-on schedule check
