[2025-03-19T17:21:35.036+0000] {taskinstance.py:1157} INFO - Dependencies all met for dep_context=non-requeueable deps ti=<TaskInstance: transactions_pipeline.create_hive_table manual__2025-03-19T17:21:19.244980+00:00 [queued]>
[2025-03-19T17:21:35.059+0000] {taskinstance.py:1157} INFO - Dependencies all met for dep_context=requeueable deps ti=<TaskInstance: transactions_pipeline.create_hive_table manual__2025-03-19T17:21:19.244980+00:00 [queued]>
[2025-03-19T17:21:35.060+0000] {taskinstance.py:1359} INFO - Starting attempt 1 of 2
[2025-03-19T17:21:35.106+0000] {taskinstance.py:1380} INFO - Executing <Task(BashOperator): create_hive_table> on 2025-03-19 17:21:19.244980+00:00
[2025-03-19T17:21:35.123+0000] {standard_task_runner.py:57} INFO - Started process 435 to run task
[2025-03-19T17:21:35.129+0000] {standard_task_runner.py:84} INFO - Running: ['***', 'tasks', 'run', 'transactions_pipeline', 'create_hive_table', 'manual__2025-03-19T17:21:19.244980+00:00', '--job-id', '78', '--raw', '--subdir', 'DAGS_FOLDER/fraud_detection_pipeline.py', '--cfg-path', '/tmp/tmprn55fc2u']
[2025-03-19T17:21:35.142+0000] {standard_task_runner.py:85} INFO - Job 78: Subtask create_hive_table
[2025-03-19T17:21:35.256+0000] {task_command.py:415} INFO - Running <TaskInstance: transactions_pipeline.create_hive_table manual__2025-03-19T17:21:19.244980+00:00 [running]> on host 347688f31140
[2025-03-19T17:21:35.338+0000] {logging_mixin.py:151} WARNING - /home/***/.local/lib/python3.8/site-packages/***/utils/context.py:206 AirflowContextDeprecationWarning: Accessing 'execution_date' from the template is deprecated and will be removed in a future version. Please use 'data_interval_start' or 'logical_date' instead.
[2025-03-19T17:21:35.403+0000] {taskinstance.py:1660} INFO - Exporting env vars: AIRFLOW_CTX_DAG_OWNER='***' AIRFLOW_CTX_DAG_ID='transactions_pipeline' AIRFLOW_CTX_TASK_ID='create_hive_table' AIRFLOW_CTX_EXECUTION_DATE='2025-03-19T17:21:19.244980+00:00' AIRFLOW_CTX_TRY_NUMBER='1' AIRFLOW_CTX_DAG_RUN_ID='manual__2025-03-19T17:21:19.244980+00:00'
[2025-03-19T17:21:35.409+0000] {subprocess.py:63} INFO - Tmp dir root location: /tmp
[2025-03-19T17:21:35.410+0000] {subprocess.py:75} INFO - Running command: ['/bin/bash', '-c', '\n    docker exec hive beeline -u "jdbc:hive2://localhost:10000" --hiveconf hive.exec.dynamic.partition.mode=nonstrict -e "\n    CREATE EXTERNAL TABLE IF NOT EXISTS transactions (\n        transaction_id STRING,\n        date_time STRING,\n        amount DOUBLE,\n        currency STRING,\n        merchant_details STRING,\n        customer_id STRING,\n        transaction_type STRING,\n        location STRING\n    )\n    PARTITIONED BY (batch_id STRING)\n    STORED AS PARQUET\n    LOCATION \'/data/transactions/\';\n    ALTER TABLE transactions ADD IF NOT EXISTS PARTITION (batch_id=\'batch_20250319_172119\') LOCATION \'/data/transactions/transactions_batch_0\';"\n    ']
[2025-03-19T17:21:35.427+0000] {subprocess.py:86} INFO - Output:
[2025-03-19T17:21:37.003+0000] {subprocess.py:93} INFO - SLF4J: Class path contains multiple SLF4J bindings.
[2025-03-19T17:21:37.004+0000] {subprocess.py:93} INFO - SLF4J: Found binding in [jar:file:/opt/hive/lib/log4j-slf4j-impl-2.17.1.jar!/org/slf4j/impl/StaticLoggerBinder.class]
[2025-03-19T17:21:37.005+0000] {subprocess.py:93} INFO - SLF4J: Found binding in [jar:file:/opt/hadoop/share/hadoop/common/lib/slf4j-log4j12-1.7.25.jar!/org/slf4j/impl/StaticLoggerBinder.class]
[2025-03-19T17:21:37.006+0000] {subprocess.py:93} INFO - SLF4J: See http://www.slf4j.org/codes.html#multiple_bindings for an explanation.
[2025-03-19T17:21:37.675+0000] {subprocess.py:93} INFO - SLF4J: Actual binding is of type [org.apache.logging.slf4j.Log4jLoggerFactory]
[2025-03-19T17:21:39.839+0000] {subprocess.py:93} INFO - Connecting to jdbc:hive2://localhost:10000
[2025-03-19T17:21:40.260+0000] {subprocess.py:93} INFO - Connected to: Apache Hive (version 3.1.3)
[2025-03-19T17:21:40.261+0000] {subprocess.py:93} INFO - Driver: Hive JDBC (version 3.1.3)
[2025-03-19T17:21:40.262+0000] {subprocess.py:93} INFO - Transaction isolation: TRANSACTION_REPEATABLE_READ
[2025-03-19T17:21:40.384+0000] {subprocess.py:93} INFO - INFO  : Compiling command(queryId=root_20250319172140_98a43e35-9a2a-4646-9cd4-7b5dca9f75d3): CREATE EXTERNAL TABLE IF NOT EXISTS transactions (
[2025-03-19T17:21:40.385+0000] {subprocess.py:93} INFO -         transaction_id STRING,
[2025-03-19T17:21:40.386+0000] {subprocess.py:93} INFO -         date_time STRING,
[2025-03-19T17:21:40.387+0000] {subprocess.py:93} INFO -         amount DOUBLE,
[2025-03-19T17:21:40.388+0000] {subprocess.py:93} INFO -         currency STRING,
[2025-03-19T17:21:40.389+0000] {subprocess.py:93} INFO -         merchant_details STRING,
[2025-03-19T17:21:40.390+0000] {subprocess.py:93} INFO -         customer_id STRING,
[2025-03-19T17:21:40.391+0000] {subprocess.py:93} INFO -         transaction_type STRING,
[2025-03-19T17:21:40.391+0000] {subprocess.py:93} INFO -         location STRING
[2025-03-19T17:21:40.392+0000] {subprocess.py:93} INFO -     )
[2025-03-19T17:21:40.393+0000] {subprocess.py:93} INFO -     PARTITIONED BY (batch_id STRING)
[2025-03-19T17:21:40.394+0000] {subprocess.py:93} INFO -     STORED AS PARQUET
[2025-03-19T17:21:40.394+0000] {subprocess.py:93} INFO -     LOCATION '/data/transactions/'
[2025-03-19T17:21:40.395+0000] {subprocess.py:93} INFO - INFO  : Concurrency mode is disabled, not creating a lock manager
[2025-03-19T17:21:40.396+0000] {subprocess.py:93} INFO - INFO  : Semantic Analysis Completed (retrial = false)
[2025-03-19T17:21:40.396+0000] {subprocess.py:93} INFO - INFO  : Returning Hive schema: Schema(fieldSchemas:null, properties:null)
[2025-03-19T17:21:40.397+0000] {subprocess.py:93} INFO - INFO  : Completed compiling command(queryId=root_20250319172140_98a43e35-9a2a-4646-9cd4-7b5dca9f75d3); Time taken: 0.028 seconds
[2025-03-19T17:21:40.398+0000] {subprocess.py:93} INFO - INFO  : Concurrency mode is disabled, not creating a lock manager
[2025-03-19T17:21:40.398+0000] {subprocess.py:93} INFO - INFO  : Executing command(queryId=root_20250319172140_98a43e35-9a2a-4646-9cd4-7b5dca9f75d3): CREATE EXTERNAL TABLE IF NOT EXISTS transactions (
[2025-03-19T17:21:40.399+0000] {subprocess.py:93} INFO -         transaction_id STRING,
[2025-03-19T17:21:40.399+0000] {subprocess.py:93} INFO -         date_time STRING,
[2025-03-19T17:21:40.400+0000] {subprocess.py:93} INFO -         amount DOUBLE,
[2025-03-19T17:21:40.401+0000] {subprocess.py:93} INFO -         currency STRING,
[2025-03-19T17:21:40.401+0000] {subprocess.py:93} INFO -         merchant_details STRING,
[2025-03-19T17:21:40.402+0000] {subprocess.py:93} INFO -         customer_id STRING,
[2025-03-19T17:21:40.403+0000] {subprocess.py:93} INFO -         transaction_type STRING,
[2025-03-19T17:21:40.403+0000] {subprocess.py:93} INFO -         location STRING
[2025-03-19T17:21:40.404+0000] {subprocess.py:93} INFO -     )
[2025-03-19T17:21:40.404+0000] {subprocess.py:93} INFO -     PARTITIONED BY (batch_id STRING)
[2025-03-19T17:21:40.405+0000] {subprocess.py:93} INFO -     STORED AS PARQUET
[2025-03-19T17:21:40.405+0000] {subprocess.py:93} INFO -     LOCATION '/data/transactions/'
[2025-03-19T17:21:40.406+0000] {subprocess.py:93} INFO - INFO  : Completed executing command(queryId=root_20250319172140_98a43e35-9a2a-4646-9cd4-7b5dca9f75d3); Time taken: 0.002 seconds
[2025-03-19T17:21:40.406+0000] {subprocess.py:93} INFO - INFO  : OK
[2025-03-19T17:21:40.407+0000] {subprocess.py:93} INFO - INFO  : Concurrency mode is disabled, not creating a lock manager
[2025-03-19T17:21:40.407+0000] {subprocess.py:93} INFO - No rows affected (0.104 seconds)
[2025-03-19T17:21:40.515+0000] {subprocess.py:93} INFO - INFO  : Compiling command(queryId=root_20250319172140_3d576ecf-d5bf-4acc-8746-07c52ca75f60): ALTER TABLE transactions ADD IF NOT EXISTS PARTITION (batch_id='batch_20250319_172119') LOCATION '/data/transactions/transactions_batch_0'
[2025-03-19T17:21:40.516+0000] {subprocess.py:93} INFO - INFO  : Concurrency mode is disabled, not creating a lock manager
[2025-03-19T17:21:40.517+0000] {subprocess.py:93} INFO - INFO  : Semantic Analysis Completed (retrial = false)
[2025-03-19T17:21:40.518+0000] {subprocess.py:93} INFO - INFO  : Returning Hive schema: Schema(fieldSchemas:null, properties:null)
[2025-03-19T17:21:40.519+0000] {subprocess.py:93} INFO - INFO  : Completed compiling command(queryId=root_20250319172140_3d576ecf-d5bf-4acc-8746-07c52ca75f60); Time taken: 0.02 seconds
[2025-03-19T17:21:40.520+0000] {subprocess.py:93} INFO - INFO  : Concurrency mode is disabled, not creating a lock manager
[2025-03-19T17:21:40.520+0000] {subprocess.py:93} INFO - INFO  : Executing command(queryId=root_20250319172140_3d576ecf-d5bf-4acc-8746-07c52ca75f60): ALTER TABLE transactions ADD IF NOT EXISTS PARTITION (batch_id='batch_20250319_172119') LOCATION '/data/transactions/transactions_batch_0'
[2025-03-19T17:21:40.521+0000] {subprocess.py:93} INFO - INFO  : Starting task [Stage-0:DDL] in serial mode
[2025-03-19T17:21:40.521+0000] {subprocess.py:93} INFO - INFO  : Completed executing command(queryId=root_20250319172140_3d576ecf-d5bf-4acc-8746-07c52ca75f60); Time taken: 0.071 seconds
[2025-03-19T17:21:40.522+0000] {subprocess.py:93} INFO - INFO  : OK
[2025-03-19T17:21:40.523+0000] {subprocess.py:93} INFO - INFO  : Concurrency mode is disabled, not creating a lock manager
[2025-03-19T17:21:40.527+0000] {subprocess.py:93} INFO - No rows affected (0.11 seconds)
[2025-03-19T17:21:40.529+0000] {subprocess.py:93} INFO - Beeline version 3.1.3 by Apache Hive
[2025-03-19T17:21:40.533+0000] {subprocess.py:93} INFO - Closing: 0: jdbc:hive2://localhost:10000
[2025-03-19T17:21:40.581+0000] {subprocess.py:97} INFO - Command exited with return code 0
[2025-03-19T17:21:40.610+0000] {taskinstance.py:1398} INFO - Marking task as SUCCESS. dag_id=transactions_pipeline, task_id=create_hive_table, execution_date=20250319T172119, start_date=20250319T172135, end_date=20250319T172140
[2025-03-19T17:21:40.651+0000] {local_task_job_runner.py:228} INFO - Task exited with return code 0
[2025-03-19T17:21:40.682+0000] {taskinstance.py:2776} INFO - 1 downstream tasks scheduled from follow-on schedule check
