[2025-03-20T11:42:54.718+0000] {taskinstance.py:1157} INFO - Dependencies all met for dep_context=non-requeueable deps ti=<TaskInstance: transactions_pipeline.create_hive_table manual__2025-03-20T11:42:42.953825+00:00 [queued]>
[2025-03-20T11:42:54.731+0000] {taskinstance.py:1157} INFO - Dependencies all met for dep_context=requeueable deps ti=<TaskInstance: transactions_pipeline.create_hive_table manual__2025-03-20T11:42:42.953825+00:00 [queued]>
[2025-03-20T11:42:54.732+0000] {taskinstance.py:1359} INFO - Starting attempt 1 of 1
[2025-03-20T11:42:54.750+0000] {taskinstance.py:1380} INFO - Executing <Task(BashOperator): create_hive_table> on 2025-03-20 11:42:42.953825+00:00
[2025-03-20T11:42:54.756+0000] {standard_task_runner.py:57} INFO - Started process 248 to run task
[2025-03-20T11:42:54.762+0000] {standard_task_runner.py:84} INFO - Running: ['***', 'tasks', 'run', 'transactions_pipeline', 'create_hive_table', 'manual__2025-03-20T11:42:42.953825+00:00', '--job-id', '278', '--raw', '--subdir', 'DAGS_FOLDER/fraud_detection_pipeline.py', '--cfg-path', '/tmp/tmp9znjlodh']
[2025-03-20T11:42:54.765+0000] {standard_task_runner.py:85} INFO - Job 278: Subtask create_hive_table
[2025-03-20T11:42:54.828+0000] {task_command.py:415} INFO - Running <TaskInstance: transactions_pipeline.create_hive_table manual__2025-03-20T11:42:42.953825+00:00 [running]> on host 5f77b09047b0
[2025-03-20T11:42:54.887+0000] {logging_mixin.py:151} WARNING - /home/***/.local/lib/python3.8/site-packages/***/utils/context.py:206 AirflowContextDeprecationWarning: Accessing 'execution_date' from the template is deprecated and will be removed in a future version. Please use 'data_interval_start' or 'logical_date' instead.
[2025-03-20T11:42:54.943+0000] {taskinstance.py:1660} INFO - Exporting env vars: AIRFLOW_CTX_DAG_OWNER='***' AIRFLOW_CTX_DAG_ID='transactions_pipeline' AIRFLOW_CTX_TASK_ID='create_hive_table' AIRFLOW_CTX_EXECUTION_DATE='2025-03-20T11:42:42.953825+00:00' AIRFLOW_CTX_TRY_NUMBER='1' AIRFLOW_CTX_DAG_RUN_ID='manual__2025-03-20T11:42:42.953825+00:00'
[2025-03-20T11:42:54.947+0000] {subprocess.py:63} INFO - Tmp dir root location: /tmp
[2025-03-20T11:42:54.949+0000] {subprocess.py:75} INFO - Running command: ['/bin/bash', '-c', '\n    docker exec hive beeline -u "jdbc:hive2://localhost:10000" --hiveconf hive.exec.dynamic.partition.mode=nonstrict -e "\n    CREATE EXTERNAL TABLE IF NOT EXISTS transactions (\n        transaction_id STRING,\n        date_time STRING,\n        amount DOUBLE,\n        currency STRING,\n        merchant_details STRING,\n        customer_id STRING,\n        transaction_type STRING,\n        location STRING\n    )\n    PARTITIONED BY (batch_id STRING)\n    STORED AS PARQUET\n    LOCATION \'/data/transactions/transactions_batch_0\';\n    ALTER TABLE transactions ADD IF NOT EXISTS PARTITION (batch_id=\'batch_20250320_114242\') LOCATION \'/data/transactions/transactions_batch_0\';"\n    ']
[2025-03-20T11:42:54.959+0000] {subprocess.py:86} INFO - Output:
[2025-03-20T11:42:56.113+0000] {subprocess.py:93} INFO - SLF4J: Class path contains multiple SLF4J bindings.
[2025-03-20T11:42:56.115+0000] {subprocess.py:93} INFO - SLF4J: Found binding in [jar:file:/opt/hive/lib/log4j-slf4j-impl-2.17.1.jar!/org/slf4j/impl/StaticLoggerBinder.class]
[2025-03-20T11:42:56.116+0000] {subprocess.py:93} INFO - SLF4J: Found binding in [jar:file:/opt/hadoop/share/hadoop/common/lib/slf4j-log4j12-1.7.25.jar!/org/slf4j/impl/StaticLoggerBinder.class]
[2025-03-20T11:42:56.117+0000] {subprocess.py:93} INFO - SLF4J: See http://www.slf4j.org/codes.html#multiple_bindings for an explanation.
[2025-03-20T11:42:56.287+0000] {subprocess.py:93} INFO - SLF4J: Actual binding is of type [org.apache.logging.slf4j.Log4jLoggerFactory]
[2025-03-20T11:42:57.588+0000] {subprocess.py:93} INFO - Connecting to jdbc:hive2://localhost:10000
[2025-03-20T11:42:57.817+0000] {subprocess.py:93} INFO - Connected to: Apache Hive (version 3.1.3)
[2025-03-20T11:42:57.818+0000] {subprocess.py:93} INFO - Driver: Hive JDBC (version 3.1.3)
[2025-03-20T11:42:57.819+0000] {subprocess.py:93} INFO - Transaction isolation: TRANSACTION_REPEATABLE_READ
[2025-03-20T11:42:59.538+0000] {subprocess.py:93} INFO - INFO  : Compiling command(queryId=root_20250320114257_5bf9dc40-9d1f-41b1-a359-dee6a6547e06): CREATE EXTERNAL TABLE IF NOT EXISTS transactions (
[2025-03-20T11:42:59.538+0000] {subprocess.py:93} INFO -         transaction_id STRING,
[2025-03-20T11:42:59.539+0000] {subprocess.py:93} INFO -         date_time STRING,
[2025-03-20T11:42:59.540+0000] {subprocess.py:93} INFO -         amount DOUBLE,
[2025-03-20T11:42:59.540+0000] {subprocess.py:93} INFO -         currency STRING,
[2025-03-20T11:42:59.540+0000] {subprocess.py:93} INFO -         merchant_details STRING,
[2025-03-20T11:42:59.541+0000] {subprocess.py:93} INFO -         customer_id STRING,
[2025-03-20T11:42:59.541+0000] {subprocess.py:93} INFO -         transaction_type STRING,
[2025-03-20T11:42:59.542+0000] {subprocess.py:93} INFO -         location STRING
[2025-03-20T11:42:59.542+0000] {subprocess.py:93} INFO -     )
[2025-03-20T11:42:59.542+0000] {subprocess.py:93} INFO -     PARTITIONED BY (batch_id STRING)
[2025-03-20T11:42:59.543+0000] {subprocess.py:93} INFO -     STORED AS PARQUET
[2025-03-20T11:42:59.543+0000] {subprocess.py:93} INFO -     LOCATION '/data/transactions/transactions_batch_0'
[2025-03-20T11:42:59.544+0000] {subprocess.py:93} INFO - INFO  : Concurrency mode is disabled, not creating a lock manager
[2025-03-20T11:42:59.544+0000] {subprocess.py:93} INFO - INFO  : Semantic Analysis Completed (retrial = false)
[2025-03-20T11:42:59.545+0000] {subprocess.py:93} INFO - INFO  : Returning Hive schema: Schema(fieldSchemas:null, properties:null)
[2025-03-20T11:42:59.546+0000] {subprocess.py:93} INFO - INFO  : Completed compiling command(queryId=root_20250320114257_5bf9dc40-9d1f-41b1-a359-dee6a6547e06); Time taken: 1.198 seconds
[2025-03-20T11:42:59.547+0000] {subprocess.py:93} INFO - INFO  : Concurrency mode is disabled, not creating a lock manager
[2025-03-20T11:42:59.548+0000] {subprocess.py:93} INFO - INFO  : Executing command(queryId=root_20250320114257_5bf9dc40-9d1f-41b1-a359-dee6a6547e06): CREATE EXTERNAL TABLE IF NOT EXISTS transactions (
[2025-03-20T11:42:59.549+0000] {subprocess.py:93} INFO -         transaction_id STRING,
[2025-03-20T11:42:59.550+0000] {subprocess.py:93} INFO -         date_time STRING,
[2025-03-20T11:42:59.550+0000] {subprocess.py:93} INFO -         amount DOUBLE,
[2025-03-20T11:42:59.551+0000] {subprocess.py:93} INFO -         currency STRING,
[2025-03-20T11:42:59.551+0000] {subprocess.py:93} INFO -         merchant_details STRING,
[2025-03-20T11:42:59.552+0000] {subprocess.py:93} INFO -         customer_id STRING,
[2025-03-20T11:42:59.552+0000] {subprocess.py:93} INFO -         transaction_type STRING,
[2025-03-20T11:42:59.553+0000] {subprocess.py:93} INFO -         location STRING
[2025-03-20T11:42:59.554+0000] {subprocess.py:93} INFO -     )
[2025-03-20T11:42:59.554+0000] {subprocess.py:93} INFO -     PARTITIONED BY (batch_id STRING)
[2025-03-20T11:42:59.555+0000] {subprocess.py:93} INFO -     STORED AS PARQUET
[2025-03-20T11:42:59.555+0000] {subprocess.py:93} INFO -     LOCATION '/data/transactions/transactions_batch_0'
[2025-03-20T11:42:59.556+0000] {subprocess.py:93} INFO - INFO  : Starting task [Stage-0:DDL] in serial mode
[2025-03-20T11:42:59.556+0000] {subprocess.py:93} INFO - INFO  : Completed executing command(queryId=root_20250320114257_5bf9dc40-9d1f-41b1-a359-dee6a6547e06); Time taken: 0.264 seconds
[2025-03-20T11:42:59.557+0000] {subprocess.py:93} INFO - INFO  : OK
[2025-03-20T11:42:59.557+0000] {subprocess.py:93} INFO - INFO  : Concurrency mode is disabled, not creating a lock manager
[2025-03-20T11:42:59.558+0000] {subprocess.py:93} INFO - No rows affected (1.703 seconds)
[2025-03-20T11:42:59.988+0000] {subprocess.py:93} INFO - INFO  : Compiling command(queryId=root_20250320114259_5b94d416-7ae8-4790-996d-641f0e2a8a63): ALTER TABLE transactions ADD IF NOT EXISTS PARTITION (batch_id='batch_20250320_114242') LOCATION '/data/transactions/transactions_batch_0'
[2025-03-20T11:42:59.989+0000] {subprocess.py:93} INFO - INFO  : Concurrency mode is disabled, not creating a lock manager
[2025-03-20T11:42:59.990+0000] {subprocess.py:93} INFO - INFO  : Semantic Analysis Completed (retrial = false)
[2025-03-20T11:42:59.991+0000] {subprocess.py:93} INFO - INFO  : Returning Hive schema: Schema(fieldSchemas:null, properties:null)
[2025-03-20T11:42:59.992+0000] {subprocess.py:93} INFO - INFO  : Completed compiling command(queryId=root_20250320114259_5b94d416-7ae8-4790-996d-641f0e2a8a63); Time taken: 0.184 seconds
[2025-03-20T11:42:59.993+0000] {subprocess.py:93} INFO - INFO  : Concurrency mode is disabled, not creating a lock manager
[2025-03-20T11:42:59.993+0000] {subprocess.py:93} INFO - INFO  : Executing command(queryId=root_20250320114259_5b94d416-7ae8-4790-996d-641f0e2a8a63): ALTER TABLE transactions ADD IF NOT EXISTS PARTITION (batch_id='batch_20250320_114242') LOCATION '/data/transactions/transactions_batch_0'
[2025-03-20T11:42:59.994+0000] {subprocess.py:93} INFO - INFO  : Starting task [Stage-0:DDL] in serial mode
[2025-03-20T11:42:59.995+0000] {subprocess.py:93} INFO - INFO  : Completed executing command(queryId=root_20250320114259_5b94d416-7ae8-4790-996d-641f0e2a8a63); Time taken: 0.21 seconds
[2025-03-20T11:42:59.998+0000] {subprocess.py:93} INFO - INFO  : OK
[2025-03-20T11:43:00.000+0000] {subprocess.py:93} INFO - INFO  : Concurrency mode is disabled, not creating a lock manager
[2025-03-20T11:43:00.001+0000] {subprocess.py:93} INFO - No rows affected (0.424 seconds)
[2025-03-20T11:43:00.002+0000] {subprocess.py:93} INFO - Beeline version 3.1.3 by Apache Hive
[2025-03-20T11:43:00.006+0000] {subprocess.py:93} INFO - Closing: 0: jdbc:hive2://localhost:10000
[2025-03-20T11:43:00.092+0000] {subprocess.py:97} INFO - Command exited with return code 0
[2025-03-20T11:43:00.121+0000] {taskinstance.py:1398} INFO - Marking task as SUCCESS. dag_id=transactions_pipeline, task_id=create_hive_table, execution_date=20250320T114242, start_date=20250320T114254, end_date=20250320T114300
[2025-03-20T11:43:00.169+0000] {local_task_job_runner.py:228} INFO - Task exited with return code 0
[2025-03-20T11:43:00.202+0000] {taskinstance.py:2776} INFO - 1 downstream tasks scheduled from follow-on schedule check
