[2025-03-20T13:42:12.511+0000] {taskinstance.py:1157} INFO - Dependencies all met for dep_context=non-requeueable deps ti=<TaskInstance: transactions_pipeline.create_hive_table manual__2025-03-20T13:42:02.695913+00:00 [queued]>
[2025-03-20T13:42:12.520+0000] {taskinstance.py:1157} INFO - Dependencies all met for dep_context=requeueable deps ti=<TaskInstance: transactions_pipeline.create_hive_table manual__2025-03-20T13:42:02.695913+00:00 [queued]>
[2025-03-20T13:42:12.522+0000] {taskinstance.py:1359} INFO - Starting attempt 1 of 1
[2025-03-20T13:42:12.538+0000] {taskinstance.py:1380} INFO - Executing <Task(BashOperator): create_hive_table> on 2025-03-20 13:42:02.695913+00:00
[2025-03-20T13:42:12.544+0000] {standard_task_runner.py:57} INFO - Started process 1936 to run task
[2025-03-20T13:42:12.547+0000] {standard_task_runner.py:84} INFO - Running: ['***', 'tasks', 'run', 'transactions_pipeline', 'create_hive_table', 'manual__2025-03-20T13:42:02.695913+00:00', '--job-id', '336', '--raw', '--subdir', 'DAGS_FOLDER/fraud_detection_pipeline.py', '--cfg-path', '/tmp/tmp6g7o9ota']
[2025-03-20T13:42:12.551+0000] {standard_task_runner.py:85} INFO - Job 336: Subtask create_hive_table
[2025-03-20T13:42:12.601+0000] {task_command.py:415} INFO - Running <TaskInstance: transactions_pipeline.create_hive_table manual__2025-03-20T13:42:02.695913+00:00 [running]> on host 3938a1dd8bd9
[2025-03-20T13:42:12.712+0000] {taskinstance.py:1660} INFO - Exporting env vars: AIRFLOW_CTX_DAG_OWNER='***' AIRFLOW_CTX_DAG_ID='transactions_pipeline' AIRFLOW_CTX_TASK_ID='create_hive_table' AIRFLOW_CTX_EXECUTION_DATE='2025-03-20T13:42:02.695913+00:00' AIRFLOW_CTX_TRY_NUMBER='1' AIRFLOW_CTX_DAG_RUN_ID='manual__2025-03-20T13:42:02.695913+00:00'
[2025-03-20T13:42:12.714+0000] {subprocess.py:63} INFO - Tmp dir root location: /tmp
[2025-03-20T13:42:12.715+0000] {subprocess.py:75} INFO - Running command: ['/bin/bash', '-c', '\n    docker exec hive beeline -u "jdbc:hive2://localhost:10000" --hiveconf hive.exec.dynamic.partition.mode=nonstrict -e "\n    CREATE EXTERNAL TABLE IF NOT EXISTS transactions (\n        transaction_id STRING,\n        date_time STRING,\n        amount DOUBLE,\n        currency STRING,\n        merchant_details STRING,\n        customer_id STRING,\n        transaction_type STRING,\n        location STRING\n    )\n    PARTITIONED BY (batch_id STRING)\n    STORED AS PARQUET;\n    ALTER TABLE transactions ADD IF NOT EXISTS PARTITION (batch_id=\'batch_20250320_133849\') LOCATION \'/data/transactions/transactions_batch_20250320_133849\';"\n    ']
[2025-03-20T13:42:12.726+0000] {subprocess.py:86} INFO - Output:
[2025-03-20T13:42:13.940+0000] {subprocess.py:93} INFO - SLF4J: Class path contains multiple SLF4J bindings.
[2025-03-20T13:42:13.941+0000] {subprocess.py:93} INFO - SLF4J: Found binding in [jar:file:/opt/hive/lib/log4j-slf4j-impl-2.17.1.jar!/org/slf4j/impl/StaticLoggerBinder.class]
[2025-03-20T13:42:13.942+0000] {subprocess.py:93} INFO - SLF4J: Found binding in [jar:file:/opt/hadoop/share/hadoop/common/lib/slf4j-log4j12-1.7.25.jar!/org/slf4j/impl/StaticLoggerBinder.class]
[2025-03-20T13:42:13.943+0000] {subprocess.py:93} INFO - SLF4J: See http://www.slf4j.org/codes.html#multiple_bindings for an explanation.
[2025-03-20T13:42:14.131+0000] {subprocess.py:93} INFO - SLF4J: Actual binding is of type [org.apache.logging.slf4j.Log4jLoggerFactory]
[2025-03-20T13:42:15.594+0000] {subprocess.py:93} INFO - Connecting to jdbc:hive2://localhost:10000
[2025-03-20T13:42:15.812+0000] {subprocess.py:93} INFO - Connected to: Apache Hive (version 3.1.3)
[2025-03-20T13:42:15.813+0000] {subprocess.py:93} INFO - Driver: Hive JDBC (version 3.1.3)
[2025-03-20T13:42:15.814+0000] {subprocess.py:93} INFO - Transaction isolation: TRANSACTION_REPEATABLE_READ
[2025-03-20T13:42:15.991+0000] {subprocess.py:93} INFO - INFO  : Compiling command(queryId=root_20250320134215_f1aff0a9-1594-4e3f-b42f-f85f3428fb11): CREATE EXTERNAL TABLE IF NOT EXISTS transactions (
[2025-03-20T13:42:15.993+0000] {subprocess.py:93} INFO -         transaction_id STRING,
[2025-03-20T13:42:15.997+0000] {subprocess.py:93} INFO -         date_time STRING,
[2025-03-20T13:42:15.998+0000] {subprocess.py:93} INFO -         amount DOUBLE,
[2025-03-20T13:42:15.999+0000] {subprocess.py:93} INFO -         currency STRING,
[2025-03-20T13:42:16.000+0000] {subprocess.py:93} INFO -         merchant_details STRING,
[2025-03-20T13:42:16.001+0000] {subprocess.py:93} INFO -         customer_id STRING,
[2025-03-20T13:42:16.001+0000] {subprocess.py:93} INFO -         transaction_type STRING,
[2025-03-20T13:42:16.002+0000] {subprocess.py:93} INFO -         location STRING
[2025-03-20T13:42:16.003+0000] {subprocess.py:93} INFO -     )
[2025-03-20T13:42:16.003+0000] {subprocess.py:93} INFO -     PARTITIONED BY (batch_id STRING)
[2025-03-20T13:42:16.004+0000] {subprocess.py:93} INFO -     STORED AS PARQUET
[2025-03-20T13:42:16.004+0000] {subprocess.py:93} INFO - INFO  : Concurrency mode is disabled, not creating a lock manager
[2025-03-20T13:42:16.005+0000] {subprocess.py:93} INFO - INFO  : Semantic Analysis Completed (retrial = false)
[2025-03-20T13:42:16.005+0000] {subprocess.py:93} INFO - INFO  : Returning Hive schema: Schema(fieldSchemas:null, properties:null)
[2025-03-20T13:42:16.006+0000] {subprocess.py:93} INFO - INFO  : Completed compiling command(queryId=root_20250320134215_f1aff0a9-1594-4e3f-b42f-f85f3428fb11); Time taken: 0.006 seconds
[2025-03-20T13:42:16.006+0000] {subprocess.py:93} INFO - INFO  : Concurrency mode is disabled, not creating a lock manager
[2025-03-20T13:42:16.007+0000] {subprocess.py:93} INFO - INFO  : Executing command(queryId=root_20250320134215_f1aff0a9-1594-4e3f-b42f-f85f3428fb11): CREATE EXTERNAL TABLE IF NOT EXISTS transactions (
[2025-03-20T13:42:16.008+0000] {subprocess.py:93} INFO -         transaction_id STRING,
[2025-03-20T13:42:16.008+0000] {subprocess.py:93} INFO -         date_time STRING,
[2025-03-20T13:42:16.009+0000] {subprocess.py:93} INFO -         amount DOUBLE,
[2025-03-20T13:42:16.009+0000] {subprocess.py:93} INFO -         currency STRING,
[2025-03-20T13:42:16.010+0000] {subprocess.py:93} INFO -         merchant_details STRING,
[2025-03-20T13:42:16.011+0000] {subprocess.py:93} INFO -         customer_id STRING,
[2025-03-20T13:42:16.011+0000] {subprocess.py:93} INFO -         transaction_type STRING,
[2025-03-20T13:42:16.012+0000] {subprocess.py:93} INFO -         location STRING
[2025-03-20T13:42:16.012+0000] {subprocess.py:93} INFO -     )
[2025-03-20T13:42:16.013+0000] {subprocess.py:93} INFO -     PARTITIONED BY (batch_id STRING)
[2025-03-20T13:42:16.014+0000] {subprocess.py:93} INFO -     STORED AS PARQUET
[2025-03-20T13:42:16.015+0000] {subprocess.py:93} INFO - INFO  : Starting task [Stage-0:DDL] in serial mode
[2025-03-20T13:42:16.015+0000] {subprocess.py:93} INFO - INFO  : Completed executing command(queryId=root_20250320134215_f1aff0a9-1594-4e3f-b42f-f85f3428fb11); Time taken: 0.105 seconds
[2025-03-20T13:42:16.016+0000] {subprocess.py:93} INFO - INFO  : OK
[2025-03-20T13:42:16.016+0000] {subprocess.py:93} INFO - INFO  : Concurrency mode is disabled, not creating a lock manager
[2025-03-20T13:42:16.017+0000] {subprocess.py:93} INFO - No rows affected (0.182 seconds)
[2025-03-20T13:42:16.242+0000] {subprocess.py:93} INFO - INFO  : Compiling command(queryId=root_20250320134216_a6c337e0-dd27-45a7-9b68-42a7bce6d4bf): ALTER TABLE transactions ADD IF NOT EXISTS PARTITION (batch_id='batch_20250320_133849') LOCATION '/data/transactions/transactions_batch_20250320_133849'
[2025-03-20T13:42:16.243+0000] {subprocess.py:93} INFO - INFO  : Concurrency mode is disabled, not creating a lock manager
[2025-03-20T13:42:16.244+0000] {subprocess.py:93} INFO - INFO  : Semantic Analysis Completed (retrial = false)
[2025-03-20T13:42:16.246+0000] {subprocess.py:93} INFO - INFO  : Returning Hive schema: Schema(fieldSchemas:null, properties:null)
[2025-03-20T13:42:16.247+0000] {subprocess.py:93} INFO - INFO  : Completed compiling command(queryId=root_20250320134216_a6c337e0-dd27-45a7-9b68-42a7bce6d4bf); Time taken: 0.091 seconds
[2025-03-20T13:42:16.248+0000] {subprocess.py:93} INFO - INFO  : Concurrency mode is disabled, not creating a lock manager
[2025-03-20T13:42:16.248+0000] {subprocess.py:93} INFO - INFO  : Executing command(queryId=root_20250320134216_a6c337e0-dd27-45a7-9b68-42a7bce6d4bf): ALTER TABLE transactions ADD IF NOT EXISTS PARTITION (batch_id='batch_20250320_133849') LOCATION '/data/transactions/transactions_batch_20250320_133849'
[2025-03-20T13:42:16.249+0000] {subprocess.py:93} INFO - INFO  : Starting task [Stage-0:DDL] in serial mode
[2025-03-20T13:42:16.250+0000] {subprocess.py:93} INFO - INFO  : Completed executing command(queryId=root_20250320134216_a6c337e0-dd27-45a7-9b68-42a7bce6d4bf); Time taken: 0.108 seconds
[2025-03-20T13:42:16.252+0000] {subprocess.py:93} INFO - INFO  : OK
[2025-03-20T13:42:16.254+0000] {subprocess.py:93} INFO - INFO  : Concurrency mode is disabled, not creating a lock manager
[2025-03-20T13:42:16.256+0000] {subprocess.py:93} INFO - No rows affected (0.217 seconds)
[2025-03-20T13:42:16.263+0000] {subprocess.py:93} INFO - Beeline version 3.1.3 by Apache Hive
[2025-03-20T13:42:16.268+0000] {subprocess.py:93} INFO - Closing: 0: jdbc:hive2://localhost:10000
[2025-03-20T13:42:16.348+0000] {subprocess.py:97} INFO - Command exited with return code 0
[2025-03-20T13:42:16.409+0000] {taskinstance.py:1398} INFO - Marking task as SUCCESS. dag_id=transactions_pipeline, task_id=create_hive_table, execution_date=20250320T134202, start_date=20250320T134212, end_date=20250320T134216
[2025-03-20T13:42:16.452+0000] {local_task_job_runner.py:228} INFO - Task exited with return code 0
[2025-03-20T13:42:16.484+0000] {taskinstance.py:2776} INFO - 1 downstream tasks scheduled from follow-on schedule check
