[2025-03-20T13:42:21.453+0000] {taskinstance.py:1157} INFO - Dependencies all met for dep_context=non-requeueable deps ti=<TaskInstance: transactions_pipeline.detect_fraud manual__2025-03-20T13:42:02.695913+00:00 [queued]>
[2025-03-20T13:42:21.463+0000] {taskinstance.py:1157} INFO - Dependencies all met for dep_context=requeueable deps ti=<TaskInstance: transactions_pipeline.detect_fraud manual__2025-03-20T13:42:02.695913+00:00 [queued]>
[2025-03-20T13:42:21.464+0000] {taskinstance.py:1359} INFO - Starting attempt 1 of 1
[2025-03-20T13:42:21.481+0000] {taskinstance.py:1380} INFO - Executing <Task(BashOperator): detect_fraud> on 2025-03-20 13:42:02.695913+00:00
[2025-03-20T13:42:21.487+0000] {standard_task_runner.py:57} INFO - Started process 1961 to run task
[2025-03-20T13:42:21.490+0000] {standard_task_runner.py:84} INFO - Running: ['***', 'tasks', 'run', 'transactions_pipeline', 'detect_fraud', 'manual__2025-03-20T13:42:02.695913+00:00', '--job-id', '338', '--raw', '--subdir', 'DAGS_FOLDER/fraud_detection_pipeline.py', '--cfg-path', '/tmp/tmpr_rtt2k4']
[2025-03-20T13:42:21.493+0000] {standard_task_runner.py:85} INFO - Job 338: Subtask detect_fraud
[2025-03-20T13:42:21.557+0000] {task_command.py:415} INFO - Running <TaskInstance: transactions_pipeline.detect_fraud manual__2025-03-20T13:42:02.695913+00:00 [running]> on host 3938a1dd8bd9
[2025-03-20T13:42:21.689+0000] {taskinstance.py:1660} INFO - Exporting env vars: AIRFLOW_CTX_DAG_OWNER='***' AIRFLOW_CTX_DAG_ID='transactions_pipeline' AIRFLOW_CTX_TASK_ID='detect_fraud' AIRFLOW_CTX_EXECUTION_DATE='2025-03-20T13:42:02.695913+00:00' AIRFLOW_CTX_TRY_NUMBER='1' AIRFLOW_CTX_DAG_RUN_ID='manual__2025-03-20T13:42:02.695913+00:00'
[2025-03-20T13:42:21.692+0000] {subprocess.py:63} INFO - Tmp dir root location: /tmp
[2025-03-20T13:42:21.694+0000] {subprocess.py:75} INFO - Running command: ['/bin/bash', '-c', '\n    docker exec hive spark-submit --master spark://localhost:7077 /hive/scripts/detect_fraud.py "batch_20250320_133849"\n    ']
[2025-03-20T13:42:21.706+0000] {subprocess.py:86} INFO - Output:
[2025-03-20T13:42:24.991+0000] {subprocess.py:93} INFO - 25/03/20 13:42:24 INFO SparkContext: Running Spark version 3.5.0
[2025-03-20T13:42:24.995+0000] {subprocess.py:93} INFO - 25/03/20 13:42:24 INFO SparkContext: OS info Linux, 5.15.167.4-microsoft-standard-WSL2, amd64
[2025-03-20T13:42:24.997+0000] {subprocess.py:93} INFO - 25/03/20 13:42:24 INFO SparkContext: Java version 1.8.0_342
[2025-03-20T13:42:25.195+0000] {subprocess.py:93} INFO - 25/03/20 13:42:25 WARN NativeCodeLoader: Unable to load native-hadoop library for your platform... using builtin-java classes where applicable
[2025-03-20T13:42:25.356+0000] {subprocess.py:93} INFO - 25/03/20 13:42:25 INFO ResourceUtils: ==============================================================
[2025-03-20T13:42:25.357+0000] {subprocess.py:93} INFO - 25/03/20 13:42:25 INFO ResourceUtils: No custom resources configured for spark.driver.
[2025-03-20T13:42:25.358+0000] {subprocess.py:93} INFO - 25/03/20 13:42:25 INFO ResourceUtils: ==============================================================
[2025-03-20T13:42:25.358+0000] {subprocess.py:93} INFO - 25/03/20 13:42:25 INFO SparkContext: Submitted application: FraudDetection
[2025-03-20T13:42:25.393+0000] {subprocess.py:93} INFO - 25/03/20 13:42:25 INFO ResourceProfile: Default ResourceProfile created, executor resources: Map(memory -> name: memory, amount: 1024, script: , vendor: , offHeap -> name: offHeap, amount: 0, script: , vendor: ), task resources: Map(cpus -> name: cpus, amount: 1.0)
[2025-03-20T13:42:25.425+0000] {subprocess.py:93} INFO - 25/03/20 13:42:25 INFO ResourceProfile: Limiting resource is cpu
[2025-03-20T13:42:25.426+0000] {subprocess.py:93} INFO - 25/03/20 13:42:25 INFO ResourceProfileManager: Added ResourceProfile id: 0
[2025-03-20T13:42:25.493+0000] {subprocess.py:93} INFO - 25/03/20 13:42:25 INFO SecurityManager: Changing view acls to: root
[2025-03-20T13:42:25.494+0000] {subprocess.py:93} INFO - 25/03/20 13:42:25 INFO SecurityManager: Changing modify acls to: root
[2025-03-20T13:42:25.496+0000] {subprocess.py:93} INFO - 25/03/20 13:42:25 INFO SecurityManager: Changing view acls groups to:
[2025-03-20T13:42:25.497+0000] {subprocess.py:93} INFO - 25/03/20 13:42:25 INFO SecurityManager: Changing modify acls groups to:
[2025-03-20T13:42:25.498+0000] {subprocess.py:93} INFO - 25/03/20 13:42:25 INFO SecurityManager: SecurityManager: authentication disabled; ui acls disabled; users with view permissions: root; groups with view permissions: EMPTY; users with modify permissions: root; groups with modify permissions: EMPTY
[2025-03-20T13:42:26.109+0000] {subprocess.py:93} INFO - 25/03/20 13:42:26 INFO Utils: Successfully started service 'sparkDriver' on port 37937.
[2025-03-20T13:42:26.164+0000] {subprocess.py:93} INFO - 25/03/20 13:42:26 INFO SparkEnv: Registering MapOutputTracker
[2025-03-20T13:42:26.219+0000] {subprocess.py:93} INFO - 25/03/20 13:42:26 INFO SparkEnv: Registering BlockManagerMaster
[2025-03-20T13:42:26.253+0000] {subprocess.py:93} INFO - 25/03/20 13:42:26 INFO BlockManagerMasterEndpoint: Using org.apache.spark.storage.DefaultTopologyMapper for getting topology information
[2025-03-20T13:42:26.255+0000] {subprocess.py:93} INFO - 25/03/20 13:42:26 INFO BlockManagerMasterEndpoint: BlockManagerMasterEndpoint up
[2025-03-20T13:42:26.261+0000] {subprocess.py:93} INFO - 25/03/20 13:42:26 INFO SparkEnv: Registering BlockManagerMasterHeartbeat
[2025-03-20T13:42:26.370+0000] {subprocess.py:93} INFO - 25/03/20 13:42:26 INFO DiskBlockManager: Created local directory at /tmp/blockmgr-23f70855-f0dc-4b95-a145-e5993fa4addf
[2025-03-20T13:42:26.399+0000] {subprocess.py:93} INFO - 25/03/20 13:42:26 INFO MemoryStore: MemoryStore started with capacity 366.3 MiB
[2025-03-20T13:42:26.430+0000] {subprocess.py:93} INFO - 25/03/20 13:42:26 INFO SparkEnv: Registering OutputCommitCoordinator
[2025-03-20T13:42:26.687+0000] {subprocess.py:93} INFO - 25/03/20 13:42:26 INFO JettyUtils: Start Jetty 0.0.0.0:4040 for SparkUI
[2025-03-20T13:42:26.770+0000] {subprocess.py:93} INFO - 25/03/20 13:42:26 INFO Utils: Successfully started service 'SparkUI' on port 4040.
[2025-03-20T13:42:26.943+0000] {subprocess.py:93} INFO - 25/03/20 13:42:26 INFO StandaloneAppClient$ClientEndpoint: Connecting to master spark://localhost:7077...
[2025-03-20T13:42:27.051+0000] {subprocess.py:93} INFO - 25/03/20 13:42:27 INFO TransportClientFactory: Successfully created connection to localhost/127.0.0.1:7077 after 80 ms (0 ms spent in bootstraps)
[2025-03-20T13:42:27.209+0000] {subprocess.py:93} INFO - 25/03/20 13:42:27 INFO StandaloneSchedulerBackend: Connected to Spark cluster with app ID app-20250320134227-0013
[2025-03-20T13:42:27.211+0000] {subprocess.py:93} INFO - 25/03/20 13:42:27 INFO StandaloneAppClient$ClientEndpoint: Executor added: app-20250320134227-0013/0 on worker-20250320120146-172.18.0.6-34145 (172.18.0.6:34145) with 2 core(s)
[2025-03-20T13:42:27.213+0000] {subprocess.py:93} INFO - 25/03/20 13:42:27 INFO StandaloneSchedulerBackend: Granted executor ID app-20250320134227-0013/0 on hostPort 172.18.0.6:34145 with 2 core(s), 1024.0 MiB RAM
[2025-03-20T13:42:27.225+0000] {subprocess.py:93} INFO - 25/03/20 13:42:27 INFO Utils: Successfully started service 'org.apache.spark.network.netty.NettyBlockTransferService' on port 46251.
[2025-03-20T13:42:27.226+0000] {subprocess.py:93} INFO - 25/03/20 13:42:27 INFO NettyBlockTransferService: Server created on bcc1e3430c31:46251
[2025-03-20T13:42:27.228+0000] {subprocess.py:93} INFO - 25/03/20 13:42:27 INFO BlockManager: Using org.apache.spark.storage.RandomBlockReplicationPolicy for block replication policy
[2025-03-20T13:42:27.248+0000] {subprocess.py:93} INFO - 25/03/20 13:42:27 INFO BlockManagerMaster: Registering BlockManager BlockManagerId(driver, bcc1e3430c31, 46251, None)
[2025-03-20T13:42:27.255+0000] {subprocess.py:93} INFO - 25/03/20 13:42:27 INFO BlockManagerMasterEndpoint: Registering block manager bcc1e3430c31:46251 with 366.3 MiB RAM, BlockManagerId(driver, bcc1e3430c31, 46251, None)
[2025-03-20T13:42:27.310+0000] {subprocess.py:93} INFO - 25/03/20 13:42:27 INFO BlockManagerMaster: Registered BlockManager BlockManagerId(driver, bcc1e3430c31, 46251, None)
[2025-03-20T13:42:27.313+0000] {subprocess.py:93} INFO - 25/03/20 13:42:27 INFO BlockManager: Initialized BlockManager: BlockManagerId(driver, bcc1e3430c31, 46251, None)
[2025-03-20T13:42:28.214+0000] {subprocess.py:93} INFO - 25/03/20 13:42:28 INFO StandaloneAppClient$ClientEndpoint: Executor updated: app-20250320134227-0013/0 is now RUNNING
[2025-03-20T13:42:28.734+0000] {subprocess.py:93} INFO - 25/03/20 13:42:28 INFO StandaloneSchedulerBackend: SchedulerBackend is ready for scheduling beginning after reached minRegisteredResourcesRatio: 0.0
[2025-03-20T13:42:29.417+0000] {subprocess.py:93} INFO - Spark version: 3.5.0
[2025-03-20T13:42:29.648+0000] {subprocess.py:93} INFO - 25/03/20 13:42:29 INFO SharedState: Setting hive.metastore.warehouse.dir ('null') to the value of spark.sql.warehouse.dir.
[2025-03-20T13:42:31.927+0000] {subprocess.py:93} INFO - 25/03/20 13:42:31 INFO SharedState: Warehouse path is 'hdfs://localhost:9000/data/warehouse'.
[2025-03-20T13:42:36.058+0000] {subprocess.py:93} INFO - 25/03/20 13:42:36 INFO InMemoryFileIndex: It took 290 ms to list leaf files for 1 paths.
[2025-03-20T13:42:36.323+0000] {subprocess.py:93} INFO - 25/03/20 13:42:36 INFO StandaloneSchedulerBackend$StandaloneDriverEndpoint: Registered executor NettyRpcEndpointRef(spark-client://Executor) (172.18.0.6:34314) with ID 0,  ResourceProfileId 0
[2025-03-20T13:42:36.719+0000] {subprocess.py:93} INFO - 25/03/20 13:42:36 INFO BlockManagerMasterEndpoint: Registering block manager 172.18.0.6:42953 with 366.3 MiB RAM, BlockManagerId(0, 172.18.0.6, 42953, None)
[2025-03-20T13:42:37.543+0000] {subprocess.py:93} INFO - 25/03/20 13:42:37 INFO SparkContext: Starting job: parquet at NativeMethodAccessorImpl.java:0
[2025-03-20T13:42:37.574+0000] {subprocess.py:93} INFO - 25/03/20 13:42:37 INFO DAGScheduler: Got job 0 (parquet at NativeMethodAccessorImpl.java:0) with 1 output partitions
[2025-03-20T13:42:37.575+0000] {subprocess.py:93} INFO - 25/03/20 13:42:37 INFO DAGScheduler: Final stage: ResultStage 0 (parquet at NativeMethodAccessorImpl.java:0)
[2025-03-20T13:42:37.576+0000] {subprocess.py:93} INFO - 25/03/20 13:42:37 INFO DAGScheduler: Parents of final stage: List()
[2025-03-20T13:42:37.576+0000] {subprocess.py:93} INFO - 25/03/20 13:42:37 INFO DAGScheduler: Missing parents: List()
[2025-03-20T13:42:37.614+0000] {subprocess.py:93} INFO - 25/03/20 13:42:37 INFO DAGScheduler: Submitting ResultStage 0 (MapPartitionsRDD[1] at parquet at NativeMethodAccessorImpl.java:0), which has no missing parents
[2025-03-20T13:42:37.744+0000] {subprocess.py:93} INFO - 25/03/20 13:42:37 INFO MemoryStore: Block broadcast_0 stored as values in memory (estimated size 103.3 KiB, free 366.2 MiB)
[2025-03-20T13:42:37.814+0000] {subprocess.py:93} INFO - 25/03/20 13:42:37 INFO MemoryStore: Block broadcast_0_piece0 stored as bytes in memory (estimated size 37.2 KiB, free 366.2 MiB)
[2025-03-20T13:42:37.820+0000] {subprocess.py:93} INFO - 25/03/20 13:42:37 INFO BlockManagerInfo: Added broadcast_0_piece0 in memory on bcc1e3430c31:46251 (size: 37.2 KiB, free: 366.3 MiB)
[2025-03-20T13:42:37.826+0000] {subprocess.py:93} INFO - 25/03/20 13:42:37 INFO SparkContext: Created broadcast 0 from broadcast at DAGScheduler.scala:1580
[2025-03-20T13:42:37.853+0000] {subprocess.py:93} INFO - 25/03/20 13:42:37 INFO DAGScheduler: Submitting 1 missing tasks from ResultStage 0 (MapPartitionsRDD[1] at parquet at NativeMethodAccessorImpl.java:0) (first 15 tasks are for partitions Vector(0))
[2025-03-20T13:42:37.855+0000] {subprocess.py:93} INFO - 25/03/20 13:42:37 INFO TaskSchedulerImpl: Adding task set 0.0 with 1 tasks resource profile 0
[2025-03-20T13:42:37.891+0000] {subprocess.py:93} INFO - 25/03/20 13:42:37 INFO TaskSetManager: Starting task 0.0 in stage 0.0 (TID 0) (172.18.0.6, executor 0, partition 0, PROCESS_LOCAL, 7831 bytes)
[2025-03-20T13:42:38.309+0000] {subprocess.py:93} INFO - 25/03/20 13:42:38 INFO BlockManagerInfo: Added broadcast_0_piece0 in memory on 172.18.0.6:42953 (size: 37.2 KiB, free: 366.3 MiB)
[2025-03-20T13:42:40.852+0000] {subprocess.py:93} INFO - 25/03/20 13:42:40 INFO TaskSetManager: Finished task 0.0 in stage 0.0 (TID 0) in 2971 ms on 172.18.0.6 (executor 0) (1/1)
[2025-03-20T13:42:40.856+0000] {subprocess.py:93} INFO - 25/03/20 13:42:40 INFO TaskSchedulerImpl: Removed TaskSet 0.0, whose tasks have all completed, from pool
[2025-03-20T13:42:40.872+0000] {subprocess.py:93} INFO - 25/03/20 13:42:40 INFO DAGScheduler: ResultStage 0 (parquet at NativeMethodAccessorImpl.java:0) finished in 3.234 s
[2025-03-20T13:42:40.911+0000] {subprocess.py:93} INFO - 25/03/20 13:42:40 INFO DAGScheduler: Job 0 is finished. Cancelling potential speculative or zombie tasks for this job
[2025-03-20T13:42:40.912+0000] {subprocess.py:93} INFO - 25/03/20 13:42:40 INFO TaskSchedulerImpl: Killing all running tasks in stage 0: Stage finished
[2025-03-20T13:42:40.917+0000] {subprocess.py:93} INFO - 25/03/20 13:42:40 INFO DAGScheduler: Job 0 finished: parquet at NativeMethodAccessorImpl.java:0, took 3.371915 s
[2025-03-20T13:42:41.684+0000] {subprocess.py:93} INFO - 25/03/20 13:42:41 INFO BlockManagerInfo: Removed broadcast_0_piece0 on bcc1e3430c31:46251 in memory (size: 37.2 KiB, free: 366.3 MiB)
[2025-03-20T13:42:41.726+0000] {subprocess.py:93} INFO - 25/03/20 13:42:41 INFO BlockManagerInfo: Removed broadcast_0_piece0 on 172.18.0.6:42953 in memory (size: 37.2 KiB, free: 366.3 MiB)
[2025-03-20T13:42:43.038+0000] {subprocess.py:93} INFO - 25/03/20 13:42:43 INFO FileSourceStrategy: Pushed Filters: IsNotNull(transaction_id)
[2025-03-20T13:42:43.042+0000] {subprocess.py:93} INFO - 25/03/20 13:42:43 INFO FileSourceStrategy: Post-Scan Filters: isnotnull(transaction_id#0),(from_json(StructField(amount,DoubleType,true), transaction_id#0, Some(Etc/UTC)).amount > 1000.0)
[2025-03-20T13:42:43.180+0000] {subprocess.py:93} INFO - 25/03/20 13:42:43 INFO ParquetUtils: Using default output committer for Parquet: org.apache.parquet.hadoop.ParquetOutputCommitter
[2025-03-20T13:42:43.206+0000] {subprocess.py:93} INFO - 25/03/20 13:42:43 INFO FileOutputCommitter: File Output Committer Algorithm version is 1
[2025-03-20T13:42:43.207+0000] {subprocess.py:93} INFO - 25/03/20 13:42:43 INFO FileOutputCommitter: FileOutputCommitter skip cleanup _temporary folders under output directory:false, ignore cleanup failures: false
[2025-03-20T13:42:43.207+0000] {subprocess.py:93} INFO - 25/03/20 13:42:43 INFO SQLHadoopMapReduceCommitProtocol: Using user defined output committer class org.apache.parquet.hadoop.ParquetOutputCommitter
[2025-03-20T13:42:43.208+0000] {subprocess.py:93} INFO - 25/03/20 13:42:43 INFO FileOutputCommitter: File Output Committer Algorithm version is 1
[2025-03-20T13:42:43.209+0000] {subprocess.py:93} INFO - 25/03/20 13:42:43 INFO FileOutputCommitter: FileOutputCommitter skip cleanup _temporary folders under output directory:false, ignore cleanup failures: false
[2025-03-20T13:42:43.210+0000] {subprocess.py:93} INFO - 25/03/20 13:42:43 INFO SQLHadoopMapReduceCommitProtocol: Using output committer class org.apache.parquet.hadoop.ParquetOutputCommitter
[2025-03-20T13:42:43.536+0000] {subprocess.py:93} INFO - 25/03/20 13:42:43 INFO CodeGenerator: Code generated in 231.196475 ms
[2025-03-20T13:42:43.571+0000] {subprocess.py:93} INFO - 25/03/20 13:42:43 INFO CodeGenerator: Code generated in 22.001179 ms
[2025-03-20T13:42:43.606+0000] {subprocess.py:93} INFO - 25/03/20 13:42:43 INFO MemoryStore: Block broadcast_1 stored as values in memory (estimated size 356.4 KiB, free 366.0 MiB)
[2025-03-20T13:42:43.619+0000] {subprocess.py:93} INFO - 25/03/20 13:42:43 INFO MemoryStore: Block broadcast_1_piece0 stored as bytes in memory (estimated size 35.0 KiB, free 365.9 MiB)
[2025-03-20T13:42:43.620+0000] {subprocess.py:93} INFO - 25/03/20 13:42:43 INFO BlockManagerInfo: Added broadcast_1_piece0 in memory on bcc1e3430c31:46251 (size: 35.0 KiB, free: 366.3 MiB)
[2025-03-20T13:42:43.622+0000] {subprocess.py:93} INFO - 25/03/20 13:42:43 INFO SparkContext: Created broadcast 1 from parquet at NativeMethodAccessorImpl.java:0
[2025-03-20T13:42:43.641+0000] {subprocess.py:93} INFO - 25/03/20 13:42:43 INFO FileSourceScanExec: Planning scan with bin packing, max size: 4194304 bytes, open cost is considered as scanning 4194304 bytes.
[2025-03-20T13:42:43.732+0000] {subprocess.py:93} INFO - 25/03/20 13:42:43 INFO SparkContext: Starting job: parquet at NativeMethodAccessorImpl.java:0
[2025-03-20T13:42:43.733+0000] {subprocess.py:93} INFO - 25/03/20 13:42:43 INFO DAGScheduler: Got job 1 (parquet at NativeMethodAccessorImpl.java:0) with 1 output partitions
[2025-03-20T13:42:43.734+0000] {subprocess.py:93} INFO - 25/03/20 13:42:43 INFO DAGScheduler: Final stage: ResultStage 1 (parquet at NativeMethodAccessorImpl.java:0)
[2025-03-20T13:42:43.735+0000] {subprocess.py:93} INFO - 25/03/20 13:42:43 INFO DAGScheduler: Parents of final stage: List()
[2025-03-20T13:42:43.735+0000] {subprocess.py:93} INFO - 25/03/20 13:42:43 INFO DAGScheduler: Missing parents: List()
[2025-03-20T13:42:43.737+0000] {subprocess.py:93} INFO - 25/03/20 13:42:43 INFO DAGScheduler: Submitting ResultStage 1 (MapPartitionsRDD[8] at parquet at NativeMethodAccessorImpl.java:0), which has no missing parents
[2025-03-20T13:42:43.883+0000] {subprocess.py:93} INFO - 25/03/20 13:42:43 INFO MemoryStore: Block broadcast_2 stored as values in memory (estimated size 231.4 KiB, free 365.7 MiB)
[2025-03-20T13:42:43.889+0000] {subprocess.py:93} INFO - 25/03/20 13:42:43 INFO MemoryStore: Block broadcast_2_piece0 stored as bytes in memory (estimated size 83.1 KiB, free 365.6 MiB)
[2025-03-20T13:42:43.891+0000] {subprocess.py:93} INFO - 25/03/20 13:42:43 INFO BlockManagerInfo: Added broadcast_2_piece0 in memory on bcc1e3430c31:46251 (size: 83.1 KiB, free: 366.2 MiB)
[2025-03-20T13:42:43.892+0000] {subprocess.py:93} INFO - 25/03/20 13:42:43 INFO SparkContext: Created broadcast 2 from broadcast at DAGScheduler.scala:1580
[2025-03-20T13:42:43.893+0000] {subprocess.py:93} INFO - 25/03/20 13:42:43 INFO DAGScheduler: Submitting 1 missing tasks from ResultStage 1 (MapPartitionsRDD[8] at parquet at NativeMethodAccessorImpl.java:0) (first 15 tasks are for partitions Vector(0))
[2025-03-20T13:42:43.894+0000] {subprocess.py:93} INFO - 25/03/20 13:42:43 INFO TaskSchedulerImpl: Adding task set 1.0 with 1 tasks resource profile 0
[2025-03-20T13:42:43.904+0000] {subprocess.py:93} INFO - 25/03/20 13:42:43 INFO TaskSetManager: Starting task 0.0 in stage 1.0 (TID 1) (172.18.0.6, executor 0, partition 0, ANY, 8299 bytes)
[2025-03-20T13:42:43.954+0000] {subprocess.py:93} INFO - 25/03/20 13:42:43 INFO BlockManagerInfo: Added broadcast_2_piece0 in memory on 172.18.0.6:42953 (size: 83.1 KiB, free: 366.2 MiB)
[2025-03-20T13:42:45.624+0000] {subprocess.py:93} INFO - 25/03/20 13:42:45 INFO BlockManagerInfo: Added broadcast_1_piece0 in memory on 172.18.0.6:42953 (size: 35.0 KiB, free: 366.2 MiB)
[2025-03-20T13:42:46.359+0000] {subprocess.py:93} INFO - 25/03/20 13:42:46 INFO TaskSetManager: Finished task 0.0 in stage 1.0 (TID 1) in 2459 ms on 172.18.0.6 (executor 0) (1/1)
[2025-03-20T13:42:46.360+0000] {subprocess.py:93} INFO - 25/03/20 13:42:46 INFO TaskSchedulerImpl: Removed TaskSet 1.0, whose tasks have all completed, from pool
[2025-03-20T13:42:46.362+0000] {subprocess.py:93} INFO - 25/03/20 13:42:46 INFO DAGScheduler: ResultStage 1 (parquet at NativeMethodAccessorImpl.java:0) finished in 2.618 s
[2025-03-20T13:42:46.363+0000] {subprocess.py:93} INFO - 25/03/20 13:42:46 INFO DAGScheduler: Job 1 is finished. Cancelling potential speculative or zombie tasks for this job
[2025-03-20T13:42:46.363+0000] {subprocess.py:93} INFO - 25/03/20 13:42:46 INFO TaskSchedulerImpl: Killing all running tasks in stage 1: Stage finished
[2025-03-20T13:42:46.364+0000] {subprocess.py:93} INFO - 25/03/20 13:42:46 INFO DAGScheduler: Job 1 finished: parquet at NativeMethodAccessorImpl.java:0, took 2.632344 s
[2025-03-20T13:42:46.368+0000] {subprocess.py:93} INFO - 25/03/20 13:42:46 INFO FileFormatWriter: Start to commit write Job 021174d4-e4f8-4e88-83be-a42e994abbc0.
[2025-03-20T13:42:46.440+0000] {subprocess.py:93} INFO - 25/03/20 13:42:46 INFO FileFormatWriter: Write Job 021174d4-e4f8-4e88-83be-a42e994abbc0 committed. Elapsed time: 71 ms.
[2025-03-20T13:42:46.445+0000] {subprocess.py:93} INFO - 25/03/20 13:42:46 INFO FileFormatWriter: Finished processing stats for write job 021174d4-e4f8-4e88-83be-a42e994abbc0.
[2025-03-20T13:42:46.450+0000] {subprocess.py:93} INFO - 25/03/20 13:42:46 INFO SparkContext: SparkContext is stopping with exitCode 0.
[2025-03-20T13:42:46.462+0000] {subprocess.py:93} INFO - 25/03/20 13:42:46 INFO SparkUI: Stopped Spark web UI at http://bcc1e3430c31:4040
[2025-03-20T13:42:46.470+0000] {subprocess.py:93} INFO - 25/03/20 13:42:46 INFO StandaloneSchedulerBackend: Shutting down all executors
[2025-03-20T13:42:46.470+0000] {subprocess.py:93} INFO - 25/03/20 13:42:46 INFO StandaloneSchedulerBackend$StandaloneDriverEndpoint: Asking each executor to shut down
[2025-03-20T13:42:46.512+0000] {subprocess.py:93} INFO - 25/03/20 13:42:46 INFO MapOutputTrackerMasterEndpoint: MapOutputTrackerMasterEndpoint stopped!
[2025-03-20T13:42:46.528+0000] {subprocess.py:93} INFO - 25/03/20 13:42:46 INFO MemoryStore: MemoryStore cleared
[2025-03-20T13:42:46.529+0000] {subprocess.py:93} INFO - 25/03/20 13:42:46 INFO BlockManager: BlockManager stopped
[2025-03-20T13:42:46.533+0000] {subprocess.py:93} INFO - 25/03/20 13:42:46 INFO BlockManagerMaster: BlockManagerMaster stopped
[2025-03-20T13:42:46.537+0000] {subprocess.py:93} INFO - 25/03/20 13:42:46 INFO OutputCommitCoordinator$OutputCommitCoordinatorEndpoint: OutputCommitCoordinator stopped!
[2025-03-20T13:42:46.546+0000] {subprocess.py:93} INFO - 25/03/20 13:42:46 INFO SparkContext: Successfully stopped SparkContext
[2025-03-20T13:42:46.880+0000] {subprocess.py:93} INFO - 25/03/20 13:42:46 INFO ShutdownHookManager: Shutdown hook called
[2025-03-20T13:42:46.881+0000] {subprocess.py:93} INFO - 25/03/20 13:42:46 INFO ShutdownHookManager: Deleting directory /tmp/spark-956baf7a-0df9-42bc-af48-3577c5bfcd01/pyspark-6ddf3fe2-09ea-42fa-8ee4-3798561f2fea
[2025-03-20T13:42:46.883+0000] {subprocess.py:93} INFO - 25/03/20 13:42:46 INFO ShutdownHookManager: Deleting directory /tmp/spark-a42a8b9d-05b6-4726-aff5-649f7e2c9fbd
[2025-03-20T13:42:46.886+0000] {subprocess.py:93} INFO - 25/03/20 13:42:46 INFO ShutdownHookManager: Deleting directory /tmp/spark-956baf7a-0df9-42bc-af48-3577c5bfcd01
[2025-03-20T13:42:46.937+0000] {subprocess.py:97} INFO - Command exited with return code 0
[2025-03-20T13:42:46.972+0000] {taskinstance.py:1398} INFO - Marking task as SUCCESS. dag_id=transactions_pipeline, task_id=detect_fraud, execution_date=20250320T134202, start_date=20250320T134221, end_date=20250320T134246
[2025-03-20T13:42:47.008+0000] {local_task_job_runner.py:228} INFO - Task exited with return code 0
[2025-03-20T13:42:47.031+0000] {taskinstance.py:2776} INFO - 0 downstream tasks scheduled from follow-on schedule check
