[2025-03-20T12:04:36.047+0000] {taskinstance.py:1157} INFO - Dependencies all met for dep_context=non-requeueable deps ti=<TaskInstance: transactions_pipeline.create_fraud_table manual__2025-03-20T12:04:14.612697+00:00 [queued]>
[2025-03-20T12:04:36.059+0000] {taskinstance.py:1157} INFO - Dependencies all met for dep_context=requeueable deps ti=<TaskInstance: transactions_pipeline.create_fraud_table manual__2025-03-20T12:04:14.612697+00:00 [queued]>
[2025-03-20T12:04:36.060+0000] {taskinstance.py:1359} INFO - Starting attempt 1 of 1
[2025-03-20T12:04:36.073+0000] {taskinstance.py:1380} INFO - Executing <Task(BashOperator): create_fraud_table> on 2025-03-20 12:04:14.612697+00:00
[2025-03-20T12:04:36.080+0000] {standard_task_runner.py:57} INFO - Started process 252 to run task
[2025-03-20T12:04:36.084+0000] {standard_task_runner.py:84} INFO - Running: ['***', 'tasks', 'run', 'transactions_pipeline', 'create_fraud_table', 'manual__2025-03-20T12:04:14.612697+00:00', '--job-id', '288', '--raw', '--subdir', 'DAGS_FOLDER/fraud_detection_pipeline.py', '--cfg-path', '/tmp/tmphlwys4qv']
[2025-03-20T12:04:36.087+0000] {standard_task_runner.py:85} INFO - Job 288: Subtask create_fraud_table
[2025-03-20T12:04:36.151+0000] {task_command.py:415} INFO - Running <TaskInstance: transactions_pipeline.create_fraud_table manual__2025-03-20T12:04:14.612697+00:00 [running]> on host 3938a1dd8bd9
[2025-03-20T12:04:36.295+0000] {taskinstance.py:1660} INFO - Exporting env vars: AIRFLOW_CTX_DAG_OWNER='***' AIRFLOW_CTX_DAG_ID='transactions_pipeline' AIRFLOW_CTX_TASK_ID='create_fraud_table' AIRFLOW_CTX_EXECUTION_DATE='2025-03-20T12:04:14.612697+00:00' AIRFLOW_CTX_TRY_NUMBER='1' AIRFLOW_CTX_DAG_RUN_ID='manual__2025-03-20T12:04:14.612697+00:00'
[2025-03-20T12:04:36.297+0000] {subprocess.py:63} INFO - Tmp dir root location: /tmp
[2025-03-20T12:04:36.299+0000] {subprocess.py:75} INFO - Running command: ['/bin/bash', '-c', '\n    docker exec hive beeline -u "jdbc:hive2://localhost:10000" -e "\n    CREATE EXTERNAL TABLE IF NOT EXISTS fraud_detections (\n        transaction_id STRING,\n        date_time STRING,\n        amount DOUBLE,\n        customer_id STRING,\n        location STRING,\n        fraud_reason STRING\n    )\n    STORED AS PARQUET\n    LOCATION \'/data/fraud_detections\';"\n    ']
[2025-03-20T12:04:36.312+0000] {subprocess.py:86} INFO - Output:
[2025-03-20T12:04:37.521+0000] {subprocess.py:93} INFO - SLF4J: Class path contains multiple SLF4J bindings.
[2025-03-20T12:04:37.523+0000] {subprocess.py:93} INFO - SLF4J: Found binding in [jar:file:/opt/hive/lib/log4j-slf4j-impl-2.17.1.jar!/org/slf4j/impl/StaticLoggerBinder.class]
[2025-03-20T12:04:37.524+0000] {subprocess.py:93} INFO - SLF4J: Found binding in [jar:file:/opt/hadoop/share/hadoop/common/lib/slf4j-log4j12-1.7.25.jar!/org/slf4j/impl/StaticLoggerBinder.class]
[2025-03-20T12:04:37.524+0000] {subprocess.py:93} INFO - SLF4J: See http://www.slf4j.org/codes.html#multiple_bindings for an explanation.
[2025-03-20T12:04:37.881+0000] {subprocess.py:93} INFO - SLF4J: Actual binding is of type [org.apache.logging.slf4j.Log4jLoggerFactory]
[2025-03-20T12:04:39.159+0000] {subprocess.py:93} INFO - Connecting to jdbc:hive2://localhost:10000
[2025-03-20T12:04:39.507+0000] {subprocess.py:93} INFO - Connected to: Apache Hive (version 3.1.3)
[2025-03-20T12:04:39.508+0000] {subprocess.py:93} INFO - Driver: Hive JDBC (version 3.1.3)
[2025-03-20T12:04:39.509+0000] {subprocess.py:93} INFO - Transaction isolation: TRANSACTION_REPEATABLE_READ
[2025-03-20T12:04:39.647+0000] {subprocess.py:93} INFO - INFO  : Compiling command(queryId=root_20250320120439_bf6d62e8-151e-4726-b7f8-e203e6e740df): CREATE EXTERNAL TABLE IF NOT EXISTS fraud_detections (
[2025-03-20T12:04:39.648+0000] {subprocess.py:93} INFO -         transaction_id STRING,
[2025-03-20T12:04:39.649+0000] {subprocess.py:93} INFO -         date_time STRING,
[2025-03-20T12:04:39.649+0000] {subprocess.py:93} INFO -         amount DOUBLE,
[2025-03-20T12:04:39.650+0000] {subprocess.py:93} INFO -         customer_id STRING,
[2025-03-20T12:04:39.651+0000] {subprocess.py:93} INFO -         location STRING,
[2025-03-20T12:04:39.652+0000] {subprocess.py:93} INFO -         fraud_reason STRING
[2025-03-20T12:04:39.652+0000] {subprocess.py:93} INFO -     )
[2025-03-20T12:04:39.653+0000] {subprocess.py:93} INFO -     STORED AS PARQUET
[2025-03-20T12:04:39.653+0000] {subprocess.py:93} INFO -     LOCATION '/data/fraud_detections'
[2025-03-20T12:04:39.654+0000] {subprocess.py:93} INFO - INFO  : Concurrency mode is disabled, not creating a lock manager
[2025-03-20T12:04:39.654+0000] {subprocess.py:93} INFO - INFO  : Semantic Analysis Completed (retrial = false)
[2025-03-20T12:04:39.655+0000] {subprocess.py:93} INFO - INFO  : Returning Hive schema: Schema(fieldSchemas:null, properties:null)
[2025-03-20T12:04:39.655+0000] {subprocess.py:93} INFO - INFO  : Completed compiling command(queryId=root_20250320120439_bf6d62e8-151e-4726-b7f8-e203e6e740df); Time taken: 0.013 seconds
[2025-03-20T12:04:39.656+0000] {subprocess.py:93} INFO - INFO  : Concurrency mode is disabled, not creating a lock manager
[2025-03-20T12:04:39.656+0000] {subprocess.py:93} INFO - INFO  : Executing command(queryId=root_20250320120439_bf6d62e8-151e-4726-b7f8-e203e6e740df): CREATE EXTERNAL TABLE IF NOT EXISTS fraud_detections (
[2025-03-20T12:04:39.656+0000] {subprocess.py:93} INFO -         transaction_id STRING,
[2025-03-20T12:04:39.657+0000] {subprocess.py:93} INFO -         date_time STRING,
[2025-03-20T12:04:39.657+0000] {subprocess.py:93} INFO -         amount DOUBLE,
[2025-03-20T12:04:39.658+0000] {subprocess.py:93} INFO -         customer_id STRING,
[2025-03-20T12:04:39.658+0000] {subprocess.py:93} INFO -         location STRING,
[2025-03-20T12:04:39.659+0000] {subprocess.py:93} INFO -         fraud_reason STRING
[2025-03-20T12:04:39.659+0000] {subprocess.py:93} INFO -     )
[2025-03-20T12:04:39.660+0000] {subprocess.py:93} INFO -     STORED AS PARQUET
[2025-03-20T12:04:39.660+0000] {subprocess.py:93} INFO -     LOCATION '/data/fraud_detections'
[2025-03-20T12:04:39.661+0000] {subprocess.py:93} INFO - INFO  : Starting task [Stage-0:DDL] in serial mode
[2025-03-20T12:04:39.662+0000] {subprocess.py:93} INFO - INFO  : Completed executing command(queryId=root_20250320120439_bf6d62e8-151e-4726-b7f8-e203e6e740df); Time taken: 0.059 seconds
[2025-03-20T12:04:39.662+0000] {subprocess.py:93} INFO - INFO  : OK
[2025-03-20T12:04:39.662+0000] {subprocess.py:93} INFO - INFO  : Concurrency mode is disabled, not creating a lock manager
[2025-03-20T12:04:39.663+0000] {subprocess.py:93} INFO - No rows affected (0.127 seconds)
[2025-03-20T12:04:39.668+0000] {subprocess.py:93} INFO - Beeline version 3.1.3 by Apache Hive
[2025-03-20T12:04:39.672+0000] {subprocess.py:93} INFO - Closing: 0: jdbc:hive2://localhost:10000
[2025-03-20T12:04:39.716+0000] {subprocess.py:97} INFO - Command exited with return code 0
[2025-03-20T12:04:39.748+0000] {taskinstance.py:1398} INFO - Marking task as SUCCESS. dag_id=transactions_pipeline, task_id=create_fraud_table, execution_date=20250320T120414, start_date=20250320T120436, end_date=20250320T120439
[2025-03-20T12:04:39.802+0000] {local_task_job_runner.py:228} INFO - Task exited with return code 0
[2025-03-20T12:04:39.838+0000] {taskinstance.py:2776} INFO - 1 downstream tasks scheduled from follow-on schedule check
