[2025-03-21T13:32:53.551+0000] {taskinstance.py:1157} INFO - Dependencies all met for dep_context=non-requeueable deps ti=<TaskInstance: transactions_pipeline.create_hive_table_batch_20250321_131702 manual__2025-03-21T13:31:53.143260+00:00 [queued]>
[2025-03-21T13:32:53.598+0000] {taskinstance.py:1157} INFO - Dependencies all met for dep_context=requeueable deps ti=<TaskInstance: transactions_pipeline.create_hive_table_batch_20250321_131702 manual__2025-03-21T13:31:53.143260+00:00 [queued]>
[2025-03-21T13:32:53.600+0000] {taskinstance.py:1359} INFO - Starting attempt 1 of 1
[2025-03-21T13:32:53.628+0000] {taskinstance.py:1380} INFO - Executing <Task(BashOperator): create_hive_table_batch_20250321_131702> on 2025-03-21 13:31:53.143260+00:00
[2025-03-21T13:32:53.637+0000] {standard_task_runner.py:57} INFO - Started process 2510 to run task
[2025-03-21T13:32:53.643+0000] {standard_task_runner.py:84} INFO - Running: ['***', 'tasks', 'run', 'transactions_pipeline', 'create_hive_table_batch_20250321_131702', 'manual__2025-03-21T13:31:53.143260+00:00', '--job-id', '644', '--raw', '--subdir', 'DAGS_FOLDER/fraud_detection_pipeline.py', '--cfg-path', '/tmp/tmp4xgdj5ba']
[2025-03-21T13:32:53.674+0000] {standard_task_runner.py:85} INFO - Job 644: Subtask create_hive_table_batch_20250321_131702
[2025-03-21T13:32:53.813+0000] {task_command.py:415} INFO - Running <TaskInstance: transactions_pipeline.create_hive_table_batch_20250321_131702 manual__2025-03-21T13:31:53.143260+00:00 [running]> on host 1b7c3466167a
[2025-03-21T13:32:54.032+0000] {taskinstance.py:1660} INFO - Exporting env vars: AIRFLOW_CTX_DAG_EMAIL='rabiizahnoune7@gmail.com' AIRFLOW_CTX_DAG_OWNER='***' AIRFLOW_CTX_DAG_ID='transactions_pipeline' AIRFLOW_CTX_TASK_ID='create_hive_table_batch_20250321_131702' AIRFLOW_CTX_EXECUTION_DATE='2025-03-21T13:31:53.143260+00:00' AIRFLOW_CTX_TRY_NUMBER='1' AIRFLOW_CTX_DAG_RUN_ID='manual__2025-03-21T13:31:53.143260+00:00'
[2025-03-21T13:32:54.035+0000] {subprocess.py:63} INFO - Tmp dir root location: /tmp
[2025-03-21T13:32:54.036+0000] {subprocess.py:75} INFO - Running command: ['/bin/bash', '-c', '\n            docker exec hive beeline -u "jdbc:hive2://localhost:10000" --hiveconf hive.exec.dynamic.partition.mode=nonstrict -e "\n            CREATE EXTERNAL TABLE IF NOT EXISTS transactions (\n                transaction_id STRING,\n                date_time STRING,\n                amount DOUBLE,\n                currency STRING,\n                merchant_details STRING,\n                customer_id STRING,\n                transaction_type STRING,\n                location STRING\n            )\n            PARTITIONED BY (batch_id STRING)\n            STORED AS PARQUET;\n            ALTER TABLE transactions ADD IF NOT EXISTS PARTITION (batch_id=\'batch_20250321_131702\') LOCATION \'/data/transactions/transactions_batch_20250321_131702\';"\n            ']
[2025-03-21T13:32:54.061+0000] {subprocess.py:86} INFO - Output:
[2025-03-21T13:33:22.742+0000] {subprocess.py:93} INFO - SLF4J: Class path contains multiple SLF4J bindings.
[2025-03-21T13:33:22.744+0000] {subprocess.py:93} INFO - SLF4J: Found binding in [jar:file:/opt/hive/lib/log4j-slf4j-impl-2.17.1.jar!/org/slf4j/impl/StaticLoggerBinder.class]
[2025-03-21T13:33:22.745+0000] {subprocess.py:93} INFO - SLF4J: Found binding in [jar:file:/opt/hadoop/share/hadoop/common/lib/slf4j-log4j12-1.7.25.jar!/org/slf4j/impl/StaticLoggerBinder.class]
[2025-03-21T13:33:22.746+0000] {subprocess.py:93} INFO - SLF4J: See http://www.slf4j.org/codes.html#multiple_bindings for an explanation.
[2025-03-21T13:33:24.834+0000] {subprocess.py:93} INFO - SLF4J: Actual binding is of type [org.apache.logging.slf4j.Log4jLoggerFactory]
[2025-03-21T13:33:42.537+0000] {subprocess.py:93} INFO - Connecting to jdbc:hive2://localhost:10000
[2025-03-21T13:33:46.906+0000] {subprocess.py:93} INFO - Connected to: Apache Hive (version 3.1.3)
[2025-03-21T13:33:47.094+0000] {subprocess.py:93} INFO - Driver: Hive JDBC (version 3.1.3)
[2025-03-21T13:33:47.097+0000] {subprocess.py:93} INFO - Transaction isolation: TRANSACTION_REPEATABLE_READ
[2025-03-21T13:33:49.299+0000] {subprocess.py:93} INFO - INFO  : Compiling command(queryId=root_20250321133347_ce175864-7807-41f7-83d3-fec3c42c11eb): CREATE EXTERNAL TABLE IF NOT EXISTS transactions (
[2025-03-21T13:33:49.300+0000] {subprocess.py:93} INFO -                 transaction_id STRING,
[2025-03-21T13:33:49.306+0000] {subprocess.py:93} INFO -                 date_time STRING,
[2025-03-21T13:33:49.310+0000] {subprocess.py:93} INFO -                 amount DOUBLE,
[2025-03-21T13:33:49.312+0000] {subprocess.py:93} INFO -                 currency STRING,
[2025-03-21T13:33:49.314+0000] {subprocess.py:93} INFO -                 merchant_details STRING,
[2025-03-21T13:33:49.315+0000] {subprocess.py:93} INFO -                 customer_id STRING,
[2025-03-21T13:33:49.316+0000] {subprocess.py:93} INFO -                 transaction_type STRING,
[2025-03-21T13:33:49.316+0000] {subprocess.py:93} INFO -                 location STRING
[2025-03-21T13:33:49.317+0000] {subprocess.py:93} INFO -             )
[2025-03-21T13:33:49.317+0000] {subprocess.py:93} INFO -             PARTITIONED BY (batch_id STRING)
[2025-03-21T13:33:49.318+0000] {subprocess.py:93} INFO -             STORED AS PARQUET
[2025-03-21T13:33:49.318+0000] {subprocess.py:93} INFO - INFO  : Concurrency mode is disabled, not creating a lock manager
[2025-03-21T13:33:49.319+0000] {subprocess.py:93} INFO - INFO  : Semantic Analysis Completed (retrial = false)
[2025-03-21T13:33:49.319+0000] {subprocess.py:93} INFO - INFO  : Returning Hive schema: Schema(fieldSchemas:null, properties:null)
[2025-03-21T13:33:49.320+0000] {subprocess.py:93} INFO - INFO  : Completed compiling command(queryId=root_20250321133347_ce175864-7807-41f7-83d3-fec3c42c11eb); Time taken: 0.38 seconds
[2025-03-21T13:33:49.320+0000] {subprocess.py:93} INFO - INFO  : Concurrency mode is disabled, not creating a lock manager
[2025-03-21T13:33:49.321+0000] {subprocess.py:93} INFO - INFO  : Executing command(queryId=root_20250321133347_ce175864-7807-41f7-83d3-fec3c42c11eb): CREATE EXTERNAL TABLE IF NOT EXISTS transactions (
[2025-03-21T13:33:49.321+0000] {subprocess.py:93} INFO -                 transaction_id STRING,
[2025-03-21T13:33:49.322+0000] {subprocess.py:93} INFO -                 date_time STRING,
[2025-03-21T13:33:49.322+0000] {subprocess.py:93} INFO -                 amount DOUBLE,
[2025-03-21T13:33:49.323+0000] {subprocess.py:93} INFO -                 currency STRING,
[2025-03-21T13:33:49.324+0000] {subprocess.py:93} INFO -                 merchant_details STRING,
[2025-03-21T13:33:49.324+0000] {subprocess.py:93} INFO -                 customer_id STRING,
[2025-03-21T13:33:49.325+0000] {subprocess.py:93} INFO -                 transaction_type STRING,
[2025-03-21T13:33:49.325+0000] {subprocess.py:93} INFO -                 location STRING
[2025-03-21T13:33:49.326+0000] {subprocess.py:93} INFO -             )
[2025-03-21T13:33:49.326+0000] {subprocess.py:93} INFO -             PARTITIONED BY (batch_id STRING)
[2025-03-21T13:33:49.326+0000] {subprocess.py:93} INFO -             STORED AS PARQUET
[2025-03-21T13:33:49.327+0000] {subprocess.py:93} INFO - INFO  : Completed executing command(queryId=root_20250321133347_ce175864-7807-41f7-83d3-fec3c42c11eb); Time taken: 0.0 seconds
[2025-03-21T13:33:49.327+0000] {subprocess.py:93} INFO - INFO  : OK
[2025-03-21T13:33:49.328+0000] {subprocess.py:93} INFO - INFO  : Concurrency mode is disabled, not creating a lock manager
[2025-03-21T13:33:49.328+0000] {subprocess.py:93} INFO - No rows affected (2.117 seconds)
[2025-03-21T13:33:50.818+0000] {subprocess.py:93} INFO - INFO  : Compiling command(queryId=root_20250321133349_5f4277c5-af92-4551-81e9-491bf0ca5eca): ALTER TABLE transactions ADD IF NOT EXISTS PARTITION (batch_id='batch_20250321_131702') LOCATION '/data/transactions/transactions_batch_20250321_131702'
[2025-03-21T13:33:50.825+0000] {subprocess.py:93} INFO - INFO  : Concurrency mode is disabled, not creating a lock manager
[2025-03-21T13:33:50.827+0000] {subprocess.py:93} INFO - INFO  : Semantic Analysis Completed (retrial = false)
[2025-03-21T13:33:50.829+0000] {subprocess.py:93} INFO - INFO  : Returning Hive schema: Schema(fieldSchemas:null, properties:null)
[2025-03-21T13:33:50.830+0000] {subprocess.py:93} INFO - INFO  : Completed compiling command(queryId=root_20250321133349_5f4277c5-af92-4551-81e9-491bf0ca5eca); Time taken: 0.07 seconds
[2025-03-21T13:33:50.831+0000] {subprocess.py:93} INFO - INFO  : Concurrency mode is disabled, not creating a lock manager
[2025-03-21T13:33:50.832+0000] {subprocess.py:93} INFO - INFO  : Executing command(queryId=root_20250321133349_5f4277c5-af92-4551-81e9-491bf0ca5eca): ALTER TABLE transactions ADD IF NOT EXISTS PARTITION (batch_id='batch_20250321_131702') LOCATION '/data/transactions/transactions_batch_20250321_131702'
[2025-03-21T13:33:50.833+0000] {subprocess.py:93} INFO - INFO  : Starting task [Stage-0:DDL] in serial mode
[2025-03-21T13:33:51.033+0000] {subprocess.py:93} INFO - INFO  : Completed executing command(queryId=root_20250321133349_5f4277c5-af92-4551-81e9-491bf0ca5eca); Time taken: 0.614 seconds
[2025-03-21T13:33:51.036+0000] {subprocess.py:93} INFO - INFO  : OK
[2025-03-21T13:33:51.045+0000] {subprocess.py:93} INFO - INFO  : Concurrency mode is disabled, not creating a lock manager
[2025-03-21T13:33:51.046+0000] {subprocess.py:93} INFO - No rows affected (1.499 seconds)
[2025-03-21T13:33:51.047+0000] {subprocess.py:93} INFO - Beeline version 3.1.3 by Apache Hive
[2025-03-21T13:33:51.049+0000] {subprocess.py:93} INFO - Closing: 0: jdbc:hive2://localhost:10000
[2025-03-21T13:33:51.270+0000] {subprocess.py:97} INFO - Command exited with return code 0
[2025-03-21T13:33:51.398+0000] {taskinstance.py:1398} INFO - Marking task as SUCCESS. dag_id=transactions_pipeline, task_id=create_hive_table_batch_20250321_131702, execution_date=20250321T133153, start_date=20250321T133253, end_date=20250321T133351
[2025-03-21T13:33:51.551+0000] {local_task_job_runner.py:228} INFO - Task exited with return code 0
[2025-03-21T13:33:51.663+0000] {taskinstance.py:2776} INFO - 1 downstream tasks scheduled from follow-on schedule check
