[2025-03-21T03:50:43.050+0000] {taskinstance.py:1157} INFO - Dependencies all met for dep_context=non-requeueable deps ti=<TaskInstance: transactions_pipeline.create_hive_table scheduled__2025-03-21T03:00:32.992418+00:00 [queued]>
[2025-03-21T03:50:43.062+0000] {taskinstance.py:1157} INFO - Dependencies all met for dep_context=requeueable deps ti=<TaskInstance: transactions_pipeline.create_hive_table scheduled__2025-03-21T03:00:32.992418+00:00 [queued]>
[2025-03-21T03:50:43.063+0000] {taskinstance.py:1359} INFO - Starting attempt 1 of 2
[2025-03-21T03:50:43.083+0000] {taskinstance.py:1380} INFO - Executing <Task(BashOperator): create_hive_table> on 2025-03-21 03:00:32.992418+00:00
[2025-03-21T03:50:43.091+0000] {standard_task_runner.py:57} INFO - Started process 3303 to run task
[2025-03-21T03:50:43.096+0000] {standard_task_runner.py:84} INFO - Running: ['***', 'tasks', 'run', 'transactions_pipeline', 'create_hive_table', 'scheduled__2025-03-21T03:00:32.992418+00:00', '--job-id', '462', '--raw', '--subdir', 'DAGS_FOLDER/fraud_detection_pipeline.py', '--cfg-path', '/tmp/tmpqwwtcd35']
[2025-03-21T03:50:43.101+0000] {standard_task_runner.py:85} INFO - Job 462: Subtask create_hive_table
[2025-03-21T03:50:43.165+0000] {task_command.py:415} INFO - Running <TaskInstance: transactions_pipeline.create_hive_table scheduled__2025-03-21T03:00:32.992418+00:00 [running]> on host 6688e233cb20
[2025-03-21T03:50:43.308+0000] {taskinstance.py:1660} INFO - Exporting env vars: AIRFLOW_CTX_DAG_EMAIL='rabiizahnoune7@gmail.com' AIRFLOW_CTX_DAG_OWNER='***' AIRFLOW_CTX_DAG_ID='transactions_pipeline' AIRFLOW_CTX_TASK_ID='create_hive_table' AIRFLOW_CTX_EXECUTION_DATE='2025-03-21T03:00:32.992418+00:00' AIRFLOW_CTX_TRY_NUMBER='1' AIRFLOW_CTX_DAG_RUN_ID='scheduled__2025-03-21T03:00:32.992418+00:00'
[2025-03-21T03:50:43.311+0000] {subprocess.py:63} INFO - Tmp dir root location: /tmp
[2025-03-21T03:50:43.312+0000] {subprocess.py:75} INFO - Running command: ['/bin/bash', '-c', '\n        docker exec hive beeline -u "jdbc:hive2://localhost:10000" --hiveconf hive.exec.dynamic.partition.mode=nonstrict -e "\n        CREATE EXTERNAL TABLE IF NOT EXISTS transactions (\n            transaction_id STRING,\n            date_time STRING,\n            amount DOUBLE,\n            currency STRING,\n            merchant_details STRING,\n            customer_id STRING,\n            transaction_type STRING,\n            location STRING\n        )\n        PARTITIONED BY (batch_id STRING)\n        STORED AS PARQUET;\n        ALTER TABLE transactions ADD IF NOT EXISTS PARTITION (batch_id=\'batch_20250320_144447\') LOCATION \'/data/transactions/transactions_batch_20250320_144447\';"\n        ']
[2025-03-21T03:50:43.327+0000] {subprocess.py:86} INFO - Output:
[2025-03-21T03:50:44.432+0000] {subprocess.py:93} INFO - SLF4J: Class path contains multiple SLF4J bindings.
[2025-03-21T03:50:44.434+0000] {subprocess.py:93} INFO - SLF4J: Found binding in [jar:file:/opt/hive/lib/log4j-slf4j-impl-2.17.1.jar!/org/slf4j/impl/StaticLoggerBinder.class]
[2025-03-21T03:50:44.435+0000] {subprocess.py:93} INFO - SLF4J: Found binding in [jar:file:/opt/hadoop/share/hadoop/common/lib/slf4j-log4j12-1.7.25.jar!/org/slf4j/impl/StaticLoggerBinder.class]
[2025-03-21T03:50:44.436+0000] {subprocess.py:93} INFO - SLF4J: See http://www.slf4j.org/codes.html#multiple_bindings for an explanation.
[2025-03-21T03:50:44.641+0000] {subprocess.py:93} INFO - SLF4J: Actual binding is of type [org.apache.logging.slf4j.Log4jLoggerFactory]
[2025-03-21T03:50:45.827+0000] {subprocess.py:93} INFO - Connecting to jdbc:hive2://localhost:10000
[2025-03-21T03:50:46.022+0000] {subprocess.py:93} INFO - Connected to: Apache Hive (version 3.1.3)
[2025-03-21T03:50:46.023+0000] {subprocess.py:93} INFO - Driver: Hive JDBC (version 3.1.3)
[2025-03-21T03:50:46.023+0000] {subprocess.py:93} INFO - Transaction isolation: TRANSACTION_REPEATABLE_READ
[2025-03-21T03:50:46.102+0000] {subprocess.py:93} INFO - INFO  : Compiling command(queryId=root_20250321035046_371f81d6-4d9c-4378-b612-09240292fe1a): CREATE EXTERNAL TABLE IF NOT EXISTS transactions (
[2025-03-21T03:50:46.103+0000] {subprocess.py:93} INFO -             transaction_id STRING,
[2025-03-21T03:50:46.104+0000] {subprocess.py:93} INFO -             date_time STRING,
[2025-03-21T03:50:46.105+0000] {subprocess.py:93} INFO -             amount DOUBLE,
[2025-03-21T03:50:46.106+0000] {subprocess.py:93} INFO -             currency STRING,
[2025-03-21T03:50:46.106+0000] {subprocess.py:93} INFO -             merchant_details STRING,
[2025-03-21T03:50:46.107+0000] {subprocess.py:93} INFO -             customer_id STRING,
[2025-03-21T03:50:46.108+0000] {subprocess.py:93} INFO -             transaction_type STRING,
[2025-03-21T03:50:46.108+0000] {subprocess.py:93} INFO -             location STRING
[2025-03-21T03:50:46.109+0000] {subprocess.py:93} INFO -         )
[2025-03-21T03:50:46.109+0000] {subprocess.py:93} INFO -         PARTITIONED BY (batch_id STRING)
[2025-03-21T03:50:46.110+0000] {subprocess.py:93} INFO -         STORED AS PARQUET
[2025-03-21T03:50:46.110+0000] {subprocess.py:93} INFO - INFO  : Concurrency mode is disabled, not creating a lock manager
[2025-03-21T03:50:46.111+0000] {subprocess.py:93} INFO - INFO  : Semantic Analysis Completed (retrial = false)
[2025-03-21T03:50:46.111+0000] {subprocess.py:93} INFO - INFO  : Returning Hive schema: Schema(fieldSchemas:null, properties:null)
[2025-03-21T03:50:46.112+0000] {subprocess.py:93} INFO - INFO  : Completed compiling command(queryId=root_20250321035046_371f81d6-4d9c-4378-b612-09240292fe1a); Time taken: 0.014 seconds
[2025-03-21T03:50:46.112+0000] {subprocess.py:93} INFO - INFO  : Concurrency mode is disabled, not creating a lock manager
[2025-03-21T03:50:46.112+0000] {subprocess.py:93} INFO - INFO  : Executing command(queryId=root_20250321035046_371f81d6-4d9c-4378-b612-09240292fe1a): CREATE EXTERNAL TABLE IF NOT EXISTS transactions (
[2025-03-21T03:50:46.113+0000] {subprocess.py:93} INFO -             transaction_id STRING,
[2025-03-21T03:50:46.114+0000] {subprocess.py:93} INFO -             date_time STRING,
[2025-03-21T03:50:46.114+0000] {subprocess.py:93} INFO -             amount DOUBLE,
[2025-03-21T03:50:46.115+0000] {subprocess.py:93} INFO -             currency STRING,
[2025-03-21T03:50:46.116+0000] {subprocess.py:93} INFO -             merchant_details STRING,
[2025-03-21T03:50:46.116+0000] {subprocess.py:93} INFO -             customer_id STRING,
[2025-03-21T03:50:46.117+0000] {subprocess.py:93} INFO -             transaction_type STRING,
[2025-03-21T03:50:46.118+0000] {subprocess.py:93} INFO -             location STRING
[2025-03-21T03:50:46.118+0000] {subprocess.py:93} INFO -         )
[2025-03-21T03:50:46.118+0000] {subprocess.py:93} INFO -         PARTITIONED BY (batch_id STRING)
[2025-03-21T03:50:46.119+0000] {subprocess.py:93} INFO -         STORED AS PARQUET
[2025-03-21T03:50:46.119+0000] {subprocess.py:93} INFO - INFO  : Completed executing command(queryId=root_20250321035046_371f81d6-4d9c-4378-b612-09240292fe1a); Time taken: 0.0 seconds
[2025-03-21T03:50:46.120+0000] {subprocess.py:93} INFO - INFO  : OK
[2025-03-21T03:50:46.120+0000] {subprocess.py:93} INFO - INFO  : Concurrency mode is disabled, not creating a lock manager
[2025-03-21T03:50:46.121+0000] {subprocess.py:93} INFO - No rows affected (0.067 seconds)
[2025-03-21T03:50:46.190+0000] {subprocess.py:93} INFO - INFO  : Compiling command(queryId=root_20250321035046_0829972c-8f40-4311-b62f-77b479632358): ALTER TABLE transactions ADD IF NOT EXISTS PARTITION (batch_id='batch_20250320_144447') LOCATION '/data/transactions/transactions_batch_20250320_144447'
[2025-03-21T03:50:46.191+0000] {subprocess.py:93} INFO - INFO  : Concurrency mode is disabled, not creating a lock manager
[2025-03-21T03:50:46.192+0000] {subprocess.py:93} INFO - INFO  : Semantic Analysis Completed (retrial = false)
[2025-03-21T03:50:46.192+0000] {subprocess.py:93} INFO - INFO  : Returning Hive schema: Schema(fieldSchemas:null, properties:null)
[2025-03-21T03:50:46.193+0000] {subprocess.py:93} INFO - INFO  : Completed compiling command(queryId=root_20250321035046_0829972c-8f40-4311-b62f-77b479632358); Time taken: 0.014 seconds
[2025-03-21T03:50:46.193+0000] {subprocess.py:93} INFO - INFO  : Concurrency mode is disabled, not creating a lock manager
[2025-03-21T03:50:46.194+0000] {subprocess.py:93} INFO - INFO  : Executing command(queryId=root_20250321035046_0829972c-8f40-4311-b62f-77b479632358): ALTER TABLE transactions ADD IF NOT EXISTS PARTITION (batch_id='batch_20250320_144447') LOCATION '/data/transactions/transactions_batch_20250320_144447'
[2025-03-21T03:50:46.195+0000] {subprocess.py:93} INFO - INFO  : Starting task [Stage-0:DDL] in serial mode
[2025-03-21T03:50:46.195+0000] {subprocess.py:93} INFO - INFO  : Completed executing command(queryId=root_20250321035046_0829972c-8f40-4311-b62f-77b479632358); Time taken: 0.042 seconds
[2025-03-21T03:50:46.196+0000] {subprocess.py:93} INFO - INFO  : OK
[2025-03-21T03:50:46.197+0000] {subprocess.py:93} INFO - INFO  : Concurrency mode is disabled, not creating a lock manager
[2025-03-21T03:50:46.197+0000] {subprocess.py:93} INFO - No rows affected (0.071 seconds)
[2025-03-21T03:50:46.199+0000] {subprocess.py:93} INFO - Beeline version 3.1.3 by Apache Hive
[2025-03-21T03:50:46.204+0000] {subprocess.py:93} INFO - Closing: 0: jdbc:hive2://localhost:10000
[2025-03-21T03:50:46.256+0000] {subprocess.py:97} INFO - Command exited with return code 0
[2025-03-21T03:50:46.285+0000] {taskinstance.py:1398} INFO - Marking task as SUCCESS. dag_id=transactions_pipeline, task_id=create_hive_table, execution_date=20250321T030032, start_date=20250321T035043, end_date=20250321T035046
[2025-03-21T03:50:46.320+0000] {local_task_job_runner.py:228} INFO - Task exited with return code 0
[2025-03-21T03:50:46.354+0000] {taskinstance.py:2776} INFO - 1 downstream tasks scheduled from follow-on schedule check
