[2025-03-21T15:22:50.937+0000] {taskinstance.py:1157} INFO - Dependencies all met for dep_context=non-requeueable deps ti=<TaskInstance: transactions_pipeline.create_fraud_table_batch_20250321_152117 scheduled__2025-03-21T15:14:30.451359+00:00 [queued]>
[2025-03-21T15:22:50.949+0000] {taskinstance.py:1157} INFO - Dependencies all met for dep_context=requeueable deps ti=<TaskInstance: transactions_pipeline.create_fraud_table_batch_20250321_152117 scheduled__2025-03-21T15:14:30.451359+00:00 [queued]>
[2025-03-21T15:22:50.951+0000] {taskinstance.py:1359} INFO - Starting attempt 1 of 1
[2025-03-21T15:22:50.974+0000] {taskinstance.py:1380} INFO - Executing <Task(BashOperator): create_fraud_table_batch_20250321_152117> on 2025-03-21 15:14:30.451359+00:00
[2025-03-21T15:22:50.982+0000] {standard_task_runner.py:57} INFO - Started process 6336 to run task
[2025-03-21T15:22:50.987+0000] {standard_task_runner.py:84} INFO - Running: ['***', 'tasks', 'run', 'transactions_pipeline', 'create_fraud_table_batch_20250321_152117', 'scheduled__2025-03-21T15:14:30.451359+00:00', '--job-id', '814', '--raw', '--subdir', 'DAGS_FOLDER/fraud_detection_pipeline.py', '--cfg-path', '/tmp/tmp0ghtsy1f']
[2025-03-21T15:22:50.991+0000] {standard_task_runner.py:85} INFO - Job 814: Subtask create_fraud_table_batch_20250321_152117
[2025-03-21T15:22:51.053+0000] {task_command.py:415} INFO - Running <TaskInstance: transactions_pipeline.create_fraud_table_batch_20250321_152117 scheduled__2025-03-21T15:14:30.451359+00:00 [running]> on host e95638583d4d
[2025-03-21T15:22:51.174+0000] {taskinstance.py:1660} INFO - Exporting env vars: AIRFLOW_CTX_DAG_EMAIL='rabiizahnoune7@gmail.com' AIRFLOW_CTX_DAG_OWNER='***' AIRFLOW_CTX_DAG_ID='transactions_pipeline' AIRFLOW_CTX_TASK_ID='create_fraud_table_batch_20250321_152117' AIRFLOW_CTX_EXECUTION_DATE='2025-03-21T15:14:30.451359+00:00' AIRFLOW_CTX_TRY_NUMBER='1' AIRFLOW_CTX_DAG_RUN_ID='scheduled__2025-03-21T15:14:30.451359+00:00'
[2025-03-21T15:22:51.177+0000] {subprocess.py:63} INFO - Tmp dir root location: /tmp
[2025-03-21T15:22:51.178+0000] {subprocess.py:75} INFO - Running command: ['/bin/bash', '-c', '\n            docker exec hive beeline -u "jdbc:hive2://localhost:10000" --hiveconf hive.exec.dynamic.partition.mode=nonstrict -e "\n            CREATE EXTERNAL TABLE IF NOT EXISTS fraud_detections (\n                transaction_id STRING,\n                date_time STRING,\n                amount DOUBLE,\n                customer_id STRING,\n                location STRING,\n                fraud_reason STRING\n            )\n            PARTITIONED BY (batch_id STRING)\n            STORED AS PARQUET\n            LOCATION \'/data/fraud_detections\';"\n            ']
[2025-03-21T15:22:51.195+0000] {subprocess.py:86} INFO - Output:
[2025-03-21T15:22:52.432+0000] {subprocess.py:93} INFO - SLF4J: Class path contains multiple SLF4J bindings.
[2025-03-21T15:22:52.433+0000] {subprocess.py:93} INFO - SLF4J: Found binding in [jar:file:/opt/hive/lib/log4j-slf4j-impl-2.17.1.jar!/org/slf4j/impl/StaticLoggerBinder.class]
[2025-03-21T15:22:52.434+0000] {subprocess.py:93} INFO - SLF4J: Found binding in [jar:file:/opt/hadoop/share/hadoop/common/lib/slf4j-log4j12-1.7.25.jar!/org/slf4j/impl/StaticLoggerBinder.class]
[2025-03-21T15:22:52.435+0000] {subprocess.py:93} INFO - SLF4J: See http://www.slf4j.org/codes.html#multiple_bindings for an explanation.
[2025-03-21T15:22:52.611+0000] {subprocess.py:93} INFO - SLF4J: Actual binding is of type [org.apache.logging.slf4j.Log4jLoggerFactory]
[2025-03-21T15:22:53.864+0000] {subprocess.py:93} INFO - Connecting to jdbc:hive2://localhost:10000
[2025-03-21T15:22:54.180+0000] {subprocess.py:93} INFO - Connected to: Apache Hive (version 3.1.3)
[2025-03-21T15:22:54.181+0000] {subprocess.py:93} INFO - Driver: Hive JDBC (version 3.1.3)
[2025-03-21T15:22:54.182+0000] {subprocess.py:93} INFO - Transaction isolation: TRANSACTION_REPEATABLE_READ
[2025-03-21T15:22:54.308+0000] {subprocess.py:93} INFO - INFO  : Compiling command(queryId=root_20250321152254_7903b276-f994-4cd9-9c16-65afc17c137d): CREATE EXTERNAL TABLE IF NOT EXISTS fraud_detections (
[2025-03-21T15:22:54.309+0000] {subprocess.py:93} INFO -                 transaction_id STRING,
[2025-03-21T15:22:54.310+0000] {subprocess.py:93} INFO -                 date_time STRING,
[2025-03-21T15:22:54.311+0000] {subprocess.py:93} INFO -                 amount DOUBLE,
[2025-03-21T15:22:54.311+0000] {subprocess.py:93} INFO -                 customer_id STRING,
[2025-03-21T15:22:54.312+0000] {subprocess.py:93} INFO -                 location STRING,
[2025-03-21T15:22:54.313+0000] {subprocess.py:93} INFO -                 fraud_reason STRING
[2025-03-21T15:22:54.313+0000] {subprocess.py:93} INFO -             )
[2025-03-21T15:22:54.314+0000] {subprocess.py:93} INFO -             PARTITIONED BY (batch_id STRING)
[2025-03-21T15:22:54.314+0000] {subprocess.py:93} INFO -             STORED AS PARQUET
[2025-03-21T15:22:54.315+0000] {subprocess.py:93} INFO -             LOCATION '/data/fraud_detections'
[2025-03-21T15:22:54.315+0000] {subprocess.py:93} INFO - INFO  : Concurrency mode is disabled, not creating a lock manager
[2025-03-21T15:22:54.316+0000] {subprocess.py:93} INFO - INFO  : Semantic Analysis Completed (retrial = false)
[2025-03-21T15:22:54.317+0000] {subprocess.py:93} INFO - INFO  : Returning Hive schema: Schema(fieldSchemas:null, properties:null)
[2025-03-21T15:22:54.318+0000] {subprocess.py:93} INFO - INFO  : Completed compiling command(queryId=root_20250321152254_7903b276-f994-4cd9-9c16-65afc17c137d); Time taken: 0.02 seconds
[2025-03-21T15:22:54.320+0000] {subprocess.py:93} INFO - INFO  : Concurrency mode is disabled, not creating a lock manager
[2025-03-21T15:22:54.320+0000] {subprocess.py:93} INFO - INFO  : Executing command(queryId=root_20250321152254_7903b276-f994-4cd9-9c16-65afc17c137d): CREATE EXTERNAL TABLE IF NOT EXISTS fraud_detections (
[2025-03-21T15:22:54.321+0000] {subprocess.py:93} INFO -                 transaction_id STRING,
[2025-03-21T15:22:54.322+0000] {subprocess.py:93} INFO -                 date_time STRING,
[2025-03-21T15:22:54.322+0000] {subprocess.py:93} INFO -                 amount DOUBLE,
[2025-03-21T15:22:54.323+0000] {subprocess.py:93} INFO -                 customer_id STRING,
[2025-03-21T15:22:54.323+0000] {subprocess.py:93} INFO -                 location STRING,
[2025-03-21T15:22:54.324+0000] {subprocess.py:93} INFO -                 fraud_reason STRING
[2025-03-21T15:22:54.325+0000] {subprocess.py:93} INFO -             )
[2025-03-21T15:22:54.325+0000] {subprocess.py:93} INFO -             PARTITIONED BY (batch_id STRING)
[2025-03-21T15:22:54.326+0000] {subprocess.py:93} INFO -             STORED AS PARQUET
[2025-03-21T15:22:54.326+0000] {subprocess.py:93} INFO -             LOCATION '/data/fraud_detections'
[2025-03-21T15:22:54.327+0000] {subprocess.py:93} INFO - INFO  : Completed executing command(queryId=root_20250321152254_7903b276-f994-4cd9-9c16-65afc17c137d); Time taken: 0.001 seconds
[2025-03-21T15:22:54.327+0000] {subprocess.py:93} INFO - INFO  : OK
[2025-03-21T15:22:54.328+0000] {subprocess.py:93} INFO - INFO  : Concurrency mode is disabled, not creating a lock manager
[2025-03-21T15:22:54.329+0000] {subprocess.py:93} INFO - No rows affected (0.105 seconds)
[2025-03-21T15:22:54.330+0000] {subprocess.py:93} INFO - Beeline version 3.1.3 by Apache Hive
[2025-03-21T15:22:54.339+0000] {subprocess.py:93} INFO - Closing: 0: jdbc:hive2://localhost:10000
[2025-03-21T15:22:54.403+0000] {subprocess.py:97} INFO - Command exited with return code 0
[2025-03-21T15:22:54.461+0000] {taskinstance.py:1398} INFO - Marking task as SUCCESS. dag_id=transactions_pipeline, task_id=create_fraud_table_batch_20250321_152117, execution_date=20250321T151430, start_date=20250321T152250, end_date=20250321T152254
[2025-03-21T15:22:54.527+0000] {local_task_job_runner.py:228} INFO - Task exited with return code 0
[2025-03-21T15:22:54.554+0000] {taskinstance.py:2776} INFO - 1 downstream tasks scheduled from follow-on schedule check
