[2025-03-21T13:23:49.139+0000] {taskinstance.py:1157} INFO - Dependencies all met for dep_context=non-requeueable deps ti=<TaskInstance: transactions_pipeline.create_fraud_table_batch_20250321_131741 manual__2025-03-21T13:22:01.068828+00:00 [queued]>
[2025-03-21T13:23:49.224+0000] {taskinstance.py:1157} INFO - Dependencies all met for dep_context=requeueable deps ti=<TaskInstance: transactions_pipeline.create_fraud_table_batch_20250321_131741 manual__2025-03-21T13:22:01.068828+00:00 [queued]>
[2025-03-21T13:23:49.228+0000] {taskinstance.py:1359} INFO - Starting attempt 1 of 1
[2025-03-21T13:23:49.281+0000] {taskinstance.py:1380} INFO - Executing <Task(BashOperator): create_fraud_table_batch_20250321_131741> on 2025-03-21 13:22:01.068828+00:00
[2025-03-21T13:23:49.307+0000] {standard_task_runner.py:57} INFO - Started process 923 to run task
[2025-03-21T13:23:49.317+0000] {standard_task_runner.py:84} INFO - Running: ['***', 'tasks', 'run', 'transactions_pipeline', 'create_fraud_table_batch_20250321_131741', 'manual__2025-03-21T13:22:01.068828+00:00', '--job-id', '595', '--raw', '--subdir', 'DAGS_FOLDER/fraud_detection_pipeline.py', '--cfg-path', '/tmp/tmp11axx16j']
[2025-03-21T13:23:49.329+0000] {standard_task_runner.py:85} INFO - Job 595: Subtask create_fraud_table_batch_20250321_131741
[2025-03-21T13:23:49.638+0000] {task_command.py:415} INFO - Running <TaskInstance: transactions_pipeline.create_fraud_table_batch_20250321_131741 manual__2025-03-21T13:22:01.068828+00:00 [running]> on host 1b7c3466167a
[2025-03-21T13:23:50.067+0000] {taskinstance.py:1660} INFO - Exporting env vars: AIRFLOW_CTX_DAG_EMAIL='rabiizahnoune7@gmail.com' AIRFLOW_CTX_DAG_OWNER='***' AIRFLOW_CTX_DAG_ID='transactions_pipeline' AIRFLOW_CTX_TASK_ID='create_fraud_table_batch_20250321_131741' AIRFLOW_CTX_EXECUTION_DATE='2025-03-21T13:22:01.068828+00:00' AIRFLOW_CTX_TRY_NUMBER='1' AIRFLOW_CTX_DAG_RUN_ID='manual__2025-03-21T13:22:01.068828+00:00'
[2025-03-21T13:23:50.078+0000] {subprocess.py:63} INFO - Tmp dir root location: /tmp
[2025-03-21T13:23:50.099+0000] {subprocess.py:75} INFO - Running command: ['/bin/bash', '-c', '\n            docker exec hive beeline -u "jdbc:hive2://localhost:10000" -e "\n            CREATE EXTERNAL TABLE IF NOT EXISTS fraud_detections (\n                transaction_id STRING,\n                date_time STRING,\n                amount DOUBLE,\n                customer_id STRING,\n                location STRING,\n                fraud_reason STRING\n            )\n            STORED AS PARQUET\n            LOCATION \'/data/fraud_detections\';"\n            ']
[2025-03-21T13:23:50.153+0000] {subprocess.py:86} INFO - Output:
[2025-03-21T13:24:02.365+0000] {subprocess.py:93} INFO - SLF4J: Class path contains multiple SLF4J bindings.
[2025-03-21T13:24:02.448+0000] {subprocess.py:93} INFO - SLF4J: Found binding in [jar:file:/opt/hive/lib/log4j-slf4j-impl-2.17.1.jar!/org/slf4j/impl/StaticLoggerBinder.class]
[2025-03-21T13:24:02.449+0000] {subprocess.py:93} INFO - SLF4J: Found binding in [jar:file:/opt/hadoop/share/hadoop/common/lib/slf4j-log4j12-1.7.25.jar!/org/slf4j/impl/StaticLoggerBinder.class]
[2025-03-21T13:24:02.450+0000] {subprocess.py:93} INFO - SLF4J: See http://www.slf4j.org/codes.html#multiple_bindings for an explanation.
[2025-03-21T13:24:07.420+0000] {subprocess.py:93} INFO - SLF4J: Actual binding is of type [org.apache.logging.slf4j.Log4jLoggerFactory]
[2025-03-21T13:24:37.523+0000] {subprocess.py:93} INFO - Connecting to jdbc:hive2://localhost:10000
[2025-03-21T13:24:41.263+0000] {subprocess.py:93} INFO - Connected to: Apache Hive (version 3.1.3)
[2025-03-21T13:24:41.264+0000] {subprocess.py:93} INFO - Driver: Hive JDBC (version 3.1.3)
[2025-03-21T13:24:41.265+0000] {subprocess.py:93} INFO - Transaction isolation: TRANSACTION_REPEATABLE_READ
[2025-03-21T13:24:43.774+0000] {subprocess.py:93} INFO - INFO  : Compiling command(queryId=root_20250321132441_5a61eab3-7747-47a6-bf46-fdd6df640974): CREATE EXTERNAL TABLE IF NOT EXISTS fraud_detections (
[2025-03-21T13:24:43.775+0000] {subprocess.py:93} INFO -                 transaction_id STRING,
[2025-03-21T13:24:43.776+0000] {subprocess.py:93} INFO -                 date_time STRING,
[2025-03-21T13:24:43.777+0000] {subprocess.py:93} INFO -                 amount DOUBLE,
[2025-03-21T13:24:43.778+0000] {subprocess.py:93} INFO -                 customer_id STRING,
[2025-03-21T13:24:43.788+0000] {subprocess.py:93} INFO -                 location STRING,
[2025-03-21T13:24:43.789+0000] {subprocess.py:93} INFO -                 fraud_reason STRING
[2025-03-21T13:24:43.790+0000] {subprocess.py:93} INFO -             )
[2025-03-21T13:24:43.790+0000] {subprocess.py:93} INFO -             STORED AS PARQUET
[2025-03-21T13:24:43.791+0000] {subprocess.py:93} INFO -             LOCATION '/data/fraud_detections'
[2025-03-21T13:24:43.792+0000] {subprocess.py:93} INFO - INFO  : Concurrency mode is disabled, not creating a lock manager
[2025-03-21T13:24:43.792+0000] {subprocess.py:93} INFO - INFO  : Semantic Analysis Completed (retrial = false)
[2025-03-21T13:24:43.793+0000] {subprocess.py:93} INFO - INFO  : Returning Hive schema: Schema(fieldSchemas:null, properties:null)
[2025-03-21T13:24:43.793+0000] {subprocess.py:93} INFO - INFO  : Completed compiling command(queryId=root_20250321132441_5a61eab3-7747-47a6-bf46-fdd6df640974); Time taken: 0.411 seconds
[2025-03-21T13:24:43.862+0000] {subprocess.py:93} INFO - INFO  : Concurrency mode is disabled, not creating a lock manager
[2025-03-21T13:24:43.863+0000] {subprocess.py:93} INFO - INFO  : Executing command(queryId=root_20250321132441_5a61eab3-7747-47a6-bf46-fdd6df640974): CREATE EXTERNAL TABLE IF NOT EXISTS fraud_detections (
[2025-03-21T13:24:43.863+0000] {subprocess.py:93} INFO -                 transaction_id STRING,
[2025-03-21T13:24:43.864+0000] {subprocess.py:93} INFO -                 date_time STRING,
[2025-03-21T13:24:43.865+0000] {subprocess.py:93} INFO -                 amount DOUBLE,
[2025-03-21T13:24:43.866+0000] {subprocess.py:93} INFO -                 customer_id STRING,
[2025-03-21T13:24:43.866+0000] {subprocess.py:93} INFO -                 location STRING,
[2025-03-21T13:24:43.867+0000] {subprocess.py:93} INFO -                 fraud_reason STRING
[2025-03-21T13:24:43.867+0000] {subprocess.py:93} INFO -             )
[2025-03-21T13:24:43.868+0000] {subprocess.py:93} INFO -             STORED AS PARQUET
[2025-03-21T13:24:43.868+0000] {subprocess.py:93} INFO -             LOCATION '/data/fraud_detections'
[2025-03-21T13:24:43.870+0000] {subprocess.py:93} INFO - INFO  : Completed executing command(queryId=root_20250321132441_5a61eab3-7747-47a6-bf46-fdd6df640974); Time taken: 0.001 seconds
[2025-03-21T13:24:43.872+0000] {subprocess.py:93} INFO - INFO  : OK
[2025-03-21T13:24:43.873+0000] {subprocess.py:93} INFO - INFO  : Concurrency mode is disabled, not creating a lock manager
[2025-03-21T13:24:43.874+0000] {subprocess.py:93} INFO - No rows affected (2.109 seconds)
[2025-03-21T13:24:44.090+0000] {subprocess.py:93} INFO - Beeline version 3.1.3 by Apache Hive
[2025-03-21T13:24:44.665+0000] {subprocess.py:93} INFO - Closing: 0: jdbc:hive2://localhost:10000
[2025-03-21T13:24:45.886+0000] {subprocess.py:97} INFO - Command exited with return code 0
[2025-03-21T13:24:45.940+0000] {taskinstance.py:1398} INFO - Marking task as SUCCESS. dag_id=transactions_pipeline, task_id=create_fraud_table_batch_20250321_131741, execution_date=20250321T132201, start_date=20250321T132349, end_date=20250321T132445
[2025-03-21T13:24:46.056+0000] {local_task_job_runner.py:228} INFO - Task exited with return code 0
[2025-03-21T13:24:46.126+0000] {taskinstance.py:2776} INFO - 1 downstream tasks scheduled from follow-on schedule check
