[2025-03-21T14:43:15.899+0000] {taskinstance.py:1157} INFO - Dependencies all met for dep_context=non-requeueable deps ti=<TaskInstance: transactions_pipeline.add_fraud_partition_batch_20250321_141918 manual__2025-03-21T14:42:06.824510+00:00 [queued]>
[2025-03-21T14:43:15.913+0000] {taskinstance.py:1157} INFO - Dependencies all met for dep_context=requeueable deps ti=<TaskInstance: transactions_pipeline.add_fraud_partition_batch_20250321_141918 manual__2025-03-21T14:42:06.824510+00:00 [queued]>
[2025-03-21T14:43:15.914+0000] {taskinstance.py:1359} INFO - Starting attempt 1 of 1
[2025-03-21T14:43:15.929+0000] {taskinstance.py:1380} INFO - Executing <Task(BashOperator): add_fraud_partition_batch_20250321_141918> on 2025-03-21 14:42:06.824510+00:00
[2025-03-21T14:43:15.936+0000] {standard_task_runner.py:57} INFO - Started process 4327 to run task
[2025-03-21T14:43:15.940+0000] {standard_task_runner.py:84} INFO - Running: ['***', 'tasks', 'run', 'transactions_pipeline', 'add_fraud_partition_batch_20250321_141918', 'manual__2025-03-21T14:42:06.824510+00:00', '--job-id', '786', '--raw', '--subdir', 'DAGS_FOLDER/fraud_detection_pipeline.py', '--cfg-path', '/tmp/tmp1o10ua7o']
[2025-03-21T14:43:15.945+0000] {standard_task_runner.py:85} INFO - Job 786: Subtask add_fraud_partition_batch_20250321_141918
[2025-03-21T14:43:16.029+0000] {task_command.py:415} INFO - Running <TaskInstance: transactions_pipeline.add_fraud_partition_batch_20250321_141918 manual__2025-03-21T14:42:06.824510+00:00 [running]> on host e95638583d4d
[2025-03-21T14:43:16.148+0000] {taskinstance.py:1660} INFO - Exporting env vars: AIRFLOW_CTX_DAG_EMAIL='rabiizahnoune7@gmail.com' AIRFLOW_CTX_DAG_OWNER='***' AIRFLOW_CTX_DAG_ID='transactions_pipeline' AIRFLOW_CTX_TASK_ID='add_fraud_partition_batch_20250321_141918' AIRFLOW_CTX_EXECUTION_DATE='2025-03-21T14:42:06.824510+00:00' AIRFLOW_CTX_TRY_NUMBER='1' AIRFLOW_CTX_DAG_RUN_ID='manual__2025-03-21T14:42:06.824510+00:00'
[2025-03-21T14:43:16.150+0000] {subprocess.py:63} INFO - Tmp dir root location: /tmp
[2025-03-21T14:43:16.152+0000] {subprocess.py:75} INFO - Running command: ['/bin/bash', '-c', '\n            docker exec hive beeline -u "jdbc:hive2://localhost:10000" --hiveconf hive.exec.dynamic.partition.mode=nonstrict -e "\n            ALTER TABLE fraud_detections ADD IF NOT EXISTS PARTITION (batch_id=\'batch_20250321_141918\') LOCATION \'/data/fraud_detections/batch_id=batch_20250321_141918\';"\n            ']
[2025-03-21T14:43:16.165+0000] {subprocess.py:86} INFO - Output:
[2025-03-21T14:43:17.354+0000] {subprocess.py:93} INFO - SLF4J: Class path contains multiple SLF4J bindings.
[2025-03-21T14:43:17.356+0000] {subprocess.py:93} INFO - SLF4J: Found binding in [jar:file:/opt/hive/lib/log4j-slf4j-impl-2.17.1.jar!/org/slf4j/impl/StaticLoggerBinder.class]
[2025-03-21T14:43:17.357+0000] {subprocess.py:93} INFO - SLF4J: Found binding in [jar:file:/opt/hadoop/share/hadoop/common/lib/slf4j-log4j12-1.7.25.jar!/org/slf4j/impl/StaticLoggerBinder.class]
[2025-03-21T14:43:17.358+0000] {subprocess.py:93} INFO - SLF4J: See http://www.slf4j.org/codes.html#multiple_bindings for an explanation.
[2025-03-21T14:43:17.557+0000] {subprocess.py:93} INFO - SLF4J: Actual binding is of type [org.apache.logging.slf4j.Log4jLoggerFactory]
[2025-03-21T14:43:18.643+0000] {subprocess.py:93} INFO - Connecting to jdbc:hive2://localhost:10000
[2025-03-21T14:43:18.894+0000] {subprocess.py:93} INFO - Connected to: Apache Hive (version 3.1.3)
[2025-03-21T14:43:18.895+0000] {subprocess.py:93} INFO - Driver: Hive JDBC (version 3.1.3)
[2025-03-21T14:43:18.896+0000] {subprocess.py:93} INFO - Transaction isolation: TRANSACTION_REPEATABLE_READ
[2025-03-21T14:43:19.041+0000] {subprocess.py:93} INFO - INFO  : Compiling command(queryId=root_20250321144318_490c1fb1-264c-4ccf-a2be-cee22aad7b3e): ALTER TABLE fraud_detections ADD IF NOT EXISTS PARTITION (batch_id='batch_20250321_141918') LOCATION '/data/fraud_detections/batch_id=batch_20250321_141918'
[2025-03-21T14:43:19.041+0000] {subprocess.py:93} INFO - INFO  : Concurrency mode is disabled, not creating a lock manager
[2025-03-21T14:43:19.042+0000] {subprocess.py:93} INFO - INFO  : Semantic Analysis Completed (retrial = false)
[2025-03-21T14:43:19.043+0000] {subprocess.py:93} INFO - INFO  : Returning Hive schema: Schema(fieldSchemas:null, properties:null)
[2025-03-21T14:43:19.044+0000] {subprocess.py:93} INFO - INFO  : Completed compiling command(queryId=root_20250321144318_490c1fb1-264c-4ccf-a2be-cee22aad7b3e); Time taken: 0.018 seconds
[2025-03-21T14:43:19.044+0000] {subprocess.py:93} INFO - INFO  : Concurrency mode is disabled, not creating a lock manager
[2025-03-21T14:43:19.045+0000] {subprocess.py:93} INFO - INFO  : Executing command(queryId=root_20250321144318_490c1fb1-264c-4ccf-a2be-cee22aad7b3e): ALTER TABLE fraud_detections ADD IF NOT EXISTS PARTITION (batch_id='batch_20250321_141918') LOCATION '/data/fraud_detections/batch_id=batch_20250321_141918'
[2025-03-21T14:43:19.045+0000] {subprocess.py:93} INFO - INFO  : Starting task [Stage-0:DDL] in serial mode
[2025-03-21T14:43:19.046+0000] {subprocess.py:93} INFO - INFO  : Completed executing command(queryId=root_20250321144318_490c1fb1-264c-4ccf-a2be-cee22aad7b3e); Time taken: 0.06 seconds
[2025-03-21T14:43:19.046+0000] {subprocess.py:93} INFO - INFO  : OK
[2025-03-21T14:43:19.047+0000] {subprocess.py:93} INFO - INFO  : Concurrency mode is disabled, not creating a lock manager
[2025-03-21T14:43:19.047+0000] {subprocess.py:93} INFO - No rows affected (0.13 seconds)
[2025-03-21T14:43:19.053+0000] {subprocess.py:93} INFO - Beeline version 3.1.3 by Apache Hive
[2025-03-21T14:43:19.058+0000] {subprocess.py:93} INFO - Closing: 0: jdbc:hive2://localhost:10000
[2025-03-21T14:43:19.092+0000] {subprocess.py:97} INFO - Command exited with return code 0
[2025-03-21T14:43:19.123+0000] {taskinstance.py:1398} INFO - Marking task as SUCCESS. dag_id=transactions_pipeline, task_id=add_fraud_partition_batch_20250321_141918, execution_date=20250321T144206, start_date=20250321T144315, end_date=20250321T144319
[2025-03-21T14:43:19.150+0000] {local_task_job_runner.py:228} INFO - Task exited with return code 0
[2025-03-21T14:43:19.178+0000] {taskinstance.py:2776} INFO - 1 downstream tasks scheduled from follow-on schedule check
