[2025-03-19T20:58:51.360+0000] {taskinstance.py:1157} INFO - Dependencies all met for dep_context=non-requeueable deps ti=<TaskInstance: transactions_pipeline.create_hive_table manual__2025-03-19T20:58:34.601664+00:00 [queued]>
[2025-03-19T20:58:51.376+0000] {taskinstance.py:1157} INFO - Dependencies all met for dep_context=requeueable deps ti=<TaskInstance: transactions_pipeline.create_hive_table manual__2025-03-19T20:58:34.601664+00:00 [queued]>
[2025-03-19T20:58:51.378+0000] {taskinstance.py:1359} INFO - Starting attempt 1 of 1
[2025-03-19T20:58:51.414+0000] {taskinstance.py:1380} INFO - Executing <Task(BashOperator): create_hive_table> on 2025-03-19 20:58:34.601664+00:00
[2025-03-19T20:58:51.432+0000] {standard_task_runner.py:57} INFO - Started process 255 to run task
[2025-03-19T20:58:51.444+0000] {standard_task_runner.py:84} INFO - Running: ['***', 'tasks', 'run', 'transactions_pipeline', 'create_hive_table', 'manual__2025-03-19T20:58:34.601664+00:00', '--job-id', '178', '--raw', '--subdir', 'DAGS_FOLDER/fraud_detection_pipeline.py', '--cfg-path', '/tmp/tmpf69n9o_3']
[2025-03-19T20:58:51.452+0000] {standard_task_runner.py:85} INFO - Job 178: Subtask create_hive_table
[2025-03-19T20:58:51.710+0000] {task_command.py:415} INFO - Running <TaskInstance: transactions_pipeline.create_hive_table manual__2025-03-19T20:58:34.601664+00:00 [running]> on host 6554d7f00a0a
[2025-03-19T20:58:51.844+0000] {logging_mixin.py:151} WARNING - /home/***/.local/lib/python3.8/site-packages/***/utils/context.py:206 AirflowContextDeprecationWarning: Accessing 'execution_date' from the template is deprecated and will be removed in a future version. Please use 'data_interval_start' or 'logical_date' instead.
[2025-03-19T20:58:51.938+0000] {taskinstance.py:1660} INFO - Exporting env vars: AIRFLOW_CTX_DAG_OWNER='***' AIRFLOW_CTX_DAG_ID='transactions_pipeline' AIRFLOW_CTX_TASK_ID='create_hive_table' AIRFLOW_CTX_EXECUTION_DATE='2025-03-19T20:58:34.601664+00:00' AIRFLOW_CTX_TRY_NUMBER='1' AIRFLOW_CTX_DAG_RUN_ID='manual__2025-03-19T20:58:34.601664+00:00'
[2025-03-19T20:58:51.946+0000] {subprocess.py:63} INFO - Tmp dir root location: /tmp
[2025-03-19T20:58:51.949+0000] {subprocess.py:75} INFO - Running command: ['/bin/bash', '-c', '\n    docker exec hive beeline -u "jdbc:hive2://localhost:10000" --hiveconf hive.exec.dynamic.partition.mode=nonstrict -e "\n    CREATE EXTERNAL TABLE IF NOT EXISTS transactions (\n        transaction_id STRING,\n        date_time STRING,\n        amount DOUBLE,\n        currency STRING,\n        merchant_details STRING,\n        customer_id STRING,\n        transaction_type STRING,\n        location STRING\n    )\n    PARTITIONED BY (batch_id STRING)\n    STORED AS PARQUET\n    LOCATION \'/data/transactions/transactions_batch_0\';\n    ALTER TABLE transactions ADD IF NOT EXISTS PARTITION (batch_id=\'batch_20250319_205834\') LOCATION \'/data/transactions/transactions_batch_0\';"\n    ']
[2025-03-19T20:58:51.969+0000] {subprocess.py:86} INFO - Output:
[2025-03-19T20:58:51.339+0000] {subprocess.py:93} INFO - SLF4J: Class path contains multiple SLF4J bindings.
[2025-03-19T20:58:51.341+0000] {subprocess.py:93} INFO - SLF4J: Found binding in [jar:file:/opt/hive/lib/log4j-slf4j-impl-2.17.1.jar!/org/slf4j/impl/StaticLoggerBinder.class]
[2025-03-19T20:58:51.341+0000] {subprocess.py:93} INFO - SLF4J: Found binding in [jar:file:/opt/hadoop/share/hadoop/common/lib/slf4j-log4j12-1.7.25.jar!/org/slf4j/impl/StaticLoggerBinder.class]
[2025-03-19T20:58:51.342+0000] {subprocess.py:93} INFO - SLF4J: See http://www.slf4j.org/codes.html#multiple_bindings for an explanation.
[2025-03-19T20:58:51.563+0000] {subprocess.py:93} INFO - SLF4J: Actual binding is of type [org.apache.logging.slf4j.Log4jLoggerFactory]
[2025-03-19T20:58:53.176+0000] {subprocess.py:93} INFO - Connecting to jdbc:hive2://localhost:10000
[2025-03-19T20:58:53.460+0000] {subprocess.py:93} INFO - Connected to: Apache Hive (version 3.1.3)
[2025-03-19T20:58:53.461+0000] {subprocess.py:93} INFO - Driver: Hive JDBC (version 3.1.3)
[2025-03-19T20:58:53.462+0000] {subprocess.py:93} INFO - Transaction isolation: TRANSACTION_REPEATABLE_READ
[2025-03-19T20:58:54.180+0000] {subprocess.py:93} INFO - INFO  : Compiling command(queryId=root_20250319205853_ee1b9e15-042d-4632-a411-61b8647179ad): CREATE EXTERNAL TABLE IF NOT EXISTS transactions (
[2025-03-19T20:58:54.181+0000] {subprocess.py:93} INFO -         transaction_id STRING,
[2025-03-19T20:58:54.184+0000] {subprocess.py:93} INFO -         date_time STRING,
[2025-03-19T20:58:54.184+0000] {subprocess.py:93} INFO -         amount DOUBLE,
[2025-03-19T20:58:54.185+0000] {subprocess.py:93} INFO -         currency STRING,
[2025-03-19T20:58:54.186+0000] {subprocess.py:93} INFO -         merchant_details STRING,
[2025-03-19T20:58:54.187+0000] {subprocess.py:93} INFO -         customer_id STRING,
[2025-03-19T20:58:54.188+0000] {subprocess.py:93} INFO -         transaction_type STRING,
[2025-03-19T20:58:54.188+0000] {subprocess.py:93} INFO -         location STRING
[2025-03-19T20:58:54.189+0000] {subprocess.py:93} INFO -     )
[2025-03-19T20:58:54.190+0000] {subprocess.py:93} INFO -     PARTITIONED BY (batch_id STRING)
[2025-03-19T20:58:54.191+0000] {subprocess.py:93} INFO -     STORED AS PARQUET
[2025-03-19T20:58:54.191+0000] {subprocess.py:93} INFO -     LOCATION '/data/transactions/transactions_batch_0'
[2025-03-19T20:58:54.192+0000] {subprocess.py:93} INFO - INFO  : Concurrency mode is disabled, not creating a lock manager
[2025-03-19T20:58:54.193+0000] {subprocess.py:93} INFO - INFO  : Semantic Analysis Completed (retrial = false)
[2025-03-19T20:58:54.195+0000] {subprocess.py:93} INFO - INFO  : Returning Hive schema: Schema(fieldSchemas:null, properties:null)
[2025-03-19T20:58:54.196+0000] {subprocess.py:93} INFO - INFO  : Completed compiling command(queryId=root_20250319205853_ee1b9e15-042d-4632-a411-61b8647179ad); Time taken: 0.2 seconds
[2025-03-19T20:58:54.197+0000] {subprocess.py:93} INFO - INFO  : Concurrency mode is disabled, not creating a lock manager
[2025-03-19T20:58:54.197+0000] {subprocess.py:93} INFO - INFO  : Executing command(queryId=root_20250319205853_ee1b9e15-042d-4632-a411-61b8647179ad): CREATE EXTERNAL TABLE IF NOT EXISTS transactions (
[2025-03-19T20:58:54.198+0000] {subprocess.py:93} INFO -         transaction_id STRING,
[2025-03-19T20:58:54.199+0000] {subprocess.py:93} INFO -         date_time STRING,
[2025-03-19T20:58:54.199+0000] {subprocess.py:93} INFO -         amount DOUBLE,
[2025-03-19T20:58:54.200+0000] {subprocess.py:93} INFO -         currency STRING,
[2025-03-19T20:58:54.200+0000] {subprocess.py:93} INFO -         merchant_details STRING,
[2025-03-19T20:58:54.201+0000] {subprocess.py:93} INFO -         customer_id STRING,
[2025-03-19T20:58:54.202+0000] {subprocess.py:93} INFO -         transaction_type STRING,
[2025-03-19T20:58:54.203+0000] {subprocess.py:93} INFO -         location STRING
[2025-03-19T20:58:54.203+0000] {subprocess.py:93} INFO -     )
[2025-03-19T20:58:54.204+0000] {subprocess.py:93} INFO -     PARTITIONED BY (batch_id STRING)
[2025-03-19T20:58:54.205+0000] {subprocess.py:93} INFO -     STORED AS PARQUET
[2025-03-19T20:58:54.206+0000] {subprocess.py:93} INFO -     LOCATION '/data/transactions/transactions_batch_0'
[2025-03-19T20:58:54.207+0000] {subprocess.py:93} INFO - INFO  : Starting task [Stage-0:DDL] in serial mode
[2025-03-19T20:58:54.207+0000] {subprocess.py:93} INFO - INFO  : Completed executing command(queryId=root_20250319205853_ee1b9e15-042d-4632-a411-61b8647179ad); Time taken: 0.413 seconds
[2025-03-19T20:58:54.208+0000] {subprocess.py:93} INFO - INFO  : OK
[2025-03-19T20:58:54.209+0000] {subprocess.py:93} INFO - INFO  : Concurrency mode is disabled, not creating a lock manager
[2025-03-19T20:58:54.210+0000] {subprocess.py:93} INFO - No rows affected (0.699 seconds)
[2025-03-19T20:58:54.815+0000] {subprocess.py:93} INFO - INFO  : Compiling command(queryId=root_20250319205854_07122e83-eca5-415a-9e34-94a34108560f): ALTER TABLE transactions ADD IF NOT EXISTS PARTITION (batch_id='batch_20250319_205834') LOCATION '/data/transactions/transactions_batch_0'
[2025-03-19T20:58:54.816+0000] {subprocess.py:93} INFO - INFO  : Concurrency mode is disabled, not creating a lock manager
[2025-03-19T20:58:54.818+0000] {subprocess.py:93} INFO - INFO  : Semantic Analysis Completed (retrial = false)
[2025-03-19T20:58:54.819+0000] {subprocess.py:93} INFO - INFO  : Returning Hive schema: Schema(fieldSchemas:null, properties:null)
[2025-03-19T20:58:54.819+0000] {subprocess.py:93} INFO - INFO  : Completed compiling command(queryId=root_20250319205854_07122e83-eca5-415a-9e34-94a34108560f); Time taken: 0.307 seconds
[2025-03-19T20:58:54.820+0000] {subprocess.py:93} INFO - INFO  : Concurrency mode is disabled, not creating a lock manager
[2025-03-19T20:58:54.821+0000] {subprocess.py:93} INFO - INFO  : Executing command(queryId=root_20250319205854_07122e83-eca5-415a-9e34-94a34108560f): ALTER TABLE transactions ADD IF NOT EXISTS PARTITION (batch_id='batch_20250319_205834') LOCATION '/data/transactions/transactions_batch_0'
[2025-03-19T20:58:54.821+0000] {subprocess.py:93} INFO - INFO  : Starting task [Stage-0:DDL] in serial mode
[2025-03-19T20:58:54.822+0000] {subprocess.py:93} INFO - INFO  : Completed executing command(queryId=root_20250319205854_07122e83-eca5-415a-9e34-94a34108560f); Time taken: 0.278 seconds
[2025-03-19T20:58:54.822+0000] {subprocess.py:93} INFO - INFO  : OK
[2025-03-19T20:58:54.823+0000] {subprocess.py:93} INFO - INFO  : Concurrency mode is disabled, not creating a lock manager
[2025-03-19T20:58:54.824+0000] {subprocess.py:93} INFO - No rows affected (0.614 seconds)
[2025-03-19T20:58:54.824+0000] {subprocess.py:93} INFO - Beeline version 3.1.3 by Apache Hive
[2025-03-19T20:58:54.833+0000] {subprocess.py:93} INFO - Closing: 0: jdbc:hive2://localhost:10000
[2025-03-19T20:58:54.967+0000] {subprocess.py:97} INFO - Command exited with return code 0
[2025-03-19T20:58:55.016+0000] {taskinstance.py:1398} INFO - Marking task as SUCCESS. dag_id=transactions_pipeline, task_id=create_hive_table, execution_date=20250319T205834, start_date=20250319T205851, end_date=20250319T205855
[2025-03-19T20:58:56.296+0000] {local_task_job_runner.py:228} INFO - Task exited with return code 0
[2025-03-19T20:58:56.338+0000] {taskinstance.py:2776} INFO - 0 downstream tasks scheduled from follow-on schedule check
