[2025-03-20T15:11:22.033+0000] {taskinstance.py:1157} INFO - Dependencies all met for dep_context=non-requeueable deps ti=<TaskInstance: transactions_pipeline.detect_fraud manual__2025-03-20T15:11:01.641454+00:00 [queued]>
[2025-03-20T15:11:22.047+0000] {taskinstance.py:1157} INFO - Dependencies all met for dep_context=requeueable deps ti=<TaskInstance: transactions_pipeline.detect_fraud manual__2025-03-20T15:11:01.641454+00:00 [queued]>
[2025-03-20T15:11:22.048+0000] {taskinstance.py:1359} INFO - Starting attempt 1 of 2
[2025-03-20T15:11:22.069+0000] {taskinstance.py:1380} INFO - Executing <Task(BashOperator): detect_fraud> on 2025-03-20 15:11:01.641454+00:00
[2025-03-20T15:11:22.078+0000] {standard_task_runner.py:57} INFO - Started process 3219 to run task
[2025-03-20T15:11:22.083+0000] {standard_task_runner.py:84} INFO - Running: ['***', 'tasks', 'run', 'transactions_pipeline', 'detect_fraud', 'manual__2025-03-20T15:11:01.641454+00:00', '--job-id', '362', '--raw', '--subdir', 'DAGS_FOLDER/fraud_detection_pipeline.py', '--cfg-path', '/tmp/tmpx7rs6grv']
[2025-03-20T15:11:22.088+0000] {standard_task_runner.py:85} INFO - Job 362: Subtask detect_fraud
[2025-03-20T15:11:22.185+0000] {task_command.py:415} INFO - Running <TaskInstance: transactions_pipeline.detect_fraud manual__2025-03-20T15:11:01.641454+00:00 [running]> on host 3938a1dd8bd9
[2025-03-20T15:11:22.321+0000] {taskinstance.py:1660} INFO - Exporting env vars: AIRFLOW_CTX_DAG_EMAIL='rabiizahnoune7@gmail.com' AIRFLOW_CTX_DAG_OWNER='***' AIRFLOW_CTX_DAG_ID='transactions_pipeline' AIRFLOW_CTX_TASK_ID='detect_fraud' AIRFLOW_CTX_EXECUTION_DATE='2025-03-20T15:11:01.641454+00:00' AIRFLOW_CTX_TRY_NUMBER='1' AIRFLOW_CTX_DAG_RUN_ID='manual__2025-03-20T15:11:01.641454+00:00'
[2025-03-20T15:11:22.326+0000] {subprocess.py:63} INFO - Tmp dir root location: /tmp
[2025-03-20T15:11:22.329+0000] {subprocess.py:75} INFO - Running command: ['/bin/bash', '-c', '\n        docker exec hive spark-submit --master spark://localhost:7077 /hive/scripts/detect_fraud.py "batch_20250320_144447"\n        ']
[2025-03-20T15:11:22.345+0000] {subprocess.py:86} INFO - Output:
[2025-03-20T15:11:25.539+0000] {subprocess.py:93} INFO - 25/03/20 15:11:25 INFO SparkContext: Running Spark version 3.5.0
[2025-03-20T15:11:25.543+0000] {subprocess.py:93} INFO - 25/03/20 15:11:25 INFO SparkContext: OS info Linux, 5.15.167.4-microsoft-standard-WSL2, amd64
[2025-03-20T15:11:25.544+0000] {subprocess.py:93} INFO - 25/03/20 15:11:25 INFO SparkContext: Java version 1.8.0_342
[2025-03-20T15:11:25.635+0000] {subprocess.py:93} INFO - 25/03/20 15:11:25 WARN NativeCodeLoader: Unable to load native-hadoop library for your platform... using builtin-java classes where applicable
[2025-03-20T15:11:25.734+0000] {subprocess.py:93} INFO - 25/03/20 15:11:25 INFO ResourceUtils: ==============================================================
[2025-03-20T15:11:25.735+0000] {subprocess.py:93} INFO - 25/03/20 15:11:25 INFO ResourceUtils: No custom resources configured for spark.driver.
[2025-03-20T15:11:25.735+0000] {subprocess.py:93} INFO - 25/03/20 15:11:25 INFO ResourceUtils: ==============================================================
[2025-03-20T15:11:25.737+0000] {subprocess.py:93} INFO - 25/03/20 15:11:25 INFO SparkContext: Submitted application: FraudDetection
[2025-03-20T15:11:25.788+0000] {subprocess.py:93} INFO - 25/03/20 15:11:25 INFO ResourceProfile: Default ResourceProfile created, executor resources: Map(memory -> name: memory, amount: 1024, script: , vendor: , offHeap -> name: offHeap, amount: 0, script: , vendor: ), task resources: Map(cpus -> name: cpus, amount: 1.0)
[2025-03-20T15:11:25.810+0000] {subprocess.py:93} INFO - 25/03/20 15:11:25 INFO ResourceProfile: Limiting resource is cpu
[2025-03-20T15:11:25.811+0000] {subprocess.py:93} INFO - 25/03/20 15:11:25 INFO ResourceProfileManager: Added ResourceProfile id: 0
[2025-03-20T15:11:25.906+0000] {subprocess.py:93} INFO - 25/03/20 15:11:25 INFO SecurityManager: Changing view acls to: root
[2025-03-20T15:11:25.914+0000] {subprocess.py:93} INFO - 25/03/20 15:11:25 INFO SecurityManager: Changing modify acls to: root
[2025-03-20T15:11:25.919+0000] {subprocess.py:93} INFO - 25/03/20 15:11:25 INFO SecurityManager: Changing view acls groups to:
[2025-03-20T15:11:25.923+0000] {subprocess.py:93} INFO - 25/03/20 15:11:25 INFO SecurityManager: Changing modify acls groups to:
[2025-03-20T15:11:25.924+0000] {subprocess.py:93} INFO - 25/03/20 15:11:25 INFO SecurityManager: SecurityManager: authentication disabled; ui acls disabled; users with view permissions: root; groups with view permissions: EMPTY; users with modify permissions: root; groups with modify permissions: EMPTY
[2025-03-20T15:11:26.310+0000] {subprocess.py:93} INFO - 25/03/20 15:11:26 INFO Utils: Successfully started service 'sparkDriver' on port 40373.
[2025-03-20T15:11:26.350+0000] {subprocess.py:93} INFO - 25/03/20 15:11:26 INFO SparkEnv: Registering MapOutputTracker
[2025-03-20T15:11:26.416+0000] {subprocess.py:93} INFO - 25/03/20 15:11:26 INFO SparkEnv: Registering BlockManagerMaster
[2025-03-20T15:11:26.462+0000] {subprocess.py:93} INFO - 25/03/20 15:11:26 INFO BlockManagerMasterEndpoint: Using org.apache.spark.storage.DefaultTopologyMapper for getting topology information
[2025-03-20T15:11:26.463+0000] {subprocess.py:93} INFO - 25/03/20 15:11:26 INFO BlockManagerMasterEndpoint: BlockManagerMasterEndpoint up
[2025-03-20T15:11:26.470+0000] {subprocess.py:93} INFO - 25/03/20 15:11:26 INFO SparkEnv: Registering BlockManagerMasterHeartbeat
[2025-03-20T15:11:26.695+0000] {subprocess.py:93} INFO - 25/03/20 15:11:26 INFO DiskBlockManager: Created local directory at /tmp/blockmgr-793f29e1-0d5a-4bb7-82b4-d563347b0825
[2025-03-20T15:11:26.724+0000] {subprocess.py:93} INFO - 25/03/20 15:11:26 INFO MemoryStore: MemoryStore started with capacity 366.3 MiB
[2025-03-20T15:11:26.753+0000] {subprocess.py:93} INFO - 25/03/20 15:11:26 INFO SparkEnv: Registering OutputCommitCoordinator
[2025-03-20T15:11:26.997+0000] {subprocess.py:93} INFO - 25/03/20 15:11:26 INFO JettyUtils: Start Jetty 0.0.0.0:4040 for SparkUI
[2025-03-20T15:11:27.105+0000] {subprocess.py:93} INFO - 25/03/20 15:11:27 INFO Utils: Successfully started service 'SparkUI' on port 4040.
[2025-03-20T15:11:27.343+0000] {subprocess.py:93} INFO - 25/03/20 15:11:27 INFO StandaloneAppClient$ClientEndpoint: Connecting to master spark://localhost:7077...
[2025-03-20T15:11:27.427+0000] {subprocess.py:93} INFO - 25/03/20 15:11:27 INFO TransportClientFactory: Successfully created connection to localhost/127.0.0.1:7077 after 46 ms (0 ms spent in bootstraps)
[2025-03-20T15:11:27.595+0000] {subprocess.py:93} INFO - 25/03/20 15:11:27 INFO StandaloneSchedulerBackend: Connected to Spark cluster with app ID app-20250320151127-0017
[2025-03-20T15:11:27.598+0000] {subprocess.py:93} INFO - 25/03/20 15:11:27 INFO StandaloneAppClient$ClientEndpoint: Executor added: app-20250320151127-0017/0 on worker-20250320120146-172.18.0.6-34145 (172.18.0.6:34145) with 2 core(s)
[2025-03-20T15:11:27.603+0000] {subprocess.py:93} INFO - 25/03/20 15:11:27 INFO StandaloneSchedulerBackend: Granted executor ID app-20250320151127-0017/0 on hostPort 172.18.0.6:34145 with 2 core(s), 1024.0 MiB RAM
[2025-03-20T15:11:27.640+0000] {subprocess.py:93} INFO - 25/03/20 15:11:27 INFO Utils: Successfully started service 'org.apache.spark.network.netty.NettyBlockTransferService' on port 35983.
[2025-03-20T15:11:27.641+0000] {subprocess.py:93} INFO - 25/03/20 15:11:27 INFO NettyBlockTransferService: Server created on bcc1e3430c31:35983
[2025-03-20T15:11:27.643+0000] {subprocess.py:93} INFO - 25/03/20 15:11:27 INFO BlockManager: Using org.apache.spark.storage.RandomBlockReplicationPolicy for block replication policy
[2025-03-20T15:11:27.654+0000] {subprocess.py:93} INFO - 25/03/20 15:11:27 INFO BlockManagerMaster: Registering BlockManager BlockManagerId(driver, bcc1e3430c31, 35983, None)
[2025-03-20T15:11:27.659+0000] {subprocess.py:93} INFO - 25/03/20 15:11:27 INFO BlockManagerMasterEndpoint: Registering block manager bcc1e3430c31:35983 with 366.3 MiB RAM, BlockManagerId(driver, bcc1e3430c31, 35983, None)
[2025-03-20T15:11:27.663+0000] {subprocess.py:93} INFO - 25/03/20 15:11:27 INFO BlockManagerMaster: Registered BlockManager BlockManagerId(driver, bcc1e3430c31, 35983, None)
[2025-03-20T15:11:27.666+0000] {subprocess.py:93} INFO - 25/03/20 15:11:27 INFO BlockManager: Initialized BlockManager: BlockManagerId(driver, bcc1e3430c31, 35983, None)
[2025-03-20T15:11:27.764+0000] {subprocess.py:93} INFO - 25/03/20 15:11:27 INFO StandaloneAppClient$ClientEndpoint: Executor updated: app-20250320151127-0017/0 is now RUNNING
[2025-03-20T15:11:28.542+0000] {subprocess.py:93} INFO - 25/03/20 15:11:28 INFO StandaloneSchedulerBackend: SchedulerBackend is ready for scheduling beginning after reached minRegisteredResourcesRatio: 0.0
[2025-03-20T15:11:29.082+0000] {subprocess.py:93} INFO - Spark version: 3.5.0
[2025-03-20T15:11:29.292+0000] {subprocess.py:93} INFO - 25/03/20 15:11:29 INFO SharedState: Setting hive.metastore.warehouse.dir ('null') to the value of spark.sql.warehouse.dir.
[2025-03-20T15:11:30.982+0000] {subprocess.py:93} INFO - 25/03/20 15:11:30 INFO SharedState: Warehouse path is 'hdfs://localhost:9000/data/warehouse'.
[2025-03-20T15:11:34.856+0000] {subprocess.py:93} INFO - 25/03/20 15:11:34 INFO InMemoryFileIndex: It took 200 ms to list leaf files for 1 paths.
[2025-03-20T15:11:35.158+0000] {subprocess.py:93} INFO - 25/03/20 15:11:35 INFO StandaloneSchedulerBackend$StandaloneDriverEndpoint: Registered executor NettyRpcEndpointRef(spark-client://Executor) (172.18.0.6:55576) with ID 0,  ResourceProfileId 0
[2025-03-20T15:11:35.659+0000] {subprocess.py:93} INFO - 25/03/20 15:11:35 INFO BlockManagerMasterEndpoint: Registering block manager 172.18.0.6:33499 with 366.3 MiB RAM, BlockManagerId(0, 172.18.0.6, 33499, None)
[2025-03-20T15:11:36.439+0000] {subprocess.py:93} INFO - 25/03/20 15:11:36 INFO SparkContext: Starting job: parquet at NativeMethodAccessorImpl.java:0
[2025-03-20T15:11:36.500+0000] {subprocess.py:93} INFO - 25/03/20 15:11:36 INFO DAGScheduler: Got job 0 (parquet at NativeMethodAccessorImpl.java:0) with 1 output partitions
[2025-03-20T15:11:36.501+0000] {subprocess.py:93} INFO - 25/03/20 15:11:36 INFO DAGScheduler: Final stage: ResultStage 0 (parquet at NativeMethodAccessorImpl.java:0)
[2025-03-20T15:11:36.503+0000] {subprocess.py:93} INFO - 25/03/20 15:11:36 INFO DAGScheduler: Parents of final stage: List()
[2025-03-20T15:11:36.506+0000] {subprocess.py:93} INFO - 25/03/20 15:11:36 INFO DAGScheduler: Missing parents: List()
[2025-03-20T15:11:36.542+0000] {subprocess.py:93} INFO - 25/03/20 15:11:36 INFO DAGScheduler: Submitting ResultStage 0 (MapPartitionsRDD[1] at parquet at NativeMethodAccessorImpl.java:0), which has no missing parents
[2025-03-20T15:11:36.668+0000] {subprocess.py:93} INFO - 25/03/20 15:11:36 INFO MemoryStore: Block broadcast_0 stored as values in memory (estimated size 103.3 KiB, free 366.2 MiB)
[2025-03-20T15:11:36.733+0000] {subprocess.py:93} INFO - 25/03/20 15:11:36 INFO MemoryStore: Block broadcast_0_piece0 stored as bytes in memory (estimated size 37.2 KiB, free 366.2 MiB)
[2025-03-20T15:11:36.743+0000] {subprocess.py:93} INFO - 25/03/20 15:11:36 INFO BlockManagerInfo: Added broadcast_0_piece0 in memory on bcc1e3430c31:35983 (size: 37.2 KiB, free: 366.3 MiB)
[2025-03-20T15:11:36.750+0000] {subprocess.py:93} INFO - 25/03/20 15:11:36 INFO SparkContext: Created broadcast 0 from broadcast at DAGScheduler.scala:1580
[2025-03-20T15:11:36.775+0000] {subprocess.py:93} INFO - 25/03/20 15:11:36 INFO DAGScheduler: Submitting 1 missing tasks from ResultStage 0 (MapPartitionsRDD[1] at parquet at NativeMethodAccessorImpl.java:0) (first 15 tasks are for partitions Vector(0))
[2025-03-20T15:11:36.777+0000] {subprocess.py:93} INFO - 25/03/20 15:11:36 INFO TaskSchedulerImpl: Adding task set 0.0 with 1 tasks resource profile 0
[2025-03-20T15:11:36.824+0000] {subprocess.py:93} INFO - 25/03/20 15:11:36 INFO TaskSetManager: Starting task 0.0 in stage 0.0 (TID 0) (172.18.0.6, executor 0, partition 0, PROCESS_LOCAL, 7831 bytes)
[2025-03-20T15:11:37.628+0000] {subprocess.py:93} INFO - 25/03/20 15:11:37 INFO BlockManagerInfo: Added broadcast_0_piece0 in memory on 172.18.0.6:33499 (size: 37.2 KiB, free: 366.3 MiB)
[2025-03-20T15:11:40.171+0000] {subprocess.py:93} INFO - 25/03/20 15:11:40 INFO TaskSetManager: Finished task 0.0 in stage 0.0 (TID 0) in 3368 ms on 172.18.0.6 (executor 0) (1/1)
[2025-03-20T15:11:40.175+0000] {subprocess.py:93} INFO - 25/03/20 15:11:40 INFO TaskSchedulerImpl: Removed TaskSet 0.0, whose tasks have all completed, from pool
[2025-03-20T15:11:40.184+0000] {subprocess.py:93} INFO - 25/03/20 15:11:40 INFO DAGScheduler: ResultStage 0 (parquet at NativeMethodAccessorImpl.java:0) finished in 3.617 s
[2025-03-20T15:11:40.190+0000] {subprocess.py:93} INFO - 25/03/20 15:11:40 INFO DAGScheduler: Job 0 is finished. Cancelling potential speculative or zombie tasks for this job
[2025-03-20T15:11:40.191+0000] {subprocess.py:93} INFO - 25/03/20 15:11:40 INFO TaskSchedulerImpl: Killing all running tasks in stage 0: Stage finished
[2025-03-20T15:11:40.194+0000] {subprocess.py:93} INFO - 25/03/20 15:11:40 INFO DAGScheduler: Job 0 finished: parquet at NativeMethodAccessorImpl.java:0, took 3.754009 s
[2025-03-20T15:11:40.649+0000] {subprocess.py:93} INFO - 25/03/20 15:11:40 INFO BlockManagerInfo: Removed broadcast_0_piece0 on bcc1e3430c31:35983 in memory (size: 37.2 KiB, free: 366.3 MiB)
[2025-03-20T15:11:40.662+0000] {subprocess.py:93} INFO - 25/03/20 15:11:40 INFO BlockManagerInfo: Removed broadcast_0_piece0 on 172.18.0.6:33499 in memory (size: 37.2 KiB, free: 366.3 MiB)
[2025-03-20T15:11:42.162+0000] {subprocess.py:93} INFO - 25/03/20 15:11:42 INFO FileSourceStrategy: Pushed Filters: IsNotNull(amount),GreaterThan(amount,1000.0)
[2025-03-20T15:11:42.166+0000] {subprocess.py:93} INFO - 25/03/20 15:11:42 INFO FileSourceStrategy: Post-Scan Filters: isnotnull(amount#2),(amount#2 > 1000.0)
[2025-03-20T15:11:42.364+0000] {subprocess.py:93} INFO - 25/03/20 15:11:42 INFO ParquetUtils: Using default output committer for Parquet: org.apache.parquet.hadoop.ParquetOutputCommitter
[2025-03-20T15:11:42.392+0000] {subprocess.py:93} INFO - 25/03/20 15:11:42 INFO FileOutputCommitter: File Output Committer Algorithm version is 1
[2025-03-20T15:11:42.393+0000] {subprocess.py:93} INFO - 25/03/20 15:11:42 INFO FileOutputCommitter: FileOutputCommitter skip cleanup _temporary folders under output directory:false, ignore cleanup failures: false
[2025-03-20T15:11:42.397+0000] {subprocess.py:93} INFO - 25/03/20 15:11:42 INFO SQLHadoopMapReduceCommitProtocol: Using user defined output committer class org.apache.parquet.hadoop.ParquetOutputCommitter
[2025-03-20T15:11:42.398+0000] {subprocess.py:93} INFO - 25/03/20 15:11:42 INFO FileOutputCommitter: File Output Committer Algorithm version is 1
[2025-03-20T15:11:42.399+0000] {subprocess.py:93} INFO - 25/03/20 15:11:42 INFO FileOutputCommitter: FileOutputCommitter skip cleanup _temporary folders under output directory:false, ignore cleanup failures: false
[2025-03-20T15:11:42.402+0000] {subprocess.py:93} INFO - 25/03/20 15:11:42 INFO SQLHadoopMapReduceCommitProtocol: Using output committer class org.apache.parquet.hadoop.ParquetOutputCommitter
[2025-03-20T15:11:42.933+0000] {subprocess.py:93} INFO - 25/03/20 15:11:42 INFO CodeGenerator: Code generated in 394.647888 ms
[2025-03-20T15:11:42.974+0000] {subprocess.py:93} INFO - 25/03/20 15:11:42 INFO MemoryStore: Block broadcast_1 stored as values in memory (estimated size 357.5 KiB, free 366.0 MiB)
[2025-03-20T15:11:42.993+0000] {subprocess.py:93} INFO - 25/03/20 15:11:42 INFO MemoryStore: Block broadcast_1_piece0 stored as bytes in memory (estimated size 35.2 KiB, free 365.9 MiB)
[2025-03-20T15:11:42.994+0000] {subprocess.py:93} INFO - 25/03/20 15:11:42 INFO BlockManagerInfo: Added broadcast_1_piece0 in memory on bcc1e3430c31:35983 (size: 35.2 KiB, free: 366.3 MiB)
[2025-03-20T15:11:42.996+0000] {subprocess.py:93} INFO - 25/03/20 15:11:42 INFO SparkContext: Created broadcast 1 from parquet at NativeMethodAccessorImpl.java:0
[2025-03-20T15:11:43.045+0000] {subprocess.py:93} INFO - 25/03/20 15:11:43 INFO FileSourceScanExec: Planning scan with bin packing, max size: 4194304 bytes, open cost is considered as scanning 4194304 bytes.
[2025-03-20T15:11:43.115+0000] {subprocess.py:93} INFO - 25/03/20 15:11:43 INFO SparkContext: Starting job: parquet at NativeMethodAccessorImpl.java:0
[2025-03-20T15:11:43.118+0000] {subprocess.py:93} INFO - 25/03/20 15:11:43 INFO DAGScheduler: Got job 1 (parquet at NativeMethodAccessorImpl.java:0) with 1 output partitions
[2025-03-20T15:11:43.119+0000] {subprocess.py:93} INFO - 25/03/20 15:11:43 INFO DAGScheduler: Final stage: ResultStage 1 (parquet at NativeMethodAccessorImpl.java:0)
[2025-03-20T15:11:43.119+0000] {subprocess.py:93} INFO - 25/03/20 15:11:43 INFO DAGScheduler: Parents of final stage: List()
[2025-03-20T15:11:43.120+0000] {subprocess.py:93} INFO - 25/03/20 15:11:43 INFO DAGScheduler: Missing parents: List()
[2025-03-20T15:11:43.123+0000] {subprocess.py:93} INFO - 25/03/20 15:11:43 INFO DAGScheduler: Submitting ResultStage 1 (MapPartitionsRDD[5] at parquet at NativeMethodAccessorImpl.java:0), which has no missing parents
[2025-03-20T15:11:43.238+0000] {subprocess.py:93} INFO - 25/03/20 15:11:43 INFO MemoryStore: Block broadcast_2 stored as values in memory (estimated size 219.2 KiB, free 365.7 MiB)
[2025-03-20T15:11:43.243+0000] {subprocess.py:93} INFO - 25/03/20 15:11:43 INFO MemoryStore: Block broadcast_2_piece0 stored as bytes in memory (estimated size 77.4 KiB, free 365.6 MiB)
[2025-03-20T15:11:43.246+0000] {subprocess.py:93} INFO - 25/03/20 15:11:43 INFO BlockManagerInfo: Added broadcast_2_piece0 in memory on bcc1e3430c31:35983 (size: 77.4 KiB, free: 366.2 MiB)
[2025-03-20T15:11:43.247+0000] {subprocess.py:93} INFO - 25/03/20 15:11:43 INFO SparkContext: Created broadcast 2 from broadcast at DAGScheduler.scala:1580
[2025-03-20T15:11:43.248+0000] {subprocess.py:93} INFO - 25/03/20 15:11:43 INFO DAGScheduler: Submitting 1 missing tasks from ResultStage 1 (MapPartitionsRDD[5] at parquet at NativeMethodAccessorImpl.java:0) (first 15 tasks are for partitions Vector(0))
[2025-03-20T15:11:43.249+0000] {subprocess.py:93} INFO - 25/03/20 15:11:43 INFO TaskSchedulerImpl: Adding task set 1.0 with 1 tasks resource profile 0
[2025-03-20T15:11:43.261+0000] {subprocess.py:93} INFO - 25/03/20 15:11:43 INFO TaskSetManager: Starting task 0.0 in stage 1.0 (TID 1) (172.18.0.6, executor 0, partition 0, ANY, 8299 bytes)
[2025-03-20T15:11:43.319+0000] {subprocess.py:93} INFO - 25/03/20 15:11:43 INFO BlockManagerInfo: Added broadcast_2_piece0 in memory on 172.18.0.6:33499 (size: 77.4 KiB, free: 366.2 MiB)
[2025-03-20T15:11:44.951+0000] {subprocess.py:93} INFO - 25/03/20 15:11:44 INFO BlockManagerInfo: Added broadcast_1_piece0 in memory on 172.18.0.6:33499 (size: 35.2 KiB, free: 366.2 MiB)
[2025-03-20T15:11:47.611+0000] {subprocess.py:93} INFO - 25/03/20 15:11:47 INFO TaskSetManager: Finished task 0.0 in stage 1.0 (TID 1) in 4356 ms on 172.18.0.6 (executor 0) (1/1)
[2025-03-20T15:11:47.612+0000] {subprocess.py:93} INFO - 25/03/20 15:11:47 INFO TaskSchedulerImpl: Removed TaskSet 1.0, whose tasks have all completed, from pool
[2025-03-20T15:11:47.614+0000] {subprocess.py:93} INFO - 25/03/20 15:11:47 INFO DAGScheduler: ResultStage 1 (parquet at NativeMethodAccessorImpl.java:0) finished in 4.478 s
[2025-03-20T15:11:47.614+0000] {subprocess.py:93} INFO - 25/03/20 15:11:47 INFO DAGScheduler: Job 1 is finished. Cancelling potential speculative or zombie tasks for this job
[2025-03-20T15:11:47.615+0000] {subprocess.py:93} INFO - 25/03/20 15:11:47 INFO TaskSchedulerImpl: Killing all running tasks in stage 1: Stage finished
[2025-03-20T15:11:47.616+0000] {subprocess.py:93} INFO - 25/03/20 15:11:47 INFO DAGScheduler: Job 1 finished: parquet at NativeMethodAccessorImpl.java:0, took 4.466565 s
[2025-03-20T15:11:47.621+0000] {subprocess.py:93} INFO - 25/03/20 15:11:47 INFO FileFormatWriter: Start to commit write Job 13d06d61-5d94-4de7-a8a2-f88f59c2d0a0.
[2025-03-20T15:11:47.721+0000] {subprocess.py:93} INFO - 25/03/20 15:11:47 INFO FileFormatWriter: Write Job 13d06d61-5d94-4de7-a8a2-f88f59c2d0a0 committed. Elapsed time: 96 ms.
[2025-03-20T15:11:47.725+0000] {subprocess.py:93} INFO - 25/03/20 15:11:47 INFO FileFormatWriter: Finished processing stats for write job 13d06d61-5d94-4de7-a8a2-f88f59c2d0a0.
[2025-03-20T15:11:47.732+0000] {subprocess.py:93} INFO - 25/03/20 15:11:47 INFO SparkContext: SparkContext is stopping with exitCode 0.
[2025-03-20T15:11:47.746+0000] {subprocess.py:93} INFO - 25/03/20 15:11:47 INFO SparkUI: Stopped Spark web UI at http://bcc1e3430c31:4040
[2025-03-20T15:11:47.754+0000] {subprocess.py:93} INFO - 25/03/20 15:11:47 INFO StandaloneSchedulerBackend: Shutting down all executors
[2025-03-20T15:11:47.755+0000] {subprocess.py:93} INFO - 25/03/20 15:11:47 INFO StandaloneSchedulerBackend$StandaloneDriverEndpoint: Asking each executor to shut down
[2025-03-20T15:11:47.798+0000] {subprocess.py:93} INFO - 25/03/20 15:11:47 INFO MapOutputTrackerMasterEndpoint: MapOutputTrackerMasterEndpoint stopped!
[2025-03-20T15:11:47.882+0000] {subprocess.py:93} INFO - 25/03/20 15:11:47 INFO MemoryStore: MemoryStore cleared
[2025-03-20T15:11:47.883+0000] {subprocess.py:93} INFO - 25/03/20 15:11:47 INFO BlockManager: BlockManager stopped
[2025-03-20T15:11:47.889+0000] {subprocess.py:93} INFO - 25/03/20 15:11:47 INFO BlockManagerMaster: BlockManagerMaster stopped
[2025-03-20T15:11:47.895+0000] {subprocess.py:93} INFO - 25/03/20 15:11:47 INFO OutputCommitCoordinator$OutputCommitCoordinatorEndpoint: OutputCommitCoordinator stopped!
[2025-03-20T15:11:47.903+0000] {subprocess.py:93} INFO - 25/03/20 15:11:47 INFO SparkContext: Successfully stopped SparkContext
[2025-03-20T15:11:48.282+0000] {subprocess.py:93} INFO - 25/03/20 15:11:48 INFO ShutdownHookManager: Shutdown hook called
[2025-03-20T15:11:48.283+0000] {subprocess.py:93} INFO - 25/03/20 15:11:48 INFO ShutdownHookManager: Deleting directory /tmp/spark-1c94bf22-d620-4689-8961-6f3e7ed216c4/pyspark-71c658b2-0c95-4e4c-b5aa-2dd3eca0ec50
[2025-03-20T15:11:48.291+0000] {subprocess.py:93} INFO - 25/03/20 15:11:48 INFO ShutdownHookManager: Deleting directory /tmp/spark-1c94bf22-d620-4689-8961-6f3e7ed216c4
[2025-03-20T15:11:48.297+0000] {subprocess.py:93} INFO - 25/03/20 15:11:48 INFO ShutdownHookManager: Deleting directory /tmp/spark-d772e23e-a6e1-41b6-9d26-d7362e055ec2
[2025-03-20T15:11:48.378+0000] {subprocess.py:97} INFO - Command exited with return code 0
[2025-03-20T15:11:48.422+0000] {taskinstance.py:1398} INFO - Marking task as SUCCESS. dag_id=transactions_pipeline, task_id=detect_fraud, execution_date=20250320T151101, start_date=20250320T151122, end_date=20250320T151148
[2025-03-20T15:11:48.463+0000] {local_task_job_runner.py:228} INFO - Task exited with return code 0
[2025-03-20T15:11:48.480+0000] {taskinstance.py:2776} INFO - 0 downstream tasks scheduled from follow-on schedule check
