[2025-03-21T13:56:07.843+0000] {taskinstance.py:1157} INFO - Dependencies all met for dep_context=non-requeueable deps ti=<TaskInstance: transactions_pipeline.create_hive_table_batch_20250321_131625 scheduled__2025-03-21T13:50:48.728384+00:00 [queued]>
[2025-03-21T13:56:07.865+0000] {taskinstance.py:1157} INFO - Dependencies all met for dep_context=requeueable deps ti=<TaskInstance: transactions_pipeline.create_hive_table_batch_20250321_131625 scheduled__2025-03-21T13:50:48.728384+00:00 [queued]>
[2025-03-21T13:56:07.867+0000] {taskinstance.py:1359} INFO - Starting attempt 1 of 1
[2025-03-21T13:56:07.903+0000] {taskinstance.py:1380} INFO - Executing <Task(BashOperator): create_hive_table_batch_20250321_131625> on 2025-03-21 13:50:48.728384+00:00
[2025-03-21T13:56:07.916+0000] {standard_task_runner.py:57} INFO - Started process 1884 to run task
[2025-03-21T13:56:07.927+0000] {standard_task_runner.py:84} INFO - Running: ['***', 'tasks', 'run', 'transactions_pipeline', 'create_hive_table_batch_20250321_131625', 'scheduled__2025-03-21T13:50:48.728384+00:00', '--job-id', '750', '--raw', '--subdir', 'DAGS_FOLDER/fraud_detection_pipeline.py', '--cfg-path', '/tmp/tmp1h6p8cnw']
[2025-03-21T13:56:07.933+0000] {standard_task_runner.py:85} INFO - Job 750: Subtask create_hive_table_batch_20250321_131625
[2025-03-21T13:56:08.034+0000] {task_command.py:415} INFO - Running <TaskInstance: transactions_pipeline.create_hive_table_batch_20250321_131625 scheduled__2025-03-21T13:50:48.728384+00:00 [running]> on host e95638583d4d
[2025-03-21T13:56:08.173+0000] {taskinstance.py:1660} INFO - Exporting env vars: AIRFLOW_CTX_DAG_EMAIL='rabiizahnoune7@gmail.com' AIRFLOW_CTX_DAG_OWNER='***' AIRFLOW_CTX_DAG_ID='transactions_pipeline' AIRFLOW_CTX_TASK_ID='create_hive_table_batch_20250321_131625' AIRFLOW_CTX_EXECUTION_DATE='2025-03-21T13:50:48.728384+00:00' AIRFLOW_CTX_TRY_NUMBER='1' AIRFLOW_CTX_DAG_RUN_ID='scheduled__2025-03-21T13:50:48.728384+00:00'
[2025-03-21T13:56:08.178+0000] {subprocess.py:63} INFO - Tmp dir root location: /tmp
[2025-03-21T13:56:08.180+0000] {subprocess.py:75} INFO - Running command: ['/bin/bash', '-c', '\n            docker exec hive beeline -u "jdbc:hive2://localhost:10000" --hiveconf hive.exec.dynamic.partition.mode=nonstrict -e "\n            CREATE EXTERNAL TABLE IF NOT EXISTS transactions (\n                transaction_id STRING,\n                date_time STRING,\n                amount DOUBLE,\n                currency STRING,\n                merchant_details STRING,\n                customer_id STRING,\n                transaction_type STRING,\n                location STRING\n            )\n            PARTITIONED BY (batch_id STRING)\n            STORED AS PARQUET;\n            ALTER TABLE transactions ADD IF NOT EXISTS PARTITION (batch_id=\'batch_20250321_131625\') LOCATION \'/data/transactions/transactions_batch_20250321_131625\';"\n            ']
[2025-03-21T13:56:08.200+0000] {subprocess.py:86} INFO - Output:
[2025-03-21T13:56:10.391+0000] {subprocess.py:93} INFO - SLF4J: Class path contains multiple SLF4J bindings.
[2025-03-21T13:56:10.392+0000] {subprocess.py:93} INFO - SLF4J: Found binding in [jar:file:/opt/hive/lib/log4j-slf4j-impl-2.17.1.jar!/org/slf4j/impl/StaticLoggerBinder.class]
[2025-03-21T13:56:10.394+0000] {subprocess.py:93} INFO - SLF4J: Found binding in [jar:file:/opt/hadoop/share/hadoop/common/lib/slf4j-log4j12-1.7.25.jar!/org/slf4j/impl/StaticLoggerBinder.class]
[2025-03-21T13:56:10.397+0000] {subprocess.py:93} INFO - SLF4J: See http://www.slf4j.org/codes.html#multiple_bindings for an explanation.
[2025-03-21T13:56:10.830+0000] {subprocess.py:93} INFO - SLF4J: Actual binding is of type [org.apache.logging.slf4j.Log4jLoggerFactory]
[2025-03-21T13:56:13.814+0000] {subprocess.py:93} INFO - Connecting to jdbc:hive2://localhost:10000
[2025-03-21T13:56:14.630+0000] {subprocess.py:93} INFO - Connected to: Apache Hive (version 3.1.3)
[2025-03-21T13:56:14.631+0000] {subprocess.py:93} INFO - Driver: Hive JDBC (version 3.1.3)
[2025-03-21T13:56:14.632+0000] {subprocess.py:93} INFO - Transaction isolation: TRANSACTION_REPEATABLE_READ
[2025-03-21T13:56:14.910+0000] {subprocess.py:93} INFO - INFO  : Compiling command(queryId=root_20250321135614_e62e6a70-82fd-43d0-bea0-7a39462a729a): CREATE EXTERNAL TABLE IF NOT EXISTS transactions (
[2025-03-21T13:56:14.911+0000] {subprocess.py:93} INFO -                 transaction_id STRING,
[2025-03-21T13:56:14.913+0000] {subprocess.py:93} INFO -                 date_time STRING,
[2025-03-21T13:56:14.914+0000] {subprocess.py:93} INFO -                 amount DOUBLE,
[2025-03-21T13:56:14.915+0000] {subprocess.py:93} INFO -                 currency STRING,
[2025-03-21T13:56:14.915+0000] {subprocess.py:93} INFO -                 merchant_details STRING,
[2025-03-21T13:56:14.916+0000] {subprocess.py:93} INFO -                 customer_id STRING,
[2025-03-21T13:56:14.917+0000] {subprocess.py:93} INFO -                 transaction_type STRING,
[2025-03-21T13:56:14.918+0000] {subprocess.py:93} INFO -                 location STRING
[2025-03-21T13:56:14.919+0000] {subprocess.py:93} INFO -             )
[2025-03-21T13:56:14.920+0000] {subprocess.py:93} INFO -             PARTITIONED BY (batch_id STRING)
[2025-03-21T13:56:14.921+0000] {subprocess.py:93} INFO -             STORED AS PARQUET
[2025-03-21T13:56:14.922+0000] {subprocess.py:93} INFO - INFO  : Concurrency mode is disabled, not creating a lock manager
[2025-03-21T13:56:14.922+0000] {subprocess.py:93} INFO - INFO  : Semantic Analysis Completed (retrial = false)
[2025-03-21T13:56:14.923+0000] {subprocess.py:93} INFO - INFO  : Returning Hive schema: Schema(fieldSchemas:null, properties:null)
[2025-03-21T13:56:14.924+0000] {subprocess.py:93} INFO - INFO  : Completed compiling command(queryId=root_20250321135614_e62e6a70-82fd-43d0-bea0-7a39462a729a); Time taken: 0.015 seconds
[2025-03-21T13:56:14.925+0000] {subprocess.py:93} INFO - INFO  : Concurrency mode is disabled, not creating a lock manager
[2025-03-21T13:56:14.926+0000] {subprocess.py:93} INFO - INFO  : Executing command(queryId=root_20250321135614_e62e6a70-82fd-43d0-bea0-7a39462a729a): CREATE EXTERNAL TABLE IF NOT EXISTS transactions (
[2025-03-21T13:56:14.927+0000] {subprocess.py:93} INFO -                 transaction_id STRING,
[2025-03-21T13:56:14.928+0000] {subprocess.py:93} INFO -                 date_time STRING,
[2025-03-21T13:56:14.929+0000] {subprocess.py:93} INFO -                 amount DOUBLE,
[2025-03-21T13:56:14.929+0000] {subprocess.py:93} INFO -                 currency STRING,
[2025-03-21T13:56:14.930+0000] {subprocess.py:93} INFO -                 merchant_details STRING,
[2025-03-21T13:56:14.930+0000] {subprocess.py:93} INFO -                 customer_id STRING,
[2025-03-21T13:56:14.931+0000] {subprocess.py:93} INFO -                 transaction_type STRING,
[2025-03-21T13:56:14.932+0000] {subprocess.py:93} INFO -                 location STRING
[2025-03-21T13:56:14.932+0000] {subprocess.py:93} INFO -             )
[2025-03-21T13:56:14.933+0000] {subprocess.py:93} INFO -             PARTITIONED BY (batch_id STRING)
[2025-03-21T13:56:14.934+0000] {subprocess.py:93} INFO -             STORED AS PARQUET
[2025-03-21T13:56:14.934+0000] {subprocess.py:93} INFO - INFO  : Completed executing command(queryId=root_20250321135614_e62e6a70-82fd-43d0-bea0-7a39462a729a); Time taken: 0.001 seconds
[2025-03-21T13:56:14.935+0000] {subprocess.py:93} INFO - INFO  : OK
[2025-03-21T13:56:14.936+0000] {subprocess.py:93} INFO - INFO  : Concurrency mode is disabled, not creating a lock manager
[2025-03-21T13:56:14.936+0000] {subprocess.py:93} INFO - No rows affected (0.214 seconds)
[2025-03-21T13:56:15.208+0000] {subprocess.py:93} INFO - INFO  : Compiling command(queryId=root_20250321135614_bdd1bea1-1fcc-47eb-83b8-f6528ff064ff): ALTER TABLE transactions ADD IF NOT EXISTS PARTITION (batch_id='batch_20250321_131625') LOCATION '/data/transactions/transactions_batch_20250321_131625'
[2025-03-21T13:56:15.209+0000] {subprocess.py:93} INFO - INFO  : Concurrency mode is disabled, not creating a lock manager
[2025-03-21T13:56:15.210+0000] {subprocess.py:93} INFO - INFO  : Semantic Analysis Completed (retrial = false)
[2025-03-21T13:56:15.210+0000] {subprocess.py:93} INFO - INFO  : Returning Hive schema: Schema(fieldSchemas:null, properties:null)
[2025-03-21T13:56:15.211+0000] {subprocess.py:93} INFO - INFO  : Completed compiling command(queryId=root_20250321135614_bdd1bea1-1fcc-47eb-83b8-f6528ff064ff); Time taken: 0.023 seconds
[2025-03-21T13:56:15.211+0000] {subprocess.py:93} INFO - INFO  : Concurrency mode is disabled, not creating a lock manager
[2025-03-21T13:56:15.212+0000] {subprocess.py:93} INFO - INFO  : Executing command(queryId=root_20250321135614_bdd1bea1-1fcc-47eb-83b8-f6528ff064ff): ALTER TABLE transactions ADD IF NOT EXISTS PARTITION (batch_id='batch_20250321_131625') LOCATION '/data/transactions/transactions_batch_20250321_131625'
[2025-03-21T13:56:15.212+0000] {subprocess.py:93} INFO - INFO  : Starting task [Stage-0:DDL] in serial mode
[2025-03-21T13:56:15.213+0000] {subprocess.py:93} INFO - INFO  : Completed executing command(queryId=root_20250321135614_bdd1bea1-1fcc-47eb-83b8-f6528ff064ff); Time taken: 0.18 seconds
[2025-03-21T13:56:15.213+0000] {subprocess.py:93} INFO - INFO  : OK
[2025-03-21T13:56:15.214+0000] {subprocess.py:93} INFO - INFO  : Concurrency mode is disabled, not creating a lock manager
[2025-03-21T13:56:15.215+0000] {subprocess.py:93} INFO - No rows affected (0.275 seconds)
[2025-03-21T13:56:15.221+0000] {subprocess.py:93} INFO - Beeline version 3.1.3 by Apache Hive
[2025-03-21T13:56:15.302+0000] {subprocess.py:93} INFO - Closing: 0: jdbc:hive2://localhost:10000
[2025-03-21T13:56:15.425+0000] {subprocess.py:97} INFO - Command exited with return code 0
[2025-03-21T13:56:15.470+0000] {taskinstance.py:1398} INFO - Marking task as SUCCESS. dag_id=transactions_pipeline, task_id=create_hive_table_batch_20250321_131625, execution_date=20250321T135048, start_date=20250321T135607, end_date=20250321T135615
[2025-03-21T13:56:15.521+0000] {local_task_job_runner.py:228} INFO - Task exited with return code 0
[2025-03-21T13:56:15.563+0000] {taskinstance.py:2776} INFO - 1 downstream tasks scheduled from follow-on schedule check
