[2025-03-21T12:57:00.389+0000] {taskinstance.py:1157} INFO - Dependencies all met for dep_context=non-requeueable deps ti=<TaskInstance: transactions_pipeline.create_hive_table_batch_20250320_135205 scheduled__2025-03-21T12:51:37.951160+00:00 [queued]>
[2025-03-21T12:57:00.419+0000] {taskinstance.py:1157} INFO - Dependencies all met for dep_context=requeueable deps ti=<TaskInstance: transactions_pipeline.create_hive_table_batch_20250320_135205 scheduled__2025-03-21T12:51:37.951160+00:00 [queued]>
[2025-03-21T12:57:00.421+0000] {taskinstance.py:1359} INFO - Starting attempt 1 of 1
[2025-03-21T12:57:00.467+0000] {taskinstance.py:1380} INFO - Executing <Task(BashOperator): create_hive_table_batch_20250320_135205> on 2025-03-21 12:51:37.951160+00:00
[2025-03-21T12:57:00.481+0000] {standard_task_runner.py:57} INFO - Started process 982 to run task
[2025-03-21T12:57:00.487+0000] {standard_task_runner.py:84} INFO - Running: ['***', 'tasks', 'run', 'transactions_pipeline', 'create_hive_table_batch_20250320_135205', 'scheduled__2025-03-21T12:51:37.951160+00:00', '--job-id', '550', '--raw', '--subdir', 'DAGS_FOLDER/fraud_detection_pipeline.py', '--cfg-path', '/tmp/tmpba8rc56w']
[2025-03-21T12:57:00.494+0000] {standard_task_runner.py:85} INFO - Job 550: Subtask create_hive_table_batch_20250320_135205
[2025-03-21T12:57:00.629+0000] {task_command.py:415} INFO - Running <TaskInstance: transactions_pipeline.create_hive_table_batch_20250320_135205 scheduled__2025-03-21T12:51:37.951160+00:00 [running]> on host 1b7c3466167a
[2025-03-21T12:57:00.804+0000] {taskinstance.py:1660} INFO - Exporting env vars: AIRFLOW_CTX_DAG_EMAIL='rabiizahnoune7@gmail.com' AIRFLOW_CTX_DAG_OWNER='***' AIRFLOW_CTX_DAG_ID='transactions_pipeline' AIRFLOW_CTX_TASK_ID='create_hive_table_batch_20250320_135205' AIRFLOW_CTX_EXECUTION_DATE='2025-03-21T12:51:37.951160+00:00' AIRFLOW_CTX_TRY_NUMBER='1' AIRFLOW_CTX_DAG_RUN_ID='scheduled__2025-03-21T12:51:37.951160+00:00'
[2025-03-21T12:57:00.814+0000] {subprocess.py:63} INFO - Tmp dir root location: /tmp
[2025-03-21T12:57:00.816+0000] {subprocess.py:75} INFO - Running command: ['/bin/bash', '-c', '\n            docker exec hive beeline -u "jdbc:hive2://localhost:10000" --hiveconf hive.exec.dynamic.partition.mode=nonstrict -e "\n            CREATE EXTERNAL TABLE IF NOT EXISTS transactions (\n                transaction_id STRING,\n                date_time STRING,\n                amount DOUBLE,\n                currency STRING,\n                merchant_details STRING,\n                customer_id STRING,\n                transaction_type STRING,\n                location STRING\n            )\n            PARTITIONED BY (batch_id STRING)\n            STORED AS PARQUET;\n            ALTER TABLE transactions ADD IF NOT EXISTS PARTITION (batch_id=\'batch_20250320_135205\') LOCATION \'/data/transactions/transactions_batch_20250320_135205\';"\n            ']
[2025-03-21T12:57:00.840+0000] {subprocess.py:86} INFO - Output:
[2025-03-21T12:57:13.715+0000] {subprocess.py:93} INFO - SLF4J: Class path contains multiple SLF4J bindings.
[2025-03-21T12:57:13.717+0000] {subprocess.py:93} INFO - SLF4J: Found binding in [jar:file:/opt/hive/lib/log4j-slf4j-impl-2.17.1.jar!/org/slf4j/impl/StaticLoggerBinder.class]
[2025-03-21T12:57:13.718+0000] {subprocess.py:93} INFO - SLF4J: Found binding in [jar:file:/opt/hadoop/share/hadoop/common/lib/slf4j-log4j12-1.7.25.jar!/org/slf4j/impl/StaticLoggerBinder.class]
[2025-03-21T12:57:13.720+0000] {subprocess.py:93} INFO - SLF4J: See http://www.slf4j.org/codes.html#multiple_bindings for an explanation.
[2025-03-21T12:57:16.107+0000] {subprocess.py:93} INFO - SLF4J: Actual binding is of type [org.apache.logging.slf4j.Log4jLoggerFactory]
[2025-03-21T12:57:20.945+0000] {subprocess.py:93} INFO - Connecting to jdbc:hive2://localhost:10000
[2025-03-21T12:57:21.526+0000] {subprocess.py:93} INFO - Connected to: Apache Hive (version 3.1.3)
[2025-03-21T12:57:21.527+0000] {subprocess.py:93} INFO - Driver: Hive JDBC (version 3.1.3)
[2025-03-21T12:57:21.528+0000] {subprocess.py:93} INFO - Transaction isolation: TRANSACTION_REPEATABLE_READ
[2025-03-21T12:57:21.756+0000] {subprocess.py:93} INFO - INFO  : Compiling command(queryId=root_20250321125721_b0d56112-2848-433b-8e9d-d438c612dcc7): CREATE EXTERNAL TABLE IF NOT EXISTS transactions (
[2025-03-21T12:57:21.757+0000] {subprocess.py:93} INFO -                 transaction_id STRING,
[2025-03-21T12:57:21.761+0000] {subprocess.py:93} INFO -                 date_time STRING,
[2025-03-21T12:57:21.762+0000] {subprocess.py:93} INFO -                 amount DOUBLE,
[2025-03-21T12:57:21.763+0000] {subprocess.py:93} INFO -                 currency STRING,
[2025-03-21T12:57:21.763+0000] {subprocess.py:93} INFO -                 merchant_details STRING,
[2025-03-21T12:57:21.764+0000] {subprocess.py:93} INFO -                 customer_id STRING,
[2025-03-21T12:57:21.764+0000] {subprocess.py:93} INFO -                 transaction_type STRING,
[2025-03-21T12:57:21.764+0000] {subprocess.py:93} INFO -                 location STRING
[2025-03-21T12:57:21.765+0000] {subprocess.py:93} INFO -             )
[2025-03-21T12:57:21.765+0000] {subprocess.py:93} INFO -             PARTITIONED BY (batch_id STRING)
[2025-03-21T12:57:21.766+0000] {subprocess.py:93} INFO -             STORED AS PARQUET
[2025-03-21T12:57:21.766+0000] {subprocess.py:93} INFO - INFO  : Concurrency mode is disabled, not creating a lock manager
[2025-03-21T12:57:21.767+0000] {subprocess.py:93} INFO - INFO  : Semantic Analysis Completed (retrial = false)
[2025-03-21T12:57:21.767+0000] {subprocess.py:93} INFO - INFO  : Returning Hive schema: Schema(fieldSchemas:null, properties:null)
[2025-03-21T12:57:21.767+0000] {subprocess.py:93} INFO - INFO  : Completed compiling command(queryId=root_20250321125721_b0d56112-2848-433b-8e9d-d438c612dcc7); Time taken: 0.051 seconds
[2025-03-21T12:57:21.768+0000] {subprocess.py:93} INFO - INFO  : Concurrency mode is disabled, not creating a lock manager
[2025-03-21T12:57:21.768+0000] {subprocess.py:93} INFO - INFO  : Executing command(queryId=root_20250321125721_b0d56112-2848-433b-8e9d-d438c612dcc7): CREATE EXTERNAL TABLE IF NOT EXISTS transactions (
[2025-03-21T12:57:21.768+0000] {subprocess.py:93} INFO -                 transaction_id STRING,
[2025-03-21T12:57:21.769+0000] {subprocess.py:93} INFO -                 date_time STRING,
[2025-03-21T12:57:21.769+0000] {subprocess.py:93} INFO -                 amount DOUBLE,
[2025-03-21T12:57:21.770+0000] {subprocess.py:93} INFO -                 currency STRING,
[2025-03-21T12:57:21.770+0000] {subprocess.py:93} INFO -                 merchant_details STRING,
[2025-03-21T12:57:21.770+0000] {subprocess.py:93} INFO -                 customer_id STRING,
[2025-03-21T12:57:21.771+0000] {subprocess.py:93} INFO -                 transaction_type STRING,
[2025-03-21T12:57:21.771+0000] {subprocess.py:93} INFO -                 location STRING
[2025-03-21T12:57:21.771+0000] {subprocess.py:93} INFO -             )
[2025-03-21T12:57:21.771+0000] {subprocess.py:93} INFO -             PARTITIONED BY (batch_id STRING)
[2025-03-21T12:57:21.772+0000] {subprocess.py:93} INFO -             STORED AS PARQUET
[2025-03-21T12:57:21.772+0000] {subprocess.py:93} INFO - INFO  : Completed executing command(queryId=root_20250321125721_b0d56112-2848-433b-8e9d-d438c612dcc7); Time taken: 0.036 seconds
[2025-03-21T12:57:21.772+0000] {subprocess.py:93} INFO - INFO  : OK
[2025-03-21T12:57:21.773+0000] {subprocess.py:93} INFO - INFO  : Concurrency mode is disabled, not creating a lock manager
[2025-03-21T12:57:21.773+0000] {subprocess.py:93} INFO - No rows affected (0.214 seconds)
[2025-03-21T12:57:22.038+0000] {subprocess.py:93} INFO - INFO  : Compiling command(queryId=root_20250321125721_7c92b02e-d628-414a-98b3-65e420c0f9b9): ALTER TABLE transactions ADD IF NOT EXISTS PARTITION (batch_id='batch_20250320_135205') LOCATION '/data/transactions/transactions_batch_20250320_135205'
[2025-03-21T12:57:22.040+0000] {subprocess.py:93} INFO - INFO  : Concurrency mode is disabled, not creating a lock manager
[2025-03-21T12:57:22.040+0000] {subprocess.py:93} INFO - INFO  : Semantic Analysis Completed (retrial = false)
[2025-03-21T12:57:22.041+0000] {subprocess.py:93} INFO - INFO  : Returning Hive schema: Schema(fieldSchemas:null, properties:null)
[2025-03-21T12:57:22.042+0000] {subprocess.py:93} INFO - INFO  : Completed compiling command(queryId=root_20250321125721_7c92b02e-d628-414a-98b3-65e420c0f9b9); Time taken: 0.022 seconds
[2025-03-21T12:57:22.043+0000] {subprocess.py:93} INFO - INFO  : Concurrency mode is disabled, not creating a lock manager
[2025-03-21T12:57:22.043+0000] {subprocess.py:93} INFO - INFO  : Executing command(queryId=root_20250321125721_7c92b02e-d628-414a-98b3-65e420c0f9b9): ALTER TABLE transactions ADD IF NOT EXISTS PARTITION (batch_id='batch_20250320_135205') LOCATION '/data/transactions/transactions_batch_20250320_135205'
[2025-03-21T12:57:22.043+0000] {subprocess.py:93} INFO - INFO  : Starting task [Stage-0:DDL] in serial mode
[2025-03-21T12:57:22.044+0000] {subprocess.py:93} INFO - INFO  : Completed executing command(queryId=root_20250321125721_7c92b02e-d628-414a-98b3-65e420c0f9b9); Time taken: 0.174 seconds
[2025-03-21T12:57:22.044+0000] {subprocess.py:93} INFO - INFO  : OK
[2025-03-21T12:57:22.045+0000] {subprocess.py:93} INFO - INFO  : Concurrency mode is disabled, not creating a lock manager
[2025-03-21T12:57:22.046+0000] {subprocess.py:93} INFO - No rows affected (0.22 seconds)
[2025-03-21T12:57:22.046+0000] {subprocess.py:93} INFO - Beeline version 3.1.3 by Apache Hive
[2025-03-21T12:57:22.053+0000] {subprocess.py:93} INFO - Closing: 0: jdbc:hive2://localhost:10000
[2025-03-21T12:57:22.243+0000] {subprocess.py:97} INFO - Command exited with return code 0
[2025-03-21T12:57:22.290+0000] {taskinstance.py:1398} INFO - Marking task as SUCCESS. dag_id=transactions_pipeline, task_id=create_hive_table_batch_20250320_135205, execution_date=20250321T125137, start_date=20250321T125700, end_date=20250321T125722
[2025-03-21T12:57:22.361+0000] {local_task_job_runner.py:228} INFO - Task exited with return code 0
[2025-03-21T12:57:22.434+0000] {taskinstance.py:2776} INFO - 1 downstream tasks scheduled from follow-on schedule check
