[2025-03-19T17:21:27.301+0000] {taskinstance.py:1157} INFO - Dependencies all met for dep_context=non-requeueable deps ti=<TaskInstance: transactions_pipeline.create_hive_table scheduled__2025-03-19T17:16:13.237024+00:00 [queued]>
[2025-03-19T17:21:27.319+0000] {taskinstance.py:1157} INFO - Dependencies all met for dep_context=requeueable deps ti=<TaskInstance: transactions_pipeline.create_hive_table scheduled__2025-03-19T17:16:13.237024+00:00 [queued]>
[2025-03-19T17:21:27.320+0000] {taskinstance.py:1359} INFO - Starting attempt 1 of 2
[2025-03-19T17:21:27.344+0000] {taskinstance.py:1380} INFO - Executing <Task(BashOperator): create_hive_table> on 2025-03-19 17:16:13.237024+00:00
[2025-03-19T17:21:27.353+0000] {standard_task_runner.py:57} INFO - Started process 413 to run task
[2025-03-19T17:21:27.359+0000] {standard_task_runner.py:84} INFO - Running: ['***', 'tasks', 'run', 'transactions_pipeline', 'create_hive_table', 'scheduled__2025-03-19T17:16:13.237024+00:00', '--job-id', '77', '--raw', '--subdir', 'DAGS_FOLDER/fraud_detection_pipeline.py', '--cfg-path', '/tmp/tmpts0powo3']
[2025-03-19T17:21:27.364+0000] {standard_task_runner.py:85} INFO - Job 77: Subtask create_hive_table
[2025-03-19T17:21:27.459+0000] {task_command.py:415} INFO - Running <TaskInstance: transactions_pipeline.create_hive_table scheduled__2025-03-19T17:16:13.237024+00:00 [running]> on host 347688f31140
[2025-03-19T17:21:27.626+0000] {logging_mixin.py:151} WARNING - /home/***/.local/lib/python3.8/site-packages/***/utils/context.py:206 AirflowContextDeprecationWarning: Accessing 'execution_date' from the template is deprecated and will be removed in a future version. Please use 'data_interval_start' or 'logical_date' instead.
[2025-03-19T17:21:27.715+0000] {taskinstance.py:1660} INFO - Exporting env vars: AIRFLOW_CTX_DAG_OWNER='***' AIRFLOW_CTX_DAG_ID='transactions_pipeline' AIRFLOW_CTX_TASK_ID='create_hive_table' AIRFLOW_CTX_EXECUTION_DATE='2025-03-19T17:16:13.237024+00:00' AIRFLOW_CTX_TRY_NUMBER='1' AIRFLOW_CTX_DAG_RUN_ID='scheduled__2025-03-19T17:16:13.237024+00:00'
[2025-03-19T17:21:27.722+0000] {subprocess.py:63} INFO - Tmp dir root location: /tmp
[2025-03-19T17:21:27.727+0000] {subprocess.py:75} INFO - Running command: ['/bin/bash', '-c', '\n    docker exec hive beeline -u "jdbc:hive2://localhost:10000" --hiveconf hive.exec.dynamic.partition.mode=nonstrict -e "\n    CREATE EXTERNAL TABLE IF NOT EXISTS transactions (\n        transaction_id STRING,\n        date_time STRING,\n        amount DOUBLE,\n        currency STRING,\n        merchant_details STRING,\n        customer_id STRING,\n        transaction_type STRING,\n        location STRING\n    )\n    PARTITIONED BY (batch_id STRING)\n    STORED AS PARQUET\n    LOCATION \'/data/transactions/\';\n    ALTER TABLE transactions ADD IF NOT EXISTS PARTITION (batch_id=\'batch_20250319_171613\') LOCATION \'/data/transactions/transactions_batch_0\';"\n    ']
[2025-03-19T17:21:27.752+0000] {subprocess.py:86} INFO - Output:
[2025-03-19T17:21:29.556+0000] {subprocess.py:93} INFO - SLF4J: Class path contains multiple SLF4J bindings.
[2025-03-19T17:21:29.557+0000] {subprocess.py:93} INFO - SLF4J: Found binding in [jar:file:/opt/hive/lib/log4j-slf4j-impl-2.17.1.jar!/org/slf4j/impl/StaticLoggerBinder.class]
[2025-03-19T17:21:29.560+0000] {subprocess.py:93} INFO - SLF4J: Found binding in [jar:file:/opt/hadoop/share/hadoop/common/lib/slf4j-log4j12-1.7.25.jar!/org/slf4j/impl/StaticLoggerBinder.class]
[2025-03-19T17:21:29.561+0000] {subprocess.py:93} INFO - SLF4J: See http://www.slf4j.org/codes.html#multiple_bindings for an explanation.
[2025-03-19T17:21:29.882+0000] {subprocess.py:93} INFO - SLF4J: Actual binding is of type [org.apache.logging.slf4j.Log4jLoggerFactory]
[2025-03-19T17:21:32.943+0000] {subprocess.py:93} INFO - Connecting to jdbc:hive2://localhost:10000
[2025-03-19T17:21:33.296+0000] {subprocess.py:93} INFO - Connected to: Apache Hive (version 3.1.3)
[2025-03-19T17:21:33.297+0000] {subprocess.py:93} INFO - Driver: Hive JDBC (version 3.1.3)
[2025-03-19T17:21:33.298+0000] {subprocess.py:93} INFO - Transaction isolation: TRANSACTION_REPEATABLE_READ
[2025-03-19T17:21:33.462+0000] {subprocess.py:93} INFO - INFO  : Compiling command(queryId=root_20250319172133_9b8d0e5b-04d9-48e6-a917-239cf76da6ad): CREATE EXTERNAL TABLE IF NOT EXISTS transactions (
[2025-03-19T17:21:33.464+0000] {subprocess.py:93} INFO -         transaction_id STRING,
[2025-03-19T17:21:33.465+0000] {subprocess.py:93} INFO -         date_time STRING,
[2025-03-19T17:21:33.466+0000] {subprocess.py:93} INFO -         amount DOUBLE,
[2025-03-19T17:21:33.467+0000] {subprocess.py:93} INFO -         currency STRING,
[2025-03-19T17:21:33.468+0000] {subprocess.py:93} INFO -         merchant_details STRING,
[2025-03-19T17:21:33.468+0000] {subprocess.py:93} INFO -         customer_id STRING,
[2025-03-19T17:21:33.470+0000] {subprocess.py:93} INFO -         transaction_type STRING,
[2025-03-19T17:21:33.471+0000] {subprocess.py:93} INFO -         location STRING
[2025-03-19T17:21:33.471+0000] {subprocess.py:93} INFO -     )
[2025-03-19T17:21:33.472+0000] {subprocess.py:93} INFO -     PARTITIONED BY (batch_id STRING)
[2025-03-19T17:21:33.473+0000] {subprocess.py:93} INFO -     STORED AS PARQUET
[2025-03-19T17:21:33.474+0000] {subprocess.py:93} INFO -     LOCATION '/data/transactions/'
[2025-03-19T17:21:33.475+0000] {subprocess.py:93} INFO - INFO  : Concurrency mode is disabled, not creating a lock manager
[2025-03-19T17:21:33.475+0000] {subprocess.py:93} INFO - INFO  : Semantic Analysis Completed (retrial = false)
[2025-03-19T17:21:33.476+0000] {subprocess.py:93} INFO - INFO  : Returning Hive schema: Schema(fieldSchemas:null, properties:null)
[2025-03-19T17:21:33.477+0000] {subprocess.py:93} INFO - INFO  : Completed compiling command(queryId=root_20250319172133_9b8d0e5b-04d9-48e6-a917-239cf76da6ad); Time taken: 0.044 seconds
[2025-03-19T17:21:33.477+0000] {subprocess.py:93} INFO - INFO  : Concurrency mode is disabled, not creating a lock manager
[2025-03-19T17:21:33.478+0000] {subprocess.py:93} INFO - INFO  : Executing command(queryId=root_20250319172133_9b8d0e5b-04d9-48e6-a917-239cf76da6ad): CREATE EXTERNAL TABLE IF NOT EXISTS transactions (
[2025-03-19T17:21:33.479+0000] {subprocess.py:93} INFO -         transaction_id STRING,
[2025-03-19T17:21:33.479+0000] {subprocess.py:93} INFO -         date_time STRING,
[2025-03-19T17:21:33.480+0000] {subprocess.py:93} INFO -         amount DOUBLE,
[2025-03-19T17:21:33.481+0000] {subprocess.py:93} INFO -         currency STRING,
[2025-03-19T17:21:33.481+0000] {subprocess.py:93} INFO -         merchant_details STRING,
[2025-03-19T17:21:33.482+0000] {subprocess.py:93} INFO -         customer_id STRING,
[2025-03-19T17:21:33.483+0000] {subprocess.py:93} INFO -         transaction_type STRING,
[2025-03-19T17:21:33.483+0000] {subprocess.py:93} INFO -         location STRING
[2025-03-19T17:21:33.484+0000] {subprocess.py:93} INFO -     )
[2025-03-19T17:21:33.485+0000] {subprocess.py:93} INFO -     PARTITIONED BY (batch_id STRING)
[2025-03-19T17:21:33.485+0000] {subprocess.py:93} INFO -     STORED AS PARQUET
[2025-03-19T17:21:33.485+0000] {subprocess.py:93} INFO -     LOCATION '/data/transactions/'
[2025-03-19T17:21:33.486+0000] {subprocess.py:93} INFO - INFO  : Completed executing command(queryId=root_20250319172133_9b8d0e5b-04d9-48e6-a917-239cf76da6ad); Time taken: 0.002 seconds
[2025-03-19T17:21:33.486+0000] {subprocess.py:93} INFO - INFO  : OK
[2025-03-19T17:21:33.487+0000] {subprocess.py:93} INFO - INFO  : Concurrency mode is disabled, not creating a lock manager
[2025-03-19T17:21:33.487+0000] {subprocess.py:93} INFO - No rows affected (0.143 seconds)
[2025-03-19T17:21:33.597+0000] {subprocess.py:93} INFO - INFO  : Compiling command(queryId=root_20250319172133_eef21ec9-a42b-4017-bb21-ccd86b545e65): ALTER TABLE transactions ADD IF NOT EXISTS PARTITION (batch_id='batch_20250319_171613') LOCATION '/data/transactions/transactions_batch_0'
[2025-03-19T17:21:33.598+0000] {subprocess.py:93} INFO - INFO  : Concurrency mode is disabled, not creating a lock manager
[2025-03-19T17:21:33.604+0000] {subprocess.py:93} INFO - INFO  : Semantic Analysis Completed (retrial = false)
[2025-03-19T17:21:33.606+0000] {subprocess.py:93} INFO - INFO  : Returning Hive schema: Schema(fieldSchemas:null, properties:null)
[2025-03-19T17:21:33.607+0000] {subprocess.py:93} INFO - INFO  : Completed compiling command(queryId=root_20250319172133_eef21ec9-a42b-4017-bb21-ccd86b545e65); Time taken: 0.02 seconds
[2025-03-19T17:21:33.608+0000] {subprocess.py:93} INFO - INFO  : Concurrency mode is disabled, not creating a lock manager
[2025-03-19T17:21:33.609+0000] {subprocess.py:93} INFO - INFO  : Executing command(queryId=root_20250319172133_eef21ec9-a42b-4017-bb21-ccd86b545e65): ALTER TABLE transactions ADD IF NOT EXISTS PARTITION (batch_id='batch_20250319_171613') LOCATION '/data/transactions/transactions_batch_0'
[2025-03-19T17:21:33.609+0000] {subprocess.py:93} INFO - INFO  : Starting task [Stage-0:DDL] in serial mode
[2025-03-19T17:21:33.610+0000] {subprocess.py:93} INFO - INFO  : Completed executing command(queryId=root_20250319172133_eef21ec9-a42b-4017-bb21-ccd86b545e65); Time taken: 0.074 seconds
[2025-03-19T17:21:33.611+0000] {subprocess.py:93} INFO - INFO  : OK
[2025-03-19T17:21:33.611+0000] {subprocess.py:93} INFO - INFO  : Concurrency mode is disabled, not creating a lock manager
[2025-03-19T17:21:33.612+0000] {subprocess.py:93} INFO - No rows affected (0.111 seconds)
[2025-03-19T17:21:33.613+0000] {subprocess.py:93} INFO - Beeline version 3.1.3 by Apache Hive
[2025-03-19T17:21:33.615+0000] {subprocess.py:93} INFO - Closing: 0: jdbc:hive2://localhost:10000
[2025-03-19T17:21:33.701+0000] {subprocess.py:97} INFO - Command exited with return code 0
[2025-03-19T17:21:33.750+0000] {taskinstance.py:1398} INFO - Marking task as SUCCESS. dag_id=transactions_pipeline, task_id=create_hive_table, execution_date=20250319T171613, start_date=20250319T172127, end_date=20250319T172133
[2025-03-19T17:21:33.826+0000] {local_task_job_runner.py:228} INFO - Task exited with return code 0
[2025-03-19T17:21:33.861+0000] {taskinstance.py:2776} INFO - 0 downstream tasks scheduled from follow-on schedule check
