[2025-03-21T13:48:42.567+0000] {taskinstance.py:1157} INFO - Dependencies all met for dep_context=non-requeueable deps ti=<TaskInstance: transactions_pipeline.create_hive_table_batch_20250321_131625 scheduled__2025-03-21T13:42:39.231672+00:00 [queued]>
[2025-03-21T13:48:42.592+0000] {taskinstance.py:1157} INFO - Dependencies all met for dep_context=requeueable deps ti=<TaskInstance: transactions_pipeline.create_hive_table_batch_20250321_131625 scheduled__2025-03-21T13:42:39.231672+00:00 [queued]>
[2025-03-21T13:48:42.593+0000] {taskinstance.py:1359} INFO - Starting attempt 1 of 1
[2025-03-21T13:48:42.623+0000] {taskinstance.py:1380} INFO - Executing <Task(BashOperator): create_hive_table_batch_20250321_131625> on 2025-03-21 13:42:39.231672+00:00
[2025-03-21T13:48:42.644+0000] {standard_task_runner.py:57} INFO - Started process 580 to run task
[2025-03-21T13:48:42.653+0000] {standard_task_runner.py:84} INFO - Running: ['***', 'tasks', 'run', 'transactions_pipeline', 'create_hive_table_batch_20250321_131625', 'scheduled__2025-03-21T13:42:39.231672+00:00', '--job-id', '712', '--raw', '--subdir', 'DAGS_FOLDER/fraud_detection_pipeline.py', '--cfg-path', '/tmp/tmp8o1s3l4s']
[2025-03-21T13:48:42.665+0000] {standard_task_runner.py:85} INFO - Job 712: Subtask create_hive_table_batch_20250321_131625
[2025-03-21T13:48:42.862+0000] {task_command.py:415} INFO - Running <TaskInstance: transactions_pipeline.create_hive_table_batch_20250321_131625 scheduled__2025-03-21T13:42:39.231672+00:00 [running]> on host e95638583d4d
[2025-03-21T13:48:43.132+0000] {taskinstance.py:1660} INFO - Exporting env vars: AIRFLOW_CTX_DAG_EMAIL='rabiizahnoune7@gmail.com' AIRFLOW_CTX_DAG_OWNER='***' AIRFLOW_CTX_DAG_ID='transactions_pipeline' AIRFLOW_CTX_TASK_ID='create_hive_table_batch_20250321_131625' AIRFLOW_CTX_EXECUTION_DATE='2025-03-21T13:42:39.231672+00:00' AIRFLOW_CTX_TRY_NUMBER='1' AIRFLOW_CTX_DAG_RUN_ID='scheduled__2025-03-21T13:42:39.231672+00:00'
[2025-03-21T13:48:43.151+0000] {subprocess.py:63} INFO - Tmp dir root location: /tmp
[2025-03-21T13:48:43.157+0000] {subprocess.py:75} INFO - Running command: ['/bin/bash', '-c', '\n            docker exec hive beeline -u "jdbc:hive2://localhost:10000" --hiveconf hive.exec.dynamic.partition.mode=nonstrict -e "\n            CREATE EXTERNAL TABLE IF NOT EXISTS transactions (\n                transaction_id STRING,\n                date_time STRING,\n                amount DOUBLE,\n                currency STRING,\n                merchant_details STRING,\n                customer_id STRING,\n                transaction_type STRING,\n                location STRING\n            )\n            PARTITIONED BY (batch_id STRING)\n            STORED AS PARQUET;\n            ALTER TABLE transactions ADD IF NOT EXISTS PARTITION (batch_id=\'batch_20250321_131625\') LOCATION \'/data/transactions/transactions_batch_20250321_131625\';"\n            ']
[2025-03-21T13:48:43.236+0000] {subprocess.py:86} INFO - Output:
[2025-03-21T13:48:53.053+0000] {subprocess.py:93} INFO - SLF4J: Class path contains multiple SLF4J bindings.
[2025-03-21T13:48:53.055+0000] {subprocess.py:93} INFO - SLF4J: Found binding in [jar:file:/opt/hive/lib/log4j-slf4j-impl-2.17.1.jar!/org/slf4j/impl/StaticLoggerBinder.class]
[2025-03-21T13:48:53.056+0000] {subprocess.py:93} INFO - SLF4J: Found binding in [jar:file:/opt/hadoop/share/hadoop/common/lib/slf4j-log4j12-1.7.25.jar!/org/slf4j/impl/StaticLoggerBinder.class]
[2025-03-21T13:48:53.056+0000] {subprocess.py:93} INFO - SLF4J: See http://www.slf4j.org/codes.html#multiple_bindings for an explanation.
[2025-03-21T13:48:56.041+0000] {subprocess.py:93} INFO - SLF4J: Actual binding is of type [org.apache.logging.slf4j.Log4jLoggerFactory]
[2025-03-21T13:49:10.107+0000] {subprocess.py:93} INFO - Connecting to jdbc:hive2://localhost:10000
[2025-03-21T13:49:13.486+0000] {subprocess.py:93} INFO - Connected to: Apache Hive (version 3.1.3)
[2025-03-21T13:49:13.488+0000] {subprocess.py:93} INFO - Driver: Hive JDBC (version 3.1.3)
[2025-03-21T13:49:13.489+0000] {subprocess.py:93} INFO - Transaction isolation: TRANSACTION_REPEATABLE_READ
[2025-03-21T13:49:18.585+0000] {subprocess.py:93} INFO - INFO  : Compiling command(queryId=root_20250321134914_b2152e89-59ff-449b-8f9f-db90a6c7d3f3): CREATE EXTERNAL TABLE IF NOT EXISTS transactions (
[2025-03-21T13:49:18.591+0000] {subprocess.py:93} INFO -                 transaction_id STRING,
[2025-03-21T13:49:18.592+0000] {subprocess.py:93} INFO -                 date_time STRING,
[2025-03-21T13:49:18.593+0000] {subprocess.py:93} INFO -                 amount DOUBLE,
[2025-03-21T13:49:18.600+0000] {subprocess.py:93} INFO -                 currency STRING,
[2025-03-21T13:49:18.602+0000] {subprocess.py:93} INFO -                 merchant_details STRING,
[2025-03-21T13:49:18.603+0000] {subprocess.py:93} INFO -                 customer_id STRING,
[2025-03-21T13:49:18.603+0000] {subprocess.py:93} INFO -                 transaction_type STRING,
[2025-03-21T13:49:18.604+0000] {subprocess.py:93} INFO -                 location STRING
[2025-03-21T13:49:18.605+0000] {subprocess.py:93} INFO -             )
[2025-03-21T13:49:18.605+0000] {subprocess.py:93} INFO -             PARTITIONED BY (batch_id STRING)
[2025-03-21T13:49:18.606+0000] {subprocess.py:93} INFO -             STORED AS PARQUET
[2025-03-21T13:49:18.607+0000] {subprocess.py:93} INFO - INFO  : Concurrency mode is disabled, not creating a lock manager
[2025-03-21T13:49:18.608+0000] {subprocess.py:93} INFO - INFO  : Semantic Analysis Completed (retrial = false)
[2025-03-21T13:49:18.608+0000] {subprocess.py:93} INFO - INFO  : Returning Hive schema: Schema(fieldSchemas:null, properties:null)
[2025-03-21T13:49:18.610+0000] {subprocess.py:93} INFO - INFO  : Completed compiling command(queryId=root_20250321134914_b2152e89-59ff-449b-8f9f-db90a6c7d3f3); Time taken: 0.066 seconds
[2025-03-21T13:49:18.611+0000] {subprocess.py:93} INFO - INFO  : Concurrency mode is disabled, not creating a lock manager
[2025-03-21T13:49:18.611+0000] {subprocess.py:93} INFO - INFO  : Executing command(queryId=root_20250321134914_b2152e89-59ff-449b-8f9f-db90a6c7d3f3): CREATE EXTERNAL TABLE IF NOT EXISTS transactions (
[2025-03-21T13:49:18.612+0000] {subprocess.py:93} INFO -                 transaction_id STRING,
[2025-03-21T13:49:18.613+0000] {subprocess.py:93} INFO -                 date_time STRING,
[2025-03-21T13:49:18.614+0000] {subprocess.py:93} INFO -                 amount DOUBLE,
[2025-03-21T13:49:18.614+0000] {subprocess.py:93} INFO -                 currency STRING,
[2025-03-21T13:49:18.615+0000] {subprocess.py:93} INFO -                 merchant_details STRING,
[2025-03-21T13:49:18.616+0000] {subprocess.py:93} INFO -                 customer_id STRING,
[2025-03-21T13:49:18.616+0000] {subprocess.py:93} INFO -                 transaction_type STRING,
[2025-03-21T13:49:18.617+0000] {subprocess.py:93} INFO -                 location STRING
[2025-03-21T13:49:18.617+0000] {subprocess.py:93} INFO -             )
[2025-03-21T13:49:18.618+0000] {subprocess.py:93} INFO -             PARTITIONED BY (batch_id STRING)
[2025-03-21T13:49:18.619+0000] {subprocess.py:93} INFO -             STORED AS PARQUET
[2025-03-21T13:49:18.619+0000] {subprocess.py:93} INFO - INFO  : Starting task [Stage-0:DDL] in serial mode
[2025-03-21T13:49:21.099+0000] {subprocess.py:93} INFO - INFO  : Completed executing command(queryId=root_20250321134914_b2152e89-59ff-449b-8f9f-db90a6c7d3f3); Time taken: 3.591 seconds
[2025-03-21T13:49:21.103+0000] {subprocess.py:93} INFO - INFO  : OK
[2025-03-21T13:49:21.106+0000] {subprocess.py:93} INFO - INFO  : Concurrency mode is disabled, not creating a lock manager
[2025-03-21T13:49:21.111+0000] {subprocess.py:93} INFO - No rows affected (7.217 seconds)
[2025-03-21T13:49:22.106+0000] {subprocess.py:93} INFO - INFO  : Compiling command(queryId=root_20250321134921_1f22a1ac-f70d-4d76-af2b-c2959b9a649c): ALTER TABLE transactions ADD IF NOT EXISTS PARTITION (batch_id='batch_20250321_131625') LOCATION '/data/transactions/transactions_batch_20250321_131625'
[2025-03-21T13:49:22.107+0000] {subprocess.py:93} INFO - INFO  : Concurrency mode is disabled, not creating a lock manager
[2025-03-21T13:49:22.108+0000] {subprocess.py:93} INFO - INFO  : Semantic Analysis Completed (retrial = false)
[2025-03-21T13:49:22.109+0000] {subprocess.py:93} INFO - INFO  : Returning Hive schema: Schema(fieldSchemas:null, properties:null)
[2025-03-21T13:49:22.110+0000] {subprocess.py:93} INFO - INFO  : Completed compiling command(queryId=root_20250321134921_1f22a1ac-f70d-4d76-af2b-c2959b9a649c); Time taken: 0.092 seconds
[2025-03-21T13:49:22.110+0000] {subprocess.py:93} INFO - INFO  : Concurrency mode is disabled, not creating a lock manager
[2025-03-21T13:49:22.111+0000] {subprocess.py:93} INFO - INFO  : Executing command(queryId=root_20250321134921_1f22a1ac-f70d-4d76-af2b-c2959b9a649c): ALTER TABLE transactions ADD IF NOT EXISTS PARTITION (batch_id='batch_20250321_131625') LOCATION '/data/transactions/transactions_batch_20250321_131625'
[2025-03-21T13:49:22.112+0000] {subprocess.py:93} INFO - INFO  : Starting task [Stage-0:DDL] in serial mode
[2025-03-21T13:49:22.112+0000] {subprocess.py:93} INFO - INFO  : Completed executing command(queryId=root_20250321134921_1f22a1ac-f70d-4d76-af2b-c2959b9a649c); Time taken: 0.579 seconds
[2025-03-21T13:49:22.113+0000] {subprocess.py:93} INFO - INFO  : OK
[2025-03-21T13:49:22.113+0000] {subprocess.py:93} INFO - INFO  : Concurrency mode is disabled, not creating a lock manager
[2025-03-21T13:49:22.114+0000] {subprocess.py:93} INFO - No rows affected (0.891 seconds)
[2025-03-21T13:49:22.199+0000] {subprocess.py:93} INFO - Beeline version 3.1.3 by Apache Hive
[2025-03-21T13:49:22.319+0000] {subprocess.py:93} INFO - Closing: 0: jdbc:hive2://localhost:10000
[2025-03-21T13:49:22.632+0000] {subprocess.py:97} INFO - Command exited with return code 0
[2025-03-21T13:49:22.680+0000] {taskinstance.py:1398} INFO - Marking task as SUCCESS. dag_id=transactions_pipeline, task_id=create_hive_table_batch_20250321_131625, execution_date=20250321T134239, start_date=20250321T134842, end_date=20250321T134922
[2025-03-21T13:49:22.752+0000] {local_task_job_runner.py:228} INFO - Task exited with return code 0
[2025-03-21T13:49:22.806+0000] {taskinstance.py:2776} INFO - 1 downstream tasks scheduled from follow-on schedule check
