[2025-03-21T13:23:49.069+0000] {taskinstance.py:1157} INFO - Dependencies all met for dep_context=non-requeueable deps ti=<TaskInstance: transactions_pipeline.create_fraud_table_batch_20250321_131820 manual__2025-03-21T13:22:01.068828+00:00 [queued]>
[2025-03-21T13:23:49.106+0000] {taskinstance.py:1157} INFO - Dependencies all met for dep_context=requeueable deps ti=<TaskInstance: transactions_pipeline.create_fraud_table_batch_20250321_131820 manual__2025-03-21T13:22:01.068828+00:00 [queued]>
[2025-03-21T13:23:49.107+0000] {taskinstance.py:1359} INFO - Starting attempt 1 of 1
[2025-03-21T13:23:49.222+0000] {taskinstance.py:1380} INFO - Executing <Task(BashOperator): create_fraud_table_batch_20250321_131820> on 2025-03-21 13:22:01.068828+00:00
[2025-03-21T13:23:49.242+0000] {standard_task_runner.py:57} INFO - Started process 922 to run task
[2025-03-21T13:23:49.250+0000] {standard_task_runner.py:84} INFO - Running: ['***', 'tasks', 'run', 'transactions_pipeline', 'create_fraud_table_batch_20250321_131820', 'manual__2025-03-21T13:22:01.068828+00:00', '--job-id', '594', '--raw', '--subdir', 'DAGS_FOLDER/fraud_detection_pipeline.py', '--cfg-path', '/tmp/tmpad_156i1']
[2025-03-21T13:23:49.259+0000] {standard_task_runner.py:85} INFO - Job 594: Subtask create_fraud_table_batch_20250321_131820
[2025-03-21T13:23:49.422+0000] {task_command.py:415} INFO - Running <TaskInstance: transactions_pipeline.create_fraud_table_batch_20250321_131820 manual__2025-03-21T13:22:01.068828+00:00 [running]> on host 1b7c3466167a
[2025-03-21T13:23:49.867+0000] {taskinstance.py:1660} INFO - Exporting env vars: AIRFLOW_CTX_DAG_EMAIL='rabiizahnoune7@gmail.com' AIRFLOW_CTX_DAG_OWNER='***' AIRFLOW_CTX_DAG_ID='transactions_pipeline' AIRFLOW_CTX_TASK_ID='create_fraud_table_batch_20250321_131820' AIRFLOW_CTX_EXECUTION_DATE='2025-03-21T13:22:01.068828+00:00' AIRFLOW_CTX_TRY_NUMBER='1' AIRFLOW_CTX_DAG_RUN_ID='manual__2025-03-21T13:22:01.068828+00:00'
[2025-03-21T13:23:49.883+0000] {subprocess.py:63} INFO - Tmp dir root location: /tmp
[2025-03-21T13:23:49.910+0000] {subprocess.py:75} INFO - Running command: ['/bin/bash', '-c', '\n            docker exec hive beeline -u "jdbc:hive2://localhost:10000" -e "\n            CREATE EXTERNAL TABLE IF NOT EXISTS fraud_detections (\n                transaction_id STRING,\n                date_time STRING,\n                amount DOUBLE,\n                customer_id STRING,\n                location STRING,\n                fraud_reason STRING\n            )\n            STORED AS PARQUET\n            LOCATION \'/data/fraud_detections\';"\n            ']
[2025-03-21T13:23:49.988+0000] {subprocess.py:86} INFO - Output:
[2025-03-21T13:23:59.729+0000] {subprocess.py:93} INFO - SLF4J: Class path contains multiple SLF4J bindings.
[2025-03-21T13:23:59.733+0000] {subprocess.py:93} INFO - SLF4J: Found binding in [jar:file:/opt/hive/lib/log4j-slf4j-impl-2.17.1.jar!/org/slf4j/impl/StaticLoggerBinder.class]
[2025-03-21T13:23:59.734+0000] {subprocess.py:93} INFO - SLF4J: Found binding in [jar:file:/opt/hadoop/share/hadoop/common/lib/slf4j-log4j12-1.7.25.jar!/org/slf4j/impl/StaticLoggerBinder.class]
[2025-03-21T13:23:59.735+0000] {subprocess.py:93} INFO - SLF4J: See http://www.slf4j.org/codes.html#multiple_bindings for an explanation.
[2025-03-21T13:24:03.940+0000] {subprocess.py:93} INFO - SLF4J: Actual binding is of type [org.apache.logging.slf4j.Log4jLoggerFactory]
[2025-03-21T13:24:38.522+0000] {subprocess.py:93} INFO - Connecting to jdbc:hive2://localhost:10000
[2025-03-21T13:24:43.469+0000] {subprocess.py:93} INFO - Connected to: Apache Hive (version 3.1.3)
[2025-03-21T13:24:43.470+0000] {subprocess.py:93} INFO - Driver: Hive JDBC (version 3.1.3)
[2025-03-21T13:24:43.472+0000] {subprocess.py:93} INFO - Transaction isolation: TRANSACTION_REPEATABLE_READ
[2025-03-21T13:24:46.776+0000] {subprocess.py:93} INFO - INFO  : Compiling command(queryId=root_20250321132444_edc3ee10-1b9d-454f-9af9-ff6e30693402): CREATE EXTERNAL TABLE IF NOT EXISTS fraud_detections (
[2025-03-21T13:24:46.782+0000] {subprocess.py:93} INFO -                 transaction_id STRING,
[2025-03-21T13:24:46.786+0000] {subprocess.py:93} INFO -                 date_time STRING,
[2025-03-21T13:24:46.787+0000] {subprocess.py:93} INFO -                 amount DOUBLE,
[2025-03-21T13:24:46.788+0000] {subprocess.py:93} INFO -                 customer_id STRING,
[2025-03-21T13:24:46.789+0000] {subprocess.py:93} INFO -                 location STRING,
[2025-03-21T13:24:46.791+0000] {subprocess.py:93} INFO -                 fraud_reason STRING
[2025-03-21T13:24:46.792+0000] {subprocess.py:93} INFO -             )
[2025-03-21T13:24:46.793+0000] {subprocess.py:93} INFO -             STORED AS PARQUET
[2025-03-21T13:24:46.794+0000] {subprocess.py:93} INFO -             LOCATION '/data/fraud_detections'
[2025-03-21T13:24:46.796+0000] {subprocess.py:93} INFO - INFO  : Concurrency mode is disabled, not creating a lock manager
[2025-03-21T13:24:46.800+0000] {subprocess.py:93} INFO - INFO  : Semantic Analysis Completed (retrial = false)
[2025-03-21T13:24:46.801+0000] {subprocess.py:93} INFO - INFO  : Returning Hive schema: Schema(fieldSchemas:null, properties:null)
[2025-03-21T13:24:46.802+0000] {subprocess.py:93} INFO - INFO  : Completed compiling command(queryId=root_20250321132444_edc3ee10-1b9d-454f-9af9-ff6e30693402); Time taken: 0.507 seconds
[2025-03-21T13:24:46.803+0000] {subprocess.py:93} INFO - INFO  : Concurrency mode is disabled, not creating a lock manager
[2025-03-21T13:24:46.804+0000] {subprocess.py:93} INFO - INFO  : Executing command(queryId=root_20250321132444_edc3ee10-1b9d-454f-9af9-ff6e30693402): CREATE EXTERNAL TABLE IF NOT EXISTS fraud_detections (
[2025-03-21T13:24:46.805+0000] {subprocess.py:93} INFO -                 transaction_id STRING,
[2025-03-21T13:24:46.806+0000] {subprocess.py:93} INFO -                 date_time STRING,
[2025-03-21T13:24:46.807+0000] {subprocess.py:93} INFO -                 amount DOUBLE,
[2025-03-21T13:24:46.807+0000] {subprocess.py:93} INFO -                 customer_id STRING,
[2025-03-21T13:24:46.808+0000] {subprocess.py:93} INFO -                 location STRING,
[2025-03-21T13:24:46.809+0000] {subprocess.py:93} INFO -                 fraud_reason STRING
[2025-03-21T13:24:46.810+0000] {subprocess.py:93} INFO -             )
[2025-03-21T13:24:46.810+0000] {subprocess.py:93} INFO -             STORED AS PARQUET
[2025-03-21T13:24:46.812+0000] {subprocess.py:93} INFO -             LOCATION '/data/fraud_detections'
[2025-03-21T13:24:46.813+0000] {subprocess.py:93} INFO - INFO  : Completed executing command(queryId=root_20250321132444_edc3ee10-1b9d-454f-9af9-ff6e30693402); Time taken: 0.001 seconds
[2025-03-21T13:24:46.815+0000] {subprocess.py:93} INFO - INFO  : OK
[2025-03-21T13:24:46.816+0000] {subprocess.py:93} INFO - INFO  : Concurrency mode is disabled, not creating a lock manager
[2025-03-21T13:24:46.884+0000] {subprocess.py:93} INFO - No rows affected (2.899 seconds)
[2025-03-21T13:24:46.978+0000] {subprocess.py:93} INFO - Beeline version 3.1.3 by Apache Hive
[2025-03-21T13:24:47.560+0000] {subprocess.py:93} INFO - Closing: 0: jdbc:hive2://localhost:10000
[2025-03-21T13:24:48.383+0000] {subprocess.py:97} INFO - Command exited with return code 0
[2025-03-21T13:24:48.493+0000] {taskinstance.py:1398} INFO - Marking task as SUCCESS. dag_id=transactions_pipeline, task_id=create_fraud_table_batch_20250321_131820, execution_date=20250321T132201, start_date=20250321T132349, end_date=20250321T132448
[2025-03-21T13:24:48.576+0000] {local_task_job_runner.py:228} INFO - Task exited with return code 0
[2025-03-21T13:24:48.732+0000] {taskinstance.py:2776} INFO - 1 downstream tasks scheduled from follow-on schedule check
