[2025-03-19T19:28:22.130+0000] {taskinstance.py:1157} INFO - Dependencies all met for dep_context=non-requeueable deps ti=<TaskInstance: transactions_pipeline.create_hive_table manual__2025-03-19T19:28:00.934075+00:00 [queued]>
[2025-03-19T19:28:22.150+0000] {taskinstance.py:1157} INFO - Dependencies all met for dep_context=requeueable deps ti=<TaskInstance: transactions_pipeline.create_hive_table manual__2025-03-19T19:28:00.934075+00:00 [queued]>
[2025-03-19T19:28:22.152+0000] {taskinstance.py:1359} INFO - Starting attempt 1 of 1
[2025-03-19T19:28:22.174+0000] {taskinstance.py:1380} INFO - Executing <Task(BashOperator): create_hive_table> on 2025-03-19 19:28:00.934075+00:00
[2025-03-19T19:28:22.182+0000] {standard_task_runner.py:57} INFO - Started process 1896 to run task
[2025-03-19T19:28:22.187+0000] {standard_task_runner.py:84} INFO - Running: ['***', 'tasks', 'run', 'transactions_pipeline', 'create_hive_table', 'manual__2025-03-19T19:28:00.934075+00:00', '--job-id', '118', '--raw', '--subdir', 'DAGS_FOLDER/fraud_detection_pipeline.py', '--cfg-path', '/tmp/tmp7gj3r64w']
[2025-03-19T19:28:22.191+0000] {standard_task_runner.py:85} INFO - Job 118: Subtask create_hive_table
[2025-03-19T19:28:22.272+0000] {task_command.py:415} INFO - Running <TaskInstance: transactions_pipeline.create_hive_table manual__2025-03-19T19:28:00.934075+00:00 [running]> on host 347688f31140
[2025-03-19T19:28:22.359+0000] {logging_mixin.py:151} WARNING - /home/***/.local/lib/python3.8/site-packages/***/utils/context.py:206 AirflowContextDeprecationWarning: Accessing 'execution_date' from the template is deprecated and will be removed in a future version. Please use 'data_interval_start' or 'logical_date' instead.
[2025-03-19T19:28:22.435+0000] {taskinstance.py:1660} INFO - Exporting env vars: AIRFLOW_CTX_DAG_OWNER='***' AIRFLOW_CTX_DAG_ID='transactions_pipeline' AIRFLOW_CTX_TASK_ID='create_hive_table' AIRFLOW_CTX_EXECUTION_DATE='2025-03-19T19:28:00.934075+00:00' AIRFLOW_CTX_TRY_NUMBER='1' AIRFLOW_CTX_DAG_RUN_ID='manual__2025-03-19T19:28:00.934075+00:00'
[2025-03-19T19:28:22.438+0000] {subprocess.py:63} INFO - Tmp dir root location: /tmp
[2025-03-19T19:28:22.442+0000] {subprocess.py:75} INFO - Running command: ['/bin/bash', '-c', '\n    docker exec hive beeline -u "jdbc:hive2://localhost:10000" --hiveconf hive.exec.dynamic.partition.mode=nonstrict -e "\n    CREATE EXTERNAL TABLE IF NOT EXISTS transactions (\n        transaction_id STRING,\n        date_time STRING,\n        amount DOUBLE,\n        currency STRING,\n        merchant_details STRING,\n        customer_id STRING,\n        transaction_type STRING,\n        location STRING\n    )\n    PARTITIONED BY (batch_id STRING)\n    STORED AS PARQUET\n    LOCATION \'/data/transactions/transactions_batch_0\';\n    ALTER TABLE transactions ADD IF NOT EXISTS PARTITION (batch_id=\'batch_20250319_192800\') LOCATION \'/data/transactions/transactions_batch_0\';"\n    ']
[2025-03-19T19:28:22.464+0000] {subprocess.py:86} INFO - Output:
[2025-03-19T19:28:25.085+0000] {subprocess.py:93} INFO - SLF4J: Class path contains multiple SLF4J bindings.
[2025-03-19T19:28:25.086+0000] {subprocess.py:93} INFO - SLF4J: Found binding in [jar:file:/opt/hive/lib/log4j-slf4j-impl-2.17.1.jar!/org/slf4j/impl/StaticLoggerBinder.class]
[2025-03-19T19:28:25.087+0000] {subprocess.py:93} INFO - SLF4J: Found binding in [jar:file:/opt/hadoop/share/hadoop/common/lib/slf4j-log4j12-1.7.25.jar!/org/slf4j/impl/StaticLoggerBinder.class]
[2025-03-19T19:28:25.088+0000] {subprocess.py:93} INFO - SLF4J: See http://www.slf4j.org/codes.html#multiple_bindings for an explanation.
[2025-03-19T19:28:25.386+0000] {subprocess.py:93} INFO - SLF4J: Actual binding is of type [org.apache.logging.slf4j.Log4jLoggerFactory]
[2025-03-19T19:28:28.064+0000] {subprocess.py:93} INFO - Connecting to jdbc:hive2://localhost:10000
[2025-03-19T19:28:28.748+0000] {subprocess.py:93} INFO - Connected to: Apache Hive (version 3.1.3)
[2025-03-19T19:28:28.749+0000] {subprocess.py:93} INFO - Driver: Hive JDBC (version 3.1.3)
[2025-03-19T19:28:28.749+0000] {subprocess.py:93} INFO - Transaction isolation: TRANSACTION_REPEATABLE_READ
[2025-03-19T19:28:29.170+0000] {subprocess.py:93} INFO - INFO  : Compiling command(queryId=root_20250319192828_d5d33bce-ca64-4eaf-a245-732ce958ce50): CREATE EXTERNAL TABLE IF NOT EXISTS transactions (
[2025-03-19T19:28:29.171+0000] {subprocess.py:93} INFO -         transaction_id STRING,
[2025-03-19T19:28:29.172+0000] {subprocess.py:93} INFO -         date_time STRING,
[2025-03-19T19:28:29.173+0000] {subprocess.py:93} INFO -         amount DOUBLE,
[2025-03-19T19:28:29.174+0000] {subprocess.py:93} INFO -         currency STRING,
[2025-03-19T19:28:29.174+0000] {subprocess.py:93} INFO -         merchant_details STRING,
[2025-03-19T19:28:29.176+0000] {subprocess.py:93} INFO -         customer_id STRING,
[2025-03-19T19:28:29.178+0000] {subprocess.py:93} INFO -         transaction_type STRING,
[2025-03-19T19:28:29.179+0000] {subprocess.py:93} INFO -         location STRING
[2025-03-19T19:28:29.180+0000] {subprocess.py:93} INFO -     )
[2025-03-19T19:28:29.181+0000] {subprocess.py:93} INFO -     PARTITIONED BY (batch_id STRING)
[2025-03-19T19:28:29.182+0000] {subprocess.py:93} INFO -     STORED AS PARQUET
[2025-03-19T19:28:29.183+0000] {subprocess.py:93} INFO -     LOCATION '/data/transactions/transactions_batch_0'
[2025-03-19T19:28:29.183+0000] {subprocess.py:93} INFO - INFO  : Concurrency mode is disabled, not creating a lock manager
[2025-03-19T19:28:29.184+0000] {subprocess.py:93} INFO - INFO  : Semantic Analysis Completed (retrial = false)
[2025-03-19T19:28:29.184+0000] {subprocess.py:93} INFO - INFO  : Returning Hive schema: Schema(fieldSchemas:null, properties:null)
[2025-03-19T19:28:29.185+0000] {subprocess.py:93} INFO - INFO  : Completed compiling command(queryId=root_20250319192828_d5d33bce-ca64-4eaf-a245-732ce958ce50); Time taken: 0.214 seconds
[2025-03-19T19:28:29.185+0000] {subprocess.py:93} INFO - INFO  : Concurrency mode is disabled, not creating a lock manager
[2025-03-19T19:28:29.186+0000] {subprocess.py:93} INFO - INFO  : Executing command(queryId=root_20250319192828_d5d33bce-ca64-4eaf-a245-732ce958ce50): CREATE EXTERNAL TABLE IF NOT EXISTS transactions (
[2025-03-19T19:28:29.186+0000] {subprocess.py:93} INFO -         transaction_id STRING,
[2025-03-19T19:28:29.187+0000] {subprocess.py:93} INFO -         date_time STRING,
[2025-03-19T19:28:29.187+0000] {subprocess.py:93} INFO -         amount DOUBLE,
[2025-03-19T19:28:29.188+0000] {subprocess.py:93} INFO -         currency STRING,
[2025-03-19T19:28:29.188+0000] {subprocess.py:93} INFO -         merchant_details STRING,
[2025-03-19T19:28:29.189+0000] {subprocess.py:93} INFO -         customer_id STRING,
[2025-03-19T19:28:29.189+0000] {subprocess.py:93} INFO -         transaction_type STRING,
[2025-03-19T19:28:29.190+0000] {subprocess.py:93} INFO -         location STRING
[2025-03-19T19:28:29.191+0000] {subprocess.py:93} INFO -     )
[2025-03-19T19:28:29.191+0000] {subprocess.py:93} INFO -     PARTITIONED BY (batch_id STRING)
[2025-03-19T19:28:29.192+0000] {subprocess.py:93} INFO -     STORED AS PARQUET
[2025-03-19T19:28:29.192+0000] {subprocess.py:93} INFO -     LOCATION '/data/transactions/transactions_batch_0'
[2025-03-19T19:28:29.194+0000] {subprocess.py:93} INFO - INFO  : Completed executing command(queryId=root_20250319192828_d5d33bce-ca64-4eaf-a245-732ce958ce50); Time taken: 0.004 seconds
[2025-03-19T19:28:29.197+0000] {subprocess.py:93} INFO - INFO  : OK
[2025-03-19T19:28:29.198+0000] {subprocess.py:93} INFO - INFO  : Concurrency mode is disabled, not creating a lock manager
[2025-03-19T19:28:29.199+0000] {subprocess.py:93} INFO - No rows affected (0.397 seconds)
[2025-03-19T19:28:29.370+0000] {subprocess.py:93} INFO - INFO  : Compiling command(queryId=root_20250319192829_2163a5e0-b1e0-496d-98ad-e14f49a88f7a): ALTER TABLE transactions ADD IF NOT EXISTS PARTITION (batch_id='batch_20250319_192800') LOCATION '/data/transactions/transactions_batch_0'
[2025-03-19T19:28:29.371+0000] {subprocess.py:93} INFO - INFO  : Concurrency mode is disabled, not creating a lock manager
[2025-03-19T19:28:29.372+0000] {subprocess.py:93} INFO - INFO  : Semantic Analysis Completed (retrial = false)
[2025-03-19T19:28:29.373+0000] {subprocess.py:93} INFO - INFO  : Returning Hive schema: Schema(fieldSchemas:null, properties:null)
[2025-03-19T19:28:29.374+0000] {subprocess.py:93} INFO - INFO  : Completed compiling command(queryId=root_20250319192829_2163a5e0-b1e0-496d-98ad-e14f49a88f7a); Time taken: 0.034 seconds
[2025-03-19T19:28:29.374+0000] {subprocess.py:93} INFO - INFO  : Concurrency mode is disabled, not creating a lock manager
[2025-03-19T19:28:29.375+0000] {subprocess.py:93} INFO - INFO  : Executing command(queryId=root_20250319192829_2163a5e0-b1e0-496d-98ad-e14f49a88f7a): ALTER TABLE transactions ADD IF NOT EXISTS PARTITION (batch_id='batch_20250319_192800') LOCATION '/data/transactions/transactions_batch_0'
[2025-03-19T19:28:29.375+0000] {subprocess.py:93} INFO - INFO  : Starting task [Stage-0:DDL] in serial mode
[2025-03-19T19:28:29.376+0000] {subprocess.py:93} INFO - INFO  : Completed executing command(queryId=root_20250319192829_2163a5e0-b1e0-496d-98ad-e14f49a88f7a); Time taken: 0.109 seconds
[2025-03-19T19:28:29.377+0000] {subprocess.py:93} INFO - INFO  : OK
[2025-03-19T19:28:29.377+0000] {subprocess.py:93} INFO - INFO  : Concurrency mode is disabled, not creating a lock manager
[2025-03-19T19:28:29.378+0000] {subprocess.py:93} INFO - No rows affected (0.171 seconds)
[2025-03-19T19:28:29.378+0000] {subprocess.py:93} INFO - Beeline version 3.1.3 by Apache Hive
[2025-03-19T19:28:29.389+0000] {subprocess.py:93} INFO - Closing: 0: jdbc:hive2://localhost:10000
[2025-03-19T19:28:29.467+0000] {subprocess.py:97} INFO - Command exited with return code 0
[2025-03-19T19:28:29.508+0000] {taskinstance.py:1398} INFO - Marking task as SUCCESS. dag_id=transactions_pipeline, task_id=create_hive_table, execution_date=20250319T192800, start_date=20250319T192822, end_date=20250319T192829
[2025-03-19T19:28:29.564+0000] {local_task_job_runner.py:228} INFO - Task exited with return code 0
[2025-03-19T19:28:29.589+0000] {taskinstance.py:2776} INFO - 1 downstream tasks scheduled from follow-on schedule check
