[2025-03-20T11:43:00.863+0000] {taskinstance.py:1157} INFO - Dependencies all met for dep_context=non-requeueable deps ti=<TaskInstance: transactions_pipeline.detect_fraud manual__2025-03-20T11:42:42.953825+00:00 [queued]>
[2025-03-20T11:43:00.874+0000] {taskinstance.py:1157} INFO - Dependencies all met for dep_context=requeueable deps ti=<TaskInstance: transactions_pipeline.detect_fraud manual__2025-03-20T11:42:42.953825+00:00 [queued]>
[2025-03-20T11:43:00.874+0000] {taskinstance.py:1359} INFO - Starting attempt 1 of 1
[2025-03-20T11:43:00.891+0000] {taskinstance.py:1380} INFO - Executing <Task(BashOperator): detect_fraud> on 2025-03-20 11:42:42.953825+00:00
[2025-03-20T11:43:00.899+0000] {standard_task_runner.py:57} INFO - Started process 261 to run task
[2025-03-20T11:43:00.902+0000] {standard_task_runner.py:84} INFO - Running: ['***', 'tasks', 'run', 'transactions_pipeline', 'detect_fraud', 'manual__2025-03-20T11:42:42.953825+00:00', '--job-id', '279', '--raw', '--subdir', 'DAGS_FOLDER/fraud_detection_pipeline.py', '--cfg-path', '/tmp/tmpotbebupx']
[2025-03-20T11:43:00.905+0000] {standard_task_runner.py:85} INFO - Job 279: Subtask detect_fraud
[2025-03-20T11:43:00.966+0000] {task_command.py:415} INFO - Running <TaskInstance: transactions_pipeline.detect_fraud manual__2025-03-20T11:42:42.953825+00:00 [running]> on host 5f77b09047b0
[2025-03-20T11:43:01.092+0000] {taskinstance.py:1660} INFO - Exporting env vars: AIRFLOW_CTX_DAG_OWNER='***' AIRFLOW_CTX_DAG_ID='transactions_pipeline' AIRFLOW_CTX_TASK_ID='detect_fraud' AIRFLOW_CTX_EXECUTION_DATE='2025-03-20T11:42:42.953825+00:00' AIRFLOW_CTX_TRY_NUMBER='1' AIRFLOW_CTX_DAG_RUN_ID='manual__2025-03-20T11:42:42.953825+00:00'
[2025-03-20T11:43:01.096+0000] {subprocess.py:63} INFO - Tmp dir root location: /tmp
[2025-03-20T11:43:01.098+0000] {subprocess.py:75} INFO - Running command: ['/bin/bash', '-c', '\n    docker exec hive beeline -u "jdbc:hive2://localhost:10000" --hiveconf hive.exec.dynamic.partition.mode=nonstrict -e"\n    CREATE TABLE IF NOT EXISTS fraud_detections (\n        transaction_id STRING,\n        date_time STRING,\n        amount DOUBLE,\n        customer_id STRING,\n        location STRING,\n        fraud_reason STRING\n    )\n    STORED AS PARQUET\n    LOCATION \'/data/fraud_detections\';\n    INSERT INTO TABLE fraud_detections\n    SELECT\n        t.transaction_id,\n        t.date_time,\n        t.amount,\n        t.customer_id,\n        t.location,\n        \'High Amount\' AS fraud_reason\n    FROM transactions t\n    WHERE t.batch_id = \'batch_0\'\n    AND t.amount > 1000;"\n    ']
[2025-03-20T11:43:01.111+0000] {subprocess.py:86} INFO - Output:
[2025-03-20T11:43:02.188+0000] {subprocess.py:93} INFO - SLF4J: Class path contains multiple SLF4J bindings.
[2025-03-20T11:43:02.190+0000] {subprocess.py:93} INFO - SLF4J: Found binding in [jar:file:/opt/hive/lib/log4j-slf4j-impl-2.17.1.jar!/org/slf4j/impl/StaticLoggerBinder.class]
[2025-03-20T11:43:02.191+0000] {subprocess.py:93} INFO - SLF4J: Found binding in [jar:file:/opt/hadoop/share/hadoop/common/lib/slf4j-log4j12-1.7.25.jar!/org/slf4j/impl/StaticLoggerBinder.class]
[2025-03-20T11:43:02.192+0000] {subprocess.py:93} INFO - SLF4J: See http://www.slf4j.org/codes.html#multiple_bindings for an explanation.
[2025-03-20T11:43:02.359+0000] {subprocess.py:93} INFO - SLF4J: Actual binding is of type [org.apache.logging.slf4j.Log4jLoggerFactory]
[2025-03-20T11:43:03.541+0000] {subprocess.py:93} INFO - Connecting to jdbc:hive2://localhost:10000
[2025-03-20T11:43:03.786+0000] {subprocess.py:93} INFO - Connected to: Apache Hive (version 3.1.3)
[2025-03-20T11:43:03.787+0000] {subprocess.py:93} INFO - Driver: Hive JDBC (version 3.1.3)
[2025-03-20T11:43:03.787+0000] {subprocess.py:93} INFO - Transaction isolation: TRANSACTION_REPEATABLE_READ
[2025-03-20T11:43:04.036+0000] {subprocess.py:93} INFO - INFO  : Compiling command(queryId=root_20250320114303_ddd2d686-0a8a-4bc3-9b1f-0d3a45c7372c): CREATE TABLE IF NOT EXISTS fraud_detections (
[2025-03-20T11:43:04.037+0000] {subprocess.py:93} INFO -         transaction_id STRING,
[2025-03-20T11:43:04.038+0000] {subprocess.py:93} INFO -         date_time STRING,
[2025-03-20T11:43:04.039+0000] {subprocess.py:93} INFO -         amount DOUBLE,
[2025-03-20T11:43:04.039+0000] {subprocess.py:93} INFO -         customer_id STRING,
[2025-03-20T11:43:04.040+0000] {subprocess.py:93} INFO -         location STRING,
[2025-03-20T11:43:04.040+0000] {subprocess.py:93} INFO -         fraud_reason STRING
[2025-03-20T11:43:04.041+0000] {subprocess.py:93} INFO -     )
[2025-03-20T11:43:04.041+0000] {subprocess.py:93} INFO -     STORED AS PARQUET
[2025-03-20T11:43:04.042+0000] {subprocess.py:93} INFO -     LOCATION '/data/fraud_detections'
[2025-03-20T11:43:04.042+0000] {subprocess.py:93} INFO - INFO  : Concurrency mode is disabled, not creating a lock manager
[2025-03-20T11:43:04.043+0000] {subprocess.py:93} INFO - INFO  : Semantic Analysis Completed (retrial = false)
[2025-03-20T11:43:04.044+0000] {subprocess.py:93} INFO - INFO  : Returning Hive schema: Schema(fieldSchemas:null, properties:null)
[2025-03-20T11:43:04.044+0000] {subprocess.py:93} INFO - INFO  : Completed compiling command(queryId=root_20250320114303_ddd2d686-0a8a-4bc3-9b1f-0d3a45c7372c); Time taken: 0.008 seconds
[2025-03-20T11:43:04.046+0000] {subprocess.py:93} INFO - INFO  : Concurrency mode is disabled, not creating a lock manager
[2025-03-20T11:43:04.047+0000] {subprocess.py:93} INFO - INFO  : Executing command(queryId=root_20250320114303_ddd2d686-0a8a-4bc3-9b1f-0d3a45c7372c): CREATE TABLE IF NOT EXISTS fraud_detections (
[2025-03-20T11:43:04.047+0000] {subprocess.py:93} INFO -         transaction_id STRING,
[2025-03-20T11:43:04.048+0000] {subprocess.py:93} INFO -         date_time STRING,
[2025-03-20T11:43:04.049+0000] {subprocess.py:93} INFO -         amount DOUBLE,
[2025-03-20T11:43:04.049+0000] {subprocess.py:93} INFO -         customer_id STRING,
[2025-03-20T11:43:04.050+0000] {subprocess.py:93} INFO -         location STRING,
[2025-03-20T11:43:04.050+0000] {subprocess.py:93} INFO -         fraud_reason STRING
[2025-03-20T11:43:04.051+0000] {subprocess.py:93} INFO -     )
[2025-03-20T11:43:04.051+0000] {subprocess.py:93} INFO -     STORED AS PARQUET
[2025-03-20T11:43:04.052+0000] {subprocess.py:93} INFO -     LOCATION '/data/fraud_detections'
[2025-03-20T11:43:04.052+0000] {subprocess.py:93} INFO - INFO  : Starting task [Stage-0:DDL] in serial mode
[2025-03-20T11:43:04.053+0000] {subprocess.py:93} INFO - INFO  : Completed executing command(queryId=root_20250320114303_ddd2d686-0a8a-4bc3-9b1f-0d3a45c7372c); Time taken: 0.165 seconds
[2025-03-20T11:43:04.053+0000] {subprocess.py:93} INFO - INFO  : OK
[2025-03-20T11:43:04.054+0000] {subprocess.py:93} INFO - INFO  : Concurrency mode is disabled, not creating a lock manager
[2025-03-20T11:43:04.054+0000] {subprocess.py:93} INFO - No rows affected (0.237 seconds)
[2025-03-20T11:43:08.165+0000] {subprocess.py:93} INFO - INFO  : Compiling command(queryId=root_20250320114304_e37cf1df-7400-4d15-8a5d-bc3ddde3af5a): INSERT INTO TABLE fraud_detections
[2025-03-20T11:43:08.166+0000] {subprocess.py:93} INFO -     SELECT
[2025-03-20T11:43:08.167+0000] {subprocess.py:93} INFO -         t.transaction_id,
[2025-03-20T11:43:08.167+0000] {subprocess.py:93} INFO -         t.date_time,
[2025-03-20T11:43:08.168+0000] {subprocess.py:93} INFO -         t.amount,
[2025-03-20T11:43:08.169+0000] {subprocess.py:93} INFO -         t.customer_id,
[2025-03-20T11:43:08.170+0000] {subprocess.py:93} INFO -         t.location,
[2025-03-20T11:43:08.171+0000] {subprocess.py:93} INFO -         'High Amount' AS fraud_reason
[2025-03-20T11:43:08.171+0000] {subprocess.py:93} INFO -     FROM transactions t
[2025-03-20T11:43:08.172+0000] {subprocess.py:93} INFO -     WHERE t.batch_id = 'batch_0'
[2025-03-20T11:43:08.172+0000] {subprocess.py:93} INFO -     AND t.amount > 1000
[2025-03-20T11:43:08.173+0000] {subprocess.py:93} INFO - INFO  : Concurrency mode is disabled, not creating a lock manager
[2025-03-20T11:43:08.173+0000] {subprocess.py:93} INFO - INFO  : Semantic Analysis Completed (retrial = false)
[2025-03-20T11:43:08.174+0000] {subprocess.py:93} INFO - INFO  : Returning Hive schema: Schema(fieldSchemas:[FieldSchema(name:t.transaction_id, type:string, comment:null), FieldSchema(name:t.date_time, type:string, comment:null), FieldSchema(name:t.amount, type:double, comment:null), FieldSchema(name:t.customer_id, type:string, comment:null), FieldSchema(name:t.location, type:string, comment:null), FieldSchema(name:fraud_reason, type:string, comment:null)], properties:null)
[2025-03-20T11:43:08.175+0000] {subprocess.py:93} INFO - INFO  : Completed compiling command(queryId=root_20250320114304_e37cf1df-7400-4d15-8a5d-bc3ddde3af5a); Time taken: 3.086 seconds
[2025-03-20T11:43:08.175+0000] {subprocess.py:93} INFO - INFO  : Concurrency mode is disabled, not creating a lock manager
[2025-03-20T11:43:08.176+0000] {subprocess.py:93} INFO - INFO  : Executing command(queryId=root_20250320114304_e37cf1df-7400-4d15-8a5d-bc3ddde3af5a): INSERT INTO TABLE fraud_detections
[2025-03-20T11:43:08.176+0000] {subprocess.py:93} INFO -     SELECT
[2025-03-20T11:43:08.176+0000] {subprocess.py:93} INFO -         t.transaction_id,
[2025-03-20T11:43:08.177+0000] {subprocess.py:93} INFO -         t.date_time,
[2025-03-20T11:43:08.178+0000] {subprocess.py:93} INFO -         t.amount,
[2025-03-20T11:43:08.179+0000] {subprocess.py:93} INFO -         t.customer_id,
[2025-03-20T11:43:08.180+0000] {subprocess.py:93} INFO -         t.location,
[2025-03-20T11:43:08.181+0000] {subprocess.py:93} INFO -         'High Amount' AS fraud_reason
[2025-03-20T11:43:08.181+0000] {subprocess.py:93} INFO -     FROM transactions t
[2025-03-20T11:43:08.181+0000] {subprocess.py:93} INFO -     WHERE t.batch_id = 'batch_0'
[2025-03-20T11:43:08.182+0000] {subprocess.py:93} INFO -     AND t.amount > 1000
[2025-03-20T11:43:08.182+0000] {subprocess.py:93} INFO - INFO  : Query ID = root_20250320114304_e37cf1df-7400-4d15-8a5d-bc3ddde3af5a
[2025-03-20T11:43:08.183+0000] {subprocess.py:93} INFO - INFO  : Total jobs = 1
[2025-03-20T11:43:08.183+0000] {subprocess.py:93} INFO - INFO  : Launching Job 1 out of 1
[2025-03-20T11:43:08.184+0000] {subprocess.py:93} INFO - INFO  : Starting task [Stage-1:MAPRED] in serial mode
[2025-03-20T11:43:11.550+0000] {subprocess.py:93} INFO - ERROR : FAILED: Execution Error, return code 30041 from org.apache.hadoop.hive.ql.exec.spark.SparkTask. Failed to create Spark client for Spark session aa05888a-6f61-49b2-8cb0-5c651a3ca9b1
[2025-03-20T11:43:11.551+0000] {subprocess.py:93} INFO - INFO  : Completed executing command(queryId=root_20250320114304_e37cf1df-7400-4d15-8a5d-bc3ddde3af5a); Time taken: 4.386 seconds
[2025-03-20T11:43:11.552+0000] {subprocess.py:93} INFO - INFO  : Concurrency mode is disabled, not creating a lock manager
[2025-03-20T11:43:11.561+0000] {subprocess.py:93} INFO - Error: Error while processing statement: FAILED: Execution Error, return code 30041 from org.apache.hadoop.hive.ql.exec.spark.SparkTask. Failed to create Spark client for Spark session aa05888a-6f61-49b2-8cb0-5c651a3ca9b1 (state=42000,code=30041)
[2025-03-20T11:43:11.567+0000] {subprocess.py:93} INFO - Closing: 0: jdbc:hive2://localhost:10000
[2025-03-20T11:43:11.620+0000] {subprocess.py:97} INFO - Command exited with return code 1
[2025-03-20T11:43:11.646+0000] {taskinstance.py:1935} ERROR - Task failed with exception
Traceback (most recent call last):
  File "/home/airflow/.local/lib/python3.8/site-packages/airflow/operators/bash.py", line 210, in execute
    raise AirflowException(
airflow.exceptions.AirflowException: Bash command failed. The command returned a non-zero exit code 1.
[2025-03-20T11:43:11.652+0000] {taskinstance.py:1398} INFO - Marking task as FAILED. dag_id=transactions_pipeline, task_id=detect_fraud, execution_date=20250320T114242, start_date=20250320T114300, end_date=20250320T114311
[2025-03-20T11:43:11.688+0000] {standard_task_runner.py:104} ERROR - Failed to execute job 279 for task detect_fraud (Bash command failed. The command returned a non-zero exit code 1.; 261)
[2025-03-20T11:43:11.739+0000] {local_task_job_runner.py:228} INFO - Task exited with return code 1
[2025-03-20T11:43:11.766+0000] {taskinstance.py:2776} INFO - 0 downstream tasks scheduled from follow-on schedule check
