[2025-03-19T16:49:05.953+0000] {taskinstance.py:1157} INFO - Dependencies all met for dep_context=non-requeueable deps ti=<TaskInstance: transactions_pipeline.copy_to_hdfs manual__2025-03-19T16:49:02.655039+00:00 [queued]>
[2025-03-19T16:49:05.965+0000] {taskinstance.py:1157} INFO - Dependencies all met for dep_context=requeueable deps ti=<TaskInstance: transactions_pipeline.copy_to_hdfs manual__2025-03-19T16:49:02.655039+00:00 [queued]>
[2025-03-19T16:49:05.966+0000] {taskinstance.py:1359} INFO - Starting attempt 1 of 1
[2025-03-19T16:49:05.981+0000] {taskinstance.py:1380} INFO - Executing <Task(BashOperator): copy_to_hdfs> on 2025-03-19 16:49:02.655039+00:00
[2025-03-19T16:49:05.987+0000] {standard_task_runner.py:57} INFO - Started process 1652 to run task
[2025-03-19T16:49:05.991+0000] {standard_task_runner.py:84} INFO - Running: ['***', 'tasks', 'run', 'transactions_pipeline', 'copy_to_hdfs', 'manual__2025-03-19T16:49:02.655039+00:00', '--job-id', '59', '--raw', '--subdir', 'DAGS_FOLDER/fraud_detection_pipeline.py', '--cfg-path', '/tmp/tmpvvh3lmrr']
[2025-03-19T16:49:05.996+0000] {standard_task_runner.py:85} INFO - Job 59: Subtask copy_to_hdfs
[2025-03-19T16:49:06.057+0000] {task_command.py:415} INFO - Running <TaskInstance: transactions_pipeline.copy_to_hdfs manual__2025-03-19T16:49:02.655039+00:00 [running]> on host f76c4cf6a8a2
[2025-03-19T16:49:06.168+0000] {taskinstance.py:1660} INFO - Exporting env vars: AIRFLOW_CTX_DAG_OWNER='***' AIRFLOW_CTX_DAG_ID='transactions_pipeline' AIRFLOW_CTX_TASK_ID='copy_to_hdfs' AIRFLOW_CTX_EXECUTION_DATE='2025-03-19T16:49:02.655039+00:00' AIRFLOW_CTX_TRY_NUMBER='1' AIRFLOW_CTX_DAG_RUN_ID='manual__2025-03-19T16:49:02.655039+00:00'
[2025-03-19T16:49:06.170+0000] {subprocess.py:63} INFO - Tmp dir root location: /tmp
[2025-03-19T16:49:06.172+0000] {subprocess.py:75} INFO - Running command: ['/bin/bash', '-c', 'docker exec -u root hive hdfs dfs -put -f /data/transactions/transactions_batch_None.parquet /data/transactions/']
[2025-03-19T16:49:06.185+0000] {subprocess.py:86} INFO - Output:
[2025-03-19T16:49:08.182+0000] {subprocess.py:93} INFO - put: `/data/transactions/transactions_batch_None.parquet': No such file or directory
[2025-03-19T16:49:08.642+0000] {subprocess.py:97} INFO - Command exited with return code 1
[2025-03-19T16:49:08.655+0000] {taskinstance.py:1935} ERROR - Task failed with exception
Traceback (most recent call last):
  File "/home/airflow/.local/lib/python3.8/site-packages/airflow/operators/bash.py", line 210, in execute
    raise AirflowException(
airflow.exceptions.AirflowException: Bash command failed. The command returned a non-zero exit code 1.
[2025-03-19T16:49:08.659+0000] {taskinstance.py:1398} INFO - Marking task as FAILED. dag_id=transactions_pipeline, task_id=copy_to_hdfs, execution_date=20250319T164902, start_date=20250319T164905, end_date=20250319T164908
[2025-03-19T16:49:08.676+0000] {standard_task_runner.py:104} ERROR - Failed to execute job 59 for task copy_to_hdfs (Bash command failed. The command returned a non-zero exit code 1.; 1652)
[2025-03-19T16:49:08.700+0000] {local_task_job_runner.py:228} INFO - Task exited with return code 1
[2025-03-19T16:49:08.736+0000] {taskinstance.py:2776} INFO - 0 downstream tasks scheduled from follow-on schedule check
