[2025-03-21T13:06:52.713+0000] {taskinstance.py:1157} INFO - Dependencies all met for dep_context=non-requeueable deps ti=<TaskInstance: transactions_pipeline.create_fraud_table_batch_20250321_130437 scheduled__2025-03-21T13:01:37.951160+00:00 [queued]>
[2025-03-21T13:06:52.724+0000] {taskinstance.py:1157} INFO - Dependencies all met for dep_context=requeueable deps ti=<TaskInstance: transactions_pipeline.create_fraud_table_batch_20250321_130437 scheduled__2025-03-21T13:01:37.951160+00:00 [queued]>
[2025-03-21T13:06:52.725+0000] {taskinstance.py:1359} INFO - Starting attempt 1 of 1
[2025-03-21T13:06:52.745+0000] {taskinstance.py:1380} INFO - Executing <Task(BashOperator): create_fraud_table_batch_20250321_130437> on 2025-03-21 13:01:37.951160+00:00
[2025-03-21T13:06:52.753+0000] {standard_task_runner.py:57} INFO - Started process 1665 to run task
[2025-03-21T13:06:52.756+0000] {standard_task_runner.py:84} INFO - Running: ['***', 'tasks', 'run', 'transactions_pipeline', 'create_fraud_table_batch_20250321_130437', 'scheduled__2025-03-21T13:01:37.951160+00:00', '--job-id', '565', '--raw', '--subdir', 'DAGS_FOLDER/fraud_detection_pipeline.py', '--cfg-path', '/tmp/tmp97j4tdnr']
[2025-03-21T13:06:52.759+0000] {standard_task_runner.py:85} INFO - Job 565: Subtask create_fraud_table_batch_20250321_130437
[2025-03-21T13:06:52.809+0000] {task_command.py:415} INFO - Running <TaskInstance: transactions_pipeline.create_fraud_table_batch_20250321_130437 scheduled__2025-03-21T13:01:37.951160+00:00 [running]> on host 1b7c3466167a
[2025-03-21T13:06:52.906+0000] {taskinstance.py:1660} INFO - Exporting env vars: AIRFLOW_CTX_DAG_EMAIL='rabiizahnoune7@gmail.com' AIRFLOW_CTX_DAG_OWNER='***' AIRFLOW_CTX_DAG_ID='transactions_pipeline' AIRFLOW_CTX_TASK_ID='create_fraud_table_batch_20250321_130437' AIRFLOW_CTX_EXECUTION_DATE='2025-03-21T13:01:37.951160+00:00' AIRFLOW_CTX_TRY_NUMBER='1' AIRFLOW_CTX_DAG_RUN_ID='scheduled__2025-03-21T13:01:37.951160+00:00'
[2025-03-21T13:06:52.908+0000] {subprocess.py:63} INFO - Tmp dir root location: /tmp
[2025-03-21T13:06:52.909+0000] {subprocess.py:75} INFO - Running command: ['/bin/bash', '-c', '\n            docker exec hive beeline -u "jdbc:hive2://localhost:10000" -e "\n            CREATE EXTERNAL TABLE IF NOT EXISTS fraud_detections (\n                transaction_id STRING,\n                date_time STRING,\n                amount DOUBLE,\n                customer_id STRING,\n                location STRING,\n                fraud_reason STRING\n            )\n            STORED AS PARQUET\n            LOCATION \'/data/fraud_detections\';"\n            ']
[2025-03-21T13:06:52.920+0000] {subprocess.py:86} INFO - Output:
[2025-03-21T13:06:53.893+0000] {subprocess.py:93} INFO - SLF4J: Class path contains multiple SLF4J bindings.
[2025-03-21T13:06:53.894+0000] {subprocess.py:93} INFO - SLF4J: Found binding in [jar:file:/opt/hive/lib/log4j-slf4j-impl-2.17.1.jar!/org/slf4j/impl/StaticLoggerBinder.class]
[2025-03-21T13:06:53.895+0000] {subprocess.py:93} INFO - SLF4J: Found binding in [jar:file:/opt/hadoop/share/hadoop/common/lib/slf4j-log4j12-1.7.25.jar!/org/slf4j/impl/StaticLoggerBinder.class]
[2025-03-21T13:06:53.896+0000] {subprocess.py:93} INFO - SLF4J: See http://www.slf4j.org/codes.html#multiple_bindings for an explanation.
[2025-03-21T13:06:54.055+0000] {subprocess.py:93} INFO - SLF4J: Actual binding is of type [org.apache.logging.slf4j.Log4jLoggerFactory]
[2025-03-21T13:06:54.951+0000] {subprocess.py:93} INFO - Connecting to jdbc:hive2://localhost:10000
[2025-03-21T13:06:55.138+0000] {subprocess.py:93} INFO - Connected to: Apache Hive (version 3.1.3)
[2025-03-21T13:06:55.139+0000] {subprocess.py:93} INFO - Driver: Hive JDBC (version 3.1.3)
[2025-03-21T13:06:55.139+0000] {subprocess.py:93} INFO - Transaction isolation: TRANSACTION_REPEATABLE_READ
[2025-03-21T13:06:55.257+0000] {subprocess.py:93} INFO - INFO  : Compiling command(queryId=root_20250321130655_f178f2ce-ed24-4438-93a5-7e607dd7987c): CREATE EXTERNAL TABLE IF NOT EXISTS fraud_detections (
[2025-03-21T13:06:55.258+0000] {subprocess.py:93} INFO -                 transaction_id STRING,
[2025-03-21T13:06:55.259+0000] {subprocess.py:93} INFO -                 date_time STRING,
[2025-03-21T13:06:55.260+0000] {subprocess.py:93} INFO -                 amount DOUBLE,
[2025-03-21T13:06:55.260+0000] {subprocess.py:93} INFO -                 customer_id STRING,
[2025-03-21T13:06:55.261+0000] {subprocess.py:93} INFO -                 location STRING,
[2025-03-21T13:06:55.261+0000] {subprocess.py:93} INFO -                 fraud_reason STRING
[2025-03-21T13:06:55.262+0000] {subprocess.py:93} INFO -             )
[2025-03-21T13:06:55.262+0000] {subprocess.py:93} INFO -             STORED AS PARQUET
[2025-03-21T13:06:55.263+0000] {subprocess.py:93} INFO -             LOCATION '/data/fraud_detections'
[2025-03-21T13:06:55.264+0000] {subprocess.py:93} INFO - INFO  : Concurrency mode is disabled, not creating a lock manager
[2025-03-21T13:06:55.264+0000] {subprocess.py:93} INFO - INFO  : Semantic Analysis Completed (retrial = false)
[2025-03-21T13:06:55.265+0000] {subprocess.py:93} INFO - INFO  : Returning Hive schema: Schema(fieldSchemas:null, properties:null)
[2025-03-21T13:06:55.265+0000] {subprocess.py:93} INFO - INFO  : Completed compiling command(queryId=root_20250321130655_f178f2ce-ed24-4438-93a5-7e607dd7987c); Time taken: 0.02 seconds
[2025-03-21T13:06:55.266+0000] {subprocess.py:93} INFO - INFO  : Concurrency mode is disabled, not creating a lock manager
[2025-03-21T13:06:55.266+0000] {subprocess.py:93} INFO - INFO  : Executing command(queryId=root_20250321130655_f178f2ce-ed24-4438-93a5-7e607dd7987c): CREATE EXTERNAL TABLE IF NOT EXISTS fraud_detections (
[2025-03-21T13:06:55.267+0000] {subprocess.py:93} INFO -                 transaction_id STRING,
[2025-03-21T13:06:55.267+0000] {subprocess.py:93} INFO -                 date_time STRING,
[2025-03-21T13:06:55.268+0000] {subprocess.py:93} INFO -                 amount DOUBLE,
[2025-03-21T13:06:55.269+0000] {subprocess.py:93} INFO -                 customer_id STRING,
[2025-03-21T13:06:55.269+0000] {subprocess.py:93} INFO -                 location STRING,
[2025-03-21T13:06:55.270+0000] {subprocess.py:93} INFO -                 fraud_reason STRING
[2025-03-21T13:06:55.270+0000] {subprocess.py:93} INFO -             )
[2025-03-21T13:06:55.271+0000] {subprocess.py:93} INFO -             STORED AS PARQUET
[2025-03-21T13:06:55.272+0000] {subprocess.py:93} INFO -             LOCATION '/data/fraud_detections'
[2025-03-21T13:06:55.273+0000] {subprocess.py:93} INFO - INFO  : Completed executing command(queryId=root_20250321130655_f178f2ce-ed24-4438-93a5-7e607dd7987c); Time taken: 0.001 seconds
[2025-03-21T13:06:55.273+0000] {subprocess.py:93} INFO - INFO  : OK
[2025-03-21T13:06:55.273+0000] {subprocess.py:93} INFO - INFO  : Concurrency mode is disabled, not creating a lock manager
[2025-03-21T13:06:55.274+0000] {subprocess.py:93} INFO - No rows affected (0.105 seconds)
[2025-03-21T13:06:55.276+0000] {subprocess.py:93} INFO - Beeline version 3.1.3 by Apache Hive
[2025-03-21T13:06:55.282+0000] {subprocess.py:93} INFO - Closing: 0: jdbc:hive2://localhost:10000
[2025-03-21T13:06:55.325+0000] {subprocess.py:97} INFO - Command exited with return code 0
[2025-03-21T13:06:55.356+0000] {taskinstance.py:1398} INFO - Marking task as SUCCESS. dag_id=transactions_pipeline, task_id=create_fraud_table_batch_20250321_130437, execution_date=20250321T130137, start_date=20250321T130652, end_date=20250321T130655
[2025-03-21T13:06:55.409+0000] {local_task_job_runner.py:228} INFO - Task exited with return code 0
[2025-03-21T13:06:55.438+0000] {taskinstance.py:2776} INFO - 1 downstream tasks scheduled from follow-on schedule check
