[2025-03-21T03:00:46.560+0000] {taskinstance.py:1157} INFO - Dependencies all met for dep_context=non-requeueable deps ti=<TaskInstance: transactions_pipeline.create_fraud_table scheduled__2025-03-21T02:10:32.992418+00:00 [queued]>
[2025-03-21T03:00:46.569+0000] {taskinstance.py:1157} INFO - Dependencies all met for dep_context=requeueable deps ti=<TaskInstance: transactions_pipeline.create_fraud_table scheduled__2025-03-21T02:10:32.992418+00:00 [queued]>
[2025-03-21T03:00:46.569+0000] {taskinstance.py:1359} INFO - Starting attempt 1 of 2
[2025-03-21T03:00:46.584+0000] {taskinstance.py:1380} INFO - Executing <Task(BashOperator): create_fraud_table> on 2025-03-21 02:10:32.992418+00:00
[2025-03-21T03:00:46.592+0000] {standard_task_runner.py:57} INFO - Started process 2735 to run task
[2025-03-21T03:00:46.596+0000] {standard_task_runner.py:84} INFO - Running: ['***', 'tasks', 'run', 'transactions_pipeline', 'create_fraud_table', 'scheduled__2025-03-21T02:10:32.992418+00:00', '--job-id', '457', '--raw', '--subdir', 'DAGS_FOLDER/fraud_detection_pipeline.py', '--cfg-path', '/tmp/tmp6zthmtj0']
[2025-03-21T03:00:46.599+0000] {standard_task_runner.py:85} INFO - Job 457: Subtask create_fraud_table
[2025-03-21T03:00:46.650+0000] {task_command.py:415} INFO - Running <TaskInstance: transactions_pipeline.create_fraud_table scheduled__2025-03-21T02:10:32.992418+00:00 [running]> on host 6688e233cb20
[2025-03-21T03:00:46.727+0000] {taskinstance.py:1660} INFO - Exporting env vars: AIRFLOW_CTX_DAG_EMAIL='rabiizahnoune7@gmail.com' AIRFLOW_CTX_DAG_OWNER='***' AIRFLOW_CTX_DAG_ID='transactions_pipeline' AIRFLOW_CTX_TASK_ID='create_fraud_table' AIRFLOW_CTX_EXECUTION_DATE='2025-03-21T02:10:32.992418+00:00' AIRFLOW_CTX_TRY_NUMBER='1' AIRFLOW_CTX_DAG_RUN_ID='scheduled__2025-03-21T02:10:32.992418+00:00'
[2025-03-21T03:00:46.729+0000] {subprocess.py:63} INFO - Tmp dir root location: /tmp
[2025-03-21T03:00:46.730+0000] {subprocess.py:75} INFO - Running command: ['/bin/bash', '-c', '\n        docker exec hive beeline -u "jdbc:hive2://localhost:10000" -e "\n        CREATE EXTERNAL TABLE IF NOT EXISTS fraud_detections (\n            transaction_id STRING,\n            date_time STRING,\n            amount DOUBLE,\n            customer_id STRING,\n            location STRING,\n            fraud_reason STRING\n        )\n        STORED AS PARQUET\n        LOCATION \'/data/fraud_detections\';"\n        ']
[2025-03-21T03:00:46.742+0000] {subprocess.py:86} INFO - Output:
[2025-03-21T03:00:47.820+0000] {subprocess.py:93} INFO - SLF4J: Class path contains multiple SLF4J bindings.
[2025-03-21T03:00:47.821+0000] {subprocess.py:93} INFO - SLF4J: Found binding in [jar:file:/opt/hive/lib/log4j-slf4j-impl-2.17.1.jar!/org/slf4j/impl/StaticLoggerBinder.class]
[2025-03-21T03:00:47.822+0000] {subprocess.py:93} INFO - SLF4J: Found binding in [jar:file:/opt/hadoop/share/hadoop/common/lib/slf4j-log4j12-1.7.25.jar!/org/slf4j/impl/StaticLoggerBinder.class]
[2025-03-21T03:00:47.822+0000] {subprocess.py:93} INFO - SLF4J: See http://www.slf4j.org/codes.html#multiple_bindings for an explanation.
[2025-03-21T03:00:47.959+0000] {subprocess.py:93} INFO - SLF4J: Actual binding is of type [org.apache.logging.slf4j.Log4jLoggerFactory]
[2025-03-21T03:00:48.810+0000] {subprocess.py:93} INFO - Connecting to jdbc:hive2://localhost:10000
[2025-03-21T03:00:49.012+0000] {subprocess.py:93} INFO - Connected to: Apache Hive (version 3.1.3)
[2025-03-21T03:00:49.013+0000] {subprocess.py:93} INFO - Driver: Hive JDBC (version 3.1.3)
[2025-03-21T03:00:49.014+0000] {subprocess.py:93} INFO - Transaction isolation: TRANSACTION_REPEATABLE_READ
[2025-03-21T03:00:49.105+0000] {subprocess.py:93} INFO - INFO  : Compiling command(queryId=root_20250321030049_7907bb57-ee7a-4c98-a4dc-a3d4b724c21d): CREATE EXTERNAL TABLE IF NOT EXISTS fraud_detections (
[2025-03-21T03:00:49.107+0000] {subprocess.py:93} INFO -             transaction_id STRING,
[2025-03-21T03:00:49.108+0000] {subprocess.py:93} INFO -             date_time STRING,
[2025-03-21T03:00:49.108+0000] {subprocess.py:93} INFO -             amount DOUBLE,
[2025-03-21T03:00:49.109+0000] {subprocess.py:93} INFO -             customer_id STRING,
[2025-03-21T03:00:49.110+0000] {subprocess.py:93} INFO -             location STRING,
[2025-03-21T03:00:49.111+0000] {subprocess.py:93} INFO -             fraud_reason STRING
[2025-03-21T03:00:49.112+0000] {subprocess.py:93} INFO -         )
[2025-03-21T03:00:49.112+0000] {subprocess.py:93} INFO -         STORED AS PARQUET
[2025-03-21T03:00:49.113+0000] {subprocess.py:93} INFO -         LOCATION '/data/fraud_detections'
[2025-03-21T03:00:49.114+0000] {subprocess.py:93} INFO - INFO  : Concurrency mode is disabled, not creating a lock manager
[2025-03-21T03:00:49.114+0000] {subprocess.py:93} INFO - INFO  : Semantic Analysis Completed (retrial = false)
[2025-03-21T03:00:49.115+0000] {subprocess.py:93} INFO - INFO  : Returning Hive schema: Schema(fieldSchemas:null, properties:null)
[2025-03-21T03:00:49.115+0000] {subprocess.py:93} INFO - INFO  : Completed compiling command(queryId=root_20250321030049_7907bb57-ee7a-4c98-a4dc-a3d4b724c21d); Time taken: 0.012 seconds
[2025-03-21T03:00:49.116+0000] {subprocess.py:93} INFO - INFO  : Concurrency mode is disabled, not creating a lock manager
[2025-03-21T03:00:49.117+0000] {subprocess.py:93} INFO - INFO  : Executing command(queryId=root_20250321030049_7907bb57-ee7a-4c98-a4dc-a3d4b724c21d): CREATE EXTERNAL TABLE IF NOT EXISTS fraud_detections (
[2025-03-21T03:00:49.117+0000] {subprocess.py:93} INFO -             transaction_id STRING,
[2025-03-21T03:00:49.118+0000] {subprocess.py:93} INFO -             date_time STRING,
[2025-03-21T03:00:49.119+0000] {subprocess.py:93} INFO -             amount DOUBLE,
[2025-03-21T03:00:49.119+0000] {subprocess.py:93} INFO -             customer_id STRING,
[2025-03-21T03:00:49.120+0000] {subprocess.py:93} INFO -             location STRING,
[2025-03-21T03:00:49.121+0000] {subprocess.py:93} INFO -             fraud_reason STRING
[2025-03-21T03:00:49.121+0000] {subprocess.py:93} INFO -         )
[2025-03-21T03:00:49.122+0000] {subprocess.py:93} INFO -         STORED AS PARQUET
[2025-03-21T03:00:49.123+0000] {subprocess.py:93} INFO -         LOCATION '/data/fraud_detections'
[2025-03-21T03:00:49.123+0000] {subprocess.py:93} INFO - INFO  : Completed executing command(queryId=root_20250321030049_7907bb57-ee7a-4c98-a4dc-a3d4b724c21d); Time taken: 0.001 seconds
[2025-03-21T03:00:49.124+0000] {subprocess.py:93} INFO - INFO  : OK
[2025-03-21T03:00:49.126+0000] {subprocess.py:93} INFO - INFO  : Concurrency mode is disabled, not creating a lock manager
[2025-03-21T03:00:49.126+0000] {subprocess.py:93} INFO - No rows affected (0.078 seconds)
[2025-03-21T03:00:49.127+0000] {subprocess.py:93} INFO - Beeline version 3.1.3 by Apache Hive
[2025-03-21T03:00:49.146+0000] {subprocess.py:93} INFO - Closing: 0: jdbc:hive2://localhost:10000
[2025-03-21T03:00:49.196+0000] {subprocess.py:97} INFO - Command exited with return code 0
[2025-03-21T03:00:49.230+0000] {taskinstance.py:1398} INFO - Marking task as SUCCESS. dag_id=transactions_pipeline, task_id=create_fraud_table, execution_date=20250321T021032, start_date=20250321T030046, end_date=20250321T030049
[2025-03-21T03:00:49.262+0000] {local_task_job_runner.py:228} INFO - Task exited with return code 0
[2025-03-21T03:00:49.290+0000] {taskinstance.py:2776} INFO - 1 downstream tasks scheduled from follow-on schedule check
