[2025-03-20T12:37:14.897+0000] {taskinstance.py:1157} INFO - Dependencies all met for dep_context=non-requeueable deps ti=<TaskInstance: transactions_pipeline.create_hive_table manual__2025-03-20T12:36:59.588669+00:00 [queued]>
[2025-03-20T12:37:14.914+0000] {taskinstance.py:1157} INFO - Dependencies all met for dep_context=requeueable deps ti=<TaskInstance: transactions_pipeline.create_hive_table manual__2025-03-20T12:36:59.588669+00:00 [queued]>
[2025-03-20T12:37:14.915+0000] {taskinstance.py:1359} INFO - Starting attempt 1 of 1
[2025-03-20T12:37:14.939+0000] {taskinstance.py:1380} INFO - Executing <Task(BashOperator): create_hive_table> on 2025-03-20 12:36:59.588669+00:00
[2025-03-20T12:37:14.946+0000] {standard_task_runner.py:57} INFO - Started process 717 to run task
[2025-03-20T12:37:14.950+0000] {standard_task_runner.py:84} INFO - Running: ['***', 'tasks', 'run', 'transactions_pipeline', 'create_hive_table', 'manual__2025-03-20T12:36:59.588669+00:00', '--job-id', '297', '--raw', '--subdir', 'DAGS_FOLDER/fraud_detection_pipeline.py', '--cfg-path', '/tmp/tmpokidhwx2']
[2025-03-20T12:37:14.955+0000] {standard_task_runner.py:85} INFO - Job 297: Subtask create_hive_table
[2025-03-20T12:37:15.031+0000] {task_command.py:415} INFO - Running <TaskInstance: transactions_pipeline.create_hive_table manual__2025-03-20T12:36:59.588669+00:00 [running]> on host 3938a1dd8bd9
[2025-03-20T12:37:15.121+0000] {logging_mixin.py:151} WARNING - /home/***/.local/lib/python3.8/site-packages/***/utils/context.py:206 AirflowContextDeprecationWarning: Accessing 'execution_date' from the template is deprecated and will be removed in a future version. Please use 'data_interval_start' or 'logical_date' instead.
[2025-03-20T12:37:15.179+0000] {taskinstance.py:1660} INFO - Exporting env vars: AIRFLOW_CTX_DAG_OWNER='***' AIRFLOW_CTX_DAG_ID='transactions_pipeline' AIRFLOW_CTX_TASK_ID='create_hive_table' AIRFLOW_CTX_EXECUTION_DATE='2025-03-20T12:36:59.588669+00:00' AIRFLOW_CTX_TRY_NUMBER='1' AIRFLOW_CTX_DAG_RUN_ID='manual__2025-03-20T12:36:59.588669+00:00'
[2025-03-20T12:37:15.181+0000] {subprocess.py:63} INFO - Tmp dir root location: /tmp
[2025-03-20T12:37:15.182+0000] {subprocess.py:75} INFO - Running command: ['/bin/bash', '-c', '\n    docker exec hive beeline -u "jdbc:hive2://localhost:10000" --hiveconf hive.exec.dynamic.partition.mode=nonstrict -e "\n    CREATE EXTERNAL TABLE IF NOT EXISTS transactions (\n        transaction_id STRING,\n        date_time STRING,\n        amount DOUBLE,\n        currency STRING,\n        merchant_details STRING,\n        customer_id STRING,\n        transaction_type STRING,\n        location STRING\n    )\n    PARTITIONED BY (batch_id STRING)\n    STORED AS PARQUET\n    LOCATION \'/data/transactions/transactions_batch_0\';\n    ALTER TABLE transactions ADD IF NOT EXISTS PARTITION (batch_id=\'batch_20250320_123659\') LOCATION \'/data/transactions/transactions_batch_0\';"\n    ']
[2025-03-20T12:37:15.196+0000] {subprocess.py:86} INFO - Output:
[2025-03-20T12:37:16.376+0000] {subprocess.py:93} INFO - SLF4J: Class path contains multiple SLF4J bindings.
[2025-03-20T12:37:16.377+0000] {subprocess.py:93} INFO - SLF4J: Found binding in [jar:file:/opt/hive/lib/log4j-slf4j-impl-2.17.1.jar!/org/slf4j/impl/StaticLoggerBinder.class]
[2025-03-20T12:37:16.378+0000] {subprocess.py:93} INFO - SLF4J: Found binding in [jar:file:/opt/hadoop/share/hadoop/common/lib/slf4j-log4j12-1.7.25.jar!/org/slf4j/impl/StaticLoggerBinder.class]
[2025-03-20T12:37:16.379+0000] {subprocess.py:93} INFO - SLF4J: See http://www.slf4j.org/codes.html#multiple_bindings for an explanation.
[2025-03-20T12:37:16.571+0000] {subprocess.py:93} INFO - SLF4J: Actual binding is of type [org.apache.logging.slf4j.Log4jLoggerFactory]
[2025-03-20T12:37:17.791+0000] {subprocess.py:93} INFO - Connecting to jdbc:hive2://localhost:10000
[2025-03-20T12:37:18.051+0000] {subprocess.py:93} INFO - Connected to: Apache Hive (version 3.1.3)
[2025-03-20T12:37:18.052+0000] {subprocess.py:93} INFO - Driver: Hive JDBC (version 3.1.3)
[2025-03-20T12:37:18.052+0000] {subprocess.py:93} INFO - Transaction isolation: TRANSACTION_REPEATABLE_READ
[2025-03-20T12:37:18.192+0000] {subprocess.py:93} INFO - INFO  : Compiling command(queryId=root_20250320123718_78592c25-9584-4ebc-9957-4c40d0dff2a9): CREATE EXTERNAL TABLE IF NOT EXISTS transactions (
[2025-03-20T12:37:18.193+0000] {subprocess.py:93} INFO -         transaction_id STRING,
[2025-03-20T12:37:18.194+0000] {subprocess.py:93} INFO -         date_time STRING,
[2025-03-20T12:37:18.197+0000] {subprocess.py:93} INFO -         amount DOUBLE,
[2025-03-20T12:37:18.197+0000] {subprocess.py:93} INFO -         currency STRING,
[2025-03-20T12:37:18.198+0000] {subprocess.py:93} INFO -         merchant_details STRING,
[2025-03-20T12:37:18.198+0000] {subprocess.py:93} INFO -         customer_id STRING,
[2025-03-20T12:37:18.199+0000] {subprocess.py:93} INFO -         transaction_type STRING,
[2025-03-20T12:37:18.199+0000] {subprocess.py:93} INFO -         location STRING
[2025-03-20T12:37:18.199+0000] {subprocess.py:93} INFO -     )
[2025-03-20T12:37:18.200+0000] {subprocess.py:93} INFO -     PARTITIONED BY (batch_id STRING)
[2025-03-20T12:37:18.200+0000] {subprocess.py:93} INFO -     STORED AS PARQUET
[2025-03-20T12:37:18.200+0000] {subprocess.py:93} INFO -     LOCATION '/data/transactions/transactions_batch_0'
[2025-03-20T12:37:18.201+0000] {subprocess.py:93} INFO - INFO  : Concurrency mode is disabled, not creating a lock manager
[2025-03-20T12:37:18.201+0000] {subprocess.py:93} INFO - INFO  : Semantic Analysis Completed (retrial = false)
[2025-03-20T12:37:18.201+0000] {subprocess.py:93} INFO - INFO  : Returning Hive schema: Schema(fieldSchemas:null, properties:null)
[2025-03-20T12:37:18.202+0000] {subprocess.py:93} INFO - INFO  : Completed compiling command(queryId=root_20250320123718_78592c25-9584-4ebc-9957-4c40d0dff2a9); Time taken: 0.038 seconds
[2025-03-20T12:37:18.202+0000] {subprocess.py:93} INFO - INFO  : Concurrency mode is disabled, not creating a lock manager
[2025-03-20T12:37:18.202+0000] {subprocess.py:93} INFO - INFO  : Executing command(queryId=root_20250320123718_78592c25-9584-4ebc-9957-4c40d0dff2a9): CREATE EXTERNAL TABLE IF NOT EXISTS transactions (
[2025-03-20T12:37:18.202+0000] {subprocess.py:93} INFO -         transaction_id STRING,
[2025-03-20T12:37:18.203+0000] {subprocess.py:93} INFO -         date_time STRING,
[2025-03-20T12:37:18.203+0000] {subprocess.py:93} INFO -         amount DOUBLE,
[2025-03-20T12:37:18.203+0000] {subprocess.py:93} INFO -         currency STRING,
[2025-03-20T12:37:18.204+0000] {subprocess.py:93} INFO -         merchant_details STRING,
[2025-03-20T12:37:18.204+0000] {subprocess.py:93} INFO -         customer_id STRING,
[2025-03-20T12:37:18.204+0000] {subprocess.py:93} INFO -         transaction_type STRING,
[2025-03-20T12:37:18.204+0000] {subprocess.py:93} INFO -         location STRING
[2025-03-20T12:37:18.205+0000] {subprocess.py:93} INFO -     )
[2025-03-20T12:37:18.205+0000] {subprocess.py:93} INFO -     PARTITIONED BY (batch_id STRING)
[2025-03-20T12:37:18.205+0000] {subprocess.py:93} INFO -     STORED AS PARQUET
[2025-03-20T12:37:18.205+0000] {subprocess.py:93} INFO -     LOCATION '/data/transactions/transactions_batch_0'
[2025-03-20T12:37:18.206+0000] {subprocess.py:93} INFO - INFO  : Completed executing command(queryId=root_20250320123718_78592c25-9584-4ebc-9957-4c40d0dff2a9); Time taken: 0.003 seconds
[2025-03-20T12:37:18.206+0000] {subprocess.py:93} INFO - INFO  : OK
[2025-03-20T12:37:18.206+0000] {subprocess.py:93} INFO - INFO  : Concurrency mode is disabled, not creating a lock manager
[2025-03-20T12:37:18.221+0000] {subprocess.py:93} INFO - No rows affected (0.14 seconds)
[2025-03-20T12:37:18.319+0000] {subprocess.py:93} INFO - INFO  : Compiling command(queryId=root_20250320123718_135f81e3-cd9f-4618-88ea-eec532ec7210): ALTER TABLE transactions ADD IF NOT EXISTS PARTITION (batch_id='batch_20250320_123659') LOCATION '/data/transactions/transactions_batch_0'
[2025-03-20T12:37:18.320+0000] {subprocess.py:93} INFO - INFO  : Concurrency mode is disabled, not creating a lock manager
[2025-03-20T12:37:18.321+0000] {subprocess.py:93} INFO - INFO  : Semantic Analysis Completed (retrial = false)
[2025-03-20T12:37:18.322+0000] {subprocess.py:93} INFO - INFO  : Returning Hive schema: Schema(fieldSchemas:null, properties:null)
[2025-03-20T12:37:18.322+0000] {subprocess.py:93} INFO - INFO  : Completed compiling command(queryId=root_20250320123718_135f81e3-cd9f-4618-88ea-eec532ec7210); Time taken: 0.018 seconds
[2025-03-20T12:37:18.323+0000] {subprocess.py:93} INFO - INFO  : Concurrency mode is disabled, not creating a lock manager
[2025-03-20T12:37:18.324+0000] {subprocess.py:93} INFO - INFO  : Executing command(queryId=root_20250320123718_135f81e3-cd9f-4618-88ea-eec532ec7210): ALTER TABLE transactions ADD IF NOT EXISTS PARTITION (batch_id='batch_20250320_123659') LOCATION '/data/transactions/transactions_batch_0'
[2025-03-20T12:37:18.325+0000] {subprocess.py:93} INFO - INFO  : Starting task [Stage-0:DDL] in serial mode
[2025-03-20T12:37:18.326+0000] {subprocess.py:93} INFO - INFO  : Completed executing command(queryId=root_20250320123718_135f81e3-cd9f-4618-88ea-eec532ec7210); Time taken: 0.059 seconds
[2025-03-20T12:37:18.327+0000] {subprocess.py:93} INFO - INFO  : OK
[2025-03-20T12:37:18.327+0000] {subprocess.py:93} INFO - INFO  : Concurrency mode is disabled, not creating a lock manager
[2025-03-20T12:37:18.328+0000] {subprocess.py:93} INFO - No rows affected (0.09 seconds)
[2025-03-20T12:37:18.328+0000] {subprocess.py:93} INFO - Beeline version 3.1.3 by Apache Hive
[2025-03-20T12:37:18.333+0000] {subprocess.py:93} INFO - Closing: 0: jdbc:hive2://localhost:10000
[2025-03-20T12:37:18.379+0000] {subprocess.py:97} INFO - Command exited with return code 0
[2025-03-20T12:37:18.409+0000] {taskinstance.py:1398} INFO - Marking task as SUCCESS. dag_id=transactions_pipeline, task_id=create_hive_table, execution_date=20250320T123659, start_date=20250320T123714, end_date=20250320T123718
[2025-03-20T12:37:18.464+0000] {local_task_job_runner.py:228} INFO - Task exited with return code 0
[2025-03-20T12:37:18.498+0000] {taskinstance.py:2776} INFO - 0 downstream tasks scheduled from follow-on schedule check
