[2025-03-21T13:48:42.444+0000] {taskinstance.py:1157} INFO - Dependencies all met for dep_context=non-requeueable deps ti=<TaskInstance: transactions_pipeline.create_hive_table_batch_20250321_131230 scheduled__2025-03-21T13:42:39.231672+00:00 [queued]>
[2025-03-21T13:48:42.475+0000] {taskinstance.py:1157} INFO - Dependencies all met for dep_context=requeueable deps ti=<TaskInstance: transactions_pipeline.create_hive_table_batch_20250321_131230 scheduled__2025-03-21T13:42:39.231672+00:00 [queued]>
[2025-03-21T13:48:42.477+0000] {taskinstance.py:1359} INFO - Starting attempt 1 of 1
[2025-03-21T13:48:42.517+0000] {taskinstance.py:1380} INFO - Executing <Task(BashOperator): create_hive_table_batch_20250321_131230> on 2025-03-21 13:42:39.231672+00:00
[2025-03-21T13:48:42.531+0000] {standard_task_runner.py:57} INFO - Started process 578 to run task
[2025-03-21T13:48:42.540+0000] {standard_task_runner.py:84} INFO - Running: ['***', 'tasks', 'run', 'transactions_pipeline', 'create_hive_table_batch_20250321_131230', 'scheduled__2025-03-21T13:42:39.231672+00:00', '--job-id', '708', '--raw', '--subdir', 'DAGS_FOLDER/fraud_detection_pipeline.py', '--cfg-path', '/tmp/tmpz961y9__']
[2025-03-21T13:48:42.545+0000] {standard_task_runner.py:85} INFO - Job 708: Subtask create_hive_table_batch_20250321_131230
[2025-03-21T13:48:42.684+0000] {task_command.py:415} INFO - Running <TaskInstance: transactions_pipeline.create_hive_table_batch_20250321_131230 scheduled__2025-03-21T13:42:39.231672+00:00 [running]> on host e95638583d4d
[2025-03-21T13:48:42.981+0000] {taskinstance.py:1660} INFO - Exporting env vars: AIRFLOW_CTX_DAG_EMAIL='rabiizahnoune7@gmail.com' AIRFLOW_CTX_DAG_OWNER='***' AIRFLOW_CTX_DAG_ID='transactions_pipeline' AIRFLOW_CTX_TASK_ID='create_hive_table_batch_20250321_131230' AIRFLOW_CTX_EXECUTION_DATE='2025-03-21T13:42:39.231672+00:00' AIRFLOW_CTX_TRY_NUMBER='1' AIRFLOW_CTX_DAG_RUN_ID='scheduled__2025-03-21T13:42:39.231672+00:00'
[2025-03-21T13:48:42.985+0000] {subprocess.py:63} INFO - Tmp dir root location: /tmp
[2025-03-21T13:48:42.987+0000] {subprocess.py:75} INFO - Running command: ['/bin/bash', '-c', '\n            docker exec hive beeline -u "jdbc:hive2://localhost:10000" --hiveconf hive.exec.dynamic.partition.mode=nonstrict -e "\n            CREATE EXTERNAL TABLE IF NOT EXISTS transactions (\n                transaction_id STRING,\n                date_time STRING,\n                amount DOUBLE,\n                currency STRING,\n                merchant_details STRING,\n                customer_id STRING,\n                transaction_type STRING,\n                location STRING\n            )\n            PARTITIONED BY (batch_id STRING)\n            STORED AS PARQUET;\n            ALTER TABLE transactions ADD IF NOT EXISTS PARTITION (batch_id=\'batch_20250321_131230\') LOCATION \'/data/transactions/transactions_batch_20250321_131230\';"\n            ']
[2025-03-21T13:48:43.020+0000] {subprocess.py:86} INFO - Output:
[2025-03-21T13:48:52.549+0000] {subprocess.py:93} INFO - SLF4J: Class path contains multiple SLF4J bindings.
[2025-03-21T13:48:52.550+0000] {subprocess.py:93} INFO - SLF4J: Found binding in [jar:file:/opt/hive/lib/log4j-slf4j-impl-2.17.1.jar!/org/slf4j/impl/StaticLoggerBinder.class]
[2025-03-21T13:48:52.551+0000] {subprocess.py:93} INFO - SLF4J: Found binding in [jar:file:/opt/hadoop/share/hadoop/common/lib/slf4j-log4j12-1.7.25.jar!/org/slf4j/impl/StaticLoggerBinder.class]
[2025-03-21T13:48:52.552+0000] {subprocess.py:93} INFO - SLF4J: See http://www.slf4j.org/codes.html#multiple_bindings for an explanation.
[2025-03-21T13:48:55.438+0000] {subprocess.py:93} INFO - SLF4J: Actual binding is of type [org.apache.logging.slf4j.Log4jLoggerFactory]
[2025-03-21T13:49:09.855+0000] {subprocess.py:93} INFO - Connecting to jdbc:hive2://localhost:10000
[2025-03-21T13:49:13.491+0000] {subprocess.py:93} INFO - Connected to: Apache Hive (version 3.1.3)
[2025-03-21T13:49:13.492+0000] {subprocess.py:93} INFO - Driver: Hive JDBC (version 3.1.3)
[2025-03-21T13:49:13.499+0000] {subprocess.py:93} INFO - Transaction isolation: TRANSACTION_REPEATABLE_READ
[2025-03-21T13:49:18.709+0000] {subprocess.py:93} INFO - INFO  : Compiling command(queryId=root_20250321134914_0ee1e9fb-54da-4552-a58d-f05fc5a1b34b): CREATE EXTERNAL TABLE IF NOT EXISTS transactions (
[2025-03-21T13:49:18.711+0000] {subprocess.py:93} INFO -                 transaction_id STRING,
[2025-03-21T13:49:18.712+0000] {subprocess.py:93} INFO -                 date_time STRING,
[2025-03-21T13:49:18.713+0000] {subprocess.py:93} INFO -                 amount DOUBLE,
[2025-03-21T13:49:18.713+0000] {subprocess.py:93} INFO -                 currency STRING,
[2025-03-21T13:49:18.714+0000] {subprocess.py:93} INFO -                 merchant_details STRING,
[2025-03-21T13:49:18.715+0000] {subprocess.py:93} INFO -                 customer_id STRING,
[2025-03-21T13:49:18.716+0000] {subprocess.py:93} INFO -                 transaction_type STRING,
[2025-03-21T13:49:18.716+0000] {subprocess.py:93} INFO -                 location STRING
[2025-03-21T13:49:18.717+0000] {subprocess.py:93} INFO -             )
[2025-03-21T13:49:18.718+0000] {subprocess.py:93} INFO -             PARTITIONED BY (batch_id STRING)
[2025-03-21T13:49:18.719+0000] {subprocess.py:93} INFO -             STORED AS PARQUET
[2025-03-21T13:49:18.720+0000] {subprocess.py:93} INFO - INFO  : Concurrency mode is disabled, not creating a lock manager
[2025-03-21T13:49:18.721+0000] {subprocess.py:93} INFO - INFO  : Semantic Analysis Completed (retrial = false)
[2025-03-21T13:49:18.722+0000] {subprocess.py:93} INFO - INFO  : Returning Hive schema: Schema(fieldSchemas:null, properties:null)
[2025-03-21T13:49:18.723+0000] {subprocess.py:93} INFO - INFO  : Completed compiling command(queryId=root_20250321134914_0ee1e9fb-54da-4552-a58d-f05fc5a1b34b); Time taken: 0.023 seconds
[2025-03-21T13:49:18.724+0000] {subprocess.py:93} INFO - INFO  : Concurrency mode is disabled, not creating a lock manager
[2025-03-21T13:49:18.724+0000] {subprocess.py:93} INFO - INFO  : Executing command(queryId=root_20250321134914_0ee1e9fb-54da-4552-a58d-f05fc5a1b34b): CREATE EXTERNAL TABLE IF NOT EXISTS transactions (
[2025-03-21T13:49:18.725+0000] {subprocess.py:93} INFO -                 transaction_id STRING,
[2025-03-21T13:49:18.726+0000] {subprocess.py:93} INFO -                 date_time STRING,
[2025-03-21T13:49:18.726+0000] {subprocess.py:93} INFO -                 amount DOUBLE,
[2025-03-21T13:49:18.727+0000] {subprocess.py:93} INFO -                 currency STRING,
[2025-03-21T13:49:18.728+0000] {subprocess.py:93} INFO -                 merchant_details STRING,
[2025-03-21T13:49:18.728+0000] {subprocess.py:93} INFO -                 customer_id STRING,
[2025-03-21T13:49:18.729+0000] {subprocess.py:93} INFO -                 transaction_type STRING,
[2025-03-21T13:49:18.729+0000] {subprocess.py:93} INFO -                 location STRING
[2025-03-21T13:49:18.730+0000] {subprocess.py:93} INFO -             )
[2025-03-21T13:49:18.730+0000] {subprocess.py:93} INFO -             PARTITIONED BY (batch_id STRING)
[2025-03-21T13:49:18.731+0000] {subprocess.py:93} INFO -             STORED AS PARQUET
[2025-03-21T13:49:18.731+0000] {subprocess.py:93} INFO - INFO  : Starting task [Stage-0:DDL] in serial mode
[2025-03-21T13:49:20.985+0000] {subprocess.py:93} INFO - INFO  : Completed executing command(queryId=root_20250321134914_0ee1e9fb-54da-4552-a58d-f05fc5a1b34b); Time taken: 3.525 seconds
[2025-03-21T13:49:20.986+0000] {subprocess.py:93} INFO - INFO  : OK
[2025-03-21T13:49:20.993+0000] {subprocess.py:93} INFO - INFO  : Concurrency mode is disabled, not creating a lock manager
[2025-03-21T13:49:21.004+0000] {subprocess.py:93} INFO - No rows affected (7.109 seconds)
[2025-03-21T13:49:21.795+0000] {subprocess.py:93} INFO - INFO  : Compiling command(queryId=root_20250321134921_aedce934-a83f-4f97-b767-be2737d267df): ALTER TABLE transactions ADD IF NOT EXISTS PARTITION (batch_id='batch_20250321_131230') LOCATION '/data/transactions/transactions_batch_20250321_131230'
[2025-03-21T13:49:21.800+0000] {subprocess.py:93} INFO - INFO  : Concurrency mode is disabled, not creating a lock manager
[2025-03-21T13:49:21.804+0000] {subprocess.py:93} INFO - INFO  : Semantic Analysis Completed (retrial = false)
[2025-03-21T13:49:21.805+0000] {subprocess.py:93} INFO - INFO  : Returning Hive schema: Schema(fieldSchemas:null, properties:null)
[2025-03-21T13:49:21.806+0000] {subprocess.py:93} INFO - INFO  : Completed compiling command(queryId=root_20250321134921_aedce934-a83f-4f97-b767-be2737d267df); Time taken: 0.115 seconds
[2025-03-21T13:49:21.807+0000] {subprocess.py:93} INFO - INFO  : Concurrency mode is disabled, not creating a lock manager
[2025-03-21T13:49:21.808+0000] {subprocess.py:93} INFO - INFO  : Executing command(queryId=root_20250321134921_aedce934-a83f-4f97-b767-be2737d267df): ALTER TABLE transactions ADD IF NOT EXISTS PARTITION (batch_id='batch_20250321_131230') LOCATION '/data/transactions/transactions_batch_20250321_131230'
[2025-03-21T13:49:21.812+0000] {subprocess.py:93} INFO - INFO  : Starting task [Stage-0:DDL] in serial mode
[2025-03-21T13:49:21.813+0000] {subprocess.py:93} INFO - INFO  : Completed executing command(queryId=root_20250321134921_aedce934-a83f-4f97-b767-be2737d267df); Time taken: 0.402 seconds
[2025-03-21T13:49:21.814+0000] {subprocess.py:93} INFO - INFO  : OK
[2025-03-21T13:49:21.817+0000] {subprocess.py:93} INFO - INFO  : Concurrency mode is disabled, not creating a lock manager
[2025-03-21T13:49:21.818+0000] {subprocess.py:93} INFO - No rows affected (0.681 seconds)
[2025-03-21T13:49:21.819+0000] {subprocess.py:93} INFO - Beeline version 3.1.3 by Apache Hive
[2025-03-21T13:49:21.889+0000] {subprocess.py:93} INFO - Closing: 0: jdbc:hive2://localhost:10000
[2025-03-21T13:49:22.338+0000] {subprocess.py:97} INFO - Command exited with return code 0
[2025-03-21T13:49:22.398+0000] {taskinstance.py:1398} INFO - Marking task as SUCCESS. dag_id=transactions_pipeline, task_id=create_hive_table_batch_20250321_131230, execution_date=20250321T134239, start_date=20250321T134842, end_date=20250321T134922
[2025-03-21T13:49:22.482+0000] {local_task_job_runner.py:228} INFO - Task exited with return code 0
[2025-03-21T13:49:22.573+0000] {taskinstance.py:2776} INFO - 1 downstream tasks scheduled from follow-on schedule check
