[2025-03-21T13:32:48.065+0000] {taskinstance.py:1157} INFO - Dependencies all met for dep_context=non-requeueable deps ti=<TaskInstance: transactions_pipeline.copy_to_hdfs_batch_20250321_131625 scheduled__2025-03-21T13:27:39.231672+00:00 [queued]>
[2025-03-21T13:32:48.100+0000] {taskinstance.py:1157} INFO - Dependencies all met for dep_context=requeueable deps ti=<TaskInstance: transactions_pipeline.copy_to_hdfs_batch_20250321_131625 scheduled__2025-03-21T13:27:39.231672+00:00 [queued]>
[2025-03-21T13:32:48.109+0000] {taskinstance.py:1359} INFO - Starting attempt 1 of 1
[2025-03-21T13:32:48.234+0000] {taskinstance.py:1380} INFO - Executing <Task(BashOperator): copy_to_hdfs_batch_20250321_131625> on 2025-03-21 13:27:39.231672+00:00
[2025-03-21T13:32:48.303+0000] {standard_task_runner.py:57} INFO - Started process 2333 to run task
[2025-03-21T13:32:48.338+0000] {standard_task_runner.py:84} INFO - Running: ['***', 'tasks', 'run', 'transactions_pipeline', 'copy_to_hdfs_batch_20250321_131625', 'scheduled__2025-03-21T13:27:39.231672+00:00', '--job-id', '632', '--raw', '--subdir', 'DAGS_FOLDER/fraud_detection_pipeline.py', '--cfg-path', '/tmp/tmpfgacy_n1']
[2025-03-21T13:32:48.346+0000] {standard_task_runner.py:85} INFO - Job 632: Subtask copy_to_hdfs_batch_20250321_131625
[2025-03-21T13:32:48.683+0000] {task_command.py:415} INFO - Running <TaskInstance: transactions_pipeline.copy_to_hdfs_batch_20250321_131625 scheduled__2025-03-21T13:27:39.231672+00:00 [running]> on host 1b7c3466167a
[2025-03-21T13:32:49.171+0000] {taskinstance.py:1660} INFO - Exporting env vars: AIRFLOW_CTX_DAG_EMAIL='rabiizahnoune7@gmail.com' AIRFLOW_CTX_DAG_OWNER='***' AIRFLOW_CTX_DAG_ID='transactions_pipeline' AIRFLOW_CTX_TASK_ID='copy_to_hdfs_batch_20250321_131625' AIRFLOW_CTX_EXECUTION_DATE='2025-03-21T13:27:39.231672+00:00' AIRFLOW_CTX_TRY_NUMBER='1' AIRFLOW_CTX_DAG_RUN_ID='scheduled__2025-03-21T13:27:39.231672+00:00'
[2025-03-21T13:32:49.186+0000] {subprocess.py:63} INFO - Tmp dir root location: /tmp
[2025-03-21T13:32:49.188+0000] {subprocess.py:75} INFO - Running command: ['/bin/bash', '-c', '\n            docker exec hive hdfs dfs -mkdir -p /data/transactions/transactions_batch_20250321_131625 &&             docker exec hive hdfs dfs -put -f /data/transactions/transactions_batch_20250321_131625.parquet /data/transactions/transactions_batch_20250321_131625/\n            ']
[2025-03-21T13:32:49.260+0000] {subprocess.py:86} INFO - Output:
[2025-03-21T13:33:03.490+0000] {local_task_job_runner.py:294} WARNING - State of this instance has been externally set to failed. Terminating instance.
[2025-03-21T13:33:03.495+0000] {process_utils.py:131} INFO - Sending 15 to group 2333. PIDs of all processes in the group: [2342, 2351, 2333]
[2025-03-21T13:33:03.496+0000] {process_utils.py:86} INFO - Sending the signal 15 to group 2333
[2025-03-21T13:33:03.496+0000] {taskinstance.py:1630} ERROR - Received SIGTERM. Terminating subprocesses.
[2025-03-21T13:33:03.497+0000] {subprocess.py:104} INFO - Sending SIGTERM signal to process group
[2025-03-21T13:33:03.504+0000] {process_utils.py:79} INFO - Process psutil.Process(pid=2351, status='terminated', started='13:32:49') (2351) terminated with exit code None
[2025-03-21T13:33:03.560+0000] {process_utils.py:79} INFO - Process psutil.Process(pid=2333, status='terminated', exitcode=0, started='13:32:48') (2333) terminated with exit code 0
[2025-03-21T13:33:03.567+0000] {process_utils.py:79} INFO - Process psutil.Process(pid=2342, status='terminated', started='13:32:49') (2342) terminated with exit code None
