[2025-03-21T02:10:43.495+0000] {taskinstance.py:1157} INFO - Dependencies all met for dep_context=non-requeueable deps ti=<TaskInstance: transactions_pipeline.create_hive_table scheduled__2025-03-21T01:20:32.992418+00:00 [queued]>
[2025-03-21T02:10:43.507+0000] {taskinstance.py:1157} INFO - Dependencies all met for dep_context=requeueable deps ti=<TaskInstance: transactions_pipeline.create_hive_table scheduled__2025-03-21T01:20:32.992418+00:00 [queued]>
[2025-03-21T02:10:43.508+0000] {taskinstance.py:1359} INFO - Starting attempt 1 of 2
[2025-03-21T02:10:43.522+0000] {taskinstance.py:1380} INFO - Executing <Task(BashOperator): create_hive_table> on 2025-03-21 01:20:32.992418+00:00
[2025-03-21T02:10:43.528+0000] {standard_task_runner.py:57} INFO - Started process 2139 to run task
[2025-03-21T02:10:43.532+0000] {standard_task_runner.py:84} INFO - Running: ['***', 'tasks', 'run', 'transactions_pipeline', 'create_hive_table', 'scheduled__2025-03-21T01:20:32.992418+00:00', '--job-id', '450', '--raw', '--subdir', 'DAGS_FOLDER/fraud_detection_pipeline.py', '--cfg-path', '/tmp/tmp0f9_9icb']
[2025-03-21T02:10:43.535+0000] {standard_task_runner.py:85} INFO - Job 450: Subtask create_hive_table
[2025-03-21T02:10:43.651+0000] {task_command.py:415} INFO - Running <TaskInstance: transactions_pipeline.create_hive_table scheduled__2025-03-21T01:20:32.992418+00:00 [running]> on host 6688e233cb20
[2025-03-21T02:10:43.802+0000] {taskinstance.py:1660} INFO - Exporting env vars: AIRFLOW_CTX_DAG_EMAIL='rabiizahnoune7@gmail.com' AIRFLOW_CTX_DAG_OWNER='***' AIRFLOW_CTX_DAG_ID='transactions_pipeline' AIRFLOW_CTX_TASK_ID='create_hive_table' AIRFLOW_CTX_EXECUTION_DATE='2025-03-21T01:20:32.992418+00:00' AIRFLOW_CTX_TRY_NUMBER='1' AIRFLOW_CTX_DAG_RUN_ID='scheduled__2025-03-21T01:20:32.992418+00:00'
[2025-03-21T02:10:43.804+0000] {subprocess.py:63} INFO - Tmp dir root location: /tmp
[2025-03-21T02:10:43.805+0000] {subprocess.py:75} INFO - Running command: ['/bin/bash', '-c', '\n        docker exec hive beeline -u "jdbc:hive2://localhost:10000" --hiveconf hive.exec.dynamic.partition.mode=nonstrict -e "\n        CREATE EXTERNAL TABLE IF NOT EXISTS transactions (\n            transaction_id STRING,\n            date_time STRING,\n            amount DOUBLE,\n            currency STRING,\n            merchant_details STRING,\n            customer_id STRING,\n            transaction_type STRING,\n            location STRING\n        )\n        PARTITIONED BY (batch_id STRING)\n        STORED AS PARQUET;\n        ALTER TABLE transactions ADD IF NOT EXISTS PARTITION (batch_id=\'batch_20250320_144447\') LOCATION \'/data/transactions/transactions_batch_20250320_144447\';"\n        ']
[2025-03-21T02:10:43.818+0000] {subprocess.py:86} INFO - Output:
[2025-03-21T02:10:45.055+0000] {subprocess.py:93} INFO - SLF4J: Class path contains multiple SLF4J bindings.
[2025-03-21T02:10:45.056+0000] {subprocess.py:93} INFO - SLF4J: Found binding in [jar:file:/opt/hive/lib/log4j-slf4j-impl-2.17.1.jar!/org/slf4j/impl/StaticLoggerBinder.class]
[2025-03-21T02:10:45.057+0000] {subprocess.py:93} INFO - SLF4J: Found binding in [jar:file:/opt/hadoop/share/hadoop/common/lib/slf4j-log4j12-1.7.25.jar!/org/slf4j/impl/StaticLoggerBinder.class]
[2025-03-21T02:10:45.058+0000] {subprocess.py:93} INFO - SLF4J: See http://www.slf4j.org/codes.html#multiple_bindings for an explanation.
[2025-03-21T02:10:45.314+0000] {subprocess.py:93} INFO - SLF4J: Actual binding is of type [org.apache.logging.slf4j.Log4jLoggerFactory]
[2025-03-21T02:10:46.689+0000] {subprocess.py:93} INFO - Connecting to jdbc:hive2://localhost:10000
[2025-03-21T02:10:47.011+0000] {subprocess.py:93} INFO - Connected to: Apache Hive (version 3.1.3)
[2025-03-21T02:10:47.012+0000] {subprocess.py:93} INFO - Driver: Hive JDBC (version 3.1.3)
[2025-03-21T02:10:47.013+0000] {subprocess.py:93} INFO - Transaction isolation: TRANSACTION_REPEATABLE_READ
[2025-03-21T02:10:47.273+0000] {subprocess.py:93} INFO - INFO  : Compiling command(queryId=root_20250321021047_9389cbf1-956e-44f4-a156-32c95c17797e): CREATE EXTERNAL TABLE IF NOT EXISTS transactions (
[2025-03-21T02:10:47.276+0000] {subprocess.py:93} INFO -             transaction_id STRING,
[2025-03-21T02:10:47.286+0000] {subprocess.py:93} INFO -             date_time STRING,
[2025-03-21T02:10:47.293+0000] {subprocess.py:93} INFO -             amount DOUBLE,
[2025-03-21T02:10:47.297+0000] {subprocess.py:93} INFO -             currency STRING,
[2025-03-21T02:10:47.299+0000] {subprocess.py:93} INFO -             merchant_details STRING,
[2025-03-21T02:10:47.301+0000] {subprocess.py:93} INFO -             customer_id STRING,
[2025-03-21T02:10:47.304+0000] {subprocess.py:93} INFO -             transaction_type STRING,
[2025-03-21T02:10:47.306+0000] {subprocess.py:93} INFO -             location STRING
[2025-03-21T02:10:47.307+0000] {subprocess.py:93} INFO -         )
[2025-03-21T02:10:47.308+0000] {subprocess.py:93} INFO -         PARTITIONED BY (batch_id STRING)
[2025-03-21T02:10:47.309+0000] {subprocess.py:93} INFO -         STORED AS PARQUET
[2025-03-21T02:10:47.311+0000] {subprocess.py:93} INFO - INFO  : Concurrency mode is disabled, not creating a lock manager
[2025-03-21T02:10:47.313+0000] {subprocess.py:93} INFO - INFO  : Semantic Analysis Completed (retrial = false)
[2025-03-21T02:10:47.314+0000] {subprocess.py:93} INFO - INFO  : Returning Hive schema: Schema(fieldSchemas:null, properties:null)
[2025-03-21T02:10:47.316+0000] {subprocess.py:93} INFO - INFO  : Completed compiling command(queryId=root_20250321021047_9389cbf1-956e-44f4-a156-32c95c17797e); Time taken: 0.054 seconds
[2025-03-21T02:10:47.320+0000] {subprocess.py:93} INFO - INFO  : Concurrency mode is disabled, not creating a lock manager
[2025-03-21T02:10:47.321+0000] {subprocess.py:93} INFO - INFO  : Executing command(queryId=root_20250321021047_9389cbf1-956e-44f4-a156-32c95c17797e): CREATE EXTERNAL TABLE IF NOT EXISTS transactions (
[2025-03-21T02:10:47.322+0000] {subprocess.py:93} INFO -             transaction_id STRING,
[2025-03-21T02:10:47.322+0000] {subprocess.py:93} INFO -             date_time STRING,
[2025-03-21T02:10:47.323+0000] {subprocess.py:93} INFO -             amount DOUBLE,
[2025-03-21T02:10:47.324+0000] {subprocess.py:93} INFO -             currency STRING,
[2025-03-21T02:10:47.325+0000] {subprocess.py:93} INFO -             merchant_details STRING,
[2025-03-21T02:10:47.325+0000] {subprocess.py:93} INFO -             customer_id STRING,
[2025-03-21T02:10:47.326+0000] {subprocess.py:93} INFO -             transaction_type STRING,
[2025-03-21T02:10:47.326+0000] {subprocess.py:93} INFO -             location STRING
[2025-03-21T02:10:47.327+0000] {subprocess.py:93} INFO -         )
[2025-03-21T02:10:47.327+0000] {subprocess.py:93} INFO -         PARTITIONED BY (batch_id STRING)
[2025-03-21T02:10:47.328+0000] {subprocess.py:93} INFO -         STORED AS PARQUET
[2025-03-21T02:10:47.328+0000] {subprocess.py:93} INFO - INFO  : Completed executing command(queryId=root_20250321021047_9389cbf1-956e-44f4-a156-32c95c17797e); Time taken: 0.037 seconds
[2025-03-21T02:10:47.329+0000] {subprocess.py:93} INFO - INFO  : OK
[2025-03-21T02:10:47.330+0000] {subprocess.py:93} INFO - INFO  : Concurrency mode is disabled, not creating a lock manager
[2025-03-21T02:10:47.330+0000] {subprocess.py:93} INFO - No rows affected (0.253 seconds)
[2025-03-21T02:10:47.446+0000] {subprocess.py:93} INFO - INFO  : Compiling command(queryId=root_20250321021047_ce67cab7-7054-4173-be96-ab87f53e6489): ALTER TABLE transactions ADD IF NOT EXISTS PARTITION (batch_id='batch_20250320_144447') LOCATION '/data/transactions/transactions_batch_20250320_144447'
[2025-03-21T02:10:47.447+0000] {subprocess.py:93} INFO - INFO  : Concurrency mode is disabled, not creating a lock manager
[2025-03-21T02:10:47.447+0000] {subprocess.py:93} INFO - INFO  : Semantic Analysis Completed (retrial = false)
[2025-03-21T02:10:47.448+0000] {subprocess.py:93} INFO - INFO  : Returning Hive schema: Schema(fieldSchemas:null, properties:null)
[2025-03-21T02:10:47.449+0000] {subprocess.py:93} INFO - INFO  : Completed compiling command(queryId=root_20250321021047_ce67cab7-7054-4173-be96-ab87f53e6489); Time taken: 0.027 seconds
[2025-03-21T02:10:47.450+0000] {subprocess.py:93} INFO - INFO  : Concurrency mode is disabled, not creating a lock manager
[2025-03-21T02:10:47.450+0000] {subprocess.py:93} INFO - INFO  : Executing command(queryId=root_20250321021047_ce67cab7-7054-4173-be96-ab87f53e6489): ALTER TABLE transactions ADD IF NOT EXISTS PARTITION (batch_id='batch_20250320_144447') LOCATION '/data/transactions/transactions_batch_20250320_144447'
[2025-03-21T02:10:47.451+0000] {subprocess.py:93} INFO - INFO  : Starting task [Stage-0:DDL] in serial mode
[2025-03-21T02:10:47.451+0000] {subprocess.py:93} INFO - INFO  : Completed executing command(queryId=root_20250321021047_ce67cab7-7054-4173-be96-ab87f53e6489); Time taken: 0.074 seconds
[2025-03-21T02:10:47.452+0000] {subprocess.py:93} INFO - INFO  : OK
[2025-03-21T02:10:47.452+0000] {subprocess.py:93} INFO - INFO  : Concurrency mode is disabled, not creating a lock manager
[2025-03-21T02:10:47.457+0000] {subprocess.py:93} INFO - No rows affected (0.132 seconds)
[2025-03-21T02:10:47.465+0000] {subprocess.py:93} INFO - Beeline version 3.1.3 by Apache Hive
[2025-03-21T02:10:47.473+0000] {subprocess.py:93} INFO - Closing: 0: jdbc:hive2://localhost:10000
[2025-03-21T02:10:47.540+0000] {subprocess.py:97} INFO - Command exited with return code 0
[2025-03-21T02:10:47.598+0000] {taskinstance.py:1398} INFO - Marking task as SUCCESS. dag_id=transactions_pipeline, task_id=create_hive_table, execution_date=20250321T012032, start_date=20250321T021043, end_date=20250321T021047
[2025-03-21T02:10:47.649+0000] {local_task_job_runner.py:228} INFO - Task exited with return code 0
[2025-03-21T02:10:47.685+0000] {taskinstance.py:2776} INFO - 1 downstream tasks scheduled from follow-on schedule check
