[2025-03-21T15:12:59.578+0000] {taskinstance.py:1157} INFO - Dependencies all met for dep_context=non-requeueable deps ti=<TaskInstance: transactions_pipeline.create_hive_table_batch_20250321_151143 manual__2025-03-21T15:12:45.865451+00:00 [queued]>
[2025-03-21T15:12:59.594+0000] {taskinstance.py:1157} INFO - Dependencies all met for dep_context=requeueable deps ti=<TaskInstance: transactions_pipeline.create_hive_table_batch_20250321_151143 manual__2025-03-21T15:12:45.865451+00:00 [queued]>
[2025-03-21T15:12:59.595+0000] {taskinstance.py:1359} INFO - Starting attempt 1 of 1
[2025-03-21T15:12:59.617+0000] {taskinstance.py:1380} INFO - Executing <Task(BashOperator): create_hive_table_batch_20250321_151143> on 2025-03-21 15:12:45.865451+00:00
[2025-03-21T15:12:59.623+0000] {standard_task_runner.py:57} INFO - Started process 5481 to run task
[2025-03-21T15:12:59.630+0000] {standard_task_runner.py:84} INFO - Running: ['***', 'tasks', 'run', 'transactions_pipeline', 'create_hive_table_batch_20250321_151143', 'manual__2025-03-21T15:12:45.865451+00:00', '--job-id', '795', '--raw', '--subdir', 'DAGS_FOLDER/fraud_detection_pipeline.py', '--cfg-path', '/tmp/tmp7h7fqrcz']
[2025-03-21T15:12:59.633+0000] {standard_task_runner.py:85} INFO - Job 795: Subtask create_hive_table_batch_20250321_151143
[2025-03-21T15:12:59.698+0000] {task_command.py:415} INFO - Running <TaskInstance: transactions_pipeline.create_hive_table_batch_20250321_151143 manual__2025-03-21T15:12:45.865451+00:00 [running]> on host e95638583d4d
[2025-03-21T15:12:59.823+0000] {taskinstance.py:1660} INFO - Exporting env vars: AIRFLOW_CTX_DAG_EMAIL='rabiizahnoune7@gmail.com' AIRFLOW_CTX_DAG_OWNER='***' AIRFLOW_CTX_DAG_ID='transactions_pipeline' AIRFLOW_CTX_TASK_ID='create_hive_table_batch_20250321_151143' AIRFLOW_CTX_EXECUTION_DATE='2025-03-21T15:12:45.865451+00:00' AIRFLOW_CTX_TRY_NUMBER='1' AIRFLOW_CTX_DAG_RUN_ID='manual__2025-03-21T15:12:45.865451+00:00'
[2025-03-21T15:12:59.826+0000] {subprocess.py:63} INFO - Tmp dir root location: /tmp
[2025-03-21T15:12:59.829+0000] {subprocess.py:75} INFO - Running command: ['/bin/bash', '-c', '\n            docker exec hive beeline -u "jdbc:hive2://localhost:10000" --hiveconf hive.exec.dynamic.partition.mode=nonstrict -e "\n            CREATE EXTERNAL TABLE IF NOT EXISTS transactions (\n                transaction_id STRING,\n                date_time STRING,\n                amount DOUBLE,\n                currency STRING,\n                merchant_details STRING,\n                customer_id STRING,\n                transaction_type STRING,\n                location STRING\n            )\n            PARTITIONED BY (batch_id STRING)\n            STORED AS PARQUET;\n            ALTER TABLE transactions ADD IF NOT EXISTS PARTITION (batch_id=\'batch_20250321_151143\') LOCATION \'/data/transactions/transactions_batch_20250321_151143\';"\n            ']
[2025-03-21T15:12:59.843+0000] {subprocess.py:86} INFO - Output:
[2025-03-21T15:13:01.468+0000] {subprocess.py:93} INFO - SLF4J: Class path contains multiple SLF4J bindings.
[2025-03-21T15:13:01.470+0000] {subprocess.py:93} INFO - SLF4J: Found binding in [jar:file:/opt/hive/lib/log4j-slf4j-impl-2.17.1.jar!/org/slf4j/impl/StaticLoggerBinder.class]
[2025-03-21T15:13:01.470+0000] {subprocess.py:93} INFO - SLF4J: Found binding in [jar:file:/opt/hadoop/share/hadoop/common/lib/slf4j-log4j12-1.7.25.jar!/org/slf4j/impl/StaticLoggerBinder.class]
[2025-03-21T15:13:01.471+0000] {subprocess.py:93} INFO - SLF4J: See http://www.slf4j.org/codes.html#multiple_bindings for an explanation.
[2025-03-21T15:13:01.702+0000] {subprocess.py:93} INFO - SLF4J: Actual binding is of type [org.apache.logging.slf4j.Log4jLoggerFactory]
[2025-03-21T15:13:03.015+0000] {subprocess.py:93} INFO - Connecting to jdbc:hive2://localhost:10000
[2025-03-21T15:13:03.244+0000] {subprocess.py:93} INFO - Connected to: Apache Hive (version 3.1.3)
[2025-03-21T15:13:03.245+0000] {subprocess.py:93} INFO - Driver: Hive JDBC (version 3.1.3)
[2025-03-21T15:13:03.245+0000] {subprocess.py:93} INFO - Transaction isolation: TRANSACTION_REPEATABLE_READ
[2025-03-21T15:13:02.085+0000] {subprocess.py:93} INFO - INFO  : Compiling command(queryId=root_20250321151301_34f63510-b569-470e-b3a0-875364885f5b): CREATE EXTERNAL TABLE IF NOT EXISTS transactions (
[2025-03-21T15:13:02.086+0000] {subprocess.py:93} INFO -                 transaction_id STRING,
[2025-03-21T15:13:02.087+0000] {subprocess.py:93} INFO -                 date_time STRING,
[2025-03-21T15:13:02.088+0000] {subprocess.py:93} INFO -                 amount DOUBLE,
[2025-03-21T15:13:02.088+0000] {subprocess.py:93} INFO -                 currency STRING,
[2025-03-21T15:13:02.089+0000] {subprocess.py:93} INFO -                 merchant_details STRING,
[2025-03-21T15:13:02.090+0000] {subprocess.py:93} INFO -                 customer_id STRING,
[2025-03-21T15:13:02.090+0000] {subprocess.py:93} INFO -                 transaction_type STRING,
[2025-03-21T15:13:02.091+0000] {subprocess.py:93} INFO -                 location STRING
[2025-03-21T15:13:02.092+0000] {subprocess.py:93} INFO -             )
[2025-03-21T15:13:02.092+0000] {subprocess.py:93} INFO -             PARTITIONED BY (batch_id STRING)
[2025-03-21T15:13:02.093+0000] {subprocess.py:93} INFO -             STORED AS PARQUET
[2025-03-21T15:13:02.094+0000] {subprocess.py:93} INFO - INFO  : Concurrency mode is disabled, not creating a lock manager
[2025-03-21T15:13:02.094+0000] {subprocess.py:93} INFO - INFO  : Semantic Analysis Completed (retrial = false)
[2025-03-21T15:13:02.095+0000] {subprocess.py:93} INFO - INFO  : Returning Hive schema: Schema(fieldSchemas:null, properties:null)
[2025-03-21T15:13:02.095+0000] {subprocess.py:93} INFO - INFO  : Completed compiling command(queryId=root_20250321151301_34f63510-b569-470e-b3a0-875364885f5b); Time taken: 0.007 seconds
[2025-03-21T15:13:02.096+0000] {subprocess.py:93} INFO - INFO  : Concurrency mode is disabled, not creating a lock manager
[2025-03-21T15:13:02.096+0000] {subprocess.py:93} INFO - INFO  : Executing command(queryId=root_20250321151301_34f63510-b569-470e-b3a0-875364885f5b): CREATE EXTERNAL TABLE IF NOT EXISTS transactions (
[2025-03-21T15:13:02.097+0000] {subprocess.py:93} INFO -                 transaction_id STRING,
[2025-03-21T15:13:02.097+0000] {subprocess.py:93} INFO -                 date_time STRING,
[2025-03-21T15:13:02.098+0000] {subprocess.py:93} INFO -                 amount DOUBLE,
[2025-03-21T15:13:02.098+0000] {subprocess.py:93} INFO -                 currency STRING,
[2025-03-21T15:13:02.099+0000] {subprocess.py:93} INFO -                 merchant_details STRING,
[2025-03-21T15:13:02.099+0000] {subprocess.py:93} INFO -                 customer_id STRING,
[2025-03-21T15:13:02.100+0000] {subprocess.py:93} INFO -                 transaction_type STRING,
[2025-03-21T15:13:02.100+0000] {subprocess.py:93} INFO -                 location STRING
[2025-03-21T15:13:02.101+0000] {subprocess.py:93} INFO -             )
[2025-03-21T15:13:02.101+0000] {subprocess.py:93} INFO -             PARTITIONED BY (batch_id STRING)
[2025-03-21T15:13:02.102+0000] {subprocess.py:93} INFO -             STORED AS PARQUET
[2025-03-21T15:13:02.103+0000] {subprocess.py:93} INFO - INFO  : Starting task [Stage-0:DDL] in serial mode
[2025-03-21T15:13:02.103+0000] {subprocess.py:93} INFO - INFO  : Completed executing command(queryId=root_20250321151301_34f63510-b569-470e-b3a0-875364885f5b); Time taken: 0.17 seconds
[2025-03-21T15:13:02.104+0000] {subprocess.py:93} INFO - INFO  : OK
[2025-03-21T15:13:02.104+0000] {subprocess.py:93} INFO - INFO  : Concurrency mode is disabled, not creating a lock manager
[2025-03-21T15:13:02.105+0000] {subprocess.py:93} INFO - No rows affected (0.275 seconds)
[2025-03-21T15:13:02.192+0000] {subprocess.py:93} INFO - INFO  : Compiling command(queryId=root_20250321151302_6ad25e8e-dd8b-4920-a8d1-fe0ddf88712d): ALTER TABLE transactions ADD IF NOT EXISTS PARTITION (batch_id='batch_20250321_151143') LOCATION '/data/transactions/transactions_batch_20250321_151143'
[2025-03-21T15:13:02.193+0000] {subprocess.py:93} INFO - INFO  : Concurrency mode is disabled, not creating a lock manager
[2025-03-21T15:13:02.194+0000] {subprocess.py:93} INFO - INFO  : Semantic Analysis Completed (retrial = false)
[2025-03-21T15:13:02.194+0000] {subprocess.py:93} INFO - INFO  : Returning Hive schema: Schema(fieldSchemas:null, properties:null)
[2025-03-21T15:13:02.195+0000] {subprocess.py:93} INFO - INFO  : Completed compiling command(queryId=root_20250321151302_6ad25e8e-dd8b-4920-a8d1-fe0ddf88712d); Time taken: 0.015 seconds
[2025-03-21T15:13:02.195+0000] {subprocess.py:93} INFO - INFO  : Concurrency mode is disabled, not creating a lock manager
[2025-03-21T15:13:02.196+0000] {subprocess.py:93} INFO - INFO  : Executing command(queryId=root_20250321151302_6ad25e8e-dd8b-4920-a8d1-fe0ddf88712d): ALTER TABLE transactions ADD IF NOT EXISTS PARTITION (batch_id='batch_20250321_151143') LOCATION '/data/transactions/transactions_batch_20250321_151143'
[2025-03-21T15:13:02.196+0000] {subprocess.py:93} INFO - INFO  : Starting task [Stage-0:DDL] in serial mode
[2025-03-21T15:13:02.197+0000] {subprocess.py:93} INFO - INFO  : Completed executing command(queryId=root_20250321151302_6ad25e8e-dd8b-4920-a8d1-fe0ddf88712d); Time taken: 0.063 seconds
[2025-03-21T15:13:02.198+0000] {subprocess.py:93} INFO - INFO  : OK
[2025-03-21T15:13:02.199+0000] {subprocess.py:93} INFO - INFO  : Concurrency mode is disabled, not creating a lock manager
[2025-03-21T15:13:02.199+0000] {subprocess.py:93} INFO - No rows affected (0.09 seconds)
[2025-03-21T15:13:02.200+0000] {subprocess.py:93} INFO - Beeline version 3.1.3 by Apache Hive
[2025-03-21T15:13:02.205+0000] {subprocess.py:93} INFO - Closing: 0: jdbc:hive2://localhost:10000
[2025-03-21T15:13:02.259+0000] {subprocess.py:97} INFO - Command exited with return code 0
[2025-03-21T15:13:02.309+0000] {taskinstance.py:1398} INFO - Marking task as SUCCESS. dag_id=transactions_pipeline, task_id=create_hive_table_batch_20250321_151143, execution_date=20250321T151245, start_date=20250321T151259, end_date=20250321T151302
[2025-03-21T15:13:02.371+0000] {local_task_job_runner.py:228} INFO - Task exited with return code 0
[2025-03-21T15:13:02.418+0000] {taskinstance.py:2776} INFO - 1 downstream tasks scheduled from follow-on schedule check
