[2025-03-20T12:53:24.483+0000] {taskinstance.py:1157} INFO - Dependencies all met for dep_context=non-requeueable deps ti=<TaskInstance: transactions_pipeline.copy_to_hdfs manual__2025-03-20T12:53:20.884518+00:00 [queued]>
[2025-03-20T12:53:24.497+0000] {taskinstance.py:1157} INFO - Dependencies all met for dep_context=requeueable deps ti=<TaskInstance: transactions_pipeline.copy_to_hdfs manual__2025-03-20T12:53:20.884518+00:00 [queued]>
[2025-03-20T12:53:24.498+0000] {taskinstance.py:1359} INFO - Starting attempt 1 of 1
[2025-03-20T12:53:24.515+0000] {taskinstance.py:1380} INFO - Executing <Task(BashOperator): copy_to_hdfs> on 2025-03-20 12:53:20.884518+00:00
[2025-03-20T12:53:24.521+0000] {standard_task_runner.py:57} INFO - Started process 965 to run task
[2025-03-20T12:53:24.526+0000] {standard_task_runner.py:84} INFO - Running: ['***', 'tasks', 'run', 'transactions_pipeline', 'copy_to_hdfs', 'manual__2025-03-20T12:53:20.884518+00:00', '--job-id', '303', '--raw', '--subdir', 'DAGS_FOLDER/fraud_detection_pipeline.py', '--cfg-path', '/tmp/tmpu_vz07n2']
[2025-03-20T12:53:24.530+0000] {standard_task_runner.py:85} INFO - Job 303: Subtask copy_to_hdfs
[2025-03-20T12:53:24.592+0000] {task_command.py:415} INFO - Running <TaskInstance: transactions_pipeline.copy_to_hdfs manual__2025-03-20T12:53:20.884518+00:00 [running]> on host 3938a1dd8bd9
[2025-03-20T12:53:24.719+0000] {taskinstance.py:1660} INFO - Exporting env vars: AIRFLOW_CTX_DAG_OWNER='***' AIRFLOW_CTX_DAG_ID='transactions_pipeline' AIRFLOW_CTX_TASK_ID='copy_to_hdfs' AIRFLOW_CTX_EXECUTION_DATE='2025-03-20T12:53:20.884518+00:00' AIRFLOW_CTX_TRY_NUMBER='1' AIRFLOW_CTX_DAG_RUN_ID='manual__2025-03-20T12:53:20.884518+00:00'
[2025-03-20T12:53:24.723+0000] {subprocess.py:63} INFO - Tmp dir root location: /tmp
[2025-03-20T12:53:24.725+0000] {subprocess.py:75} INFO - Running command: ['/bin/bash', '-c', 'docker exec hive hdfs dfs -mkdir -p /data/transactions/transactions_batch_20250320_124846 && docker exec hive hdfs dfs -put -f /data/transactions/transactions_batch_batch_20250320_124846.parquet /data/transactions/transactions_batch_20250320_124846/']
[2025-03-20T12:53:24.736+0000] {subprocess.py:86} INFO - Output:
[2025-03-20T12:53:28.703+0000] {subprocess.py:93} INFO - put: `/data/transactions/transactions_batch_batch_20250320_124846.parquet': No such file or directory
[2025-03-20T12:53:29.147+0000] {subprocess.py:97} INFO - Command exited with return code 1
[2025-03-20T12:53:29.163+0000] {taskinstance.py:1935} ERROR - Task failed with exception
Traceback (most recent call last):
  File "/home/airflow/.local/lib/python3.8/site-packages/airflow/operators/bash.py", line 210, in execute
    raise AirflowException(
airflow.exceptions.AirflowException: Bash command failed. The command returned a non-zero exit code 1.
[2025-03-20T12:53:29.168+0000] {taskinstance.py:1398} INFO - Marking task as FAILED. dag_id=transactions_pipeline, task_id=copy_to_hdfs, execution_date=20250320T125320, start_date=20250320T125324, end_date=20250320T125329
[2025-03-20T12:53:29.186+0000] {standard_task_runner.py:104} ERROR - Failed to execute job 303 for task copy_to_hdfs (Bash command failed. The command returned a non-zero exit code 1.; 965)
[2025-03-20T12:53:29.206+0000] {local_task_job_runner.py:228} INFO - Task exited with return code 1
[2025-03-20T12:53:29.230+0000] {taskinstance.py:2776} INFO - 0 downstream tasks scheduled from follow-on schedule check
