[2025-03-20T13:54:13.373+0000] {taskinstance.py:1157} INFO - Dependencies all met for dep_context=non-requeueable deps ti=<TaskInstance: transactions_pipeline.create_hive_table manual__2025-03-20T13:54:03.335929+00:00 [queued]>
[2025-03-20T13:54:13.384+0000] {taskinstance.py:1157} INFO - Dependencies all met for dep_context=requeueable deps ti=<TaskInstance: transactions_pipeline.create_hive_table manual__2025-03-20T13:54:03.335929+00:00 [queued]>
[2025-03-20T13:54:13.385+0000] {taskinstance.py:1359} INFO - Starting attempt 1 of 1
[2025-03-20T13:54:13.406+0000] {taskinstance.py:1380} INFO - Executing <Task(BashOperator): create_hive_table> on 2025-03-20 13:54:03.335929+00:00
[2025-03-20T13:54:13.415+0000] {standard_task_runner.py:57} INFO - Started process 2202 to run task
[2025-03-20T13:54:13.418+0000] {standard_task_runner.py:84} INFO - Running: ['***', 'tasks', 'run', 'transactions_pipeline', 'create_hive_table', 'manual__2025-03-20T13:54:03.335929+00:00', '--job-id', '345', '--raw', '--subdir', 'DAGS_FOLDER/fraud_detection_pipeline.py', '--cfg-path', '/tmp/tmpghbzzc86']
[2025-03-20T13:54:13.422+0000] {standard_task_runner.py:85} INFO - Job 345: Subtask create_hive_table
[2025-03-20T13:54:13.479+0000] {task_command.py:415} INFO - Running <TaskInstance: transactions_pipeline.create_hive_table manual__2025-03-20T13:54:03.335929+00:00 [running]> on host 3938a1dd8bd9
[2025-03-20T13:54:13.610+0000] {taskinstance.py:1660} INFO - Exporting env vars: AIRFLOW_CTX_DAG_OWNER='***' AIRFLOW_CTX_DAG_ID='transactions_pipeline' AIRFLOW_CTX_TASK_ID='create_hive_table' AIRFLOW_CTX_EXECUTION_DATE='2025-03-20T13:54:03.335929+00:00' AIRFLOW_CTX_TRY_NUMBER='1' AIRFLOW_CTX_DAG_RUN_ID='manual__2025-03-20T13:54:03.335929+00:00'
[2025-03-20T13:54:13.613+0000] {subprocess.py:63} INFO - Tmp dir root location: /tmp
[2025-03-20T13:54:13.614+0000] {subprocess.py:75} INFO - Running command: ['/bin/bash', '-c', '\n    docker exec hive beeline -u "jdbc:hive2://localhost:10000" --hiveconf hive.exec.dynamic.partition.mode=nonstrict -e "\n    CREATE EXTERNAL TABLE IF NOT EXISTS transactions (\n        transaction_id STRING,\n        date_time STRING,\n        amount DOUBLE,\n        currency STRING,\n        merchant_details STRING,\n        customer_id STRING,\n        transaction_type STRING,\n        location STRING\n    )\n    PARTITIONED BY (batch_id STRING)\n    STORED AS PARQUET;\n    ALTER TABLE transactions ADD IF NOT EXISTS PARTITION (batch_id=\'batch_20250320_135205\') LOCATION \'/data/transactions/transactions_batch_20250320_135205\';"\n    ']
[2025-03-20T13:54:13.624+0000] {subprocess.py:86} INFO - Output:
[2025-03-20T13:54:14.745+0000] {subprocess.py:93} INFO - SLF4J: Class path contains multiple SLF4J bindings.
[2025-03-20T13:54:14.746+0000] {subprocess.py:93} INFO - SLF4J: Found binding in [jar:file:/opt/hive/lib/log4j-slf4j-impl-2.17.1.jar!/org/slf4j/impl/StaticLoggerBinder.class]
[2025-03-20T13:54:14.746+0000] {subprocess.py:93} INFO - SLF4J: Found binding in [jar:file:/opt/hadoop/share/hadoop/common/lib/slf4j-log4j12-1.7.25.jar!/org/slf4j/impl/StaticLoggerBinder.class]
[2025-03-20T13:54:14.747+0000] {subprocess.py:93} INFO - SLF4J: See http://www.slf4j.org/codes.html#multiple_bindings for an explanation.
[2025-03-20T13:54:14.906+0000] {subprocess.py:93} INFO - SLF4J: Actual binding is of type [org.apache.logging.slf4j.Log4jLoggerFactory]
[2025-03-20T13:54:16.085+0000] {subprocess.py:93} INFO - Connecting to jdbc:hive2://localhost:10000
[2025-03-20T13:54:16.445+0000] {subprocess.py:93} INFO - Connected to: Apache Hive (version 3.1.3)
[2025-03-20T13:54:16.446+0000] {subprocess.py:93} INFO - Driver: Hive JDBC (version 3.1.3)
[2025-03-20T13:54:16.447+0000] {subprocess.py:93} INFO - Transaction isolation: TRANSACTION_REPEATABLE_READ
[2025-03-20T13:54:16.600+0000] {subprocess.py:93} INFO - INFO  : Compiling command(queryId=root_20250320135416_2dbed977-0b49-49e4-ab55-49ec67be7af0): CREATE EXTERNAL TABLE IF NOT EXISTS transactions (
[2025-03-20T13:54:16.601+0000] {subprocess.py:93} INFO -         transaction_id STRING,
[2025-03-20T13:54:16.602+0000] {subprocess.py:93} INFO -         date_time STRING,
[2025-03-20T13:54:16.603+0000] {subprocess.py:93} INFO -         amount DOUBLE,
[2025-03-20T13:54:16.603+0000] {subprocess.py:93} INFO -         currency STRING,
[2025-03-20T13:54:16.604+0000] {subprocess.py:93} INFO -         merchant_details STRING,
[2025-03-20T13:54:16.604+0000] {subprocess.py:93} INFO -         customer_id STRING,
[2025-03-20T13:54:16.605+0000] {subprocess.py:93} INFO -         transaction_type STRING,
[2025-03-20T13:54:16.606+0000] {subprocess.py:93} INFO -         location STRING
[2025-03-20T13:54:16.606+0000] {subprocess.py:93} INFO -     )
[2025-03-20T13:54:16.607+0000] {subprocess.py:93} INFO -     PARTITIONED BY (batch_id STRING)
[2025-03-20T13:54:16.607+0000] {subprocess.py:93} INFO -     STORED AS PARQUET
[2025-03-20T13:54:16.608+0000] {subprocess.py:93} INFO - INFO  : Concurrency mode is disabled, not creating a lock manager
[2025-03-20T13:54:16.608+0000] {subprocess.py:93} INFO - INFO  : Semantic Analysis Completed (retrial = false)
[2025-03-20T13:54:16.608+0000] {subprocess.py:93} INFO - INFO  : Returning Hive schema: Schema(fieldSchemas:null, properties:null)
[2025-03-20T13:54:16.609+0000] {subprocess.py:93} INFO - INFO  : Completed compiling command(queryId=root_20250320135416_2dbed977-0b49-49e4-ab55-49ec67be7af0); Time taken: 0.009 seconds
[2025-03-20T13:54:16.609+0000] {subprocess.py:93} INFO - INFO  : Concurrency mode is disabled, not creating a lock manager
[2025-03-20T13:54:16.610+0000] {subprocess.py:93} INFO - INFO  : Executing command(queryId=root_20250320135416_2dbed977-0b49-49e4-ab55-49ec67be7af0): CREATE EXTERNAL TABLE IF NOT EXISTS transactions (
[2025-03-20T13:54:16.610+0000] {subprocess.py:93} INFO -         transaction_id STRING,
[2025-03-20T13:54:16.611+0000] {subprocess.py:93} INFO -         date_time STRING,
[2025-03-20T13:54:16.611+0000] {subprocess.py:93} INFO -         amount DOUBLE,
[2025-03-20T13:54:16.611+0000] {subprocess.py:93} INFO -         currency STRING,
[2025-03-20T13:54:16.612+0000] {subprocess.py:93} INFO -         merchant_details STRING,
[2025-03-20T13:54:16.612+0000] {subprocess.py:93} INFO -         customer_id STRING,
[2025-03-20T13:54:16.613+0000] {subprocess.py:93} INFO -         transaction_type STRING,
[2025-03-20T13:54:16.613+0000] {subprocess.py:93} INFO -         location STRING
[2025-03-20T13:54:16.613+0000] {subprocess.py:93} INFO -     )
[2025-03-20T13:54:16.614+0000] {subprocess.py:93} INFO -     PARTITIONED BY (batch_id STRING)
[2025-03-20T13:54:16.614+0000] {subprocess.py:93} INFO -     STORED AS PARQUET
[2025-03-20T13:54:16.614+0000] {subprocess.py:93} INFO - INFO  : Starting task [Stage-0:DDL] in serial mode
[2025-03-20T13:54:16.615+0000] {subprocess.py:93} INFO - INFO  : Completed executing command(queryId=root_20250320135416_2dbed977-0b49-49e4-ab55-49ec67be7af0); Time taken: 0.065 seconds
[2025-03-20T13:54:16.615+0000] {subprocess.py:93} INFO - INFO  : OK
[2025-03-20T13:54:16.616+0000] {subprocess.py:93} INFO - INFO  : Concurrency mode is disabled, not creating a lock manager
[2025-03-20T13:54:16.616+0000] {subprocess.py:93} INFO - No rows affected (0.134 seconds)
[2025-03-20T13:54:16.692+0000] {subprocess.py:93} INFO - INFO  : Compiling command(queryId=root_20250320135416_b3f2b479-42f4-4270-a333-b0f67c866dd6): ALTER TABLE transactions ADD IF NOT EXISTS PARTITION (batch_id='batch_20250320_135205') LOCATION '/data/transactions/transactions_batch_20250320_135205'
[2025-03-20T13:54:16.693+0000] {subprocess.py:93} INFO - INFO  : Concurrency mode is disabled, not creating a lock manager
[2025-03-20T13:54:16.694+0000] {subprocess.py:93} INFO - INFO  : Semantic Analysis Completed (retrial = false)
[2025-03-20T13:54:16.694+0000] {subprocess.py:93} INFO - INFO  : Returning Hive schema: Schema(fieldSchemas:null, properties:null)
[2025-03-20T13:54:16.695+0000] {subprocess.py:93} INFO - INFO  : Completed compiling command(queryId=root_20250320135416_b3f2b479-42f4-4270-a333-b0f67c866dd6); Time taken: 0.012 seconds
[2025-03-20T13:54:16.695+0000] {subprocess.py:93} INFO - INFO  : Concurrency mode is disabled, not creating a lock manager
[2025-03-20T13:54:16.695+0000] {subprocess.py:93} INFO - INFO  : Executing command(queryId=root_20250320135416_b3f2b479-42f4-4270-a333-b0f67c866dd6): ALTER TABLE transactions ADD IF NOT EXISTS PARTITION (batch_id='batch_20250320_135205') LOCATION '/data/transactions/transactions_batch_20250320_135205'
[2025-03-20T13:54:16.696+0000] {subprocess.py:93} INFO - INFO  : Starting task [Stage-0:DDL] in serial mode
[2025-03-20T13:54:16.696+0000] {subprocess.py:93} INFO - INFO  : Completed executing command(queryId=root_20250320135416_b3f2b479-42f4-4270-a333-b0f67c866dd6); Time taken: 0.043 seconds
[2025-03-20T13:54:16.697+0000] {subprocess.py:93} INFO - INFO  : OK
[2025-03-20T13:54:16.697+0000] {subprocess.py:93} INFO - INFO  : Concurrency mode is disabled, not creating a lock manager
[2025-03-20T13:54:16.698+0000] {subprocess.py:93} INFO - No rows affected (0.078 seconds)
[2025-03-20T13:54:16.698+0000] {subprocess.py:93} INFO - Beeline version 3.1.3 by Apache Hive
[2025-03-20T13:54:16.704+0000] {subprocess.py:93} INFO - Closing: 0: jdbc:hive2://localhost:10000
[2025-03-20T13:54:16.745+0000] {subprocess.py:97} INFO - Command exited with return code 0
[2025-03-20T13:54:16.784+0000] {taskinstance.py:1398} INFO - Marking task as SUCCESS. dag_id=transactions_pipeline, task_id=create_hive_table, execution_date=20250320T135403, start_date=20250320T135413, end_date=20250320T135416
[2025-03-20T13:54:16.841+0000] {local_task_job_runner.py:228} INFO - Task exited with return code 0
[2025-03-20T13:54:16.892+0000] {taskinstance.py:2776} INFO - 1 downstream tasks scheduled from follow-on schedule check
