[2025-03-21T15:22:25.734+0000] {taskinstance.py:1157} INFO - Dependencies all met for dep_context=non-requeueable deps ti=<TaskInstance: transactions_pipeline.create_hive_table_batch_20250321_152117 manual__2025-03-21T15:22:11.908834+00:00 [queued]>
[2025-03-21T15:22:25.755+0000] {taskinstance.py:1157} INFO - Dependencies all met for dep_context=requeueable deps ti=<TaskInstance: transactions_pipeline.create_hive_table_batch_20250321_152117 manual__2025-03-21T15:22:11.908834+00:00 [queued]>
[2025-03-21T15:22:25.758+0000] {taskinstance.py:1359} INFO - Starting attempt 1 of 1
[2025-03-21T15:22:25.794+0000] {taskinstance.py:1380} INFO - Executing <Task(BashOperator): create_hive_table_batch_20250321_152117> on 2025-03-21 15:22:11.908834+00:00
[2025-03-21T15:22:25.808+0000] {standard_task_runner.py:57} INFO - Started process 6142 to run task
[2025-03-21T15:22:25.813+0000] {standard_task_runner.py:84} INFO - Running: ['***', 'tasks', 'run', 'transactions_pipeline', 'create_hive_table_batch_20250321_152117', 'manual__2025-03-21T15:22:11.908834+00:00', '--job-id', '807', '--raw', '--subdir', 'DAGS_FOLDER/fraud_detection_pipeline.py', '--cfg-path', '/tmp/tmpbpczjih6']
[2025-03-21T15:22:25.819+0000] {standard_task_runner.py:85} INFO - Job 807: Subtask create_hive_table_batch_20250321_152117
[2025-03-21T15:22:25.934+0000] {task_command.py:415} INFO - Running <TaskInstance: transactions_pipeline.create_hive_table_batch_20250321_152117 manual__2025-03-21T15:22:11.908834+00:00 [running]> on host e95638583d4d
[2025-03-21T15:22:26.085+0000] {taskinstance.py:1660} INFO - Exporting env vars: AIRFLOW_CTX_DAG_EMAIL='rabiizahnoune7@gmail.com' AIRFLOW_CTX_DAG_OWNER='***' AIRFLOW_CTX_DAG_ID='transactions_pipeline' AIRFLOW_CTX_TASK_ID='create_hive_table_batch_20250321_152117' AIRFLOW_CTX_EXECUTION_DATE='2025-03-21T15:22:11.908834+00:00' AIRFLOW_CTX_TRY_NUMBER='1' AIRFLOW_CTX_DAG_RUN_ID='manual__2025-03-21T15:22:11.908834+00:00'
[2025-03-21T15:22:26.087+0000] {subprocess.py:63} INFO - Tmp dir root location: /tmp
[2025-03-21T15:22:26.089+0000] {subprocess.py:75} INFO - Running command: ['/bin/bash', '-c', '\n            docker exec hive beeline -u "jdbc:hive2://localhost:10000" --hiveconf hive.exec.dynamic.partition.mode=nonstrict -e "\n            CREATE EXTERNAL TABLE IF NOT EXISTS transactions (\n                transaction_id STRING,\n                date_time STRING,\n                amount DOUBLE,\n                currency STRING,\n                merchant_details STRING,\n                customer_id STRING,\n                transaction_type STRING,\n                location STRING\n            )\n            PARTITIONED BY (batch_id STRING)\n            STORED AS PARQUET;\n            ALTER TABLE transactions ADD IF NOT EXISTS PARTITION (batch_id=\'batch_20250321_152117\') LOCATION \'/data/transactions/transactions_batch_20250321_152117\';"\n            ']
[2025-03-21T15:22:26.103+0000] {subprocess.py:86} INFO - Output:
[2025-03-21T15:22:27.631+0000] {subprocess.py:93} INFO - SLF4J: Class path contains multiple SLF4J bindings.
[2025-03-21T15:22:27.632+0000] {subprocess.py:93} INFO - SLF4J: Found binding in [jar:file:/opt/hive/lib/log4j-slf4j-impl-2.17.1.jar!/org/slf4j/impl/StaticLoggerBinder.class]
[2025-03-21T15:22:27.633+0000] {subprocess.py:93} INFO - SLF4J: Found binding in [jar:file:/opt/hadoop/share/hadoop/common/lib/slf4j-log4j12-1.7.25.jar!/org/slf4j/impl/StaticLoggerBinder.class]
[2025-03-21T15:22:27.633+0000] {subprocess.py:93} INFO - SLF4J: See http://www.slf4j.org/codes.html#multiple_bindings for an explanation.
[2025-03-21T15:22:27.847+0000] {subprocess.py:93} INFO - SLF4J: Actual binding is of type [org.apache.logging.slf4j.Log4jLoggerFactory]
[2025-03-21T15:22:29.185+0000] {subprocess.py:93} INFO - Connecting to jdbc:hive2://localhost:10000
[2025-03-21T15:22:29.529+0000] {subprocess.py:93} INFO - Connected to: Apache Hive (version 3.1.3)
[2025-03-21T15:22:29.530+0000] {subprocess.py:93} INFO - Driver: Hive JDBC (version 3.1.3)
[2025-03-21T15:22:29.531+0000] {subprocess.py:93} INFO - Transaction isolation: TRANSACTION_REPEATABLE_READ
[2025-03-21T15:22:29.664+0000] {subprocess.py:93} INFO - INFO  : Compiling command(queryId=root_20250321152229_c3bbaa2a-c683-438e-b9f1-454b9b44f905): CREATE EXTERNAL TABLE IF NOT EXISTS transactions (
[2025-03-21T15:22:29.666+0000] {subprocess.py:93} INFO -                 transaction_id STRING,
[2025-03-21T15:22:29.667+0000] {subprocess.py:93} INFO -                 date_time STRING,
[2025-03-21T15:22:29.667+0000] {subprocess.py:93} INFO -                 amount DOUBLE,
[2025-03-21T15:22:29.668+0000] {subprocess.py:93} INFO -                 currency STRING,
[2025-03-21T15:22:29.668+0000] {subprocess.py:93} INFO -                 merchant_details STRING,
[2025-03-21T15:22:29.669+0000] {subprocess.py:93} INFO -                 customer_id STRING,
[2025-03-21T15:22:29.669+0000] {subprocess.py:93} INFO -                 transaction_type STRING,
[2025-03-21T15:22:29.670+0000] {subprocess.py:93} INFO -                 location STRING
[2025-03-21T15:22:29.670+0000] {subprocess.py:93} INFO -             )
[2025-03-21T15:22:29.670+0000] {subprocess.py:93} INFO -             PARTITIONED BY (batch_id STRING)
[2025-03-21T15:22:29.671+0000] {subprocess.py:93} INFO -             STORED AS PARQUET
[2025-03-21T15:22:29.671+0000] {subprocess.py:93} INFO - INFO  : Concurrency mode is disabled, not creating a lock manager
[2025-03-21T15:22:29.672+0000] {subprocess.py:93} INFO - INFO  : Semantic Analysis Completed (retrial = false)
[2025-03-21T15:22:29.672+0000] {subprocess.py:93} INFO - INFO  : Returning Hive schema: Schema(fieldSchemas:null, properties:null)
[2025-03-21T15:22:29.673+0000] {subprocess.py:93} INFO - INFO  : Completed compiling command(queryId=root_20250321152229_c3bbaa2a-c683-438e-b9f1-454b9b44f905); Time taken: 0.02 seconds
[2025-03-21T15:22:29.674+0000] {subprocess.py:93} INFO - INFO  : Concurrency mode is disabled, not creating a lock manager
[2025-03-21T15:22:29.675+0000] {subprocess.py:93} INFO - INFO  : Executing command(queryId=root_20250321152229_c3bbaa2a-c683-438e-b9f1-454b9b44f905): CREATE EXTERNAL TABLE IF NOT EXISTS transactions (
[2025-03-21T15:22:29.677+0000] {subprocess.py:93} INFO -                 transaction_id STRING,
[2025-03-21T15:22:29.677+0000] {subprocess.py:93} INFO -                 date_time STRING,
[2025-03-21T15:22:29.678+0000] {subprocess.py:93} INFO -                 amount DOUBLE,
[2025-03-21T15:22:29.679+0000] {subprocess.py:93} INFO -                 currency STRING,
[2025-03-21T15:22:29.679+0000] {subprocess.py:93} INFO -                 merchant_details STRING,
[2025-03-21T15:22:29.680+0000] {subprocess.py:93} INFO -                 customer_id STRING,
[2025-03-21T15:22:29.681+0000] {subprocess.py:93} INFO -                 transaction_type STRING,
[2025-03-21T15:22:29.681+0000] {subprocess.py:93} INFO -                 location STRING
[2025-03-21T15:22:29.681+0000] {subprocess.py:93} INFO -             )
[2025-03-21T15:22:29.682+0000] {subprocess.py:93} INFO -             PARTITIONED BY (batch_id STRING)
[2025-03-21T15:22:29.683+0000] {subprocess.py:93} INFO -             STORED AS PARQUET
[2025-03-21T15:22:29.683+0000] {subprocess.py:93} INFO - INFO  : Completed executing command(queryId=root_20250321152229_c3bbaa2a-c683-438e-b9f1-454b9b44f905); Time taken: 0.001 seconds
[2025-03-21T15:22:29.683+0000] {subprocess.py:93} INFO - INFO  : OK
[2025-03-21T15:22:29.684+0000] {subprocess.py:93} INFO - INFO  : Concurrency mode is disabled, not creating a lock manager
[2025-03-21T15:22:29.684+0000] {subprocess.py:93} INFO - No rows affected (0.116 seconds)
[2025-03-21T15:22:29.763+0000] {subprocess.py:93} INFO - INFO  : Compiling command(queryId=root_20250321152229_d936dd60-10f0-40de-b737-b813ccb79c09): ALTER TABLE transactions ADD IF NOT EXISTS PARTITION (batch_id='batch_20250321_152117') LOCATION '/data/transactions/transactions_batch_20250321_152117'
[2025-03-21T15:22:29.765+0000] {subprocess.py:93} INFO - INFO  : Concurrency mode is disabled, not creating a lock manager
[2025-03-21T15:22:29.766+0000] {subprocess.py:93} INFO - INFO  : Semantic Analysis Completed (retrial = false)
[2025-03-21T15:22:29.766+0000] {subprocess.py:93} INFO - INFO  : Returning Hive schema: Schema(fieldSchemas:null, properties:null)
[2025-03-21T15:22:29.767+0000] {subprocess.py:93} INFO - INFO  : Completed compiling command(queryId=root_20250321152229_d936dd60-10f0-40de-b737-b813ccb79c09); Time taken: 0.014 seconds
[2025-03-21T15:22:29.768+0000] {subprocess.py:93} INFO - INFO  : Concurrency mode is disabled, not creating a lock manager
[2025-03-21T15:22:29.769+0000] {subprocess.py:93} INFO - INFO  : Executing command(queryId=root_20250321152229_d936dd60-10f0-40de-b737-b813ccb79c09): ALTER TABLE transactions ADD IF NOT EXISTS PARTITION (batch_id='batch_20250321_152117') LOCATION '/data/transactions/transactions_batch_20250321_152117'
[2025-03-21T15:22:29.770+0000] {subprocess.py:93} INFO - INFO  : Starting task [Stage-0:DDL] in serial mode
[2025-03-21T15:22:29.771+0000] {subprocess.py:93} INFO - INFO  : Completed executing command(queryId=root_20250321152229_d936dd60-10f0-40de-b737-b813ccb79c09); Time taken: 0.053 seconds
[2025-03-21T15:22:29.772+0000] {subprocess.py:93} INFO - INFO  : OK
[2025-03-21T15:22:29.773+0000] {subprocess.py:93} INFO - INFO  : Concurrency mode is disabled, not creating a lock manager
[2025-03-21T15:22:29.774+0000] {subprocess.py:93} INFO - No rows affected (0.081 seconds)
[2025-03-21T15:22:29.775+0000] {subprocess.py:93} INFO - Beeline version 3.1.3 by Apache Hive
[2025-03-21T15:22:29.781+0000] {subprocess.py:93} INFO - Closing: 0: jdbc:hive2://localhost:10000
[2025-03-21T15:22:29.838+0000] {subprocess.py:97} INFO - Command exited with return code 0
[2025-03-21T15:22:29.873+0000] {taskinstance.py:1398} INFO - Marking task as SUCCESS. dag_id=transactions_pipeline, task_id=create_hive_table_batch_20250321_152117, execution_date=20250321T152211, start_date=20250321T152225, end_date=20250321T152229
[2025-03-21T15:22:29.939+0000] {local_task_job_runner.py:228} INFO - Task exited with return code 0
[2025-03-21T15:22:29.989+0000] {taskinstance.py:2776} INFO - 1 downstream tasks scheduled from follow-on schedule check
