[2025-03-19T19:56:01.568+0000] {taskinstance.py:1157} INFO - Dependencies all met for dep_context=non-requeueable deps ti=<TaskInstance: transactions_pipeline.create_hive_table manual__2025-03-19T19:55:52.362956+00:00 [queued]>
[2025-03-19T19:56:01.583+0000] {taskinstance.py:1157} INFO - Dependencies all met for dep_context=requeueable deps ti=<TaskInstance: transactions_pipeline.create_hive_table manual__2025-03-19T19:55:52.362956+00:00 [queued]>
[2025-03-19T19:56:01.584+0000] {taskinstance.py:1359} INFO - Starting attempt 1 of 1
[2025-03-19T19:56:01.616+0000] {taskinstance.py:1380} INFO - Executing <Task(BashOperator): create_hive_table> on 2025-03-19 19:55:52.362956+00:00
[2025-03-19T19:56:01.629+0000] {standard_task_runner.py:57} INFO - Started process 3041 to run task
[2025-03-19T19:56:01.636+0000] {standard_task_runner.py:84} INFO - Running: ['***', 'tasks', 'run', 'transactions_pipeline', 'create_hive_table', 'manual__2025-03-19T19:55:52.362956+00:00', '--job-id', '146', '--raw', '--subdir', 'DAGS_FOLDER/fraud_detection_pipeline.py', '--cfg-path', '/tmp/tmpaoosez9g']
[2025-03-19T19:56:01.641+0000] {standard_task_runner.py:85} INFO - Job 146: Subtask create_hive_table
[2025-03-19T19:56:01.785+0000] {task_command.py:415} INFO - Running <TaskInstance: transactions_pipeline.create_hive_table manual__2025-03-19T19:55:52.362956+00:00 [running]> on host 347688f31140
[2025-03-19T19:56:01.881+0000] {logging_mixin.py:151} WARNING - /home/***/.local/lib/python3.8/site-packages/***/utils/context.py:206 AirflowContextDeprecationWarning: Accessing 'execution_date' from the template is deprecated and will be removed in a future version. Please use 'data_interval_start' or 'logical_date' instead.
[2025-03-19T19:56:01.947+0000] {taskinstance.py:1660} INFO - Exporting env vars: AIRFLOW_CTX_DAG_OWNER='***' AIRFLOW_CTX_DAG_ID='transactions_pipeline' AIRFLOW_CTX_TASK_ID='create_hive_table' AIRFLOW_CTX_EXECUTION_DATE='2025-03-19T19:55:52.362956+00:00' AIRFLOW_CTX_TRY_NUMBER='1' AIRFLOW_CTX_DAG_RUN_ID='manual__2025-03-19T19:55:52.362956+00:00'
[2025-03-19T19:56:01.952+0000] {subprocess.py:63} INFO - Tmp dir root location: /tmp
[2025-03-19T19:56:01.954+0000] {subprocess.py:75} INFO - Running command: ['/bin/bash', '-c', '\n    docker exec hive beeline -u "jdbc:hive2://localhost:10000" --hiveconf hive.exec.dynamic.partition.mode=nonstrict -e "\n    CREATE EXTERNAL TABLE IF NOT EXISTS transactions (\n        transaction_id STRING,\n        date_time STRING,\n        amount DOUBLE,\n        currency STRING,\n        merchant_details STRING,\n        customer_id STRING,\n        transaction_type STRING,\n        location STRING\n    )\n    PARTITIONED BY (batch_id STRING)\n    STORED AS PARQUET\n    LOCATION \'/data/transactions/transactions_batch_0\';\n    ALTER TABLE transactions ADD IF NOT EXISTS PARTITION (batch_id=\'batch_20250319_195552\') LOCATION \'/data/transactions/transactions_batch_0\';"\n    ']
[2025-03-19T19:56:01.971+0000] {subprocess.py:86} INFO - Output:
[2025-03-19T19:56:03.561+0000] {subprocess.py:93} INFO - SLF4J: Class path contains multiple SLF4J bindings.
[2025-03-19T19:56:03.563+0000] {subprocess.py:93} INFO - SLF4J: Found binding in [jar:file:/opt/hive/lib/log4j-slf4j-impl-2.17.1.jar!/org/slf4j/impl/StaticLoggerBinder.class]
[2025-03-19T19:56:03.563+0000] {subprocess.py:93} INFO - SLF4J: Found binding in [jar:file:/opt/hadoop/share/hadoop/common/lib/slf4j-log4j12-1.7.25.jar!/org/slf4j/impl/StaticLoggerBinder.class]
[2025-03-19T19:56:03.564+0000] {subprocess.py:93} INFO - SLF4J: See http://www.slf4j.org/codes.html#multiple_bindings for an explanation.
[2025-03-19T19:56:03.871+0000] {subprocess.py:93} INFO - SLF4J: Actual binding is of type [org.apache.logging.slf4j.Log4jLoggerFactory]
[2025-03-19T19:56:05.453+0000] {subprocess.py:93} INFO - Connecting to jdbc:hive2://localhost:10000
[2025-03-19T19:56:05.747+0000] {subprocess.py:93} INFO - Connected to: Apache Hive (version 3.1.3)
[2025-03-19T19:56:05.747+0000] {subprocess.py:93} INFO - Driver: Hive JDBC (version 3.1.3)
[2025-03-19T19:56:05.748+0000] {subprocess.py:93} INFO - Transaction isolation: TRANSACTION_REPEATABLE_READ
[2025-03-19T19:56:05.834+0000] {subprocess.py:93} INFO - INFO  : Compiling command(queryId=root_20250319195605_22cd8092-19e0-4c69-9900-f23e3d725bfb): CREATE EXTERNAL TABLE IF NOT EXISTS transactions (
[2025-03-19T19:56:05.835+0000] {subprocess.py:93} INFO -         transaction_id STRING,
[2025-03-19T19:56:05.836+0000] {subprocess.py:93} INFO -         date_time STRING,
[2025-03-19T19:56:05.837+0000] {subprocess.py:93} INFO -         amount DOUBLE,
[2025-03-19T19:56:05.837+0000] {subprocess.py:93} INFO -         currency STRING,
[2025-03-19T19:56:05.838+0000] {subprocess.py:93} INFO -         merchant_details STRING,
[2025-03-19T19:56:05.838+0000] {subprocess.py:93} INFO -         customer_id STRING,
[2025-03-19T19:56:05.839+0000] {subprocess.py:93} INFO -         transaction_type STRING,
[2025-03-19T19:56:05.839+0000] {subprocess.py:93} INFO -         location STRING
[2025-03-19T19:56:05.840+0000] {subprocess.py:93} INFO -     )
[2025-03-19T19:56:05.840+0000] {subprocess.py:93} INFO -     PARTITIONED BY (batch_id STRING)
[2025-03-19T19:56:05.841+0000] {subprocess.py:93} INFO -     STORED AS PARQUET
[2025-03-19T19:56:05.841+0000] {subprocess.py:93} INFO -     LOCATION '/data/transactions/transactions_batch_0'
[2025-03-19T19:56:05.841+0000] {subprocess.py:93} INFO - INFO  : Concurrency mode is disabled, not creating a lock manager
[2025-03-19T19:56:05.842+0000] {subprocess.py:93} INFO - INFO  : Semantic Analysis Completed (retrial = false)
[2025-03-19T19:56:05.842+0000] {subprocess.py:93} INFO - INFO  : Returning Hive schema: Schema(fieldSchemas:null, properties:null)
[2025-03-19T19:56:05.843+0000] {subprocess.py:93} INFO - INFO  : Completed compiling command(queryId=root_20250319195605_22cd8092-19e0-4c69-9900-f23e3d725bfb); Time taken: 0.013 seconds
[2025-03-19T19:56:05.843+0000] {subprocess.py:93} INFO - INFO  : Concurrency mode is disabled, not creating a lock manager
[2025-03-19T19:56:05.844+0000] {subprocess.py:93} INFO - INFO  : Executing command(queryId=root_20250319195605_22cd8092-19e0-4c69-9900-f23e3d725bfb): CREATE EXTERNAL TABLE IF NOT EXISTS transactions (
[2025-03-19T19:56:05.844+0000] {subprocess.py:93} INFO -         transaction_id STRING,
[2025-03-19T19:56:05.844+0000] {subprocess.py:93} INFO -         date_time STRING,
[2025-03-19T19:56:05.845+0000] {subprocess.py:93} INFO -         amount DOUBLE,
[2025-03-19T19:56:05.845+0000] {subprocess.py:93} INFO -         currency STRING,
[2025-03-19T19:56:05.847+0000] {subprocess.py:93} INFO -         merchant_details STRING,
[2025-03-19T19:56:05.848+0000] {subprocess.py:93} INFO -         customer_id STRING,
[2025-03-19T19:56:05.848+0000] {subprocess.py:93} INFO -         transaction_type STRING,
[2025-03-19T19:56:05.849+0000] {subprocess.py:93} INFO -         location STRING
[2025-03-19T19:56:05.850+0000] {subprocess.py:93} INFO -     )
[2025-03-19T19:56:05.850+0000] {subprocess.py:93} INFO -     PARTITIONED BY (batch_id STRING)
[2025-03-19T19:56:05.851+0000] {subprocess.py:93} INFO -     STORED AS PARQUET
[2025-03-19T19:56:05.851+0000] {subprocess.py:93} INFO -     LOCATION '/data/transactions/transactions_batch_0'
[2025-03-19T19:56:05.852+0000] {subprocess.py:93} INFO - INFO  : Completed executing command(queryId=root_20250319195605_22cd8092-19e0-4c69-9900-f23e3d725bfb); Time taken: 0.0 seconds
[2025-03-19T19:56:05.852+0000] {subprocess.py:93} INFO - INFO  : OK
[2025-03-19T19:56:05.853+0000] {subprocess.py:93} INFO - INFO  : Concurrency mode is disabled, not creating a lock manager
[2025-03-19T19:56:05.853+0000] {subprocess.py:93} INFO - No rows affected (0.069 seconds)
[2025-03-19T19:56:05.942+0000] {subprocess.py:93} INFO - INFO  : Compiling command(queryId=root_20250319195605_53b7429e-7ab9-4443-a2ab-7078cd117c7d): ALTER TABLE transactions ADD IF NOT EXISTS PARTITION (batch_id='batch_20250319_195552') LOCATION '/data/transactions/transactions_batch_0'
[2025-03-19T19:56:05.943+0000] {subprocess.py:93} INFO - INFO  : Concurrency mode is disabled, not creating a lock manager
[2025-03-19T19:56:05.944+0000] {subprocess.py:93} INFO - INFO  : Semantic Analysis Completed (retrial = false)
[2025-03-19T19:56:05.946+0000] {subprocess.py:93} INFO - INFO  : Returning Hive schema: Schema(fieldSchemas:null, properties:null)
[2025-03-19T19:56:05.947+0000] {subprocess.py:93} INFO - INFO  : Completed compiling command(queryId=root_20250319195605_53b7429e-7ab9-4443-a2ab-7078cd117c7d); Time taken: 0.007 seconds
[2025-03-19T19:56:05.948+0000] {subprocess.py:93} INFO - INFO  : Concurrency mode is disabled, not creating a lock manager
[2025-03-19T19:56:05.949+0000] {subprocess.py:93} INFO - INFO  : Executing command(queryId=root_20250319195605_53b7429e-7ab9-4443-a2ab-7078cd117c7d): ALTER TABLE transactions ADD IF NOT EXISTS PARTITION (batch_id='batch_20250319_195552') LOCATION '/data/transactions/transactions_batch_0'
[2025-03-19T19:56:05.950+0000] {subprocess.py:93} INFO - INFO  : Starting task [Stage-0:DDL] in serial mode
[2025-03-19T19:56:05.951+0000] {subprocess.py:93} INFO - INFO  : Completed executing command(queryId=root_20250319195605_53b7429e-7ab9-4443-a2ab-7078cd117c7d); Time taken: 0.068 seconds
[2025-03-19T19:56:05.952+0000] {subprocess.py:93} INFO - INFO  : OK
[2025-03-19T19:56:05.953+0000] {subprocess.py:93} INFO - INFO  : Concurrency mode is disabled, not creating a lock manager
[2025-03-19T19:56:05.956+0000] {subprocess.py:93} INFO - No rows affected (0.09 seconds)
[2025-03-19T19:56:05.958+0000] {subprocess.py:93} INFO - Beeline version 3.1.3 by Apache Hive
[2025-03-19T19:56:05.959+0000] {subprocess.py:93} INFO - Closing: 0: jdbc:hive2://localhost:10000
[2025-03-19T19:56:06.036+0000] {subprocess.py:97} INFO - Command exited with return code 0
[2025-03-19T19:56:06.084+0000] {taskinstance.py:1398} INFO - Marking task as SUCCESS. dag_id=transactions_pipeline, task_id=create_hive_table, execution_date=20250319T195552, start_date=20250319T195601, end_date=20250319T195606
[2025-03-19T19:56:06.136+0000] {local_task_job_runner.py:228} INFO - Task exited with return code 0
[2025-03-19T19:56:06.181+0000] {taskinstance.py:2776} INFO - 1 downstream tasks scheduled from follow-on schedule check
