[2025-03-21T14:06:00.246+0000] {taskinstance.py:1157} INFO - Dependencies all met for dep_context=non-requeueable deps ti=<TaskInstance: transactions_pipeline.detect_fraud_batch_20250321_140431 manual__2025-03-21T14:05:25.008554+00:00 [queued]>
[2025-03-21T14:06:00.265+0000] {taskinstance.py:1157} INFO - Dependencies all met for dep_context=requeueable deps ti=<TaskInstance: transactions_pipeline.detect_fraud_batch_20250321_140431 manual__2025-03-21T14:05:25.008554+00:00 [queued]>
[2025-03-21T14:06:00.266+0000] {taskinstance.py:1359} INFO - Starting attempt 1 of 1
[2025-03-21T14:06:00.290+0000] {taskinstance.py:1380} INFO - Executing <Task(BashOperator): detect_fraud_batch_20250321_140431> on 2025-03-21 14:05:25.008554+00:00
[2025-03-21T14:06:00.298+0000] {standard_task_runner.py:57} INFO - Started process 2624 to run task
[2025-03-21T14:06:00.303+0000] {standard_task_runner.py:84} INFO - Running: ['***', 'tasks', 'run', 'transactions_pipeline', 'detect_fraud_batch_20250321_140431', 'manual__2025-03-21T14:05:25.008554+00:00', '--job-id', '764', '--raw', '--subdir', 'DAGS_FOLDER/fraud_detection_pipeline.py', '--cfg-path', '/tmp/tmp3l4ikeyc']
[2025-03-21T14:06:00.314+0000] {standard_task_runner.py:85} INFO - Job 764: Subtask detect_fraud_batch_20250321_140431
[2025-03-21T14:06:00.391+0000] {task_command.py:415} INFO - Running <TaskInstance: transactions_pipeline.detect_fraud_batch_20250321_140431 manual__2025-03-21T14:05:25.008554+00:00 [running]> on host e95638583d4d
[2025-03-21T14:06:00.505+0000] {taskinstance.py:1660} INFO - Exporting env vars: AIRFLOW_CTX_DAG_EMAIL='rabiizahnoune7@gmail.com' AIRFLOW_CTX_DAG_OWNER='***' AIRFLOW_CTX_DAG_ID='transactions_pipeline' AIRFLOW_CTX_TASK_ID='detect_fraud_batch_20250321_140431' AIRFLOW_CTX_EXECUTION_DATE='2025-03-21T14:05:25.008554+00:00' AIRFLOW_CTX_TRY_NUMBER='1' AIRFLOW_CTX_DAG_RUN_ID='manual__2025-03-21T14:05:25.008554+00:00'
[2025-03-21T14:06:00.507+0000] {subprocess.py:63} INFO - Tmp dir root location: /tmp
[2025-03-21T14:06:00.509+0000] {subprocess.py:75} INFO - Running command: ['/bin/bash', '-c', '\n            docker exec hive spark-submit --master spark://localhost:7077 /hive/scripts/detect_fraud.py "batch_20250321_140431"\n            ']
[2025-03-21T14:06:00.525+0000] {subprocess.py:86} INFO - Output:
[2025-03-21T14:06:07.388+0000] {subprocess.py:93} INFO - 25/03/21 14:06:07 INFO SparkContext: Running Spark version 3.5.0
[2025-03-21T14:06:07.395+0000] {subprocess.py:93} INFO - 25/03/21 14:06:07 INFO SparkContext: OS info Linux, 5.15.167.4-microsoft-standard-WSL2, amd64
[2025-03-21T14:06:07.396+0000] {subprocess.py:93} INFO - 25/03/21 14:06:07 INFO SparkContext: Java version 1.8.0_342
[2025-03-21T14:06:07.603+0000] {subprocess.py:93} INFO - 25/03/21 14:06:07 WARN NativeCodeLoader: Unable to load native-hadoop library for your platform... using builtin-java classes where applicable
[2025-03-21T14:06:07.926+0000] {subprocess.py:93} INFO - 25/03/21 14:06:07 INFO ResourceUtils: ==============================================================
[2025-03-21T14:06:07.928+0000] {subprocess.py:93} INFO - 25/03/21 14:06:07 INFO ResourceUtils: No custom resources configured for spark.driver.
[2025-03-21T14:06:07.928+0000] {subprocess.py:93} INFO - 25/03/21 14:06:07 INFO ResourceUtils: ==============================================================
[2025-03-21T14:06:07.929+0000] {subprocess.py:93} INFO - 25/03/21 14:06:07 INFO SparkContext: Submitted application: FraudDetection
[2025-03-21T14:06:08.027+0000] {subprocess.py:93} INFO - 25/03/21 14:06:08 INFO ResourceProfile: Default ResourceProfile created, executor resources: Map(memory -> name: memory, amount: 1024, script: , vendor: , offHeap -> name: offHeap, amount: 0, script: , vendor: ), task resources: Map(cpus -> name: cpus, amount: 1.0)
[2025-03-21T14:06:08.115+0000] {subprocess.py:93} INFO - 25/03/21 14:06:08 INFO ResourceProfile: Limiting resource is cpu
[2025-03-21T14:06:08.116+0000] {subprocess.py:93} INFO - 25/03/21 14:06:08 INFO ResourceProfileManager: Added ResourceProfile id: 0
[2025-03-21T14:06:08.231+0000] {subprocess.py:93} INFO - 25/03/21 14:06:08 INFO SecurityManager: Changing view acls to: root
[2025-03-21T14:06:08.233+0000] {subprocess.py:93} INFO - 25/03/21 14:06:08 INFO SecurityManager: Changing modify acls to: root
[2025-03-21T14:06:08.287+0000] {subprocess.py:93} INFO - 25/03/21 14:06:08 INFO SecurityManager: Changing view acls groups to:
[2025-03-21T14:06:08.288+0000] {subprocess.py:93} INFO - 25/03/21 14:06:08 INFO SecurityManager: Changing modify acls groups to:
[2025-03-21T14:06:08.289+0000] {subprocess.py:93} INFO - 25/03/21 14:06:08 INFO SecurityManager: SecurityManager: authentication disabled; ui acls disabled; users with view permissions: root; groups with view permissions: EMPTY; users with modify permissions: root; groups with modify permissions: EMPTY
[2025-03-21T14:06:09.193+0000] {subprocess.py:93} INFO - 25/03/21 14:06:09 INFO Utils: Successfully started service 'sparkDriver' on port 38601.
[2025-03-21T14:06:09.315+0000] {subprocess.py:93} INFO - 25/03/21 14:06:09 INFO SparkEnv: Registering MapOutputTracker
[2025-03-21T14:06:09.503+0000] {subprocess.py:93} INFO - 25/03/21 14:06:09 INFO SparkEnv: Registering BlockManagerMaster
[2025-03-21T14:06:09.542+0000] {subprocess.py:93} INFO - 25/03/21 14:06:09 INFO BlockManagerMasterEndpoint: Using org.apache.spark.storage.DefaultTopologyMapper for getting topology information
[2025-03-21T14:06:09.543+0000] {subprocess.py:93} INFO - 25/03/21 14:06:09 INFO BlockManagerMasterEndpoint: BlockManagerMasterEndpoint up
[2025-03-21T14:06:09.595+0000] {subprocess.py:93} INFO - 25/03/21 14:06:09 INFO SparkEnv: Registering BlockManagerMasterHeartbeat
[2025-03-21T14:06:09.811+0000] {subprocess.py:93} INFO - 25/03/21 14:06:09 INFO DiskBlockManager: Created local directory at /tmp/blockmgr-d25f3f75-b070-4293-bd6e-020bd70830ed
[2025-03-21T14:06:09.844+0000] {subprocess.py:93} INFO - 25/03/21 14:06:09 INFO MemoryStore: MemoryStore started with capacity 366.3 MiB
[2025-03-21T14:06:09.915+0000] {subprocess.py:93} INFO - 25/03/21 14:06:09 INFO SparkEnv: Registering OutputCommitCoordinator
[2025-03-21T14:06:10.417+0000] {subprocess.py:93} INFO - 25/03/21 14:06:10 INFO JettyUtils: Start Jetty 0.0.0.0:4040 for SparkUI
[2025-03-21T14:06:10.617+0000] {subprocess.py:93} INFO - 25/03/21 14:06:10 WARN Utils: Service 'SparkUI' could not bind on port 4040. Attempting port 4041.
[2025-03-21T14:06:10.694+0000] {subprocess.py:93} INFO - 25/03/21 14:06:10 INFO Utils: Successfully started service 'SparkUI' on port 4041.
[2025-03-21T14:06:11.603+0000] {subprocess.py:93} INFO - 25/03/21 14:06:11 INFO StandaloneAppClient$ClientEndpoint: Connecting to master spark://localhost:7077...
[2025-03-21T14:06:11.828+0000] {subprocess.py:93} INFO - 25/03/21 14:06:11 INFO TransportClientFactory: Successfully created connection to localhost/127.0.0.1:7077 after 120 ms (0 ms spent in bootstraps)
[2025-03-21T14:06:12.396+0000] {subprocess.py:93} INFO - 25/03/21 14:06:12 INFO StandaloneSchedulerBackend: Connected to Spark cluster with app ID app-20250321140612-0011
[2025-03-21T14:06:12.498+0000] {subprocess.py:93} INFO - 25/03/21 14:06:12 INFO Utils: Successfully started service 'org.apache.spark.network.netty.NettyBlockTransferService' on port 43901.
[2025-03-21T14:06:12.501+0000] {subprocess.py:93} INFO - 25/03/21 14:06:12 INFO NettyBlockTransferService: Server created on e0b25feeb0e2:43901
[2025-03-21T14:06:12.516+0000] {subprocess.py:93} INFO - 25/03/21 14:06:12 INFO BlockManager: Using org.apache.spark.storage.RandomBlockReplicationPolicy for block replication policy
[2025-03-21T14:06:12.597+0000] {subprocess.py:93} INFO - 25/03/21 14:06:12 INFO BlockManagerMaster: Registering BlockManager BlockManagerId(driver, e0b25feeb0e2, 43901, None)
[2025-03-21T14:06:12.606+0000] {subprocess.py:93} INFO - 25/03/21 14:06:12 INFO BlockManagerMasterEndpoint: Registering block manager e0b25feeb0e2:43901 with 366.3 MiB RAM, BlockManagerId(driver, e0b25feeb0e2, 43901, None)
[2025-03-21T14:06:12.616+0000] {subprocess.py:93} INFO - 25/03/21 14:06:12 INFO BlockManagerMaster: Registered BlockManager BlockManagerId(driver, e0b25feeb0e2, 43901, None)
[2025-03-21T14:06:12.620+0000] {subprocess.py:93} INFO - 25/03/21 14:06:12 INFO BlockManager: Initialized BlockManager: BlockManagerId(driver, e0b25feeb0e2, 43901, None)
[2025-03-21T14:06:14.416+0000] {subprocess.py:93} INFO - 25/03/21 14:06:14 INFO StandaloneSchedulerBackend: SchedulerBackend is ready for scheduling beginning after reached minRegisteredResourcesRatio: 0.0
[2025-03-21T14:06:15.703+0000] {subprocess.py:93} INFO - Spark version: 3.5.0
[2025-03-21T14:06:16.196+0000] {subprocess.py:93} INFO - 25/03/21 14:06:16 INFO SharedState: Setting hive.metastore.warehouse.dir ('null') to the value of spark.sql.warehouse.dir.
[2025-03-21T14:06:19.915+0000] {subprocess.py:93} INFO - 25/03/21 14:06:19 INFO SharedState: Warehouse path is 'hdfs://localhost:9000/data/warehouse'.
[2025-03-21T14:06:29.337+0000] {subprocess.py:93} INFO - 25/03/21 14:06:29 INFO InMemoryFileIndex: It took 680 ms to list leaf files for 1 paths.
[2025-03-21T14:06:34.043+0000] {subprocess.py:93} INFO - 25/03/21 14:06:34 INFO SparkContext: Starting job: parquet at NativeMethodAccessorImpl.java:0
[2025-03-21T14:06:34.326+0000] {subprocess.py:93} INFO - 25/03/21 14:06:34 INFO DAGScheduler: Got job 0 (parquet at NativeMethodAccessorImpl.java:0) with 1 output partitions
[2025-03-21T14:06:34.328+0000] {subprocess.py:93} INFO - 25/03/21 14:06:34 INFO DAGScheduler: Final stage: ResultStage 0 (parquet at NativeMethodAccessorImpl.java:0)
[2025-03-21T14:06:34.332+0000] {subprocess.py:93} INFO - 25/03/21 14:06:34 INFO DAGScheduler: Parents of final stage: List()
[2025-03-21T14:06:34.342+0000] {subprocess.py:93} INFO - 25/03/21 14:06:34 INFO DAGScheduler: Missing parents: List()
[2025-03-21T14:06:34.439+0000] {subprocess.py:93} INFO - 25/03/21 14:06:34 INFO DAGScheduler: Submitting ResultStage 0 (MapPartitionsRDD[1] at parquet at NativeMethodAccessorImpl.java:0), which has no missing parents
[2025-03-21T14:06:35.216+0000] {subprocess.py:93} INFO - 25/03/21 14:06:35 INFO MemoryStore: Block broadcast_0 stored as values in memory (estimated size 103.3 KiB, free 366.2 MiB)
[2025-03-21T14:06:35.534+0000] {subprocess.py:93} INFO - 25/03/21 14:06:35 INFO MemoryStore: Block broadcast_0_piece0 stored as bytes in memory (estimated size 37.2 KiB, free 366.2 MiB)
[2025-03-21T14:06:35.537+0000] {subprocess.py:93} INFO - 25/03/21 14:06:35 INFO BlockManagerInfo: Added broadcast_0_piece0 in memory on e0b25feeb0e2:43901 (size: 37.2 KiB, free: 366.3 MiB)
[2025-03-21T14:06:35.623+0000] {subprocess.py:93} INFO - 25/03/21 14:06:35 INFO SparkContext: Created broadcast 0 from broadcast at DAGScheduler.scala:1580
[2025-03-21T14:06:35.817+0000] {subprocess.py:93} INFO - 25/03/21 14:06:35 INFO DAGScheduler: Submitting 1 missing tasks from ResultStage 0 (MapPartitionsRDD[1] at parquet at NativeMethodAccessorImpl.java:0) (first 15 tasks are for partitions Vector(0))
[2025-03-21T14:06:35.822+0000] {subprocess.py:93} INFO - 25/03/21 14:06:35 INFO TaskSchedulerImpl: Adding task set 0.0 with 1 tasks resource profile 0
[2025-03-21T14:06:50.917+0000] {subprocess.py:93} INFO - 25/03/21 14:06:50 WARN TaskSchedulerImpl: Initial job has not accepted any resources; check your cluster UI to ensure that workers are registered and have sufficient resources
[2025-03-21T14:06:50.072+0000] {subprocess.py:93} INFO - 25/03/21 14:06:50 INFO StandaloneAppClient$ClientEndpoint: Executor added: app-20250321140612-0011/0 on worker-20250321134653-172.18.0.2-40107 (172.18.0.2:40107) with 2 core(s)
[2025-03-21T14:06:50.076+0000] {subprocess.py:93} INFO - 25/03/21 14:06:50 INFO StandaloneSchedulerBackend: Granted executor ID app-20250321140612-0011/0 on hostPort 172.18.0.2:40107 with 2 core(s), 1024.0 MiB RAM
[2025-03-21T14:06:50.567+0000] {subprocess.py:93} INFO - 25/03/21 14:06:50 INFO StandaloneAppClient$ClientEndpoint: Executor updated: app-20250321140612-0011/0 is now RUNNING
[2025-03-21T14:06:58.242+0000] {subprocess.py:93} INFO - 25/03/21 14:06:58 INFO StandaloneSchedulerBackend$StandaloneDriverEndpoint: Registered executor NettyRpcEndpointRef(spark-client://Executor) (172.18.0.2:40170) with ID 0,  ResourceProfileId 0
[2025-03-21T14:06:58.362+0000] {subprocess.py:93} INFO - 25/03/21 14:06:58 INFO BlockManagerMasterEndpoint: Registering block manager 172.18.0.2:40855 with 366.3 MiB RAM, BlockManagerId(0, 172.18.0.2, 40855, None)
[2025-03-21T14:06:58.480+0000] {subprocess.py:93} INFO - 25/03/21 14:06:58 INFO TaskSetManager: Starting task 0.0 in stage 0.0 (TID 0) (172.18.0.2, executor 0, partition 0, PROCESS_LOCAL, 7831 bytes)
[2025-03-21T14:06:59.071+0000] {subprocess.py:93} INFO - 25/03/21 14:06:59 INFO BlockManagerInfo: Added broadcast_0_piece0 in memory on 172.18.0.2:40855 (size: 37.2 KiB, free: 366.3 MiB)
[2025-03-21T14:07:05.875+0000] {subprocess.py:93} INFO - 25/03/21 14:07:05 INFO TaskSetManager: Finished task 0.0 in stage 0.0 (TID 0) in 7408 ms on 172.18.0.2 (executor 0) (1/1)
[2025-03-21T14:07:05.886+0000] {subprocess.py:93} INFO - 25/03/21 14:07:05 INFO TaskSchedulerImpl: Removed TaskSet 0.0, whose tasks have all completed, from pool
[2025-03-21T14:07:05.954+0000] {subprocess.py:93} INFO - 25/03/21 14:07:05 INFO DAGScheduler: ResultStage 0 (parquet at NativeMethodAccessorImpl.java:0) finished in 31.418 s
[2025-03-21T14:07:05.967+0000] {subprocess.py:93} INFO - 25/03/21 14:07:05 INFO DAGScheduler: Job 0 is finished. Cancelling potential speculative or zombie tasks for this job
[2025-03-21T14:07:05.970+0000] {subprocess.py:93} INFO - 25/03/21 14:07:05 INFO TaskSchedulerImpl: Killing all running tasks in stage 0: Stage finished
[2025-03-21T14:07:05.974+0000] {subprocess.py:93} INFO - 25/03/21 14:07:05 INFO DAGScheduler: Job 0 finished: parquet at NativeMethodAccessorImpl.java:0, took 33.299747 s
[2025-03-21T14:07:09.670+0000] {subprocess.py:93} INFO - 25/03/21 14:07:09 INFO BlockManagerInfo: Removed broadcast_0_piece0 on e0b25feeb0e2:43901 in memory (size: 37.2 KiB, free: 366.3 MiB)
[2025-03-21T14:07:09.753+0000] {subprocess.py:93} INFO - 25/03/21 14:07:09 INFO BlockManagerInfo: Removed broadcast_0_piece0 on 172.18.0.2:40855 in memory (size: 37.2 KiB, free: 366.3 MiB)
[2025-03-21T14:07:12.272+0000] {subprocess.py:93} INFO - 25/03/21 14:07:12 INFO FileSourceStrategy: Pushed Filters: IsNotNull(amount),GreaterThan(amount,1000.0)
[2025-03-21T14:07:12.278+0000] {subprocess.py:93} INFO - 25/03/21 14:07:12 INFO FileSourceStrategy: Post-Scan Filters: isnotnull(amount#2),(amount#2 > 1000.0)
[2025-03-21T14:07:12.653+0000] {subprocess.py:93} INFO - 25/03/21 14:07:12 INFO ParquetUtils: Using default output committer for Parquet: org.apache.parquet.hadoop.ParquetOutputCommitter
[2025-03-21T14:07:12.688+0000] {subprocess.py:93} INFO - 25/03/21 14:07:12 INFO FileOutputCommitter: File Output Committer Algorithm version is 1
[2025-03-21T14:07:12.689+0000] {subprocess.py:93} INFO - 25/03/21 14:07:12 INFO FileOutputCommitter: FileOutputCommitter skip cleanup _temporary folders under output directory:false, ignore cleanup failures: false
[2025-03-21T14:07:12.690+0000] {subprocess.py:93} INFO - 25/03/21 14:07:12 INFO SQLHadoopMapReduceCommitProtocol: Using user defined output committer class org.apache.parquet.hadoop.ParquetOutputCommitter
[2025-03-21T14:07:12.691+0000] {subprocess.py:93} INFO - 25/03/21 14:07:12 INFO FileOutputCommitter: File Output Committer Algorithm version is 1
[2025-03-21T14:07:12.691+0000] {subprocess.py:93} INFO - 25/03/21 14:07:12 INFO FileOutputCommitter: FileOutputCommitter skip cleanup _temporary folders under output directory:false, ignore cleanup failures: false
[2025-03-21T14:07:12.692+0000] {subprocess.py:93} INFO - 25/03/21 14:07:12 INFO SQLHadoopMapReduceCommitProtocol: Using output committer class org.apache.parquet.hadoop.ParquetOutputCommitter
[2025-03-21T14:07:13.861+0000] {subprocess.py:93} INFO - 25/03/21 14:07:13 INFO CodeGenerator: Code generated in 695.925208 ms
[2025-03-21T14:07:14.053+0000] {subprocess.py:93} INFO - 25/03/21 14:07:14 INFO MemoryStore: Block broadcast_1 stored as values in memory (estimated size 357.5 KiB, free 366.0 MiB)
[2025-03-21T14:07:14.071+0000] {subprocess.py:93} INFO - 25/03/21 14:07:14 INFO MemoryStore: Block broadcast_1_piece0 stored as bytes in memory (estimated size 35.2 KiB, free 365.9 MiB)
[2025-03-21T14:07:14.073+0000] {subprocess.py:93} INFO - 25/03/21 14:07:14 INFO BlockManagerInfo: Added broadcast_1_piece0 in memory on e0b25feeb0e2:43901 (size: 35.2 KiB, free: 366.3 MiB)
[2025-03-21T14:07:14.076+0000] {subprocess.py:93} INFO - 25/03/21 14:07:14 INFO SparkContext: Created broadcast 1 from parquet at NativeMethodAccessorImpl.java:0
[2025-03-21T14:07:14.182+0000] {subprocess.py:93} INFO - 25/03/21 14:07:14 INFO FileSourceScanExec: Planning scan with bin packing, max size: 4194304 bytes, open cost is considered as scanning 4194304 bytes.
[2025-03-21T14:07:14.448+0000] {subprocess.py:93} INFO - 25/03/21 14:07:14 INFO SparkContext: Starting job: parquet at NativeMethodAccessorImpl.java:0
[2025-03-21T14:07:14.454+0000] {subprocess.py:93} INFO - 25/03/21 14:07:14 INFO DAGScheduler: Got job 1 (parquet at NativeMethodAccessorImpl.java:0) with 1 output partitions
[2025-03-21T14:07:14.455+0000] {subprocess.py:93} INFO - 25/03/21 14:07:14 INFO DAGScheduler: Final stage: ResultStage 1 (parquet at NativeMethodAccessorImpl.java:0)
[2025-03-21T14:07:14.455+0000] {subprocess.py:93} INFO - 25/03/21 14:07:14 INFO DAGScheduler: Parents of final stage: List()
[2025-03-21T14:07:14.456+0000] {subprocess.py:93} INFO - 25/03/21 14:07:14 INFO DAGScheduler: Missing parents: List()
[2025-03-21T14:07:14.457+0000] {subprocess.py:93} INFO - 25/03/21 14:07:14 INFO DAGScheduler: Submitting ResultStage 1 (MapPartitionsRDD[5] at parquet at NativeMethodAccessorImpl.java:0), which has no missing parents
[2025-03-21T14:07:14.652+0000] {subprocess.py:93} INFO - 25/03/21 14:07:14 INFO MemoryStore: Block broadcast_2 stored as values in memory (estimated size 219.2 KiB, free 365.7 MiB)
[2025-03-21T14:07:14.662+0000] {subprocess.py:93} INFO - 25/03/21 14:07:14 INFO MemoryStore: Block broadcast_2_piece0 stored as bytes in memory (estimated size 77.4 KiB, free 365.6 MiB)
[2025-03-21T14:07:14.664+0000] {subprocess.py:93} INFO - 25/03/21 14:07:14 INFO BlockManagerInfo: Added broadcast_2_piece0 in memory on e0b25feeb0e2:43901 (size: 77.4 KiB, free: 366.2 MiB)
[2025-03-21T14:07:14.665+0000] {subprocess.py:93} INFO - 25/03/21 14:07:14 INFO SparkContext: Created broadcast 2 from broadcast at DAGScheduler.scala:1580
[2025-03-21T14:07:14.667+0000] {subprocess.py:93} INFO - 25/03/21 14:07:14 INFO DAGScheduler: Submitting 1 missing tasks from ResultStage 1 (MapPartitionsRDD[5] at parquet at NativeMethodAccessorImpl.java:0) (first 15 tasks are for partitions Vector(0))
[2025-03-21T14:07:14.668+0000] {subprocess.py:93} INFO - 25/03/21 14:07:14 INFO TaskSchedulerImpl: Adding task set 1.0 with 1 tasks resource profile 0
[2025-03-21T14:07:14.679+0000] {subprocess.py:93} INFO - 25/03/21 14:07:14 INFO TaskSetManager: Starting task 0.0 in stage 1.0 (TID 1) (172.18.0.2, executor 0, partition 0, ANY, 8299 bytes)
[2025-03-21T14:07:14.857+0000] {subprocess.py:93} INFO - 25/03/21 14:07:14 INFO BlockManagerInfo: Added broadcast_2_piece0 in memory on 172.18.0.2:40855 (size: 77.4 KiB, free: 366.2 MiB)
[2025-03-21T14:07:18.857+0000] {subprocess.py:93} INFO - 25/03/21 14:07:18 INFO BlockManagerInfo: Added broadcast_1_piece0 in memory on 172.18.0.2:40855 (size: 35.2 KiB, free: 366.2 MiB)
[2025-03-21T14:07:18.879+0000] {subprocess.py:93} INFO - 25/03/21 14:07:18 INFO TaskSetManager: Finished task 0.0 in stage 1.0 (TID 1) in 4204 ms on 172.18.0.2 (executor 0) (1/1)
[2025-03-21T14:07:18.883+0000] {subprocess.py:93} INFO - 25/03/21 14:07:18 INFO TaskSchedulerImpl: Removed TaskSet 1.0, whose tasks have all completed, from pool
[2025-03-21T14:07:18.885+0000] {subprocess.py:93} INFO - 25/03/21 14:07:18 INFO DAGScheduler: ResultStage 1 (parquet at NativeMethodAccessorImpl.java:0) finished in 4.414 s
[2025-03-21T14:07:18.887+0000] {subprocess.py:93} INFO - 25/03/21 14:07:18 INFO DAGScheduler: Job 1 is finished. Cancelling potential speculative or zombie tasks for this job
[2025-03-21T14:07:18.887+0000] {subprocess.py:93} INFO - 25/03/21 14:07:18 INFO TaskSchedulerImpl: Killing all running tasks in stage 1: Stage finished
[2025-03-21T14:07:18.888+0000] {subprocess.py:93} INFO - 25/03/21 14:07:18 INFO DAGScheduler: Job 1 finished: parquet at NativeMethodAccessorImpl.java:0, took 5.814640 s
[2025-03-21T14:07:18.892+0000] {subprocess.py:93} INFO - 25/03/21 14:07:18 INFO FileFormatWriter: Start to commit write Job 040f9124-2935-4fa5-8e6b-dc294dc0fd30.
[2025-03-21T14:07:19.032+0000] {subprocess.py:93} INFO - 25/03/21 14:07:19 INFO FileFormatWriter: Write Job 040f9124-2935-4fa5-8e6b-dc294dc0fd30 committed. Elapsed time: 138 ms.
[2025-03-21T14:07:19.036+0000] {subprocess.py:93} INFO - 25/03/21 14:07:19 INFO FileFormatWriter: Finished processing stats for write job 040f9124-2935-4fa5-8e6b-dc294dc0fd30.
[2025-03-21T14:07:19.047+0000] {subprocess.py:93} INFO - 25/03/21 14:07:19 INFO SparkContext: SparkContext is stopping with exitCode 0.
[2025-03-21T14:07:19.077+0000] {subprocess.py:93} INFO - 25/03/21 14:07:19 INFO SparkUI: Stopped Spark web UI at http://e0b25feeb0e2:4041
[2025-03-21T14:07:19.086+0000] {subprocess.py:93} INFO - 25/03/21 14:07:19 INFO StandaloneSchedulerBackend: Shutting down all executors
[2025-03-21T14:07:19.087+0000] {subprocess.py:93} INFO - 25/03/21 14:07:19 INFO StandaloneSchedulerBackend$StandaloneDriverEndpoint: Asking each executor to shut down
[2025-03-21T14:07:19.375+0000] {subprocess.py:93} INFO - 25/03/21 14:07:19 INFO MapOutputTrackerMasterEndpoint: MapOutputTrackerMasterEndpoint stopped!
[2025-03-21T14:07:19.481+0000] {subprocess.py:93} INFO - 25/03/21 14:07:19 INFO MemoryStore: MemoryStore cleared
[2025-03-21T14:07:19.483+0000] {subprocess.py:93} INFO - 25/03/21 14:07:19 INFO BlockManager: BlockManager stopped
[2025-03-21T14:07:19.496+0000] {subprocess.py:93} INFO - 25/03/21 14:07:19 INFO BlockManagerMaster: BlockManagerMaster stopped
[2025-03-21T14:07:19.501+0000] {subprocess.py:93} INFO - 25/03/21 14:07:19 INFO OutputCommitCoordinator$OutputCommitCoordinatorEndpoint: OutputCommitCoordinator stopped!
[2025-03-21T14:07:19.587+0000] {subprocess.py:93} INFO - 25/03/21 14:07:19 INFO SparkContext: Successfully stopped SparkContext
[2025-03-21T14:07:20.105+0000] {subprocess.py:93} INFO - 25/03/21 14:07:20 INFO ShutdownHookManager: Shutdown hook called
[2025-03-21T14:07:20.106+0000] {subprocess.py:93} INFO - 25/03/21 14:07:20 INFO ShutdownHookManager: Deleting directory /tmp/spark-26eb8086-8c08-4904-933a-8f7a2355f31a
[2025-03-21T14:07:20.169+0000] {subprocess.py:93} INFO - 25/03/21 14:07:20 INFO ShutdownHookManager: Deleting directory /tmp/spark-26eb8086-8c08-4904-933a-8f7a2355f31a/pyspark-e52ffc98-9221-4c61-a50c-3085148f2050
[2025-03-21T14:07:20.178+0000] {subprocess.py:93} INFO - 25/03/21 14:07:20 INFO ShutdownHookManager: Deleting directory /tmp/spark-ba5739fa-4f1d-4445-8613-c953b038a4a4
[2025-03-21T14:07:20.392+0000] {subprocess.py:97} INFO - Command exited with return code 0
[2025-03-21T14:07:20.458+0000] {taskinstance.py:1398} INFO - Marking task as SUCCESS. dag_id=transactions_pipeline, task_id=detect_fraud_batch_20250321_140431, execution_date=20250321T140525, start_date=20250321T140600, end_date=20250321T140720
[2025-03-21T14:07:21.056+0000] {local_task_job_runner.py:228} INFO - Task exited with return code 0
[2025-03-21T14:07:21.095+0000] {taskinstance.py:2776} INFO - 0 downstream tasks scheduled from follow-on schedule check
