[2025-03-21T14:06:58.488+0000] {taskinstance.py:1157} INFO - Dependencies all met for dep_context=non-requeueable deps ti=<TaskInstance: transactions_pipeline.detect_fraud_batch_20250321_140549 manual__2025-03-21T14:05:25.008554+00:00 [queued]>
[2025-03-21T14:06:58.510+0000] {taskinstance.py:1157} INFO - Dependencies all met for dep_context=requeueable deps ti=<TaskInstance: transactions_pipeline.detect_fraud_batch_20250321_140549 manual__2025-03-21T14:05:25.008554+00:00 [queued]>
[2025-03-21T14:06:58.511+0000] {taskinstance.py:1359} INFO - Starting attempt 1 of 1
[2025-03-21T14:06:58.527+0000] {taskinstance.py:1380} INFO - Executing <Task(BashOperator): detect_fraud_batch_20250321_140549> on 2025-03-21 14:05:25.008554+00:00
[2025-03-21T14:06:58.533+0000] {standard_task_runner.py:57} INFO - Started process 2815 to run task
[2025-03-21T14:06:58.537+0000] {standard_task_runner.py:84} INFO - Running: ['***', 'tasks', 'run', 'transactions_pipeline', 'detect_fraud_batch_20250321_140549', 'manual__2025-03-21T14:05:25.008554+00:00', '--job-id', '770', '--raw', '--subdir', 'DAGS_FOLDER/fraud_detection_pipeline.py', '--cfg-path', '/tmp/tmpqhwdvdtn']
[2025-03-21T14:06:58.540+0000] {standard_task_runner.py:85} INFO - Job 770: Subtask detect_fraud_batch_20250321_140549
[2025-03-21T14:06:58.617+0000] {task_command.py:415} INFO - Running <TaskInstance: transactions_pipeline.detect_fraud_batch_20250321_140549 manual__2025-03-21T14:05:25.008554+00:00 [running]> on host e95638583d4d
[2025-03-21T14:06:58.727+0000] {taskinstance.py:1660} INFO - Exporting env vars: AIRFLOW_CTX_DAG_EMAIL='rabiizahnoune7@gmail.com' AIRFLOW_CTX_DAG_OWNER='***' AIRFLOW_CTX_DAG_ID='transactions_pipeline' AIRFLOW_CTX_TASK_ID='detect_fraud_batch_20250321_140549' AIRFLOW_CTX_EXECUTION_DATE='2025-03-21T14:05:25.008554+00:00' AIRFLOW_CTX_TRY_NUMBER='1' AIRFLOW_CTX_DAG_RUN_ID='manual__2025-03-21T14:05:25.008554+00:00'
[2025-03-21T14:06:58.730+0000] {subprocess.py:63} INFO - Tmp dir root location: /tmp
[2025-03-21T14:06:58.732+0000] {subprocess.py:75} INFO - Running command: ['/bin/bash', '-c', '\n            docker exec hive spark-submit --master spark://localhost:7077 /hive/scripts/detect_fraud.py "batch_20250321_140549"\n            ']
[2025-03-21T14:06:58.745+0000] {subprocess.py:86} INFO - Output:
[2025-03-21T14:07:07.576+0000] {subprocess.py:93} INFO - 25/03/21 14:07:07 INFO SparkContext: Running Spark version 3.5.0
[2025-03-21T14:07:07.581+0000] {subprocess.py:93} INFO - 25/03/21 14:07:07 INFO SparkContext: OS info Linux, 5.15.167.4-microsoft-standard-WSL2, amd64
[2025-03-21T14:07:07.582+0000] {subprocess.py:93} INFO - 25/03/21 14:07:07 INFO SparkContext: Java version 1.8.0_342
[2025-03-21T14:07:07.750+0000] {subprocess.py:93} INFO - 25/03/21 14:07:07 WARN NativeCodeLoader: Unable to load native-hadoop library for your platform... using builtin-java classes where applicable
[2025-03-21T14:07:07.958+0000] {subprocess.py:93} INFO - 25/03/21 14:07:07 INFO ResourceUtils: ==============================================================
[2025-03-21T14:07:07.960+0000] {subprocess.py:93} INFO - 25/03/21 14:07:07 INFO ResourceUtils: No custom resources configured for spark.driver.
[2025-03-21T14:07:07.961+0000] {subprocess.py:93} INFO - 25/03/21 14:07:07 INFO ResourceUtils: ==============================================================
[2025-03-21T14:07:07.962+0000] {subprocess.py:93} INFO - 25/03/21 14:07:07 INFO SparkContext: Submitted application: FraudDetection
[2025-03-21T14:07:08.104+0000] {subprocess.py:93} INFO - 25/03/21 14:07:08 INFO ResourceProfile: Default ResourceProfile created, executor resources: Map(memory -> name: memory, amount: 1024, script: , vendor: , offHeap -> name: offHeap, amount: 0, script: , vendor: ), task resources: Map(cpus -> name: cpus, amount: 1.0)
[2025-03-21T14:07:08.188+0000] {subprocess.py:93} INFO - 25/03/21 14:07:08 INFO ResourceProfile: Limiting resource is cpu
[2025-03-21T14:07:08.189+0000] {subprocess.py:93} INFO - 25/03/21 14:07:08 INFO ResourceProfileManager: Added ResourceProfile id: 0
[2025-03-21T14:07:08.314+0000] {subprocess.py:93} INFO - 25/03/21 14:07:08 INFO SecurityManager: Changing view acls to: root
[2025-03-21T14:07:08.346+0000] {subprocess.py:93} INFO - 25/03/21 14:07:08 INFO SecurityManager: Changing modify acls to: root
[2025-03-21T14:07:08.358+0000] {subprocess.py:93} INFO - 25/03/21 14:07:08 INFO SecurityManager: Changing view acls groups to:
[2025-03-21T14:07:08.360+0000] {subprocess.py:93} INFO - 25/03/21 14:07:08 INFO SecurityManager: Changing modify acls groups to:
[2025-03-21T14:07:08.361+0000] {subprocess.py:93} INFO - 25/03/21 14:07:08 INFO SecurityManager: SecurityManager: authentication disabled; ui acls disabled; users with view permissions: root; groups with view permissions: EMPTY; users with modify permissions: root; groups with modify permissions: EMPTY
[2025-03-21T14:07:09.502+0000] {subprocess.py:93} INFO - 25/03/21 14:07:09 INFO Utils: Successfully started service 'sparkDriver' on port 42073.
[2025-03-21T14:07:09.578+0000] {subprocess.py:93} INFO - 25/03/21 14:07:09 INFO SparkEnv: Registering MapOutputTracker
[2025-03-21T14:07:09.850+0000] {subprocess.py:93} INFO - 25/03/21 14:07:09 INFO SparkEnv: Registering BlockManagerMaster
[2025-03-21T14:07:09.887+0000] {subprocess.py:93} INFO - 25/03/21 14:07:09 INFO BlockManagerMasterEndpoint: Using org.apache.spark.storage.DefaultTopologyMapper for getting topology information
[2025-03-21T14:07:09.888+0000] {subprocess.py:93} INFO - 25/03/21 14:07:09 INFO BlockManagerMasterEndpoint: BlockManagerMasterEndpoint up
[2025-03-21T14:07:09.896+0000] {subprocess.py:93} INFO - 25/03/21 14:07:09 INFO SparkEnv: Registering BlockManagerMasterHeartbeat
[2025-03-21T14:07:10.146+0000] {subprocess.py:93} INFO - 25/03/21 14:07:10 INFO DiskBlockManager: Created local directory at /tmp/blockmgr-823fafb8-7d7f-4a9e-9194-0fb7c25d3aed
[2025-03-21T14:07:10.181+0000] {subprocess.py:93} INFO - 25/03/21 14:07:10 INFO MemoryStore: MemoryStore started with capacity 366.3 MiB
[2025-03-21T14:07:10.261+0000] {subprocess.py:93} INFO - 25/03/21 14:07:10 INFO SparkEnv: Registering OutputCommitCoordinator
[2025-03-21T14:07:10.877+0000] {subprocess.py:93} INFO - 25/03/21 14:07:10 INFO JettyUtils: Start Jetty 0.0.0.0:4040 for SparkUI
[2025-03-21T14:07:11.280+0000] {subprocess.py:93} INFO - 25/03/21 14:07:11 INFO Utils: Successfully started service 'SparkUI' on port 4040.
[2025-03-21T14:07:11.752+0000] {subprocess.py:93} INFO - 25/03/21 14:07:11 INFO StandaloneAppClient$ClientEndpoint: Connecting to master spark://localhost:7077...
[2025-03-21T14:07:11.957+0000] {subprocess.py:93} INFO - 25/03/21 14:07:11 INFO TransportClientFactory: Successfully created connection to localhost/127.0.0.1:7077 after 151 ms (0 ms spent in bootstraps)
[2025-03-21T14:07:12.182+0000] {subprocess.py:93} INFO - 25/03/21 14:07:12 INFO StandaloneSchedulerBackend: Connected to Spark cluster with app ID app-20250321140712-0012
[2025-03-21T14:07:12.198+0000] {subprocess.py:93} INFO - 25/03/21 14:07:12 INFO Utils: Successfully started service 'org.apache.spark.network.netty.NettyBlockTransferService' on port 42177.
[2025-03-21T14:07:12.199+0000] {subprocess.py:93} INFO - 25/03/21 14:07:12 INFO NettyBlockTransferService: Server created on e0b25feeb0e2:42177
[2025-03-21T14:07:12.203+0000] {subprocess.py:93} INFO - 25/03/21 14:07:12 INFO BlockManager: Using org.apache.spark.storage.RandomBlockReplicationPolicy for block replication policy
[2025-03-21T14:07:12.213+0000] {subprocess.py:93} INFO - 25/03/21 14:07:12 INFO BlockManagerMaster: Registering BlockManager BlockManagerId(driver, e0b25feeb0e2, 42177, None)
[2025-03-21T14:07:12.220+0000] {subprocess.py:93} INFO - 25/03/21 14:07:12 INFO BlockManagerMasterEndpoint: Registering block manager e0b25feeb0e2:42177 with 366.3 MiB RAM, BlockManagerId(driver, e0b25feeb0e2, 42177, None)
[2025-03-21T14:07:12.245+0000] {subprocess.py:93} INFO - 25/03/21 14:07:12 INFO BlockManagerMaster: Registered BlockManager BlockManagerId(driver, e0b25feeb0e2, 42177, None)
[2025-03-21T14:07:12.251+0000] {subprocess.py:93} INFO - 25/03/21 14:07:12 INFO BlockManager: Initialized BlockManager: BlockManagerId(driver, e0b25feeb0e2, 42177, None)
[2025-03-21T14:07:13.049+0000] {subprocess.py:93} INFO - 25/03/21 14:07:13 INFO StandaloneSchedulerBackend: SchedulerBackend is ready for scheduling beginning after reached minRegisteredResourcesRatio: 0.0
[2025-03-21T14:07:13.578+0000] {subprocess.py:93} INFO - Spark version: 3.5.0
[2025-03-21T14:07:14.159+0000] {subprocess.py:93} INFO - 25/03/21 14:07:14 INFO SharedState: Setting hive.metastore.warehouse.dir ('null') to the value of spark.sql.warehouse.dir.
[2025-03-21T14:07:16.296+0000] {subprocess.py:93} INFO - 25/03/21 14:07:16 INFO SharedState: Warehouse path is 'hdfs://localhost:9000/data/warehouse'.
[2025-03-21T14:07:19.194+0000] {subprocess.py:93} INFO - 25/03/21 14:07:19 INFO StandaloneAppClient$ClientEndpoint: Executor added: app-20250321140712-0012/0 on worker-20250321134653-172.18.0.2-40107 (172.18.0.2:40107) with 2 core(s)
[2025-03-21T14:07:19.274+0000] {subprocess.py:93} INFO - 25/03/21 14:07:19 INFO StandaloneSchedulerBackend: Granted executor ID app-20250321140712-0012/0 on hostPort 172.18.0.2:40107 with 2 core(s), 1024.0 MiB RAM
[2025-03-21T14:07:19.583+0000] {subprocess.py:93} INFO - 25/03/21 14:07:19 INFO StandaloneAppClient$ClientEndpoint: Executor updated: app-20250321140712-0012/0 is now RUNNING
[2025-03-21T14:07:19.822+0000] {subprocess.py:93} INFO - 25/03/21 14:07:19 INFO InMemoryFileIndex: It took 541 ms to list leaf files for 1 paths.
[2025-03-21T14:07:22.479+0000] {subprocess.py:93} INFO - 25/03/21 14:07:22 INFO SparkContext: Starting job: parquet at NativeMethodAccessorImpl.java:0
[2025-03-21T14:07:22.571+0000] {subprocess.py:93} INFO - 25/03/21 14:07:22 INFO DAGScheduler: Got job 0 (parquet at NativeMethodAccessorImpl.java:0) with 1 output partitions
[2025-03-21T14:07:22.573+0000] {subprocess.py:93} INFO - 25/03/21 14:07:22 INFO DAGScheduler: Final stage: ResultStage 0 (parquet at NativeMethodAccessorImpl.java:0)
[2025-03-21T14:07:22.575+0000] {subprocess.py:93} INFO - 25/03/21 14:07:22 INFO DAGScheduler: Parents of final stage: List()
[2025-03-21T14:07:22.583+0000] {subprocess.py:93} INFO - 25/03/21 14:07:22 INFO DAGScheduler: Missing parents: List()
[2025-03-21T14:07:22.594+0000] {subprocess.py:93} INFO - 25/03/21 14:07:22 INFO DAGScheduler: Submitting ResultStage 0 (MapPartitionsRDD[1] at parquet at NativeMethodAccessorImpl.java:0), which has no missing parents
[2025-03-21T14:07:22.885+0000] {subprocess.py:93} INFO - 25/03/21 14:07:22 INFO MemoryStore: Block broadcast_0 stored as values in memory (estimated size 103.3 KiB, free 366.2 MiB)
[2025-03-21T14:07:23.092+0000] {subprocess.py:93} INFO - 25/03/21 14:07:23 INFO MemoryStore: Block broadcast_0_piece0 stored as bytes in memory (estimated size 37.2 KiB, free 366.2 MiB)
[2025-03-21T14:07:23.106+0000] {subprocess.py:93} INFO - 25/03/21 14:07:23 INFO BlockManagerInfo: Added broadcast_0_piece0 in memory on e0b25feeb0e2:42177 (size: 37.2 KiB, free: 366.3 MiB)
[2025-03-21T14:07:23.116+0000] {subprocess.py:93} INFO - 25/03/21 14:07:23 INFO SparkContext: Created broadcast 0 from broadcast at DAGScheduler.scala:1580
[2025-03-21T14:07:23.279+0000] {subprocess.py:93} INFO - 25/03/21 14:07:23 INFO DAGScheduler: Submitting 1 missing tasks from ResultStage 0 (MapPartitionsRDD[1] at parquet at NativeMethodAccessorImpl.java:0) (first 15 tasks are for partitions Vector(0))
[2025-03-21T14:07:23.282+0000] {subprocess.py:93} INFO - 25/03/21 14:07:23 INFO TaskSchedulerImpl: Adding task set 0.0 with 1 tasks resource profile 0
[2025-03-21T14:07:26.281+0000] {subprocess.py:93} INFO - 25/03/21 14:07:26 INFO StandaloneSchedulerBackend$StandaloneDriverEndpoint: Registered executor NettyRpcEndpointRef(spark-client://Executor) (172.18.0.2:55840) with ID 0,  ResourceProfileId 0
[2025-03-21T14:07:26.504+0000] {subprocess.py:93} INFO - 25/03/21 14:07:26 INFO BlockManagerMasterEndpoint: Registering block manager 172.18.0.2:37575 with 366.3 MiB RAM, BlockManagerId(0, 172.18.0.2, 37575, None)
[2025-03-21T14:07:26.624+0000] {subprocess.py:93} INFO - 25/03/21 14:07:26 INFO TaskSetManager: Starting task 0.0 in stage 0.0 (TID 0) (172.18.0.2, executor 0, partition 0, PROCESS_LOCAL, 7831 bytes)
[2025-03-21T14:07:27.037+0000] {subprocess.py:93} INFO - 25/03/21 14:07:27 INFO BlockManagerInfo: Added broadcast_0_piece0 in memory on 172.18.0.2:37575 (size: 37.2 KiB, free: 366.3 MiB)
[2025-03-21T14:07:29.614+0000] {subprocess.py:93} INFO - 25/03/21 14:07:29 INFO TaskSetManager: Finished task 0.0 in stage 0.0 (TID 0) in 3004 ms on 172.18.0.2 (executor 0) (1/1)
[2025-03-21T14:07:29.681+0000] {subprocess.py:93} INFO - 25/03/21 14:07:29 INFO TaskSchedulerImpl: Removed TaskSet 0.0, whose tasks have all completed, from pool
[2025-03-21T14:07:29.696+0000] {subprocess.py:93} INFO - 25/03/21 14:07:29 INFO DAGScheduler: ResultStage 0 (parquet at NativeMethodAccessorImpl.java:0) finished in 7.018 s
[2025-03-21T14:07:29.705+0000] {subprocess.py:93} INFO - 25/03/21 14:07:29 INFO DAGScheduler: Job 0 is finished. Cancelling potential speculative or zombie tasks for this job
[2025-03-21T14:07:29.708+0000] {subprocess.py:93} INFO - 25/03/21 14:07:29 INFO TaskSchedulerImpl: Killing all running tasks in stage 0: Stage finished
[2025-03-21T14:07:29.718+0000] {subprocess.py:93} INFO - 25/03/21 14:07:29 INFO DAGScheduler: Job 0 finished: parquet at NativeMethodAccessorImpl.java:0, took 7.232625 s
[2025-03-21T14:07:31.326+0000] {subprocess.py:93} INFO - 25/03/21 14:07:31 INFO BlockManagerInfo: Removed broadcast_0_piece0 on e0b25feeb0e2:42177 in memory (size: 37.2 KiB, free: 366.3 MiB)
[2025-03-21T14:07:31.372+0000] {subprocess.py:93} INFO - 25/03/21 14:07:31 INFO BlockManagerInfo: Removed broadcast_0_piece0 on 172.18.0.2:37575 in memory (size: 37.2 KiB, free: 366.3 MiB)
[2025-03-21T14:07:32.456+0000] {subprocess.py:93} INFO - 25/03/21 14:07:32 INFO FileSourceStrategy: Pushed Filters: IsNotNull(amount),GreaterThan(amount,1000.0)
[2025-03-21T14:07:32.466+0000] {subprocess.py:93} INFO - 25/03/21 14:07:32 INFO FileSourceStrategy: Post-Scan Filters: isnotnull(amount#2),(amount#2 > 1000.0)
[2025-03-21T14:07:32.707+0000] {subprocess.py:93} INFO - 25/03/21 14:07:32 INFO ParquetUtils: Using default output committer for Parquet: org.apache.parquet.hadoop.ParquetOutputCommitter
[2025-03-21T14:07:32.731+0000] {subprocess.py:93} INFO - 25/03/21 14:07:32 INFO FileOutputCommitter: File Output Committer Algorithm version is 1
[2025-03-21T14:07:32.734+0000] {subprocess.py:93} INFO - 25/03/21 14:07:32 INFO FileOutputCommitter: FileOutputCommitter skip cleanup _temporary folders under output directory:false, ignore cleanup failures: false
[2025-03-21T14:07:32.735+0000] {subprocess.py:93} INFO - 25/03/21 14:07:32 INFO SQLHadoopMapReduceCommitProtocol: Using user defined output committer class org.apache.parquet.hadoop.ParquetOutputCommitter
[2025-03-21T14:07:32.735+0000] {subprocess.py:93} INFO - 25/03/21 14:07:32 INFO FileOutputCommitter: File Output Committer Algorithm version is 1
[2025-03-21T14:07:32.736+0000] {subprocess.py:93} INFO - 25/03/21 14:07:32 INFO FileOutputCommitter: FileOutputCommitter skip cleanup _temporary folders under output directory:false, ignore cleanup failures: false
[2025-03-21T14:07:32.738+0000] {subprocess.py:93} INFO - 25/03/21 14:07:32 INFO SQLHadoopMapReduceCommitProtocol: Using output committer class org.apache.parquet.hadoop.ParquetOutputCommitter
[2025-03-21T14:07:33.218+0000] {subprocess.py:93} INFO - 25/03/21 14:07:33 INFO CodeGenerator: Code generated in 296.65422 ms
[2025-03-21T14:07:33.261+0000] {subprocess.py:93} INFO - 25/03/21 14:07:33 INFO MemoryStore: Block broadcast_1 stored as values in memory (estimated size 357.5 KiB, free 366.0 MiB)
[2025-03-21T14:07:33.286+0000] {subprocess.py:93} INFO - 25/03/21 14:07:33 INFO MemoryStore: Block broadcast_1_piece0 stored as bytes in memory (estimated size 35.2 KiB, free 365.9 MiB)
[2025-03-21T14:07:33.288+0000] {subprocess.py:93} INFO - 25/03/21 14:07:33 INFO BlockManagerInfo: Added broadcast_1_piece0 in memory on e0b25feeb0e2:42177 (size: 35.2 KiB, free: 366.3 MiB)
[2025-03-21T14:07:33.292+0000] {subprocess.py:93} INFO - 25/03/21 14:07:33 INFO SparkContext: Created broadcast 1 from parquet at NativeMethodAccessorImpl.java:0
[2025-03-21T14:07:33.321+0000] {subprocess.py:93} INFO - 25/03/21 14:07:33 INFO FileSourceScanExec: Planning scan with bin packing, max size: 4194304 bytes, open cost is considered as scanning 4194304 bytes.
[2025-03-21T14:07:33.402+0000] {subprocess.py:93} INFO - 25/03/21 14:07:33 INFO SparkContext: Starting job: parquet at NativeMethodAccessorImpl.java:0
[2025-03-21T14:07:33.403+0000] {subprocess.py:93} INFO - 25/03/21 14:07:33 INFO DAGScheduler: Got job 1 (parquet at NativeMethodAccessorImpl.java:0) with 1 output partitions
[2025-03-21T14:07:33.404+0000] {subprocess.py:93} INFO - 25/03/21 14:07:33 INFO DAGScheduler: Final stage: ResultStage 1 (parquet at NativeMethodAccessorImpl.java:0)
[2025-03-21T14:07:33.405+0000] {subprocess.py:93} INFO - 25/03/21 14:07:33 INFO DAGScheduler: Parents of final stage: List()
[2025-03-21T14:07:33.406+0000] {subprocess.py:93} INFO - 25/03/21 14:07:33 INFO DAGScheduler: Missing parents: List()
[2025-03-21T14:07:33.407+0000] {subprocess.py:93} INFO - 25/03/21 14:07:33 INFO DAGScheduler: Submitting ResultStage 1 (MapPartitionsRDD[5] at parquet at NativeMethodAccessorImpl.java:0), which has no missing parents
[2025-03-21T14:07:33.501+0000] {subprocess.py:93} INFO - 25/03/21 14:07:33 INFO MemoryStore: Block broadcast_2 stored as values in memory (estimated size 219.2 KiB, free 365.7 MiB)
[2025-03-21T14:07:33.508+0000] {subprocess.py:93} INFO - 25/03/21 14:07:33 INFO MemoryStore: Block broadcast_2_piece0 stored as bytes in memory (estimated size 77.4 KiB, free 365.6 MiB)
[2025-03-21T14:07:33.511+0000] {subprocess.py:93} INFO - 25/03/21 14:07:33 INFO BlockManagerInfo: Added broadcast_2_piece0 in memory on e0b25feeb0e2:42177 (size: 77.4 KiB, free: 366.2 MiB)
[2025-03-21T14:07:33.512+0000] {subprocess.py:93} INFO - 25/03/21 14:07:33 INFO SparkContext: Created broadcast 2 from broadcast at DAGScheduler.scala:1580
[2025-03-21T14:07:33.513+0000] {subprocess.py:93} INFO - 25/03/21 14:07:33 INFO DAGScheduler: Submitting 1 missing tasks from ResultStage 1 (MapPartitionsRDD[5] at parquet at NativeMethodAccessorImpl.java:0) (first 15 tasks are for partitions Vector(0))
[2025-03-21T14:07:33.514+0000] {subprocess.py:93} INFO - 25/03/21 14:07:33 INFO TaskSchedulerImpl: Adding task set 1.0 with 1 tasks resource profile 0
[2025-03-21T14:07:33.526+0000] {subprocess.py:93} INFO - 25/03/21 14:07:33 INFO TaskSetManager: Starting task 0.0 in stage 1.0 (TID 1) (172.18.0.2, executor 0, partition 0, ANY, 8299 bytes)
[2025-03-21T14:07:33.611+0000] {subprocess.py:93} INFO - 25/03/21 14:07:33 INFO BlockManagerInfo: Added broadcast_2_piece0 in memory on 172.18.0.2:37575 (size: 77.4 KiB, free: 366.2 MiB)
[2025-03-21T14:07:35.747+0000] {subprocess.py:93} INFO - 25/03/21 14:07:35 INFO BlockManagerInfo: Added broadcast_1_piece0 in memory on 172.18.0.2:37575 (size: 35.2 KiB, free: 366.2 MiB)
[2025-03-21T14:07:36.490+0000] {subprocess.py:93} INFO - 25/03/21 14:07:36 INFO TaskSetManager: Finished task 0.0 in stage 1.0 (TID 1) in 2967 ms on 172.18.0.2 (executor 0) (1/1)
[2025-03-21T14:07:36.491+0000] {subprocess.py:93} INFO - 25/03/21 14:07:36 INFO TaskSchedulerImpl: Removed TaskSet 1.0, whose tasks have all completed, from pool
[2025-03-21T14:07:36.492+0000] {subprocess.py:93} INFO - 25/03/21 14:07:36 INFO DAGScheduler: ResultStage 1 (parquet at NativeMethodAccessorImpl.java:0) finished in 3.072 s
[2025-03-21T14:07:36.493+0000] {subprocess.py:93} INFO - 25/03/21 14:07:36 INFO DAGScheduler: Job 1 is finished. Cancelling potential speculative or zombie tasks for this job
[2025-03-21T14:07:36.494+0000] {subprocess.py:93} INFO - 25/03/21 14:07:36 INFO TaskSchedulerImpl: Killing all running tasks in stage 1: Stage finished
[2025-03-21T14:07:36.495+0000] {subprocess.py:93} INFO - 25/03/21 14:07:36 INFO DAGScheduler: Job 1 finished: parquet at NativeMethodAccessorImpl.java:0, took 3.092203 s
[2025-03-21T14:07:36.498+0000] {subprocess.py:93} INFO - 25/03/21 14:07:36 INFO FileFormatWriter: Start to commit write Job ffdcfbec-e6c2-466a-a0fa-446ae1899036.
[2025-03-21T14:07:36.592+0000] {subprocess.py:93} INFO - 25/03/21 14:07:36 INFO FileFormatWriter: Write Job ffdcfbec-e6c2-466a-a0fa-446ae1899036 committed. Elapsed time: 90 ms.
[2025-03-21T14:07:36.597+0000] {subprocess.py:93} INFO - 25/03/21 14:07:36 INFO FileFormatWriter: Finished processing stats for write job ffdcfbec-e6c2-466a-a0fa-446ae1899036.
[2025-03-21T14:07:36.603+0000] {subprocess.py:93} INFO - 25/03/21 14:07:36 INFO SparkContext: SparkContext is stopping with exitCode 0.
[2025-03-21T14:07:36.620+0000] {subprocess.py:93} INFO - 25/03/21 14:07:36 INFO SparkUI: Stopped Spark web UI at http://e0b25feeb0e2:4040
[2025-03-21T14:07:36.630+0000] {subprocess.py:93} INFO - 25/03/21 14:07:36 INFO StandaloneSchedulerBackend: Shutting down all executors
[2025-03-21T14:07:36.631+0000] {subprocess.py:93} INFO - 25/03/21 14:07:36 INFO StandaloneSchedulerBackend$StandaloneDriverEndpoint: Asking each executor to shut down
[2025-03-21T14:07:36.674+0000] {subprocess.py:93} INFO - 25/03/21 14:07:36 INFO MapOutputTrackerMasterEndpoint: MapOutputTrackerMasterEndpoint stopped!
[2025-03-21T14:07:36.694+0000] {subprocess.py:93} INFO - 25/03/21 14:07:36 INFO MemoryStore: MemoryStore cleared
[2025-03-21T14:07:36.696+0000] {subprocess.py:93} INFO - 25/03/21 14:07:36 INFO BlockManager: BlockManager stopped
[2025-03-21T14:07:36.701+0000] {subprocess.py:93} INFO - 25/03/21 14:07:36 INFO BlockManagerMaster: BlockManagerMaster stopped
[2025-03-21T14:07:36.705+0000] {subprocess.py:93} INFO - 25/03/21 14:07:36 INFO OutputCommitCoordinator$OutputCommitCoordinatorEndpoint: OutputCommitCoordinator stopped!
[2025-03-21T14:07:36.715+0000] {subprocess.py:93} INFO - 25/03/21 14:07:36 INFO SparkContext: Successfully stopped SparkContext
[2025-03-21T14:07:36.861+0000] {subprocess.py:93} INFO - 25/03/21 14:07:36 INFO ShutdownHookManager: Shutdown hook called
[2025-03-21T14:07:36.862+0000] {subprocess.py:93} INFO - 25/03/21 14:07:36 INFO ShutdownHookManager: Deleting directory /tmp/spark-b4fe5adf-3f6b-453a-ab3f-a0e6d0082a7a
[2025-03-21T14:07:36.865+0000] {subprocess.py:93} INFO - 25/03/21 14:07:36 INFO ShutdownHookManager: Deleting directory /tmp/spark-f9ff037e-0895-46c5-8857-2a467c2a994a
[2025-03-21T14:07:36.871+0000] {subprocess.py:93} INFO - 25/03/21 14:07:36 INFO ShutdownHookManager: Deleting directory /tmp/spark-f9ff037e-0895-46c5-8857-2a467c2a994a/pyspark-ccc01523-34ad-45e9-a783-8ef4d244ac40
[2025-03-21T14:07:36.933+0000] {subprocess.py:97} INFO - Command exited with return code 0
[2025-03-21T14:07:36.977+0000] {taskinstance.py:1398} INFO - Marking task as SUCCESS. dag_id=transactions_pipeline, task_id=detect_fraud_batch_20250321_140549, execution_date=20250321T140525, start_date=20250321T140658, end_date=20250321T140736
[2025-03-21T14:07:37.049+0000] {local_task_job_runner.py:228} INFO - Task exited with return code 0
[2025-03-21T14:07:37.073+0000] {taskinstance.py:2776} INFO - 1 downstream tasks scheduled from follow-on schedule check
