[2025-03-21T11:25:43.958+0000] {taskinstance.py:1157} INFO - Dependencies all met for dep_context=non-requeueable deps ti=<TaskInstance: transactions_pipeline.create_hive_table scheduled__2025-03-21T10:34:58.540079+00:00 [queued]>
[2025-03-21T11:25:43.967+0000] {taskinstance.py:1157} INFO - Dependencies all met for dep_context=requeueable deps ti=<TaskInstance: transactions_pipeline.create_hive_table scheduled__2025-03-21T10:34:58.540079+00:00 [queued]>
[2025-03-21T11:25:43.967+0000] {taskinstance.py:1359} INFO - Starting attempt 1 of 2
[2025-03-21T11:25:43.983+0000] {taskinstance.py:1380} INFO - Executing <Task(BashOperator): create_hive_table> on 2025-03-21 10:34:58.540079+00:00
[2025-03-21T11:25:43.990+0000] {standard_task_runner.py:57} INFO - Started process 4439 to run task
[2025-03-21T11:25:43.993+0000] {standard_task_runner.py:84} INFO - Running: ['***', 'tasks', 'run', 'transactions_pipeline', 'create_hive_table', 'scheduled__2025-03-21T10:34:58.540079+00:00', '--job-id', '498', '--raw', '--subdir', 'DAGS_FOLDER/fraud_detection_pipeline.py', '--cfg-path', '/tmp/tmp8lbiwqti']
[2025-03-21T11:25:43.996+0000] {standard_task_runner.py:85} INFO - Job 498: Subtask create_hive_table
[2025-03-21T11:25:44.047+0000] {task_command.py:415} INFO - Running <TaskInstance: transactions_pipeline.create_hive_table scheduled__2025-03-21T10:34:58.540079+00:00 [running]> on host 6688e233cb20
[2025-03-21T11:25:44.155+0000] {taskinstance.py:1660} INFO - Exporting env vars: AIRFLOW_CTX_DAG_EMAIL='rabiizahnoune7@gmail.com' AIRFLOW_CTX_DAG_OWNER='***' AIRFLOW_CTX_DAG_ID='transactions_pipeline' AIRFLOW_CTX_TASK_ID='create_hive_table' AIRFLOW_CTX_EXECUTION_DATE='2025-03-21T10:34:58.540079+00:00' AIRFLOW_CTX_TRY_NUMBER='1' AIRFLOW_CTX_DAG_RUN_ID='scheduled__2025-03-21T10:34:58.540079+00:00'
[2025-03-21T11:25:44.157+0000] {subprocess.py:63} INFO - Tmp dir root location: /tmp
[2025-03-21T11:25:44.158+0000] {subprocess.py:75} INFO - Running command: ['/bin/bash', '-c', '\n        docker exec hive beeline -u "jdbc:hive2://localhost:10000" --hiveconf hive.exec.dynamic.partition.mode=nonstrict -e "\n        CREATE EXTERNAL TABLE IF NOT EXISTS transactions (\n            transaction_id STRING,\n            date_time STRING,\n            amount DOUBLE,\n            currency STRING,\n            merchant_details STRING,\n            customer_id STRING,\n            transaction_type STRING,\n            location STRING\n        )\n        PARTITIONED BY (batch_id STRING)\n        STORED AS PARQUET;\n        ALTER TABLE transactions ADD IF NOT EXISTS PARTITION (batch_id=\'batch_20250320_144447\') LOCATION \'/data/transactions/transactions_batch_20250320_144447\';"\n        ']
[2025-03-21T11:25:44.170+0000] {subprocess.py:86} INFO - Output:
[2025-03-21T11:25:45.227+0000] {subprocess.py:93} INFO - SLF4J: Class path contains multiple SLF4J bindings.
[2025-03-21T11:25:45.228+0000] {subprocess.py:93} INFO - SLF4J: Found binding in [jar:file:/opt/hive/lib/log4j-slf4j-impl-2.17.1.jar!/org/slf4j/impl/StaticLoggerBinder.class]
[2025-03-21T11:25:45.228+0000] {subprocess.py:93} INFO - SLF4J: Found binding in [jar:file:/opt/hadoop/share/hadoop/common/lib/slf4j-log4j12-1.7.25.jar!/org/slf4j/impl/StaticLoggerBinder.class]
[2025-03-21T11:25:45.229+0000] {subprocess.py:93} INFO - SLF4J: See http://www.slf4j.org/codes.html#multiple_bindings for an explanation.
[2025-03-21T11:25:45.352+0000] {subprocess.py:93} INFO - SLF4J: Actual binding is of type [org.apache.logging.slf4j.Log4jLoggerFactory]
[2025-03-21T11:25:46.467+0000] {subprocess.py:93} INFO - Connecting to jdbc:hive2://localhost:10000
[2025-03-21T11:25:46.679+0000] {subprocess.py:93} INFO - Connected to: Apache Hive (version 3.1.3)
[2025-03-21T11:25:46.680+0000] {subprocess.py:93} INFO - Driver: Hive JDBC (version 3.1.3)
[2025-03-21T11:25:46.681+0000] {subprocess.py:93} INFO - Transaction isolation: TRANSACTION_REPEATABLE_READ
[2025-03-21T11:25:46.770+0000] {subprocess.py:93} INFO - INFO  : Compiling command(queryId=root_20250321112546_8e38b3ab-03b0-47e7-8a7a-42094fecd39f): CREATE EXTERNAL TABLE IF NOT EXISTS transactions (
[2025-03-21T11:25:46.771+0000] {subprocess.py:93} INFO -             transaction_id STRING,
[2025-03-21T11:25:46.772+0000] {subprocess.py:93} INFO -             date_time STRING,
[2025-03-21T11:25:46.773+0000] {subprocess.py:93} INFO -             amount DOUBLE,
[2025-03-21T11:25:46.773+0000] {subprocess.py:93} INFO -             currency STRING,
[2025-03-21T11:25:46.774+0000] {subprocess.py:93} INFO -             merchant_details STRING,
[2025-03-21T11:25:46.774+0000] {subprocess.py:93} INFO -             customer_id STRING,
[2025-03-21T11:25:46.775+0000] {subprocess.py:93} INFO -             transaction_type STRING,
[2025-03-21T11:25:46.775+0000] {subprocess.py:93} INFO -             location STRING
[2025-03-21T11:25:46.776+0000] {subprocess.py:93} INFO -         )
[2025-03-21T11:25:46.776+0000] {subprocess.py:93} INFO -         PARTITIONED BY (batch_id STRING)
[2025-03-21T11:25:46.777+0000] {subprocess.py:93} INFO -         STORED AS PARQUET
[2025-03-21T11:25:46.777+0000] {subprocess.py:93} INFO - INFO  : Concurrency mode is disabled, not creating a lock manager
[2025-03-21T11:25:46.778+0000] {subprocess.py:93} INFO - INFO  : Semantic Analysis Completed (retrial = false)
[2025-03-21T11:25:46.779+0000] {subprocess.py:93} INFO - INFO  : Returning Hive schema: Schema(fieldSchemas:null, properties:null)
[2025-03-21T11:25:46.779+0000] {subprocess.py:93} INFO - INFO  : Completed compiling command(queryId=root_20250321112546_8e38b3ab-03b0-47e7-8a7a-42094fecd39f); Time taken: 0.018 seconds
[2025-03-21T11:25:46.780+0000] {subprocess.py:93} INFO - INFO  : Concurrency mode is disabled, not creating a lock manager
[2025-03-21T11:25:46.781+0000] {subprocess.py:93} INFO - INFO  : Executing command(queryId=root_20250321112546_8e38b3ab-03b0-47e7-8a7a-42094fecd39f): CREATE EXTERNAL TABLE IF NOT EXISTS transactions (
[2025-03-21T11:25:46.781+0000] {subprocess.py:93} INFO -             transaction_id STRING,
[2025-03-21T11:25:46.782+0000] {subprocess.py:93} INFO -             date_time STRING,
[2025-03-21T11:25:46.782+0000] {subprocess.py:93} INFO -             amount DOUBLE,
[2025-03-21T11:25:46.783+0000] {subprocess.py:93} INFO -             currency STRING,
[2025-03-21T11:25:46.784+0000] {subprocess.py:93} INFO -             merchant_details STRING,
[2025-03-21T11:25:46.784+0000] {subprocess.py:93} INFO -             customer_id STRING,
[2025-03-21T11:25:46.785+0000] {subprocess.py:93} INFO -             transaction_type STRING,
[2025-03-21T11:25:46.786+0000] {subprocess.py:93} INFO -             location STRING
[2025-03-21T11:25:46.787+0000] {subprocess.py:93} INFO -         )
[2025-03-21T11:25:46.788+0000] {subprocess.py:93} INFO -         PARTITIONED BY (batch_id STRING)
[2025-03-21T11:25:46.789+0000] {subprocess.py:93} INFO -         STORED AS PARQUET
[2025-03-21T11:25:46.790+0000] {subprocess.py:93} INFO - INFO  : Completed executing command(queryId=root_20250321112546_8e38b3ab-03b0-47e7-8a7a-42094fecd39f); Time taken: 0.001 seconds
[2025-03-21T11:25:46.790+0000] {subprocess.py:93} INFO - INFO  : OK
[2025-03-21T11:25:46.791+0000] {subprocess.py:93} INFO - INFO  : Concurrency mode is disabled, not creating a lock manager
[2025-03-21T11:25:46.792+0000] {subprocess.py:93} INFO - No rows affected (0.072 seconds)
[2025-03-21T11:25:46.845+0000] {subprocess.py:93} INFO - INFO  : Compiling command(queryId=root_20250321112546_92841e70-96e2-4149-9296-963bbac0711f): ALTER TABLE transactions ADD IF NOT EXISTS PARTITION (batch_id='batch_20250320_144447') LOCATION '/data/transactions/transactions_batch_20250320_144447'
[2025-03-21T11:25:46.847+0000] {subprocess.py:93} INFO - INFO  : Concurrency mode is disabled, not creating a lock manager
[2025-03-21T11:25:46.847+0000] {subprocess.py:93} INFO - INFO  : Semantic Analysis Completed (retrial = false)
[2025-03-21T11:25:46.848+0000] {subprocess.py:93} INFO - INFO  : Returning Hive schema: Schema(fieldSchemas:null, properties:null)
[2025-03-21T11:25:46.849+0000] {subprocess.py:93} INFO - INFO  : Completed compiling command(queryId=root_20250321112546_92841e70-96e2-4149-9296-963bbac0711f); Time taken: 0.012 seconds
[2025-03-21T11:25:46.849+0000] {subprocess.py:93} INFO - INFO  : Concurrency mode is disabled, not creating a lock manager
[2025-03-21T11:25:46.850+0000] {subprocess.py:93} INFO - INFO  : Executing command(queryId=root_20250321112546_92841e70-96e2-4149-9296-963bbac0711f): ALTER TABLE transactions ADD IF NOT EXISTS PARTITION (batch_id='batch_20250320_144447') LOCATION '/data/transactions/transactions_batch_20250320_144447'
[2025-03-21T11:25:46.850+0000] {subprocess.py:93} INFO - INFO  : Starting task [Stage-0:DDL] in serial mode
[2025-03-21T11:25:46.851+0000] {subprocess.py:93} INFO - INFO  : Completed executing command(queryId=root_20250321112546_92841e70-96e2-4149-9296-963bbac0711f); Time taken: 0.038 seconds
[2025-03-21T11:25:46.851+0000] {subprocess.py:93} INFO - INFO  : OK
[2025-03-21T11:25:46.852+0000] {subprocess.py:93} INFO - INFO  : Concurrency mode is disabled, not creating a lock manager
[2025-03-21T11:25:46.853+0000] {subprocess.py:93} INFO - No rows affected (0.063 seconds)
[2025-03-21T11:25:46.853+0000] {subprocess.py:93} INFO - Beeline version 3.1.3 by Apache Hive
[2025-03-21T11:25:46.857+0000] {subprocess.py:93} INFO - Closing: 0: jdbc:hive2://localhost:10000
[2025-03-21T11:25:46.924+0000] {subprocess.py:97} INFO - Command exited with return code 0
[2025-03-21T11:25:46.965+0000] {taskinstance.py:1398} INFO - Marking task as SUCCESS. dag_id=transactions_pipeline, task_id=create_hive_table, execution_date=20250321T103458, start_date=20250321T112543, end_date=20250321T112546
[2025-03-21T11:25:47.000+0000] {local_task_job_runner.py:228} INFO - Task exited with return code 0
[2025-03-21T11:25:47.036+0000] {taskinstance.py:2776} INFO - 1 downstream tasks scheduled from follow-on schedule check
