[2025-03-20T13:53:19.992+0000] {taskinstance.py:1157} INFO - Dependencies all met for dep_context=non-requeueable deps ti=<TaskInstance: transactions_pipeline.copy_to_hdfs scheduled__2025-03-20T13:03:15.476240+00:00 [queued]>
[2025-03-20T13:53:20.007+0000] {taskinstance.py:1157} INFO - Dependencies all met for dep_context=requeueable deps ti=<TaskInstance: transactions_pipeline.copy_to_hdfs scheduled__2025-03-20T13:03:15.476240+00:00 [queued]>
[2025-03-20T13:53:20.008+0000] {taskinstance.py:1359} INFO - Starting attempt 1 of 1
[2025-03-20T13:53:20.031+0000] {taskinstance.py:1380} INFO - Executing <Task(BashOperator): copy_to_hdfs> on 2025-03-20 13:03:15.476240+00:00
[2025-03-20T13:53:20.039+0000] {standard_task_runner.py:57} INFO - Started process 2109 to run task
[2025-03-20T13:53:20.043+0000] {standard_task_runner.py:84} INFO - Running: ['***', 'tasks', 'run', 'transactions_pipeline', 'copy_to_hdfs', 'scheduled__2025-03-20T13:03:15.476240+00:00', '--job-id', '341', '--raw', '--subdir', 'DAGS_FOLDER/fraud_detection_pipeline.py', '--cfg-path', '/tmp/tmp9y28tyfr']
[2025-03-20T13:53:20.046+0000] {standard_task_runner.py:85} INFO - Job 341: Subtask copy_to_hdfs
[2025-03-20T13:53:20.108+0000] {task_command.py:415} INFO - Running <TaskInstance: transactions_pipeline.copy_to_hdfs scheduled__2025-03-20T13:03:15.476240+00:00 [running]> on host 3938a1dd8bd9
[2025-03-20T13:53:20.352+0000] {taskinstance.py:1660} INFO - Exporting env vars: AIRFLOW_CTX_DAG_OWNER='***' AIRFLOW_CTX_DAG_ID='transactions_pipeline' AIRFLOW_CTX_TASK_ID='copy_to_hdfs' AIRFLOW_CTX_EXECUTION_DATE='2025-03-20T13:03:15.476240+00:00' AIRFLOW_CTX_TRY_NUMBER='1' AIRFLOW_CTX_DAG_RUN_ID='scheduled__2025-03-20T13:03:15.476240+00:00'
[2025-03-20T13:53:20.356+0000] {subprocess.py:63} INFO - Tmp dir root location: /tmp
[2025-03-20T13:53:20.357+0000] {subprocess.py:75} INFO - Running command: ['/bin/bash', '-c', 'docker exec hive hdfs dfs -mkdir -p /data/transactions/transactions_batch_20250320_135205 && docker exec hive hdfs dfs -put -f /data/transactions/transactions_batch_20250320_135205.parquet /data/transactions/transactions_batch_20250320_135205/']
[2025-03-20T13:53:20.376+0000] {subprocess.py:86} INFO - Output:
[2025-03-20T13:53:30.177+0000] {subprocess.py:93} INFO - 2025-03-20 13:53:30,167 WARN hdfs.DataStreamer: DataStreamer Exception
[2025-03-20T13:53:30.178+0000] {subprocess.py:93} INFO - java.io.FileNotFoundException: File does not exist: /data/transactions/transactions_batch_20250320_135205/transactions_batch_20250320_135205.parquet._COPYING_ (inode 16745) Holder DFSClient_NONMAPREDUCE_1032914881_1 does not have any open files.
[2025-03-20T13:53:30.179+0000] {subprocess.py:93} INFO - 	at org.apache.hadoop.hdfs.server.namenode.FSNamesystem.checkLease(FSNamesystem.java:2797)
[2025-03-20T13:53:30.179+0000] {subprocess.py:93} INFO - 	at org.apache.hadoop.hdfs.server.namenode.FSDirWriteFileOp.analyzeFileState(FSDirWriteFileOp.java:597)
[2025-03-20T13:53:30.180+0000] {subprocess.py:93} INFO - 	at org.apache.hadoop.hdfs.server.namenode.FSDirWriteFileOp.validateAddBlock(FSDirWriteFileOp.java:172)
[2025-03-20T13:53:30.181+0000] {subprocess.py:93} INFO - 	at org.apache.hadoop.hdfs.server.namenode.FSNamesystem.getAdditionalBlock(FSNamesystem.java:2676)
[2025-03-20T13:53:30.181+0000] {subprocess.py:93} INFO - 	at org.apache.hadoop.hdfs.server.namenode.NameNodeRpcServer.addBlock(NameNodeRpcServer.java:875)
[2025-03-20T13:53:30.182+0000] {subprocess.py:93} INFO - 	at org.apache.hadoop.hdfs.protocolPB.ClientNamenodeProtocolServerSideTranslatorPB.addBlock(ClientNamenodeProtocolServerSideTranslatorPB.java:559)
[2025-03-20T13:53:30.182+0000] {subprocess.py:93} INFO - 	at org.apache.hadoop.hdfs.protocol.proto.ClientNamenodeProtocolProtos$ClientNamenodeProtocol$2.callBlockingMethod(ClientNamenodeProtocolProtos.java)
[2025-03-20T13:53:30.182+0000] {subprocess.py:93} INFO - 	at org.apache.hadoop.ipc.ProtobufRpcEngine$Server$ProtoBufRpcInvoker.call(ProtobufRpcEngine.java:523)
[2025-03-20T13:53:30.183+0000] {subprocess.py:93} INFO - 	at org.apache.hadoop.ipc.RPC$Server.call(RPC.java:991)
[2025-03-20T13:53:30.184+0000] {subprocess.py:93} INFO - 	at org.apache.hadoop.ipc.Server$RpcCall.run(Server.java:869)
[2025-03-20T13:53:30.187+0000] {subprocess.py:93} INFO - 	at org.apache.hadoop.ipc.Server$RpcCall.run(Server.java:815)
[2025-03-20T13:53:30.189+0000] {subprocess.py:93} INFO - 	at java.security.AccessController.doPrivileged(Native Method)
[2025-03-20T13:53:30.190+0000] {subprocess.py:93} INFO - 	at javax.security.auth.Subject.doAs(Subject.java:422)
[2025-03-20T13:53:30.191+0000] {subprocess.py:93} INFO - 	at org.apache.hadoop.security.UserGroupInformation.doAs(UserGroupInformation.java:1682)
[2025-03-20T13:53:30.192+0000] {subprocess.py:93} INFO - 	at org.apache.hadoop.ipc.Server$Handler.run(Server.java:2675)
[2025-03-20T13:53:30.193+0000] {subprocess.py:93} INFO - 
[2025-03-20T13:53:30.193+0000] {subprocess.py:93} INFO - 	at sun.reflect.NativeConstructorAccessorImpl.newInstance0(Native Method)
[2025-03-20T13:53:30.194+0000] {subprocess.py:93} INFO - 	at sun.reflect.NativeConstructorAccessorImpl.newInstance(NativeConstructorAccessorImpl.java:62)
[2025-03-20T13:53:30.194+0000] {subprocess.py:93} INFO - 	at sun.reflect.DelegatingConstructorAccessorImpl.newInstance(DelegatingConstructorAccessorImpl.java:45)
[2025-03-20T13:53:30.195+0000] {subprocess.py:93} INFO - 	at java.lang.reflect.Constructor.newInstance(Constructor.java:423)
[2025-03-20T13:53:30.195+0000] {subprocess.py:93} INFO - 	at org.apache.hadoop.ipc.RemoteException.instantiateException(RemoteException.java:121)
[2025-03-20T13:53:30.196+0000] {subprocess.py:93} INFO - 	at org.apache.hadoop.ipc.RemoteException.unwrapRemoteException(RemoteException.java:88)
[2025-03-20T13:53:30.196+0000] {subprocess.py:93} INFO - 	at org.apache.hadoop.hdfs.DFSOutputStream.addBlock(DFSOutputStream.java:1081)
[2025-03-20T13:53:30.197+0000] {subprocess.py:93} INFO - 	at org.apache.hadoop.hdfs.DataStreamer.locateFollowingBlock(DataStreamer.java:1865)
[2025-03-20T13:53:30.197+0000] {subprocess.py:93} INFO - 	at org.apache.hadoop.hdfs.DataStreamer.nextBlockOutputStream(DataStreamer.java:1668)
[2025-03-20T13:53:30.198+0000] {subprocess.py:93} INFO - 	at org.apache.hadoop.hdfs.DataStreamer.run(DataStreamer.java:716)
[2025-03-20T13:53:30.198+0000] {subprocess.py:93} INFO - Caused by: org.apache.hadoop.ipc.RemoteException(java.io.FileNotFoundException): File does not exist: /data/transactions/transactions_batch_20250320_135205/transactions_batch_20250320_135205.parquet._COPYING_ (inode 16745) Holder DFSClient_NONMAPREDUCE_1032914881_1 does not have any open files.
[2025-03-20T13:53:30.199+0000] {subprocess.py:93} INFO - 	at org.apache.hadoop.hdfs.server.namenode.FSNamesystem.checkLease(FSNamesystem.java:2797)
[2025-03-20T13:53:30.199+0000] {subprocess.py:93} INFO - 	at org.apache.hadoop.hdfs.server.namenode.FSDirWriteFileOp.analyzeFileState(FSDirWriteFileOp.java:597)
[2025-03-20T13:53:30.199+0000] {subprocess.py:93} INFO - 	at org.apache.hadoop.hdfs.server.namenode.FSDirWriteFileOp.validateAddBlock(FSDirWriteFileOp.java:172)
[2025-03-20T13:53:30.200+0000] {subprocess.py:93} INFO - 	at org.apache.hadoop.hdfs.server.namenode.FSNamesystem.getAdditionalBlock(FSNamesystem.java:2676)
[2025-03-20T13:53:30.200+0000] {subprocess.py:93} INFO - 	at org.apache.hadoop.hdfs.server.namenode.NameNodeRpcServer.addBlock(NameNodeRpcServer.java:875)
[2025-03-20T13:53:30.203+0000] {subprocess.py:93} INFO - 	at org.apache.hadoop.hdfs.protocolPB.ClientNamenodeProtocolServerSideTranslatorPB.addBlock(ClientNamenodeProtocolServerSideTranslatorPB.java:559)
[2025-03-20T13:53:30.206+0000] {subprocess.py:93} INFO - 	at org.apache.hadoop.hdfs.protocol.proto.ClientNamenodeProtocolProtos$ClientNamenodeProtocol$2.callBlockingMethod(ClientNamenodeProtocolProtos.java)
[2025-03-20T13:53:30.208+0000] {subprocess.py:93} INFO - 	at org.apache.hadoop.ipc.ProtobufRpcEngine$Server$ProtoBufRpcInvoker.call(ProtobufRpcEngine.java:523)
[2025-03-20T13:53:30.209+0000] {subprocess.py:93} INFO - 	at org.apache.hadoop.ipc.RPC$Server.call(RPC.java:991)
[2025-03-20T13:53:30.210+0000] {subprocess.py:93} INFO - 	at org.apache.hadoop.ipc.Server$RpcCall.run(Server.java:869)
[2025-03-20T13:53:30.211+0000] {subprocess.py:93} INFO - 	at org.apache.hadoop.ipc.Server$RpcCall.run(Server.java:815)
[2025-03-20T13:53:30.212+0000] {subprocess.py:93} INFO - 	at java.security.AccessController.doPrivileged(Native Method)
[2025-03-20T13:53:30.213+0000] {subprocess.py:93} INFO - 	at javax.security.auth.Subject.doAs(Subject.java:422)
[2025-03-20T13:53:30.214+0000] {subprocess.py:93} INFO - 	at org.apache.hadoop.security.UserGroupInformation.doAs(UserGroupInformation.java:1682)
[2025-03-20T13:53:30.214+0000] {subprocess.py:93} INFO - 	at org.apache.hadoop.ipc.Server$Handler.run(Server.java:2675)
[2025-03-20T13:53:30.215+0000] {subprocess.py:93} INFO - 
[2025-03-20T13:53:30.215+0000] {subprocess.py:93} INFO - 	at org.apache.hadoop.ipc.Client.getRpcResponse(Client.java:1491)
[2025-03-20T13:53:30.216+0000] {subprocess.py:93} INFO - 	at org.apache.hadoop.ipc.Client.call(Client.java:1437)
[2025-03-20T13:53:30.220+0000] {subprocess.py:93} INFO - 	at org.apache.hadoop.ipc.Client.call(Client.java:1347)
[2025-03-20T13:53:30.221+0000] {subprocess.py:93} INFO - 	at org.apache.hadoop.ipc.ProtobufRpcEngine$Invoker.invoke(ProtobufRpcEngine.java:228)
[2025-03-20T13:53:30.223+0000] {subprocess.py:93} INFO - 	at org.apache.hadoop.ipc.ProtobufRpcEngine$Invoker.invoke(ProtobufRpcEngine.java:116)
[2025-03-20T13:53:30.224+0000] {subprocess.py:93} INFO - 	at com.sun.proxy.$Proxy11.addBlock(Unknown Source)
[2025-03-20T13:53:30.225+0000] {subprocess.py:93} INFO - 	at org.apache.hadoop.hdfs.protocolPB.ClientNamenodeProtocolTranslatorPB.addBlock(ClientNamenodeProtocolTranslatorPB.java:504)
[2025-03-20T13:53:30.225+0000] {subprocess.py:93} INFO - 	at sun.reflect.NativeMethodAccessorImpl.invoke0(Native Method)
[2025-03-20T13:53:30.226+0000] {subprocess.py:93} INFO - 	at sun.reflect.NativeMethodAccessorImpl.invoke(NativeMethodAccessorImpl.java:62)
[2025-03-20T13:53:30.226+0000] {subprocess.py:93} INFO - 	at sun.reflect.DelegatingMethodAccessorImpl.invoke(DelegatingMethodAccessorImpl.java:43)
[2025-03-20T13:53:30.227+0000] {subprocess.py:93} INFO - 	at java.lang.reflect.Method.invoke(Method.java:498)
[2025-03-20T13:53:30.227+0000] {subprocess.py:93} INFO - 	at org.apache.hadoop.io.retry.RetryInvocationHandler.invokeMethod(RetryInvocationHandler.java:422)
[2025-03-20T13:53:30.228+0000] {subprocess.py:93} INFO - 	at org.apache.hadoop.io.retry.RetryInvocationHandler$Call.invokeMethod(RetryInvocationHandler.java:165)
[2025-03-20T13:53:30.229+0000] {subprocess.py:93} INFO - 	at org.apache.hadoop.io.retry.RetryInvocationHandler$Call.invoke(RetryInvocationHandler.java:157)
[2025-03-20T13:53:30.229+0000] {subprocess.py:93} INFO - 	at org.apache.hadoop.io.retry.RetryInvocationHandler$Call.invokeOnce(RetryInvocationHandler.java:95)
[2025-03-20T13:53:30.229+0000] {subprocess.py:93} INFO - 	at org.apache.hadoop.io.retry.RetryInvocationHandler.invoke(RetryInvocationHandler.java:359)
[2025-03-20T13:53:30.230+0000] {subprocess.py:93} INFO - 	at com.sun.proxy.$Proxy12.addBlock(Unknown Source)
[2025-03-20T13:53:30.230+0000] {subprocess.py:93} INFO - 	at org.apache.hadoop.hdfs.DFSOutputStream.addBlock(DFSOutputStream.java:1078)
[2025-03-20T13:53:30.230+0000] {subprocess.py:93} INFO - 	... 3 more
[2025-03-20T13:53:30.231+0000] {subprocess.py:93} INFO - put: File does not exist: /data/transactions/transactions_batch_20250320_135205/transactions_batch_20250320_135205.parquet._COPYING_ (inode 16745) Holder DFSClient_NONMAPREDUCE_1032914881_1 does not have any open files.
[2025-03-20T13:53:30.662+0000] {subprocess.py:97} INFO - Command exited with return code 1
[2025-03-20T13:53:30.682+0000] {taskinstance.py:1935} ERROR - Task failed with exception
Traceback (most recent call last):
  File "/home/airflow/.local/lib/python3.8/site-packages/airflow/operators/bash.py", line 210, in execute
    raise AirflowException(
airflow.exceptions.AirflowException: Bash command failed. The command returned a non-zero exit code 1.
[2025-03-20T13:53:30.690+0000] {taskinstance.py:1398} INFO - Marking task as FAILED. dag_id=transactions_pipeline, task_id=copy_to_hdfs, execution_date=20250320T130315, start_date=20250320T135319, end_date=20250320T135330
[2025-03-20T13:53:30.711+0000] {standard_task_runner.py:104} ERROR - Failed to execute job 341 for task copy_to_hdfs (Bash command failed. The command returned a non-zero exit code 1.; 2109)
[2025-03-20T13:53:30.760+0000] {local_task_job_runner.py:228} INFO - Task exited with return code 1
[2025-03-20T13:53:30.797+0000] {taskinstance.py:2776} INFO - 0 downstream tasks scheduled from follow-on schedule check
