[2025-03-21T12:50:38.646+0000] {taskinstance.py:1157} INFO - Dependencies all met for dep_context=non-requeueable deps ti=<TaskInstance: transactions_pipeline.create_hive_table manual__2025-03-21T12:50:21.650471+00:00 [queued]>
[2025-03-21T12:50:38.674+0000] {taskinstance.py:1157} INFO - Dependencies all met for dep_context=requeueable deps ti=<TaskInstance: transactions_pipeline.create_hive_table manual__2025-03-21T12:50:21.650471+00:00 [queued]>
[2025-03-21T12:50:38.676+0000] {taskinstance.py:1359} INFO - Starting attempt 1 of 1
[2025-03-21T12:50:38.715+0000] {taskinstance.py:1380} INFO - Executing <Task(BashOperator): create_hive_table> on 2025-03-21 12:50:21.650471+00:00
[2025-03-21T12:50:38.729+0000] {standard_task_runner.py:57} INFO - Started process 255 to run task
[2025-03-21T12:50:38.734+0000] {standard_task_runner.py:84} INFO - Running: ['***', 'tasks', 'run', 'transactions_pipeline', 'create_hive_table', 'manual__2025-03-21T12:50:21.650471+00:00', '--job-id', '530', '--raw', '--subdir', 'DAGS_FOLDER/fraud_detection_pipeline.py', '--cfg-path', '/tmp/tmpkjm_ns0x']
[2025-03-21T12:50:38.756+0000] {standard_task_runner.py:85} INFO - Job 530: Subtask create_hive_table
[2025-03-21T12:50:38.897+0000] {task_command.py:415} INFO - Running <TaskInstance: transactions_pipeline.create_hive_table manual__2025-03-21T12:50:21.650471+00:00 [running]> on host 1b7c3466167a
[2025-03-21T12:50:39.114+0000] {taskinstance.py:1660} INFO - Exporting env vars: AIRFLOW_CTX_DAG_EMAIL='rabiizahnoune7@gmail.com' AIRFLOW_CTX_DAG_OWNER='***' AIRFLOW_CTX_DAG_ID='transactions_pipeline' AIRFLOW_CTX_TASK_ID='create_hive_table' AIRFLOW_CTX_EXECUTION_DATE='2025-03-21T12:50:21.650471+00:00' AIRFLOW_CTX_TRY_NUMBER='1' AIRFLOW_CTX_DAG_RUN_ID='manual__2025-03-21T12:50:21.650471+00:00'
[2025-03-21T12:50:39.117+0000] {subprocess.py:63} INFO - Tmp dir root location: /tmp
[2025-03-21T12:50:39.119+0000] {subprocess.py:75} INFO - Running command: ['/bin/bash', '-c', '\n        docker exec hive beeline -u "jdbc:hive2://localhost:10000" --hiveconf hive.exec.dynamic.partition.mode=nonstrict -e "\n        CREATE EXTERNAL TABLE IF NOT EXISTS transactions (\n            transaction_id STRING,\n            date_time STRING,\n            amount DOUBLE,\n            currency STRING,\n            merchant_details STRING,\n            customer_id STRING,\n            transaction_type STRING,\n            location STRING\n        )\n        PARTITIONED BY (batch_id STRING)\n        STORED AS PARQUET;\n        ALTER TABLE transactions ADD IF NOT EXISTS PARTITION (batch_id=\'batch_20250320_135205\') LOCATION \'/data/transactions/transactions_batch_20250320_135205\';"\n        ']
[2025-03-21T12:50:39.136+0000] {subprocess.py:86} INFO - Output:
[2025-03-21T12:50:40.534+0000] {subprocess.py:93} INFO - SLF4J: Class path contains multiple SLF4J bindings.
[2025-03-21T12:50:40.535+0000] {subprocess.py:93} INFO - SLF4J: Found binding in [jar:file:/opt/hive/lib/log4j-slf4j-impl-2.17.1.jar!/org/slf4j/impl/StaticLoggerBinder.class]
[2025-03-21T12:50:40.535+0000] {subprocess.py:93} INFO - SLF4J: Found binding in [jar:file:/opt/hadoop/share/hadoop/common/lib/slf4j-log4j12-1.7.25.jar!/org/slf4j/impl/StaticLoggerBinder.class]
[2025-03-21T12:50:40.536+0000] {subprocess.py:93} INFO - SLF4J: See http://www.slf4j.org/codes.html#multiple_bindings for an explanation.
[2025-03-21T12:50:39.458+0000] {subprocess.py:93} INFO - SLF4J: Actual binding is of type [org.apache.logging.slf4j.Log4jLoggerFactory]
[2025-03-21T12:50:40.598+0000] {subprocess.py:93} INFO - Connecting to jdbc:hive2://localhost:10000
[2025-03-21T12:50:40.975+0000] {subprocess.py:93} INFO - Connected to: Apache Hive (version 3.1.3)
[2025-03-21T12:50:40.976+0000] {subprocess.py:93} INFO - Driver: Hive JDBC (version 3.1.3)
[2025-03-21T12:50:40.977+0000] {subprocess.py:93} INFO - Transaction isolation: TRANSACTION_REPEATABLE_READ
[2025-03-21T12:50:43.579+0000] {subprocess.py:93} INFO - INFO  : Compiling command(queryId=root_20250321125041_25702bd6-e8e2-43b6-8279-c0ff765e8f7e): CREATE EXTERNAL TABLE IF NOT EXISTS transactions (
[2025-03-21T12:50:43.579+0000] {subprocess.py:93} INFO -             transaction_id STRING,
[2025-03-21T12:50:43.580+0000] {subprocess.py:93} INFO -             date_time STRING,
[2025-03-21T12:50:43.580+0000] {subprocess.py:93} INFO -             amount DOUBLE,
[2025-03-21T12:50:43.581+0000] {subprocess.py:93} INFO -             currency STRING,
[2025-03-21T12:50:43.581+0000] {subprocess.py:93} INFO -             merchant_details STRING,
[2025-03-21T12:50:43.581+0000] {subprocess.py:93} INFO -             customer_id STRING,
[2025-03-21T12:50:43.582+0000] {subprocess.py:93} INFO -             transaction_type STRING,
[2025-03-21T12:50:43.582+0000] {subprocess.py:93} INFO -             location STRING
[2025-03-21T12:50:43.583+0000] {subprocess.py:93} INFO -         )
[2025-03-21T12:50:43.583+0000] {subprocess.py:93} INFO -         PARTITIONED BY (batch_id STRING)
[2025-03-21T12:50:43.589+0000] {subprocess.py:93} INFO -         STORED AS PARQUET
[2025-03-21T12:50:43.591+0000] {subprocess.py:93} INFO - INFO  : Concurrency mode is disabled, not creating a lock manager
[2025-03-21T12:50:43.591+0000] {subprocess.py:93} INFO - INFO  : Semantic Analysis Completed (retrial = false)
[2025-03-21T12:50:43.592+0000] {subprocess.py:93} INFO - INFO  : Returning Hive schema: Schema(fieldSchemas:null, properties:null)
[2025-03-21T12:50:43.593+0000] {subprocess.py:93} INFO - INFO  : Completed compiling command(queryId=root_20250321125041_25702bd6-e8e2-43b6-8279-c0ff765e8f7e); Time taken: 1.641 seconds
[2025-03-21T12:50:43.593+0000] {subprocess.py:93} INFO - INFO  : Concurrency mode is disabled, not creating a lock manager
[2025-03-21T12:50:43.594+0000] {subprocess.py:93} INFO - INFO  : Executing command(queryId=root_20250321125041_25702bd6-e8e2-43b6-8279-c0ff765e8f7e): CREATE EXTERNAL TABLE IF NOT EXISTS transactions (
[2025-03-21T12:50:43.594+0000] {subprocess.py:93} INFO -             transaction_id STRING,
[2025-03-21T12:50:43.595+0000] {subprocess.py:93} INFO -             date_time STRING,
[2025-03-21T12:50:43.595+0000] {subprocess.py:93} INFO -             amount DOUBLE,
[2025-03-21T12:50:43.596+0000] {subprocess.py:93} INFO -             currency STRING,
[2025-03-21T12:50:43.596+0000] {subprocess.py:93} INFO -             merchant_details STRING,
[2025-03-21T12:50:43.597+0000] {subprocess.py:93} INFO -             customer_id STRING,
[2025-03-21T12:50:43.597+0000] {subprocess.py:93} INFO -             transaction_type STRING,
[2025-03-21T12:50:43.598+0000] {subprocess.py:93} INFO -             location STRING
[2025-03-21T12:50:43.598+0000] {subprocess.py:93} INFO -         )
[2025-03-21T12:50:43.599+0000] {subprocess.py:93} INFO -         PARTITIONED BY (batch_id STRING)
[2025-03-21T12:50:43.599+0000] {subprocess.py:93} INFO -         STORED AS PARQUET
[2025-03-21T12:50:43.600+0000] {subprocess.py:93} INFO - INFO  : Starting task [Stage-0:DDL] in serial mode
[2025-03-21T12:50:43.600+0000] {subprocess.py:93} INFO - INFO  : Completed executing command(queryId=root_20250321125041_25702bd6-e8e2-43b6-8279-c0ff765e8f7e); Time taken: 0.676 seconds
[2025-03-21T12:50:43.601+0000] {subprocess.py:93} INFO - INFO  : OK
[2025-03-21T12:50:43.602+0000] {subprocess.py:93} INFO - INFO  : Concurrency mode is disabled, not creating a lock manager
[2025-03-21T12:50:43.602+0000] {subprocess.py:93} INFO - No rows affected (2.553 seconds)
[2025-03-21T12:50:44.031+0000] {subprocess.py:93} INFO - INFO  : Compiling command(queryId=root_20250321125043_bb013277-3b9a-4921-acc3-5ce7c1be1ebd): ALTER TABLE transactions ADD IF NOT EXISTS PARTITION (batch_id='batch_20250320_135205') LOCATION '/data/transactions/transactions_batch_20250320_135205'
[2025-03-21T12:50:44.032+0000] {subprocess.py:93} INFO - INFO  : Concurrency mode is disabled, not creating a lock manager
[2025-03-21T12:50:44.034+0000] {subprocess.py:93} INFO - INFO  : Semantic Analysis Completed (retrial = false)
[2025-03-21T12:50:44.036+0000] {subprocess.py:93} INFO - INFO  : Returning Hive schema: Schema(fieldSchemas:null, properties:null)
[2025-03-21T12:50:44.037+0000] {subprocess.py:93} INFO - INFO  : Completed compiling command(queryId=root_20250321125043_bb013277-3b9a-4921-acc3-5ce7c1be1ebd); Time taken: 0.236 seconds
[2025-03-21T12:50:44.038+0000] {subprocess.py:93} INFO - INFO  : Concurrency mode is disabled, not creating a lock manager
[2025-03-21T12:50:44.039+0000] {subprocess.py:93} INFO - INFO  : Executing command(queryId=root_20250321125043_bb013277-3b9a-4921-acc3-5ce7c1be1ebd): ALTER TABLE transactions ADD IF NOT EXISTS PARTITION (batch_id='batch_20250320_135205') LOCATION '/data/transactions/transactions_batch_20250320_135205'
[2025-03-21T12:50:44.040+0000] {subprocess.py:93} INFO - INFO  : Starting task [Stage-0:DDL] in serial mode
[2025-03-21T12:50:44.041+0000] {subprocess.py:93} INFO - INFO  : Completed executing command(queryId=root_20250321125043_bb013277-3b9a-4921-acc3-5ce7c1be1ebd); Time taken: 0.166 seconds
[2025-03-21T12:50:44.042+0000] {subprocess.py:93} INFO - INFO  : OK
[2025-03-21T12:50:44.043+0000] {subprocess.py:93} INFO - INFO  : Concurrency mode is disabled, not creating a lock manager
[2025-03-21T12:50:44.044+0000] {subprocess.py:93} INFO - No rows affected (0.418 seconds)
[2025-03-21T12:50:44.044+0000] {subprocess.py:93} INFO - Beeline version 3.1.3 by Apache Hive
[2025-03-21T12:50:44.050+0000] {subprocess.py:93} INFO - Closing: 0: jdbc:hive2://localhost:10000
[2025-03-21T12:50:44.164+0000] {subprocess.py:97} INFO - Command exited with return code 0
[2025-03-21T12:50:44.194+0000] {taskinstance.py:1398} INFO - Marking task as SUCCESS. dag_id=transactions_pipeline, task_id=create_hive_table, execution_date=20250321T125021, start_date=20250321T125038, end_date=20250321T125044
[2025-03-21T12:50:44.235+0000] {local_task_job_runner.py:228} INFO - Task exited with return code 0
[2025-03-21T12:50:44.268+0000] {taskinstance.py:2776} INFO - 1 downstream tasks scheduled from follow-on schedule check
