[2025-03-19T17:31:29.715+0000] {taskinstance.py:1157} INFO - Dependencies all met for dep_context=non-requeueable deps ti=<TaskInstance: transactions_pipeline.create_hive_table scheduled__2025-03-19T17:21:13.237024+00:00 [queued]>
[2025-03-19T17:31:29.727+0000] {taskinstance.py:1157} INFO - Dependencies all met for dep_context=requeueable deps ti=<TaskInstance: transactions_pipeline.create_hive_table scheduled__2025-03-19T17:21:13.237024+00:00 [queued]>
[2025-03-19T17:31:29.728+0000] {taskinstance.py:1359} INFO - Starting attempt 1 of 2
[2025-03-19T17:31:29.747+0000] {taskinstance.py:1380} INFO - Executing <Task(BashOperator): create_hive_table> on 2025-03-19 17:21:13.237024+00:00
[2025-03-19T17:31:29.754+0000] {standard_task_runner.py:57} INFO - Started process 1070 to run task
[2025-03-19T17:31:29.759+0000] {standard_task_runner.py:84} INFO - Running: ['***', 'tasks', 'run', 'transactions_pipeline', 'create_hive_table', 'scheduled__2025-03-19T17:21:13.237024+00:00', '--job-id', '98', '--raw', '--subdir', 'DAGS_FOLDER/fraud_detection_pipeline.py', '--cfg-path', '/tmp/tmp8xdykg57']
[2025-03-19T17:31:29.763+0000] {standard_task_runner.py:85} INFO - Job 98: Subtask create_hive_table
[2025-03-19T17:31:29.844+0000] {task_command.py:415} INFO - Running <TaskInstance: transactions_pipeline.create_hive_table scheduled__2025-03-19T17:21:13.237024+00:00 [running]> on host 347688f31140
[2025-03-19T17:31:29.953+0000] {logging_mixin.py:151} WARNING - /home/***/.local/lib/python3.8/site-packages/***/utils/context.py:206 AirflowContextDeprecationWarning: Accessing 'execution_date' from the template is deprecated and will be removed in a future version. Please use 'data_interval_start' or 'logical_date' instead.
[2025-03-19T17:31:30.061+0000] {taskinstance.py:1660} INFO - Exporting env vars: AIRFLOW_CTX_DAG_OWNER='***' AIRFLOW_CTX_DAG_ID='transactions_pipeline' AIRFLOW_CTX_TASK_ID='create_hive_table' AIRFLOW_CTX_EXECUTION_DATE='2025-03-19T17:21:13.237024+00:00' AIRFLOW_CTX_TRY_NUMBER='1' AIRFLOW_CTX_DAG_RUN_ID='scheduled__2025-03-19T17:21:13.237024+00:00'
[2025-03-19T17:31:30.065+0000] {subprocess.py:63} INFO - Tmp dir root location: /tmp
[2025-03-19T17:31:30.067+0000] {subprocess.py:75} INFO - Running command: ['/bin/bash', '-c', '\n    docker exec hive beeline -u "jdbc:hive2://localhost:10000" --hiveconf hive.exec.dynamic.partition.mode=nonstrict -e "\n    CREATE EXTERNAL TABLE IF NOT EXISTS transactions (\n        transaction_id STRING,\n        date_time STRING,\n        amount DOUBLE,\n        currency STRING,\n        merchant_details STRING,\n        customer_id STRING,\n        transaction_type STRING,\n        location STRING\n    )\n    PARTITIONED BY (batch_id STRING)\n    STORED AS PARQUET\n    LOCATION \'/data/transactions/transactions_batch_0\';\n    ALTER TABLE transactions ADD IF NOT EXISTS PARTITION (batch_id=\'batch_20250319_172113\') LOCATION \'/data/transactions/transactions_batch_0\';"\n    ']
[2025-03-19T17:31:30.095+0000] {subprocess.py:86} INFO - Output:
[2025-03-19T17:31:31.605+0000] {subprocess.py:93} INFO - SLF4J: Class path contains multiple SLF4J bindings.
[2025-03-19T17:31:31.607+0000] {subprocess.py:93} INFO - SLF4J: Found binding in [jar:file:/opt/hive/lib/log4j-slf4j-impl-2.17.1.jar!/org/slf4j/impl/StaticLoggerBinder.class]
[2025-03-19T17:31:31.607+0000] {subprocess.py:93} INFO - SLF4J: Found binding in [jar:file:/opt/hadoop/share/hadoop/common/lib/slf4j-log4j12-1.7.25.jar!/org/slf4j/impl/StaticLoggerBinder.class]
[2025-03-19T17:31:31.608+0000] {subprocess.py:93} INFO - SLF4J: See http://www.slf4j.org/codes.html#multiple_bindings for an explanation.
[2025-03-19T17:31:31.798+0000] {subprocess.py:93} INFO - SLF4J: Actual binding is of type [org.apache.logging.slf4j.Log4jLoggerFactory]
[2025-03-19T17:31:32.998+0000] {subprocess.py:93} INFO - Connecting to jdbc:hive2://localhost:10000
[2025-03-19T17:31:33.201+0000] {subprocess.py:93} INFO - Connected to: Apache Hive (version 3.1.3)
[2025-03-19T17:31:33.202+0000] {subprocess.py:93} INFO - Driver: Hive JDBC (version 3.1.3)
[2025-03-19T17:31:33.203+0000] {subprocess.py:93} INFO - Transaction isolation: TRANSACTION_REPEATABLE_READ
[2025-03-19T17:31:33.290+0000] {subprocess.py:93} INFO - INFO  : Compiling command(queryId=root_20250319173133_2f6d3a23-7c5b-4d3e-b131-c72c8d825aa5): CREATE EXTERNAL TABLE IF NOT EXISTS transactions (
[2025-03-19T17:31:33.291+0000] {subprocess.py:93} INFO -         transaction_id STRING,
[2025-03-19T17:31:33.292+0000] {subprocess.py:93} INFO -         date_time STRING,
[2025-03-19T17:31:33.293+0000] {subprocess.py:93} INFO -         amount DOUBLE,
[2025-03-19T17:31:33.294+0000] {subprocess.py:93} INFO -         currency STRING,
[2025-03-19T17:31:33.294+0000] {subprocess.py:93} INFO -         merchant_details STRING,
[2025-03-19T17:31:33.295+0000] {subprocess.py:93} INFO -         customer_id STRING,
[2025-03-19T17:31:33.296+0000] {subprocess.py:93} INFO -         transaction_type STRING,
[2025-03-19T17:31:33.296+0000] {subprocess.py:93} INFO -         location STRING
[2025-03-19T17:31:33.297+0000] {subprocess.py:93} INFO -     )
[2025-03-19T17:31:33.298+0000] {subprocess.py:93} INFO -     PARTITIONED BY (batch_id STRING)
[2025-03-19T17:31:33.298+0000] {subprocess.py:93} INFO -     STORED AS PARQUET
[2025-03-19T17:31:33.299+0000] {subprocess.py:93} INFO -     LOCATION '/data/transactions/transactions_batch_0'
[2025-03-19T17:31:33.299+0000] {subprocess.py:93} INFO - INFO  : Concurrency mode is disabled, not creating a lock manager
[2025-03-19T17:31:33.300+0000] {subprocess.py:93} INFO - INFO  : Semantic Analysis Completed (retrial = false)
[2025-03-19T17:31:33.300+0000] {subprocess.py:93} INFO - INFO  : Returning Hive schema: Schema(fieldSchemas:null, properties:null)
[2025-03-19T17:31:33.301+0000] {subprocess.py:93} INFO - INFO  : Completed compiling command(queryId=root_20250319173133_2f6d3a23-7c5b-4d3e-b131-c72c8d825aa5); Time taken: 0.017 seconds
[2025-03-19T17:31:33.302+0000] {subprocess.py:93} INFO - INFO  : Concurrency mode is disabled, not creating a lock manager
[2025-03-19T17:31:33.302+0000] {subprocess.py:93} INFO - INFO  : Executing command(queryId=root_20250319173133_2f6d3a23-7c5b-4d3e-b131-c72c8d825aa5): CREATE EXTERNAL TABLE IF NOT EXISTS transactions (
[2025-03-19T17:31:33.303+0000] {subprocess.py:93} INFO -         transaction_id STRING,
[2025-03-19T17:31:33.304+0000] {subprocess.py:93} INFO -         date_time STRING,
[2025-03-19T17:31:33.305+0000] {subprocess.py:93} INFO -         amount DOUBLE,
[2025-03-19T17:31:33.305+0000] {subprocess.py:93} INFO -         currency STRING,
[2025-03-19T17:31:33.305+0000] {subprocess.py:93} INFO -         merchant_details STRING,
[2025-03-19T17:31:33.306+0000] {subprocess.py:93} INFO -         customer_id STRING,
[2025-03-19T17:31:33.307+0000] {subprocess.py:93} INFO -         transaction_type STRING,
[2025-03-19T17:31:33.307+0000] {subprocess.py:93} INFO -         location STRING
[2025-03-19T17:31:33.308+0000] {subprocess.py:93} INFO -     )
[2025-03-19T17:31:33.309+0000] {subprocess.py:93} INFO -     PARTITIONED BY (batch_id STRING)
[2025-03-19T17:31:33.309+0000] {subprocess.py:93} INFO -     STORED AS PARQUET
[2025-03-19T17:31:33.310+0000] {subprocess.py:93} INFO -     LOCATION '/data/transactions/transactions_batch_0'
[2025-03-19T17:31:33.311+0000] {subprocess.py:93} INFO - INFO  : Completed executing command(queryId=root_20250319173133_2f6d3a23-7c5b-4d3e-b131-c72c8d825aa5); Time taken: 0.002 seconds
[2025-03-19T17:31:33.311+0000] {subprocess.py:93} INFO - INFO  : OK
[2025-03-19T17:31:33.312+0000] {subprocess.py:93} INFO - INFO  : Concurrency mode is disabled, not creating a lock manager
[2025-03-19T17:31:33.313+0000] {subprocess.py:93} INFO - No rows affected (0.072 seconds)
[2025-03-19T17:31:33.380+0000] {subprocess.py:93} INFO - INFO  : Compiling command(queryId=root_20250319173133_bbfdd2a7-0d28-42a3-86dd-2333437ba07b): ALTER TABLE transactions ADD IF NOT EXISTS PARTITION (batch_id='batch_20250319_172113') LOCATION '/data/transactions/transactions_batch_0'
[2025-03-19T17:31:33.381+0000] {subprocess.py:93} INFO - INFO  : Concurrency mode is disabled, not creating a lock manager
[2025-03-19T17:31:33.382+0000] {subprocess.py:93} INFO - INFO  : Semantic Analysis Completed (retrial = false)
[2025-03-19T17:31:33.383+0000] {subprocess.py:93} INFO - INFO  : Returning Hive schema: Schema(fieldSchemas:null, properties:null)
[2025-03-19T17:31:33.384+0000] {subprocess.py:93} INFO - INFO  : Completed compiling command(queryId=root_20250319173133_bbfdd2a7-0d28-42a3-86dd-2333437ba07b); Time taken: 0.013 seconds
[2025-03-19T17:31:33.385+0000] {subprocess.py:93} INFO - INFO  : Concurrency mode is disabled, not creating a lock manager
[2025-03-19T17:31:33.385+0000] {subprocess.py:93} INFO - INFO  : Executing command(queryId=root_20250319173133_bbfdd2a7-0d28-42a3-86dd-2333437ba07b): ALTER TABLE transactions ADD IF NOT EXISTS PARTITION (batch_id='batch_20250319_172113') LOCATION '/data/transactions/transactions_batch_0'
[2025-03-19T17:31:33.386+0000] {subprocess.py:93} INFO - INFO  : Starting task [Stage-0:DDL] in serial mode
[2025-03-19T17:31:33.387+0000] {subprocess.py:93} INFO - INFO  : Completed executing command(queryId=root_20250319173133_bbfdd2a7-0d28-42a3-86dd-2333437ba07b); Time taken: 0.05 seconds
[2025-03-19T17:31:33.387+0000] {subprocess.py:93} INFO - INFO  : OK
[2025-03-19T17:31:33.388+0000] {subprocess.py:93} INFO - INFO  : Concurrency mode is disabled, not creating a lock manager
[2025-03-19T17:31:33.389+0000] {subprocess.py:93} INFO - No rows affected (0.08 seconds)
[2025-03-19T17:31:33.390+0000] {subprocess.py:93} INFO - Beeline version 3.1.3 by Apache Hive
[2025-03-19T17:31:33.402+0000] {subprocess.py:93} INFO - Closing: 0: jdbc:hive2://localhost:10000
[2025-03-19T17:31:33.456+0000] {subprocess.py:97} INFO - Command exited with return code 0
[2025-03-19T17:31:33.485+0000] {taskinstance.py:1398} INFO - Marking task as SUCCESS. dag_id=transactions_pipeline, task_id=create_hive_table, execution_date=20250319T172113, start_date=20250319T173129, end_date=20250319T173133
[2025-03-19T17:31:33.525+0000] {local_task_job_runner.py:228} INFO - Task exited with return code 0
[2025-03-19T17:31:33.552+0000] {taskinstance.py:2776} INFO - 1 downstream tasks scheduled from follow-on schedule check
