[2025-03-21T15:23:33.953+0000] {taskinstance.py:1157} INFO - Dependencies all met for dep_context=non-requeueable deps ti=<TaskInstance: transactions_pipeline.add_fraud_partition_batch_20250321_152117 scheduled__2025-03-21T15:14:30.451359+00:00 [queued]>
[2025-03-21T15:23:33.966+0000] {taskinstance.py:1157} INFO - Dependencies all met for dep_context=requeueable deps ti=<TaskInstance: transactions_pipeline.add_fraud_partition_batch_20250321_152117 scheduled__2025-03-21T15:14:30.451359+00:00 [queued]>
[2025-03-21T15:23:33.967+0000] {taskinstance.py:1359} INFO - Starting attempt 1 of 1
[2025-03-21T15:23:33.984+0000] {taskinstance.py:1380} INFO - Executing <Task(BashOperator): add_fraud_partition_batch_20250321_152117> on 2025-03-21 15:14:30.451359+00:00
[2025-03-21T15:23:33.991+0000] {standard_task_runner.py:57} INFO - Started process 6410 to run task
[2025-03-21T15:23:33.997+0000] {standard_task_runner.py:84} INFO - Running: ['***', 'tasks', 'run', 'transactions_pipeline', 'add_fraud_partition_batch_20250321_152117', 'scheduled__2025-03-21T15:14:30.451359+00:00', '--job-id', '816', '--raw', '--subdir', 'DAGS_FOLDER/fraud_detection_pipeline.py', '--cfg-path', '/tmp/tmpz4r3dbxl']
[2025-03-21T15:23:34.001+0000] {standard_task_runner.py:85} INFO - Job 816: Subtask add_fraud_partition_batch_20250321_152117
[2025-03-21T15:23:34.090+0000] {task_command.py:415} INFO - Running <TaskInstance: transactions_pipeline.add_fraud_partition_batch_20250321_152117 scheduled__2025-03-21T15:14:30.451359+00:00 [running]> on host e95638583d4d
[2025-03-21T15:23:34.215+0000] {taskinstance.py:1660} INFO - Exporting env vars: AIRFLOW_CTX_DAG_EMAIL='rabiizahnoune7@gmail.com' AIRFLOW_CTX_DAG_OWNER='***' AIRFLOW_CTX_DAG_ID='transactions_pipeline' AIRFLOW_CTX_TASK_ID='add_fraud_partition_batch_20250321_152117' AIRFLOW_CTX_EXECUTION_DATE='2025-03-21T15:14:30.451359+00:00' AIRFLOW_CTX_TRY_NUMBER='1' AIRFLOW_CTX_DAG_RUN_ID='scheduled__2025-03-21T15:14:30.451359+00:00'
[2025-03-21T15:23:34.217+0000] {subprocess.py:63} INFO - Tmp dir root location: /tmp
[2025-03-21T15:23:34.219+0000] {subprocess.py:75} INFO - Running command: ['/bin/bash', '-c', '\n            docker exec hive beeline -u "jdbc:hive2://localhost:10000" --hiveconf hive.exec.dynamic.partition.mode=nonstrict -e "\n            ALTER TABLE fraud_detections ADD IF NOT EXISTS PARTITION (batch_id=\'batch_20250321_152117\') LOCATION \'/data/fraud_detections/batch_id=batch_20250321_152117\';"\n            ']
[2025-03-21T15:23:34.235+0000] {subprocess.py:86} INFO - Output:
[2025-03-21T15:23:35.728+0000] {subprocess.py:93} INFO - SLF4J: Class path contains multiple SLF4J bindings.
[2025-03-21T15:23:35.729+0000] {subprocess.py:93} INFO - SLF4J: Found binding in [jar:file:/opt/hive/lib/log4j-slf4j-impl-2.17.1.jar!/org/slf4j/impl/StaticLoggerBinder.class]
[2025-03-21T15:23:35.730+0000] {subprocess.py:93} INFO - SLF4J: Found binding in [jar:file:/opt/hadoop/share/hadoop/common/lib/slf4j-log4j12-1.7.25.jar!/org/slf4j/impl/StaticLoggerBinder.class]
[2025-03-21T15:23:35.731+0000] {subprocess.py:93} INFO - SLF4J: See http://www.slf4j.org/codes.html#multiple_bindings for an explanation.
[2025-03-21T15:23:35.920+0000] {subprocess.py:93} INFO - SLF4J: Actual binding is of type [org.apache.logging.slf4j.Log4jLoggerFactory]
[2025-03-21T15:23:37.538+0000] {subprocess.py:93} INFO - Connecting to jdbc:hive2://localhost:10000
[2025-03-21T15:23:37.883+0000] {subprocess.py:93} INFO - Connected to: Apache Hive (version 3.1.3)
[2025-03-21T15:23:37.885+0000] {subprocess.py:93} INFO - Driver: Hive JDBC (version 3.1.3)
[2025-03-21T15:23:37.885+0000] {subprocess.py:93} INFO - Transaction isolation: TRANSACTION_REPEATABLE_READ
[2025-03-21T15:23:38.046+0000] {subprocess.py:93} INFO - INFO  : Compiling command(queryId=root_20250321152337_fe5c59cf-7d8d-4cdd-8180-1adc8cb1bd1f): ALTER TABLE fraud_detections ADD IF NOT EXISTS PARTITION (batch_id='batch_20250321_152117') LOCATION '/data/fraud_detections/batch_id=batch_20250321_152117'
[2025-03-21T15:23:38.047+0000] {subprocess.py:93} INFO - INFO  : Concurrency mode is disabled, not creating a lock manager
[2025-03-21T15:23:38.048+0000] {subprocess.py:93} INFO - INFO  : Semantic Analysis Completed (retrial = false)
[2025-03-21T15:23:38.049+0000] {subprocess.py:93} INFO - INFO  : Returning Hive schema: Schema(fieldSchemas:null, properties:null)
[2025-03-21T15:23:38.050+0000] {subprocess.py:93} INFO - INFO  : Completed compiling command(queryId=root_20250321152337_fe5c59cf-7d8d-4cdd-8180-1adc8cb1bd1f); Time taken: 0.009 seconds
[2025-03-21T15:23:38.051+0000] {subprocess.py:93} INFO - INFO  : Concurrency mode is disabled, not creating a lock manager
[2025-03-21T15:23:38.052+0000] {subprocess.py:93} INFO - INFO  : Executing command(queryId=root_20250321152337_fe5c59cf-7d8d-4cdd-8180-1adc8cb1bd1f): ALTER TABLE fraud_detections ADD IF NOT EXISTS PARTITION (batch_id='batch_20250321_152117') LOCATION '/data/fraud_detections/batch_id=batch_20250321_152117'
[2025-03-21T15:23:38.054+0000] {subprocess.py:93} INFO - INFO  : Starting task [Stage-0:DDL] in serial mode
[2025-03-21T15:23:38.058+0000] {subprocess.py:93} INFO - INFO  : Completed executing command(queryId=root_20250321152337_fe5c59cf-7d8d-4cdd-8180-1adc8cb1bd1f); Time taken: 0.072 seconds
[2025-03-21T15:23:38.059+0000] {subprocess.py:93} INFO - INFO  : OK
[2025-03-21T15:23:38.060+0000] {subprocess.py:93} INFO - INFO  : Concurrency mode is disabled, not creating a lock manager
[2025-03-21T15:23:38.063+0000] {subprocess.py:93} INFO - No rows affected (0.142 seconds)
[2025-03-21T15:23:38.081+0000] {subprocess.py:93} INFO - Beeline version 3.1.3 by Apache Hive
[2025-03-21T15:23:38.091+0000] {subprocess.py:93} INFO - Closing: 0: jdbc:hive2://localhost:10000
[2025-03-21T15:23:38.157+0000] {subprocess.py:97} INFO - Command exited with return code 0
[2025-03-21T15:23:38.212+0000] {taskinstance.py:1398} INFO - Marking task as SUCCESS. dag_id=transactions_pipeline, task_id=add_fraud_partition_batch_20250321_152117, execution_date=20250321T151430, start_date=20250321T152333, end_date=20250321T152338
[2025-03-21T15:23:38.268+0000] {local_task_job_runner.py:228} INFO - Task exited with return code 0
[2025-03-21T15:23:38.295+0000] {taskinstance.py:2776} INFO - 1 downstream tasks scheduled from follow-on schedule check
