[2025-03-19T19:17:50.452+0000] {taskinstance.py:1157} INFO - Dependencies all met for dep_context=non-requeueable deps ti=<TaskInstance: transactions_pipeline.create_hive_table manual__2025-03-19T19:17:36.327552+00:00 [queued]>
[2025-03-19T19:17:50.469+0000] {taskinstance.py:1157} INFO - Dependencies all met for dep_context=requeueable deps ti=<TaskInstance: transactions_pipeline.create_hive_table manual__2025-03-19T19:17:36.327552+00:00 [queued]>
[2025-03-19T19:17:50.470+0000] {taskinstance.py:1359} INFO - Starting attempt 1 of 1
[2025-03-19T19:17:50.489+0000] {taskinstance.py:1380} INFO - Executing <Task(BashOperator): create_hive_table> on 2025-03-19 19:17:36.327552+00:00
[2025-03-19T19:17:50.500+0000] {standard_task_runner.py:57} INFO - Started process 1611 to run task
[2025-03-19T19:17:50.505+0000] {standard_task_runner.py:84} INFO - Running: ['***', 'tasks', 'run', 'transactions_pipeline', 'create_hive_table', 'manual__2025-03-19T19:17:36.327552+00:00', '--job-id', '114', '--raw', '--subdir', 'DAGS_FOLDER/fraud_detection_pipeline.py', '--cfg-path', '/tmp/tmpois9w_uz']
[2025-03-19T19:17:50.523+0000] {standard_task_runner.py:85} INFO - Job 114: Subtask create_hive_table
[2025-03-19T19:17:50.605+0000] {task_command.py:415} INFO - Running <TaskInstance: transactions_pipeline.create_hive_table manual__2025-03-19T19:17:36.327552+00:00 [running]> on host 347688f31140
[2025-03-19T19:17:50.676+0000] {logging_mixin.py:151} WARNING - /home/***/.local/lib/python3.8/site-packages/***/utils/context.py:206 AirflowContextDeprecationWarning: Accessing 'execution_date' from the template is deprecated and will be removed in a future version. Please use 'data_interval_start' or 'logical_date' instead.
[2025-03-19T19:17:50.732+0000] {taskinstance.py:1660} INFO - Exporting env vars: AIRFLOW_CTX_DAG_OWNER='***' AIRFLOW_CTX_DAG_ID='transactions_pipeline' AIRFLOW_CTX_TASK_ID='create_hive_table' AIRFLOW_CTX_EXECUTION_DATE='2025-03-19T19:17:36.327552+00:00' AIRFLOW_CTX_TRY_NUMBER='1' AIRFLOW_CTX_DAG_RUN_ID='manual__2025-03-19T19:17:36.327552+00:00'
[2025-03-19T19:17:50.734+0000] {subprocess.py:63} INFO - Tmp dir root location: /tmp
[2025-03-19T19:17:50.736+0000] {subprocess.py:75} INFO - Running command: ['/bin/bash', '-c', '\n    docker exec hive beeline -u "jdbc:hive2://localhost:10000" --hiveconf hive.exec.dynamic.partition.mode=nonstrict -e "\n    CREATE EXTERNAL TABLE IF NOT EXISTS transactions (\n        transaction_id STRING,\n        date_time STRING,\n        amount DOUBLE,\n        currency STRING,\n        merchant_details STRING,\n        customer_id STRING,\n        transaction_type STRING,\n        location STRING\n    )\n    PARTITIONED BY (batch_id STRING)\n    STORED AS PARQUET\n    LOCATION \'/data/transactions/transactions_batch_0\';\n    ALTER TABLE transactions ADD IF NOT EXISTS PARTITION (batch_id=\'batch_20250319_191736\') LOCATION \'/data/transactions/transactions_batch_0\';"\n    ']
[2025-03-19T19:17:50.753+0000] {subprocess.py:86} INFO - Output:
[2025-03-19T19:17:52.182+0000] {subprocess.py:93} INFO - SLF4J: Class path contains multiple SLF4J bindings.
[2025-03-19T19:17:52.184+0000] {subprocess.py:93} INFO - SLF4J: Found binding in [jar:file:/opt/hive/lib/log4j-slf4j-impl-2.17.1.jar!/org/slf4j/impl/StaticLoggerBinder.class]
[2025-03-19T19:17:52.185+0000] {subprocess.py:93} INFO - SLF4J: Found binding in [jar:file:/opt/hadoop/share/hadoop/common/lib/slf4j-log4j12-1.7.25.jar!/org/slf4j/impl/StaticLoggerBinder.class]
[2025-03-19T19:17:52.185+0000] {subprocess.py:93} INFO - SLF4J: See http://www.slf4j.org/codes.html#multiple_bindings for an explanation.
[2025-03-19T19:17:52.403+0000] {subprocess.py:93} INFO - SLF4J: Actual binding is of type [org.apache.logging.slf4j.Log4jLoggerFactory]
[2025-03-19T19:17:53.858+0000] {subprocess.py:93} INFO - Connecting to jdbc:hive2://localhost:10000
[2025-03-19T19:17:54.218+0000] {subprocess.py:93} INFO - Connected to: Apache Hive (version 3.1.3)
[2025-03-19T19:17:54.219+0000] {subprocess.py:93} INFO - Driver: Hive JDBC (version 3.1.3)
[2025-03-19T19:17:54.219+0000] {subprocess.py:93} INFO - Transaction isolation: TRANSACTION_REPEATABLE_READ
[2025-03-19T19:17:54.358+0000] {subprocess.py:93} INFO - INFO  : Compiling command(queryId=root_20250319191754_3d255196-c69b-4f47-8c58-55aee2bedc06): CREATE EXTERNAL TABLE IF NOT EXISTS transactions (
[2025-03-19T19:17:54.360+0000] {subprocess.py:93} INFO -         transaction_id STRING,
[2025-03-19T19:17:54.361+0000] {subprocess.py:93} INFO -         date_time STRING,
[2025-03-19T19:17:54.362+0000] {subprocess.py:93} INFO -         amount DOUBLE,
[2025-03-19T19:17:54.363+0000] {subprocess.py:93} INFO -         currency STRING,
[2025-03-19T19:17:54.365+0000] {subprocess.py:93} INFO -         merchant_details STRING,
[2025-03-19T19:17:54.365+0000] {subprocess.py:93} INFO -         customer_id STRING,
[2025-03-19T19:17:54.367+0000] {subprocess.py:93} INFO -         transaction_type STRING,
[2025-03-19T19:17:54.368+0000] {subprocess.py:93} INFO -         location STRING
[2025-03-19T19:17:54.369+0000] {subprocess.py:93} INFO -     )
[2025-03-19T19:17:54.369+0000] {subprocess.py:93} INFO -     PARTITIONED BY (batch_id STRING)
[2025-03-19T19:17:54.370+0000] {subprocess.py:93} INFO -     STORED AS PARQUET
[2025-03-19T19:17:54.371+0000] {subprocess.py:93} INFO -     LOCATION '/data/transactions/transactions_batch_0'
[2025-03-19T19:17:54.376+0000] {subprocess.py:93} INFO - INFO  : Concurrency mode is disabled, not creating a lock manager
[2025-03-19T19:17:54.377+0000] {subprocess.py:93} INFO - INFO  : Semantic Analysis Completed (retrial = false)
[2025-03-19T19:17:54.378+0000] {subprocess.py:93} INFO - INFO  : Returning Hive schema: Schema(fieldSchemas:null, properties:null)
[2025-03-19T19:17:54.379+0000] {subprocess.py:93} INFO - INFO  : Completed compiling command(queryId=root_20250319191754_3d255196-c69b-4f47-8c58-55aee2bedc06); Time taken: 0.023 seconds
[2025-03-19T19:17:54.379+0000] {subprocess.py:93} INFO - INFO  : Concurrency mode is disabled, not creating a lock manager
[2025-03-19T19:17:54.380+0000] {subprocess.py:93} INFO - INFO  : Executing command(queryId=root_20250319191754_3d255196-c69b-4f47-8c58-55aee2bedc06): CREATE EXTERNAL TABLE IF NOT EXISTS transactions (
[2025-03-19T19:17:54.380+0000] {subprocess.py:93} INFO -         transaction_id STRING,
[2025-03-19T19:17:54.381+0000] {subprocess.py:93} INFO -         date_time STRING,
[2025-03-19T19:17:54.382+0000] {subprocess.py:93} INFO -         amount DOUBLE,
[2025-03-19T19:17:54.382+0000] {subprocess.py:93} INFO -         currency STRING,
[2025-03-19T19:17:54.383+0000] {subprocess.py:93} INFO -         merchant_details STRING,
[2025-03-19T19:17:54.384+0000] {subprocess.py:93} INFO -         customer_id STRING,
[2025-03-19T19:17:54.384+0000] {subprocess.py:93} INFO -         transaction_type STRING,
[2025-03-19T19:17:54.385+0000] {subprocess.py:93} INFO -         location STRING
[2025-03-19T19:17:54.386+0000] {subprocess.py:93} INFO -     )
[2025-03-19T19:17:54.386+0000] {subprocess.py:93} INFO -     PARTITIONED BY (batch_id STRING)
[2025-03-19T19:17:54.387+0000] {subprocess.py:93} INFO -     STORED AS PARQUET
[2025-03-19T19:17:54.387+0000] {subprocess.py:93} INFO -     LOCATION '/data/transactions/transactions_batch_0'
[2025-03-19T19:17:54.388+0000] {subprocess.py:93} INFO - INFO  : Completed executing command(queryId=root_20250319191754_3d255196-c69b-4f47-8c58-55aee2bedc06); Time taken: 0.001 seconds
[2025-03-19T19:17:54.388+0000] {subprocess.py:93} INFO - INFO  : OK
[2025-03-19T19:17:54.389+0000] {subprocess.py:93} INFO - INFO  : Concurrency mode is disabled, not creating a lock manager
[2025-03-19T19:17:54.390+0000] {subprocess.py:93} INFO - No rows affected (0.132 seconds)
[2025-03-19T19:17:54.531+0000] {subprocess.py:93} INFO - INFO  : Compiling command(queryId=root_20250319191754_6130d953-c9be-4fb0-8af4-e6ce6af67a60): ALTER TABLE transactions ADD IF NOT EXISTS PARTITION (batch_id='batch_20250319_191736') LOCATION '/data/transactions/transactions_batch_0'
[2025-03-19T19:17:54.532+0000] {subprocess.py:93} INFO - INFO  : Concurrency mode is disabled, not creating a lock manager
[2025-03-19T19:17:54.533+0000] {subprocess.py:93} INFO - INFO  : Semantic Analysis Completed (retrial = false)
[2025-03-19T19:17:54.534+0000] {subprocess.py:93} INFO - INFO  : Returning Hive schema: Schema(fieldSchemas:null, properties:null)
[2025-03-19T19:17:54.537+0000] {subprocess.py:93} INFO - INFO  : Completed compiling command(queryId=root_20250319191754_6130d953-c9be-4fb0-8af4-e6ce6af67a60); Time taken: 0.019 seconds
[2025-03-19T19:17:54.538+0000] {subprocess.py:93} INFO - INFO  : Concurrency mode is disabled, not creating a lock manager
[2025-03-19T19:17:54.539+0000] {subprocess.py:93} INFO - INFO  : Executing command(queryId=root_20250319191754_6130d953-c9be-4fb0-8af4-e6ce6af67a60): ALTER TABLE transactions ADD IF NOT EXISTS PARTITION (batch_id='batch_20250319_191736') LOCATION '/data/transactions/transactions_batch_0'
[2025-03-19T19:17:54.539+0000] {subprocess.py:93} INFO - INFO  : Starting task [Stage-0:DDL] in serial mode
[2025-03-19T19:17:54.540+0000] {subprocess.py:93} INFO - INFO  : Completed executing command(queryId=root_20250319191754_6130d953-c9be-4fb0-8af4-e6ce6af67a60); Time taken: 0.103 seconds
[2025-03-19T19:17:54.541+0000] {subprocess.py:93} INFO - INFO  : OK
[2025-03-19T19:17:54.541+0000] {subprocess.py:93} INFO - INFO  : Concurrency mode is disabled, not creating a lock manager
[2025-03-19T19:17:54.543+0000] {subprocess.py:93} INFO - No rows affected (0.145 seconds)
[2025-03-19T19:17:54.544+0000] {subprocess.py:93} INFO - Beeline version 3.1.3 by Apache Hive
[2025-03-19T19:17:54.563+0000] {subprocess.py:93} INFO - Closing: 0: jdbc:hive2://localhost:10000
[2025-03-19T19:17:54.630+0000] {subprocess.py:97} INFO - Command exited with return code 0
[2025-03-19T19:17:54.668+0000] {taskinstance.py:1398} INFO - Marking task as SUCCESS. dag_id=transactions_pipeline, task_id=create_hive_table, execution_date=20250319T191736, start_date=20250319T191750, end_date=20250319T191754
[2025-03-19T19:17:54.732+0000] {local_task_job_runner.py:228} INFO - Task exited with return code 0
[2025-03-19T19:17:54.764+0000] {taskinstance.py:2776} INFO - 1 downstream tasks scheduled from follow-on schedule check
