[2025-03-20T19:28:28.537+0000] {taskinstance.py:1157} INFO - Dependencies all met for dep_context=non-requeueable deps ti=<TaskInstance: transactions_pipeline.get_batch_id scheduled__2025-03-20T18:31:42.764769+00:00 [queued]>
[2025-03-20T19:28:29.069+0000] {taskinstance.py:1157} INFO - Dependencies all met for dep_context=requeueable deps ti=<TaskInstance: transactions_pipeline.get_batch_id scheduled__2025-03-20T18:31:42.764769+00:00 [queued]>
[2025-03-20T19:29:59.840+0000] {taskinstance.py:1359} INFO - Starting attempt 1 of 1
[2025-03-20T19:30:00.092+0000] {taskinstance.py:1380} INFO - Executing <Task(PythonOperator): get_batch_id> on 2025-03-20 18:31:42.764769+00:00
[2025-03-20T19:30:00.255+0000] {standard_task_runner.py:57} INFO - Started process 222 to run task
[2025-03-20T19:30:00.360+0000] {standard_task_runner.py:84} INFO - Running: ['***', 'tasks', 'run', 'transactions_pipeline', 'get_batch_id', 'scheduled__2025-03-20T18:31:42.764769+00:00', '--job-id', '399', '--raw', '--subdir', 'DAGS_FOLDER/fraud_detection_pipeline.py', '--cfg-path', '/tmp/tmpgxbdm0jk']
[2025-03-20T19:30:00.540+0000] {standard_task_runner.py:85} INFO - Job 399: Subtask get_batch_id
[2025-03-20T19:30:01.950+0000] {task_command.py:415} INFO - Running <TaskInstance: transactions_pipeline.get_batch_id scheduled__2025-03-20T18:31:42.764769+00:00 [running]> on host 08ec3d25162d
[2025-03-20T19:30:03.801+0000] {taskinstance.py:1660} INFO - Exporting env vars: AIRFLOW_CTX_DAG_EMAIL='rabiizahnoune7@gmail.com' AIRFLOW_CTX_DAG_OWNER='***' AIRFLOW_CTX_DAG_ID='transactions_pipeline' AIRFLOW_CTX_TASK_ID='get_batch_id' AIRFLOW_CTX_EXECUTION_DATE='2025-03-20T18:31:42.764769+00:00' AIRFLOW_CTX_TRY_NUMBER='1' AIRFLOW_CTX_DAG_RUN_ID='scheduled__2025-03-20T18:31:42.764769+00:00'
[2025-03-20T19:30:03.835+0000] {fraud_detection_pipeline.py:70} INFO - Listing files in /data/transactions
[2025-03-20T19:30:04.497+0000] {fraud_detection_pipeline.py:77} INFO - Command stdout: '/data/transactions/transactions_batch_20250320_144447.parquet
/data/transactions/transactions_batch_20250320_135205.parquet
'
[2025-03-20T19:30:04.500+0000] {fraud_detection_pipeline.py:78} INFO - Command stderr: ''
[2025-03-20T19:30:04.503+0000] {fraud_detection_pipeline.py:93} INFO - Latest file: /data/transactions/transactions_batch_20250320_144447.parquet
[2025-03-20T19:30:04.505+0000] {fraud_detection_pipeline.py:94} INFO - Latest batch ID: batch_20250320_144447
[2025-03-20T19:30:04.508+0000] {python.py:194} INFO - Done. Returned value was: batch_20250320_144447
[2025-03-20T19:30:04.647+0000] {taskinstance.py:1398} INFO - Marking task as SUCCESS. dag_id=transactions_pipeline, task_id=get_batch_id, execution_date=20250320T183142, start_date=20250320T192828, end_date=20250320T193004
[2025-03-20T19:30:04.797+0000] {local_task_job_runner.py:228} INFO - Task exited with return code 0
[2025-03-20T19:30:04.958+0000] {taskinstance.py:2776} INFO - 1 downstream tasks scheduled from follow-on schedule check
