[2025-03-20T19:30:35.226+0000] {taskinstance.py:1157} INFO - Dependencies all met for dep_context=non-requeueable deps ti=<TaskInstance: transactions_pipeline.get_batch_id scheduled__2025-03-20T18:40:32.992418+00:00 [queued]>
[2025-03-20T19:30:35.237+0000] {taskinstance.py:1157} INFO - Dependencies all met for dep_context=requeueable deps ti=<TaskInstance: transactions_pipeline.get_batch_id scheduled__2025-03-20T18:40:32.992418+00:00 [queued]>
[2025-03-20T19:30:35.238+0000] {taskinstance.py:1359} INFO - Starting attempt 1 of 1
[2025-03-20T19:30:35.280+0000] {taskinstance.py:1380} INFO - Executing <Task(PythonOperator): get_batch_id> on 2025-03-20 18:40:32.992418+00:00
[2025-03-20T19:30:35.306+0000] {standard_task_runner.py:57} INFO - Started process 277 to run task
[2025-03-20T19:30:35.322+0000] {standard_task_runner.py:84} INFO - Running: ['***', 'tasks', 'run', 'transactions_pipeline', 'get_batch_id', 'scheduled__2025-03-20T18:40:32.992418+00:00', '--job-id', '403', '--raw', '--subdir', 'DAGS_FOLDER/fraud_detection_pipeline.py', '--cfg-path', '/tmp/tmpzvyufav6']
[2025-03-20T19:30:35.335+0000] {standard_task_runner.py:85} INFO - Job 403: Subtask get_batch_id
[2025-03-20T19:30:35.479+0000] {task_command.py:415} INFO - Running <TaskInstance: transactions_pipeline.get_batch_id scheduled__2025-03-20T18:40:32.992418+00:00 [running]> on host 08ec3d25162d
[2025-03-20T19:30:35.602+0000] {taskinstance.py:1660} INFO - Exporting env vars: AIRFLOW_CTX_DAG_EMAIL='rabiizahnoune7@gmail.com' AIRFLOW_CTX_DAG_OWNER='***' AIRFLOW_CTX_DAG_ID='transactions_pipeline' AIRFLOW_CTX_TASK_ID='get_batch_id' AIRFLOW_CTX_EXECUTION_DATE='2025-03-20T18:40:32.992418+00:00' AIRFLOW_CTX_TRY_NUMBER='1' AIRFLOW_CTX_DAG_RUN_ID='scheduled__2025-03-20T18:40:32.992418+00:00'
[2025-03-20T19:30:35.604+0000] {fraud_detection_pipeline.py:70} INFO - Listing files in /data/transactions
[2025-03-20T19:30:35.754+0000] {fraud_detection_pipeline.py:77} INFO - Command stdout: '/data/transactions/transactions_batch_20250320_144447.parquet
/data/transactions/transactions_batch_20250320_135205.parquet
'
[2025-03-20T19:30:35.756+0000] {fraud_detection_pipeline.py:78} INFO - Command stderr: ''
[2025-03-20T19:30:35.757+0000] {fraud_detection_pipeline.py:93} INFO - Latest file: /data/transactions/transactions_batch_20250320_144447.parquet
[2025-03-20T19:30:35.760+0000] {fraud_detection_pipeline.py:94} INFO - Latest batch ID: batch_20250320_144447
[2025-03-20T19:30:35.761+0000] {python.py:194} INFO - Done. Returned value was: batch_20250320_144447
[2025-03-20T19:30:35.801+0000] {taskinstance.py:1398} INFO - Marking task as SUCCESS. dag_id=transactions_pipeline, task_id=get_batch_id, execution_date=20250320T184032, start_date=20250320T193035, end_date=20250320T193035
[2025-03-20T19:30:35.853+0000] {local_task_job_runner.py:228} INFO - Task exited with return code 0
[2025-03-20T19:30:35.895+0000] {taskinstance.py:2776} INFO - 1 downstream tasks scheduled from follow-on schedule check
