[2025-03-19T19:52:34.336+0000] {taskinstance.py:1157} INFO - Dependencies all met for dep_context=non-requeueable deps ti=<TaskInstance: transactions_pipeline.detect_fraud manual__2025-03-19T19:52:19.178060+00:00 [queued]>
[2025-03-19T19:52:34.353+0000] {taskinstance.py:1157} INFO - Dependencies all met for dep_context=requeueable deps ti=<TaskInstance: transactions_pipeline.detect_fraud manual__2025-03-19T19:52:19.178060+00:00 [queued]>
[2025-03-19T19:52:34.354+0000] {taskinstance.py:1359} INFO - Starting attempt 1 of 1
[2025-03-19T19:52:34.423+0000] {taskinstance.py:1380} INFO - Executing <Task(BashOperator): detect_fraud> on 2025-03-19 19:52:19.178060+00:00
[2025-03-19T19:52:34.448+0000] {standard_task_runner.py:57} INFO - Started process 2840 to run task
[2025-03-19T19:52:34.455+0000] {standard_task_runner.py:84} INFO - Running: ['***', 'tasks', 'run', 'transactions_pipeline', 'detect_fraud', 'manual__2025-03-19T19:52:19.178060+00:00', '--job-id', '143', '--raw', '--subdir', 'DAGS_FOLDER/fraud_detection_pipeline.py', '--cfg-path', '/tmp/tmpj2lqdy1_']
[2025-03-19T19:52:34.460+0000] {standard_task_runner.py:85} INFO - Job 143: Subtask detect_fraud
[2025-03-19T19:52:34.557+0000] {task_command.py:415} INFO - Running <TaskInstance: transactions_pipeline.detect_fraud manual__2025-03-19T19:52:19.178060+00:00 [running]> on host 347688f31140
[2025-03-19T19:52:34.690+0000] {taskinstance.py:1660} INFO - Exporting env vars: AIRFLOW_CTX_DAG_OWNER='***' AIRFLOW_CTX_DAG_ID='transactions_pipeline' AIRFLOW_CTX_TASK_ID='detect_fraud' AIRFLOW_CTX_EXECUTION_DATE='2025-03-19T19:52:19.178060+00:00' AIRFLOW_CTX_TRY_NUMBER='1' AIRFLOW_CTX_DAG_RUN_ID='manual__2025-03-19T19:52:19.178060+00:00'
[2025-03-19T19:52:34.692+0000] {subprocess.py:63} INFO - Tmp dir root location: /tmp
[2025-03-19T19:52:34.693+0000] {subprocess.py:75} INFO - Running command: ['/bin/bash', '-c', '\n    docker exec hive beeline -u "jdbc:hive2://localhost:10000" -e "\n    CREATE TABLE IF NOT EXISTS fraud_detections (\n        transaction_id STRING,\n        date_time STRING,\n        amount DOUBLE,\n        customer_id STRING,\n        location STRING,\n        fraud_reason STRING\n    )\n    STORED AS PARQUET\n    LOCATION \'/data/fraud_detections\';\n    INSERT INTO TABLE fraud_detections\n    SELECT\n        t.transaction_id,\n        t.date_time,\n        t.amount,\n        t.customer_id,\n        t.location,\n        \'High Amount\' AS fraud_reason\n    FROM transactions t\n    WHERE t.batch_id = \'batch_20250319_194300\'\n    AND t.amount > 1000;"\n    ']
[2025-03-19T19:52:34.707+0000] {subprocess.py:86} INFO - Output:
[2025-03-19T19:52:36.416+0000] {subprocess.py:93} INFO - SLF4J: Class path contains multiple SLF4J bindings.
[2025-03-19T19:52:36.418+0000] {subprocess.py:93} INFO - SLF4J: Found binding in [jar:file:/opt/hive/lib/log4j-slf4j-impl-2.17.1.jar!/org/slf4j/impl/StaticLoggerBinder.class]
[2025-03-19T19:52:36.419+0000] {subprocess.py:93} INFO - SLF4J: Found binding in [jar:file:/opt/hadoop/share/hadoop/common/lib/slf4j-log4j12-1.7.25.jar!/org/slf4j/impl/StaticLoggerBinder.class]
[2025-03-19T19:52:36.420+0000] {subprocess.py:93} INFO - SLF4J: See http://www.slf4j.org/codes.html#multiple_bindings for an explanation.
[2025-03-19T19:52:36.751+0000] {subprocess.py:93} INFO - SLF4J: Actual binding is of type [org.apache.logging.slf4j.Log4jLoggerFactory]
[2025-03-19T19:52:38.150+0000] {subprocess.py:93} INFO - Connecting to jdbc:hive2://localhost:10000
[2025-03-19T19:52:38.410+0000] {subprocess.py:93} INFO - Connected to: Apache Hive (version 3.1.3)
[2025-03-19T19:52:38.411+0000] {subprocess.py:93} INFO - Driver: Hive JDBC (version 3.1.3)
[2025-03-19T19:52:38.411+0000] {subprocess.py:93} INFO - Transaction isolation: TRANSACTION_REPEATABLE_READ
[2025-03-19T19:52:38.494+0000] {subprocess.py:93} INFO - INFO  : Compiling command(queryId=root_20250319195238_8942fbee-04c8-4cec-a9cb-3f015a00329b): CREATE TABLE IF NOT EXISTS fraud_detections (
[2025-03-19T19:52:38.496+0000] {subprocess.py:93} INFO -         transaction_id STRING,
[2025-03-19T19:52:38.496+0000] {subprocess.py:93} INFO -         date_time STRING,
[2025-03-19T19:52:38.497+0000] {subprocess.py:93} INFO -         amount DOUBLE,
[2025-03-19T19:52:38.498+0000] {subprocess.py:93} INFO -         customer_id STRING,
[2025-03-19T19:52:38.499+0000] {subprocess.py:93} INFO -         location STRING,
[2025-03-19T19:52:38.499+0000] {subprocess.py:93} INFO -         fraud_reason STRING
[2025-03-19T19:52:38.500+0000] {subprocess.py:93} INFO -     )
[2025-03-19T19:52:38.501+0000] {subprocess.py:93} INFO -     STORED AS PARQUET
[2025-03-19T19:52:38.501+0000] {subprocess.py:93} INFO -     LOCATION '/data/fraud_detections'
[2025-03-19T19:52:38.502+0000] {subprocess.py:93} INFO - INFO  : Concurrency mode is disabled, not creating a lock manager
[2025-03-19T19:52:38.503+0000] {subprocess.py:93} INFO - INFO  : Semantic Analysis Completed (retrial = false)
[2025-03-19T19:52:38.503+0000] {subprocess.py:93} INFO - INFO  : Returning Hive schema: Schema(fieldSchemas:null, properties:null)
[2025-03-19T19:52:38.504+0000] {subprocess.py:93} INFO - INFO  : Completed compiling command(queryId=root_20250319195238_8942fbee-04c8-4cec-a9cb-3f015a00329b); Time taken: 0.007 seconds
[2025-03-19T19:52:38.505+0000] {subprocess.py:93} INFO - INFO  : Concurrency mode is disabled, not creating a lock manager
[2025-03-19T19:52:38.506+0000] {subprocess.py:93} INFO - INFO  : Executing command(queryId=root_20250319195238_8942fbee-04c8-4cec-a9cb-3f015a00329b): CREATE TABLE IF NOT EXISTS fraud_detections (
[2025-03-19T19:52:38.507+0000] {subprocess.py:93} INFO -         transaction_id STRING,
[2025-03-19T19:52:38.508+0000] {subprocess.py:93} INFO -         date_time STRING,
[2025-03-19T19:52:38.509+0000] {subprocess.py:93} INFO -         amount DOUBLE,
[2025-03-19T19:52:38.509+0000] {subprocess.py:93} INFO -         customer_id STRING,
[2025-03-19T19:52:38.510+0000] {subprocess.py:93} INFO -         location STRING,
[2025-03-19T19:52:38.511+0000] {subprocess.py:93} INFO -         fraud_reason STRING
[2025-03-19T19:52:38.511+0000] {subprocess.py:93} INFO -     )
[2025-03-19T19:52:38.512+0000] {subprocess.py:93} INFO -     STORED AS PARQUET
[2025-03-19T19:52:38.513+0000] {subprocess.py:93} INFO -     LOCATION '/data/fraud_detections'
[2025-03-19T19:52:38.514+0000] {subprocess.py:93} INFO - INFO  : Completed executing command(queryId=root_20250319195238_8942fbee-04c8-4cec-a9cb-3f015a00329b); Time taken: 0.001 seconds
[2025-03-19T19:52:38.514+0000] {subprocess.py:93} INFO - INFO  : OK
[2025-03-19T19:52:38.515+0000] {subprocess.py:93} INFO - INFO  : Concurrency mode is disabled, not creating a lock manager
[2025-03-19T19:52:38.516+0000] {subprocess.py:93} INFO - No rows affected (0.068 seconds)
[2025-03-19T19:52:40.372+0000] {subprocess.py:93} INFO - INFO  : Compiling command(queryId=root_20250319195238_e75d1d83-ea56-4734-a661-af31a3431be4): INSERT INTO TABLE fraud_detections
[2025-03-19T19:52:40.375+0000] {subprocess.py:93} INFO -     SELECT
[2025-03-19T19:52:40.377+0000] {subprocess.py:93} INFO -         t.transaction_id,
[2025-03-19T19:52:40.378+0000] {subprocess.py:93} INFO -         t.date_time,
[2025-03-19T19:52:40.379+0000] {subprocess.py:93} INFO -         t.amount,
[2025-03-19T19:52:40.381+0000] {subprocess.py:93} INFO -         t.customer_id,
[2025-03-19T19:52:40.383+0000] {subprocess.py:93} INFO -         t.location,
[2025-03-19T19:52:40.384+0000] {subprocess.py:93} INFO -         'High Amount' AS fraud_reason
[2025-03-19T19:52:40.385+0000] {subprocess.py:93} INFO -     FROM transactions t
[2025-03-19T19:52:40.385+0000] {subprocess.py:93} INFO -     WHERE t.batch_id = 'batch_20250319_194300'
[2025-03-19T19:52:40.386+0000] {subprocess.py:93} INFO -     AND t.amount > 1000
[2025-03-19T19:52:40.386+0000] {subprocess.py:93} INFO - INFO  : Concurrency mode is disabled, not creating a lock manager
[2025-03-19T19:52:40.387+0000] {subprocess.py:93} INFO - INFO  : Semantic Analysis Completed (retrial = false)
[2025-03-19T19:52:40.387+0000] {subprocess.py:93} INFO - INFO  : Returning Hive schema: Schema(fieldSchemas:[FieldSchema(name:t.transaction_id, type:string, comment:null), FieldSchema(name:t.date_time, type:string, comment:null), FieldSchema(name:t.amount, type:double, comment:null), FieldSchema(name:t.customer_id, type:string, comment:null), FieldSchema(name:t.location, type:string, comment:null), FieldSchema(name:fraud_reason, type:string, comment:null)], properties:null)
[2025-03-19T19:52:40.388+0000] {subprocess.py:93} INFO - INFO  : Completed compiling command(queryId=root_20250319195238_e75d1d83-ea56-4734-a661-af31a3431be4); Time taken: 0.201 seconds
[2025-03-19T19:52:40.389+0000] {subprocess.py:93} INFO - INFO  : Concurrency mode is disabled, not creating a lock manager
[2025-03-19T19:52:40.389+0000] {subprocess.py:93} INFO - INFO  : Executing command(queryId=root_20250319195238_e75d1d83-ea56-4734-a661-af31a3431be4): INSERT INTO TABLE fraud_detections
[2025-03-19T19:52:40.390+0000] {subprocess.py:93} INFO -     SELECT
[2025-03-19T19:52:40.390+0000] {subprocess.py:93} INFO -         t.transaction_id,
[2025-03-19T19:52:40.391+0000] {subprocess.py:93} INFO -         t.date_time,
[2025-03-19T19:52:40.391+0000] {subprocess.py:93} INFO -         t.amount,
[2025-03-19T19:52:40.392+0000] {subprocess.py:93} INFO -         t.customer_id,
[2025-03-19T19:52:40.392+0000] {subprocess.py:93} INFO -         t.location,
[2025-03-19T19:52:40.393+0000] {subprocess.py:93} INFO -         'High Amount' AS fraud_reason
[2025-03-19T19:52:40.393+0000] {subprocess.py:93} INFO -     FROM transactions t
[2025-03-19T19:52:40.393+0000] {subprocess.py:93} INFO -     WHERE t.batch_id = 'batch_20250319_194300'
[2025-03-19T19:52:40.394+0000] {subprocess.py:93} INFO -     AND t.amount > 1000
[2025-03-19T19:52:40.394+0000] {subprocess.py:93} INFO - WARN  : Hive-on-MR is deprecated in Hive 2 and may not be available in the future versions. Consider using a different execution engine (i.e. spark, tez) or using Hive 1.X releases.
[2025-03-19T19:52:40.395+0000] {subprocess.py:93} INFO - INFO  : Query ID = root_20250319195238_e75d1d83-ea56-4734-a661-af31a3431be4
[2025-03-19T19:52:40.395+0000] {subprocess.py:93} INFO - INFO  : Total jobs = 3
[2025-03-19T19:52:40.396+0000] {subprocess.py:93} INFO - INFO  : Launching Job 1 out of 3
[2025-03-19T19:52:40.396+0000] {subprocess.py:93} INFO - INFO  : Starting task [Stage-1:MAPRED] in serial mode
[2025-03-19T19:52:40.396+0000] {subprocess.py:93} INFO - INFO  : Number of reduce tasks determined at compile time: 1
[2025-03-19T19:52:40.396+0000] {subprocess.py:93} INFO - INFO  : In order to change the average load for a reducer (in bytes):
[2025-03-19T19:52:40.397+0000] {subprocess.py:93} INFO - INFO  :   set hive.exec.reducers.bytes.per.reducer=<number>
[2025-03-19T19:52:40.397+0000] {subprocess.py:93} INFO - INFO  : In order to limit the maximum number of reducers:
[2025-03-19T19:52:40.398+0000] {subprocess.py:93} INFO - INFO  :   set hive.exec.reducers.max=<number>
[2025-03-19T19:52:40.400+0000] {subprocess.py:93} INFO - INFO  : In order to set a constant number of reducers:
[2025-03-19T19:52:40.401+0000] {subprocess.py:93} INFO - INFO  :   set mapreduce.job.reduces=<number>
[2025-03-19T19:52:40.401+0000] {subprocess.py:93} INFO - INFO  : number of splits:1
[2025-03-19T19:52:40.402+0000] {subprocess.py:93} INFO - INFO  : Submitting tokens for job: job_local779534446_0008
[2025-03-19T19:52:40.402+0000] {subprocess.py:93} INFO - INFO  : Executing with tokens: []
[2025-03-19T19:52:40.403+0000] {subprocess.py:93} INFO - INFO  : The url to track the job: http://localhost:8080/
[2025-03-19T19:52:40.403+0000] {subprocess.py:93} INFO - INFO  : Job running in-process (local Hadoop)
[2025-03-19T19:52:40.496+0000] {subprocess.py:93} INFO - INFO  : 2025-03-19 19:52:40,464 Stage-1 map = 0%,  reduce = 0%
[2025-03-19T19:52:40.496+0000] {subprocess.py:93} INFO - ERROR : Ended Job = job_local779534446_0008 with errors
[2025-03-19T19:52:40.497+0000] {subprocess.py:93} INFO - ERROR : FAILED: Execution Error, return code 2 from org.apache.hadoop.hive.ql.exec.mr.MapRedTask
[2025-03-19T19:52:40.498+0000] {subprocess.py:93} INFO - INFO  : MapReduce Jobs Launched:
[2025-03-19T19:52:40.498+0000] {subprocess.py:93} INFO - INFO  : Stage-Stage-1:  HDFS Read: 0 HDFS Write: 0 FAIL
[2025-03-19T19:52:40.499+0000] {subprocess.py:93} INFO - INFO  : Total MapReduce CPU Time Spent: 0 msec
[2025-03-19T19:52:40.500+0000] {subprocess.py:93} INFO - INFO  : Completed executing command(queryId=root_20250319195238_e75d1d83-ea56-4734-a661-af31a3431be4); Time taken: 1.764 seconds
[2025-03-19T19:52:40.500+0000] {subprocess.py:93} INFO - INFO  : Concurrency mode is disabled, not creating a lock manager
[2025-03-19T19:52:40.504+0000] {subprocess.py:93} INFO - Error: Error while processing statement: FAILED: Execution Error, return code 2 from org.apache.hadoop.hive.ql.exec.mr.MapRedTask (state=08S01,code=2)
[2025-03-19T19:52:40.514+0000] {subprocess.py:93} INFO - Closing: 0: jdbc:hive2://localhost:10000
[2025-03-19T19:52:40.568+0000] {subprocess.py:97} INFO - Command exited with return code 1
[2025-03-19T19:52:40.587+0000] {taskinstance.py:1935} ERROR - Task failed with exception
Traceback (most recent call last):
  File "/home/airflow/.local/lib/python3.8/site-packages/airflow/operators/bash.py", line 210, in execute
    raise AirflowException(
airflow.exceptions.AirflowException: Bash command failed. The command returned a non-zero exit code 1.
[2025-03-19T19:52:40.592+0000] {taskinstance.py:1398} INFO - Marking task as FAILED. dag_id=transactions_pipeline, task_id=detect_fraud, execution_date=20250319T195219, start_date=20250319T195234, end_date=20250319T195240
[2025-03-19T19:52:40.613+0000] {standard_task_runner.py:104} ERROR - Failed to execute job 143 for task detect_fraud (Bash command failed. The command returned a non-zero exit code 1.; 2840)
[2025-03-19T19:52:40.635+0000] {local_task_job_runner.py:228} INFO - Task exited with return code 1
[2025-03-19T19:52:40.658+0000] {taskinstance.py:2776} INFO - 0 downstream tasks scheduled from follow-on schedule check
