[2025-03-19T22:25:15.634+0000] {taskinstance.py:1157} INFO - Dependencies all met for dep_context=non-requeueable deps ti=<TaskInstance: transactions_pipeline.create_hive_table scheduled__2025-03-19T21:34:58.253415+00:00 [queued]>
[2025-03-19T22:25:15.648+0000] {taskinstance.py:1157} INFO - Dependencies all met for dep_context=requeueable deps ti=<TaskInstance: transactions_pipeline.create_hive_table scheduled__2025-03-19T21:34:58.253415+00:00 [queued]>
[2025-03-19T22:25:15.649+0000] {taskinstance.py:1359} INFO - Starting attempt 1 of 1
[2025-03-19T22:25:15.672+0000] {taskinstance.py:1380} INFO - Executing <Task(BashOperator): create_hive_table> on 2025-03-19 21:34:58.253415+00:00
[2025-03-19T22:25:15.681+0000] {standard_task_runner.py:57} INFO - Started process 230 to run task
[2025-03-19T22:25:15.685+0000] {standard_task_runner.py:84} INFO - Running: ['***', 'tasks', 'run', 'transactions_pipeline', 'create_hive_table', 'scheduled__2025-03-19T21:34:58.253415+00:00', '--job-id', '195', '--raw', '--subdir', 'DAGS_FOLDER/fraud_detection_pipeline.py', '--cfg-path', '/tmp/tmp6_38acsn']
[2025-03-19T22:25:15.689+0000] {standard_task_runner.py:85} INFO - Job 195: Subtask create_hive_table
[2025-03-19T22:25:15.786+0000] {task_command.py:415} INFO - Running <TaskInstance: transactions_pipeline.create_hive_table scheduled__2025-03-19T21:34:58.253415+00:00 [running]> on host 98cacade726c
[2025-03-19T22:25:15.864+0000] {logging_mixin.py:151} WARNING - /home/***/.local/lib/python3.8/site-packages/***/utils/context.py:206 AirflowContextDeprecationWarning: Accessing 'execution_date' from the template is deprecated and will be removed in a future version. Please use 'data_interval_start' or 'logical_date' instead.
[2025-03-19T22:25:15.923+0000] {taskinstance.py:1660} INFO - Exporting env vars: AIRFLOW_CTX_DAG_OWNER='***' AIRFLOW_CTX_DAG_ID='transactions_pipeline' AIRFLOW_CTX_TASK_ID='create_hive_table' AIRFLOW_CTX_EXECUTION_DATE='2025-03-19T21:34:58.253415+00:00' AIRFLOW_CTX_TRY_NUMBER='1' AIRFLOW_CTX_DAG_RUN_ID='scheduled__2025-03-19T21:34:58.253415+00:00'
[2025-03-19T22:25:15.925+0000] {subprocess.py:63} INFO - Tmp dir root location: /tmp
[2025-03-19T22:25:15.926+0000] {subprocess.py:75} INFO - Running command: ['/bin/bash', '-c', '\n    docker exec hive beeline -u "jdbc:hive2://localhost:10000" --hiveconf hive.exec.dynamic.partition.mode=nonstrict -e "\n    CREATE EXTERNAL TABLE IF NOT EXISTS transactions (\n        transaction_id STRING,\n        date_time STRING,\n        amount DOUBLE,\n        currency STRING,\n        merchant_details STRING,\n        customer_id STRING,\n        transaction_type STRING,\n        location STRING\n    )\n    PARTITIONED BY (batch_id STRING)\n    STORED AS PARQUET\n    LOCATION \'/data/transactions/transactions_batch_0\';\n    ALTER TABLE transactions ADD IF NOT EXISTS PARTITION (batch_id=\'batch_20250319_213458\') LOCATION \'/data/transactions/transactions_batch_0\';"\n    ']
[2025-03-19T22:25:15.942+0000] {subprocess.py:86} INFO - Output:
[2025-03-19T22:25:17.492+0000] {subprocess.py:93} INFO - SLF4J: Class path contains multiple SLF4J bindings.
[2025-03-19T22:25:17.493+0000] {subprocess.py:93} INFO - SLF4J: Found binding in [jar:file:/opt/hive/lib/log4j-slf4j-impl-2.17.1.jar!/org/slf4j/impl/StaticLoggerBinder.class]
[2025-03-19T22:25:17.494+0000] {subprocess.py:93} INFO - SLF4J: Found binding in [jar:file:/opt/hadoop/share/hadoop/common/lib/slf4j-log4j12-1.7.25.jar!/org/slf4j/impl/StaticLoggerBinder.class]
[2025-03-19T22:25:17.495+0000] {subprocess.py:93} INFO - SLF4J: See http://www.slf4j.org/codes.html#multiple_bindings for an explanation.
[2025-03-19T22:25:17.746+0000] {subprocess.py:93} INFO - SLF4J: Actual binding is of type [org.apache.logging.slf4j.Log4jLoggerFactory]
[2025-03-19T22:25:19.248+0000] {subprocess.py:93} INFO - Connecting to jdbc:hive2://localhost:10000
[2025-03-19T22:25:19.544+0000] {subprocess.py:93} INFO - Connected to: Apache Hive (version 3.1.3)
[2025-03-19T22:25:19.545+0000] {subprocess.py:93} INFO - Driver: Hive JDBC (version 3.1.3)
[2025-03-19T22:25:19.546+0000] {subprocess.py:93} INFO - Transaction isolation: TRANSACTION_REPEATABLE_READ
[2025-03-19T22:25:20.335+0000] {subprocess.py:93} INFO - INFO  : Compiling command(queryId=root_20250319222519_48c68e2f-c165-4787-909d-c90e5ae516ce): CREATE EXTERNAL TABLE IF NOT EXISTS transactions (
[2025-03-19T22:25:20.336+0000] {subprocess.py:93} INFO -         transaction_id STRING,
[2025-03-19T22:25:20.337+0000] {subprocess.py:93} INFO -         date_time STRING,
[2025-03-19T22:25:20.337+0000] {subprocess.py:93} INFO -         amount DOUBLE,
[2025-03-19T22:25:20.340+0000] {subprocess.py:93} INFO -         currency STRING,
[2025-03-19T22:25:20.343+0000] {subprocess.py:93} INFO -         merchant_details STRING,
[2025-03-19T22:25:20.345+0000] {subprocess.py:93} INFO -         customer_id STRING,
[2025-03-19T22:25:20.349+0000] {subprocess.py:93} INFO -         transaction_type STRING,
[2025-03-19T22:25:20.350+0000] {subprocess.py:93} INFO -         location STRING
[2025-03-19T22:25:20.352+0000] {subprocess.py:93} INFO -     )
[2025-03-19T22:25:20.354+0000] {subprocess.py:93} INFO -     PARTITIONED BY (batch_id STRING)
[2025-03-19T22:25:20.355+0000] {subprocess.py:93} INFO -     STORED AS PARQUET
[2025-03-19T22:25:20.356+0000] {subprocess.py:93} INFO -     LOCATION '/data/transactions/transactions_batch_0'
[2025-03-19T22:25:20.358+0000] {subprocess.py:93} INFO - INFO  : Concurrency mode is disabled, not creating a lock manager
[2025-03-19T22:25:20.359+0000] {subprocess.py:93} INFO - INFO  : Semantic Analysis Completed (retrial = false)
[2025-03-19T22:25:20.360+0000] {subprocess.py:93} INFO - INFO  : Returning Hive schema: Schema(fieldSchemas:null, properties:null)
[2025-03-19T22:25:20.360+0000] {subprocess.py:93} INFO - INFO  : Completed compiling command(queryId=root_20250319222519_48c68e2f-c165-4787-909d-c90e5ae516ce); Time taken: 0.175 seconds
[2025-03-19T22:25:20.362+0000] {subprocess.py:93} INFO - INFO  : Concurrency mode is disabled, not creating a lock manager
[2025-03-19T22:25:20.363+0000] {subprocess.py:93} INFO - INFO  : Executing command(queryId=root_20250319222519_48c68e2f-c165-4787-909d-c90e5ae516ce): CREATE EXTERNAL TABLE IF NOT EXISTS transactions (
[2025-03-19T22:25:20.363+0000] {subprocess.py:93} INFO -         transaction_id STRING,
[2025-03-19T22:25:20.364+0000] {subprocess.py:93} INFO -         date_time STRING,
[2025-03-19T22:25:20.365+0000] {subprocess.py:93} INFO -         amount DOUBLE,
[2025-03-19T22:25:20.366+0000] {subprocess.py:93} INFO -         currency STRING,
[2025-03-19T22:25:20.367+0000] {subprocess.py:93} INFO -         merchant_details STRING,
[2025-03-19T22:25:20.377+0000] {subprocess.py:93} INFO -         customer_id STRING,
[2025-03-19T22:25:20.379+0000] {subprocess.py:93} INFO -         transaction_type STRING,
[2025-03-19T22:25:20.380+0000] {subprocess.py:93} INFO -         location STRING
[2025-03-19T22:25:20.380+0000] {subprocess.py:93} INFO -     )
[2025-03-19T22:25:20.381+0000] {subprocess.py:93} INFO -     PARTITIONED BY (batch_id STRING)
[2025-03-19T22:25:20.382+0000] {subprocess.py:93} INFO -     STORED AS PARQUET
[2025-03-19T22:25:20.383+0000] {subprocess.py:93} INFO -     LOCATION '/data/transactions/transactions_batch_0'
[2025-03-19T22:25:20.384+0000] {subprocess.py:93} INFO - INFO  : Starting task [Stage-0:DDL] in serial mode
[2025-03-19T22:25:20.385+0000] {subprocess.py:93} INFO - INFO  : Completed executing command(queryId=root_20250319222519_48c68e2f-c165-4787-909d-c90e5ae516ce); Time taken: 0.464 seconds
[2025-03-19T22:25:20.386+0000] {subprocess.py:93} INFO - INFO  : OK
[2025-03-19T22:25:20.387+0000] {subprocess.py:93} INFO - INFO  : Concurrency mode is disabled, not creating a lock manager
[2025-03-19T22:25:20.388+0000] {subprocess.py:93} INFO - No rows affected (0.769 seconds)
[2025-03-19T22:25:20.874+0000] {subprocess.py:93} INFO - INFO  : Compiling command(queryId=root_20250319222520_092d79d2-cb8b-484e-a15e-36ce761ba01b): ALTER TABLE transactions ADD IF NOT EXISTS PARTITION (batch_id='batch_20250319_213458') LOCATION '/data/transactions/transactions_batch_0'
[2025-03-19T22:25:20.875+0000] {subprocess.py:93} INFO - INFO  : Concurrency mode is disabled, not creating a lock manager
[2025-03-19T22:25:20.876+0000] {subprocess.py:93} INFO - INFO  : Semantic Analysis Completed (retrial = false)
[2025-03-19T22:25:20.877+0000] {subprocess.py:93} INFO - INFO  : Returning Hive schema: Schema(fieldSchemas:null, properties:null)
[2025-03-19T22:25:20.878+0000] {subprocess.py:93} INFO - INFO  : Completed compiling command(queryId=root_20250319222520_092d79d2-cb8b-484e-a15e-36ce761ba01b); Time taken: 0.294 seconds
[2025-03-19T22:25:20.879+0000] {subprocess.py:93} INFO - INFO  : Concurrency mode is disabled, not creating a lock manager
[2025-03-19T22:25:20.879+0000] {subprocess.py:93} INFO - INFO  : Executing command(queryId=root_20250319222520_092d79d2-cb8b-484e-a15e-36ce761ba01b): ALTER TABLE transactions ADD IF NOT EXISTS PARTITION (batch_id='batch_20250319_213458') LOCATION '/data/transactions/transactions_batch_0'
[2025-03-19T22:25:20.880+0000] {subprocess.py:93} INFO - INFO  : Starting task [Stage-0:DDL] in serial mode
[2025-03-19T22:25:20.881+0000] {subprocess.py:93} INFO - INFO  : Completed executing command(queryId=root_20250319222520_092d79d2-cb8b-484e-a15e-36ce761ba01b); Time taken: 0.197 seconds
[2025-03-19T22:25:20.881+0000] {subprocess.py:93} INFO - INFO  : OK
[2025-03-19T22:25:20.882+0000] {subprocess.py:93} INFO - INFO  : Concurrency mode is disabled, not creating a lock manager
[2025-03-19T22:25:20.883+0000] {subprocess.py:93} INFO - No rows affected (0.513 seconds)
[2025-03-19T22:25:20.884+0000] {subprocess.py:93} INFO - Beeline version 3.1.3 by Apache Hive
[2025-03-19T22:25:20.892+0000] {subprocess.py:93} INFO - Closing: 0: jdbc:hive2://localhost:10000
[2025-03-19T22:25:20.976+0000] {subprocess.py:97} INFO - Command exited with return code 0
[2025-03-19T22:25:21.015+0000] {taskinstance.py:1398} INFO - Marking task as SUCCESS. dag_id=transactions_pipeline, task_id=create_hive_table, execution_date=20250319T213458, start_date=20250319T222515, end_date=20250319T222521
[2025-03-19T22:25:21.071+0000] {local_task_job_runner.py:228} INFO - Task exited with return code 0
[2025-03-19T22:25:21.097+0000] {taskinstance.py:2776} INFO - 1 downstream tasks scheduled from follow-on schedule check
