[2025-03-21T13:47:45.090+0000] {taskinstance.py:1157} INFO - Dependencies all met for dep_context=non-requeueable deps ti=<TaskInstance: transactions_pipeline.list_unprocessed_files scheduled__2025-03-21T13:42:39.231672+00:00 [queued]>
[2025-03-21T13:47:45.102+0000] {taskinstance.py:1157} INFO - Dependencies all met for dep_context=requeueable deps ti=<TaskInstance: transactions_pipeline.list_unprocessed_files scheduled__2025-03-21T13:42:39.231672+00:00 [queued]>
[2025-03-21T13:47:45.103+0000] {taskinstance.py:1359} INFO - Starting attempt 1 of 1
[2025-03-21T13:47:45.126+0000] {taskinstance.py:1380} INFO - Executing <Task(PythonOperator): list_unprocessed_files> on 2025-03-21 13:42:39.231672+00:00
[2025-03-21T13:47:45.132+0000] {standard_task_runner.py:57} INFO - Started process 267 to run task
[2025-03-21T13:47:45.135+0000] {standard_task_runner.py:84} INFO - Running: ['***', 'tasks', 'run', 'transactions_pipeline', 'list_unprocessed_files', 'scheduled__2025-03-21T13:42:39.231672+00:00', '--job-id', '700', '--raw', '--subdir', 'DAGS_FOLDER/fraud_detection_pipeline.py', '--cfg-path', '/tmp/tmpa7dhqjat']
[2025-03-21T13:47:45.139+0000] {standard_task_runner.py:85} INFO - Job 700: Subtask list_unprocessed_files
[2025-03-21T13:47:45.199+0000] {task_command.py:415} INFO - Running <TaskInstance: transactions_pipeline.list_unprocessed_files scheduled__2025-03-21T13:42:39.231672+00:00 [running]> on host e95638583d4d
[2025-03-21T13:47:44.028+0000] {taskinstance.py:1660} INFO - Exporting env vars: AIRFLOW_CTX_DAG_EMAIL='rabiizahnoune7@gmail.com' AIRFLOW_CTX_DAG_OWNER='***' AIRFLOW_CTX_DAG_ID='transactions_pipeline' AIRFLOW_CTX_TASK_ID='list_unprocessed_files' AIRFLOW_CTX_EXECUTION_DATE='2025-03-21T13:42:39.231672+00:00' AIRFLOW_CTX_TRY_NUMBER='1' AIRFLOW_CTX_DAG_RUN_ID='scheduled__2025-03-21T13:42:39.231672+00:00'
[2025-03-21T13:47:44.031+0000] {fraud_detection_pipeline.py:77} INFO - Listing files in /data/transactions
[2025-03-21T13:47:44.191+0000] {fraud_detection_pipeline.py:84} INFO - Command stdout: '/data/transactions/transactions_batch_20250321_131230.parquet
/data/transactions/transactions_batch_20250321_131546.parquet
/data/transactions/transactions_batch_20250321_131625.parquet
/data/transactions/transactions_batch_20250321_131702.parquet
/data/transactions/transactions_batch_20250321_131741.parquet
/data/transactions/transactions_batch_20250321_131820.parquet
'
[2025-03-21T13:47:44.193+0000] {fraud_detection_pipeline.py:85} INFO - Command stderr: ''
[2025-03-21T13:47:44.195+0000] {fraud_detection_pipeline.py:101} INFO - Found unprocessed files: ['/data/transactions/transactions_batch_20250321_131230.parquet', '/data/transactions/transactions_batch_20250321_131546.parquet', '/data/transactions/transactions_batch_20250321_131625.parquet', '/data/transactions/transactions_batch_20250321_131702.parquet', '/data/transactions/transactions_batch_20250321_131741.parquet', '/data/transactions/transactions_batch_20250321_131820.parquet']
[2025-03-21T13:47:44.196+0000] {python.py:194} INFO - Done. Returned value was: ['/data/transactions/transactions_batch_20250321_131230.parquet', '/data/transactions/transactions_batch_20250321_131546.parquet', '/data/transactions/transactions_batch_20250321_131625.parquet', '/data/transactions/transactions_batch_20250321_131702.parquet', '/data/transactions/transactions_batch_20250321_131741.parquet', '/data/transactions/transactions_batch_20250321_131820.parquet']
[2025-03-21T13:47:44.256+0000] {taskinstance.py:1398} INFO - Marking task as SUCCESS. dag_id=transactions_pipeline, task_id=list_unprocessed_files, execution_date=20250321T134239, start_date=20250321T134745, end_date=20250321T134744
[2025-03-21T13:47:44.329+0000] {local_task_job_runner.py:228} INFO - Task exited with return code 0
[2025-03-21T13:47:44.382+0000] {taskinstance.py:2776} INFO - 6 downstream tasks scheduled from follow-on schedule check
