[2025-03-20T13:15:01.714+0000] {taskinstance.py:1157} INFO - Dependencies all met for dep_context=non-requeueable deps ti=<TaskInstance: transactions_pipeline.detect_fraud manual__2025-03-20T13:14:42.773264+00:00 [queued]>
[2025-03-20T13:15:01.727+0000] {taskinstance.py:1157} INFO - Dependencies all met for dep_context=requeueable deps ti=<TaskInstance: transactions_pipeline.detect_fraud manual__2025-03-20T13:14:42.773264+00:00 [queued]>
[2025-03-20T13:15:01.728+0000] {taskinstance.py:1359} INFO - Starting attempt 1 of 1
[2025-03-20T13:15:01.747+0000] {taskinstance.py:1380} INFO - Executing <Task(BashOperator): detect_fraud> on 2025-03-20 13:14:42.773264+00:00
[2025-03-20T13:15:01.756+0000] {standard_task_runner.py:57} INFO - Started process 1489 to run task
[2025-03-20T13:15:01.760+0000] {standard_task_runner.py:84} INFO - Running: ['***', 'tasks', 'run', 'transactions_pipeline', 'detect_fraud', 'manual__2025-03-20T13:14:42.773264+00:00', '--job-id', '323', '--raw', '--subdir', 'DAGS_FOLDER/fraud_detection_pipeline.py', '--cfg-path', '/tmp/tmpbif_yx37']
[2025-03-20T13:15:01.764+0000] {standard_task_runner.py:85} INFO - Job 323: Subtask detect_fraud
[2025-03-20T13:15:01.831+0000] {task_command.py:415} INFO - Running <TaskInstance: transactions_pipeline.detect_fraud manual__2025-03-20T13:14:42.773264+00:00 [running]> on host 3938a1dd8bd9
[2025-03-20T13:15:01.951+0000] {taskinstance.py:1660} INFO - Exporting env vars: AIRFLOW_CTX_DAG_OWNER='***' AIRFLOW_CTX_DAG_ID='transactions_pipeline' AIRFLOW_CTX_TASK_ID='detect_fraud' AIRFLOW_CTX_EXECUTION_DATE='2025-03-20T13:14:42.773264+00:00' AIRFLOW_CTX_TRY_NUMBER='1' AIRFLOW_CTX_DAG_RUN_ID='manual__2025-03-20T13:14:42.773264+00:00'
[2025-03-20T13:15:01.956+0000] {subprocess.py:63} INFO - Tmp dir root location: /tmp
[2025-03-20T13:15:01.958+0000] {subprocess.py:75} INFO - Running command: ['/bin/bash', '-c', '\n    docker exec hive spark-submit --master spark://localhost:7077 /hive/scripts/detect_fraud.py "batch_20250320_130944"\n    ']
[2025-03-20T13:15:01.974+0000] {subprocess.py:86} INFO - Output:
[2025-03-20T13:15:04.907+0000] {subprocess.py:93} INFO - 25/03/20 13:15:04 INFO SparkContext: Running Spark version 3.5.0
[2025-03-20T13:15:04.912+0000] {subprocess.py:93} INFO - 25/03/20 13:15:04 INFO SparkContext: OS info Linux, 5.15.167.4-microsoft-standard-WSL2, amd64
[2025-03-20T13:15:04.914+0000] {subprocess.py:93} INFO - 25/03/20 13:15:04 INFO SparkContext: Java version 1.8.0_342
[2025-03-20T13:15:04.994+0000] {subprocess.py:93} INFO - 25/03/20 13:15:04 WARN NativeCodeLoader: Unable to load native-hadoop library for your platform... using builtin-java classes where applicable
[2025-03-20T13:15:05.103+0000] {subprocess.py:93} INFO - 25/03/20 13:15:05 INFO ResourceUtils: ==============================================================
[2025-03-20T13:15:05.104+0000] {subprocess.py:93} INFO - 25/03/20 13:15:05 INFO ResourceUtils: No custom resources configured for spark.driver.
[2025-03-20T13:15:05.104+0000] {subprocess.py:93} INFO - 25/03/20 13:15:05 INFO ResourceUtils: ==============================================================
[2025-03-20T13:15:05.105+0000] {subprocess.py:93} INFO - 25/03/20 13:15:05 INFO SparkContext: Submitted application: FraudDetection
[2025-03-20T13:15:05.142+0000] {subprocess.py:93} INFO - 25/03/20 13:15:05 INFO ResourceProfile: Default ResourceProfile created, executor resources: Map(memory -> name: memory, amount: 1024, script: , vendor: , offHeap -> name: offHeap, amount: 0, script: , vendor: ), task resources: Map(cpus -> name: cpus, amount: 1.0)
[2025-03-20T13:15:05.173+0000] {subprocess.py:93} INFO - 25/03/20 13:15:05 INFO ResourceProfile: Limiting resource is cpu
[2025-03-20T13:15:05.174+0000] {subprocess.py:93} INFO - 25/03/20 13:15:05 INFO ResourceProfileManager: Added ResourceProfile id: 0
[2025-03-20T13:15:05.240+0000] {subprocess.py:93} INFO - 25/03/20 13:15:05 INFO SecurityManager: Changing view acls to: root
[2025-03-20T13:15:05.241+0000] {subprocess.py:93} INFO - 25/03/20 13:15:05 INFO SecurityManager: Changing modify acls to: root
[2025-03-20T13:15:05.242+0000] {subprocess.py:93} INFO - 25/03/20 13:15:05 INFO SecurityManager: Changing view acls groups to:
[2025-03-20T13:15:05.243+0000] {subprocess.py:93} INFO - 25/03/20 13:15:05 INFO SecurityManager: Changing modify acls groups to:
[2025-03-20T13:15:05.243+0000] {subprocess.py:93} INFO - 25/03/20 13:15:05 INFO SecurityManager: SecurityManager: authentication disabled; ui acls disabled; users with view permissions: root; groups with view permissions: EMPTY; users with modify permissions: root; groups with modify permissions: EMPTY
[2025-03-20T13:15:05.528+0000] {subprocess.py:93} INFO - 25/03/20 13:15:05 INFO Utils: Successfully started service 'sparkDriver' on port 41853.
[2025-03-20T13:15:05.564+0000] {subprocess.py:93} INFO - 25/03/20 13:15:05 INFO SparkEnv: Registering MapOutputTracker
[2025-03-20T13:15:05.612+0000] {subprocess.py:93} INFO - 25/03/20 13:15:05 INFO SparkEnv: Registering BlockManagerMaster
[2025-03-20T13:15:05.662+0000] {subprocess.py:93} INFO - 25/03/20 13:15:05 INFO BlockManagerMasterEndpoint: Using org.apache.spark.storage.DefaultTopologyMapper for getting topology information
[2025-03-20T13:15:05.663+0000] {subprocess.py:93} INFO - 25/03/20 13:15:05 INFO BlockManagerMasterEndpoint: BlockManagerMasterEndpoint up
[2025-03-20T13:15:05.673+0000] {subprocess.py:93} INFO - 25/03/20 13:15:05 INFO SparkEnv: Registering BlockManagerMasterHeartbeat
[2025-03-20T13:15:05.787+0000] {subprocess.py:93} INFO - 25/03/20 13:15:05 INFO DiskBlockManager: Created local directory at /tmp/blockmgr-7ddaf445-4335-41db-ab76-960857b430d7
[2025-03-20T13:15:05.821+0000] {subprocess.py:93} INFO - 25/03/20 13:15:05 INFO MemoryStore: MemoryStore started with capacity 366.3 MiB
[2025-03-20T13:15:05.854+0000] {subprocess.py:93} INFO - 25/03/20 13:15:05 INFO SparkEnv: Registering OutputCommitCoordinator
[2025-03-20T13:15:06.098+0000] {subprocess.py:93} INFO - 25/03/20 13:15:06 INFO JettyUtils: Start Jetty 0.0.0.0:4040 for SparkUI
[2025-03-20T13:15:06.214+0000] {subprocess.py:93} INFO - 25/03/20 13:15:06 INFO Utils: Successfully started service 'SparkUI' on port 4040.
[2025-03-20T13:15:06.497+0000] {subprocess.py:93} INFO - 25/03/20 13:15:06 INFO StandaloneAppClient$ClientEndpoint: Connecting to master spark://localhost:7077...
[2025-03-20T13:15:06.590+0000] {subprocess.py:93} INFO - 25/03/20 13:15:06 INFO TransportClientFactory: Successfully created connection to localhost/127.0.0.1:7077 after 63 ms (0 ms spent in bootstraps)
[2025-03-20T13:15:06.726+0000] {subprocess.py:93} INFO - 25/03/20 13:15:06 INFO StandaloneSchedulerBackend: Connected to Spark cluster with app ID app-20250320131506-0010
[2025-03-20T13:15:06.729+0000] {subprocess.py:93} INFO - 25/03/20 13:15:06 INFO StandaloneAppClient$ClientEndpoint: Executor added: app-20250320131506-0010/0 on worker-20250320120146-172.18.0.6-34145 (172.18.0.6:34145) with 2 core(s)
[2025-03-20T13:15:06.732+0000] {subprocess.py:93} INFO - 25/03/20 13:15:06 INFO StandaloneSchedulerBackend: Granted executor ID app-20250320131506-0010/0 on hostPort 172.18.0.6:34145 with 2 core(s), 1024.0 MiB RAM
[2025-03-20T13:15:06.767+0000] {subprocess.py:93} INFO - 25/03/20 13:15:06 INFO Utils: Successfully started service 'org.apache.spark.network.netty.NettyBlockTransferService' on port 33673.
[2025-03-20T13:15:06.769+0000] {subprocess.py:93} INFO - 25/03/20 13:15:06 INFO NettyBlockTransferService: Server created on bcc1e3430c31:33673
[2025-03-20T13:15:06.771+0000] {subprocess.py:93} INFO - 25/03/20 13:15:06 INFO BlockManager: Using org.apache.spark.storage.RandomBlockReplicationPolicy for block replication policy
[2025-03-20T13:15:06.788+0000] {subprocess.py:93} INFO - 25/03/20 13:15:06 INFO BlockManagerMaster: Registering BlockManager BlockManagerId(driver, bcc1e3430c31, 33673, None)
[2025-03-20T13:15:06.796+0000] {subprocess.py:93} INFO - 25/03/20 13:15:06 INFO BlockManagerMasterEndpoint: Registering block manager bcc1e3430c31:33673 with 366.3 MiB RAM, BlockManagerId(driver, bcc1e3430c31, 33673, None)
[2025-03-20T13:15:06.804+0000] {subprocess.py:93} INFO - 25/03/20 13:15:06 INFO BlockManagerMaster: Registered BlockManager BlockManagerId(driver, bcc1e3430c31, 33673, None)
[2025-03-20T13:15:06.868+0000] {subprocess.py:93} INFO - 25/03/20 13:15:06 INFO BlockManager: Initialized BlockManager: BlockManagerId(driver, bcc1e3430c31, 33673, None)
[2025-03-20T13:15:06.879+0000] {subprocess.py:93} INFO - 25/03/20 13:15:06 INFO StandaloneAppClient$ClientEndpoint: Executor updated: app-20250320131506-0010/0 is now RUNNING
[2025-03-20T13:15:07.803+0000] {subprocess.py:93} INFO - 25/03/20 13:15:07 INFO StandaloneSchedulerBackend: SchedulerBackend is ready for scheduling beginning after reached minRegisteredResourcesRatio: 0.0
[2025-03-20T13:15:08.394+0000] {subprocess.py:93} INFO - Spark version: 3.5.0
[2025-03-20T13:15:08.677+0000] {subprocess.py:93} INFO - 25/03/20 13:15:08 INFO SharedState: Setting hive.metastore.warehouse.dir ('null') to the value of spark.sql.warehouse.dir.
[2025-03-20T13:15:10.322+0000] {subprocess.py:93} INFO - 25/03/20 13:15:10 INFO SharedState: Warehouse path is 'hdfs://localhost:9000/data/warehouse'.
[2025-03-20T13:15:14.197+0000] {subprocess.py:93} INFO - 25/03/20 13:15:14 INFO InMemoryFileIndex: It took 283 ms to list leaf files for 1 paths.
[2025-03-20T13:15:14.278+0000] {subprocess.py:93} INFO - 25/03/20 13:15:14 INFO StandaloneSchedulerBackend$StandaloneDriverEndpoint: Registered executor NettyRpcEndpointRef(spark-client://Executor) (172.18.0.6:43028) with ID 0,  ResourceProfileId 0
[2025-03-20T13:15:14.701+0000] {subprocess.py:93} INFO - 25/03/20 13:15:14 INFO BlockManagerMasterEndpoint: Registering block manager 172.18.0.6:36695 with 366.3 MiB RAM, BlockManagerId(0, 172.18.0.6, 36695, None)
[2025-03-20T13:15:15.487+0000] {subprocess.py:93} INFO - 25/03/20 13:15:15 INFO SparkContext: Starting job: parquet at NativeMethodAccessorImpl.java:0
[2025-03-20T13:15:15.511+0000] {subprocess.py:93} INFO - 25/03/20 13:15:15 INFO DAGScheduler: Got job 0 (parquet at NativeMethodAccessorImpl.java:0) with 1 output partitions
[2025-03-20T13:15:15.512+0000] {subprocess.py:93} INFO - 25/03/20 13:15:15 INFO DAGScheduler: Final stage: ResultStage 0 (parquet at NativeMethodAccessorImpl.java:0)
[2025-03-20T13:15:15.513+0000] {subprocess.py:93} INFO - 25/03/20 13:15:15 INFO DAGScheduler: Parents of final stage: List()
[2025-03-20T13:15:15.515+0000] {subprocess.py:93} INFO - 25/03/20 13:15:15 INFO DAGScheduler: Missing parents: List()
[2025-03-20T13:15:15.522+0000] {subprocess.py:93} INFO - 25/03/20 13:15:15 INFO DAGScheduler: Submitting ResultStage 0 (MapPartitionsRDD[1] at parquet at NativeMethodAccessorImpl.java:0), which has no missing parents
[2025-03-20T13:15:15.613+0000] {subprocess.py:93} INFO - 25/03/20 13:15:15 INFO MemoryStore: Block broadcast_0 stored as values in memory (estimated size 103.3 KiB, free 366.2 MiB)
[2025-03-20T13:15:15.698+0000] {subprocess.py:93} INFO - 25/03/20 13:15:15 INFO MemoryStore: Block broadcast_0_piece0 stored as bytes in memory (estimated size 37.2 KiB, free 366.2 MiB)
[2025-03-20T13:15:15.704+0000] {subprocess.py:93} INFO - 25/03/20 13:15:15 INFO BlockManagerInfo: Added broadcast_0_piece0 in memory on bcc1e3430c31:33673 (size: 37.2 KiB, free: 366.3 MiB)
[2025-03-20T13:15:15.712+0000] {subprocess.py:93} INFO - 25/03/20 13:15:15 INFO SparkContext: Created broadcast 0 from broadcast at DAGScheduler.scala:1580
[2025-03-20T13:15:15.731+0000] {subprocess.py:93} INFO - 25/03/20 13:15:15 INFO DAGScheduler: Submitting 1 missing tasks from ResultStage 0 (MapPartitionsRDD[1] at parquet at NativeMethodAccessorImpl.java:0) (first 15 tasks are for partitions Vector(0))
[2025-03-20T13:15:15.732+0000] {subprocess.py:93} INFO - 25/03/20 13:15:15 INFO TaskSchedulerImpl: Adding task set 0.0 with 1 tasks resource profile 0
[2025-03-20T13:15:15.769+0000] {subprocess.py:93} INFO - 25/03/20 13:15:15 INFO TaskSetManager: Starting task 0.0 in stage 0.0 (TID 0) (172.18.0.6, executor 0, partition 0, PROCESS_LOCAL, 7831 bytes)
[2025-03-20T13:15:16.572+0000] {subprocess.py:93} INFO - 25/03/20 13:15:16 INFO BlockManagerInfo: Added broadcast_0_piece0 in memory on 172.18.0.6:36695 (size: 37.2 KiB, free: 366.3 MiB)
[2025-03-20T13:15:18.926+0000] {subprocess.py:93} INFO - 25/03/20 13:15:18 INFO TaskSetManager: Finished task 0.0 in stage 0.0 (TID 0) in 3169 ms on 172.18.0.6 (executor 0) (1/1)
[2025-03-20T13:15:18.929+0000] {subprocess.py:93} INFO - 25/03/20 13:15:18 INFO TaskSchedulerImpl: Removed TaskSet 0.0, whose tasks have all completed, from pool
[2025-03-20T13:15:18.942+0000] {subprocess.py:93} INFO - 25/03/20 13:15:18 INFO DAGScheduler: ResultStage 0 (parquet at NativeMethodAccessorImpl.java:0) finished in 3.401 s
[2025-03-20T13:15:18.996+0000] {subprocess.py:93} INFO - 25/03/20 13:15:18 INFO DAGScheduler: Job 0 is finished. Cancelling potential speculative or zombie tasks for this job
[2025-03-20T13:15:19.003+0000] {subprocess.py:93} INFO - 25/03/20 13:15:18 INFO TaskSchedulerImpl: Killing all running tasks in stage 0: Stage finished
[2025-03-20T13:15:19.008+0000] {subprocess.py:93} INFO - 25/03/20 13:15:19 INFO DAGScheduler: Job 0 finished: parquet at NativeMethodAccessorImpl.java:0, took 3.417938 s
[2025-03-20T13:15:20.513+0000] {subprocess.py:93} INFO - 25/03/20 13:15:20 INFO BlockManagerInfo: Removed broadcast_0_piece0 on bcc1e3430c31:33673 in memory (size: 37.2 KiB, free: 366.3 MiB)
[2025-03-20T13:15:20.524+0000] {subprocess.py:93} INFO - 25/03/20 13:15:20 INFO BlockManagerInfo: Removed broadcast_0_piece0 on 172.18.0.6:36695 in memory (size: 37.2 KiB, free: 366.3 MiB)
[2025-03-20T13:15:21.335+0000] {subprocess.py:93} INFO - 25/03/20 13:15:21 INFO FileSourceStrategy: Pushed Filters: IsNotNull(amount),GreaterThan(amount,1000.0)
[2025-03-20T13:15:21.339+0000] {subprocess.py:93} INFO - 25/03/20 13:15:21 INFO FileSourceStrategy: Post-Scan Filters: isnotnull(amount#2),(amount#2 > 1000.0)
[2025-03-20T13:15:21.555+0000] {subprocess.py:93} INFO - 25/03/20 13:15:21 INFO ParquetUtils: Using default output committer for Parquet: org.apache.parquet.hadoop.ParquetOutputCommitter
[2025-03-20T13:15:21.611+0000] {subprocess.py:93} INFO - 25/03/20 13:15:21 INFO FileOutputCommitter: File Output Committer Algorithm version is 1
[2025-03-20T13:15:21.612+0000] {subprocess.py:93} INFO - 25/03/20 13:15:21 INFO FileOutputCommitter: FileOutputCommitter skip cleanup _temporary folders under output directory:false, ignore cleanup failures: false
[2025-03-20T13:15:21.619+0000] {subprocess.py:93} INFO - 25/03/20 13:15:21 INFO SQLHadoopMapReduceCommitProtocol: Using user defined output committer class org.apache.parquet.hadoop.ParquetOutputCommitter
[2025-03-20T13:15:21.622+0000] {subprocess.py:93} INFO - 25/03/20 13:15:21 INFO FileOutputCommitter: File Output Committer Algorithm version is 1
[2025-03-20T13:15:21.624+0000] {subprocess.py:93} INFO - 25/03/20 13:15:21 INFO FileOutputCommitter: FileOutputCommitter skip cleanup _temporary folders under output directory:false, ignore cleanup failures: false
[2025-03-20T13:15:21.624+0000] {subprocess.py:93} INFO - 25/03/20 13:15:21 INFO SQLHadoopMapReduceCommitProtocol: Using output committer class org.apache.parquet.hadoop.ParquetOutputCommitter
[2025-03-20T13:15:22.097+0000] {subprocess.py:93} INFO - 25/03/20 13:15:22 INFO CodeGenerator: Code generated in 285.585851 ms
[2025-03-20T13:15:22.127+0000] {subprocess.py:93} INFO - 25/03/20 13:15:22 INFO MemoryStore: Block broadcast_1 stored as values in memory (estimated size 357.5 KiB, free 366.0 MiB)
[2025-03-20T13:15:22.144+0000] {subprocess.py:93} INFO - 25/03/20 13:15:22 INFO MemoryStore: Block broadcast_1_piece0 stored as bytes in memory (estimated size 35.2 KiB, free 365.9 MiB)
[2025-03-20T13:15:22.145+0000] {subprocess.py:93} INFO - 25/03/20 13:15:22 INFO BlockManagerInfo: Added broadcast_1_piece0 in memory on bcc1e3430c31:33673 (size: 35.2 KiB, free: 366.3 MiB)
[2025-03-20T13:15:22.147+0000] {subprocess.py:93} INFO - 25/03/20 13:15:22 INFO SparkContext: Created broadcast 1 from parquet at NativeMethodAccessorImpl.java:0
[2025-03-20T13:15:22.169+0000] {subprocess.py:93} INFO - 25/03/20 13:15:22 INFO FileSourceScanExec: Planning scan with bin packing, max size: 4194304 bytes, open cost is considered as scanning 4194304 bytes.
[2025-03-20T13:15:22.225+0000] {subprocess.py:93} INFO - 25/03/20 13:15:22 INFO SparkContext: Starting job: parquet at NativeMethodAccessorImpl.java:0
[2025-03-20T13:15:22.227+0000] {subprocess.py:93} INFO - 25/03/20 13:15:22 INFO DAGScheduler: Got job 1 (parquet at NativeMethodAccessorImpl.java:0) with 1 output partitions
[2025-03-20T13:15:22.228+0000] {subprocess.py:93} INFO - 25/03/20 13:15:22 INFO DAGScheduler: Final stage: ResultStage 1 (parquet at NativeMethodAccessorImpl.java:0)
[2025-03-20T13:15:22.228+0000] {subprocess.py:93} INFO - 25/03/20 13:15:22 INFO DAGScheduler: Parents of final stage: List()
[2025-03-20T13:15:22.229+0000] {subprocess.py:93} INFO - 25/03/20 13:15:22 INFO DAGScheduler: Missing parents: List()
[2025-03-20T13:15:22.230+0000] {subprocess.py:93} INFO - 25/03/20 13:15:22 INFO DAGScheduler: Submitting ResultStage 1 (MapPartitionsRDD[5] at parquet at NativeMethodAccessorImpl.java:0), which has no missing parents
[2025-03-20T13:15:22.324+0000] {subprocess.py:93} INFO - 25/03/20 13:15:22 INFO MemoryStore: Block broadcast_2 stored as values in memory (estimated size 219.2 KiB, free 365.7 MiB)
[2025-03-20T13:15:22.327+0000] {subprocess.py:93} INFO - 25/03/20 13:15:22 INFO MemoryStore: Block broadcast_2_piece0 stored as bytes in memory (estimated size 77.5 KiB, free 365.6 MiB)
[2025-03-20T13:15:22.330+0000] {subprocess.py:93} INFO - 25/03/20 13:15:22 INFO BlockManagerInfo: Added broadcast_2_piece0 in memory on bcc1e3430c31:33673 (size: 77.5 KiB, free: 366.2 MiB)
[2025-03-20T13:15:22.331+0000] {subprocess.py:93} INFO - 25/03/20 13:15:22 INFO SparkContext: Created broadcast 2 from broadcast at DAGScheduler.scala:1580
[2025-03-20T13:15:22.335+0000] {subprocess.py:93} INFO - 25/03/20 13:15:22 INFO DAGScheduler: Submitting 1 missing tasks from ResultStage 1 (MapPartitionsRDD[5] at parquet at NativeMethodAccessorImpl.java:0) (first 15 tasks are for partitions Vector(0))
[2025-03-20T13:15:22.337+0000] {subprocess.py:93} INFO - 25/03/20 13:15:22 INFO TaskSchedulerImpl: Adding task set 1.0 with 1 tasks resource profile 0
[2025-03-20T13:15:22.372+0000] {subprocess.py:93} INFO - 25/03/20 13:15:22 INFO TaskSetManager: Starting task 0.0 in stage 1.0 (TID 1) (172.18.0.6, executor 0, partition 0, ANY, 8299 bytes)
[2025-03-20T13:15:22.428+0000] {subprocess.py:93} INFO - 25/03/20 13:15:22 INFO BlockManagerInfo: Added broadcast_2_piece0 in memory on 172.18.0.6:36695 (size: 77.5 KiB, free: 366.2 MiB)
[2025-03-20T13:15:23.799+0000] {subprocess.py:93} INFO - 25/03/20 13:15:23 INFO BlockManagerInfo: Added broadcast_1_piece0 in memory on 172.18.0.6:36695 (size: 35.2 KiB, free: 366.2 MiB)
[2025-03-20T13:15:24.471+0000] {subprocess.py:93} INFO - 25/03/20 13:15:24 INFO TaskSetManager: Finished task 0.0 in stage 1.0 (TID 1) in 2104 ms on 172.18.0.6 (executor 0) (1/1)
[2025-03-20T13:15:24.472+0000] {subprocess.py:93} INFO - 25/03/20 13:15:24 INFO TaskSchedulerImpl: Removed TaskSet 1.0, whose tasks have all completed, from pool
[2025-03-20T13:15:24.475+0000] {subprocess.py:93} INFO - 25/03/20 13:15:24 INFO DAGScheduler: ResultStage 1 (parquet at NativeMethodAccessorImpl.java:0) finished in 2.234 s
[2025-03-20T13:15:24.476+0000] {subprocess.py:93} INFO - 25/03/20 13:15:24 INFO DAGScheduler: Job 1 is finished. Cancelling potential speculative or zombie tasks for this job
[2025-03-20T13:15:24.477+0000] {subprocess.py:93} INFO - 25/03/20 13:15:24 INFO TaskSchedulerImpl: Killing all running tasks in stage 1: Stage finished
[2025-03-20T13:15:24.478+0000] {subprocess.py:93} INFO - 25/03/20 13:15:24 INFO DAGScheduler: Job 1 finished: parquet at NativeMethodAccessorImpl.java:0, took 2.250947 s
[2025-03-20T13:15:24.480+0000] {subprocess.py:93} INFO - 25/03/20 13:15:24 INFO FileFormatWriter: Start to commit write Job af3895d5-1c46-424c-9498-d325036f5476.
[2025-03-20T13:15:24.564+0000] {subprocess.py:93} INFO - 25/03/20 13:15:24 INFO FileFormatWriter: Write Job af3895d5-1c46-424c-9498-d325036f5476 committed. Elapsed time: 83 ms.
[2025-03-20T13:15:24.570+0000] {subprocess.py:93} INFO - 25/03/20 13:15:24 INFO FileFormatWriter: Finished processing stats for write job af3895d5-1c46-424c-9498-d325036f5476.
[2025-03-20T13:15:24.577+0000] {subprocess.py:93} INFO - 25/03/20 13:15:24 INFO SparkContext: SparkContext is stopping with exitCode 0.
[2025-03-20T13:15:24.592+0000] {subprocess.py:93} INFO - 25/03/20 13:15:24 INFO SparkUI: Stopped Spark web UI at http://bcc1e3430c31:4040
[2025-03-20T13:15:24.598+0000] {subprocess.py:93} INFO - 25/03/20 13:15:24 INFO StandaloneSchedulerBackend: Shutting down all executors
[2025-03-20T13:15:24.599+0000] {subprocess.py:93} INFO - 25/03/20 13:15:24 INFO StandaloneSchedulerBackend$StandaloneDriverEndpoint: Asking each executor to shut down
[2025-03-20T13:15:24.694+0000] {subprocess.py:93} INFO - 25/03/20 13:15:24 INFO MapOutputTrackerMasterEndpoint: MapOutputTrackerMasterEndpoint stopped!
[2025-03-20T13:15:24.711+0000] {subprocess.py:93} INFO - 25/03/20 13:15:24 INFO MemoryStore: MemoryStore cleared
[2025-03-20T13:15:24.712+0000] {subprocess.py:93} INFO - 25/03/20 13:15:24 INFO BlockManager: BlockManager stopped
[2025-03-20T13:15:24.770+0000] {subprocess.py:93} INFO - 25/03/20 13:15:24 INFO BlockManagerMaster: BlockManagerMaster stopped
[2025-03-20T13:15:24.773+0000] {subprocess.py:93} INFO - 25/03/20 13:15:24 INFO OutputCommitCoordinator$OutputCommitCoordinatorEndpoint: OutputCommitCoordinator stopped!
[2025-03-20T13:15:24.788+0000] {subprocess.py:93} INFO - 25/03/20 13:15:24 INFO SparkContext: Successfully stopped SparkContext
[2025-03-20T13:15:25.034+0000] {subprocess.py:93} INFO - 25/03/20 13:15:25 INFO ShutdownHookManager: Shutdown hook called
[2025-03-20T13:15:25.035+0000] {subprocess.py:93} INFO - 25/03/20 13:15:25 INFO ShutdownHookManager: Deleting directory /tmp/spark-af1a0c23-1f4e-474b-b8ff-53124623146a
[2025-03-20T13:15:25.040+0000] {subprocess.py:93} INFO - 25/03/20 13:15:25 INFO ShutdownHookManager: Deleting directory /tmp/spark-af1a0c23-1f4e-474b-b8ff-53124623146a/pyspark-63b0d0e0-b080-4782-921b-5486c9b8a240
[2025-03-20T13:15:25.045+0000] {subprocess.py:93} INFO - 25/03/20 13:15:25 INFO ShutdownHookManager: Deleting directory /tmp/spark-180d9bf6-7448-42d1-8aaa-f2254edbf3c2
[2025-03-20T13:15:25.099+0000] {subprocess.py:97} INFO - Command exited with return code 0
[2025-03-20T13:15:25.136+0000] {taskinstance.py:1398} INFO - Marking task as SUCCESS. dag_id=transactions_pipeline, task_id=detect_fraud, execution_date=20250320T131442, start_date=20250320T131501, end_date=20250320T131525
[2025-03-20T13:15:25.165+0000] {local_task_job_runner.py:228} INFO - Task exited with return code 0
[2025-03-20T13:15:25.185+0000] {taskinstance.py:2776} INFO - 0 downstream tasks scheduled from follow-on schedule check
