[2025-03-19T19:28:31.210+0000] {taskinstance.py:1157} INFO - Dependencies all met for dep_context=non-requeueable deps ti=<TaskInstance: transactions_pipeline.detect_fraud manual__2025-03-19T19:28:00.934075+00:00 [queued]>
[2025-03-19T19:28:31.222+0000] {taskinstance.py:1157} INFO - Dependencies all met for dep_context=requeueable deps ti=<TaskInstance: transactions_pipeline.detect_fraud manual__2025-03-19T19:28:00.934075+00:00 [queued]>
[2025-03-19T19:28:31.222+0000] {taskinstance.py:1359} INFO - Starting attempt 1 of 1
[2025-03-19T19:28:31.238+0000] {taskinstance.py:1380} INFO - Executing <Task(BashOperator): detect_fraud> on 2025-03-19 19:28:00.934075+00:00
[2025-03-19T19:28:31.246+0000] {standard_task_runner.py:57} INFO - Started process 1910 to run task
[2025-03-19T19:28:31.250+0000] {standard_task_runner.py:84} INFO - Running: ['***', 'tasks', 'run', 'transactions_pipeline', 'detect_fraud', 'manual__2025-03-19T19:28:00.934075+00:00', '--job-id', '119', '--raw', '--subdir', 'DAGS_FOLDER/fraud_detection_pipeline.py', '--cfg-path', '/tmp/tmpts4y4330']
[2025-03-19T19:28:31.258+0000] {standard_task_runner.py:85} INFO - Job 119: Subtask detect_fraud
[2025-03-19T19:28:31.321+0000] {task_command.py:415} INFO - Running <TaskInstance: transactions_pipeline.detect_fraud manual__2025-03-19T19:28:00.934075+00:00 [running]> on host 347688f31140
[2025-03-19T19:28:31.393+0000] {logging_mixin.py:151} WARNING - /home/***/.local/lib/python3.8/site-packages/***/utils/context.py:206 AirflowContextDeprecationWarning: Accessing 'execution_date' from the template is deprecated and will be removed in a future version. Please use 'data_interval_start' or 'logical_date' instead.
[2025-03-19T19:28:31.433+0000] {taskinstance.py:1660} INFO - Exporting env vars: AIRFLOW_CTX_DAG_OWNER='***' AIRFLOW_CTX_DAG_ID='transactions_pipeline' AIRFLOW_CTX_TASK_ID='detect_fraud' AIRFLOW_CTX_EXECUTION_DATE='2025-03-19T19:28:00.934075+00:00' AIRFLOW_CTX_TRY_NUMBER='1' AIRFLOW_CTX_DAG_RUN_ID='manual__2025-03-19T19:28:00.934075+00:00'
[2025-03-19T19:28:31.435+0000] {subprocess.py:63} INFO - Tmp dir root location: /tmp
[2025-03-19T19:28:31.437+0000] {subprocess.py:75} INFO - Running command: ['/bin/bash', '-c', '\n    docker exec hive beeline -u "jdbc:hive2://localhost:10000" -e "\n    CREATE TABLE IF NOT EXISTS fraud_detections (\n        transaction_id STRING,\n        date_time STRING,\n        amount DOUBLE,\n        customer_id STRING,\n        location STRING,\n        fraud_reason STRING\n    )\n    STORED AS PARQUET\n    LOCATION \'/data/fraud_detections\';\n    INSERT INTO TABLE fraud_detections\n    SELECT\n        transaction_id,\n        date_time,\n        amount,\n        customer_id,\n        location,\n        fraud_reason\n    FROM (\n        SELECT\n            t.transaction_id,\n            t.date_time,\n            t.amount,\n            t.customer_id,\n            t.location,\n            CASE\n                WHEN t.amount > 1000 THEN \'High Amount\'\n                WHEN (SELECT COUNT(*) FROM transactions t2 WHERE t2.customer_id = t.customer_id AND t2.batch_id = \'batch_20250319_192800\') > 10 THEN \'High Frequency\'\n                WHEN t.location NOT IN (\'City1\', \'City2\', \'City3\') THEN \'Unusual Location\'\n                WHEN t.merchant_details LIKE \'%fraud%\' THEN \'Suspicious Merchant\'\n            END AS fraud_reason\n        FROM transactions t\n        WHERE t.batch_id = \'batch_20250319_192800\'\n    ) subquery\n    WHERE fraud_reason IS NOT NULL;"\n    ']
[2025-03-19T19:28:31.452+0000] {subprocess.py:86} INFO - Output:
[2025-03-19T19:28:33.204+0000] {subprocess.py:93} INFO - SLF4J: Class path contains multiple SLF4J bindings.
[2025-03-19T19:28:33.207+0000] {subprocess.py:93} INFO - SLF4J: Found binding in [jar:file:/opt/hive/lib/log4j-slf4j-impl-2.17.1.jar!/org/slf4j/impl/StaticLoggerBinder.class]
[2025-03-19T19:28:33.211+0000] {subprocess.py:93} INFO - SLF4J: Found binding in [jar:file:/opt/hadoop/share/hadoop/common/lib/slf4j-log4j12-1.7.25.jar!/org/slf4j/impl/StaticLoggerBinder.class]
[2025-03-19T19:28:33.213+0000] {subprocess.py:93} INFO - SLF4J: See http://www.slf4j.org/codes.html#multiple_bindings for an explanation.
[2025-03-19T19:28:33.547+0000] {subprocess.py:93} INFO - SLF4J: Actual binding is of type [org.apache.logging.slf4j.Log4jLoggerFactory]
[2025-03-19T19:28:35.263+0000] {subprocess.py:93} INFO - Connecting to jdbc:hive2://localhost:10000
[2025-03-19T19:28:35.653+0000] {subprocess.py:93} INFO - Connected to: Apache Hive (version 3.1.3)
[2025-03-19T19:28:35.655+0000] {subprocess.py:93} INFO - Driver: Hive JDBC (version 3.1.3)
[2025-03-19T19:28:35.656+0000] {subprocess.py:93} INFO - Transaction isolation: TRANSACTION_REPEATABLE_READ
[2025-03-19T19:28:35.983+0000] {subprocess.py:93} INFO - INFO  : Compiling command(queryId=root_20250319192835_61665cda-ed48-4062-aef1-d525ad4abe19): CREATE TABLE IF NOT EXISTS fraud_detections (
[2025-03-19T19:28:35.985+0000] {subprocess.py:93} INFO -         transaction_id STRING,
[2025-03-19T19:28:35.988+0000] {subprocess.py:93} INFO -         date_time STRING,
[2025-03-19T19:28:35.989+0000] {subprocess.py:93} INFO -         amount DOUBLE,
[2025-03-19T19:28:35.990+0000] {subprocess.py:93} INFO -         customer_id STRING,
[2025-03-19T19:28:35.991+0000] {subprocess.py:93} INFO -         location STRING,
[2025-03-19T19:28:35.991+0000] {subprocess.py:93} INFO -         fraud_reason STRING
[2025-03-19T19:28:35.992+0000] {subprocess.py:93} INFO -     )
[2025-03-19T19:28:35.992+0000] {subprocess.py:93} INFO -     STORED AS PARQUET
[2025-03-19T19:28:35.993+0000] {subprocess.py:93} INFO -     LOCATION '/data/fraud_detections'
[2025-03-19T19:28:35.993+0000] {subprocess.py:93} INFO - INFO  : Concurrency mode is disabled, not creating a lock manager
[2025-03-19T19:28:35.994+0000] {subprocess.py:93} INFO - INFO  : Semantic Analysis Completed (retrial = false)
[2025-03-19T19:28:35.995+0000] {subprocess.py:93} INFO - INFO  : Returning Hive schema: Schema(fieldSchemas:null, properties:null)
[2025-03-19T19:28:35.996+0000] {subprocess.py:93} INFO - INFO  : Completed compiling command(queryId=root_20250319192835_61665cda-ed48-4062-aef1-d525ad4abe19); Time taken: 0.026 seconds
[2025-03-19T19:28:35.998+0000] {subprocess.py:93} INFO - INFO  : Concurrency mode is disabled, not creating a lock manager
[2025-03-19T19:28:35.999+0000] {subprocess.py:93} INFO - INFO  : Executing command(queryId=root_20250319192835_61665cda-ed48-4062-aef1-d525ad4abe19): CREATE TABLE IF NOT EXISTS fraud_detections (
[2025-03-19T19:28:35.999+0000] {subprocess.py:93} INFO -         transaction_id STRING,
[2025-03-19T19:28:36.000+0000] {subprocess.py:93} INFO -         date_time STRING,
[2025-03-19T19:28:36.001+0000] {subprocess.py:93} INFO -         amount DOUBLE,
[2025-03-19T19:28:36.002+0000] {subprocess.py:93} INFO -         customer_id STRING,
[2025-03-19T19:28:36.003+0000] {subprocess.py:93} INFO -         location STRING,
[2025-03-19T19:28:36.003+0000] {subprocess.py:93} INFO -         fraud_reason STRING
[2025-03-19T19:28:36.004+0000] {subprocess.py:93} INFO -     )
[2025-03-19T19:28:36.005+0000] {subprocess.py:93} INFO -     STORED AS PARQUET
[2025-03-19T19:28:36.005+0000] {subprocess.py:93} INFO -     LOCATION '/data/fraud_detections'
[2025-03-19T19:28:36.006+0000] {subprocess.py:93} INFO - INFO  : Starting task [Stage-0:DDL] in serial mode
[2025-03-19T19:28:36.006+0000] {subprocess.py:93} INFO - INFO  : Completed executing command(queryId=root_20250319192835_61665cda-ed48-4062-aef1-d525ad4abe19); Time taken: 0.152 seconds
[2025-03-19T19:28:36.007+0000] {subprocess.py:93} INFO - INFO  : OK
[2025-03-19T19:28:36.007+0000] {subprocess.py:93} INFO - INFO  : Concurrency mode is disabled, not creating a lock manager
[2025-03-19T19:28:36.008+0000] {subprocess.py:93} INFO - No rows affected (0.301 seconds)
[2025-03-19T19:28:41.080+0000] {subprocess.py:93} INFO - INFO  : Compiling command(queryId=root_20250319192836_a889d9ba-5660-46b0-8c2e-b96f5bf167ec): INSERT INTO TABLE fraud_detections
[2025-03-19T19:28:41.086+0000] {subprocess.py:93} INFO -     SELECT
[2025-03-19T19:28:41.087+0000] {subprocess.py:93} INFO -         transaction_id,
[2025-03-19T19:28:41.089+0000] {subprocess.py:93} INFO -         date_time,
[2025-03-19T19:28:41.091+0000] {subprocess.py:93} INFO -         amount,
[2025-03-19T19:28:41.094+0000] {subprocess.py:93} INFO -         customer_id,
[2025-03-19T19:28:41.095+0000] {subprocess.py:93} INFO -         location,
[2025-03-19T19:28:41.096+0000] {subprocess.py:93} INFO -         fraud_reason
[2025-03-19T19:28:41.096+0000] {subprocess.py:93} INFO -     FROM (
[2025-03-19T19:28:41.097+0000] {subprocess.py:93} INFO -         SELECT
[2025-03-19T19:28:41.097+0000] {subprocess.py:93} INFO -             t.transaction_id,
[2025-03-19T19:28:41.098+0000] {subprocess.py:93} INFO -             t.date_time,
[2025-03-19T19:28:41.098+0000] {subprocess.py:93} INFO -             t.amount,
[2025-03-19T19:28:41.099+0000] {subprocess.py:93} INFO -             t.customer_id,
[2025-03-19T19:28:41.099+0000] {subprocess.py:93} INFO -             t.location,
[2025-03-19T19:28:41.100+0000] {subprocess.py:93} INFO -             CASE
[2025-03-19T19:28:41.100+0000] {subprocess.py:93} INFO -                 WHEN t.amount > 1000 THEN 'High Amount'
[2025-03-19T19:28:41.101+0000] {subprocess.py:93} INFO -                 WHEN (SELECT COUNT(*) FROM transactions t2 WHERE t2.customer_id = t.customer_id AND t2.batch_id = 'batch_20250319_192800') > 10 THEN 'High Frequency'
[2025-03-19T19:28:41.102+0000] {subprocess.py:93} INFO -                 WHEN t.location NOT IN ('City1', 'City2', 'City3') THEN 'Unusual Location'
[2025-03-19T19:28:41.102+0000] {subprocess.py:93} INFO -                 WHEN t.merchant_details LIKE '%fraud%' THEN 'Suspicious Merchant'
[2025-03-19T19:28:41.103+0000] {subprocess.py:93} INFO -             END AS fraud_reason
[2025-03-19T19:28:41.103+0000] {subprocess.py:93} INFO -         FROM transactions t
[2025-03-19T19:28:41.104+0000] {subprocess.py:93} INFO -         WHERE t.batch_id = 'batch_20250319_192800'
[2025-03-19T19:28:41.104+0000] {subprocess.py:93} INFO -     ) subquery
[2025-03-19T19:28:41.105+0000] {subprocess.py:93} INFO -     WHERE fraud_reason IS NOT NULL
[2025-03-19T19:28:41.105+0000] {subprocess.py:93} INFO - INFO  : Concurrency mode is disabled, not creating a lock manager
[2025-03-19T19:28:41.106+0000] {subprocess.py:93} INFO - INFO  : Semantic Analysis Completed (retrial = false)
[2025-03-19T19:28:41.106+0000] {subprocess.py:93} INFO - INFO  : Returning Hive schema: Schema(fieldSchemas:[FieldSchema(name:transaction_id, type:string, comment:null), FieldSchema(name:date_time, type:string, comment:null), FieldSchema(name:amount, type:double, comment:null), FieldSchema(name:customer_id, type:string, comment:null), FieldSchema(name:location, type:string, comment:null), FieldSchema(name:fraud_reason, type:string, comment:null)], properties:null)
[2025-03-19T19:28:41.107+0000] {subprocess.py:93} INFO - INFO  : Completed compiling command(queryId=root_20250319192836_a889d9ba-5660-46b0-8c2e-b96f5bf167ec); Time taken: 4.049 seconds
[2025-03-19T19:28:41.108+0000] {subprocess.py:93} INFO - INFO  : Concurrency mode is disabled, not creating a lock manager
[2025-03-19T19:28:41.108+0000] {subprocess.py:93} INFO - INFO  : Executing command(queryId=root_20250319192836_a889d9ba-5660-46b0-8c2e-b96f5bf167ec): INSERT INTO TABLE fraud_detections
[2025-03-19T19:28:41.109+0000] {subprocess.py:93} INFO -     SELECT
[2025-03-19T19:28:41.109+0000] {subprocess.py:93} INFO -         transaction_id,
[2025-03-19T19:28:41.109+0000] {subprocess.py:93} INFO -         date_time,
[2025-03-19T19:28:41.110+0000] {subprocess.py:93} INFO -         amount,
[2025-03-19T19:28:41.110+0000] {subprocess.py:93} INFO -         customer_id,
[2025-03-19T19:28:41.111+0000] {subprocess.py:93} INFO -         location,
[2025-03-19T19:28:41.111+0000] {subprocess.py:93} INFO -         fraud_reason
[2025-03-19T19:28:41.112+0000] {subprocess.py:93} INFO -     FROM (
[2025-03-19T19:28:41.112+0000] {subprocess.py:93} INFO -         SELECT
[2025-03-19T19:28:41.113+0000] {subprocess.py:93} INFO -             t.transaction_id,
[2025-03-19T19:28:41.114+0000] {subprocess.py:93} INFO -             t.date_time,
[2025-03-19T19:28:41.115+0000] {subprocess.py:93} INFO -             t.amount,
[2025-03-19T19:28:41.116+0000] {subprocess.py:93} INFO -             t.customer_id,
[2025-03-19T19:28:41.117+0000] {subprocess.py:93} INFO -             t.location,
[2025-03-19T19:28:41.117+0000] {subprocess.py:93} INFO -             CASE
[2025-03-19T19:28:41.118+0000] {subprocess.py:93} INFO -                 WHEN t.amount > 1000 THEN 'High Amount'
[2025-03-19T19:28:41.118+0000] {subprocess.py:93} INFO -                 WHEN (SELECT COUNT(*) FROM transactions t2 WHERE t2.customer_id = t.customer_id AND t2.batch_id = 'batch_20250319_192800') > 10 THEN 'High Frequency'
[2025-03-19T19:28:41.119+0000] {subprocess.py:93} INFO -                 WHEN t.location NOT IN ('City1', 'City2', 'City3') THEN 'Unusual Location'
[2025-03-19T19:28:41.120+0000] {subprocess.py:93} INFO -                 WHEN t.merchant_details LIKE '%fraud%' THEN 'Suspicious Merchant'
[2025-03-19T19:28:41.120+0000] {subprocess.py:93} INFO -             END AS fraud_reason
[2025-03-19T19:28:41.121+0000] {subprocess.py:93} INFO -         FROM transactions t
[2025-03-19T19:28:41.121+0000] {subprocess.py:93} INFO -         WHERE t.batch_id = 'batch_20250319_192800'
[2025-03-19T19:28:41.122+0000] {subprocess.py:93} INFO -     ) subquery
[2025-03-19T19:28:41.122+0000] {subprocess.py:93} INFO -     WHERE fraud_reason IS NOT NULL
[2025-03-19T19:28:41.123+0000] {subprocess.py:93} INFO - WARN  : Hive-on-MR is deprecated in Hive 2 and may not be available in the future versions. Consider using a different execution engine (i.e. spark, tez) or using Hive 1.X releases.
[2025-03-19T19:28:41.123+0000] {subprocess.py:93} INFO - INFO  : Query ID = root_20250319192836_a889d9ba-5660-46b0-8c2e-b96f5bf167ec
[2025-03-19T19:28:41.124+0000] {subprocess.py:93} INFO - INFO  : Total jobs = 4
[2025-03-19T19:28:41.124+0000] {subprocess.py:93} INFO - INFO  : Launching Job 1 out of 4
[2025-03-19T19:28:41.124+0000] {subprocess.py:93} INFO - INFO  : Starting task [Stage-4:MAPRED] in serial mode
[2025-03-19T19:28:41.125+0000] {subprocess.py:93} INFO - INFO  : Number of reduce tasks not specified. Estimated from input data size: 1
[2025-03-19T19:28:41.125+0000] {subprocess.py:93} INFO - INFO  : In order to change the average load for a reducer (in bytes):
[2025-03-19T19:28:41.126+0000] {subprocess.py:93} INFO - INFO  :   set hive.exec.reducers.bytes.per.reducer=<number>
[2025-03-19T19:28:41.126+0000] {subprocess.py:93} INFO - INFO  : In order to limit the maximum number of reducers:
[2025-03-19T19:28:41.127+0000] {subprocess.py:93} INFO - INFO  :   set hive.exec.reducers.max=<number>
[2025-03-19T19:28:41.127+0000] {subprocess.py:93} INFO - INFO  : In order to set a constant number of reducers:
[2025-03-19T19:28:41.128+0000] {subprocess.py:93} INFO - INFO  :   set mapreduce.job.reduces=<number>
[2025-03-19T19:28:44.630+0000] {subprocess.py:93} INFO - INFO  : number of splits:1
[2025-03-19T19:28:44.632+0000] {subprocess.py:93} INFO - INFO  : Submitting tokens for job: job_local171881802_0001
[2025-03-19T19:28:44.683+0000] {subprocess.py:93} INFO - INFO  : Executing with tokens: []
[2025-03-19T19:28:45.660+0000] {subprocess.py:93} INFO - INFO  : The url to track the job: http://localhost:8080/
[2025-03-19T19:28:45.680+0000] {subprocess.py:93} INFO - INFO  : Job running in-process (local Hadoop)
[2025-03-19T19:28:49.148+0000] {subprocess.py:93} INFO - INFO  : 2025-03-19 19:28:49,079 Stage-4 map = 0%,  reduce = 0%
[2025-03-19T19:28:49.150+0000] {subprocess.py:93} INFO - ERROR : Ended Job = job_local171881802_0001 with errors
[2025-03-19T19:28:49.151+0000] {subprocess.py:93} INFO - ERROR : FAILED: Execution Error, return code 2 from org.apache.hadoop.hive.ql.exec.mr.MapRedTask
[2025-03-19T19:28:49.152+0000] {subprocess.py:93} INFO - INFO  : MapReduce Jobs Launched:
[2025-03-19T19:28:49.163+0000] {subprocess.py:93} INFO - INFO  : Stage-Stage-4:  HDFS Read: 0 HDFS Write: 0 FAIL
[2025-03-19T19:28:49.165+0000] {subprocess.py:93} INFO - INFO  : Total MapReduce CPU Time Spent: 0 msec
[2025-03-19T19:28:49.167+0000] {subprocess.py:93} INFO - INFO  : Completed executing command(queryId=root_20250319192836_a889d9ba-5660-46b0-8c2e-b96f5bf167ec); Time taken: 9.041 seconds
[2025-03-19T19:28:49.168+0000] {subprocess.py:93} INFO - INFO  : Concurrency mode is disabled, not creating a lock manager
[2025-03-19T19:28:49.189+0000] {subprocess.py:93} INFO - Error: Error while processing statement: FAILED: Execution Error, return code 2 from org.apache.hadoop.hive.ql.exec.mr.MapRedTask (state=08S01,code=2)
[2025-03-19T19:28:49.231+0000] {subprocess.py:93} INFO - Closing: 0: jdbc:hive2://localhost:10000
[2025-03-19T19:28:49.465+0000] {subprocess.py:97} INFO - Command exited with return code 1
[2025-03-19T19:28:49.581+0000] {taskinstance.py:1935} ERROR - Task failed with exception
Traceback (most recent call last):
  File "/home/airflow/.local/lib/python3.8/site-packages/airflow/operators/bash.py", line 210, in execute
    raise AirflowException(
airflow.exceptions.AirflowException: Bash command failed. The command returned a non-zero exit code 1.
[2025-03-19T19:28:49.609+0000] {taskinstance.py:1398} INFO - Marking task as FAILED. dag_id=transactions_pipeline, task_id=detect_fraud, execution_date=20250319T192800, start_date=20250319T192831, end_date=20250319T192849
[2025-03-19T19:28:49.697+0000] {standard_task_runner.py:104} ERROR - Failed to execute job 119 for task detect_fraud (Bash command failed. The command returned a non-zero exit code 1.; 1910)
[2025-03-19T19:28:51.726+0000] {local_task_job_runner.py:228} INFO - Task exited with return code 1
[2025-03-19T19:28:51.762+0000] {taskinstance.py:2776} INFO - 0 downstream tasks scheduled from follow-on schedule check
