[2025-03-20T12:04:41.237+0000] {taskinstance.py:1157} INFO - Dependencies all met for dep_context=non-requeueable deps ti=<TaskInstance: transactions_pipeline.detect_fraud manual__2025-03-20T12:04:14.612697+00:00 [queued]>
[2025-03-20T12:04:41.260+0000] {taskinstance.py:1157} INFO - Dependencies all met for dep_context=requeueable deps ti=<TaskInstance: transactions_pipeline.detect_fraud manual__2025-03-20T12:04:14.612697+00:00 [queued]>
[2025-03-20T12:04:41.261+0000] {taskinstance.py:1359} INFO - Starting attempt 1 of 1
[2025-03-20T12:04:41.288+0000] {taskinstance.py:1380} INFO - Executing <Task(BashOperator): detect_fraud> on 2025-03-20 12:04:14.612697+00:00
[2025-03-20T12:04:41.296+0000] {standard_task_runner.py:57} INFO - Started process 269 to run task
[2025-03-20T12:04:41.303+0000] {standard_task_runner.py:84} INFO - Running: ['***', 'tasks', 'run', 'transactions_pipeline', 'detect_fraud', 'manual__2025-03-20T12:04:14.612697+00:00', '--job-id', '289', '--raw', '--subdir', 'DAGS_FOLDER/fraud_detection_pipeline.py', '--cfg-path', '/tmp/tmpusep72bn']
[2025-03-20T12:04:41.309+0000] {standard_task_runner.py:85} INFO - Job 289: Subtask detect_fraud
[2025-03-20T12:04:41.493+0000] {task_command.py:415} INFO - Running <TaskInstance: transactions_pipeline.detect_fraud manual__2025-03-20T12:04:14.612697+00:00 [running]> on host 3938a1dd8bd9
[2025-03-20T12:04:41.621+0000] {taskinstance.py:1660} INFO - Exporting env vars: AIRFLOW_CTX_DAG_OWNER='***' AIRFLOW_CTX_DAG_ID='transactions_pipeline' AIRFLOW_CTX_TASK_ID='detect_fraud' AIRFLOW_CTX_EXECUTION_DATE='2025-03-20T12:04:14.612697+00:00' AIRFLOW_CTX_TRY_NUMBER='1' AIRFLOW_CTX_DAG_RUN_ID='manual__2025-03-20T12:04:14.612697+00:00'
[2025-03-20T12:04:41.623+0000] {subprocess.py:63} INFO - Tmp dir root location: /tmp
[2025-03-20T12:04:41.624+0000] {subprocess.py:75} INFO - Running command: ['/bin/bash', '-c', '\n    docker exec hive spark-submit --master spark://hive:7077 --conf spark.sql.catalogImplementation=hive /hive/scripts/detect_fraud.py "0"\n    ']
[2025-03-20T12:04:41.637+0000] {subprocess.py:86} INFO - Output:
[2025-03-20T12:04:45.571+0000] {subprocess.py:93} INFO - 25/03/20 12:04:45 INFO SparkContext: Running Spark version 3.5.0
[2025-03-20T12:04:45.575+0000] {subprocess.py:93} INFO - 25/03/20 12:04:45 INFO SparkContext: OS info Linux, 5.15.167.4-microsoft-standard-WSL2, amd64
[2025-03-20T12:04:45.576+0000] {subprocess.py:93} INFO - 25/03/20 12:04:45 INFO SparkContext: Java version 1.8.0_342
[2025-03-20T12:04:45.674+0000] {subprocess.py:93} INFO - 25/03/20 12:04:45 WARN NativeCodeLoader: Unable to load native-hadoop library for your platform... using builtin-java classes where applicable
[2025-03-20T12:04:45.871+0000] {subprocess.py:93} INFO - 25/03/20 12:04:45 INFO ResourceUtils: ==============================================================
[2025-03-20T12:04:45.872+0000] {subprocess.py:93} INFO - 25/03/20 12:04:45 INFO ResourceUtils: No custom resources configured for spark.driver.
[2025-03-20T12:04:45.879+0000] {subprocess.py:93} INFO - 25/03/20 12:04:45 INFO ResourceUtils: ==============================================================
[2025-03-20T12:04:45.881+0000] {subprocess.py:93} INFO - 25/03/20 12:04:45 INFO SparkContext: Submitted application: FraudDetection
[2025-03-20T12:04:45.962+0000] {subprocess.py:93} INFO - 25/03/20 12:04:45 INFO ResourceProfile: Default ResourceProfile created, executor resources: Map(memory -> name: memory, amount: 1024, script: , vendor: , offHeap -> name: offHeap, amount: 0, script: , vendor: ), task resources: Map(cpus -> name: cpus, amount: 1.0)
[2025-03-20T12:04:45.996+0000] {subprocess.py:93} INFO - 25/03/20 12:04:45 INFO ResourceProfile: Limiting resource is cpu
[2025-03-20T12:04:45.998+0000] {subprocess.py:93} INFO - 25/03/20 12:04:45 INFO ResourceProfileManager: Added ResourceProfile id: 0
[2025-03-20T12:04:46.097+0000] {subprocess.py:93} INFO - 25/03/20 12:04:46 INFO SecurityManager: Changing view acls to: root
[2025-03-20T12:04:46.099+0000] {subprocess.py:93} INFO - 25/03/20 12:04:46 INFO SecurityManager: Changing modify acls to: root
[2025-03-20T12:04:46.101+0000] {subprocess.py:93} INFO - 25/03/20 12:04:46 INFO SecurityManager: Changing view acls groups to:
[2025-03-20T12:04:46.102+0000] {subprocess.py:93} INFO - 25/03/20 12:04:46 INFO SecurityManager: Changing modify acls groups to:
[2025-03-20T12:04:46.103+0000] {subprocess.py:93} INFO - 25/03/20 12:04:46 INFO SecurityManager: SecurityManager: authentication disabled; ui acls disabled; users with view permissions: root; groups with view permissions: EMPTY; users with modify permissions: root; groups with modify permissions: EMPTY
[2025-03-20T12:04:46.527+0000] {subprocess.py:93} INFO - 25/03/20 12:04:46 INFO Utils: Successfully started service 'sparkDriver' on port 41347.
[2025-03-20T12:04:46.577+0000] {subprocess.py:93} INFO - 25/03/20 12:04:46 INFO SparkEnv: Registering MapOutputTracker
[2025-03-20T12:04:46.650+0000] {subprocess.py:93} INFO - 25/03/20 12:04:46 INFO SparkEnv: Registering BlockManagerMaster
[2025-03-20T12:04:46.682+0000] {subprocess.py:93} INFO - 25/03/20 12:04:46 INFO BlockManagerMasterEndpoint: Using org.apache.spark.storage.DefaultTopologyMapper for getting topology information
[2025-03-20T12:04:46.682+0000] {subprocess.py:93} INFO - 25/03/20 12:04:46 INFO BlockManagerMasterEndpoint: BlockManagerMasterEndpoint up
[2025-03-20T12:04:46.692+0000] {subprocess.py:93} INFO - 25/03/20 12:04:46 INFO SparkEnv: Registering BlockManagerMasterHeartbeat
[2025-03-20T12:04:46.798+0000] {subprocess.py:93} INFO - 25/03/20 12:04:46 INFO DiskBlockManager: Created local directory at /tmp/blockmgr-c1d6d3a3-e7b1-4978-8628-5b2a5e32b482
[2025-03-20T12:04:46.828+0000] {subprocess.py:93} INFO - 25/03/20 12:04:46 INFO MemoryStore: MemoryStore started with capacity 366.3 MiB
[2025-03-20T12:04:46.866+0000] {subprocess.py:93} INFO - 25/03/20 12:04:46 INFO SparkEnv: Registering OutputCommitCoordinator
[2025-03-20T12:04:47.208+0000] {subprocess.py:93} INFO - 25/03/20 12:04:47 INFO JettyUtils: Start Jetty 0.0.0.0:4040 for SparkUI
[2025-03-20T12:04:47.317+0000] {subprocess.py:93} INFO - 25/03/20 12:04:47 INFO Utils: Successfully started service 'SparkUI' on port 4040.
[2025-03-20T12:04:47.689+0000] {subprocess.py:93} INFO - 25/03/20 12:04:47 INFO StandaloneAppClient$ClientEndpoint: Connecting to master spark://hive:7077...
[2025-03-20T12:04:47.822+0000] {subprocess.py:93} INFO - 25/03/20 12:04:47 WARN StandaloneAppClient$ClientEndpoint: Failed to connect to master hive:7077
[2025-03-20T12:04:47.825+0000] {subprocess.py:93} INFO - org.apache.spark.SparkException: Exception thrown in awaitResult:
[2025-03-20T12:04:47.827+0000] {subprocess.py:93} INFO - 	at org.apache.spark.util.SparkThreadUtils$.awaitResult(SparkThreadUtils.scala:56)
[2025-03-20T12:04:47.828+0000] {subprocess.py:93} INFO - 	at org.apache.spark.util.ThreadUtils$.awaitResult(ThreadUtils.scala:310)
[2025-03-20T12:04:47.829+0000] {subprocess.py:93} INFO - 	at org.apache.spark.rpc.RpcTimeout.awaitResult(RpcTimeout.scala:75)
[2025-03-20T12:04:47.830+0000] {subprocess.py:93} INFO - 	at org.apache.spark.rpc.RpcEnv.setupEndpointRefByURI(RpcEnv.scala:102)
[2025-03-20T12:04:47.830+0000] {subprocess.py:93} INFO - 	at org.apache.spark.rpc.RpcEnv.setupEndpointRef(RpcEnv.scala:110)
[2025-03-20T12:04:47.831+0000] {subprocess.py:93} INFO - 	at org.apache.spark.deploy.client.StandaloneAppClient$ClientEndpoint$$anon$1.run(StandaloneAppClient.scala:108)
[2025-03-20T12:04:47.831+0000] {subprocess.py:93} INFO - 	at java.util.concurrent.Executors$RunnableAdapter.call(Executors.java:511)
[2025-03-20T12:04:47.832+0000] {subprocess.py:93} INFO - 	at java.util.concurrent.FutureTask.run(FutureTask.java:266)
[2025-03-20T12:04:47.832+0000] {subprocess.py:93} INFO - 	at java.util.concurrent.ThreadPoolExecutor.runWorker(ThreadPoolExecutor.java:1149)
[2025-03-20T12:04:47.833+0000] {subprocess.py:93} INFO - 	at java.util.concurrent.ThreadPoolExecutor$Worker.run(ThreadPoolExecutor.java:624)
[2025-03-20T12:04:47.833+0000] {subprocess.py:93} INFO - 	at java.lang.Thread.run(Thread.java:750)
[2025-03-20T12:04:47.834+0000] {subprocess.py:93} INFO - Caused by: java.io.IOException: Failed to connect to hive/172.18.0.6:7077
[2025-03-20T12:04:47.835+0000] {subprocess.py:93} INFO - 	at org.apache.spark.network.client.TransportClientFactory.createClient(TransportClientFactory.java:294)
[2025-03-20T12:04:47.835+0000] {subprocess.py:93} INFO - 	at org.apache.spark.network.client.TransportClientFactory.createClient(TransportClientFactory.java:214)
[2025-03-20T12:04:47.836+0000] {subprocess.py:93} INFO - 	at org.apache.spark.network.client.TransportClientFactory.createClient(TransportClientFactory.java:226)
[2025-03-20T12:04:47.836+0000] {subprocess.py:93} INFO - 	at org.apache.spark.rpc.netty.NettyRpcEnv.createClient(NettyRpcEnv.scala:204)
[2025-03-20T12:04:47.837+0000] {subprocess.py:93} INFO - 	at org.apache.spark.rpc.netty.Outbox$$anon$1.call(Outbox.scala:202)
[2025-03-20T12:04:47.837+0000] {subprocess.py:93} INFO - 	at org.apache.spark.rpc.netty.Outbox$$anon$1.call(Outbox.scala:198)
[2025-03-20T12:04:47.838+0000] {subprocess.py:93} INFO - 	... 4 more
[2025-03-20T12:04:47.838+0000] {subprocess.py:93} INFO - Caused by: io.netty.channel.AbstractChannel$AnnotatedConnectException: Connection refused: hive/172.18.0.6:7077
[2025-03-20T12:04:47.838+0000] {subprocess.py:93} INFO - Caused by: java.net.ConnectException: Connection refused
[2025-03-20T12:04:47.839+0000] {subprocess.py:93} INFO - 	at sun.nio.ch.SocketChannelImpl.checkConnect(Native Method)
[2025-03-20T12:04:47.842+0000] {subprocess.py:93} INFO - 	at sun.nio.ch.SocketChannelImpl.finishConnect(SocketChannelImpl.java:716)
[2025-03-20T12:04:47.843+0000] {subprocess.py:93} INFO - 	at io.netty.channel.socket.nio.NioSocketChannel.doFinishConnect(NioSocketChannel.java:337)
[2025-03-20T12:04:47.844+0000] {subprocess.py:93} INFO - 	at io.netty.channel.nio.AbstractNioChannel$AbstractNioUnsafe.finishConnect(AbstractNioChannel.java:334)
[2025-03-20T12:04:47.844+0000] {subprocess.py:93} INFO - 	at io.netty.channel.nio.NioEventLoop.processSelectedKey(NioEventLoop.java:776)
[2025-03-20T12:04:47.845+0000] {subprocess.py:93} INFO - 	at io.netty.channel.nio.NioEventLoop.processSelectedKeysOptimized(NioEventLoop.java:724)
[2025-03-20T12:04:47.845+0000] {subprocess.py:93} INFO - 	at io.netty.channel.nio.NioEventLoop.processSelectedKeys(NioEventLoop.java:650)
[2025-03-20T12:04:47.845+0000] {subprocess.py:93} INFO - 	at io.netty.channel.nio.NioEventLoop.run(NioEventLoop.java:562)
[2025-03-20T12:04:47.846+0000] {subprocess.py:93} INFO - 	at io.netty.util.concurrent.SingleThreadEventExecutor$4.run(SingleThreadEventExecutor.java:997)
[2025-03-20T12:04:47.846+0000] {subprocess.py:93} INFO - 	at io.netty.util.internal.ThreadExecutorMap$2.run(ThreadExecutorMap.java:74)
[2025-03-20T12:04:47.847+0000] {subprocess.py:93} INFO - 	at io.netty.util.concurrent.FastThreadLocalRunnable.run(FastThreadLocalRunnable.java:30)
[2025-03-20T12:04:47.847+0000] {subprocess.py:93} INFO - 	at java.lang.Thread.run(Thread.java:750)
[2025-03-20T12:05:07.834+0000] {subprocess.py:93} INFO - 25/03/20 12:05:07 INFO StandaloneAppClient$ClientEndpoint: Connecting to master spark://hive:7077...
[2025-03-20T12:05:07.849+0000] {subprocess.py:93} INFO - 25/03/20 12:05:07 WARN StandaloneAppClient$ClientEndpoint: Failed to connect to master hive:7077
[2025-03-20T12:05:07.850+0000] {subprocess.py:93} INFO - org.apache.spark.SparkException: Exception thrown in awaitResult:
[2025-03-20T12:05:07.851+0000] {subprocess.py:93} INFO - 	at org.apache.spark.util.SparkThreadUtils$.awaitResult(SparkThreadUtils.scala:56)
[2025-03-20T12:05:07.852+0000] {subprocess.py:93} INFO - 	at org.apache.spark.util.ThreadUtils$.awaitResult(ThreadUtils.scala:310)
[2025-03-20T12:05:07.852+0000] {subprocess.py:93} INFO - 	at org.apache.spark.rpc.RpcTimeout.awaitResult(RpcTimeout.scala:75)
[2025-03-20T12:05:07.853+0000] {subprocess.py:93} INFO - 	at org.apache.spark.rpc.RpcEnv.setupEndpointRefByURI(RpcEnv.scala:102)
[2025-03-20T12:05:07.854+0000] {subprocess.py:93} INFO - 	at org.apache.spark.rpc.RpcEnv.setupEndpointRef(RpcEnv.scala:110)
[2025-03-20T12:05:07.854+0000] {subprocess.py:93} INFO - 	at org.apache.spark.deploy.client.StandaloneAppClient$ClientEndpoint$$anon$1.run(StandaloneAppClient.scala:108)
[2025-03-20T12:05:07.855+0000] {subprocess.py:93} INFO - 	at java.util.concurrent.Executors$RunnableAdapter.call(Executors.java:511)
[2025-03-20T12:05:07.856+0000] {subprocess.py:93} INFO - 	at java.util.concurrent.FutureTask.run(FutureTask.java:266)
[2025-03-20T12:05:07.856+0000] {subprocess.py:93} INFO - 	at java.util.concurrent.ThreadPoolExecutor.runWorker(ThreadPoolExecutor.java:1149)
[2025-03-20T12:05:07.857+0000] {subprocess.py:93} INFO - 	at java.util.concurrent.ThreadPoolExecutor$Worker.run(ThreadPoolExecutor.java:624)
[2025-03-20T12:05:07.857+0000] {subprocess.py:93} INFO - 	at java.lang.Thread.run(Thread.java:750)
[2025-03-20T12:05:07.858+0000] {subprocess.py:93} INFO - Caused by: java.io.IOException: Failed to connect to hive/172.18.0.6:7077
[2025-03-20T12:05:07.859+0000] {subprocess.py:93} INFO - 	at org.apache.spark.network.client.TransportClientFactory.createClient(TransportClientFactory.java:294)
[2025-03-20T12:05:07.860+0000] {subprocess.py:93} INFO - 	at org.apache.spark.network.client.TransportClientFactory.createClient(TransportClientFactory.java:214)
[2025-03-20T12:05:07.861+0000] {subprocess.py:93} INFO - 	at org.apache.spark.network.client.TransportClientFactory.createClient(TransportClientFactory.java:226)
[2025-03-20T12:05:07.862+0000] {subprocess.py:93} INFO - 	at org.apache.spark.rpc.netty.NettyRpcEnv.createClient(NettyRpcEnv.scala:204)
[2025-03-20T12:05:07.862+0000] {subprocess.py:93} INFO - 	at org.apache.spark.rpc.netty.Outbox$$anon$1.call(Outbox.scala:202)
[2025-03-20T12:05:07.863+0000] {subprocess.py:93} INFO - 	at org.apache.spark.rpc.netty.Outbox$$anon$1.call(Outbox.scala:198)
[2025-03-20T12:05:07.864+0000] {subprocess.py:93} INFO - 	... 4 more
[2025-03-20T12:05:07.864+0000] {subprocess.py:93} INFO - Caused by: io.netty.channel.AbstractChannel$AnnotatedConnectException: Connection refused: hive/172.18.0.6:7077
[2025-03-20T12:05:07.865+0000] {subprocess.py:93} INFO - Caused by: java.net.ConnectException: Connection refused
[2025-03-20T12:05:07.865+0000] {subprocess.py:93} INFO - 	at sun.nio.ch.SocketChannelImpl.checkConnect(Native Method)
[2025-03-20T12:05:07.866+0000] {subprocess.py:93} INFO - 	at sun.nio.ch.SocketChannelImpl.finishConnect(SocketChannelImpl.java:716)
[2025-03-20T12:05:07.867+0000] {subprocess.py:93} INFO - 	at io.netty.channel.socket.nio.NioSocketChannel.doFinishConnect(NioSocketChannel.java:337)
[2025-03-20T12:05:07.867+0000] {subprocess.py:93} INFO - 	at io.netty.channel.nio.AbstractNioChannel$AbstractNioUnsafe.finishConnect(AbstractNioChannel.java:334)
[2025-03-20T12:05:07.868+0000] {subprocess.py:93} INFO - 	at io.netty.channel.nio.NioEventLoop.processSelectedKey(NioEventLoop.java:776)
[2025-03-20T12:05:07.868+0000] {subprocess.py:93} INFO - 	at io.netty.channel.nio.NioEventLoop.processSelectedKeysOptimized(NioEventLoop.java:724)
[2025-03-20T12:05:07.869+0000] {subprocess.py:93} INFO - 	at io.netty.channel.nio.NioEventLoop.processSelectedKeys(NioEventLoop.java:650)
[2025-03-20T12:05:07.869+0000] {subprocess.py:93} INFO - 	at io.netty.channel.nio.NioEventLoop.run(NioEventLoop.java:562)
[2025-03-20T12:05:07.870+0000] {subprocess.py:93} INFO - 	at io.netty.util.concurrent.SingleThreadEventExecutor$4.run(SingleThreadEventExecutor.java:997)
[2025-03-20T12:05:07.870+0000] {subprocess.py:93} INFO - 	at io.netty.util.internal.ThreadExecutorMap$2.run(ThreadExecutorMap.java:74)
[2025-03-20T12:05:07.871+0000] {subprocess.py:93} INFO - 	at io.netty.util.concurrent.FastThreadLocalRunnable.run(FastThreadLocalRunnable.java:30)
[2025-03-20T12:05:07.871+0000] {subprocess.py:93} INFO - 	at java.lang.Thread.run(Thread.java:750)
[2025-03-20T12:05:27.834+0000] {subprocess.py:93} INFO - 25/03/20 12:05:27 INFO StandaloneAppClient$ClientEndpoint: Connecting to master spark://hive:7077...
[2025-03-20T12:05:27.844+0000] {subprocess.py:93} INFO - 25/03/20 12:05:27 WARN StandaloneAppClient$ClientEndpoint: Failed to connect to master hive:7077
[2025-03-20T12:05:27.845+0000] {subprocess.py:93} INFO - org.apache.spark.SparkException: Exception thrown in awaitResult:
[2025-03-20T12:05:27.846+0000] {subprocess.py:93} INFO - 	at org.apache.spark.util.SparkThreadUtils$.awaitResult(SparkThreadUtils.scala:56)
[2025-03-20T12:05:27.848+0000] {subprocess.py:93} INFO - 	at org.apache.spark.util.ThreadUtils$.awaitResult(ThreadUtils.scala:310)
[2025-03-20T12:05:27.848+0000] {subprocess.py:93} INFO - 	at org.apache.spark.rpc.RpcTimeout.awaitResult(RpcTimeout.scala:75)
[2025-03-20T12:05:27.849+0000] {subprocess.py:93} INFO - 	at org.apache.spark.rpc.RpcEnv.setupEndpointRefByURI(RpcEnv.scala:102)
[2025-03-20T12:05:27.850+0000] {subprocess.py:93} INFO - 	at org.apache.spark.rpc.RpcEnv.setupEndpointRef(RpcEnv.scala:110)
[2025-03-20T12:05:27.851+0000] {subprocess.py:93} INFO - 	at org.apache.spark.deploy.client.StandaloneAppClient$ClientEndpoint$$anon$1.run(StandaloneAppClient.scala:108)
[2025-03-20T12:05:27.851+0000] {subprocess.py:93} INFO - 	at java.util.concurrent.Executors$RunnableAdapter.call(Executors.java:511)
[2025-03-20T12:05:27.852+0000] {subprocess.py:93} INFO - 	at java.util.concurrent.FutureTask.run(FutureTask.java:266)
[2025-03-20T12:05:27.852+0000] {subprocess.py:93} INFO - 	at java.util.concurrent.ThreadPoolExecutor.runWorker(ThreadPoolExecutor.java:1149)
[2025-03-20T12:05:27.853+0000] {subprocess.py:93} INFO - 	at java.util.concurrent.ThreadPoolExecutor$Worker.run(ThreadPoolExecutor.java:624)
[2025-03-20T12:05:27.854+0000] {subprocess.py:93} INFO - 	at java.lang.Thread.run(Thread.java:750)
[2025-03-20T12:05:27.854+0000] {subprocess.py:93} INFO - Caused by: java.io.IOException: Failed to connect to hive/172.18.0.6:7077
[2025-03-20T12:05:27.855+0000] {subprocess.py:93} INFO - 	at org.apache.spark.network.client.TransportClientFactory.createClient(TransportClientFactory.java:294)
[2025-03-20T12:05:27.856+0000] {subprocess.py:93} INFO - 	at org.apache.spark.network.client.TransportClientFactory.createClient(TransportClientFactory.java:214)
[2025-03-20T12:05:27.856+0000] {subprocess.py:93} INFO - 	at org.apache.spark.network.client.TransportClientFactory.createClient(TransportClientFactory.java:226)
[2025-03-20T12:05:27.857+0000] {subprocess.py:93} INFO - 	at org.apache.spark.rpc.netty.NettyRpcEnv.createClient(NettyRpcEnv.scala:204)
[2025-03-20T12:05:27.857+0000] {subprocess.py:93} INFO - 	at org.apache.spark.rpc.netty.Outbox$$anon$1.call(Outbox.scala:202)
[2025-03-20T12:05:27.858+0000] {subprocess.py:93} INFO - 	at org.apache.spark.rpc.netty.Outbox$$anon$1.call(Outbox.scala:198)
[2025-03-20T12:05:27.859+0000] {subprocess.py:93} INFO - 	... 4 more
[2025-03-20T12:05:27.860+0000] {subprocess.py:93} INFO - Caused by: io.netty.channel.AbstractChannel$AnnotatedConnectException: Connection refused: hive/172.18.0.6:7077
[2025-03-20T12:05:27.860+0000] {subprocess.py:93} INFO - Caused by: java.net.ConnectException: Connection refused
[2025-03-20T12:05:27.861+0000] {subprocess.py:93} INFO - 	at sun.nio.ch.SocketChannelImpl.checkConnect(Native Method)
[2025-03-20T12:05:27.861+0000] {subprocess.py:93} INFO - 	at sun.nio.ch.SocketChannelImpl.finishConnect(SocketChannelImpl.java:716)
[2025-03-20T12:05:27.862+0000] {subprocess.py:93} INFO - 	at io.netty.channel.socket.nio.NioSocketChannel.doFinishConnect(NioSocketChannel.java:337)
[2025-03-20T12:05:27.862+0000] {subprocess.py:93} INFO - 	at io.netty.channel.nio.AbstractNioChannel$AbstractNioUnsafe.finishConnect(AbstractNioChannel.java:334)
[2025-03-20T12:05:27.864+0000] {subprocess.py:93} INFO - 	at io.netty.channel.nio.NioEventLoop.processSelectedKey(NioEventLoop.java:776)
[2025-03-20T12:05:27.865+0000] {subprocess.py:93} INFO - 	at io.netty.channel.nio.NioEventLoop.processSelectedKeysOptimized(NioEventLoop.java:724)
[2025-03-20T12:05:27.865+0000] {subprocess.py:93} INFO - 	at io.netty.channel.nio.NioEventLoop.processSelectedKeys(NioEventLoop.java:650)
[2025-03-20T12:05:27.866+0000] {subprocess.py:93} INFO - 	at io.netty.channel.nio.NioEventLoop.run(NioEventLoop.java:562)
[2025-03-20T12:05:27.867+0000] {subprocess.py:93} INFO - 	at io.netty.util.concurrent.SingleThreadEventExecutor$4.run(SingleThreadEventExecutor.java:997)
[2025-03-20T12:05:27.867+0000] {subprocess.py:93} INFO - 	at io.netty.util.internal.ThreadExecutorMap$2.run(ThreadExecutorMap.java:74)
[2025-03-20T12:05:27.868+0000] {subprocess.py:93} INFO - 	at io.netty.util.concurrent.FastThreadLocalRunnable.run(FastThreadLocalRunnable.java:30)
[2025-03-20T12:05:27.869+0000] {subprocess.py:93} INFO - 	at java.lang.Thread.run(Thread.java:750)
[2025-03-20T12:05:47.962+0000] {subprocess.py:93} INFO - 25/03/20 12:05:47 WARN StandaloneSchedulerBackend: Application ID is not initialized yet.
[2025-03-20T12:05:47.963+0000] {subprocess.py:93} INFO - 25/03/20 12:05:47 ERROR StandaloneSchedulerBackend: Application has been killed. Reason: All masters are unresponsive! Giving up.
[2025-03-20T12:05:47.983+0000] {subprocess.py:93} INFO - 25/03/20 12:05:47 INFO Utils: Successfully started service 'org.apache.spark.network.netty.NettyBlockTransferService' on port 44451.
[2025-03-20T12:05:47.984+0000] {subprocess.py:93} INFO - 25/03/20 12:05:47 INFO NettyBlockTransferService: Server created on bcc1e3430c31:44451
[2025-03-20T12:05:47.988+0000] {subprocess.py:93} INFO - 25/03/20 12:05:47 INFO BlockManager: Using org.apache.spark.storage.RandomBlockReplicationPolicy for block replication policy
[2025-03-20T12:05:48.003+0000] {subprocess.py:93} INFO - 25/03/20 12:05:48 INFO BlockManagerMaster: Registering BlockManager BlockManagerId(driver, bcc1e3430c31, 44451, None)
[2025-03-20T12:05:48.010+0000] {subprocess.py:93} INFO - 25/03/20 12:05:48 INFO BlockManagerMasterEndpoint: Registering block manager bcc1e3430c31:44451 with 366.3 MiB RAM, BlockManagerId(driver, bcc1e3430c31, 44451, None)
[2025-03-20T12:05:48.015+0000] {subprocess.py:93} INFO - 25/03/20 12:05:48 INFO BlockManagerMaster: Registered BlockManager BlockManagerId(driver, bcc1e3430c31, 44451, None)
[2025-03-20T12:05:48.018+0000] {subprocess.py:93} INFO - 25/03/20 12:05:48 INFO BlockManager: Initialized BlockManager: BlockManagerId(driver, bcc1e3430c31, 44451, None)
[2025-03-20T12:05:48.457+0000] {subprocess.py:93} INFO - 25/03/20 12:05:48 INFO StandaloneSchedulerBackend: SchedulerBackend is ready for scheduling beginning after reached minRegisteredResourcesRatio: 0.0
[2025-03-20T12:05:49.433+0000] {subprocess.py:93} INFO - 25/03/20 12:05:49 INFO SparkContext: SparkContext is stopping with exitCode 0.
[2025-03-20T12:05:49.448+0000] {subprocess.py:93} INFO - 25/03/20 12:05:49 INFO SharedState: Setting hive.metastore.warehouse.dir ('null') to the value of spark.sql.warehouse.dir.
[2025-03-20T12:05:49.449+0000] {subprocess.py:93} INFO - 25/03/20 12:05:49 INFO SparkUI: Stopped Spark web UI at http://bcc1e3430c31:4040
[2025-03-20T12:05:49.460+0000] {subprocess.py:93} INFO - 25/03/20 12:05:49 INFO StandaloneSchedulerBackend: Shutting down all executors
[2025-03-20T12:05:49.466+0000] {subprocess.py:93} INFO - 25/03/20 12:05:49 INFO StandaloneSchedulerBackend$StandaloneDriverEndpoint: Asking each executor to shut down
[2025-03-20T12:05:49.475+0000] {subprocess.py:93} INFO - 25/03/20 12:05:49 WARN StandaloneAppClient$ClientEndpoint: Drop UnregisterApplication(null) because has not yet connected to master
[2025-03-20T12:05:49.538+0000] {subprocess.py:93} INFO - 25/03/20 12:05:49 INFO MapOutputTrackerMasterEndpoint: MapOutputTrackerMasterEndpoint stopped!
[2025-03-20T12:05:49.558+0000] {subprocess.py:93} INFO - 25/03/20 12:05:49 INFO MemoryStore: MemoryStore cleared
[2025-03-20T12:05:49.559+0000] {subprocess.py:93} INFO - 25/03/20 12:05:49 INFO BlockManager: BlockManager stopped
[2025-03-20T12:05:49.577+0000] {subprocess.py:93} INFO - 25/03/20 12:05:49 INFO BlockManagerMaster: BlockManagerMaster stopped
[2025-03-20T12:05:49.581+0000] {subprocess.py:93} INFO - 25/03/20 12:05:49 INFO OutputCommitCoordinator$OutputCommitCoordinatorEndpoint: OutputCommitCoordinator stopped!
[2025-03-20T12:05:49.623+0000] {subprocess.py:93} INFO - 25/03/20 12:05:49 INFO SparkContext: Successfully stopped SparkContext
[2025-03-20T12:05:50.455+0000] {subprocess.py:93} INFO - 25/03/20 12:05:50 INFO SharedState: Warehouse path is 'hdfs://localhost:9000/data/warehouse'.
[2025-03-20T12:05:50.521+0000] {subprocess.py:93} INFO - Traceback (most recent call last):
[2025-03-20T12:05:50.521+0000] {subprocess.py:93} INFO -   File "/hive/scripts/detect_fraud.py", line 16, in <module>
[2025-03-20T12:05:50.524+0000] {subprocess.py:93} INFO -     df_transactions = spark.sql(f"SELECT * FROM transactions WHERE batch_id = '{batch_id}'")
[2025-03-20T12:05:50.524+0000] {subprocess.py:93} INFO -   File "/opt/spark-3.5.0-bin-hadoop3/python/lib/pyspark.zip/pyspark/sql/session.py", line 1631, in sql
[2025-03-20T12:05:50.525+0000] {subprocess.py:93} INFO -   File "/opt/spark-3.5.0-bin-hadoop3/python/lib/py4j-0.10.9.7-src.zip/py4j/java_gateway.py", line 1322, in __call__
[2025-03-20T12:05:50.526+0000] {subprocess.py:93} INFO -   File "/opt/spark-3.5.0-bin-hadoop3/python/lib/pyspark.zip/pyspark/errors/exceptions/captured.py", line 179, in deco
[2025-03-20T12:05:50.527+0000] {subprocess.py:93} INFO -   File "/opt/spark-3.5.0-bin-hadoop3/python/lib/py4j-0.10.9.7-src.zip/py4j/protocol.py", line 326, in get_return_value
[2025-03-20T12:05:50.527+0000] {subprocess.py:93} INFO - py4j.protocol.Py4JJavaError: An error occurred while calling o29.sql.
[2025-03-20T12:05:50.528+0000] {subprocess.py:93} INFO - : java.lang.IllegalStateException: LiveListenerBus is stopped.
[2025-03-20T12:05:50.529+0000] {subprocess.py:93} INFO - 	at org.apache.spark.scheduler.LiveListenerBus.addToQueue(LiveListenerBus.scala:92)
[2025-03-20T12:05:50.529+0000] {subprocess.py:93} INFO - 	at org.apache.spark.scheduler.LiveListenerBus.addToStatusQueue(LiveListenerBus.scala:75)
[2025-03-20T12:05:50.529+0000] {subprocess.py:93} INFO - 	at org.apache.spark.sql.internal.SharedState.<init>(SharedState.scala:115)
[2025-03-20T12:05:50.530+0000] {subprocess.py:93} INFO - 	at org.apache.spark.sql.SparkSession.$anonfun$sharedState$1(SparkSession.scala:143)
[2025-03-20T12:05:50.530+0000] {subprocess.py:93} INFO - 	at scala.Option.getOrElse(Option.scala:189)
[2025-03-20T12:05:50.531+0000] {subprocess.py:93} INFO - 	at org.apache.spark.sql.SparkSession.sharedState$lzycompute(SparkSession.scala:143)
[2025-03-20T12:05:50.531+0000] {subprocess.py:93} INFO - 	at org.apache.spark.sql.SparkSession.sharedState(SparkSession.scala:142)
[2025-03-20T12:05:50.532+0000] {subprocess.py:93} INFO - 	at org.apache.spark.sql.SparkSession.$anonfun$sessionState$2(SparkSession.scala:162)
[2025-03-20T12:05:50.532+0000] {subprocess.py:93} INFO - 	at scala.Option.getOrElse(Option.scala:189)
[2025-03-20T12:05:50.533+0000] {subprocess.py:93} INFO - 	at org.apache.spark.sql.SparkSession.sessionState$lzycompute(SparkSession.scala:160)
[2025-03-20T12:05:50.533+0000] {subprocess.py:93} INFO - 	at org.apache.spark.sql.SparkSession.sessionState(SparkSession.scala:157)
[2025-03-20T12:05:50.534+0000] {subprocess.py:93} INFO - 	at org.apache.spark.sql.SparkSession.$anonfun$sql$2(SparkSession.scala:631)
[2025-03-20T12:05:50.534+0000] {subprocess.py:93} INFO - 	at org.apache.spark.sql.catalyst.QueryPlanningTracker.measurePhase(QueryPlanningTracker.scala:138)
[2025-03-20T12:05:50.535+0000] {subprocess.py:93} INFO - 	at org.apache.spark.sql.SparkSession.$anonfun$sql$1(SparkSession.scala:630)
[2025-03-20T12:05:50.535+0000] {subprocess.py:93} INFO - 	at org.apache.spark.sql.SparkSession.withActive(SparkSession.scala:900)
[2025-03-20T12:05:50.535+0000] {subprocess.py:93} INFO - 	at org.apache.spark.sql.SparkSession.sql(SparkSession.scala:629)
[2025-03-20T12:05:50.536+0000] {subprocess.py:93} INFO - 	at org.apache.spark.sql.SparkSession.sql(SparkSession.scala:659)
[2025-03-20T12:05:50.536+0000] {subprocess.py:93} INFO - 	at sun.reflect.NativeMethodAccessorImpl.invoke0(Native Method)
[2025-03-20T12:05:50.537+0000] {subprocess.py:93} INFO - 	at sun.reflect.NativeMethodAccessorImpl.invoke(NativeMethodAccessorImpl.java:62)
[2025-03-20T12:05:50.537+0000] {subprocess.py:93} INFO - 	at sun.reflect.DelegatingMethodAccessorImpl.invoke(DelegatingMethodAccessorImpl.java:43)
[2025-03-20T12:05:50.538+0000] {subprocess.py:93} INFO - 	at java.lang.reflect.Method.invoke(Method.java:498)
[2025-03-20T12:05:50.539+0000] {subprocess.py:93} INFO - 	at py4j.reflection.MethodInvoker.invoke(MethodInvoker.java:244)
[2025-03-20T12:05:50.539+0000] {subprocess.py:93} INFO - 	at py4j.reflection.ReflectionEngine.invoke(ReflectionEngine.java:374)
[2025-03-20T12:05:50.540+0000] {subprocess.py:93} INFO - 	at py4j.Gateway.invoke(Gateway.java:282)
[2025-03-20T12:05:50.541+0000] {subprocess.py:93} INFO - 	at py4j.commands.AbstractCommand.invokeMethod(AbstractCommand.java:132)
[2025-03-20T12:05:50.541+0000] {subprocess.py:93} INFO - 	at py4j.commands.CallCommand.execute(CallCommand.java:79)
[2025-03-20T12:05:50.542+0000] {subprocess.py:93} INFO - 	at py4j.ClientServerConnection.waitForCommands(ClientServerConnection.java:182)
[2025-03-20T12:05:50.543+0000] {subprocess.py:93} INFO - 	at py4j.ClientServerConnection.run(ClientServerConnection.java:106)
[2025-03-20T12:05:50.543+0000] {subprocess.py:93} INFO - 	at java.lang.Thread.run(Thread.java:750)
[2025-03-20T12:05:50.544+0000] {subprocess.py:93} INFO - 
[2025-03-20T12:05:50.573+0000] {subprocess.py:93} INFO - 25/03/20 12:05:50 INFO ShutdownHookManager: Shutdown hook called
[2025-03-20T12:05:50.573+0000] {subprocess.py:93} INFO - 25/03/20 12:05:50 INFO ShutdownHookManager: Deleting directory /tmp/spark-e73e39ce-4327-4009-9ed9-6558c8a521f0
[2025-03-20T12:05:50.577+0000] {subprocess.py:93} INFO - 25/03/20 12:05:50 INFO ShutdownHookManager: Deleting directory /tmp/spark-e73e39ce-4327-4009-9ed9-6558c8a521f0/pyspark-c83e5cbc-4836-40f6-b8bc-4a2c01a45334
[2025-03-20T12:05:50.580+0000] {subprocess.py:93} INFO - 25/03/20 12:05:50 INFO ShutdownHookManager: Deleting directory /tmp/spark-217cf2f0-3d66-43c8-b067-1dd34f0fbe36
[2025-03-20T12:05:50.634+0000] {subprocess.py:97} INFO - Command exited with return code 1
[2025-03-20T12:05:50.649+0000] {taskinstance.py:1935} ERROR - Task failed with exception
Traceback (most recent call last):
  File "/home/airflow/.local/lib/python3.8/site-packages/airflow/operators/bash.py", line 210, in execute
    raise AirflowException(
airflow.exceptions.AirflowException: Bash command failed. The command returned a non-zero exit code 1.
[2025-03-20T12:05:50.654+0000] {taskinstance.py:1398} INFO - Marking task as FAILED. dag_id=transactions_pipeline, task_id=detect_fraud, execution_date=20250320T120414, start_date=20250320T120441, end_date=20250320T120550
[2025-03-20T12:05:50.678+0000] {standard_task_runner.py:104} ERROR - Failed to execute job 289 for task detect_fraud (Bash command failed. The command returned a non-zero exit code 1.; 269)
[2025-03-20T12:05:50.688+0000] {local_task_job_runner.py:228} INFO - Task exited with return code 1
[2025-03-20T12:05:50.712+0000] {taskinstance.py:2776} INFO - 0 downstream tasks scheduled from follow-on schedule check
