[2025-03-21T13:49:25.376+0000] {taskinstance.py:1157} INFO - Dependencies all met for dep_context=non-requeueable deps ti=<TaskInstance: transactions_pipeline.create_fraud_table_batch_20250321_131230 scheduled__2025-03-21T13:42:39.231672+00:00 [queued]>
[2025-03-21T13:49:25.403+0000] {taskinstance.py:1157} INFO - Dependencies all met for dep_context=requeueable deps ti=<TaskInstance: transactions_pipeline.create_fraud_table_batch_20250321_131230 scheduled__2025-03-21T13:42:39.231672+00:00 [queued]>
[2025-03-21T13:49:25.415+0000] {taskinstance.py:1359} INFO - Starting attempt 1 of 1
[2025-03-21T13:49:25.466+0000] {taskinstance.py:1380} INFO - Executing <Task(BashOperator): create_fraud_table_batch_20250321_131230> on 2025-03-21 13:42:39.231672+00:00
[2025-03-21T13:49:25.478+0000] {standard_task_runner.py:57} INFO - Started process 751 to run task
[2025-03-21T13:49:25.485+0000] {standard_task_runner.py:84} INFO - Running: ['***', 'tasks', 'run', 'transactions_pipeline', 'create_fraud_table_batch_20250321_131230', 'scheduled__2025-03-21T13:42:39.231672+00:00', '--job-id', '715', '--raw', '--subdir', 'DAGS_FOLDER/fraud_detection_pipeline.py', '--cfg-path', '/tmp/tmpuob0z9hi']
[2025-03-21T13:49:25.493+0000] {standard_task_runner.py:85} INFO - Job 715: Subtask create_fraud_table_batch_20250321_131230
[2025-03-21T13:49:25.639+0000] {task_command.py:415} INFO - Running <TaskInstance: transactions_pipeline.create_fraud_table_batch_20250321_131230 scheduled__2025-03-21T13:42:39.231672+00:00 [running]> on host e95638583d4d
[2025-03-21T13:49:25.833+0000] {taskinstance.py:1660} INFO - Exporting env vars: AIRFLOW_CTX_DAG_EMAIL='rabiizahnoune7@gmail.com' AIRFLOW_CTX_DAG_OWNER='***' AIRFLOW_CTX_DAG_ID='transactions_pipeline' AIRFLOW_CTX_TASK_ID='create_fraud_table_batch_20250321_131230' AIRFLOW_CTX_EXECUTION_DATE='2025-03-21T13:42:39.231672+00:00' AIRFLOW_CTX_TRY_NUMBER='1' AIRFLOW_CTX_DAG_RUN_ID='scheduled__2025-03-21T13:42:39.231672+00:00'
[2025-03-21T13:49:25.837+0000] {subprocess.py:63} INFO - Tmp dir root location: /tmp
[2025-03-21T13:49:25.838+0000] {subprocess.py:75} INFO - Running command: ['/bin/bash', '-c', '\n            docker exec hive beeline -u "jdbc:hive2://localhost:10000" -e "\n            CREATE EXTERNAL TABLE IF NOT EXISTS fraud_detections (\n                transaction_id STRING,\n                date_time STRING,\n                amount DOUBLE,\n                customer_id STRING,\n                location STRING,\n                fraud_reason STRING\n            )\n            STORED AS PARQUET\n            LOCATION \'/data/fraud_detections\';"\n            ']
[2025-03-21T13:49:25.857+0000] {subprocess.py:86} INFO - Output:
[2025-03-21T13:49:39.701+0000] {subprocess.py:93} INFO - SLF4J: Class path contains multiple SLF4J bindings.
[2025-03-21T13:49:39.703+0000] {subprocess.py:93} INFO - SLF4J: Found binding in [jar:file:/opt/hive/lib/log4j-slf4j-impl-2.17.1.jar!/org/slf4j/impl/StaticLoggerBinder.class]
[2025-03-21T13:49:39.704+0000] {subprocess.py:93} INFO - SLF4J: Found binding in [jar:file:/opt/hadoop/share/hadoop/common/lib/slf4j-log4j12-1.7.25.jar!/org/slf4j/impl/StaticLoggerBinder.class]
[2025-03-21T13:49:39.707+0000] {subprocess.py:93} INFO - SLF4J: See http://www.slf4j.org/codes.html#multiple_bindings for an explanation.
[2025-03-21T13:49:40.530+0000] {subprocess.py:93} INFO - SLF4J: Actual binding is of type [org.apache.logging.slf4j.Log4jLoggerFactory]
[2025-03-21T13:49:57.229+0000] {subprocess.py:93} INFO - Connecting to jdbc:hive2://localhost:10000
[2025-03-21T13:50:00.036+0000] {subprocess.py:93} INFO - Connected to: Apache Hive (version 3.1.3)
[2025-03-21T13:50:00.039+0000] {subprocess.py:93} INFO - Driver: Hive JDBC (version 3.1.3)
[2025-03-21T13:50:00.040+0000] {subprocess.py:93} INFO - Transaction isolation: TRANSACTION_REPEATABLE_READ
[2025-03-21T13:50:01.226+0000] {subprocess.py:93} INFO - INFO  : Compiling command(queryId=root_20250321135000_5edf344a-fff8-43db-a361-0e1c471db1d0): CREATE EXTERNAL TABLE IF NOT EXISTS fraud_detections (
[2025-03-21T13:50:01.227+0000] {subprocess.py:93} INFO -                 transaction_id STRING,
[2025-03-21T13:50:01.228+0000] {subprocess.py:93} INFO -                 date_time STRING,
[2025-03-21T13:50:01.229+0000] {subprocess.py:93} INFO -                 amount DOUBLE,
[2025-03-21T13:50:01.229+0000] {subprocess.py:93} INFO -                 customer_id STRING,
[2025-03-21T13:50:01.230+0000] {subprocess.py:93} INFO -                 location STRING,
[2025-03-21T13:50:01.232+0000] {subprocess.py:93} INFO -                 fraud_reason STRING
[2025-03-21T13:50:01.233+0000] {subprocess.py:93} INFO -             )
[2025-03-21T13:50:01.234+0000] {subprocess.py:93} INFO -             STORED AS PARQUET
[2025-03-21T13:50:01.235+0000] {subprocess.py:93} INFO -             LOCATION '/data/fraud_detections'
[2025-03-21T13:50:01.235+0000] {subprocess.py:93} INFO - INFO  : Concurrency mode is disabled, not creating a lock manager
[2025-03-21T13:50:01.237+0000] {subprocess.py:93} INFO - INFO  : Semantic Analysis Completed (retrial = false)
[2025-03-21T13:50:01.245+0000] {subprocess.py:93} INFO - INFO  : Returning Hive schema: Schema(fieldSchemas:null, properties:null)
[2025-03-21T13:50:01.246+0000] {subprocess.py:93} INFO - INFO  : Completed compiling command(queryId=root_20250321135000_5edf344a-fff8-43db-a361-0e1c471db1d0); Time taken: 0.126 seconds
[2025-03-21T13:50:01.248+0000] {subprocess.py:93} INFO - INFO  : Concurrency mode is disabled, not creating a lock manager
[2025-03-21T13:50:01.248+0000] {subprocess.py:93} INFO - INFO  : Executing command(queryId=root_20250321135000_5edf344a-fff8-43db-a361-0e1c471db1d0): CREATE EXTERNAL TABLE IF NOT EXISTS fraud_detections (
[2025-03-21T13:50:01.249+0000] {subprocess.py:93} INFO -                 transaction_id STRING,
[2025-03-21T13:50:01.249+0000] {subprocess.py:93} INFO -                 date_time STRING,
[2025-03-21T13:50:01.250+0000] {subprocess.py:93} INFO -                 amount DOUBLE,
[2025-03-21T13:50:01.250+0000] {subprocess.py:93} INFO -                 customer_id STRING,
[2025-03-21T13:50:01.251+0000] {subprocess.py:93} INFO -                 location STRING,
[2025-03-21T13:50:01.251+0000] {subprocess.py:93} INFO -                 fraud_reason STRING
[2025-03-21T13:50:01.251+0000] {subprocess.py:93} INFO -             )
[2025-03-21T13:50:01.252+0000] {subprocess.py:93} INFO -             STORED AS PARQUET
[2025-03-21T13:50:01.252+0000] {subprocess.py:93} INFO -             LOCATION '/data/fraud_detections'
[2025-03-21T13:50:01.252+0000] {subprocess.py:93} INFO - INFO  : Completed executing command(queryId=root_20250321135000_5edf344a-fff8-43db-a361-0e1c471db1d0); Time taken: 0.001 seconds
[2025-03-21T13:50:01.253+0000] {subprocess.py:93} INFO - INFO  : OK
[2025-03-21T13:50:01.253+0000] {subprocess.py:93} INFO - INFO  : Concurrency mode is disabled, not creating a lock manager
[2025-03-21T13:50:01.336+0000] {subprocess.py:93} INFO - No rows affected (1.188 seconds)
[2025-03-21T13:50:01.531+0000] {subprocess.py:93} INFO - Beeline version 3.1.3 by Apache Hive
[2025-03-21T13:50:01.729+0000] {subprocess.py:93} INFO - Closing: 0: jdbc:hive2://localhost:10000
[2025-03-21T13:50:02.152+0000] {subprocess.py:97} INFO - Command exited with return code 0
[2025-03-21T13:50:02.189+0000] {taskinstance.py:1398} INFO - Marking task as SUCCESS. dag_id=transactions_pipeline, task_id=create_fraud_table_batch_20250321_131230, execution_date=20250321T134239, start_date=20250321T134925, end_date=20250321T135002
[2025-03-21T13:50:02.250+0000] {local_task_job_runner.py:228} INFO - Task exited with return code 0
[2025-03-21T13:50:02.289+0000] {taskinstance.py:2776} INFO - 1 downstream tasks scheduled from follow-on schedule check
