[2025-03-21T13:23:49.003+0000] {taskinstance.py:1157} INFO - Dependencies all met for dep_context=non-requeueable deps ti=<TaskInstance: transactions_pipeline.create_fraud_table_batch_20250321_131702 manual__2025-03-21T13:22:01.068828+00:00 [queued]>
[2025-03-21T13:23:49.045+0000] {taskinstance.py:1157} INFO - Dependencies all met for dep_context=requeueable deps ti=<TaskInstance: transactions_pipeline.create_fraud_table_batch_20250321_131702 manual__2025-03-21T13:22:01.068828+00:00 [queued]>
[2025-03-21T13:23:49.053+0000] {taskinstance.py:1359} INFO - Starting attempt 1 of 1
[2025-03-21T13:23:49.147+0000] {taskinstance.py:1380} INFO - Executing <Task(BashOperator): create_fraud_table_batch_20250321_131702> on 2025-03-21 13:22:01.068828+00:00
[2025-03-21T13:23:49.176+0000] {standard_task_runner.py:57} INFO - Started process 920 to run task
[2025-03-21T13:23:49.211+0000] {standard_task_runner.py:84} INFO - Running: ['***', 'tasks', 'run', 'transactions_pipeline', 'create_fraud_table_batch_20250321_131702', 'manual__2025-03-21T13:22:01.068828+00:00', '--job-id', '593', '--raw', '--subdir', 'DAGS_FOLDER/fraud_detection_pipeline.py', '--cfg-path', '/tmp/tmpupjq50h2']
[2025-03-21T13:23:49.229+0000] {standard_task_runner.py:85} INFO - Job 593: Subtask create_fraud_table_batch_20250321_131702
[2025-03-21T13:23:49.370+0000] {task_command.py:415} INFO - Running <TaskInstance: transactions_pipeline.create_fraud_table_batch_20250321_131702 manual__2025-03-21T13:22:01.068828+00:00 [running]> on host 1b7c3466167a
[2025-03-21T13:23:49.779+0000] {taskinstance.py:1660} INFO - Exporting env vars: AIRFLOW_CTX_DAG_EMAIL='rabiizahnoune7@gmail.com' AIRFLOW_CTX_DAG_OWNER='***' AIRFLOW_CTX_DAG_ID='transactions_pipeline' AIRFLOW_CTX_TASK_ID='create_fraud_table_batch_20250321_131702' AIRFLOW_CTX_EXECUTION_DATE='2025-03-21T13:22:01.068828+00:00' AIRFLOW_CTX_TRY_NUMBER='1' AIRFLOW_CTX_DAG_RUN_ID='manual__2025-03-21T13:22:01.068828+00:00'
[2025-03-21T13:23:49.814+0000] {subprocess.py:63} INFO - Tmp dir root location: /tmp
[2025-03-21T13:23:49.830+0000] {subprocess.py:75} INFO - Running command: ['/bin/bash', '-c', '\n            docker exec hive beeline -u "jdbc:hive2://localhost:10000" -e "\n            CREATE EXTERNAL TABLE IF NOT EXISTS fraud_detections (\n                transaction_id STRING,\n                date_time STRING,\n                amount DOUBLE,\n                customer_id STRING,\n                location STRING,\n                fraud_reason STRING\n            )\n            STORED AS PARQUET\n            LOCATION \'/data/fraud_detections\';"\n            ']
[2025-03-21T13:23:49.905+0000] {subprocess.py:86} INFO - Output:
[2025-03-21T13:24:00.618+0000] {subprocess.py:93} INFO - SLF4J: Class path contains multiple SLF4J bindings.
[2025-03-21T13:24:00.623+0000] {subprocess.py:93} INFO - SLF4J: Found binding in [jar:file:/opt/hive/lib/log4j-slf4j-impl-2.17.1.jar!/org/slf4j/impl/StaticLoggerBinder.class]
[2025-03-21T13:24:00.632+0000] {subprocess.py:93} INFO - SLF4J: Found binding in [jar:file:/opt/hadoop/share/hadoop/common/lib/slf4j-log4j12-1.7.25.jar!/org/slf4j/impl/StaticLoggerBinder.class]
[2025-03-21T13:24:00.647+0000] {subprocess.py:93} INFO - SLF4J: See http://www.slf4j.org/codes.html#multiple_bindings for an explanation.
[2025-03-21T13:24:05.023+0000] {subprocess.py:93} INFO - SLF4J: Actual binding is of type [org.apache.logging.slf4j.Log4jLoggerFactory]
[2025-03-21T13:24:38.117+0000] {subprocess.py:93} INFO - Connecting to jdbc:hive2://localhost:10000
[2025-03-21T13:24:40.967+0000] {subprocess.py:93} INFO - Connected to: Apache Hive (version 3.1.3)
[2025-03-21T13:24:40.969+0000] {subprocess.py:93} INFO - Driver: Hive JDBC (version 3.1.3)
[2025-03-21T13:24:40.970+0000] {subprocess.py:93} INFO - Transaction isolation: TRANSACTION_REPEATABLE_READ
[2025-03-21T13:24:43.965+0000] {subprocess.py:93} INFO - INFO  : Compiling command(queryId=root_20250321132441_fec00b01-50cb-4df1-b3d0-1ed58d312b85): CREATE EXTERNAL TABLE IF NOT EXISTS fraud_detections (
[2025-03-21T13:24:43.968+0000] {subprocess.py:93} INFO -                 transaction_id STRING,
[2025-03-21T13:24:43.970+0000] {subprocess.py:93} INFO -                 date_time STRING,
[2025-03-21T13:24:43.971+0000] {subprocess.py:93} INFO -                 amount DOUBLE,
[2025-03-21T13:24:43.972+0000] {subprocess.py:93} INFO -                 customer_id STRING,
[2025-03-21T13:24:43.975+0000] {subprocess.py:93} INFO -                 location STRING,
[2025-03-21T13:24:43.980+0000] {subprocess.py:93} INFO -                 fraud_reason STRING
[2025-03-21T13:24:43.982+0000] {subprocess.py:93} INFO -             )
[2025-03-21T13:24:43.983+0000] {subprocess.py:93} INFO -             STORED AS PARQUET
[2025-03-21T13:24:43.984+0000] {subprocess.py:93} INFO -             LOCATION '/data/fraud_detections'
[2025-03-21T13:24:43.984+0000] {subprocess.py:93} INFO - INFO  : Concurrency mode is disabled, not creating a lock manager
[2025-03-21T13:24:43.984+0000] {subprocess.py:93} INFO - INFO  : Semantic Analysis Completed (retrial = false)
[2025-03-21T13:24:43.985+0000] {subprocess.py:93} INFO - INFO  : Returning Hive schema: Schema(fieldSchemas:null, properties:null)
[2025-03-21T13:24:43.985+0000] {subprocess.py:93} INFO - INFO  : Completed compiling command(queryId=root_20250321132441_fec00b01-50cb-4df1-b3d0-1ed58d312b85); Time taken: 0.404 seconds
[2025-03-21T13:24:43.985+0000] {subprocess.py:93} INFO - INFO  : Concurrency mode is disabled, not creating a lock manager
[2025-03-21T13:24:43.985+0000] {subprocess.py:93} INFO - INFO  : Executing command(queryId=root_20250321132441_fec00b01-50cb-4df1-b3d0-1ed58d312b85): CREATE EXTERNAL TABLE IF NOT EXISTS fraud_detections (
[2025-03-21T13:24:43.986+0000] {subprocess.py:93} INFO -                 transaction_id STRING,
[2025-03-21T13:24:43.986+0000] {subprocess.py:93} INFO -                 date_time STRING,
[2025-03-21T13:24:43.986+0000] {subprocess.py:93} INFO -                 amount DOUBLE,
[2025-03-21T13:24:43.986+0000] {subprocess.py:93} INFO -                 customer_id STRING,
[2025-03-21T13:24:44.066+0000] {subprocess.py:93} INFO -                 location STRING,
[2025-03-21T13:24:44.070+0000] {subprocess.py:93} INFO -                 fraud_reason STRING
[2025-03-21T13:24:44.073+0000] {subprocess.py:93} INFO -             )
[2025-03-21T13:24:44.076+0000] {subprocess.py:93} INFO -             STORED AS PARQUET
[2025-03-21T13:24:44.080+0000] {subprocess.py:93} INFO -             LOCATION '/data/fraud_detections'
[2025-03-21T13:24:44.082+0000] {subprocess.py:93} INFO - INFO  : Completed executing command(queryId=root_20250321132441_fec00b01-50cb-4df1-b3d0-1ed58d312b85); Time taken: 0.087 seconds
[2025-03-21T13:24:44.084+0000] {subprocess.py:93} INFO - INFO  : OK
[2025-03-21T13:24:44.084+0000] {subprocess.py:93} INFO - INFO  : Concurrency mode is disabled, not creating a lock manager
[2025-03-21T13:24:44.164+0000] {subprocess.py:93} INFO - No rows affected (2.882 seconds)
[2025-03-21T13:24:45.064+0000] {subprocess.py:93} INFO - Beeline version 3.1.3 by Apache Hive
[2025-03-21T13:24:45.377+0000] {subprocess.py:93} INFO - Closing: 0: jdbc:hive2://localhost:10000
[2025-03-21T13:24:46.284+0000] {subprocess.py:97} INFO - Command exited with return code 0
[2025-03-21T13:24:46.333+0000] {taskinstance.py:1398} INFO - Marking task as SUCCESS. dag_id=transactions_pipeline, task_id=create_fraud_table_batch_20250321_131702, execution_date=20250321T132201, start_date=20250321T132349, end_date=20250321T132446
[2025-03-21T13:24:46.379+0000] {local_task_job_runner.py:228} INFO - Task exited with return code 0
[2025-03-21T13:24:46.420+0000] {taskinstance.py:2776} INFO - 1 downstream tasks scheduled from follow-on schedule check
