[2025-03-21T13:24:51.727+0000] {taskinstance.py:1157} INFO - Dependencies all met for dep_context=non-requeueable deps ti=<TaskInstance: transactions_pipeline.detect_fraud_batch_20250321_131820 manual__2025-03-21T13:22:01.068828+00:00 [queued]>
[2025-03-21T13:24:51.753+0000] {taskinstance.py:1157} INFO - Dependencies all met for dep_context=requeueable deps ti=<TaskInstance: transactions_pipeline.detect_fraud_batch_20250321_131820 manual__2025-03-21T13:22:01.068828+00:00 [queued]>
[2025-03-21T13:24:51.755+0000] {taskinstance.py:1359} INFO - Starting attempt 1 of 1
[2025-03-21T13:24:51.820+0000] {taskinstance.py:1380} INFO - Executing <Task(BashOperator): detect_fraud_batch_20250321_131820> on 2025-03-21 13:22:01.068828+00:00
[2025-03-21T13:24:51.833+0000] {standard_task_runner.py:57} INFO - Started process 1353 to run task
[2025-03-21T13:24:51.840+0000] {standard_task_runner.py:84} INFO - Running: ['***', 'tasks', 'run', 'transactions_pipeline', 'detect_fraud_batch_20250321_131820', 'manual__2025-03-21T13:22:01.068828+00:00', '--job-id', '611', '--raw', '--subdir', 'DAGS_FOLDER/fraud_detection_pipeline.py', '--cfg-path', '/tmp/tmpk4fcbd45']
[2025-03-21T13:24:51.845+0000] {standard_task_runner.py:85} INFO - Job 611: Subtask detect_fraud_batch_20250321_131820
[2025-03-21T13:24:52.085+0000] {task_command.py:415} INFO - Running <TaskInstance: transactions_pipeline.detect_fraud_batch_20250321_131820 manual__2025-03-21T13:22:01.068828+00:00 [running]> on host 1b7c3466167a
[2025-03-21T13:24:52.563+0000] {taskinstance.py:1660} INFO - Exporting env vars: AIRFLOW_CTX_DAG_EMAIL='rabiizahnoune7@gmail.com' AIRFLOW_CTX_DAG_OWNER='***' AIRFLOW_CTX_DAG_ID='transactions_pipeline' AIRFLOW_CTX_TASK_ID='detect_fraud_batch_20250321_131820' AIRFLOW_CTX_EXECUTION_DATE='2025-03-21T13:22:01.068828+00:00' AIRFLOW_CTX_TRY_NUMBER='1' AIRFLOW_CTX_DAG_RUN_ID='manual__2025-03-21T13:22:01.068828+00:00'
[2025-03-21T13:24:52.573+0000] {subprocess.py:63} INFO - Tmp dir root location: /tmp
[2025-03-21T13:24:52.582+0000] {subprocess.py:75} INFO - Running command: ['/bin/bash', '-c', '\n            docker exec hive spark-submit --master spark://localhost:7077 /hive/scripts/detect_fraud.py "batch_20250321_131820"\n            ']
[2025-03-21T13:24:52.607+0000] {subprocess.py:86} INFO - Output:
[2025-03-21T13:26:03.835+0000] {subprocess.py:93} INFO - 25/03/21 13:26:03 INFO SparkContext: Running Spark version 3.5.0
[2025-03-21T13:26:04.129+0000] {subprocess.py:93} INFO - 25/03/21 13:26:03 INFO SparkContext: OS info Linux, 5.15.167.4-microsoft-standard-WSL2, amd64
[2025-03-21T13:26:04.131+0000] {subprocess.py:93} INFO - 25/03/21 13:26:04 INFO SparkContext: Java version 1.8.0_342
[2025-03-21T13:26:05.128+0000] {subprocess.py:93} INFO - 25/03/21 13:26:05 WARN NativeCodeLoader: Unable to load native-hadoop library for your platform... using builtin-java classes where applicable
[2025-03-21T13:26:07.510+0000] {subprocess.py:93} INFO - 25/03/21 13:26:07 INFO ResourceUtils: ==============================================================
[2025-03-21T13:26:07.511+0000] {subprocess.py:93} INFO - 25/03/21 13:26:07 INFO ResourceUtils: No custom resources configured for spark.driver.
[2025-03-21T13:26:07.511+0000] {subprocess.py:93} INFO - 25/03/21 13:26:07 INFO ResourceUtils: ==============================================================
[2025-03-21T13:26:07.513+0000] {subprocess.py:93} INFO - 25/03/21 13:26:07 INFO SparkContext: Submitted application: FraudDetection
[2025-03-21T13:26:08.523+0000] {subprocess.py:93} INFO - 25/03/21 13:26:08 INFO ResourceProfile: Default ResourceProfile created, executor resources: Map(memory -> name: memory, amount: 1024, script: , vendor: , offHeap -> name: offHeap, amount: 0, script: , vendor: ), task resources: Map(cpus -> name: cpus, amount: 1.0)
[2025-03-21T13:26:08.907+0000] {subprocess.py:93} INFO - 25/03/21 13:26:08 INFO ResourceProfile: Limiting resource is cpu
[2025-03-21T13:26:08.908+0000] {subprocess.py:93} INFO - 25/03/21 13:26:08 INFO ResourceProfileManager: Added ResourceProfile id: 0
[2025-03-21T13:26:11.027+0000] {subprocess.py:93} INFO - 25/03/21 13:26:11 INFO SecurityManager: Changing view acls to: root
[2025-03-21T13:26:11.109+0000] {subprocess.py:93} INFO - 25/03/21 13:26:11 INFO SecurityManager: Changing modify acls to: root
[2025-03-21T13:26:11.111+0000] {subprocess.py:93} INFO - 25/03/21 13:26:11 INFO SecurityManager: Changing view acls groups to:
[2025-03-21T13:26:11.117+0000] {subprocess.py:93} INFO - 25/03/21 13:26:11 INFO SecurityManager: Changing modify acls groups to:
[2025-03-21T13:26:11.209+0000] {subprocess.py:93} INFO - 25/03/21 13:26:11 INFO SecurityManager: SecurityManager: authentication disabled; ui acls disabled; users with view permissions: root; groups with view permissions: EMPTY; users with modify permissions: root; groups with modify permissions: EMPTY
[2025-03-21T13:26:24.324+0000] {subprocess.py:93} INFO - 25/03/21 13:26:24 INFO Utils: Successfully started service 'sparkDriver' on port 40811.
[2025-03-21T13:26:26.118+0000] {subprocess.py:93} INFO - 25/03/21 13:26:26 INFO SparkEnv: Registering MapOutputTracker
[2025-03-21T13:26:28.007+0000] {subprocess.py:93} INFO - 25/03/21 13:26:28 INFO SparkEnv: Registering BlockManagerMaster
[2025-03-21T13:26:30.309+0000] {subprocess.py:93} INFO - 25/03/21 13:26:30 INFO BlockManagerMasterEndpoint: Using org.apache.spark.storage.DefaultTopologyMapper for getting topology information
[2025-03-21T13:26:30.311+0000] {subprocess.py:93} INFO - 25/03/21 13:26:30 INFO BlockManagerMasterEndpoint: BlockManagerMasterEndpoint up
[2025-03-21T13:26:30.621+0000] {subprocess.py:93} INFO - 25/03/21 13:26:30 INFO SparkEnv: Registering BlockManagerMasterHeartbeat
[2025-03-21T13:26:32.619+0000] {subprocess.py:93} INFO - 25/03/21 13:26:32 INFO DiskBlockManager: Created local directory at /tmp/blockmgr-f0a5277e-ec7d-4974-9ccb-4fbd0759b2b2
[2025-03-21T13:26:32.916+0000] {subprocess.py:93} INFO - 25/03/21 13:26:32 INFO MemoryStore: MemoryStore started with capacity 366.3 MiB
[2025-03-21T13:26:33.710+0000] {subprocess.py:93} INFO - 25/03/21 13:26:33 INFO SparkEnv: Registering OutputCommitCoordinator
[2025-03-21T13:26:36.392+0000] {subprocess.py:93} INFO - 25/03/21 13:26:36 INFO JettyUtils: Start Jetty 0.0.0.0:4040 for SparkUI
[2025-03-21T13:26:38.979+0000] {subprocess.py:93} INFO - 25/03/21 13:26:38 WARN Utils: Service 'SparkUI' could not bind on port 4040. Attempting port 4041.
[2025-03-21T13:26:39.294+0000] {subprocess.py:93} INFO - 25/03/21 13:26:38 WARN Utils: Service 'SparkUI' could not bind on port 4041. Attempting port 4042.
[2025-03-21T13:26:39.297+0000] {subprocess.py:93} INFO - 25/03/21 13:26:39 WARN Utils: Service 'SparkUI' could not bind on port 4042. Attempting port 4043.
[2025-03-21T13:26:39.680+0000] {subprocess.py:93} INFO - 25/03/21 13:26:39 INFO Utils: Successfully started service 'SparkUI' on port 4043.
[2025-03-21T13:26:45.385+0000] {subprocess.py:93} INFO - 25/03/21 13:26:45 INFO StandaloneAppClient$ClientEndpoint: Connecting to master spark://localhost:7077...
[2025-03-21T13:26:47.703+0000] {subprocess.py:93} INFO - 25/03/21 13:26:47 INFO TransportClientFactory: Successfully created connection to localhost/127.0.0.1:7077 after 1765 ms (0 ms spent in bootstraps)
[2025-03-21T13:27:00.398+0000] {subprocess.py:93} INFO - 25/03/21 13:27:00 INFO StandaloneSchedulerBackend: Connected to Spark cluster with app ID app-20250321132658-0003
[2025-03-21T13:27:00.578+0000] {subprocess.py:93} INFO - 25/03/21 13:27:00 INFO Utils: Successfully started service 'org.apache.spark.network.netty.NettyBlockTransferService' on port 39921.
[2025-03-21T13:27:00.580+0000] {subprocess.py:93} INFO - 25/03/21 13:27:00 INFO NettyBlockTransferService: Server created on e3006a54eed1:39921
[2025-03-21T13:27:00.585+0000] {subprocess.py:93} INFO - 25/03/21 13:27:00 INFO BlockManager: Using org.apache.spark.storage.RandomBlockReplicationPolicy for block replication policy
[2025-03-21T13:27:00.697+0000] {subprocess.py:93} INFO - 25/03/21 13:27:00 INFO BlockManagerMaster: Registering BlockManager BlockManagerId(driver, e3006a54eed1, 39921, None)
[2025-03-21T13:27:00.781+0000] {subprocess.py:93} INFO - 25/03/21 13:27:00 INFO BlockManagerMasterEndpoint: Registering block manager e3006a54eed1:39921 with 366.3 MiB RAM, BlockManagerId(driver, e3006a54eed1, 39921, None)
[2025-03-21T13:27:00.793+0000] {subprocess.py:93} INFO - 25/03/21 13:27:00 INFO BlockManagerMaster: Registered BlockManager BlockManagerId(driver, e3006a54eed1, 39921, None)
[2025-03-21T13:27:00.805+0000] {subprocess.py:93} INFO - 25/03/21 13:27:00 INFO BlockManager: Initialized BlockManager: BlockManagerId(driver, e3006a54eed1, 39921, None)
[2025-03-21T13:27:00.880+0000] {subprocess.py:93} INFO - 25/03/21 13:27:00 INFO StandaloneAppClient$ClientEndpoint: Executor added: app-20250321132658-0003/0 on worker-20250321124806-172.18.0.2-46237 (172.18.0.2:46237) with 2 core(s)
[2025-03-21T13:27:00.891+0000] {subprocess.py:93} INFO - 25/03/21 13:27:00 INFO StandaloneSchedulerBackend: Granted executor ID app-20250321132658-0003/0 on hostPort 172.18.0.2:46237 with 2 core(s), 1024.0 MiB RAM
[2025-03-21T13:27:13.663+0000] {job.py:219} ERROR - Job heartbeat got an exception
Traceback (most recent call last):
  File "/home/airflow/.local/lib/python3.8/site-packages/sqlalchemy/engine/base.py", line 3371, in _wrap_pool_connect
    return fn()
  File "/home/airflow/.local/lib/python3.8/site-packages/sqlalchemy/pool/base.py", line 327, in connect
    return _ConnectionFairy._checkout(self)
  File "/home/airflow/.local/lib/python3.8/site-packages/sqlalchemy/pool/base.py", line 894, in _checkout
    fairy = _ConnectionRecord.checkout(pool)
  File "/home/airflow/.local/lib/python3.8/site-packages/sqlalchemy/pool/base.py", line 493, in checkout
    rec = pool._do_get()
  File "/home/airflow/.local/lib/python3.8/site-packages/sqlalchemy/pool/impl.py", line 256, in _do_get
    return self._create_connection()
  File "/home/airflow/.local/lib/python3.8/site-packages/sqlalchemy/pool/base.py", line 273, in _create_connection
    return _ConnectionRecord(self)
  File "/home/airflow/.local/lib/python3.8/site-packages/sqlalchemy/pool/base.py", line 388, in __init__
    self.__connect()
  File "/home/airflow/.local/lib/python3.8/site-packages/sqlalchemy/pool/base.py", line 691, in __connect
    pool.logger.debug("Error on connect(): %s", e)
  File "/home/airflow/.local/lib/python3.8/site-packages/sqlalchemy/util/langhelpers.py", line 70, in __exit__
    compat.raise_(
  File "/home/airflow/.local/lib/python3.8/site-packages/sqlalchemy/util/compat.py", line 211, in raise_
    raise exception
  File "/home/airflow/.local/lib/python3.8/site-packages/sqlalchemy/pool/base.py", line 686, in __connect
    self.dbapi_connection = connection = pool._invoke_creator(self)
  File "/home/airflow/.local/lib/python3.8/site-packages/sqlalchemy/engine/create.py", line 574, in connect
    return dialect.connect(*cargs, **cparams)
  File "/home/airflow/.local/lib/python3.8/site-packages/sqlalchemy/engine/default.py", line 598, in connect
    return self.dbapi.connect(*cargs, **cparams)
  File "/home/airflow/.local/lib/python3.8/site-packages/psycopg2/__init__.py", line 122, in connect
    conn = _connect(dsn, connection_factory=connection_factory, **kwasync)
psycopg2.OperationalError: could not translate host name "postgres" to address: Temporary failure in name resolution


The above exception was the direct cause of the following exception:

Traceback (most recent call last):
  File "/home/airflow/.local/lib/python3.8/site-packages/airflow/jobs/job.py", line 215, in heartbeat
    heartbeat_callback(session)
  File "/home/airflow/.local/lib/python3.8/site-packages/airflow/utils/session.py", line 74, in wrapper
    return func(*args, **kwargs)
  File "/home/airflow/.local/lib/python3.8/site-packages/airflow/jobs/local_task_job_runner.py", line 246, in heartbeat_callback
    self.task_instance.refresh_from_db()
  File "/home/airflow/.local/lib/python3.8/site-packages/airflow/utils/session.py", line 77, in wrapper
    return func(*args, session=session, **kwargs)
  File "/home/airflow/.local/lib/python3.8/site-packages/airflow/models/taskinstance.py", line 864, in refresh_from_db
    ti = qry.one_or_none()
  File "/home/airflow/.local/lib/python3.8/site-packages/sqlalchemy/orm/query.py", line 2850, in one_or_none
    return self._iter().one_or_none()
  File "/home/airflow/.local/lib/python3.8/site-packages/sqlalchemy/orm/query.py", line 2916, in _iter
    result = self.session.execute(
  File "/home/airflow/.local/lib/python3.8/site-packages/sqlalchemy/orm/session.py", line 1716, in execute
    conn = self._connection_for_bind(bind)
  File "/home/airflow/.local/lib/python3.8/site-packages/sqlalchemy/orm/session.py", line 1555, in _connection_for_bind
    return self._transaction._connection_for_bind(
  File "/home/airflow/.local/lib/python3.8/site-packages/sqlalchemy/orm/session.py", line 750, in _connection_for_bind
    conn = bind.connect()
  File "/home/airflow/.local/lib/python3.8/site-packages/sqlalchemy/future/engine.py", line 406, in connect
    return super(Engine, self).connect()
  File "/home/airflow/.local/lib/python3.8/site-packages/sqlalchemy/engine/base.py", line 3325, in connect
    return self._connection_cls(self, close_with_result=close_with_result)
  File "/home/airflow/.local/lib/python3.8/site-packages/sqlalchemy/engine/base.py", line 96, in __init__
    else engine.raw_connection()
  File "/home/airflow/.local/lib/python3.8/site-packages/sqlalchemy/engine/base.py", line 3404, in raw_connection
    return self._wrap_pool_connect(self.pool.connect, _connection)
  File "/home/airflow/.local/lib/python3.8/site-packages/sqlalchemy/engine/base.py", line 3374, in _wrap_pool_connect
    Connection._handle_dbapi_exception_noconnection(
  File "/home/airflow/.local/lib/python3.8/site-packages/sqlalchemy/engine/base.py", line 2208, in _handle_dbapi_exception_noconnection
    util.raise_(
  File "/home/airflow/.local/lib/python3.8/site-packages/sqlalchemy/util/compat.py", line 211, in raise_
    raise exception
  File "/home/airflow/.local/lib/python3.8/site-packages/sqlalchemy/engine/base.py", line 3371, in _wrap_pool_connect
    return fn()
  File "/home/airflow/.local/lib/python3.8/site-packages/sqlalchemy/pool/base.py", line 327, in connect
    return _ConnectionFairy._checkout(self)
  File "/home/airflow/.local/lib/python3.8/site-packages/sqlalchemy/pool/base.py", line 894, in _checkout
    fairy = _ConnectionRecord.checkout(pool)
  File "/home/airflow/.local/lib/python3.8/site-packages/sqlalchemy/pool/base.py", line 493, in checkout
    rec = pool._do_get()
  File "/home/airflow/.local/lib/python3.8/site-packages/sqlalchemy/pool/impl.py", line 256, in _do_get
    return self._create_connection()
  File "/home/airflow/.local/lib/python3.8/site-packages/sqlalchemy/pool/base.py", line 273, in _create_connection
    return _ConnectionRecord(self)
  File "/home/airflow/.local/lib/python3.8/site-packages/sqlalchemy/pool/base.py", line 388, in __init__
    self.__connect()
  File "/home/airflow/.local/lib/python3.8/site-packages/sqlalchemy/pool/base.py", line 691, in __connect
    pool.logger.debug("Error on connect(): %s", e)
  File "/home/airflow/.local/lib/python3.8/site-packages/sqlalchemy/util/langhelpers.py", line 70, in __exit__
    compat.raise_(
  File "/home/airflow/.local/lib/python3.8/site-packages/sqlalchemy/util/compat.py", line 211, in raise_
    raise exception
  File "/home/airflow/.local/lib/python3.8/site-packages/sqlalchemy/pool/base.py", line 686, in __connect
    self.dbapi_connection = connection = pool._invoke_creator(self)
  File "/home/airflow/.local/lib/python3.8/site-packages/sqlalchemy/engine/create.py", line 574, in connect
    return dialect.connect(*cargs, **cparams)
  File "/home/airflow/.local/lib/python3.8/site-packages/sqlalchemy/engine/default.py", line 598, in connect
    return self.dbapi.connect(*cargs, **cparams)
  File "/home/airflow/.local/lib/python3.8/site-packages/psycopg2/__init__.py", line 122, in connect
    conn = _connect(dsn, connection_factory=connection_factory, **kwasync)
sqlalchemy.exc.OperationalError: (psycopg2.OperationalError) could not translate host name "postgres" to address: Temporary failure in name resolution

(Background on this error at: https://sqlalche.me/e/14/e3q8)
[2025-03-21T13:27:27.179+0000] {subprocess.py:93} INFO - 25/03/21 13:27:26 INFO AsyncEventQueue: Process of event SparkListenerResourceProfileAdded(Profile: id = 0, executor resources: memory -> name: memory, amount: 1024, script: , vendor: ,offHeap -> name: offHeap, amount: 0, script: , vendor: , task resources: cpus -> name: cpus, amount: 1.0) by listener HeartbeatReceiver took 13.064206581s.
[2025-03-21T13:27:27.182+0000] {subprocess.py:93} INFO - 25/03/21 13:27:27 INFO AsyncEventQueue: Process of event SparkListenerResourceProfileAdded(Profile: id = 0, executor resources: memory -> name: memory, amount: 1024, script: , vendor: ,offHeap -> name: offHeap, amount: 0, script: , vendor: , task resources: cpus -> name: cpus, amount: 1.0) by listener AppStatusListener took 13.112326293s.
[2025-03-21T13:27:28.746+0000] {subprocess.py:93} INFO - 25/03/21 13:27:28 INFO StandaloneSchedulerBackend: SchedulerBackend is ready for scheduling beginning after reached minRegisteredResourcesRatio: 0.0
[2025-03-21T13:27:30.912+0000] {subprocess.py:93} INFO - 25/03/21 13:27:30 INFO StandaloneAppClient$ClientEndpoint: Executor updated: app-20250321132658-0003/0 is now RUNNING
[2025-03-21T13:27:34.425+0000] {subprocess.py:93} INFO - Spark version: 3.5.0
[2025-03-21T13:27:36.511+0000] {subprocess.py:93} INFO - 25/03/21 13:27:36 INFO SharedState: Setting hive.metastore.warehouse.dir ('null') to the value of spark.sql.warehouse.dir.
[2025-03-21T13:27:38.498+0000] {local_task_job_runner.py:294} WARNING - State of this instance has been externally set to removed. Terminating instance.
[2025-03-21T13:27:38.523+0000] {process_utils.py:131} INFO - Sending 15 to group 1353. PIDs of all processes in the group: [1432, 1433, 1353]
[2025-03-21T13:27:38.536+0000] {process_utils.py:86} INFO - Sending the signal 15 to group 1353
[2025-03-21T13:27:38.541+0000] {taskinstance.py:1630} ERROR - Received SIGTERM. Terminating subprocesses.
[2025-03-21T13:27:38.542+0000] {subprocess.py:104} INFO - Sending SIGTERM signal to process group
[2025-03-21T13:27:38.561+0000] {process_utils.py:79} INFO - Process psutil.Process(pid=1433, status='terminated', started='13:24:51') (1433) terminated with exit code None
[2025-03-21T13:27:39.035+0000] {process_utils.py:79} INFO - Process psutil.Process(pid=1432, status='terminated', started='13:24:51') (1432) terminated with exit code None
[2025-03-21T13:27:39.037+0000] {process_utils.py:79} INFO - Process psutil.Process(pid=1353, status='terminated', exitcode=0, started='13:24:51') (1353) terminated with exit code 0
