[2025-03-19T19:38:22.023+0000] {taskinstance.py:1157} INFO - Dependencies all met for dep_context=non-requeueable deps ti=<TaskInstance: transactions_pipeline.detect_fraud manual__2025-03-19T19:38:04.816083+00:00 [queued]>
[2025-03-19T19:38:22.041+0000] {taskinstance.py:1157} INFO - Dependencies all met for dep_context=requeueable deps ti=<TaskInstance: transactions_pipeline.detect_fraud manual__2025-03-19T19:38:04.816083+00:00 [queued]>
[2025-03-19T19:38:22.042+0000] {taskinstance.py:1359} INFO - Starting attempt 1 of 1
[2025-03-19T19:38:22.062+0000] {taskinstance.py:1380} INFO - Executing <Task(BashOperator): detect_fraud> on 2025-03-19 19:38:04.816083+00:00
[2025-03-19T19:38:22.071+0000] {standard_task_runner.py:57} INFO - Started process 2302 to run task
[2025-03-19T19:38:22.077+0000] {standard_task_runner.py:84} INFO - Running: ['***', 'tasks', 'run', 'transactions_pipeline', 'detect_fraud', 'manual__2025-03-19T19:38:04.816083+00:00', '--job-id', '127', '--raw', '--subdir', 'DAGS_FOLDER/fraud_detection_pipeline.py', '--cfg-path', '/tmp/tmp5ux1f331']
[2025-03-19T19:38:22.080+0000] {standard_task_runner.py:85} INFO - Job 127: Subtask detect_fraud
[2025-03-19T19:38:22.153+0000] {task_command.py:415} INFO - Running <TaskInstance: transactions_pipeline.detect_fraud manual__2025-03-19T19:38:04.816083+00:00 [running]> on host 347688f31140
[2025-03-19T19:38:22.253+0000] {logging_mixin.py:151} WARNING - /home/***/.local/lib/python3.8/site-packages/***/utils/context.py:206 AirflowContextDeprecationWarning: Accessing 'execution_date' from the template is deprecated and will be removed in a future version. Please use 'data_interval_start' or 'logical_date' instead.
[2025-03-19T19:38:22.308+0000] {taskinstance.py:1660} INFO - Exporting env vars: AIRFLOW_CTX_DAG_OWNER='***' AIRFLOW_CTX_DAG_ID='transactions_pipeline' AIRFLOW_CTX_TASK_ID='detect_fraud' AIRFLOW_CTX_EXECUTION_DATE='2025-03-19T19:38:04.816083+00:00' AIRFLOW_CTX_TRY_NUMBER='1' AIRFLOW_CTX_DAG_RUN_ID='manual__2025-03-19T19:38:04.816083+00:00'
[2025-03-19T19:38:22.312+0000] {subprocess.py:63} INFO - Tmp dir root location: /tmp
[2025-03-19T19:38:22.314+0000] {subprocess.py:75} INFO - Running command: ['/bin/bash', '-c', '\n    docker exec hive beeline -u "jdbc:hive2://localhost:10000" -e "\n    CREATE TABLE IF NOT EXISTS fraud_detections (\n        transaction_id STRING,\n        date_time STRING,\n        amount DOUBLE,\n        customer_id STRING,\n        location STRING,\n        fraud_reason STRING\n    )\n    STORED AS PARQUET\n    LOCATION \'/data/fraud_detections\';\n    CREATE TEMPORARY TABLE temp_counts AS\n    SELECT\n        customer_id,\n        COUNT(*) AS transaction_count\n    FROM transactions\n    WHERE batch_id = \'batch_20250319_193804\'\n    GROUP BY customer_id;\n    INSERT INTO TABLE fraud_detections\n    SELECT\n        t.transaction_id,\n        t.date_time,\n        t.amount,\n        t.customer_id,\n        t.location,\n        CASE\n            WHEN t.amount > 1000 THEN \'High Amount\'\n            WHEN tc.transaction_count > 10 THEN \'High Frequency\'\n            WHEN t.location NOT IN (\'City1\', \'City2\', \'City3\') THEN \'Unusual Location\'\n            WHEN t.merchant_details LIKE \'%fraud%\' THEN \'Suspicious Merchant\'\n        END AS fraud_reason\n    FROM transactions t\n    LEFT JOIN temp_counts tc ON t.customer_id = tc.customer_id\n    WHERE t.batch_id = \'batch_20250319_193804\'\n    AND (\n        t.amount > 1000\n        OR tc.transaction_count > 10\n        OR t.location NOT IN (\'City1\', \'City2\', \'City3\')\n        OR t.merchant_details LIKE \'%fraud%\'\n    );"\n    ']
[2025-03-19T19:38:22.333+0000] {subprocess.py:86} INFO - Output:
[2025-03-19T19:38:23.898+0000] {subprocess.py:93} INFO - SLF4J: Class path contains multiple SLF4J bindings.
[2025-03-19T19:38:23.899+0000] {subprocess.py:93} INFO - SLF4J: Found binding in [jar:file:/opt/hive/lib/log4j-slf4j-impl-2.17.1.jar!/org/slf4j/impl/StaticLoggerBinder.class]
[2025-03-19T19:38:23.900+0000] {subprocess.py:93} INFO - SLF4J: Found binding in [jar:file:/opt/hadoop/share/hadoop/common/lib/slf4j-log4j12-1.7.25.jar!/org/slf4j/impl/StaticLoggerBinder.class]
[2025-03-19T19:38:23.901+0000] {subprocess.py:93} INFO - SLF4J: See http://www.slf4j.org/codes.html#multiple_bindings for an explanation.
[2025-03-19T19:38:24.097+0000] {subprocess.py:93} INFO - SLF4J: Actual binding is of type [org.apache.logging.slf4j.Log4jLoggerFactory]
[2025-03-19T19:38:25.251+0000] {subprocess.py:93} INFO - Connecting to jdbc:hive2://localhost:10000
[2025-03-19T19:38:25.555+0000] {subprocess.py:93} INFO - Connected to: Apache Hive (version 3.1.3)
[2025-03-19T19:38:25.556+0000] {subprocess.py:93} INFO - Driver: Hive JDBC (version 3.1.3)
[2025-03-19T19:38:25.556+0000] {subprocess.py:93} INFO - Transaction isolation: TRANSACTION_REPEATABLE_READ
[2025-03-19T19:38:25.655+0000] {subprocess.py:93} INFO - INFO  : Compiling command(queryId=root_20250319193825_f13690e3-24e1-4297-af62-e620c6ddc110): CREATE TABLE IF NOT EXISTS fraud_detections (
[2025-03-19T19:38:25.657+0000] {subprocess.py:93} INFO -         transaction_id STRING,
[2025-03-19T19:38:25.658+0000] {subprocess.py:93} INFO -         date_time STRING,
[2025-03-19T19:38:25.658+0000] {subprocess.py:93} INFO -         amount DOUBLE,
[2025-03-19T19:38:25.660+0000] {subprocess.py:93} INFO -         customer_id STRING,
[2025-03-19T19:38:25.660+0000] {subprocess.py:93} INFO -         location STRING,
[2025-03-19T19:38:25.661+0000] {subprocess.py:93} INFO -         fraud_reason STRING
[2025-03-19T19:38:25.662+0000] {subprocess.py:93} INFO -     )
[2025-03-19T19:38:25.663+0000] {subprocess.py:93} INFO -     STORED AS PARQUET
[2025-03-19T19:38:25.663+0000] {subprocess.py:93} INFO -     LOCATION '/data/fraud_detections'
[2025-03-19T19:38:25.664+0000] {subprocess.py:93} INFO - INFO  : Concurrency mode is disabled, not creating a lock manager
[2025-03-19T19:38:25.665+0000] {subprocess.py:93} INFO - INFO  : Semantic Analysis Completed (retrial = false)
[2025-03-19T19:38:25.665+0000] {subprocess.py:93} INFO - INFO  : Returning Hive schema: Schema(fieldSchemas:null, properties:null)
[2025-03-19T19:38:25.666+0000] {subprocess.py:93} INFO - INFO  : Completed compiling command(queryId=root_20250319193825_f13690e3-24e1-4297-af62-e620c6ddc110); Time taken: 0.008 seconds
[2025-03-19T19:38:25.667+0000] {subprocess.py:93} INFO - INFO  : Concurrency mode is disabled, not creating a lock manager
[2025-03-19T19:38:25.667+0000] {subprocess.py:93} INFO - INFO  : Executing command(queryId=root_20250319193825_f13690e3-24e1-4297-af62-e620c6ddc110): CREATE TABLE IF NOT EXISTS fraud_detections (
[2025-03-19T19:38:25.668+0000] {subprocess.py:93} INFO -         transaction_id STRING,
[2025-03-19T19:38:25.669+0000] {subprocess.py:93} INFO -         date_time STRING,
[2025-03-19T19:38:25.669+0000] {subprocess.py:93} INFO -         amount DOUBLE,
[2025-03-19T19:38:25.670+0000] {subprocess.py:93} INFO -         customer_id STRING,
[2025-03-19T19:38:25.671+0000] {subprocess.py:93} INFO -         location STRING,
[2025-03-19T19:38:25.671+0000] {subprocess.py:93} INFO -         fraud_reason STRING
[2025-03-19T19:38:25.672+0000] {subprocess.py:93} INFO -     )
[2025-03-19T19:38:25.673+0000] {subprocess.py:93} INFO -     STORED AS PARQUET
[2025-03-19T19:38:25.674+0000] {subprocess.py:93} INFO -     LOCATION '/data/fraud_detections'
[2025-03-19T19:38:25.674+0000] {subprocess.py:93} INFO - INFO  : Completed executing command(queryId=root_20250319193825_f13690e3-24e1-4297-af62-e620c6ddc110); Time taken: 0.001 seconds
[2025-03-19T19:38:25.675+0000] {subprocess.py:93} INFO - INFO  : OK
[2025-03-19T19:38:25.676+0000] {subprocess.py:93} INFO - INFO  : Concurrency mode is disabled, not creating a lock manager
[2025-03-19T19:38:25.677+0000] {subprocess.py:93} INFO - No rows affected (0.081 seconds)
[2025-03-19T19:38:26.895+0000] {subprocess.py:93} INFO - INFO  : Compiling command(queryId=root_20250319193825_ae9c0a4c-4b00-481f-a86d-f309d052c1ae): CREATE TEMPORARY TABLE temp_counts AS
[2025-03-19T19:38:26.897+0000] {subprocess.py:93} INFO -     SELECT
[2025-03-19T19:38:26.902+0000] {subprocess.py:93} INFO -         customer_id,
[2025-03-19T19:38:26.907+0000] {subprocess.py:93} INFO -         COUNT(*) AS transaction_count
[2025-03-19T19:38:26.909+0000] {subprocess.py:93} INFO -     FROM transactions
[2025-03-19T19:38:26.910+0000] {subprocess.py:93} INFO -     WHERE batch_id = 'batch_20250319_193804'
[2025-03-19T19:38:26.910+0000] {subprocess.py:93} INFO -     GROUP BY customer_id
[2025-03-19T19:38:26.911+0000] {subprocess.py:93} INFO - INFO  : Concurrency mode is disabled, not creating a lock manager
[2025-03-19T19:38:26.912+0000] {subprocess.py:93} INFO - INFO  : Semantic Analysis Completed (retrial = false)
[2025-03-19T19:38:26.913+0000] {subprocess.py:93} INFO - INFO  : Returning Hive schema: Schema(fieldSchemas:[FieldSchema(name:customer_id, type:string, comment:null), FieldSchema(name:transaction_count, type:bigint, comment:null)], properties:null)
[2025-03-19T19:38:26.913+0000] {subprocess.py:93} INFO - INFO  : Completed compiling command(queryId=root_20250319193825_ae9c0a4c-4b00-481f-a86d-f309d052c1ae); Time taken: 0.194 seconds
[2025-03-19T19:38:26.914+0000] {subprocess.py:93} INFO - INFO  : Concurrency mode is disabled, not creating a lock manager
[2025-03-19T19:38:26.915+0000] {subprocess.py:93} INFO - INFO  : Executing command(queryId=root_20250319193825_ae9c0a4c-4b00-481f-a86d-f309d052c1ae): CREATE TEMPORARY TABLE temp_counts AS
[2025-03-19T19:38:26.915+0000] {subprocess.py:93} INFO -     SELECT
[2025-03-19T19:38:26.916+0000] {subprocess.py:93} INFO -         customer_id,
[2025-03-19T19:38:26.917+0000] {subprocess.py:93} INFO -         COUNT(*) AS transaction_count
[2025-03-19T19:38:26.917+0000] {subprocess.py:93} INFO -     FROM transactions
[2025-03-19T19:38:26.918+0000] {subprocess.py:93} INFO -     WHERE batch_id = 'batch_20250319_193804'
[2025-03-19T19:38:26.918+0000] {subprocess.py:93} INFO -     GROUP BY customer_id
[2025-03-19T19:38:26.919+0000] {subprocess.py:93} INFO - WARN  : Hive-on-MR is deprecated in Hive 2 and may not be available in the future versions. Consider using a different execution engine (i.e. spark, tez) or using Hive 1.X releases.
[2025-03-19T19:38:26.919+0000] {subprocess.py:93} INFO - INFO  : Query ID = root_20250319193825_ae9c0a4c-4b00-481f-a86d-f309d052c1ae
[2025-03-19T19:38:26.920+0000] {subprocess.py:93} INFO - INFO  : Total jobs = 1
[2025-03-19T19:38:26.923+0000] {subprocess.py:93} INFO - INFO  : Launching Job 1 out of 1
[2025-03-19T19:38:26.924+0000] {subprocess.py:93} INFO - INFO  : Starting task [Stage-1:MAPRED] in serial mode
[2025-03-19T19:38:26.925+0000] {subprocess.py:93} INFO - INFO  : Number of reduce tasks not specified. Estimated from input data size: 1
[2025-03-19T19:38:26.926+0000] {subprocess.py:93} INFO - INFO  : In order to change the average load for a reducer (in bytes):
[2025-03-19T19:38:26.926+0000] {subprocess.py:93} INFO - INFO  :   set hive.exec.reducers.bytes.per.reducer=<number>
[2025-03-19T19:38:26.927+0000] {subprocess.py:93} INFO - INFO  : In order to limit the maximum number of reducers:
[2025-03-19T19:38:26.928+0000] {subprocess.py:93} INFO - INFO  :   set hive.exec.reducers.max=<number>
[2025-03-19T19:38:26.928+0000] {subprocess.py:93} INFO - INFO  : In order to set a constant number of reducers:
[2025-03-19T19:38:26.929+0000] {subprocess.py:93} INFO - INFO  :   set mapreduce.job.reduces=<number>
[2025-03-19T19:38:28.517+0000] {subprocess.py:93} INFO - INFO  : number of splits:1
[2025-03-19T19:38:28.518+0000] {subprocess.py:93} INFO - INFO  : Submitting tokens for job: job_local1542834585_0004
[2025-03-19T19:38:28.519+0000] {subprocess.py:93} INFO - INFO  : Executing with tokens: []
[2025-03-19T19:38:28.519+0000] {subprocess.py:93} INFO - INFO  : The url to track the job: http://localhost:8080/
[2025-03-19T19:38:28.520+0000] {subprocess.py:93} INFO - INFO  : Job running in-process (local Hadoop)
[2025-03-19T19:38:28.554+0000] {subprocess.py:93} INFO - INFO  : 2025-03-19 19:38:28,516 Stage-1 map = 0%,  reduce = 0%
[2025-03-19T19:38:28.555+0000] {subprocess.py:93} INFO - ERROR : Ended Job = job_local1542834585_0004 with errors
[2025-03-19T19:38:28.556+0000] {subprocess.py:93} INFO - ERROR : FAILED: Execution Error, return code 2 from org.apache.hadoop.hive.ql.exec.mr.MapRedTask
[2025-03-19T19:38:28.557+0000] {subprocess.py:93} INFO - INFO  : MapReduce Jobs Launched:
[2025-03-19T19:38:28.558+0000] {subprocess.py:93} INFO - INFO  : Stage-Stage-1:  HDFS Read: 0 HDFS Write: 0 FAIL
[2025-03-19T19:38:28.559+0000] {subprocess.py:93} INFO - INFO  : Total MapReduce CPU Time Spent: 0 msec
[2025-03-19T19:38:28.560+0000] {subprocess.py:93} INFO - INFO  : Completed executing command(queryId=root_20250319193825_ae9c0a4c-4b00-481f-a86d-f309d052c1ae); Time taken: 2.654 seconds
[2025-03-19T19:38:28.560+0000] {subprocess.py:93} INFO - INFO  : Concurrency mode is disabled, not creating a lock manager
[2025-03-19T19:38:28.574+0000] {subprocess.py:93} INFO - Error: Error while processing statement: FAILED: Execution Error, return code 2 from org.apache.hadoop.hive.ql.exec.mr.MapRedTask (state=08S01,code=2)
[2025-03-19T19:38:28.582+0000] {subprocess.py:93} INFO - Closing: 0: jdbc:hive2://localhost:10000
[2025-03-19T19:38:28.659+0000] {subprocess.py:97} INFO - Command exited with return code 1
[2025-03-19T19:38:28.681+0000] {taskinstance.py:1935} ERROR - Task failed with exception
Traceback (most recent call last):
  File "/home/airflow/.local/lib/python3.8/site-packages/airflow/operators/bash.py", line 210, in execute
    raise AirflowException(
airflow.exceptions.AirflowException: Bash command failed. The command returned a non-zero exit code 1.
[2025-03-19T19:38:28.695+0000] {taskinstance.py:1398} INFO - Marking task as FAILED. dag_id=transactions_pipeline, task_id=detect_fraud, execution_date=20250319T193804, start_date=20250319T193822, end_date=20250319T193828
[2025-03-19T19:38:28.736+0000] {standard_task_runner.py:104} ERROR - Failed to execute job 127 for task detect_fraud (Bash command failed. The command returned a non-zero exit code 1.; 2302)
[2025-03-19T19:38:28.773+0000] {local_task_job_runner.py:228} INFO - Task exited with return code 1
[2025-03-19T19:38:28.806+0000] {taskinstance.py:2776} INFO - 0 downstream tasks scheduled from follow-on schedule check
