[2025-03-21T13:23:49.026+0000] {taskinstance.py:1157} INFO - Dependencies all met for dep_context=non-requeueable deps ti=<TaskInstance: transactions_pipeline.create_fraud_table_batch_20250321_131230 manual__2025-03-21T13:22:01.068828+00:00 [queued]>
[2025-03-21T13:23:49.088+0000] {taskinstance.py:1157} INFO - Dependencies all met for dep_context=requeueable deps ti=<TaskInstance: transactions_pipeline.create_fraud_table_batch_20250321_131230 manual__2025-03-21T13:22:01.068828+00:00 [queued]>
[2025-03-21T13:23:49.090+0000] {taskinstance.py:1359} INFO - Starting attempt 1 of 1
[2025-03-21T13:23:49.159+0000] {taskinstance.py:1380} INFO - Executing <Task(BashOperator): create_fraud_table_batch_20250321_131230> on 2025-03-21 13:22:01.068828+00:00
[2025-03-21T13:23:49.204+0000] {standard_task_runner.py:57} INFO - Started process 921 to run task
[2025-03-21T13:23:49.218+0000] {standard_task_runner.py:84} INFO - Running: ['***', 'tasks', 'run', 'transactions_pipeline', 'create_fraud_table_batch_20250321_131230', 'manual__2025-03-21T13:22:01.068828+00:00', '--job-id', '592', '--raw', '--subdir', 'DAGS_FOLDER/fraud_detection_pipeline.py', '--cfg-path', '/tmp/tmpv9v7qwa_']
[2025-03-21T13:23:49.230+0000] {standard_task_runner.py:85} INFO - Job 592: Subtask create_fraud_table_batch_20250321_131230
[2025-03-21T13:23:49.442+0000] {task_command.py:415} INFO - Running <TaskInstance: transactions_pipeline.create_fraud_table_batch_20250321_131230 manual__2025-03-21T13:22:01.068828+00:00 [running]> on host 1b7c3466167a
[2025-03-21T13:23:49.908+0000] {taskinstance.py:1660} INFO - Exporting env vars: AIRFLOW_CTX_DAG_EMAIL='rabiizahnoune7@gmail.com' AIRFLOW_CTX_DAG_OWNER='***' AIRFLOW_CTX_DAG_ID='transactions_pipeline' AIRFLOW_CTX_TASK_ID='create_fraud_table_batch_20250321_131230' AIRFLOW_CTX_EXECUTION_DATE='2025-03-21T13:22:01.068828+00:00' AIRFLOW_CTX_TRY_NUMBER='1' AIRFLOW_CTX_DAG_RUN_ID='manual__2025-03-21T13:22:01.068828+00:00'
[2025-03-21T13:23:49.914+0000] {subprocess.py:63} INFO - Tmp dir root location: /tmp
[2025-03-21T13:23:49.917+0000] {subprocess.py:75} INFO - Running command: ['/bin/bash', '-c', '\n            docker exec hive beeline -u "jdbc:hive2://localhost:10000" -e "\n            CREATE EXTERNAL TABLE IF NOT EXISTS fraud_detections (\n                transaction_id STRING,\n                date_time STRING,\n                amount DOUBLE,\n                customer_id STRING,\n                location STRING,\n                fraud_reason STRING\n            )\n            STORED AS PARQUET\n            LOCATION \'/data/fraud_detections\';"\n            ']
[2025-03-21T13:23:49.964+0000] {subprocess.py:86} INFO - Output:
[2025-03-21T13:24:00.509+0000] {subprocess.py:93} INFO - SLF4J: Class path contains multiple SLF4J bindings.
[2025-03-21T13:24:00.511+0000] {subprocess.py:93} INFO - SLF4J: Found binding in [jar:file:/opt/hive/lib/log4j-slf4j-impl-2.17.1.jar!/org/slf4j/impl/StaticLoggerBinder.class]
[2025-03-21T13:24:00.515+0000] {subprocess.py:93} INFO - SLF4J: Found binding in [jar:file:/opt/hadoop/share/hadoop/common/lib/slf4j-log4j12-1.7.25.jar!/org/slf4j/impl/StaticLoggerBinder.class]
[2025-03-21T13:24:00.517+0000] {subprocess.py:93} INFO - SLF4J: See http://www.slf4j.org/codes.html#multiple_bindings for an explanation.
[2025-03-21T13:24:03.183+0000] {subprocess.py:93} INFO - SLF4J: Actual binding is of type [org.apache.logging.slf4j.Log4jLoggerFactory]
[2025-03-21T13:24:34.005+0000] {subprocess.py:93} INFO - Connecting to jdbc:hive2://localhost:10000
[2025-03-21T13:24:40.482+0000] {subprocess.py:93} INFO - Connected to: Apache Hive (version 3.1.3)
[2025-03-21T13:24:40.566+0000] {subprocess.py:93} INFO - Driver: Hive JDBC (version 3.1.3)
[2025-03-21T13:24:40.568+0000] {subprocess.py:93} INFO - Transaction isolation: TRANSACTION_REPEATABLE_READ
[2025-03-21T13:24:43.464+0000] {subprocess.py:93} INFO - INFO  : Compiling command(queryId=root_20250321132441_534848ee-603b-4928-9a53-ab95b40b8eb6): CREATE EXTERNAL TABLE IF NOT EXISTS fraud_detections (
[2025-03-21T13:24:43.472+0000] {subprocess.py:93} INFO -                 transaction_id STRING,
[2025-03-21T13:24:43.481+0000] {subprocess.py:93} INFO -                 date_time STRING,
[2025-03-21T13:24:43.482+0000] {subprocess.py:93} INFO -                 amount DOUBLE,
[2025-03-21T13:24:43.483+0000] {subprocess.py:93} INFO -                 customer_id STRING,
[2025-03-21T13:24:43.483+0000] {subprocess.py:93} INFO -                 location STRING,
[2025-03-21T13:24:43.484+0000] {subprocess.py:93} INFO -                 fraud_reason STRING
[2025-03-21T13:24:43.484+0000] {subprocess.py:93} INFO -             )
[2025-03-21T13:24:43.485+0000] {subprocess.py:93} INFO -             STORED AS PARQUET
[2025-03-21T13:24:43.485+0000] {subprocess.py:93} INFO -             LOCATION '/data/fraud_detections'
[2025-03-21T13:24:43.486+0000] {subprocess.py:93} INFO - INFO  : Concurrency mode is disabled, not creating a lock manager
[2025-03-21T13:24:43.487+0000] {subprocess.py:93} INFO - INFO  : Semantic Analysis Completed (retrial = false)
[2025-03-21T13:24:43.487+0000] {subprocess.py:93} INFO - INFO  : Returning Hive schema: Schema(fieldSchemas:null, properties:null)
[2025-03-21T13:24:43.488+0000] {subprocess.py:93} INFO - INFO  : Completed compiling command(queryId=root_20250321132441_534848ee-603b-4928-9a53-ab95b40b8eb6); Time taken: 0.502 seconds
[2025-03-21T13:24:43.488+0000] {subprocess.py:93} INFO - INFO  : Concurrency mode is disabled, not creating a lock manager
[2025-03-21T13:24:43.489+0000] {subprocess.py:93} INFO - INFO  : Executing command(queryId=root_20250321132441_534848ee-603b-4928-9a53-ab95b40b8eb6): CREATE EXTERNAL TABLE IF NOT EXISTS fraud_detections (
[2025-03-21T13:24:43.490+0000] {subprocess.py:93} INFO -                 transaction_id STRING,
[2025-03-21T13:24:43.490+0000] {subprocess.py:93} INFO -                 date_time STRING,
[2025-03-21T13:24:43.491+0000] {subprocess.py:93} INFO -                 amount DOUBLE,
[2025-03-21T13:24:43.491+0000] {subprocess.py:93} INFO -                 customer_id STRING,
[2025-03-21T13:24:43.491+0000] {subprocess.py:93} INFO -                 location STRING,
[2025-03-21T13:24:43.492+0000] {subprocess.py:93} INFO -                 fraud_reason STRING
[2025-03-21T13:24:43.492+0000] {subprocess.py:93} INFO -             )
[2025-03-21T13:24:43.493+0000] {subprocess.py:93} INFO -             STORED AS PARQUET
[2025-03-21T13:24:43.493+0000] {subprocess.py:93} INFO -             LOCATION '/data/fraud_detections'
[2025-03-21T13:24:43.493+0000] {subprocess.py:93} INFO - INFO  : Completed executing command(queryId=root_20250321132441_534848ee-603b-4928-9a53-ab95b40b8eb6); Time taken: 0.0 seconds
[2025-03-21T13:24:43.494+0000] {subprocess.py:93} INFO - INFO  : OK
[2025-03-21T13:24:43.494+0000] {subprocess.py:93} INFO - INFO  : Concurrency mode is disabled, not creating a lock manager
[2025-03-21T13:24:43.494+0000] {subprocess.py:93} INFO - No rows affected (2.619 seconds)
[2025-03-21T13:24:43.867+0000] {subprocess.py:93} INFO - Beeline version 3.1.3 by Apache Hive
[2025-03-21T13:24:44.264+0000] {subprocess.py:93} INFO - Closing: 0: jdbc:hive2://localhost:10000
[2025-03-21T13:24:45.886+0000] {subprocess.py:97} INFO - Command exited with return code 0
[2025-03-21T13:24:45.933+0000] {taskinstance.py:1398} INFO - Marking task as SUCCESS. dag_id=transactions_pipeline, task_id=create_fraud_table_batch_20250321_131230, execution_date=20250321T132201, start_date=20250321T132349, end_date=20250321T132445
[2025-03-21T13:24:46.024+0000] {local_task_job_runner.py:228} INFO - Task exited with return code 0
[2025-03-21T13:24:46.092+0000] {taskinstance.py:2776} INFO - 1 downstream tasks scheduled from follow-on schedule check
