[2025-03-20T00:54:59.165+0000] {taskinstance.py:1157} INFO - Dependencies all met for dep_context=non-requeueable deps ti=<TaskInstance: transactions_pipeline.get_batch_id scheduled__2025-03-20T00:04:58.253415+00:00 [queued]>
[2025-03-20T00:54:59.176+0000] {taskinstance.py:1157} INFO - Dependencies all met for dep_context=requeueable deps ti=<TaskInstance: transactions_pipeline.get_batch_id scheduled__2025-03-20T00:04:58.253415+00:00 [queued]>
[2025-03-20T00:54:59.176+0000] {taskinstance.py:1359} INFO - Starting attempt 1 of 1
[2025-03-20T00:54:59.190+0000] {taskinstance.py:1380} INFO - Executing <Task(PythonOperator): get_batch_id> on 2025-03-20 00:04:58.253415+00:00
[2025-03-20T00:54:59.196+0000] {standard_task_runner.py:57} INFO - Started process 613 to run task
[2025-03-20T00:54:59.200+0000] {standard_task_runner.py:84} INFO - Running: ['***', 'tasks', 'run', 'transactions_pipeline', 'get_batch_id', 'scheduled__2025-03-20T00:04:58.253415+00:00', '--job-id', '218', '--raw', '--subdir', 'DAGS_FOLDER/fraud_detection_pipeline.py', '--cfg-path', '/tmp/tmpvnu4n7cy']
[2025-03-20T00:54:59.205+0000] {standard_task_runner.py:85} INFO - Job 218: Subtask get_batch_id
[2025-03-20T00:54:59.277+0000] {task_command.py:415} INFO - Running <TaskInstance: transactions_pipeline.get_batch_id scheduled__2025-03-20T00:04:58.253415+00:00 [running]> on host 87980e846a97
[2025-03-20T00:54:59.365+0000] {taskinstance.py:1660} INFO - Exporting env vars: AIRFLOW_CTX_DAG_OWNER='***' AIRFLOW_CTX_DAG_ID='transactions_pipeline' AIRFLOW_CTX_TASK_ID='get_batch_id' AIRFLOW_CTX_EXECUTION_DATE='2025-03-20T00:04:58.253415+00:00' AIRFLOW_CTX_TRY_NUMBER='1' AIRFLOW_CTX_DAG_RUN_ID='scheduled__2025-03-20T00:04:58.253415+00:00'
[2025-03-20T00:54:59.465+0000] {logging_mixin.py:151} INFO - Command stdout: '/data/transactions/transactions_batch_0.parquet
/data/transactions/transactions_batch_8.parquet
/data/transactions/transactions_batch_7.parquet
/data/transactions/transactions_batch_6.parquet
/data/transactions/transactions_batch_5.parquet
/data/transactions/transactions_batch_4.parquet
/data/transactions/transactions_batch_3.parquet
/data/transactions/transactions_batch_2.parquet
/data/transactions/transactions_batch_1.parquet
/data/transactions/transactions_batch_22.parquet
/data/transactions/transactions_batch_21.parquet
/data/transactions/transactions_batch_20.parquet
/data/transactions/transactions_batch_19.parquet
/data/transactions/transactions_batch_18.parquet
/data/transactions/transactions_batch_17.parquet
/data/transactions/transactions_batch_16.parquet
/data/transactions/transactions_batch_15.parquet
/data/transactions/transactions_batch_14.parquet
/data/transactions/transactions_batch_13.parquet
/data/transactions/transactions_batch_12.parquet
/data/transactions/transactions_batch_11.parquet
/data/transactions/transactions_batch_10.parquet
/data/transactions/transactions_batch_9.parquet
'
[2025-03-20T00:54:59.466+0000] {logging_mixin.py:151} INFO - Command stderr: ''
[2025-03-20T00:54:59.467+0000] {logging_mixin.py:151} INFO - Latest file: /data/transactions/transactions_batch_0.parquet
[2025-03-20T00:54:59.467+0000] {logging_mixin.py:151} INFO - Latest batch ID: 0
[2025-03-20T00:54:59.468+0000] {python.py:194} INFO - Done. Returned value was: 0
[2025-03-20T00:54:59.499+0000] {taskinstance.py:1398} INFO - Marking task as SUCCESS. dag_id=transactions_pipeline, task_id=get_batch_id, execution_date=20250320T000458, start_date=20250320T005459, end_date=20250320T005459
[2025-03-20T00:54:59.536+0000] {local_task_job_runner.py:228} INFO - Task exited with return code 0
[2025-03-20T00:54:59.568+0000] {taskinstance.py:2776} INFO - 1 downstream tasks scheduled from follow-on schedule check
