[2025-03-21T13:41:05.753+0000] {taskinstance.py:1157} INFO - Dependencies all met for dep_context=non-requeueable deps ti=<TaskInstance: transactions_pipeline.create_hive_table_batch_20250321_131625 scheduled__2025-03-21T13:32:39.231672+00:00 [queued]>
[2025-03-21T13:41:05.845+0000] {taskinstance.py:1157} INFO - Dependencies all met for dep_context=requeueable deps ti=<TaskInstance: transactions_pipeline.create_hive_table_batch_20250321_131625 scheduled__2025-03-21T13:32:39.231672+00:00 [queued]>
[2025-03-21T13:41:05.856+0000] {taskinstance.py:1359} INFO - Starting attempt 1 of 1
[2025-03-21T13:41:05.966+0000] {taskinstance.py:1380} INFO - Executing <Task(BashOperator): create_hive_table_batch_20250321_131625> on 2025-03-21 13:32:39.231672+00:00
[2025-03-21T13:41:06.047+0000] {standard_task_runner.py:57} INFO - Started process 3462 to run task
[2025-03-21T13:41:06.082+0000] {standard_task_runner.py:84} INFO - Running: ['***', 'tasks', 'run', 'transactions_pipeline', 'create_hive_table_batch_20250321_131625', 'scheduled__2025-03-21T13:32:39.231672+00:00', '--job-id', '673', '--raw', '--subdir', 'DAGS_FOLDER/fraud_detection_pipeline.py', '--cfg-path', '/tmp/tmp877zfoee']
[2025-03-21T13:41:06.091+0000] {standard_task_runner.py:85} INFO - Job 673: Subtask create_hive_table_batch_20250321_131625
[2025-03-21T13:41:07.047+0000] {task_command.py:415} INFO - Running <TaskInstance: transactions_pipeline.create_hive_table_batch_20250321_131625 scheduled__2025-03-21T13:32:39.231672+00:00 [running]> on host 1b7c3466167a
[2025-03-21T13:41:07.706+0000] {taskinstance.py:1660} INFO - Exporting env vars: AIRFLOW_CTX_DAG_EMAIL='rabiizahnoune7@gmail.com' AIRFLOW_CTX_DAG_OWNER='***' AIRFLOW_CTX_DAG_ID='transactions_pipeline' AIRFLOW_CTX_TASK_ID='create_hive_table_batch_20250321_131625' AIRFLOW_CTX_EXECUTION_DATE='2025-03-21T13:32:39.231672+00:00' AIRFLOW_CTX_TRY_NUMBER='1' AIRFLOW_CTX_DAG_RUN_ID='scheduled__2025-03-21T13:32:39.231672+00:00'
[2025-03-21T13:41:07.719+0000] {subprocess.py:63} INFO - Tmp dir root location: /tmp
[2025-03-21T13:41:07.727+0000] {subprocess.py:75} INFO - Running command: ['/bin/bash', '-c', '\n            docker exec hive beeline -u "jdbc:hive2://localhost:10000" --hiveconf hive.exec.dynamic.partition.mode=nonstrict -e "\n            CREATE EXTERNAL TABLE IF NOT EXISTS transactions (\n                transaction_id STRING,\n                date_time STRING,\n                amount DOUBLE,\n                currency STRING,\n                merchant_details STRING,\n                customer_id STRING,\n                transaction_type STRING,\n                location STRING\n            )\n            PARTITIONED BY (batch_id STRING)\n            STORED AS PARQUET;\n            ALTER TABLE transactions ADD IF NOT EXISTS PARTITION (batch_id=\'batch_20250321_131625\') LOCATION \'/data/transactions/transactions_batch_20250321_131625\';"\n            ']
[2025-03-21T13:41:07.777+0000] {subprocess.py:86} INFO - Output:
[2025-03-21T13:41:25.684+0000] {subprocess.py:93} INFO - SLF4J: Class path contains multiple SLF4J bindings.
[2025-03-21T13:41:25.686+0000] {subprocess.py:93} INFO - SLF4J: Found binding in [jar:file:/opt/hive/lib/log4j-slf4j-impl-2.17.1.jar!/org/slf4j/impl/StaticLoggerBinder.class]
[2025-03-21T13:41:25.692+0000] {subprocess.py:93} INFO - SLF4J: Found binding in [jar:file:/opt/hadoop/share/hadoop/common/lib/slf4j-log4j12-1.7.25.jar!/org/slf4j/impl/StaticLoggerBinder.class]
[2025-03-21T13:41:25.693+0000] {subprocess.py:93} INFO - SLF4J: See http://www.slf4j.org/codes.html#multiple_bindings for an explanation.
[2025-03-21T13:41:29.089+0000] {subprocess.py:93} INFO - SLF4J: Actual binding is of type [org.apache.logging.slf4j.Log4jLoggerFactory]
[2025-03-21T13:41:49.468+0000] {subprocess.py:93} INFO - Connecting to jdbc:hive2://localhost:10000
[2025-03-21T13:41:57.470+0000] {subprocess.py:93} INFO - Connected to: Apache Hive (version 3.1.3)
[2025-03-21T13:41:57.472+0000] {subprocess.py:93} INFO - Driver: Hive JDBC (version 3.1.3)
[2025-03-21T13:41:57.473+0000] {subprocess.py:93} INFO - Transaction isolation: TRANSACTION_REPEATABLE_READ
[2025-03-21T13:41:59.891+0000] {subprocess.py:93} INFO - INFO  : Compiling command(queryId=root_20250321134158_f45a684f-02a4-45f7-a0bc-3ac0e833734d): CREATE EXTERNAL TABLE IF NOT EXISTS transactions (
[2025-03-21T13:41:59.894+0000] {subprocess.py:93} INFO -                 transaction_id STRING,
[2025-03-21T13:41:59.895+0000] {subprocess.py:93} INFO -                 date_time STRING,
[2025-03-21T13:41:59.896+0000] {subprocess.py:93} INFO -                 amount DOUBLE,
[2025-03-21T13:41:59.898+0000] {subprocess.py:93} INFO -                 currency STRING,
[2025-03-21T13:41:59.899+0000] {subprocess.py:93} INFO -                 merchant_details STRING,
[2025-03-21T13:41:59.900+0000] {subprocess.py:93} INFO -                 customer_id STRING,
[2025-03-21T13:41:59.901+0000] {subprocess.py:93} INFO -                 transaction_type STRING,
[2025-03-21T13:41:59.902+0000] {subprocess.py:93} INFO -                 location STRING
[2025-03-21T13:41:59.903+0000] {subprocess.py:93} INFO -             )
[2025-03-21T13:41:59.904+0000] {subprocess.py:93} INFO -             PARTITIONED BY (batch_id STRING)
[2025-03-21T13:41:59.905+0000] {subprocess.py:93} INFO -             STORED AS PARQUET
[2025-03-21T13:41:59.907+0000] {subprocess.py:93} INFO - INFO  : Concurrency mode is disabled, not creating a lock manager
[2025-03-21T13:41:59.913+0000] {subprocess.py:93} INFO - INFO  : Semantic Analysis Completed (retrial = false)
[2025-03-21T13:41:59.915+0000] {subprocess.py:93} INFO - INFO  : Returning Hive schema: Schema(fieldSchemas:null, properties:null)
[2025-03-21T13:41:59.916+0000] {subprocess.py:93} INFO - INFO  : Completed compiling command(queryId=root_20250321134158_f45a684f-02a4-45f7-a0bc-3ac0e833734d); Time taken: 0.101 seconds
[2025-03-21T13:41:59.918+0000] {subprocess.py:93} INFO - INFO  : Concurrency mode is disabled, not creating a lock manager
[2025-03-21T13:41:59.920+0000] {subprocess.py:93} INFO - INFO  : Executing command(queryId=root_20250321134158_f45a684f-02a4-45f7-a0bc-3ac0e833734d): CREATE EXTERNAL TABLE IF NOT EXISTS transactions (
[2025-03-21T13:41:59.925+0000] {subprocess.py:93} INFO -                 transaction_id STRING,
[2025-03-21T13:41:59.930+0000] {subprocess.py:93} INFO -                 date_time STRING,
[2025-03-21T13:41:59.934+0000] {subprocess.py:93} INFO -                 amount DOUBLE,
[2025-03-21T13:41:59.937+0000] {subprocess.py:93} INFO -                 currency STRING,
[2025-03-21T13:41:59.944+0000] {subprocess.py:93} INFO -                 merchant_details STRING,
[2025-03-21T13:41:59.955+0000] {subprocess.py:93} INFO -                 customer_id STRING,
[2025-03-21T13:41:59.956+0000] {subprocess.py:93} INFO -                 transaction_type STRING,
[2025-03-21T13:41:59.957+0000] {subprocess.py:93} INFO -                 location STRING
[2025-03-21T13:41:59.958+0000] {subprocess.py:93} INFO -             )
[2025-03-21T13:41:59.972+0000] {subprocess.py:93} INFO -             PARTITIONED BY (batch_id STRING)
[2025-03-21T13:41:59.974+0000] {subprocess.py:93} INFO -             STORED AS PARQUET
[2025-03-21T13:41:59.975+0000] {subprocess.py:93} INFO - INFO  : Completed executing command(queryId=root_20250321134158_f45a684f-02a4-45f7-a0bc-3ac0e833734d); Time taken: 0.0 seconds
[2025-03-21T13:41:59.980+0000] {subprocess.py:93} INFO - INFO  : OK
[2025-03-21T13:41:59.983+0000] {subprocess.py:93} INFO - INFO  : Concurrency mode is disabled, not creating a lock manager
[2025-03-21T13:42:00.069+0000] {subprocess.py:93} INFO - No rows affected (2.299 seconds)
[2025-03-21T13:42:01.951+0000] {subprocess.py:93} INFO - INFO  : Compiling command(queryId=root_20250321134200_c097dfa4-b803-487f-8ce8-fbc7bcb6fa3f): ALTER TABLE transactions ADD IF NOT EXISTS PARTITION (batch_id='batch_20250321_131625') LOCATION '/data/transactions/transactions_batch_20250321_131625'
[2025-03-21T13:42:01.954+0000] {subprocess.py:93} INFO - INFO  : Concurrency mode is disabled, not creating a lock manager
[2025-03-21T13:42:01.959+0000] {subprocess.py:93} INFO - INFO  : Semantic Analysis Completed (retrial = false)
[2025-03-21T13:42:01.961+0000] {subprocess.py:93} INFO - INFO  : Returning Hive schema: Schema(fieldSchemas:null, properties:null)
[2025-03-21T13:42:01.963+0000] {subprocess.py:93} INFO - INFO  : Completed compiling command(queryId=root_20250321134200_c097dfa4-b803-487f-8ce8-fbc7bcb6fa3f); Time taken: 0.174 seconds
[2025-03-21T13:42:01.966+0000] {subprocess.py:93} INFO - INFO  : Concurrency mode is disabled, not creating a lock manager
[2025-03-21T13:42:01.969+0000] {subprocess.py:93} INFO - INFO  : Executing command(queryId=root_20250321134200_c097dfa4-b803-487f-8ce8-fbc7bcb6fa3f): ALTER TABLE transactions ADD IF NOT EXISTS PARTITION (batch_id='batch_20250321_131625') LOCATION '/data/transactions/transactions_batch_20250321_131625'
[2025-03-21T13:42:01.971+0000] {subprocess.py:93} INFO - INFO  : Starting task [Stage-0:DDL] in serial mode
[2025-03-21T13:42:02.043+0000] {subprocess.py:93} INFO - INFO  : Completed executing command(queryId=root_20250321134200_c097dfa4-b803-487f-8ce8-fbc7bcb6fa3f); Time taken: 0.595 seconds
[2025-03-21T13:42:02.045+0000] {subprocess.py:93} INFO - INFO  : OK
[2025-03-21T13:42:02.047+0000] {subprocess.py:93} INFO - INFO  : Concurrency mode is disabled, not creating a lock manager
[2025-03-21T13:42:02.048+0000] {subprocess.py:93} INFO - No rows affected (1.657 seconds)
[2025-03-21T13:42:02.081+0000] {subprocess.py:93} INFO - Beeline version 3.1.3 by Apache Hive
[2025-03-21T13:42:02.171+0000] {subprocess.py:93} INFO - Closing: 0: jdbc:hive2://localhost:10000
[2025-03-21T13:42:02.857+0000] {subprocess.py:97} INFO - Command exited with return code 0
[2025-03-21T13:42:03.012+0000] {taskinstance.py:1398} INFO - Marking task as SUCCESS. dag_id=transactions_pipeline, task_id=create_hive_table_batch_20250321_131625, execution_date=20250321T133239, start_date=20250321T134105, end_date=20250321T134203
[2025-03-21T13:42:03.335+0000] {local_task_job_runner.py:228} INFO - Task exited with return code 0
[2025-03-21T13:42:03.769+0000] {taskinstance.py:2776} INFO - 1 downstream tasks scheduled from follow-on schedule check
