[2025-03-19T17:29:49.647+0000] {taskinstance.py:1157} INFO - Dependencies all met for dep_context=non-requeueable deps ti=<TaskInstance: transactions_pipeline.create_hive_table manual__2025-03-19T17:29:41.784889+00:00 [queued]>
[2025-03-19T17:29:49.659+0000] {taskinstance.py:1157} INFO - Dependencies all met for dep_context=requeueable deps ti=<TaskInstance: transactions_pipeline.create_hive_table manual__2025-03-19T17:29:41.784889+00:00 [queued]>
[2025-03-19T17:29:49.660+0000] {taskinstance.py:1359} INFO - Starting attempt 1 of 1
[2025-03-19T17:29:49.677+0000] {taskinstance.py:1380} INFO - Executing <Task(BashOperator): create_hive_table> on 2025-03-19 17:29:41.784889+00:00
[2025-03-19T17:29:49.683+0000] {standard_task_runner.py:57} INFO - Started process 875 to run task
[2025-03-19T17:29:49.687+0000] {standard_task_runner.py:84} INFO - Running: ['***', 'tasks', 'run', 'transactions_pipeline', 'create_hive_table', 'manual__2025-03-19T17:29:41.784889+00:00', '--job-id', '95', '--raw', '--subdir', 'DAGS_FOLDER/fraud_detection_pipeline.py', '--cfg-path', '/tmp/tmpg9af33cs']
[2025-03-19T17:29:49.690+0000] {standard_task_runner.py:85} INFO - Job 95: Subtask create_hive_table
[2025-03-19T17:29:49.761+0000] {task_command.py:415} INFO - Running <TaskInstance: transactions_pipeline.create_hive_table manual__2025-03-19T17:29:41.784889+00:00 [running]> on host 347688f31140
[2025-03-19T17:29:49.820+0000] {logging_mixin.py:151} WARNING - /home/***/.local/lib/python3.8/site-packages/***/utils/context.py:206 AirflowContextDeprecationWarning: Accessing 'execution_date' from the template is deprecated and will be removed in a future version. Please use 'data_interval_start' or 'logical_date' instead.
[2025-03-19T17:29:49.913+0000] {taskinstance.py:1660} INFO - Exporting env vars: AIRFLOW_CTX_DAG_OWNER='***' AIRFLOW_CTX_DAG_ID='transactions_pipeline' AIRFLOW_CTX_TASK_ID='create_hive_table' AIRFLOW_CTX_EXECUTION_DATE='2025-03-19T17:29:41.784889+00:00' AIRFLOW_CTX_TRY_NUMBER='1' AIRFLOW_CTX_DAG_RUN_ID='manual__2025-03-19T17:29:41.784889+00:00'
[2025-03-19T17:29:49.919+0000] {subprocess.py:63} INFO - Tmp dir root location: /tmp
[2025-03-19T17:29:49.923+0000] {subprocess.py:75} INFO - Running command: ['/bin/bash', '-c', '\n    docker exec hive beeline -u "jdbc:hive2://localhost:10000" --hiveconf hive.exec.dynamic.partition.mode=nonstrict -e "\n    CREATE EXTERNAL TABLE IF NOT EXISTS transactions (\n        transaction_id STRING,\n        date_time STRING,\n        amount DOUBLE,\n        currency STRING,\n        merchant_details STRING,\n        customer_id STRING,\n        transaction_type STRING,\n        location STRING\n    )\n    PARTITIONED BY (batch_id STRING)\n    STORED AS PARQUET\n    LOCATION \'/data/transactions/\';\n    ALTER TABLE transactions ADD IF NOT EXISTS PARTITION (batch_id=\'batch_20250319_172941\') LOCATION \'/data/transactions/transactions_batch_0\';"\n    ']
[2025-03-19T17:29:49.952+0000] {subprocess.py:86} INFO - Output:
[2025-03-19T17:29:51.490+0000] {subprocess.py:93} INFO - SLF4J: Class path contains multiple SLF4J bindings.
[2025-03-19T17:29:51.491+0000] {subprocess.py:93} INFO - SLF4J: Found binding in [jar:file:/opt/hive/lib/log4j-slf4j-impl-2.17.1.jar!/org/slf4j/impl/StaticLoggerBinder.class]
[2025-03-19T17:29:51.492+0000] {subprocess.py:93} INFO - SLF4J: Found binding in [jar:file:/opt/hadoop/share/hadoop/common/lib/slf4j-log4j12-1.7.25.jar!/org/slf4j/impl/StaticLoggerBinder.class]
[2025-03-19T17:29:51.493+0000] {subprocess.py:93} INFO - SLF4J: See http://www.slf4j.org/codes.html#multiple_bindings for an explanation.
[2025-03-19T17:29:51.679+0000] {subprocess.py:93} INFO - SLF4J: Actual binding is of type [org.apache.logging.slf4j.Log4jLoggerFactory]
[2025-03-19T17:29:53.051+0000] {subprocess.py:93} INFO - Connecting to jdbc:hive2://localhost:10000
[2025-03-19T17:29:53.289+0000] {subprocess.py:93} INFO - Connected to: Apache Hive (version 3.1.3)
[2025-03-19T17:29:53.290+0000] {subprocess.py:93} INFO - Driver: Hive JDBC (version 3.1.3)
[2025-03-19T17:29:53.291+0000] {subprocess.py:93} INFO - Transaction isolation: TRANSACTION_REPEATABLE_READ
[2025-03-19T17:29:53.412+0000] {subprocess.py:93} INFO - INFO  : Compiling command(queryId=root_20250319172953_08bdbb52-f2ab-45e4-bc60-b93a68b8e1a4): CREATE EXTERNAL TABLE IF NOT EXISTS transactions (
[2025-03-19T17:29:53.413+0000] {subprocess.py:93} INFO -         transaction_id STRING,
[2025-03-19T17:29:53.414+0000] {subprocess.py:93} INFO -         date_time STRING,
[2025-03-19T17:29:53.415+0000] {subprocess.py:93} INFO -         amount DOUBLE,
[2025-03-19T17:29:53.415+0000] {subprocess.py:93} INFO -         currency STRING,
[2025-03-19T17:29:53.416+0000] {subprocess.py:93} INFO -         merchant_details STRING,
[2025-03-19T17:29:53.417+0000] {subprocess.py:93} INFO -         customer_id STRING,
[2025-03-19T17:29:53.417+0000] {subprocess.py:93} INFO -         transaction_type STRING,
[2025-03-19T17:29:53.418+0000] {subprocess.py:93} INFO -         location STRING
[2025-03-19T17:29:53.419+0000] {subprocess.py:93} INFO -     )
[2025-03-19T17:29:53.419+0000] {subprocess.py:93} INFO -     PARTITIONED BY (batch_id STRING)
[2025-03-19T17:29:53.420+0000] {subprocess.py:93} INFO -     STORED AS PARQUET
[2025-03-19T17:29:53.421+0000] {subprocess.py:93} INFO -     LOCATION '/data/transactions/'
[2025-03-19T17:29:53.421+0000] {subprocess.py:93} INFO - INFO  : Concurrency mode is disabled, not creating a lock manager
[2025-03-19T17:29:53.422+0000] {subprocess.py:93} INFO - INFO  : Semantic Analysis Completed (retrial = false)
[2025-03-19T17:29:53.423+0000] {subprocess.py:93} INFO - INFO  : Returning Hive schema: Schema(fieldSchemas:null, properties:null)
[2025-03-19T17:29:53.424+0000] {subprocess.py:93} INFO - INFO  : Completed compiling command(queryId=root_20250319172953_08bdbb52-f2ab-45e4-bc60-b93a68b8e1a4); Time taken: 0.035 seconds
[2025-03-19T17:29:53.424+0000] {subprocess.py:93} INFO - INFO  : Concurrency mode is disabled, not creating a lock manager
[2025-03-19T17:29:53.425+0000] {subprocess.py:93} INFO - INFO  : Executing command(queryId=root_20250319172953_08bdbb52-f2ab-45e4-bc60-b93a68b8e1a4): CREATE EXTERNAL TABLE IF NOT EXISTS transactions (
[2025-03-19T17:29:53.427+0000] {subprocess.py:93} INFO -         transaction_id STRING,
[2025-03-19T17:29:53.428+0000] {subprocess.py:93} INFO -         date_time STRING,
[2025-03-19T17:29:53.429+0000] {subprocess.py:93} INFO -         amount DOUBLE,
[2025-03-19T17:29:53.430+0000] {subprocess.py:93} INFO -         currency STRING,
[2025-03-19T17:29:53.431+0000] {subprocess.py:93} INFO -         merchant_details STRING,
[2025-03-19T17:29:53.431+0000] {subprocess.py:93} INFO -         customer_id STRING,
[2025-03-19T17:29:53.432+0000] {subprocess.py:93} INFO -         transaction_type STRING,
[2025-03-19T17:29:53.433+0000] {subprocess.py:93} INFO -         location STRING
[2025-03-19T17:29:53.433+0000] {subprocess.py:93} INFO -     )
[2025-03-19T17:29:53.434+0000] {subprocess.py:93} INFO -     PARTITIONED BY (batch_id STRING)
[2025-03-19T17:29:53.434+0000] {subprocess.py:93} INFO -     STORED AS PARQUET
[2025-03-19T17:29:53.435+0000] {subprocess.py:93} INFO -     LOCATION '/data/transactions/'
[2025-03-19T17:29:53.436+0000] {subprocess.py:93} INFO - INFO  : Completed executing command(queryId=root_20250319172953_08bdbb52-f2ab-45e4-bc60-b93a68b8e1a4); Time taken: 0.002 seconds
[2025-03-19T17:29:53.436+0000] {subprocess.py:93} INFO - INFO  : OK
[2025-03-19T17:29:53.437+0000] {subprocess.py:93} INFO - INFO  : Concurrency mode is disabled, not creating a lock manager
[2025-03-19T17:29:53.437+0000] {subprocess.py:93} INFO - No rows affected (0.106 seconds)
[2025-03-19T17:29:53.541+0000] {subprocess.py:93} INFO - INFO  : Compiling command(queryId=root_20250319172953_6f44b0ff-dc45-4b3e-baa3-198bd8563bef): ALTER TABLE transactions ADD IF NOT EXISTS PARTITION (batch_id='batch_20250319_172941') LOCATION '/data/transactions/transactions_batch_0'
[2025-03-19T17:29:53.542+0000] {subprocess.py:93} INFO - INFO  : Concurrency mode is disabled, not creating a lock manager
[2025-03-19T17:29:53.543+0000] {subprocess.py:93} INFO - INFO  : Semantic Analysis Completed (retrial = false)
[2025-03-19T17:29:53.543+0000] {subprocess.py:93} INFO - INFO  : Returning Hive schema: Schema(fieldSchemas:null, properties:null)
[2025-03-19T17:29:53.544+0000] {subprocess.py:93} INFO - INFO  : Completed compiling command(queryId=root_20250319172953_6f44b0ff-dc45-4b3e-baa3-198bd8563bef); Time taken: 0.021 seconds
[2025-03-19T17:29:53.545+0000] {subprocess.py:93} INFO - INFO  : Concurrency mode is disabled, not creating a lock manager
[2025-03-19T17:29:53.545+0000] {subprocess.py:93} INFO - INFO  : Executing command(queryId=root_20250319172953_6f44b0ff-dc45-4b3e-baa3-198bd8563bef): ALTER TABLE transactions ADD IF NOT EXISTS PARTITION (batch_id='batch_20250319_172941') LOCATION '/data/transactions/transactions_batch_0'
[2025-03-19T17:29:53.546+0000] {subprocess.py:93} INFO - INFO  : Starting task [Stage-0:DDL] in serial mode
[2025-03-19T17:29:53.546+0000] {subprocess.py:93} INFO - INFO  : Completed executing command(queryId=root_20250319172953_6f44b0ff-dc45-4b3e-baa3-198bd8563bef); Time taken: 0.076 seconds
[2025-03-19T17:29:53.547+0000] {subprocess.py:93} INFO - INFO  : OK
[2025-03-19T17:29:53.547+0000] {subprocess.py:93} INFO - INFO  : Concurrency mode is disabled, not creating a lock manager
[2025-03-19T17:29:53.548+0000] {subprocess.py:93} INFO - No rows affected (0.116 seconds)
[2025-03-19T17:29:53.549+0000] {subprocess.py:93} INFO - Beeline version 3.1.3 by Apache Hive
[2025-03-19T17:29:53.556+0000] {subprocess.py:93} INFO - Closing: 0: jdbc:hive2://localhost:10000
[2025-03-19T17:29:53.600+0000] {subprocess.py:97} INFO - Command exited with return code 0
[2025-03-19T17:29:53.631+0000] {taskinstance.py:1398} INFO - Marking task as SUCCESS. dag_id=transactions_pipeline, task_id=create_hive_table, execution_date=20250319T172941, start_date=20250319T172949, end_date=20250319T172953
[2025-03-19T17:29:53.686+0000] {local_task_job_runner.py:228} INFO - Task exited with return code 0
[2025-03-19T17:29:53.718+0000] {taskinstance.py:2776} INFO - 1 downstream tasks scheduled from follow-on schedule check
